[2022-03-22 06:00:04,002] {taskinstance.py:851} INFO - Dependencies all met for <TaskInstance: matchup.run_script 2022-03-22T00:00:00+00:00 [queued]>
[2022-03-22 06:00:04,007] {taskinstance.py:851} INFO - Dependencies all met for <TaskInstance: matchup.run_script 2022-03-22T00:00:00+00:00 [queued]>
[2022-03-22 06:00:04,007] {taskinstance.py:1042} INFO - 
--------------------------------------------------------------------------------
[2022-03-22 06:00:04,007] {taskinstance.py:1043} INFO - Starting attempt 1 of 6
[2022-03-22 06:00:04,007] {taskinstance.py:1044} INFO - 
--------------------------------------------------------------------------------
[2022-03-22 06:00:04,014] {taskinstance.py:1063} INFO - Executing <Task(BashOperator): run_script> on 2022-03-22T00:00:00+00:00
[2022-03-22 06:00:04,019] {standard_task_runner.py:52} INFO - Started process 450658 to run task
[2022-03-22 06:00:04,026] {standard_task_runner.py:76} INFO - Running: ['airflow', 'tasks', 'run', 'matchup', 'run_script', '2022-03-22T00:00:00+00:00', '--job-id', '423', '--pool', 'default_pool', '--raw', '--subdir', 'DAGS_FOLDER/matchup.py', '--cfg-path', '/tmp/tmpdfz6fp_9', '--error-file', '/tmp/tmpmapvz2n0']
[2022-03-22 06:00:04,027] {standard_task_runner.py:77} INFO - Job 423: Subtask run_script
[2022-03-22 06:00:04,061] {logging_mixin.py:104} INFO - Running <TaskInstance: matchup.run_script 2022-03-22T00:00:00+00:00 [running]> on host 531edfb863fc
[2022-03-22 06:00:04,090] {taskinstance.py:1255} INFO - Exporting the following env vars:
AIRFLOW_CTX_DAG_EMAIL=r.chesne@gmail.com
AIRFLOW_CTX_DAG_OWNER=Robin
AIRFLOW_CTX_DAG_ID=matchup
AIRFLOW_CTX_TASK_ID=run_script
AIRFLOW_CTX_EXECUTION_DATE=2022-03-22T00:00:00+00:00
AIRFLOW_CTX_DAG_RUN_ID=scheduled__2022-03-22T00:00:00+00:00
[2022-03-22 06:00:04,091] {bash.py:135} INFO - Tmp dir root location: 
 /tmp
[2022-03-22 06:00:04,091] {bash.py:158} INFO - Running command: python /app/scripts/main.py
[2022-03-22 06:00:04,101] {bash.py:169} INFO - Output:
[2022-03-22 06:00:08,137] {bash.py:173} INFO - Italy
[2022-03-22 06:00:08,137] {bash.py:173} INFO - 25132
[2022-03-22 06:00:08,137] {bash.py:173} INFO - Spain
[2022-03-22 06:00:08,137] {bash.py:173} INFO - 21412
[2022-03-22 06:00:08,137] {bash.py:173} INFO - Italy: CO2 425, mix [('gas', 12378, '49'), ('coal', 3944, '16'), ('wind', 2135, '8')]
[2022-03-22 06:00:08,137] {bash.py:173} INFO - Spain: CO2 168, mix [('wind', 8956, '42'), ('nuclear', 4805, '22'), ('gas', 4687, '22')]
[2022-03-22 06:00:08,138] {bash.py:173} INFO - Finland
[2022-03-22 06:00:08,138] {bash.py:173} INFO - 9413
[2022-03-22 06:00:08,138] {bash.py:173} INFO - Denmark
[2022-03-22 06:00:08,138] {bash.py:173} INFO - 4141
[2022-03-22 06:00:08,138] {bash.py:173} INFO - Finland: CO2 158, mix [('nuclear', 3421, '36'), ('hydro', 2625, '28'), ('coal', 972, '10')]
[2022-03-22 06:00:08,138] {bash.py:173} INFO - Denmark: CO2 238, mix [('hydro', 1412, '34'), ('coal', 794, '19'), ('biomass', 734, '18')]
[2022-03-22 06:00:08,138] {bash.py:173} INFO - France
[2022-03-22 06:00:08,138] {bash.py:173} INFO - 50914
[2022-03-22 06:00:08,138] {bash.py:173} INFO - Germany
[2022-03-22 06:00:08,138] {bash.py:173} INFO - 48738
[2022-03-22 06:00:08,138] {bash.py:173} INFO - France: CO2 89, mix [('nuclear', 33734, '66'), ('gas', 6368, '13'), ('wind', 4612, '9')]
[2022-03-22 06:00:08,138] {bash.py:173} INFO - Germany: CO2 489, mix [('coal', 21873, '45'), ('gas', 8088, '17'), ('wind', 6274, '13')]
[2022-03-22 06:00:08,174] {bash.py:177} INFO - Command exited with return code 0
[2022-03-22 06:00:08,192] {taskinstance.py:1159} INFO - Marking task as SUCCESS. dag_id=matchup, task_id=run_script, execution_date=20220322T000000, start_date=20220322T060004, end_date=20220322T060008
[2022-03-22 06:00:08,206] {taskinstance.py:1220} INFO - 0 downstream tasks scheduled from follow-on schedule check
[2022-03-22 06:00:08,213] {local_task_job.py:146} INFO - Task exited with return code 0
