[2022-03-30 06:01:05,907] {taskinstance.py:851} INFO - Dependencies all met for <TaskInstance: matchup.run_script 2022-03-30T00:00:00+00:00 [queued]>
[2022-03-30 06:01:05,911] {taskinstance.py:851} INFO - Dependencies all met for <TaskInstance: matchup.run_script 2022-03-30T00:00:00+00:00 [queued]>
[2022-03-30 06:01:05,911] {taskinstance.py:1042} INFO - 
--------------------------------------------------------------------------------
[2022-03-30 06:01:05,911] {taskinstance.py:1043} INFO - Starting attempt 2 of 6
[2022-03-30 06:01:05,911] {taskinstance.py:1044} INFO - 
--------------------------------------------------------------------------------
[2022-03-30 06:01:05,918] {taskinstance.py:1063} INFO - Executing <Task(BashOperator): run_script> on 2022-03-30T00:00:00+00:00
[2022-03-30 06:01:05,921] {standard_task_runner.py:52} INFO - Started process 564790 to run task
[2022-03-30 06:01:05,927] {standard_task_runner.py:76} INFO - Running: ['airflow', 'tasks', 'run', 'matchup', 'run_script', '2022-03-30T00:00:00+00:00', '--job-id', '563', '--pool', 'default_pool', '--raw', '--subdir', 'DAGS_FOLDER/matchup.py', '--cfg-path', '/tmp/tmpm9mbaha2', '--error-file', '/tmp/tmpcwltyzmv']
[2022-03-30 06:01:05,927] {standard_task_runner.py:77} INFO - Job 563: Subtask run_script
[2022-03-30 06:01:05,951] {logging_mixin.py:104} INFO - Running <TaskInstance: matchup.run_script 2022-03-30T00:00:00+00:00 [running]> on host 531edfb863fc
[2022-03-30 06:01:05,971] {taskinstance.py:1255} INFO - Exporting the following env vars:
AIRFLOW_CTX_DAG_EMAIL=r.chesne@gmail.com
AIRFLOW_CTX_DAG_OWNER=Robin
AIRFLOW_CTX_DAG_ID=matchup
AIRFLOW_CTX_TASK_ID=run_script
AIRFLOW_CTX_EXECUTION_DATE=2022-03-30T00:00:00+00:00
AIRFLOW_CTX_DAG_RUN_ID=scheduled__2022-03-30T00:00:00+00:00
[2022-03-30 06:01:05,971] {bash.py:135} INFO - Tmp dir root location: 
 /tmp
[2022-03-30 06:01:05,972] {bash.py:158} INFO - Running command: python /app/scripts/main.py
[2022-03-30 06:01:05,980] {bash.py:169} INFO - Output:
[2022-03-30 06:01:09,604] {bash.py:173} INFO - Spain
[2022-03-30 06:01:09,604] {bash.py:173} INFO - 21872
[2022-03-30 06:01:09,604] {bash.py:173} INFO - Portugal
[2022-03-30 06:01:09,604] {bash.py:173} INFO - 6235
[2022-03-30 06:01:09,604] {bash.py:173} INFO - Spain: CO2 218, mix [('gas', 7754, '35'), ('nuclear', 5656, '26'), ('wind', 5072, '23')]
[2022-03-30 06:01:09,604] {bash.py:173} INFO - Portugal: CO2 181, mix [('wind', 2549, '41'), ('gas', 1955, '31'), ('hydro', 1142, '18')]
[2022-03-30 06:01:09,604] {bash.py:173} INFO - Denmark
[2022-03-30 06:01:09,605] {bash.py:173} INFO - 3752
[2022-03-30 06:01:09,605] {bash.py:173} INFO - Norway
[2022-03-30 06:01:09,605] {bash.py:173} INFO - 16919
[2022-03-30 06:01:09,605] {bash.py:173} INFO - Denmark: CO2 259, mix [('coal', 822, '22'), ('wind', 822, '22'), ('hydro', 820, '22')]
[2022-03-30 06:01:09,605] {bash.py:173} INFO - Norway: CO2 29, mix [('hydro', 15078, '89'), ('wind', 1047, '6'), ('hydro discharge', 333, '2')]
[2022-03-30 06:01:09,605] {bash.py:173} INFO - UK
[2022-03-30 06:01:09,605] {bash.py:173} INFO - 24256
[2022-03-30 06:01:09,605] {bash.py:173} INFO - Germany
[2022-03-30 06:01:09,605] {bash.py:173} INFO - 54235
[2022-03-30 06:01:09,605] {bash.py:173} INFO - UK: CO2 286, mix [('gas', 11835, '49'), ('nuclear', 5370, '22'), ('wind', 3452, '14')]
[2022-03-30 06:01:09,605] {bash.py:173} INFO - Germany: CO2 517, mix [('coal', 25147, '46'), ('gas', 10528, '19'), ('biomass', 5312, '10')]
[2022-03-30 06:01:09,638] {bash.py:177} INFO - Command exited with return code 0
[2022-03-30 06:01:09,653] {taskinstance.py:1159} INFO - Marking task as SUCCESS. dag_id=matchup, task_id=run_script, execution_date=20220330T000000, start_date=20220330T060105, end_date=20220330T060109
[2022-03-30 06:01:09,667] {taskinstance.py:1220} INFO - 0 downstream tasks scheduled from follow-on schedule check
[2022-03-30 06:01:09,708] {local_task_job.py:146} INFO - Task exited with return code 0
