[2022-03-28 06:00:03,806] {taskinstance.py:851} INFO - Dependencies all met for <TaskInstance: matchup.run_script 2022-03-28T00:00:00+00:00 [queued]>
[2022-03-28 06:00:03,811] {taskinstance.py:851} INFO - Dependencies all met for <TaskInstance: matchup.run_script 2022-03-28T00:00:00+00:00 [queued]>
[2022-03-28 06:00:03,811] {taskinstance.py:1042} INFO - 
--------------------------------------------------------------------------------
[2022-03-28 06:00:03,811] {taskinstance.py:1043} INFO - Starting attempt 1 of 6
[2022-03-28 06:00:03,811] {taskinstance.py:1044} INFO - 
--------------------------------------------------------------------------------
[2022-03-28 06:00:03,818] {taskinstance.py:1063} INFO - Executing <Task(BashOperator): run_script> on 2022-03-28T00:00:00+00:00
[2022-03-28 06:00:03,822] {standard_task_runner.py:52} INFO - Started process 536224 to run task
[2022-03-28 06:00:03,826] {standard_task_runner.py:76} INFO - Running: ['airflow', 'tasks', 'run', 'matchup', 'run_script', '2022-03-28T00:00:00+00:00', '--job-id', '530', '--pool', 'default_pool', '--raw', '--subdir', 'DAGS_FOLDER/matchup.py', '--cfg-path', '/tmp/tmp8yor0d15', '--error-file', '/tmp/tmp10jqvjtr']
[2022-03-28 06:00:03,826] {standard_task_runner.py:77} INFO - Job 530: Subtask run_script
[2022-03-28 06:00:03,852] {logging_mixin.py:104} INFO - Running <TaskInstance: matchup.run_script 2022-03-28T00:00:00+00:00 [running]> on host 531edfb863fc
[2022-03-28 06:00:03,872] {taskinstance.py:1255} INFO - Exporting the following env vars:
AIRFLOW_CTX_DAG_EMAIL=r.chesne@gmail.com
AIRFLOW_CTX_DAG_OWNER=Robin
AIRFLOW_CTX_DAG_ID=matchup
AIRFLOW_CTX_TASK_ID=run_script
AIRFLOW_CTX_EXECUTION_DATE=2022-03-28T00:00:00+00:00
AIRFLOW_CTX_DAG_RUN_ID=scheduled__2022-03-28T00:00:00+00:00
[2022-03-28 06:00:03,872] {bash.py:135} INFO - Tmp dir root location: 
 /tmp
[2022-03-28 06:00:03,873] {bash.py:158} INFO - Running command: python /app/scripts/main.py
[2022-03-28 06:00:03,879] {bash.py:169} INFO - Output:
[2022-03-28 06:00:07,513] {bash.py:173} INFO - Portugal
[2022-03-28 06:00:07,513] {bash.py:173} INFO - 4261
[2022-03-28 06:00:07,513] {bash.py:173} INFO - Spain
[2022-03-28 06:00:07,513] {bash.py:173} INFO - 20449
[2022-03-28 06:00:07,513] {bash.py:173} INFO - Portugal: CO2 176, mix [('wind', 2328, '55'), ('gas', 1223, '29'), ('biomass', 338, '8')]
[2022-03-28 06:00:07,513] {bash.py:173} INFO - Spain: CO2 194, mix [('wind', 6482, '32'), ('gas', 6168, '30'), ('nuclear', 5119, '25')]
[2022-03-28 06:00:07,513] {bash.py:173} INFO - Finland
[2022-03-28 06:00:07,513] {bash.py:173} INFO - 9664
[2022-03-28 06:00:07,513] {bash.py:173} INFO - Norway
[2022-03-28 06:00:07,513] {bash.py:173} INFO - 14714
[2022-03-28 06:00:07,513] {bash.py:173} INFO - Finland: CO2 117, mix [('nuclear', 3618, '37'), ('wind', 3045, '32'), ('hydro', 1045, '11')]
[2022-03-28 06:00:07,514] {bash.py:173} INFO - Norway: CO2 27, mix [('hydro', 11251, '76'), ('wind', 2682, '18'), ('nuclear', 334, '2')]
[2022-03-28 06:00:07,514] {bash.py:173} INFO - UK
[2022-03-28 06:00:07,514] {bash.py:173} INFO - 23548
[2022-03-28 06:00:07,514] {bash.py:173} INFO - France
[2022-03-28 06:00:07,514] {bash.py:173} INFO - 43225
[2022-03-28 06:00:07,514] {bash.py:173} INFO - UK: CO2 345, mix [('gas', 15160, '64'), ('nuclear', 5220, '22'), ('biomass', 1637, '7')]
[2022-03-28 06:00:07,514] {bash.py:173} INFO - France: CO2 110, mix [('nuclear', 28820, '67'), ('gas', 6680, '15'), ('hydro', 3005, '7')]
[2022-03-28 06:00:07,548] {bash.py:177} INFO - Command exited with return code 0
[2022-03-28 06:00:07,564] {taskinstance.py:1159} INFO - Marking task as SUCCESS. dag_id=matchup, task_id=run_script, execution_date=20220328T000000, start_date=20220328T060003, end_date=20220328T060007
[2022-03-28 06:00:07,577] {taskinstance.py:1220} INFO - 0 downstream tasks scheduled from follow-on schedule check
[2022-03-28 06:00:07,615] {local_task_job.py:146} INFO - Task exited with return code 0
