[2022-04-20 12:00:03,739] {taskinstance.py:851} INFO - Dependencies all met for <TaskInstance: matchup.run_script 2022-04-20T06:00:00+00:00 [queued]>
[2022-04-20 12:00:03,744] {taskinstance.py:851} INFO - Dependencies all met for <TaskInstance: matchup.run_script 2022-04-20T06:00:00+00:00 [queued]>
[2022-04-20 12:00:03,745] {taskinstance.py:1042} INFO - 
--------------------------------------------------------------------------------
[2022-04-20 12:00:03,745] {taskinstance.py:1043} INFO - Starting attempt 1 of 6
[2022-04-20 12:00:03,745] {taskinstance.py:1044} INFO - 
--------------------------------------------------------------------------------
[2022-04-20 12:00:03,754] {taskinstance.py:1063} INFO - Executing <Task(BashOperator): run_script> on 2022-04-20T06:00:00+00:00
[2022-04-20 12:00:03,757] {standard_task_runner.py:52} INFO - Started process 242659 to run task
[2022-04-20 12:00:03,761] {standard_task_runner.py:76} INFO - Running: ['airflow', 'tasks', 'run', 'matchup', 'run_script', '2022-04-20T06:00:00+00:00', '--job-id', '224', '--pool', 'default_pool', '--raw', '--subdir', 'DAGS_FOLDER/matchup.py', '--cfg-path', '/tmp/tmpwyl1jhbc', '--error-file', '/tmp/tmp_2urm6oc']
[2022-04-20 12:00:03,762] {standard_task_runner.py:77} INFO - Job 224: Subtask run_script
[2022-04-20 12:00:03,792] {logging_mixin.py:104} INFO - Running <TaskInstance: matchup.run_script 2022-04-20T06:00:00+00:00 [running]> on host 193e33218975
[2022-04-20 12:00:03,821] {taskinstance.py:1255} INFO - Exporting the following env vars:
AIRFLOW_CTX_DAG_EMAIL=r.chesne@gmail.com
AIRFLOW_CTX_DAG_OWNER=Robin
AIRFLOW_CTX_DAG_ID=matchup
AIRFLOW_CTX_TASK_ID=run_script
AIRFLOW_CTX_EXECUTION_DATE=2022-04-20T06:00:00+00:00
AIRFLOW_CTX_DAG_RUN_ID=scheduled__2022-04-20T06:00:00+00:00
[2022-04-20 12:00:03,821] {bash.py:135} INFO - Tmp dir root location: 
 /tmp
[2022-04-20 12:00:03,822] {bash.py:158} INFO - Running command: python /app/scripts/main.py
[2022-04-20 12:00:03,830] {bash.py:169} INFO - Output:
[2022-04-20 12:00:08,905] {bash.py:173} INFO - Italy
[2022-04-20 12:00:08,905] {bash.py:173} INFO - 35491
[2022-04-20 12:00:08,907] {bash.py:173} INFO - Spain
[2022-04-20 12:00:08,907] {bash.py:173} INFO - 34614
[2022-04-20 12:00:08,907] {bash.py:173} INFO - Italy: CO2 341, mix [('gas', 17259, '49'), ('solar', 8199, '23'), ('wind', 3116, '9')]
[2022-04-20 12:00:08,907] {bash.py:173} INFO - Spain: CO2 136, mix [('wind', 9294, '27'), ('solar', 9102, '26'), ('nuclear', 5909, '17')]
[2022-04-20 12:00:08,907] {bash.py:173} INFO - Norway
[2022-04-20 12:00:08,907] {bash.py:173} INFO - 15846
[2022-04-20 12:00:08,907] {bash.py:173} INFO - Denmark
[2022-04-20 12:00:08,908] {bash.py:173} INFO - 6646
[2022-04-20 12:00:08,908] {bash.py:173} INFO - Norway: CO2 38, mix [('hydro', 13720, '87'), ('wind', 1390, '9'), ('gas', 279, '2')]
[2022-04-20 12:00:08,908] {bash.py:173} INFO - Denmark: CO2 133, mix [('wind', 3860, '58'), ('solar', 835, '13'), ('biomass', 671, '10')]
[2022-04-20 12:00:08,908] {bash.py:173} INFO - Germany
[2022-04-20 12:00:08,908] {bash.py:173} INFO - 73834
[2022-04-20 12:00:08,908] {bash.py:173} INFO - UK
[2022-04-20 12:00:08,908] {bash.py:173} INFO - 34120
[2022-04-20 12:00:08,908] {bash.py:173} INFO - Germany: CO2 224, mix [('wind', 32203, '44'), ('coal', 14414, '20'), ('solar', 12066, '16')]
[2022-04-20 12:00:08,908] {bash.py:173} INFO - UK: CO2 192, mix [('wind', 11276, '33'), ('gas', 10132, '30'), ('nuclear', 5357, '16')]
[2022-04-20 12:00:08,945] {bash.py:177} INFO - Command exited with return code 0
[2022-04-20 12:00:08,967] {taskinstance.py:1159} INFO - Marking task as SUCCESS. dag_id=matchup, task_id=run_script, execution_date=20220420T060000, start_date=20220420T120003, end_date=20220420T120008
[2022-04-20 12:00:08,978] {taskinstance.py:1220} INFO - 0 downstream tasks scheduled from follow-on schedule check
[2022-04-20 12:00:08,986] {local_task_job.py:146} INFO - Task exited with return code 0
