[2022-03-29 00:02:07,668] {taskinstance.py:851} INFO - Dependencies all met for <TaskInstance: matchup.run_script 2022-03-28T18:00:00+00:00 [queued]>
[2022-03-29 00:02:07,674] {taskinstance.py:851} INFO - Dependencies all met for <TaskInstance: matchup.run_script 2022-03-28T18:00:00+00:00 [queued]>
[2022-03-29 00:02:07,674] {taskinstance.py:1042} INFO - 
--------------------------------------------------------------------------------
[2022-03-29 00:02:07,674] {taskinstance.py:1043} INFO - Starting attempt 3 of 6
[2022-03-29 00:02:07,674] {taskinstance.py:1044} INFO - 
--------------------------------------------------------------------------------
[2022-03-29 00:02:07,680] {taskinstance.py:1063} INFO - Executing <Task(BashOperator): run_script> on 2022-03-28T18:00:00+00:00
[2022-03-29 00:02:07,683] {standard_task_runner.py:52} INFO - Started process 546924 to run task
[2022-03-29 00:02:07,689] {standard_task_runner.py:76} INFO - Running: ['airflow', 'tasks', 'run', 'matchup', 'run_script', '2022-03-28T18:00:00+00:00', '--job-id', '538', '--pool', 'default_pool', '--raw', '--subdir', 'DAGS_FOLDER/matchup.py', '--cfg-path', '/tmp/tmpnyglrve5', '--error-file', '/tmp/tmp4unkpfea']
[2022-03-29 00:02:07,689] {standard_task_runner.py:77} INFO - Job 538: Subtask run_script
[2022-03-29 00:02:07,716] {logging_mixin.py:104} INFO - Running <TaskInstance: matchup.run_script 2022-03-28T18:00:00+00:00 [running]> on host 531edfb863fc
[2022-03-29 00:02:07,731] {taskinstance.py:1255} INFO - Exporting the following env vars:
AIRFLOW_CTX_DAG_EMAIL=r.chesne@gmail.com
AIRFLOW_CTX_DAG_OWNER=Robin
AIRFLOW_CTX_DAG_ID=matchup
AIRFLOW_CTX_TASK_ID=run_script
AIRFLOW_CTX_EXECUTION_DATE=2022-03-28T18:00:00+00:00
AIRFLOW_CTX_DAG_RUN_ID=scheduled__2022-03-28T18:00:00+00:00
[2022-03-29 00:02:07,732] {bash.py:135} INFO - Tmp dir root location: 
 /tmp
[2022-03-29 00:02:07,732] {bash.py:158} INFO - Running command: python /app/scripts/main.py
[2022-03-29 00:02:07,738] {bash.py:169} INFO - Output:
[2022-03-29 00:02:11,711] {bash.py:173} INFO - Italy
[2022-03-29 00:02:11,712] {bash.py:173} INFO - 29886
[2022-03-29 00:02:11,712] {bash.py:173} INFO - Spain
[2022-03-29 00:02:11,712] {bash.py:173} INFO - 25764
[2022-03-29 00:02:11,712] {bash.py:173} INFO - Italy: CO2 473, mix [('gas', 19159, '64'), ('coal', 3495, '12'), ('unknown', 2762, '9')]
[2022-03-29 00:02:11,712] {bash.py:173} INFO - Spain: CO2 236, mix [('gas', 10392, '40'), ('nuclear', 5759, '22'), ('wind', 5099, '20')]
[2022-03-29 00:02:11,712] {bash.py:173} INFO - Denmark
[2022-03-29 00:02:11,712] {bash.py:173} INFO - 3651
[2022-03-29 00:02:11,712] {bash.py:173} INFO - Finland
[2022-03-29 00:02:11,712] {bash.py:173} INFO - 9004
[2022-03-29 00:02:11,712] {bash.py:173} INFO - Denmark: CO2 117, mix [('wind', 2102, '58'), ('biomass', 385, '11'), ('hydro', 365, '10')]
[2022-03-29 00:02:11,712] {bash.py:173} INFO - Finland: CO2 175, mix [('nuclear', 3376, '37'), ('wind', 1923, '21'), ('unknown', 1051, '12')]
[2022-03-29 00:02:11,713] {bash.py:173} INFO - France
[2022-03-29 00:02:11,713] {bash.py:173} INFO - 43065
[2022-03-29 00:02:11,713] {bash.py:173} INFO - UK
[2022-03-29 00:02:11,713] {bash.py:173} INFO - 29486
[2022-03-29 00:02:11,713] {bash.py:173} INFO - France: CO2 98, mix [('nuclear', 29572, '69'), ('gas', 5989, '14'), ('hydro', 2946, '7')]
[2022-03-29 00:02:11,713] {bash.py:173} INFO - UK: CO2 364, mix [('gas', 19327, '66'), ('nuclear', 5427, '18'), ('biomass', 2112, '7')]
[2022-03-29 00:02:11,747] {bash.py:177} INFO - Command exited with return code 0
[2022-03-29 00:02:11,766] {taskinstance.py:1159} INFO - Marking task as SUCCESS. dag_id=matchup, task_id=run_script, execution_date=20220328T180000, start_date=20220329T000207, end_date=20220329T000211
[2022-03-29 00:02:11,779] {taskinstance.py:1220} INFO - 0 downstream tasks scheduled from follow-on schedule check
[2022-03-29 00:02:11,791] {local_task_job.py:146} INFO - Task exited with return code 0
