[2022-03-09 00:00:05,028] {taskinstance.py:851} INFO - Dependencies all met for <TaskInstance: matchup.run_script 2022-03-08T18:00:00+00:00 [queued]>
[2022-03-09 00:00:05,039] {taskinstance.py:851} INFO - Dependencies all met for <TaskInstance: matchup.run_script 2022-03-08T18:00:00+00:00 [queued]>
[2022-03-09 00:00:05,039] {taskinstance.py:1042} INFO - 
--------------------------------------------------------------------------------
[2022-03-09 00:00:05,039] {taskinstance.py:1043} INFO - Starting attempt 1 of 6
[2022-03-09 00:00:05,040] {taskinstance.py:1044} INFO - 
--------------------------------------------------------------------------------
[2022-03-09 00:00:05,055] {taskinstance.py:1063} INFO - Executing <Task(BashOperator): run_script> on 2022-03-08T18:00:00+00:00
[2022-03-09 00:00:05,059] {standard_task_runner.py:52} INFO - Started process 262182 to run task
[2022-03-09 00:00:05,064] {standard_task_runner.py:76} INFO - Running: ['airflow', 'tasks', 'run', 'matchup', 'run_script', '2022-03-08T18:00:00+00:00', '--job-id', '227', '--pool', 'default_pool', '--raw', '--subdir', 'DAGS_FOLDER/matchup.py', '--cfg-path', '/tmp/tmpirpwr7cl', '--error-file', '/tmp/tmpkiyphk9r']
[2022-03-09 00:00:05,065] {standard_task_runner.py:77} INFO - Job 227: Subtask run_script
[2022-03-09 00:00:05,106] {logging_mixin.py:104} INFO - Running <TaskInstance: matchup.run_script 2022-03-08T18:00:00+00:00 [running]> on host 531edfb863fc
[2022-03-09 00:00:05,145] {taskinstance.py:1255} INFO - Exporting the following env vars:
AIRFLOW_CTX_DAG_EMAIL=r.chesne@gmail.com
AIRFLOW_CTX_DAG_OWNER=Robin
AIRFLOW_CTX_DAG_ID=matchup
AIRFLOW_CTX_TASK_ID=run_script
AIRFLOW_CTX_EXECUTION_DATE=2022-03-08T18:00:00+00:00
AIRFLOW_CTX_DAG_RUN_ID=scheduled__2022-03-08T18:00:00+00:00
[2022-03-09 00:00:05,145] {bash.py:135} INFO - Tmp dir root location: 
 /tmp
[2022-03-09 00:00:05,146] {bash.py:158} INFO - Running command: python /app/scripts/main.py
[2022-03-09 00:00:05,158] {bash.py:169} INFO - Output:
[2022-03-09 00:00:11,211] {bash.py:173} INFO - Italy
[2022-03-09 00:00:11,211] {bash.py:173} INFO - 34968
[2022-03-09 00:00:11,212] {bash.py:173} INFO - Portugal
[2022-03-09 00:00:11,212] {bash.py:173} INFO - 6199
[2022-03-09 00:00:11,212] {bash.py:173} INFO - Italy: CO2 409, mix [('gas', 17535, '50'), ('wind', 4446, '13'), ('coal', 3571, '10')]
[2022-03-09 00:00:11,212] {bash.py:173} INFO - Portugal: CO2 268, mix [('gas', 2935, '47'), ('wind', 1521, '25'), ('hydro', 963, '16')]
[2022-03-09 00:00:11,212] {bash.py:173} INFO - Sweden
[2022-03-09 00:00:11,212] {bash.py:173} INFO - 17215
[2022-03-09 00:00:11,212] {bash.py:173} INFO - Norway
[2022-03-09 00:00:11,212] {bash.py:173} INFO - 18196
[2022-03-09 00:00:11,212] {bash.py:173} INFO - Sweden: CO2 56, mix [('hydro', 9053, '53'), ('nuclear', 5652, '33'), ('unknown', 1793, '10')]
[2022-03-09 00:00:11,213] {bash.py:173} INFO - Norway: CO2 28, mix [('hydro', 16120, '89'), ('wind', 1432, '8'), ('hydro discharge', 485, '3')]
[2022-03-09 00:00:11,213] {bash.py:173} INFO - UK
[2022-03-09 00:00:11,213] {bash.py:173} INFO - 33517
[2022-03-09 00:00:11,213] {bash.py:173} INFO - France
[2022-03-09 00:00:11,213] {bash.py:173} INFO - 63060
[2022-03-09 00:00:11,213] {bash.py:173} INFO - UK: CO2 219, mix [('wind', 12273, '37'), ('gas', 9963, '30'), ('nuclear', 5611, '17')]
[2022-03-09 00:00:11,213] {bash.py:173} INFO - France: CO2 84, mix [('nuclear', 42927, '68'), ('gas', 7145, '11'), ('hydro', 5340, '8')]
[2022-03-09 00:00:11,314] {bash.py:177} INFO - Command exited with return code 0
[2022-03-09 00:00:11,333] {taskinstance.py:1159} INFO - Marking task as SUCCESS. dag_id=matchup, task_id=run_script, execution_date=20220308T180000, start_date=20220309T000005, end_date=20220309T000011
[2022-03-09 00:00:11,351] {taskinstance.py:1220} INFO - 0 downstream tasks scheduled from follow-on schedule check
[2022-03-09 00:00:11,379] {local_task_job.py:146} INFO - Task exited with return code 0
