[2022-03-28 00:01:07,090] {taskinstance.py:851} INFO - Dependencies all met for <TaskInstance: matchup.run_script 2022-03-27T18:00:00+00:00 [queued]>
[2022-03-28 00:01:07,093] {taskinstance.py:851} INFO - Dependencies all met for <TaskInstance: matchup.run_script 2022-03-27T18:00:00+00:00 [queued]>
[2022-03-28 00:01:07,094] {taskinstance.py:1042} INFO - 
--------------------------------------------------------------------------------
[2022-03-28 00:01:07,094] {taskinstance.py:1043} INFO - Starting attempt 2 of 6
[2022-03-28 00:01:07,094] {taskinstance.py:1044} INFO - 
--------------------------------------------------------------------------------
[2022-03-28 00:01:07,100] {taskinstance.py:1063} INFO - Executing <Task(BashOperator): run_script> on 2022-03-27T18:00:00+00:00
[2022-03-28 00:01:07,103] {standard_task_runner.py:52} INFO - Started process 532653 to run task
[2022-03-28 00:01:07,109] {standard_task_runner.py:76} INFO - Running: ['airflow', 'tasks', 'run', 'matchup', 'run_script', '2022-03-27T18:00:00+00:00', '--job-id', '524', '--pool', 'default_pool', '--raw', '--subdir', 'DAGS_FOLDER/matchup.py', '--cfg-path', '/tmp/tmpm8u1nn78', '--error-file', '/tmp/tmptlaj8j_u']
[2022-03-28 00:01:07,109] {standard_task_runner.py:77} INFO - Job 524: Subtask run_script
[2022-03-28 00:01:07,138] {logging_mixin.py:104} INFO - Running <TaskInstance: matchup.run_script 2022-03-27T18:00:00+00:00 [running]> on host 531edfb863fc
[2022-03-28 00:01:07,152] {taskinstance.py:1255} INFO - Exporting the following env vars:
AIRFLOW_CTX_DAG_EMAIL=r.chesne@gmail.com
AIRFLOW_CTX_DAG_OWNER=Robin
AIRFLOW_CTX_DAG_ID=matchup
AIRFLOW_CTX_TASK_ID=run_script
AIRFLOW_CTX_EXECUTION_DATE=2022-03-27T18:00:00+00:00
AIRFLOW_CTX_DAG_RUN_ID=scheduled__2022-03-27T18:00:00+00:00
[2022-03-28 00:01:07,152] {bash.py:135} INFO - Tmp dir root location: 
 /tmp
[2022-03-28 00:01:07,152] {bash.py:158} INFO - Running command: python /app/scripts/main.py
[2022-03-28 00:01:07,157] {bash.py:169} INFO - Output:
[2022-03-28 00:01:09,287] {bash.py:173} INFO - Portugal
[2022-03-28 00:01:09,287] {bash.py:173} INFO - 5161
[2022-03-28 00:01:09,287] {bash.py:173} INFO - Spain
[2022-03-28 00:01:09,287] {bash.py:173} INFO - 24338
[2022-03-28 00:01:09,287] {bash.py:173} INFO - Portugal: CO2 168, mix [('wind', 2665, '52'), ('gas', 1414, '27'), ('hydro', 465, '9')]
[2022-03-28 00:01:09,287] {bash.py:173} INFO - Spain: CO2 191, mix [('gas', 7603, '31'), ('wind', 7279, '30'), ('nuclear', 5640, '23')]
[2022-03-28 00:01:09,287] {bash.py:173} INFO - Sweden
[2022-03-28 00:01:09,287] {bash.py:173} INFO - 14683
[2022-03-28 00:01:09,287] {bash.py:173} INFO - Denmark
[2022-03-28 00:01:09,287] {bash.py:173} INFO - 3365
[2022-03-28 00:01:09,287] {bash.py:173} INFO - Sweden: CO2 32, mix [('wind', 5849, '40'), ('nuclear', 4820, '33'), ('hydro', 3036, '21')]
[2022-03-28 00:01:09,287] {bash.py:173} INFO - Denmark: CO2 149, mix [('wind', 1834, '55'), ('coal', 373, '11'), ('biomass', 342, '10')]
[2022-03-28 00:01:09,288] {bash.py:173} INFO - Traceback (most recent call last):
[2022-03-28 00:01:09,288] {bash.py:173} INFO -   File "/app/scripts/main.py", line 241, in <module>
[2022-03-28 00:01:09,288] {bash.py:173} INFO -     get_matchups()
[2022-03-28 00:01:09,288] {bash.py:173} INFO -   File "/app/scripts/main.py", line 51, in get_matchups
[2022-03-28 00:01:09,288] {bash.py:173} INFO -     get_data(division, country1, country2)
[2022-03-28 00:01:09,288] {bash.py:173} INFO -   File "/app/scripts/main.py", line 198, in get_data
[2022-03-28 00:01:09,288] {bash.py:173} INFO -     co2_country1 = get_co2(country1)
[2022-03-28 00:01:09,288] {bash.py:173} INFO -   File "/app/scripts/main.py", line 73, in get_co2
[2022-03-28 00:01:09,288] {bash.py:173} INFO -     country_consumption_total = get_total_consumption(country)
[2022-03-28 00:01:09,288] {bash.py:173} INFO -   File "/app/scripts/main.py", line 66, in get_total_consumption
[2022-03-28 00:01:09,288] {bash.py:173} INFO -     country_consumption_total.append(sum(res.get('powerConsumptionBreakdown').values()))
[2022-03-28 00:01:09,288] {bash.py:173} INFO - AttributeError: 'NoneType' object has no attribute 'values'
[2022-03-28 00:01:09,330] {bash.py:177} INFO - Command exited with return code 1
[2022-03-28 00:01:09,337] {taskinstance.py:1455} ERROR - Bash command failed. The command returned a non-zero exit code.
Traceback (most recent call last):
  File "/app/env/lib/python3.8/site-packages/airflow/models/taskinstance.py", line 1112, in _run_raw_task
    self._prepare_and_execute_task_with_callbacks(context, task)
  File "/app/env/lib/python3.8/site-packages/airflow/models/taskinstance.py", line 1285, in _prepare_and_execute_task_with_callbacks
    result = self._execute_task(context, task_copy)
  File "/app/env/lib/python3.8/site-packages/airflow/models/taskinstance.py", line 1315, in _execute_task
    result = task_copy.execute(context=context)
  File "/app/env/lib/python3.8/site-packages/airflow/operators/bash.py", line 180, in execute
    raise AirflowException('Bash command failed. The command returned a non-zero exit code.')
airflow.exceptions.AirflowException: Bash command failed. The command returned a non-zero exit code.
[2022-03-28 00:01:09,339] {taskinstance.py:1496} INFO - Marking task as UP_FOR_RETRY. dag_id=matchup, task_id=run_script, execution_date=20220327T180000, start_date=20220328T000107, end_date=20220328T000109
[2022-03-28 00:01:09,365] {local_task_job.py:146} INFO - Task exited with return code 1
