[2022-04-29 06:00:03,546] {taskinstance.py:851} INFO - Dependencies all met for <TaskInstance: matchup.run_script 2022-04-29T00:00:00+00:00 [queued]>
[2022-04-29 06:00:03,550] {taskinstance.py:851} INFO - Dependencies all met for <TaskInstance: matchup.run_script 2022-04-29T00:00:00+00:00 [queued]>
[2022-04-29 06:00:03,550] {taskinstance.py:1042} INFO - 
--------------------------------------------------------------------------------
[2022-04-29 06:00:03,550] {taskinstance.py:1043} INFO - Starting attempt 1 of 6
[2022-04-29 06:00:03,550] {taskinstance.py:1044} INFO - 
--------------------------------------------------------------------------------
[2022-04-29 06:00:03,557] {taskinstance.py:1063} INFO - Executing <Task(BashOperator): run_script> on 2022-04-29T00:00:00+00:00
[2022-04-29 06:00:03,560] {standard_task_runner.py:52} INFO - Started process 367344 to run task
[2022-04-29 06:00:03,563] {standard_task_runner.py:76} INFO - Running: ['airflow', 'tasks', 'run', 'matchup', 'run_script', '2022-04-29T00:00:00+00:00', '--job-id', '323', '--pool', 'default_pool', '--raw', '--subdir', 'DAGS_FOLDER/matchup.py', '--cfg-path', '/tmp/tmpxm5ig0t0', '--error-file', '/tmp/tmp7e45dd6e']
[2022-04-29 06:00:03,564] {standard_task_runner.py:77} INFO - Job 323: Subtask run_script
[2022-04-29 06:00:03,586] {logging_mixin.py:104} INFO - Running <TaskInstance: matchup.run_script 2022-04-29T00:00:00+00:00 [running]> on host 193e33218975
[2022-04-29 06:00:03,607] {taskinstance.py:1255} INFO - Exporting the following env vars:
AIRFLOW_CTX_DAG_EMAIL=r.chesne@gmail.com
AIRFLOW_CTX_DAG_OWNER=Robin
AIRFLOW_CTX_DAG_ID=matchup
AIRFLOW_CTX_TASK_ID=run_script
AIRFLOW_CTX_EXECUTION_DATE=2022-04-29T00:00:00+00:00
AIRFLOW_CTX_DAG_RUN_ID=scheduled__2022-04-29T00:00:00+00:00
[2022-04-29 06:00:03,608] {bash.py:135} INFO - Tmp dir root location: 
 /tmp
[2022-04-29 06:00:03,608] {bash.py:158} INFO - Running command: python /app/scripts/main.py
[2022-04-29 06:00:03,615] {bash.py:169} INFO - Output:
[2022-04-29 06:00:08,320] {bash.py:173} INFO - Italy
[2022-04-29 06:00:08,320] {bash.py:173} INFO - 36350
[2022-04-29 06:00:08,320] {bash.py:173} INFO - Portugal
[2022-04-29 06:00:08,321] {bash.py:173} INFO - 4590
[2022-04-29 06:00:08,321] {bash.py:173} INFO - Italy: CO2 382, mix [('gas', 19287, '53'), ('hydro', 4500, '12'), ('solar', 2782, '8')]
[2022-04-29 06:00:08,321] {bash.py:173} INFO - Portugal: CO2 272, mix [('gas', 2283, '50'), ('hydro', 1155, '25'), ('wind', 787, '17')]
[2022-04-29 06:00:08,321] {bash.py:173} INFO - Norway
[2022-04-29 06:00:08,321] {bash.py:173} INFO - 16747
[2022-04-29 06:00:08,321] {bash.py:173} INFO - Sweden
[2022-04-29 06:00:08,321] {bash.py:173} INFO - 18663
[2022-04-29 06:00:08,321] {bash.py:173} INFO - Norway: CO2 31, mix [('hydro', 15004, '90'), ('wind', 1190, '7'), ('hydro discharge', 268, '2')]
[2022-04-29 06:00:08,321] {bash.py:173} INFO - Sweden: CO2 40, mix [('hydro', 7585, '41'), ('nuclear', 5792, '31'), ('wind', 3665, '20')]
[2022-04-29 06:00:08,322] {bash.py:173} INFO - Hungary
[2022-04-29 06:00:08,322] {bash.py:173} INFO - 3796
[2022-04-29 06:00:08,322] {bash.py:173} INFO - Germany
[2022-04-29 06:00:08,322] {bash.py:173} INFO - 78334
[2022-04-29 06:00:08,322] {bash.py:173} INFO - Hungary: CO2 224, mix [('nuclear', 1966, '52'), ('gas', 853, '22'), ('coal', 373, '10')]
[2022-04-29 06:00:08,322] {bash.py:173} INFO - Germany: CO2 272, mix [('wind', 34274, '44'), ('coal', 18344, '23'), ('gas', 5856, '7')]
[2022-04-29 06:00:08,368] {bash.py:177} INFO - Command exited with return code 0
[2022-04-29 06:00:08,386] {taskinstance.py:1159} INFO - Marking task as SUCCESS. dag_id=matchup, task_id=run_script, execution_date=20220429T000000, start_date=20220429T060003, end_date=20220429T060008
[2022-04-29 06:00:08,400] {taskinstance.py:1220} INFO - 0 downstream tasks scheduled from follow-on schedule check
[2022-04-29 06:00:08,435] {local_task_job.py:146} INFO - Task exited with return code 0
