[2022-02-26 00:00:04,548] {taskinstance.py:851} INFO - Dependencies all met for <TaskInstance: matchup.run_script 2022-02-25T18:00:00+00:00 [queued]>
[2022-02-26 00:00:04,557] {taskinstance.py:851} INFO - Dependencies all met for <TaskInstance: matchup.run_script 2022-02-25T18:00:00+00:00 [queued]>
[2022-02-26 00:00:04,557] {taskinstance.py:1042} INFO - 
--------------------------------------------------------------------------------
[2022-02-26 00:00:04,557] {taskinstance.py:1043} INFO - Starting attempt 1 of 6
[2022-02-26 00:00:04,557] {taskinstance.py:1044} INFO - 
--------------------------------------------------------------------------------
[2022-02-26 00:00:04,568] {taskinstance.py:1063} INFO - Executing <Task(BashOperator): run_script> on 2022-02-25T18:00:00+00:00
[2022-02-26 00:00:04,572] {standard_task_runner.py:52} INFO - Started process 106164 to run task
[2022-02-26 00:00:04,578] {standard_task_runner.py:76} INFO - Running: ['airflow', 'tasks', 'run', 'matchup', 'run_script', '2022-02-25T18:00:00+00:00', '--job-id', '82', '--pool', 'default_pool', '--raw', '--subdir', 'DAGS_FOLDER/matchup.py', '--cfg-path', '/tmp/tmpjwka0f8b', '--error-file', '/tmp/tmp4at25dse']
[2022-02-26 00:00:04,578] {standard_task_runner.py:77} INFO - Job 82: Subtask run_script
[2022-02-26 00:00:04,609] {logging_mixin.py:104} INFO - Running <TaskInstance: matchup.run_script 2022-02-25T18:00:00+00:00 [running]> on host 531edfb863fc
[2022-02-26 00:00:04,640] {taskinstance.py:1255} INFO - Exporting the following env vars:
AIRFLOW_CTX_DAG_EMAIL=r.chesne@gmail.com
AIRFLOW_CTX_DAG_OWNER=Robin
AIRFLOW_CTX_DAG_ID=matchup
AIRFLOW_CTX_TASK_ID=run_script
AIRFLOW_CTX_EXECUTION_DATE=2022-02-25T18:00:00+00:00
AIRFLOW_CTX_DAG_RUN_ID=scheduled__2022-02-25T18:00:00+00:00
[2022-02-26 00:00:04,640] {bash.py:135} INFO - Tmp dir root location: 
 /tmp
[2022-02-26 00:00:04,641] {bash.py:158} INFO - Running command: python /app/scripts/main.py
[2022-02-26 00:00:04,649] {bash.py:169} INFO - Output:
[2022-02-26 00:00:08,470] {bash.py:173} INFO - Spain: CO2 166, mix [('wind', 10275, '36'), ('gas', 6901, '24'), ('nuclear', 6695, '24')]
[2022-02-26 00:00:08,471] {bash.py:173} INFO - Italy: CO2 400, mix [('gas', 15141, '46'), ('coal', 4418, '13'), ('hydro', 3194, '10')]
[2022-02-26 00:00:08,471] {bash.py:173} INFO - Denmark: CO2 170, mix [('wind', 2669, '54'), ('biomass', 706, '14'), ('coal', 593, '12')]
[2022-02-26 00:00:08,471] {bash.py:173} INFO - Finland: CO2 157, mix [('nuclear', 3070, '33'), ('wind', 2451, '26'), ('hydro', 1315, '14')]
[2022-02-26 00:00:08,471] {bash.py:173} INFO - UK: CO2 280, mix [('gas', 14308, '43'), ('wind', 6927, '21'), ('nuclear', 5610, '17')]
[2022-02-26 00:00:08,471] {bash.py:173} INFO - Germany: CO2 344, mix [('wind', 22395, '41'), ('coal', 18495, '34'), ('biomass', 4628, '8')]
[2022-02-26 00:00:08,542] {bash.py:177} INFO - Command exited with return code 0
[2022-02-26 00:00:08,559] {taskinstance.py:1159} INFO - Marking task as SUCCESS. dag_id=matchup, task_id=run_script, execution_date=20220225T180000, start_date=20220226T000004, end_date=20220226T000008
[2022-02-26 00:00:08,574] {taskinstance.py:1220} INFO - 0 downstream tasks scheduled from follow-on schedule check
[2022-02-26 00:00:08,609] {local_task_job.py:146} INFO - Task exited with return code 0
