[2022-05-12 00:00:02,097] {taskinstance.py:851} INFO - Dependencies all met for <TaskInstance: matchup.enter_virtual_env 2022-05-11T18:00:00+00:00 [queued]>
[2022-05-12 00:00:02,105] {taskinstance.py:851} INFO - Dependencies all met for <TaskInstance: matchup.enter_virtual_env 2022-05-11T18:00:00+00:00 [queued]>
[2022-05-12 00:00:02,106] {taskinstance.py:1042} INFO - 
--------------------------------------------------------------------------------
[2022-05-12 00:00:02,106] {taskinstance.py:1043} INFO - Starting attempt 1 of 2
[2022-05-12 00:00:02,106] {taskinstance.py:1044} INFO - 
--------------------------------------------------------------------------------
[2022-05-12 00:00:02,117] {taskinstance.py:1063} INFO - Executing <Task(BashOperator): enter_virtual_env> on 2022-05-11T18:00:00+00:00
[2022-05-12 00:00:02,121] {standard_task_runner.py:52} INFO - Started process 550338 to run task
[2022-05-12 00:00:02,125] {standard_task_runner.py:76} INFO - Running: ['airflow', 'tasks', 'run', 'matchup', 'enter_virtual_env', '2022-05-11T18:00:00+00:00', '--job-id', '656', '--pool', 'default_pool', '--raw', '--subdir', 'DAGS_FOLDER/matchup.py', '--cfg-path', '/tmp/tmpseqpg21m', '--error-file', '/tmp/tmp_be2dchu']
[2022-05-12 00:00:02,126] {standard_task_runner.py:77} INFO - Job 656: Subtask enter_virtual_env
[2022-05-12 00:00:02,157] {logging_mixin.py:104} INFO - Running <TaskInstance: matchup.enter_virtual_env 2022-05-11T18:00:00+00:00 [running]> on host 193e33218975
[2022-05-12 00:00:02,189] {taskinstance.py:1255} INFO - Exporting the following env vars:
AIRFLOW_CTX_DAG_EMAIL=r.chesne@gmail.com
AIRFLOW_CTX_DAG_OWNER=Robin
AIRFLOW_CTX_DAG_ID=matchup
AIRFLOW_CTX_TASK_ID=enter_virtual_env
AIRFLOW_CTX_EXECUTION_DATE=2022-05-11T18:00:00+00:00
AIRFLOW_CTX_DAG_RUN_ID=scheduled__2022-05-11T18:00:00+00:00
[2022-05-12 00:00:02,190] {bash.py:135} INFO - Tmp dir root location: 
 /tmp
[2022-05-12 00:00:02,190] {bash.py:158} INFO - Running command: . /app/env/bin/activate
[2022-05-12 00:00:02,197] {bash.py:169} INFO - Output:
[2022-05-12 00:00:02,202] {bash.py:177} INFO - Command exited with return code 0
[2022-05-12 00:00:02,219] {taskinstance.py:1159} INFO - Marking task as SUCCESS. dag_id=matchup, task_id=enter_virtual_env, execution_date=20220511T180000, start_date=20220512T000002, end_date=20220512T000002
[2022-05-12 00:00:02,245] {taskinstance.py:1220} INFO - 1 downstream tasks scheduled from follow-on schedule check
[2022-05-12 00:00:02,256] {local_task_job.py:146} INFO - Task exited with return code 0
