[2022-06-29 18:00:04,393] {taskinstance.py:851} INFO - Dependencies all met for <TaskInstance: matchup.run_script 2022-06-29T12:00:00+00:00 [queued]>
[2022-06-29 18:00:04,401] {taskinstance.py:851} INFO - Dependencies all met for <TaskInstance: matchup.run_script 2022-06-29T12:00:00+00:00 [queued]>
[2022-06-29 18:00:04,401] {taskinstance.py:1042} INFO - 
--------------------------------------------------------------------------------
[2022-06-29 18:00:04,401] {taskinstance.py:1043} INFO - Starting attempt 1 of 6
[2022-06-29 18:00:04,401] {taskinstance.py:1044} INFO - 
--------------------------------------------------------------------------------
[2022-06-29 18:00:04,410] {taskinstance.py:1063} INFO - Executing <Task(BashOperator): run_script> on 2022-06-29T12:00:00+00:00
[2022-06-29 18:00:04,412] {standard_task_runner.py:52} INFO - Started process 118344 to run task
[2022-06-29 18:00:04,415] {standard_task_runner.py:76} INFO - Running: ['airflow', 'tasks', 'run', 'matchup', 'run_script', '2022-06-29T12:00:00+00:00', '--job-id', '1477', '--pool', 'default_pool', '--raw', '--subdir', 'DAGS_FOLDER/matchup.py', '--cfg-path', '/tmp/tmp__l4yn1i', '--error-file', '/tmp/tmpe0ve3x_6']
[2022-06-29 18:00:04,416] {standard_task_runner.py:77} INFO - Job 1477: Subtask run_script
[2022-06-29 18:00:04,440] {logging_mixin.py:104} INFO - Running <TaskInstance: matchup.run_script 2022-06-29T12:00:00+00:00 [running]> on host b5b34dd97903
[2022-06-29 18:00:04,464] {taskinstance.py:1255} INFO - Exporting the following env vars:
AIRFLOW_CTX_DAG_EMAIL=r.chesne@gmail.com
AIRFLOW_CTX_DAG_OWNER=Robin
AIRFLOW_CTX_DAG_ID=matchup
AIRFLOW_CTX_TASK_ID=run_script
AIRFLOW_CTX_EXECUTION_DATE=2022-06-29T12:00:00+00:00
AIRFLOW_CTX_DAG_RUN_ID=scheduled__2022-06-29T12:00:00+00:00
[2022-06-29 18:00:04,464] {bash.py:135} INFO - Tmp dir root location: 
 /tmp
[2022-06-29 18:00:04,464] {bash.py:158} INFO - Running command: python /app/scripts/main.py
[2022-06-29 18:00:04,469] {bash.py:169} INFO - Output:
[2022-06-29 18:00:08,156] {bash.py:173} INFO - Spain
[2022-06-29 18:00:08,156] {bash.py:173} INFO - 32775
[2022-06-29 18:00:08,156] {bash.py:173} INFO - Italy
[2022-06-29 18:00:08,157] {bash.py:173} INFO - 38190
[2022-06-29 18:00:08,157] {bash.py:173} INFO - Spain: CO2 149, mix [('solar', 9841, '30'), ('wind', 7351, '22'), ('nuclear', 6524, '20')]
[2022-06-29 18:00:08,157] {bash.py:173} INFO - Italy: CO2 358, mix [('gas', 18022, '47'), ('hydro', 6659, '17'), ('solar', 2991, '8')]
[2022-06-29 18:00:08,157] {bash.py:173} INFO - Denmark
[2022-06-29 18:00:08,157] {bash.py:173} INFO - 4840
[2022-06-29 18:00:08,157] {bash.py:173} INFO - Sweden
[2022-06-29 18:00:08,157] {bash.py:173} INFO - 12923
[2022-06-29 18:00:08,157] {bash.py:173} INFO - Denmark: CO2 148, mix [('wind', 1591, '33'), ('hydro', 1392, '29'), ('gas', 435, '9')]
[2022-06-29 18:00:08,157] {bash.py:173} INFO - Sweden: CO2 32, mix [('hydro', 7717, '60'), ('nuclear', 3839, '30'), ('unknown', 538, '4')]
[2022-06-29 18:00:08,157] {bash.py:173} INFO - Germany
[2022-06-29 18:00:08,157] {bash.py:173} INFO - 64405
[2022-06-29 18:00:08,157] {bash.py:173} INFO - France
[2022-06-29 18:00:08,157] {bash.py:173} INFO - 47373
[2022-06-29 18:00:08,157] {bash.py:173} INFO - Germany: CO2 399, mix [('coal', 21390, '33'), ('gas', 11563, '18'), ('solar', 10587, '16')]
[2022-06-29 18:00:08,157] {bash.py:173} INFO - France: CO2 75, mix [('nuclear', 28248, '60'), ('hydro', 5252, '11'), ('solar', 4801, '10')]
[2022-06-29 18:00:08,187] {bash.py:177} INFO - Command exited with return code 0
[2022-06-29 18:00:08,200] {taskinstance.py:1159} INFO - Marking task as SUCCESS. dag_id=matchup, task_id=run_script, execution_date=20220629T120000, start_date=20220629T180004, end_date=20220629T180008
[2022-06-29 18:00:08,213] {taskinstance.py:1220} INFO - 0 downstream tasks scheduled from follow-on schedule check
[2022-06-29 18:00:08,245] {local_task_job.py:146} INFO - Task exited with return code 0
