[2022-03-28 12:00:03,165] {taskinstance.py:851} INFO - Dependencies all met for <TaskInstance: matchup.run_script 2022-03-28T06:00:00+00:00 [queued]>
[2022-03-28 12:00:03,169] {taskinstance.py:851} INFO - Dependencies all met for <TaskInstance: matchup.run_script 2022-03-28T06:00:00+00:00 [queued]>
[2022-03-28 12:00:03,169] {taskinstance.py:1042} INFO - 
--------------------------------------------------------------------------------
[2022-03-28 12:00:03,169] {taskinstance.py:1043} INFO - Starting attempt 1 of 6
[2022-03-28 12:00:03,170] {taskinstance.py:1044} INFO - 
--------------------------------------------------------------------------------
[2022-03-28 12:00:03,177] {taskinstance.py:1063} INFO - Executing <Task(BashOperator): run_script> on 2022-03-28T06:00:00+00:00
[2022-03-28 12:00:03,181] {standard_task_runner.py:52} INFO - Started process 539780 to run task
[2022-03-28 12:00:03,185] {standard_task_runner.py:76} INFO - Running: ['airflow', 'tasks', 'run', 'matchup', 'run_script', '2022-03-28T06:00:00+00:00', '--job-id', '532', '--pool', 'default_pool', '--raw', '--subdir', 'DAGS_FOLDER/matchup.py', '--cfg-path', '/tmp/tmpe5k95bur', '--error-file', '/tmp/tmppr9f3vlg']
[2022-03-28 12:00:03,185] {standard_task_runner.py:77} INFO - Job 532: Subtask run_script
[2022-03-28 12:00:03,214] {logging_mixin.py:104} INFO - Running <TaskInstance: matchup.run_script 2022-03-28T06:00:00+00:00 [running]> on host 531edfb863fc
[2022-03-28 12:00:03,240] {taskinstance.py:1255} INFO - Exporting the following env vars:
AIRFLOW_CTX_DAG_EMAIL=r.chesne@gmail.com
AIRFLOW_CTX_DAG_OWNER=Robin
AIRFLOW_CTX_DAG_ID=matchup
AIRFLOW_CTX_TASK_ID=run_script
AIRFLOW_CTX_EXECUTION_DATE=2022-03-28T06:00:00+00:00
AIRFLOW_CTX_DAG_RUN_ID=scheduled__2022-03-28T06:00:00+00:00
[2022-03-28 12:00:03,240] {bash.py:135} INFO - Tmp dir root location: 
 /tmp
[2022-03-28 12:00:03,241] {bash.py:158} INFO - Running command: python /app/scripts/main.py
[2022-03-28 12:00:03,247] {bash.py:169} INFO - Output:
[2022-03-28 12:00:07,372] {bash.py:173} INFO - Spain
[2022-03-28 12:00:07,372] {bash.py:173} INFO - 30439
[2022-03-28 12:00:07,372] {bash.py:173} INFO - Italy
[2022-03-28 12:00:07,372] {bash.py:173} INFO - 38901
[2022-03-28 12:00:07,372] {bash.py:173} INFO - Spain: CO2 191, mix [('gas', 9407, '31'), ('wind', 6245, '21'), ('solar', 5902, '19')]
[2022-03-28 12:00:07,372] {bash.py:173} INFO - Italy: CO2 359, mix [('gas', 18709, '48'), ('solar', 7892, '20'), ('coal', 3308, '9')]
[2022-03-28 12:00:07,372] {bash.py:173} INFO - Denmark
[2022-03-28 12:00:07,373] {bash.py:173} INFO - 4792
[2022-03-28 12:00:07,373] {bash.py:173} INFO - Sweden
[2022-03-28 12:00:07,373] {bash.py:173} INFO - 17293
[2022-03-28 12:00:07,373] {bash.py:173} INFO - Denmark: CO2 84, mix [('wind', 2923, '61'), ('hydro', 504, '11'), ('biomass', 374, '8')]
[2022-03-28 12:00:07,373] {bash.py:173} INFO - Sweden: CO2 34, mix [('wind', 6414, '37'), ('nuclear', 5321, '31'), ('hydro', 4319, '25')]
[2022-03-28 12:00:07,373] {bash.py:173} INFO - Germany
[2022-03-28 12:00:07,373] {bash.py:173} INFO - 63096
[2022-03-28 12:00:07,373] {bash.py:173} INFO - France
[2022-03-28 12:00:07,373] {bash.py:173} INFO - 48347
[2022-03-28 12:00:07,373] {bash.py:173} INFO - Germany: CO2 342, mix [('solar', 22037, '35'), ('coal', 20041, '32'), ('wind', 5055, '8')]
[2022-03-28 12:00:07,373] {bash.py:173} INFO - France: CO2 90, mix [('nuclear', 29489, '61'), ('solar', 6686, '14'), ('gas', 5727, '12')]
[2022-03-28 12:00:07,411] {bash.py:177} INFO - Command exited with return code 0
[2022-03-28 12:00:07,425] {taskinstance.py:1159} INFO - Marking task as SUCCESS. dag_id=matchup, task_id=run_script, execution_date=20220328T060000, start_date=20220328T120003, end_date=20220328T120007
[2022-03-28 12:00:07,440] {taskinstance.py:1220} INFO - 0 downstream tasks scheduled from follow-on schedule check
[2022-03-28 12:00:07,453] {local_task_job.py:146} INFO - Task exited with return code 0
