[2022-04-23 12:02:08,125] {taskinstance.py:851} INFO - Dependencies all met for <TaskInstance: matchup.run_script 2022-04-23T06:00:00+00:00 [queued]>
[2022-04-23 12:02:08,129] {taskinstance.py:851} INFO - Dependencies all met for <TaskInstance: matchup.run_script 2022-04-23T06:00:00+00:00 [queued]>
[2022-04-23 12:02:08,129] {taskinstance.py:1042} INFO - 
--------------------------------------------------------------------------------
[2022-04-23 12:02:08,129] {taskinstance.py:1043} INFO - Starting attempt 3 of 6
[2022-04-23 12:02:08,129] {taskinstance.py:1044} INFO - 
--------------------------------------------------------------------------------
[2022-04-23 12:02:08,135] {taskinstance.py:1063} INFO - Executing <Task(BashOperator): run_script> on 2022-04-23T06:00:00+00:00
[2022-04-23 12:02:08,138] {standard_task_runner.py:52} INFO - Started process 285440 to run task
[2022-04-23 12:02:08,143] {standard_task_runner.py:76} INFO - Running: ['airflow', 'tasks', 'run', 'matchup', 'run_script', '2022-04-23T06:00:00+00:00', '--job-id', '260', '--pool', 'default_pool', '--raw', '--subdir', 'DAGS_FOLDER/matchup.py', '--cfg-path', '/tmp/tmppf82z5ky', '--error-file', '/tmp/tmp5gxcrvgq']
[2022-04-23 12:02:08,143] {standard_task_runner.py:77} INFO - Job 260: Subtask run_script
[2022-04-23 12:02:08,164] {logging_mixin.py:104} INFO - Running <TaskInstance: matchup.run_script 2022-04-23T06:00:00+00:00 [running]> on host 193e33218975
[2022-04-23 12:02:08,178] {taskinstance.py:1255} INFO - Exporting the following env vars:
AIRFLOW_CTX_DAG_EMAIL=r.chesne@gmail.com
AIRFLOW_CTX_DAG_OWNER=Robin
AIRFLOW_CTX_DAG_ID=matchup
AIRFLOW_CTX_TASK_ID=run_script
AIRFLOW_CTX_EXECUTION_DATE=2022-04-23T06:00:00+00:00
AIRFLOW_CTX_DAG_RUN_ID=scheduled__2022-04-23T06:00:00+00:00
[2022-04-23 12:02:08,178] {bash.py:135} INFO - Tmp dir root location: 
 /tmp
[2022-04-23 12:02:08,179] {bash.py:158} INFO - Running command: python /app/scripts/main.py
[2022-04-23 12:02:08,185] {bash.py:169} INFO - Output:
[2022-04-23 12:02:11,958] {bash.py:173} INFO - Italy
[2022-04-23 12:02:11,958] {bash.py:173} INFO - 33070
[2022-04-23 12:02:11,958] {bash.py:173} INFO - Portugal
[2022-04-23 12:02:11,958] {bash.py:173} INFO - 2395
[2022-04-23 12:02:11,958] {bash.py:173} INFO - Italy: CO2 329, mix [('gas', 14916, '45'), ('solar', 7909, '24'), ('wind', 3373, '10')]
[2022-04-23 12:02:11,959] {bash.py:173} INFO - Portugal: CO2 89, mix [('wind', 1528, '64'), ('biomass', 270, '11'), ('solar', 255, '11')]
[2022-04-23 12:02:11,959] {bash.py:173} INFO - Denmark
[2022-04-23 12:02:11,959] {bash.py:173} INFO - 4798
[2022-04-23 12:02:11,959] {bash.py:173} INFO - Sweden
[2022-04-23 12:02:11,959] {bash.py:173} INFO - 19309
[2022-04-23 12:02:11,959] {bash.py:173} INFO - Denmark: CO2 165, mix [('wind', 2542, '53'), ('solar', 783, '16'), ('biomass', 536, '11')]
[2022-04-23 12:02:11,959] {bash.py:173} INFO - Sweden: CO2 49, mix [('hydro', 7469, '39'), ('nuclear', 6009, '31'), ('wind', 3682, '19')]
[2022-04-23 12:02:11,959] {bash.py:173} INFO - Germany
[2022-04-23 12:02:11,959] {bash.py:173} INFO - 67317
[2022-04-23 12:02:11,959] {bash.py:173} INFO - France
[2022-04-23 12:02:11,959] {bash.py:173} INFO - 55902
[2022-04-23 12:02:11,959] {bash.py:173} INFO - Germany: CO2 242, mix [('wind', 26714, '40'), ('coal', 14484, '22'), ('solar', 11863, '18')]
[2022-04-23 12:02:11,959] {bash.py:173} INFO - France: CO2 73, mix [('nuclear', 30787, '55'), ('wind', 8324, '15'), ('gas', 5456, '10')]
[2022-04-23 12:02:11,992] {bash.py:177} INFO - Command exited with return code 0
[2022-04-23 12:02:12,011] {taskinstance.py:1159} INFO - Marking task as SUCCESS. dag_id=matchup, task_id=run_script, execution_date=20220423T060000, start_date=20220423T120208, end_date=20220423T120212
[2022-04-23 12:02:12,023] {taskinstance.py:1220} INFO - 0 downstream tasks scheduled from follow-on schedule check
[2022-04-23 12:02:12,044] {local_task_job.py:146} INFO - Task exited with return code 0
