[2022-03-14 12:01:05,684] {taskinstance.py:851} INFO - Dependencies all met for <TaskInstance: matchup.run_script 2022-03-14T06:00:00+00:00 [queued]>
[2022-03-14 12:01:05,690] {taskinstance.py:851} INFO - Dependencies all met for <TaskInstance: matchup.run_script 2022-03-14T06:00:00+00:00 [queued]>
[2022-03-14 12:01:05,690] {taskinstance.py:1042} INFO - 
--------------------------------------------------------------------------------
[2022-03-14 12:01:05,690] {taskinstance.py:1043} INFO - Starting attempt 2 of 6
[2022-03-14 12:01:05,690] {taskinstance.py:1044} INFO - 
--------------------------------------------------------------------------------
[2022-03-14 12:01:05,698] {taskinstance.py:1063} INFO - Executing <Task(BashOperator): run_script> on 2022-03-14T06:00:00+00:00
[2022-03-14 12:01:05,701] {standard_task_runner.py:52} INFO - Started process 340380 to run task
[2022-03-14 12:01:05,707] {standard_task_runner.py:76} INFO - Running: ['airflow', 'tasks', 'run', 'matchup', 'run_script', '2022-03-14T06:00:00+00:00', '--job-id', '302', '--pool', 'default_pool', '--raw', '--subdir', 'DAGS_FOLDER/matchup.py', '--cfg-path', '/tmp/tmp2ysabjpc', '--error-file', '/tmp/tmp46i76na7']
[2022-03-14 12:01:05,708] {standard_task_runner.py:77} INFO - Job 302: Subtask run_script
[2022-03-14 12:01:05,736] {logging_mixin.py:104} INFO - Running <TaskInstance: matchup.run_script 2022-03-14T06:00:00+00:00 [running]> on host 531edfb863fc
[2022-03-14 12:01:05,754] {taskinstance.py:1255} INFO - Exporting the following env vars:
AIRFLOW_CTX_DAG_EMAIL=r.chesne@gmail.com
AIRFLOW_CTX_DAG_OWNER=Robin
AIRFLOW_CTX_DAG_ID=matchup
AIRFLOW_CTX_TASK_ID=run_script
AIRFLOW_CTX_EXECUTION_DATE=2022-03-14T06:00:00+00:00
AIRFLOW_CTX_DAG_RUN_ID=scheduled__2022-03-14T06:00:00+00:00
[2022-03-14 12:01:05,754] {bash.py:135} INFO - Tmp dir root location: 
 /tmp
[2022-03-14 12:01:05,755] {bash.py:158} INFO - Running command: python /app/scripts/main.py
[2022-03-14 12:01:05,760] {bash.py:169} INFO - Output:
[2022-03-14 12:01:10,777] {bash.py:173} INFO - Spain
[2022-03-14 12:01:10,778] {bash.py:173} INFO - 32669
[2022-03-14 12:01:10,778] {bash.py:173} INFO - Italy
[2022-03-14 12:01:10,779] {bash.py:173} INFO - 40338
[2022-03-14 12:01:10,779] {bash.py:173} INFO - Spain: CO2 143, mix [('wind', 14620, '45'), ('gas', 6085, '19'), ('nuclear', 5660, '17')]
[2022-03-14 12:01:10,779] {bash.py:173} INFO - Italy: CO2 358, mix [('gas', 20933, '52'), ('solar', 8006, '20'), ('unknown', 2546, '6')]
[2022-03-14 12:01:10,779] {bash.py:173} INFO - Norway
[2022-03-14 12:01:10,779] {bash.py:173} INFO - 18289
[2022-03-14 12:01:10,779] {bash.py:173} INFO - Finland
[2022-03-14 12:01:10,779] {bash.py:173} INFO - 9713
[2022-03-14 12:01:10,779] {bash.py:173} INFO - Norway: CO2 27, mix [('hydro', 16309, '89'), ('wind', 1490, '8'), ('hydro discharge', 342, '2')]
[2022-03-14 12:01:10,779] {bash.py:173} INFO - Finland: CO2 202, mix [('nuclear', 3566, '37'), ('hydro', 2426, '25'), ('coal', 1295, '13')]
[2022-03-14 12:01:10,779] {bash.py:173} INFO - France
[2022-03-14 12:01:10,780] {bash.py:173} INFO - 56510
[2022-03-14 12:01:10,780] {bash.py:173} INFO - UK
[2022-03-14 12:01:10,780] {bash.py:173} INFO - 37823
[2022-03-14 12:01:10,780] {bash.py:173} INFO - France: CO2 95, mix [('nuclear', 34669, '61'), ('gas', 7681, '14'), ('solar', 4806, '9')]
[2022-03-14 12:01:10,780] {bash.py:173} INFO - UK: CO2 253, mix [('gas', 14860, '39'), ('wind', 6976, '18'), ('nuclear', 5673, '15')]
[2022-03-14 12:01:10,821] {bash.py:177} INFO - Command exited with return code 0
[2022-03-14 12:01:10,842] {taskinstance.py:1159} INFO - Marking task as SUCCESS. dag_id=matchup, task_id=run_script, execution_date=20220314T060000, start_date=20220314T120105, end_date=20220314T120110
[2022-03-14 12:01:10,857] {taskinstance.py:1220} INFO - 0 downstream tasks scheduled from follow-on schedule check
[2022-03-14 12:01:10,888] {local_task_job.py:146} INFO - Task exited with return code 0
