[2022-07-04 00:00:05,970] {taskinstance.py:851} INFO - Dependencies all met for <TaskInstance: matchup.run_script 2022-07-03T18:00:00+00:00 [queued]>
[2022-07-04 00:00:05,978] {taskinstance.py:851} INFO - Dependencies all met for <TaskInstance: matchup.run_script 2022-07-03T18:00:00+00:00 [queued]>
[2022-07-04 00:00:05,978] {taskinstance.py:1042} INFO - 
--------------------------------------------------------------------------------
[2022-07-04 00:00:05,978] {taskinstance.py:1043} INFO - Starting attempt 1 of 6
[2022-07-04 00:00:05,979] {taskinstance.py:1044} INFO - 
--------------------------------------------------------------------------------
[2022-07-04 00:00:06,064] {taskinstance.py:1063} INFO - Executing <Task(BashOperator): run_script> on 2022-07-03T18:00:00+00:00
[2022-07-04 00:00:06,068] {standard_task_runner.py:52} INFO - Started process 1402 to run task
[2022-07-04 00:00:06,073] {standard_task_runner.py:76} INFO - Running: ['airflow', 'tasks', 'run', 'matchup', 'run_script', '2022-07-03T18:00:00+00:00', '--job-id', '1499', '--pool', 'default_pool', '--raw', '--subdir', 'DAGS_FOLDER/matchup.py', '--cfg-path', '/tmp/tmpvs12buff', '--error-file', '/tmp/tmp543zevpq']
[2022-07-04 00:00:06,074] {standard_task_runner.py:77} INFO - Job 1499: Subtask run_script
[2022-07-04 00:00:06,175] {logging_mixin.py:104} INFO - Running <TaskInstance: matchup.run_script 2022-07-03T18:00:00+00:00 [running]> on host a41a09215c15
[2022-07-04 00:00:06,456] {taskinstance.py:1255} INFO - Exporting the following env vars:
AIRFLOW_CTX_DAG_EMAIL=r.chesne@gmail.com
AIRFLOW_CTX_DAG_OWNER=Robin
AIRFLOW_CTX_DAG_ID=matchup
AIRFLOW_CTX_TASK_ID=run_script
AIRFLOW_CTX_EXECUTION_DATE=2022-07-03T18:00:00+00:00
AIRFLOW_CTX_DAG_RUN_ID=scheduled__2022-07-03T18:00:00+00:00
[2022-07-04 00:00:06,457] {bash.py:135} INFO - Tmp dir root location: 
 /tmp
[2022-07-04 00:00:06,457] {bash.py:158} INFO - Running command: python /app/scripts/main.py
[2022-07-04 00:00:06,465] {bash.py:169} INFO - Output:
[2022-07-04 00:00:12,055] {bash.py:173} INFO - Italy
[2022-07-04 00:00:12,055] {bash.py:173} INFO - 28494
[2022-07-04 00:00:12,055] {bash.py:173} INFO - Greece
[2022-07-04 00:00:12,055] {bash.py:173} INFO - 3960
[2022-07-04 00:00:12,056] {bash.py:173} INFO - Italy: CO2 379, mix [('gas', 13604, '48'), ('hydro', 3592, '13'), ('wind', 2848, '10')]
[2022-07-04 00:00:12,056] {bash.py:173} INFO - Greece: CO2 399, mix [('gas', 2201, '56'), ('wind', 1026, '26'), ('coal', 592, '15')]
[2022-07-04 00:00:12,056] {bash.py:173} INFO - Norway
[2022-07-04 00:00:12,056] {bash.py:173} INFO - 13836
[2022-07-04 00:00:12,056] {bash.py:173} INFO - Sweden
[2022-07-04 00:00:12,056] {bash.py:173} INFO - 13178
[2022-07-04 00:00:12,056] {bash.py:173} INFO - Norway: CO2 31, mix [('hydro', 11814, '85'), ('wind', 1509, '11'), ('hydro discharge', 148, '1')]
[2022-07-04 00:00:12,056] {bash.py:173} INFO - Sweden: CO2 33, mix [('hydro', 4969, '38'), ('nuclear', 4175, '32'), ('wind', 3066, '23')]
[2022-07-04 00:00:12,056] {bash.py:173} INFO - France
[2022-07-04 00:00:12,056] {bash.py:173} INFO - 39284
[2022-07-04 00:00:12,056] {bash.py:173} INFO - UK
[2022-07-04 00:00:12,056] {bash.py:173} INFO - 23199
[2022-07-04 00:00:12,056] {bash.py:173} INFO - France: CO2 72, mix [('nuclear', 25614, '65'), ('hydro', 4808, '12'), ('gas', 4042, '10')]
[2022-07-04 00:00:12,056] {bash.py:173} INFO - UK: CO2 241, mix [('gas', 9515, '41'), ('wind', 6561, '28'), ('nuclear', 4677, '20')]
[2022-07-04 00:00:12,126] {bash.py:177} INFO - Command exited with return code 0
[2022-07-04 00:00:12,251] {taskinstance.py:1159} INFO - Marking task as SUCCESS. dag_id=matchup, task_id=run_script, execution_date=20220703T180000, start_date=20220704T000005, end_date=20220704T000012
[2022-07-04 00:00:12,625] {taskinstance.py:1220} INFO - 0 downstream tasks scheduled from follow-on schedule check
[2022-07-04 00:00:12,658] {local_task_job.py:146} INFO - Task exited with return code 0
