[2022-07-03 18:00:05,048] {taskinstance.py:851} INFO - Dependencies all met for <TaskInstance: matchup.run_script 2022-07-03T12:00:00+00:00 [queued]>
[2022-07-03 18:00:05,056] {taskinstance.py:851} INFO - Dependencies all met for <TaskInstance: matchup.run_script 2022-07-03T12:00:00+00:00 [queued]>
[2022-07-03 18:00:05,056] {taskinstance.py:1042} INFO - 
--------------------------------------------------------------------------------
[2022-07-03 18:00:05,056] {taskinstance.py:1043} INFO - Starting attempt 1 of 6
[2022-07-03 18:00:05,056] {taskinstance.py:1044} INFO - 
--------------------------------------------------------------------------------
[2022-07-03 18:00:05,066] {taskinstance.py:1063} INFO - Executing <Task(BashOperator): run_script> on 2022-07-03T12:00:00+00:00
[2022-07-03 18:00:05,069] {standard_task_runner.py:52} INFO - Started process 670 to run task
[2022-07-03 18:00:05,075] {standard_task_runner.py:76} INFO - Running: ['airflow', 'tasks', 'run', 'matchup', 'run_script', '2022-07-03T12:00:00+00:00', '--job-id', '1497', '--pool', 'default_pool', '--raw', '--subdir', 'DAGS_FOLDER/matchup.py', '--cfg-path', '/tmp/tmp2si9hqt2', '--error-file', '/tmp/tmp7h3cld0d']
[2022-07-03 18:00:05,076] {standard_task_runner.py:77} INFO - Job 1497: Subtask run_script
[2022-07-03 18:00:05,113] {logging_mixin.py:104} INFO - Running <TaskInstance: matchup.run_script 2022-07-03T12:00:00+00:00 [running]> on host a41a09215c15
[2022-07-03 18:00:05,149] {taskinstance.py:1255} INFO - Exporting the following env vars:
AIRFLOW_CTX_DAG_EMAIL=r.chesne@gmail.com
AIRFLOW_CTX_DAG_OWNER=Robin
AIRFLOW_CTX_DAG_ID=matchup
AIRFLOW_CTX_TASK_ID=run_script
AIRFLOW_CTX_EXECUTION_DATE=2022-07-03T12:00:00+00:00
AIRFLOW_CTX_DAG_RUN_ID=scheduled__2022-07-03T12:00:00+00:00
[2022-07-03 18:00:05,149] {bash.py:135} INFO - Tmp dir root location: 
 /tmp
[2022-07-03 18:00:05,150] {bash.py:158} INFO - Running command: python /app/scripts/main.py
[2022-07-03 18:00:05,158] {bash.py:169} INFO - Output:
[2022-07-03 18:00:09,349] {bash.py:173} INFO - Italy
[2022-07-03 18:00:09,350] {bash.py:173} INFO - 32428
[2022-07-03 18:00:09,350] {bash.py:173} INFO - Spain
[2022-07-03 18:00:09,350] {bash.py:173} INFO - 30746
[2022-07-03 18:00:09,350] {bash.py:173} INFO - Italy: CO2 392, mix [('gas', 17194, '53'), ('hydro', 4013, '12'), ('wind', 2931, '9')]
[2022-07-03 18:00:09,350] {bash.py:173} INFO - Spain: CO2 129, mix [('wind', 8496, '28'), ('solar', 7974, '26'), ('nuclear', 6422, '21')]
[2022-07-03 18:00:09,350] {bash.py:173} INFO - Sweden
[2022-07-03 18:00:09,350] {bash.py:173} INFO - 14393
[2022-07-03 18:00:09,350] {bash.py:173} INFO - Finland
[2022-07-03 18:00:09,350] {bash.py:173} INFO - 9567
[2022-07-03 18:00:09,350] {bash.py:173} INFO - Sweden: CO2 35, mix [('hydro', 6037, '42'), ('nuclear', 4270, '30'), ('wind', 2856, '20')]
[2022-07-03 18:00:09,350] {bash.py:173} INFO - Finland: CO2 127, mix [('nuclear', 3153, '33'), ('hydro', 2825, '30'), ('wind', 1585, '17')]
[2022-07-03 18:00:09,350] {bash.py:173} INFO - Germany
[2022-07-03 18:00:09,350] {bash.py:173} INFO - 58667
[2022-07-03 18:00:09,351] {bash.py:173} INFO - UK
[2022-07-03 18:00:09,351] {bash.py:173} INFO - 30971
[2022-07-03 18:00:09,351] {bash.py:173} INFO - Germany: CO2 360, mix [('coal', 18391, '31'), ('wind', 15655, '27'), ('gas', 6958, '12')]
[2022-07-03 18:00:09,351] {bash.py:173} INFO - UK: CO2 265, mix [('gas', 13631, '44'), ('wind', 6917, '22'), ('nuclear', 5047, '16')]
[2022-07-03 18:00:09,404] {bash.py:177} INFO - Command exited with return code 0
[2022-07-03 18:00:09,423] {taskinstance.py:1159} INFO - Marking task as SUCCESS. dag_id=matchup, task_id=run_script, execution_date=20220703T120000, start_date=20220703T180005, end_date=20220703T180009
[2022-07-03 18:00:09,442] {taskinstance.py:1220} INFO - 0 downstream tasks scheduled from follow-on schedule check
[2022-07-03 18:00:09,463] {local_task_job.py:146} INFO - Task exited with return code 0
