[2022-04-12 12:00:03,869] {taskinstance.py:851} INFO - Dependencies all met for <TaskInstance: matchup.run_script 2022-04-12T06:00:00+00:00 [queued]>
[2022-04-12 12:00:03,873] {taskinstance.py:851} INFO - Dependencies all met for <TaskInstance: matchup.run_script 2022-04-12T06:00:00+00:00 [queued]>
[2022-04-12 12:00:03,873] {taskinstance.py:1042} INFO - 
--------------------------------------------------------------------------------
[2022-04-12 12:00:03,873] {taskinstance.py:1043} INFO - Starting attempt 1 of 6
[2022-04-12 12:00:03,873] {taskinstance.py:1044} INFO - 
--------------------------------------------------------------------------------
[2022-04-12 12:00:03,886] {taskinstance.py:1063} INFO - Executing <Task(BashOperator): run_script> on 2022-04-12T06:00:00+00:00
[2022-04-12 12:00:03,890] {standard_task_runner.py:52} INFO - Started process 128671 to run task
[2022-04-12 12:00:03,893] {standard_task_runner.py:76} INFO - Running: ['airflow', 'tasks', 'run', 'matchup', 'run_script', '2022-04-12T06:00:00+00:00', '--job-id', '138', '--pool', 'default_pool', '--raw', '--subdir', 'DAGS_FOLDER/matchup.py', '--cfg-path', '/tmp/tmpahxnooc9', '--error-file', '/tmp/tmpbly9q2v3']
[2022-04-12 12:00:03,894] {standard_task_runner.py:77} INFO - Job 138: Subtask run_script
[2022-04-12 12:00:03,920] {logging_mixin.py:104} INFO - Running <TaskInstance: matchup.run_script 2022-04-12T06:00:00+00:00 [running]> on host 193e33218975
[2022-04-12 12:00:03,947] {taskinstance.py:1255} INFO - Exporting the following env vars:
AIRFLOW_CTX_DAG_EMAIL=r.chesne@gmail.com
AIRFLOW_CTX_DAG_OWNER=Robin
AIRFLOW_CTX_DAG_ID=matchup
AIRFLOW_CTX_TASK_ID=run_script
AIRFLOW_CTX_EXECUTION_DATE=2022-04-12T06:00:00+00:00
AIRFLOW_CTX_DAG_RUN_ID=scheduled__2022-04-12T06:00:00+00:00
[2022-04-12 12:00:03,948] {bash.py:135} INFO - Tmp dir root location: 
 /tmp
[2022-04-12 12:00:03,948] {bash.py:158} INFO - Running command: python /app/scripts/main.py
[2022-04-12 12:00:03,956] {bash.py:169} INFO - Output:
[2022-04-12 12:00:09,316] {bash.py:173} INFO - Italy
[2022-04-12 12:00:09,316] {bash.py:173} INFO - 37867
[2022-04-12 12:00:09,316] {bash.py:173} INFO - Spain
[2022-04-12 12:00:09,316] {bash.py:173} INFO - 30022
[2022-04-12 12:00:09,316] {bash.py:173} INFO - Italy: CO2 330, mix [('gas', 13433, '35'), ('solar', 10166, '27'), ('coal', 3756, '10')]
[2022-04-12 12:00:09,316] {bash.py:173} INFO - Spain: CO2 209, mix [('gas', 9070, '30'), ('wind', 6226, '21'), ('nuclear', 5873, '20')]
[2022-04-12 12:00:09,317] {bash.py:173} INFO - Denmark
[2022-04-12 12:00:09,317] {bash.py:173} INFO - 4831
[2022-04-12 12:00:09,317] {bash.py:173} INFO - Norway
[2022-04-12 12:00:09,317] {bash.py:173} INFO - 17114
[2022-04-12 12:00:09,317] {bash.py:173} INFO - Denmark: CO2 163, mix [('wind', 1612, '33'), ('solar', 837, '17'), ('biomass', 603, '12')]
[2022-04-12 12:00:09,317] {bash.py:173} INFO - Norway: CO2 44, mix [('hydro', 14434, '84'), ('wind', 1132, '7'), ('solar', 405, '2')]
[2022-04-12 12:00:09,317] {bash.py:173} INFO - UK
[2022-04-12 12:00:09,317] {bash.py:173} INFO - 35850
[2022-04-12 12:00:09,317] {bash.py:173} INFO - Germany
[2022-04-12 12:00:09,317] {bash.py:173} INFO - 63662
[2022-04-12 12:00:09,317] {bash.py:173} INFO - UK: CO2 253, mix [('gas', 15992, '45'), ('wind', 8310, '23'), ('nuclear', 5919, '17')]
[2022-04-12 12:00:09,318] {bash.py:173} INFO - Germany: CO2 260, mix [('solar', 24921, '39'), ('coal', 15197, '24'), ('wind', 12043, '19')]
[2022-04-12 12:00:09,353] {bash.py:177} INFO - Command exited with return code 0
[2022-04-12 12:00:09,370] {taskinstance.py:1159} INFO - Marking task as SUCCESS. dag_id=matchup, task_id=run_script, execution_date=20220412T060000, start_date=20220412T120003, end_date=20220412T120009
[2022-04-12 12:00:09,386] {taskinstance.py:1220} INFO - 0 downstream tasks scheduled from follow-on schedule check
[2022-04-12 12:00:09,394] {local_task_job.py:146} INFO - Task exited with return code 0
