[2022-02-26 12:00:05,469] {taskinstance.py:851} INFO - Dependencies all met for <TaskInstance: matchup.run_script 2022-02-26T06:00:00+00:00 [queued]>
[2022-02-26 12:00:05,474] {taskinstance.py:851} INFO - Dependencies all met for <TaskInstance: matchup.run_script 2022-02-26T06:00:00+00:00 [queued]>
[2022-02-26 12:00:05,475] {taskinstance.py:1042} INFO - 
--------------------------------------------------------------------------------
[2022-02-26 12:00:05,475] {taskinstance.py:1043} INFO - Starting attempt 1 of 6
[2022-02-26 12:00:05,475] {taskinstance.py:1044} INFO - 
--------------------------------------------------------------------------------
[2022-02-26 12:00:05,483] {taskinstance.py:1063} INFO - Executing <Task(BashOperator): run_script> on 2022-02-26T06:00:00+00:00
[2022-02-26 12:00:05,487] {standard_task_runner.py:52} INFO - Started process 113228 to run task
[2022-02-26 12:00:05,497] {standard_task_runner.py:76} INFO - Running: ['airflow', 'tasks', 'run', 'matchup', 'run_script', '2022-02-26T06:00:00+00:00', '--job-id', '86', '--pool', 'default_pool', '--raw', '--subdir', 'DAGS_FOLDER/matchup.py', '--cfg-path', '/tmp/tmpoff5bthr', '--error-file', '/tmp/tmprtp1xrcy']
[2022-02-26 12:00:05,498] {standard_task_runner.py:77} INFO - Job 86: Subtask run_script
[2022-02-26 12:00:05,544] {logging_mixin.py:104} INFO - Running <TaskInstance: matchup.run_script 2022-02-26T06:00:00+00:00 [running]> on host 531edfb863fc
[2022-02-26 12:00:05,588] {taskinstance.py:1255} INFO - Exporting the following env vars:
AIRFLOW_CTX_DAG_EMAIL=r.chesne@gmail.com
AIRFLOW_CTX_DAG_OWNER=Robin
AIRFLOW_CTX_DAG_ID=matchup
AIRFLOW_CTX_TASK_ID=run_script
AIRFLOW_CTX_EXECUTION_DATE=2022-02-26T06:00:00+00:00
AIRFLOW_CTX_DAG_RUN_ID=scheduled__2022-02-26T06:00:00+00:00
[2022-02-26 12:00:05,589] {bash.py:135} INFO - Tmp dir root location: 
 /tmp
[2022-02-26 12:00:05,590] {bash.py:158} INFO - Running command: python /app/scripts/main.py
[2022-02-26 12:00:05,600] {bash.py:169} INFO - Output:
[2022-02-26 12:00:11,473] {bash.py:173} INFO - Spain: CO2 174, mix [('nuclear', 8130, '28'), ('gas', 7465, '26'), ('wind', 6606, '23')]
[2022-02-26 12:00:11,474] {bash.py:173} INFO - Italy: CO2 293, mix [('gas', 9231, '26'), ('solar', 6990, '20'), ('coal', 4574, '13')]
[2022-02-26 12:00:11,474] {bash.py:173} INFO - Norway: CO2 27, mix [('hydro', 16884, '87'), ('wind', 1924, '10'), ('hydro discharge', 417, '2')]
[2022-02-26 12:00:11,474] {bash.py:173} INFO - Sweden: CO2 53, mix [('hydro', 9014, '53'), ('nuclear', 4627, '27'), ('unknown', 1850, '11')]
[2022-02-26 12:00:11,474] {bash.py:173} INFO - UK: CO2 173, mix [('wind', 10013, '32'), ('gas', 7244, '23'), ('nuclear', 5701, '18')]
[2022-02-26 12:00:11,474] {bash.py:173} INFO - France: CO2 76, mix [('nuclear', 41734, '63'), ('solar', 7549, '11'), ('gas', 5547, '8')]
[2022-02-26 12:00:11,542] {bash.py:177} INFO - Command exited with return code 0
[2022-02-26 12:00:11,568] {taskinstance.py:1159} INFO - Marking task as SUCCESS. dag_id=matchup, task_id=run_script, execution_date=20220226T060000, start_date=20220226T120005, end_date=20220226T120011
[2022-02-26 12:00:11,590] {taskinstance.py:1220} INFO - 0 downstream tasks scheduled from follow-on schedule check
[2022-02-26 12:00:11,620] {local_task_job.py:146} INFO - Task exited with return code 0
