[2022-06-28 06:00:04,469] {taskinstance.py:851} INFO - Dependencies all met for <TaskInstance: matchup.run_script 2022-06-28T00:00:00+00:00 [queued]>
[2022-06-28 06:00:04,474] {taskinstance.py:851} INFO - Dependencies all met for <TaskInstance: matchup.run_script 2022-06-28T00:00:00+00:00 [queued]>
[2022-06-28 06:00:04,474] {taskinstance.py:1042} INFO - 
--------------------------------------------------------------------------------
[2022-06-28 06:00:04,474] {taskinstance.py:1043} INFO - Starting attempt 1 of 6
[2022-06-28 06:00:04,474] {taskinstance.py:1044} INFO - 
--------------------------------------------------------------------------------
[2022-06-28 06:00:04,485] {taskinstance.py:1063} INFO - Executing <Task(BashOperator): run_script> on 2022-06-28T00:00:00+00:00
[2022-06-28 06:00:04,488] {standard_task_runner.py:52} INFO - Started process 96970 to run task
[2022-06-28 06:00:04,491] {standard_task_runner.py:76} INFO - Running: ['airflow', 'tasks', 'run', 'matchup', 'run_script', '2022-06-28T00:00:00+00:00', '--job-id', '1465', '--pool', 'default_pool', '--raw', '--subdir', 'DAGS_FOLDER/matchup.py', '--cfg-path', '/tmp/tmpduiwimjx', '--error-file', '/tmp/tmpuho18aki']
[2022-06-28 06:00:04,491] {standard_task_runner.py:77} INFO - Job 1465: Subtask run_script
[2022-06-28 06:00:04,519] {logging_mixin.py:104} INFO - Running <TaskInstance: matchup.run_script 2022-06-28T00:00:00+00:00 [running]> on host b5b34dd97903
[2022-06-28 06:00:04,557] {taskinstance.py:1255} INFO - Exporting the following env vars:
AIRFLOW_CTX_DAG_EMAIL=r.chesne@gmail.com
AIRFLOW_CTX_DAG_OWNER=Robin
AIRFLOW_CTX_DAG_ID=matchup
AIRFLOW_CTX_TASK_ID=run_script
AIRFLOW_CTX_EXECUTION_DATE=2022-06-28T00:00:00+00:00
AIRFLOW_CTX_DAG_RUN_ID=scheduled__2022-06-28T00:00:00+00:00
[2022-06-28 06:00:04,557] {bash.py:135} INFO - Tmp dir root location: 
 /tmp
[2022-06-28 06:00:04,558] {bash.py:158} INFO - Running command: python /app/scripts/main.py
[2022-06-28 06:00:04,567] {bash.py:169} INFO - Output:
[2022-06-28 06:00:09,050] {bash.py:173} INFO - Spain
[2022-06-28 06:00:09,050] {bash.py:173} INFO - 26322
[2022-06-28 06:00:09,050] {bash.py:173} INFO - Italy
[2022-06-28 06:00:09,050] {bash.py:173} INFO - 28179
[2022-06-28 06:00:09,050] {bash.py:173} INFO - Spain: CO2 272, mix [('gas', 11246, '43'), ('nuclear', 7027, '27'), ('wind', 2903, '11')]
[2022-06-28 06:00:09,050] {bash.py:173} INFO - Italy: CO2 399, mix [('gas', 14722, '52'), ('hydro', 4456, '16'), ('coal', 2639, '9')]
[2022-06-28 06:00:09,050] {bash.py:173} INFO - Finland
[2022-06-28 06:00:09,050] {bash.py:173} INFO - 7439
[2022-06-28 06:00:09,050] {bash.py:173} INFO - Norway
[2022-06-28 06:00:09,050] {bash.py:173} INFO - 13036
[2022-06-28 06:00:09,051] {bash.py:173} INFO - Finland: CO2 76, mix [('nuclear', 3076, '41'), ('hydro', 2104, '28'), ('wind', 1129, '15')]
[2022-06-28 06:00:09,051] {bash.py:173} INFO - Norway: CO2 39, mix [('hydro', 11633, '89'), ('wind', 807, '6'), ('gas', 353, '3')]
[2022-06-28 06:00:09,051] {bash.py:173} INFO - France
[2022-06-28 06:00:09,051] {bash.py:173} INFO - 41213
[2022-06-28 06:00:09,051] {bash.py:173} INFO - UK
[2022-06-28 06:00:09,051] {bash.py:173} INFO - 18396
[2022-06-28 06:00:09,051] {bash.py:173} INFO - France: CO2 76, mix [('nuclear', 28095, '68'), ('hydro', 4708, '11'), ('gas', 4625, '11')]
[2022-06-28 06:00:09,051] {bash.py:173} INFO - UK: CO2 270, mix [('gas', 9148, '50'), ('nuclear', 4530, '25'), ('wind', 3149, '17')]
[2022-06-28 06:00:09,083] {bash.py:177} INFO - Command exited with return code 0
[2022-06-28 06:00:09,093] {taskinstance.py:1159} INFO - Marking task as SUCCESS. dag_id=matchup, task_id=run_script, execution_date=20220628T000000, start_date=20220628T060004, end_date=20220628T060009
[2022-06-28 06:00:09,106] {taskinstance.py:1220} INFO - 0 downstream tasks scheduled from follow-on schedule check
[2022-06-28 06:00:09,114] {local_task_job.py:146} INFO - Task exited with return code 0
