[2022-03-25 06:00:03,702] {taskinstance.py:851} INFO - Dependencies all met for <TaskInstance: matchup.run_script 2022-03-25T00:00:00+00:00 [queued]>
[2022-03-25 06:00:03,707] {taskinstance.py:851} INFO - Dependencies all met for <TaskInstance: matchup.run_script 2022-03-25T00:00:00+00:00 [queued]>
[2022-03-25 06:00:03,707] {taskinstance.py:1042} INFO - 
--------------------------------------------------------------------------------
[2022-03-25 06:00:03,707] {taskinstance.py:1043} INFO - Starting attempt 1 of 6
[2022-03-25 06:00:03,707] {taskinstance.py:1044} INFO - 
--------------------------------------------------------------------------------
[2022-03-25 06:00:03,715] {taskinstance.py:1063} INFO - Executing <Task(BashOperator): run_script> on 2022-03-25T00:00:00+00:00
[2022-03-25 06:00:03,719] {standard_task_runner.py:52} INFO - Started process 493401 to run task
[2022-03-25 06:00:03,724] {standard_task_runner.py:76} INFO - Running: ['airflow', 'tasks', 'run', 'matchup', 'run_script', '2022-03-25T00:00:00+00:00', '--job-id', '473', '--pool', 'default_pool', '--raw', '--subdir', 'DAGS_FOLDER/matchup.py', '--cfg-path', '/tmp/tmpop7ft7dr', '--error-file', '/tmp/tmp4p1b0s06']
[2022-03-25 06:00:03,725] {standard_task_runner.py:77} INFO - Job 473: Subtask run_script
[2022-03-25 06:00:03,759] {logging_mixin.py:104} INFO - Running <TaskInstance: matchup.run_script 2022-03-25T00:00:00+00:00 [running]> on host 531edfb863fc
[2022-03-25 06:00:03,790] {taskinstance.py:1255} INFO - Exporting the following env vars:
AIRFLOW_CTX_DAG_EMAIL=r.chesne@gmail.com
AIRFLOW_CTX_DAG_OWNER=Robin
AIRFLOW_CTX_DAG_ID=matchup
AIRFLOW_CTX_TASK_ID=run_script
AIRFLOW_CTX_EXECUTION_DATE=2022-03-25T00:00:00+00:00
AIRFLOW_CTX_DAG_RUN_ID=scheduled__2022-03-25T00:00:00+00:00
[2022-03-25 06:00:03,791] {bash.py:135} INFO - Tmp dir root location: 
 /tmp
[2022-03-25 06:00:03,792] {bash.py:158} INFO - Running command: python /app/scripts/main.py
[2022-03-25 06:00:03,802] {bash.py:169} INFO - Output:
[2022-03-25 06:00:08,192] {bash.py:173} INFO - Italy
[2022-03-25 06:00:08,193] {bash.py:173} INFO - 25316
[2022-03-25 06:00:08,193] {bash.py:173} INFO - Spain
[2022-03-25 06:00:08,193] {bash.py:173} INFO - 21530
[2022-03-25 06:00:08,193] {bash.py:173} INFO - Italy: CO2 446, mix [('gas', 12882, '51'), ('coal', 4240, '17'), ('unknown', 2051, '8')]
[2022-03-25 06:00:08,193] {bash.py:173} INFO - Spain: CO2 173, mix [('wind', 7266, '34'), ('nuclear', 5678, '26'), ('gas', 5348, '25')]
[2022-03-25 06:00:08,193] {bash.py:173} INFO - Sweden
[2022-03-25 06:00:08,193] {bash.py:173} INFO - 16863
[2022-03-25 06:00:08,193] {bash.py:173} INFO - Norway
[2022-03-25 06:00:08,193] {bash.py:173} INFO - 14600
[2022-03-25 06:00:08,194] {bash.py:173} INFO - Sweden: CO2 37, mix [('hydro', 5587, '33'), ('nuclear', 5272, '31'), ('wind', 4685, '28')]
[2022-03-25 06:00:08,194] {bash.py:173} INFO - Norway: CO2 28, mix [('hydro', 11342, '78'), ('wind', 2447, '17'), ('nuclear', 319, '2')]
[2022-03-25 06:00:08,194] {bash.py:173} INFO - Traceback (most recent call last):
[2022-03-25 06:00:08,194] {bash.py:173} INFO -   File "/app/scripts/main.py", line 241, in <module>
[2022-03-25 06:00:08,194] {bash.py:173} INFO -     get_matchups()
[2022-03-25 06:00:08,194] {bash.py:173} INFO -   File "/app/scripts/main.py", line 51, in get_matchups
[2022-03-25 06:00:08,194] {bash.py:173} INFO -     get_data(division, country1, country2)
[2022-03-25 06:00:08,194] {bash.py:173} INFO -   File "/app/scripts/main.py", line 199, in get_data
[2022-03-25 06:00:08,194] {bash.py:173} INFO -     co2_country2 = get_co2(country2)
[2022-03-25 06:00:08,194] {bash.py:173} INFO -   File "/app/scripts/main.py", line 73, in get_co2
[2022-03-25 06:00:08,194] {bash.py:173} INFO -     country_consumption_total = get_total_consumption(country)
[2022-03-25 06:00:08,194] {bash.py:173} INFO -   File "/app/scripts/main.py", line 66, in get_total_consumption
[2022-03-25 06:00:08,194] {bash.py:173} INFO -     country_consumption_total.append(sum(res.get('powerConsumptionBreakdown').values()))
[2022-03-25 06:00:08,195] {bash.py:173} INFO - AttributeError: 'NoneType' object has no attribute 'values'
[2022-03-25 06:00:08,233] {bash.py:177} INFO - Command exited with return code 1
[2022-03-25 06:00:08,243] {taskinstance.py:1455} ERROR - Bash command failed. The command returned a non-zero exit code.
Traceback (most recent call last):
  File "/app/env/lib/python3.8/site-packages/airflow/models/taskinstance.py", line 1112, in _run_raw_task
    self._prepare_and_execute_task_with_callbacks(context, task)
  File "/app/env/lib/python3.8/site-packages/airflow/models/taskinstance.py", line 1285, in _prepare_and_execute_task_with_callbacks
    result = self._execute_task(context, task_copy)
  File "/app/env/lib/python3.8/site-packages/airflow/models/taskinstance.py", line 1315, in _execute_task
    result = task_copy.execute(context=context)
  File "/app/env/lib/python3.8/site-packages/airflow/operators/bash.py", line 180, in execute
    raise AirflowException('Bash command failed. The command returned a non-zero exit code.')
airflow.exceptions.AirflowException: Bash command failed. The command returned a non-zero exit code.
[2022-03-25 06:00:08,245] {taskinstance.py:1496} INFO - Marking task as UP_FOR_RETRY. dag_id=matchup, task_id=run_script, execution_date=20220325T000000, start_date=20220325T060003, end_date=20220325T060008
[2022-03-25 06:00:08,277] {local_task_job.py:146} INFO - Task exited with return code 1
