[2022-03-25 06:01:09,054] {taskinstance.py:851} INFO - Dependencies all met for <TaskInstance: matchup.run_script 2022-03-25T00:00:00+00:00 [queued]>
[2022-03-25 06:01:09,058] {taskinstance.py:851} INFO - Dependencies all met for <TaskInstance: matchup.run_script 2022-03-25T00:00:00+00:00 [queued]>
[2022-03-25 06:01:09,058] {taskinstance.py:1042} INFO - 
--------------------------------------------------------------------------------
[2022-03-25 06:01:09,058] {taskinstance.py:1043} INFO - Starting attempt 2 of 6
[2022-03-25 06:01:09,058] {taskinstance.py:1044} INFO - 
--------------------------------------------------------------------------------
[2022-03-25 06:01:09,065] {taskinstance.py:1063} INFO - Executing <Task(BashOperator): run_script> on 2022-03-25T00:00:00+00:00
[2022-03-25 06:01:09,070] {standard_task_runner.py:52} INFO - Started process 493418 to run task
[2022-03-25 06:01:09,076] {standard_task_runner.py:76} INFO - Running: ['airflow', 'tasks', 'run', 'matchup', 'run_script', '2022-03-25T00:00:00+00:00', '--job-id', '474', '--pool', 'default_pool', '--raw', '--subdir', 'DAGS_FOLDER/matchup.py', '--cfg-path', '/tmp/tmp0luvljcs', '--error-file', '/tmp/tmpdt3fwr9v']
[2022-03-25 06:01:09,077] {standard_task_runner.py:77} INFO - Job 474: Subtask run_script
[2022-03-25 06:01:09,105] {logging_mixin.py:104} INFO - Running <TaskInstance: matchup.run_script 2022-03-25T00:00:00+00:00 [running]> on host 531edfb863fc
[2022-03-25 06:01:09,122] {taskinstance.py:1255} INFO - Exporting the following env vars:
AIRFLOW_CTX_DAG_EMAIL=r.chesne@gmail.com
AIRFLOW_CTX_DAG_OWNER=Robin
AIRFLOW_CTX_DAG_ID=matchup
AIRFLOW_CTX_TASK_ID=run_script
AIRFLOW_CTX_EXECUTION_DATE=2022-03-25T00:00:00+00:00
AIRFLOW_CTX_DAG_RUN_ID=scheduled__2022-03-25T00:00:00+00:00
[2022-03-25 06:01:09,123] {bash.py:135} INFO - Tmp dir root location: 
 /tmp
[2022-03-25 06:01:09,123] {bash.py:158} INFO - Running command: python /app/scripts/main.py
[2022-03-25 06:01:09,131] {bash.py:169} INFO - Output:
[2022-03-25 06:01:11,856] {bash.py:173} INFO - Portugal
[2022-03-25 06:01:11,856] {bash.py:173} INFO - 5000
[2022-03-25 06:01:11,856] {bash.py:173} INFO - Spain
[2022-03-25 06:01:11,856] {bash.py:173} INFO - 21530
[2022-03-25 06:01:11,856] {bash.py:173} INFO - Portugal: CO2 213, mix [('wind', 2482, '50'), ('gas', 1871, '37'), ('biomass', 398, '8')]
[2022-03-25 06:01:11,856] {bash.py:173} INFO - Spain: CO2 173, mix [('wind', 7266, '34'), ('nuclear', 5678, '26'), ('gas', 5348, '25')]
[2022-03-25 06:01:11,856] {bash.py:173} INFO - Sweden
[2022-03-25 06:01:11,857] {bash.py:173} INFO - 16863
[2022-03-25 06:01:11,857] {bash.py:173} INFO - Denmark
[2022-03-25 06:01:11,857] {bash.py:173} INFO - 3362
[2022-03-25 06:01:11,857] {bash.py:173} INFO - Sweden: CO2 37, mix [('hydro', 5587, '33'), ('nuclear', 5272, '31'), ('wind', 4685, '28')]
[2022-03-25 06:01:11,857] {bash.py:173} INFO - Denmark: CO2 209, mix [('hydro', 925, '28'), ('wind', 869, '26'), ('coal', 569, '17')]
[2022-03-25 06:01:11,857] {bash.py:173} INFO - UK
[2022-03-25 06:01:11,857] {bash.py:173} INFO - 24333
[2022-03-25 06:01:11,857] {bash.py:173} INFO - Germany
[2022-03-25 06:01:11,857] {bash.py:173} INFO - 45769
[2022-03-25 06:01:11,857] {bash.py:173} INFO - UK: CO2 337, mix [('gas', 15705, '65'), ('nuclear', 5488, '23'), ('wind', 1101, '5')]
[2022-03-25 06:01:11,857] {bash.py:173} INFO - Germany: CO2 520, mix [('coal', 22471, '49'), ('gas', 7115, '16'), ('biomass', 4999, '11')]
[2022-03-25 06:01:11,895] {bash.py:177} INFO - Command exited with return code 0
[2022-03-25 06:01:11,913] {taskinstance.py:1159} INFO - Marking task as SUCCESS. dag_id=matchup, task_id=run_script, execution_date=20220325T000000, start_date=20220325T060109, end_date=20220325T060111
[2022-03-25 06:01:11,928] {taskinstance.py:1220} INFO - 0 downstream tasks scheduled from follow-on schedule check
[2022-03-25 06:01:11,938] {local_task_job.py:146} INFO - Task exited with return code 0
