[2022-04-17 00:00:03,199] {taskinstance.py:851} INFO - Dependencies all met for <TaskInstance: matchup.run_script 2022-04-16T18:00:00+00:00 [queued]>
[2022-04-17 00:00:03,205] {taskinstance.py:851} INFO - Dependencies all met for <TaskInstance: matchup.run_script 2022-04-16T18:00:00+00:00 [queued]>
[2022-04-17 00:00:03,205] {taskinstance.py:1042} INFO - 
--------------------------------------------------------------------------------
[2022-04-17 00:00:03,205] {taskinstance.py:1043} INFO - Starting attempt 1 of 6
[2022-04-17 00:00:03,205] {taskinstance.py:1044} INFO - 
--------------------------------------------------------------------------------
[2022-04-17 00:00:03,213] {taskinstance.py:1063} INFO - Executing <Task(BashOperator): run_script> on 2022-04-16T18:00:00+00:00
[2022-04-17 00:00:03,216] {standard_task_runner.py:52} INFO - Started process 192794 to run task
[2022-04-17 00:00:03,221] {standard_task_runner.py:76} INFO - Running: ['airflow', 'tasks', 'run', 'matchup', 'run_script', '2022-04-16T18:00:00+00:00', '--job-id', '187', '--pool', 'default_pool', '--raw', '--subdir', 'DAGS_FOLDER/matchup.py', '--cfg-path', '/tmp/tmpiizp39fc', '--error-file', '/tmp/tmpj_l99bsq']
[2022-04-17 00:00:03,222] {standard_task_runner.py:77} INFO - Job 187: Subtask run_script
[2022-04-17 00:00:03,250] {logging_mixin.py:104} INFO - Running <TaskInstance: matchup.run_script 2022-04-16T18:00:00+00:00 [running]> on host 193e33218975
[2022-04-17 00:00:03,274] {taskinstance.py:1255} INFO - Exporting the following env vars:
AIRFLOW_CTX_DAG_EMAIL=r.chesne@gmail.com
AIRFLOW_CTX_DAG_OWNER=Robin
AIRFLOW_CTX_DAG_ID=matchup
AIRFLOW_CTX_TASK_ID=run_script
AIRFLOW_CTX_EXECUTION_DATE=2022-04-16T18:00:00+00:00
AIRFLOW_CTX_DAG_RUN_ID=scheduled__2022-04-16T18:00:00+00:00
[2022-04-17 00:00:03,275] {bash.py:135} INFO - Tmp dir root location: 
 /tmp
[2022-04-17 00:00:03,275] {bash.py:158} INFO - Running command: python /app/scripts/main.py
[2022-04-17 00:00:03,283] {bash.py:169} INFO - Output:
[2022-04-17 00:00:07,972] {bash.py:173} INFO - Spain
[2022-04-17 00:00:07,972] {bash.py:173} INFO - 21997
[2022-04-17 00:00:07,972] {bash.py:173} INFO - Italy
[2022-04-17 00:00:07,972] {bash.py:173} INFO - 23782
[2022-04-17 00:00:07,972] {bash.py:173} INFO - Spain: CO2 136, mix [('wind', 7278, '33'), ('nuclear', 6365, '29'), ('gas', 3884, '18')]
[2022-04-17 00:00:07,972] {bash.py:173} INFO - Italy: CO2 308, mix [('gas', 8710, '37'), ('wind', 4788, '20'), ('unknown', 2707, '11')]
[2022-04-17 00:00:07,972] {bash.py:173} INFO - Finland
[2022-04-17 00:00:07,972] {bash.py:173} INFO - 8290
[2022-04-17 00:00:07,972] {bash.py:173} INFO - Norway
[2022-04-17 00:00:07,972] {bash.py:173} INFO - 14432
[2022-04-17 00:00:07,972] {bash.py:173} INFO - Finland: CO2 155, mix [('nuclear', 3788, '46'), ('wind', 1230, '15'), ('hydro', 975, '12')]
[2022-04-17 00:00:07,973] {bash.py:173} INFO - Norway: CO2 91, mix [('hydro', 9751, '68'), ('wind', 1760, '12'), ('nuclear', 945, '7')]
[2022-04-17 00:00:07,973] {bash.py:173} INFO - France
[2022-04-17 00:00:07,973] {bash.py:173} INFO - 40800
[2022-04-17 00:00:07,973] {bash.py:173} INFO - UK
[2022-04-17 00:00:07,973] {bash.py:173} INFO - 24151
[2022-04-17 00:00:07,973] {bash.py:173} INFO - France: CO2 36, mix [('nuclear', 26200, '64'), ('wind', 6611, '16'), ('hydro', 5580, '14')]
[2022-04-17 00:00:07,973] {bash.py:173} INFO - UK: CO2 238, mix [('gas', 10079, '42'), ('wind', 5777, '24'), ('nuclear', 5561, '23')]
[2022-04-17 00:00:08,007] {bash.py:177} INFO - Command exited with return code 0
[2022-04-17 00:00:08,024] {taskinstance.py:1159} INFO - Marking task as SUCCESS. dag_id=matchup, task_id=run_script, execution_date=20220416T180000, start_date=20220417T000003, end_date=20220417T000008
[2022-04-17 00:00:08,073] {taskinstance.py:1220} INFO - 0 downstream tasks scheduled from follow-on schedule check
[2022-04-17 00:00:08,091] {local_task_job.py:146} INFO - Task exited with return code 0
