[2022-07-13 00:00:04,660] {taskinstance.py:851} INFO - Dependencies all met for <TaskInstance: matchup.run_script 2022-07-12T18:00:00+00:00 [queued]>
[2022-07-13 00:00:04,669] {taskinstance.py:851} INFO - Dependencies all met for <TaskInstance: matchup.run_script 2022-07-12T18:00:00+00:00 [queued]>
[2022-07-13 00:00:04,669] {taskinstance.py:1042} INFO - 
--------------------------------------------------------------------------------
[2022-07-13 00:00:04,669] {taskinstance.py:1043} INFO - Starting attempt 1 of 6
[2022-07-13 00:00:04,669] {taskinstance.py:1044} INFO - 
--------------------------------------------------------------------------------
[2022-07-13 00:00:04,679] {taskinstance.py:1063} INFO - Executing <Task(BashOperator): run_script> on 2022-07-12T18:00:00+00:00
[2022-07-13 00:00:04,682] {standard_task_runner.py:52} INFO - Started process 27954 to run task
[2022-07-13 00:00:04,687] {standard_task_runner.py:76} INFO - Running: ['airflow', 'tasks', 'run', 'matchup', 'run_script', '2022-07-12T18:00:00+00:00', '--job-id', '1576', '--pool', 'default_pool', '--raw', '--subdir', 'DAGS_FOLDER/matchup.py', '--cfg-path', '/tmp/tmph96ll1x1', '--error-file', '/tmp/tmp1w03m8pb']
[2022-07-13 00:00:04,688] {standard_task_runner.py:77} INFO - Job 1576: Subtask run_script
[2022-07-13 00:00:04,723] {logging_mixin.py:104} INFO - Running <TaskInstance: matchup.run_script 2022-07-12T18:00:00+00:00 [running]> on host a41a09215c15
[2022-07-13 00:00:04,756] {taskinstance.py:1255} INFO - Exporting the following env vars:
AIRFLOW_CTX_DAG_EMAIL=r.chesne@gmail.com
AIRFLOW_CTX_DAG_OWNER=Robin
AIRFLOW_CTX_DAG_ID=matchup
AIRFLOW_CTX_TASK_ID=run_script
AIRFLOW_CTX_EXECUTION_DATE=2022-07-12T18:00:00+00:00
AIRFLOW_CTX_DAG_RUN_ID=scheduled__2022-07-12T18:00:00+00:00
[2022-07-13 00:00:04,756] {bash.py:135} INFO - Tmp dir root location: 
 /tmp
[2022-07-13 00:00:04,757] {bash.py:158} INFO - Running command: python /app/scripts/main.py
[2022-07-13 00:00:04,765] {bash.py:169} INFO - Output:
[2022-07-13 00:00:11,336] {bash.py:173} INFO - Greece
[2022-07-13 00:00:11,337] {bash.py:173} INFO - 5719
[2022-07-13 00:00:11,337] {bash.py:173} INFO - Italy
[2022-07-13 00:00:11,337] {bash.py:173} INFO - 29516
[2022-07-13 00:00:11,337] {bash.py:173} INFO - Greece: CO2 467, mix [('gas', 3598, '63'), ('coal', 1082, '19'), ('wind', 869, '15')]
[2022-07-13 00:00:11,337] {bash.py:173} INFO - Italy: CO2 401, mix [('gas', 14945, '51'), ('hydro', 4401, '15'), ('coal', 2971, '10')]
[2022-07-13 00:00:11,337] {bash.py:173} INFO - UK
[2022-07-13 00:00:11,337] {bash.py:173} INFO - 24235
[2022-07-13 00:00:11,337] {bash.py:173} INFO - Germany
[2022-07-13 00:00:11,337] {bash.py:173} INFO - 47672
[2022-07-13 00:00:11,337] {bash.py:173} INFO - UK: CO2 241, mix [('gas', 9939, '41'), ('wind', 6862, '28'), ('nuclear', 4878, '20')]
[2022-07-13 00:00:11,337] {bash.py:173} INFO - Germany: CO2 456, mix [('coal', 19136, '40'), ('gas', 8828, '19'), ('wind', 6347, '13')]
[2022-07-13 00:00:11,337] {bash.py:173} INFO - Norway
[2022-07-13 00:00:11,337] {bash.py:173} INFO - 10390
[2022-07-13 00:00:11,338] {bash.py:173} INFO - Denmark
[2022-07-13 00:00:11,338] {bash.py:173} INFO - 4276
[2022-07-13 00:00:11,338] {bash.py:173} INFO - Norway: CO2 33, mix [('hydro', 9147, '88'), ('wind', 1005, '10'), ('gas', 154, '1')]
[2022-07-13 00:00:11,338] {bash.py:173} INFO - Denmark: CO2 81, mix [('wind', 1828, '43'), ('hydro', 1367, '32'), ('nuclear', 516, '12')]
[2022-07-13 00:00:11,400] {bash.py:177} INFO - Command exited with return code 0
[2022-07-13 00:00:11,421] {taskinstance.py:1159} INFO - Marking task as SUCCESS. dag_id=matchup, task_id=run_script, execution_date=20220712T180000, start_date=20220713T000004, end_date=20220713T000011
[2022-07-13 00:00:11,442] {taskinstance.py:1220} INFO - 0 downstream tasks scheduled from follow-on schedule check
[2022-07-13 00:00:11,450] {local_task_job.py:146} INFO - Task exited with return code 0
