[2022-04-08 12:00:03,584] {taskinstance.py:851} INFO - Dependencies all met for <TaskInstance: matchup.run_script 2022-04-08T06:00:00+00:00 [queued]>
[2022-04-08 12:00:03,593] {taskinstance.py:851} INFO - Dependencies all met for <TaskInstance: matchup.run_script 2022-04-08T06:00:00+00:00 [queued]>
[2022-04-08 12:00:03,593] {taskinstance.py:1042} INFO - 
--------------------------------------------------------------------------------
[2022-04-08 12:00:03,593] {taskinstance.py:1043} INFO - Starting attempt 1 of 6
[2022-04-08 12:00:03,593] {taskinstance.py:1044} INFO - 
--------------------------------------------------------------------------------
[2022-04-08 12:00:03,604] {taskinstance.py:1063} INFO - Executing <Task(BashOperator): run_script> on 2022-04-08T06:00:00+00:00
[2022-04-08 12:00:03,608] {standard_task_runner.py:52} INFO - Started process 71679 to run task
[2022-04-08 12:00:03,614] {standard_task_runner.py:76} INFO - Running: ['airflow', 'tasks', 'run', 'matchup', 'run_script', '2022-04-08T06:00:00+00:00', '--job-id', '95', '--pool', 'default_pool', '--raw', '--subdir', 'DAGS_FOLDER/matchup.py', '--cfg-path', '/tmp/tmpl6vppmm2', '--error-file', '/tmp/tmp0by1l85s']
[2022-04-08 12:00:03,615] {standard_task_runner.py:77} INFO - Job 95: Subtask run_script
[2022-04-08 12:00:03,642] {logging_mixin.py:104} INFO - Running <TaskInstance: matchup.run_script 2022-04-08T06:00:00+00:00 [running]> on host 193e33218975
[2022-04-08 12:00:03,666] {taskinstance.py:1255} INFO - Exporting the following env vars:
AIRFLOW_CTX_DAG_EMAIL=r.chesne@gmail.com
AIRFLOW_CTX_DAG_OWNER=Robin
AIRFLOW_CTX_DAG_ID=matchup
AIRFLOW_CTX_TASK_ID=run_script
AIRFLOW_CTX_EXECUTION_DATE=2022-04-08T06:00:00+00:00
AIRFLOW_CTX_DAG_RUN_ID=scheduled__2022-04-08T06:00:00+00:00
[2022-04-08 12:00:03,666] {bash.py:135} INFO - Tmp dir root location: 
 /tmp
[2022-04-08 12:00:03,667] {bash.py:158} INFO - Running command: python /app/scripts/main.py
[2022-04-08 12:00:03,675] {bash.py:169} INFO - Output:
[2022-04-08 12:00:07,652] {bash.py:173} INFO - Italy
[2022-04-08 12:00:07,652] {bash.py:173} INFO - 38624
[2022-04-08 12:00:07,652] {bash.py:173} INFO - Spain
[2022-04-08 12:00:07,652] {bash.py:173} INFO - 30763
[2022-04-08 12:00:07,652] {bash.py:173} INFO - Italy: CO2 261, mix [('gas', 12449, '32'), ('solar', 9803, '25'), ('wind', 5123, '13')]
[2022-04-08 12:00:07,652] {bash.py:173} INFO - Spain: CO2 102, mix [('wind', 11683, '38'), ('solar', 7373, '24'), ('nuclear', 5040, '16')]
[2022-04-08 12:00:07,652] {bash.py:173} INFO - Denmark
[2022-04-08 12:00:07,652] {bash.py:173} INFO - 5635
[2022-04-08 12:00:07,652] {bash.py:173} INFO - Sweden
[2022-04-08 12:00:07,652] {bash.py:173} INFO - 19316
[2022-04-08 12:00:07,652] {bash.py:173} INFO - Denmark: CO2 138, mix [('wind', 3314, '59'), ('solar', 819, '15'), ('coal', 543, '10')]
[2022-04-08 12:00:07,652] {bash.py:173} INFO - Sweden: CO2 40, mix [('wind', 7736, '40'), ('nuclear', 5479, '28'), ('hydro', 4378, '23')]
[2022-04-08 12:00:07,653] {bash.py:173} INFO - France
[2022-04-08 12:00:07,653] {bash.py:173} INFO - 64488
[2022-04-08 12:00:07,653] {bash.py:173} INFO - UK
[2022-04-08 12:00:07,653] {bash.py:173} INFO - 37256
[2022-04-08 12:00:07,653] {bash.py:173} INFO - France: CO2 81, mix [('nuclear', 31373, '49'), ('hydro', 8854, '14'), ('wind', 8667, '13')]
[2022-04-08 12:00:07,653] {bash.py:173} INFO - UK: CO2 303, mix [('gas', 18085, '49'), ('nuclear', 5699, '15'), ('wind', 4233, '11')]
[2022-04-08 12:00:07,695] {bash.py:177} INFO - Command exited with return code 0
[2022-04-08 12:00:07,712] {taskinstance.py:1159} INFO - Marking task as SUCCESS. dag_id=matchup, task_id=run_script, execution_date=20220408T060000, start_date=20220408T120003, end_date=20220408T120007
[2022-04-08 12:00:07,725] {taskinstance.py:1220} INFO - 0 downstream tasks scheduled from follow-on schedule check
[2022-04-08 12:00:07,763] {local_task_job.py:146} INFO - Task exited with return code 0
