[2022-03-08 18:02:11,512] {taskinstance.py:851} INFO - Dependencies all met for <TaskInstance: matchup.run_script 2022-03-08T12:00:00+00:00 [queued]>
[2022-03-08 18:02:11,523] {taskinstance.py:851} INFO - Dependencies all met for <TaskInstance: matchup.run_script 2022-03-08T12:00:00+00:00 [queued]>
[2022-03-08 18:02:11,523] {taskinstance.py:1042} INFO - 
--------------------------------------------------------------------------------
[2022-03-08 18:02:11,523] {taskinstance.py:1043} INFO - Starting attempt 3 of 6
[2022-03-08 18:02:11,523] {taskinstance.py:1044} INFO - 
--------------------------------------------------------------------------------
[2022-03-08 18:02:11,534] {taskinstance.py:1063} INFO - Executing <Task(BashOperator): run_script> on 2022-03-08T12:00:00+00:00
[2022-03-08 18:02:11,539] {standard_task_runner.py:52} INFO - Started process 258662 to run task
[2022-03-08 18:02:11,544] {standard_task_runner.py:76} INFO - Running: ['airflow', 'tasks', 'run', 'matchup', 'run_script', '2022-03-08T12:00:00+00:00', '--job-id', '225', '--pool', 'default_pool', '--raw', '--subdir', 'DAGS_FOLDER/matchup.py', '--cfg-path', '/tmp/tmpj2sjr1k_', '--error-file', '/tmp/tmpcjlikqsn']
[2022-03-08 18:02:11,544] {standard_task_runner.py:77} INFO - Job 225: Subtask run_script
[2022-03-08 18:02:11,590] {logging_mixin.py:104} INFO - Running <TaskInstance: matchup.run_script 2022-03-08T12:00:00+00:00 [running]> on host 531edfb863fc
[2022-03-08 18:02:11,627] {taskinstance.py:1255} INFO - Exporting the following env vars:
AIRFLOW_CTX_DAG_EMAIL=r.chesne@gmail.com
AIRFLOW_CTX_DAG_OWNER=Robin
AIRFLOW_CTX_DAG_ID=matchup
AIRFLOW_CTX_TASK_ID=run_script
AIRFLOW_CTX_EXECUTION_DATE=2022-03-08T12:00:00+00:00
AIRFLOW_CTX_DAG_RUN_ID=scheduled__2022-03-08T12:00:00+00:00
[2022-03-08 18:02:11,628] {bash.py:135} INFO - Tmp dir root location: 
 /tmp
[2022-03-08 18:02:11,628] {bash.py:158} INFO - Running command: python /app/scripts/main.py
[2022-03-08 18:02:11,637] {bash.py:169} INFO - Output:
[2022-03-08 18:02:16,407] {bash.py:173} INFO - Spain
[2022-03-08 18:02:16,407] {bash.py:173} INFO - 30122
[2022-03-08 18:02:16,408] {bash.py:173} INFO - Italy
[2022-03-08 18:02:16,408] {bash.py:173} INFO - 41952
[2022-03-08 18:02:16,408] {bash.py:173} INFO - Spain: CO2 184, mix [('gas', 7528, '25'), ('nuclear', 7490, '25'), ('solar', 6480, '22')]
[2022-03-08 18:02:16,408] {bash.py:173} INFO - Italy: CO2 363, mix [('gas', 19365, '46'), ('wind', 5419, '13'), ('unknown', 3702, '9')]
[2022-03-08 18:02:16,408] {bash.py:173} INFO - Denmark
[2022-03-08 18:02:16,408] {bash.py:173} INFO - 4581
[2022-03-08 18:02:16,408] {bash.py:173} INFO - Sweden
[2022-03-08 18:02:16,408] {bash.py:173} INFO - 18077
[2022-03-08 18:02:16,408] {bash.py:173} INFO - Denmark: CO2 266, mix [('hydro', 1245, '27'), ('coal', 844, '18'), ('biomass', 829, '18')]
[2022-03-08 18:02:16,408] {bash.py:173} INFO - Sweden: CO2 48, mix [('hydro', 9410, '52'), ('nuclear', 5656, '31'), ('unknown', 1849, '10')]
[2022-03-08 18:02:16,408] {bash.py:173} INFO - Germany
[2022-03-08 18:02:16,408] {bash.py:173} INFO - 60156
[2022-03-08 18:02:16,408] {bash.py:173} INFO - UK
[2022-03-08 18:02:16,408] {bash.py:173} INFO - 34288
[2022-03-08 18:02:16,408] {bash.py:173} INFO - Germany: CO2 427, mix [('coal', 23037, '38'), ('wind', 10746, '18'), ('gas', 8584, '14')]
[2022-03-08 18:02:16,409] {bash.py:173} INFO - UK: CO2 188, mix [('wind', 12635, '37'), ('gas', 8054, '23'), ('nuclear', 5553, '16')]
[2022-03-08 18:02:16,461] {bash.py:177} INFO - Command exited with return code 0
[2022-03-08 18:02:16,477] {taskinstance.py:1159} INFO - Marking task as SUCCESS. dag_id=matchup, task_id=run_script, execution_date=20220308T120000, start_date=20220308T180211, end_date=20220308T180216
[2022-03-08 18:02:16,494] {taskinstance.py:1220} INFO - 0 downstream tasks scheduled from follow-on schedule check
[2022-03-08 18:02:16,538] {local_task_job.py:146} INFO - Task exited with return code 0
