[2022-02-23 06:00:04,169] {taskinstance.py:851} INFO - Dependencies all met for <TaskInstance: matchup.run_script 2022-02-23T00:00:00+00:00 [queued]>
[2022-02-23 06:00:04,175] {taskinstance.py:851} INFO - Dependencies all met for <TaskInstance: matchup.run_script 2022-02-23T00:00:00+00:00 [queued]>
[2022-02-23 06:00:04,175] {taskinstance.py:1042} INFO - 
--------------------------------------------------------------------------------
[2022-02-23 06:00:04,175] {taskinstance.py:1043} INFO - Starting attempt 1 of 6
[2022-02-23 06:00:04,175] {taskinstance.py:1044} INFO - 
--------------------------------------------------------------------------------
[2022-02-23 06:00:04,182] {taskinstance.py:1063} INFO - Executing <Task(BashOperator): run_script> on 2022-02-23T00:00:00+00:00
[2022-02-23 06:00:04,184] {standard_task_runner.py:52} INFO - Started process 67161 to run task
[2022-02-23 06:00:04,191] {standard_task_runner.py:76} INFO - Running: ['airflow', 'tasks', 'run', 'matchup', 'run_script', '2022-02-23T00:00:00+00:00', '--job-id', '60', '--pool', 'default_pool', '--raw', '--subdir', 'DAGS_FOLDER/matchup.py', '--cfg-path', '/tmp/tmpic9h04td', '--error-file', '/tmp/tmp4jojplfy']
[2022-02-23 06:00:04,191] {standard_task_runner.py:77} INFO - Job 60: Subtask run_script
[2022-02-23 06:00:04,237] {logging_mixin.py:104} INFO - Running <TaskInstance: matchup.run_script 2022-02-23T00:00:00+00:00 [running]> on host 531edfb863fc
[2022-02-23 06:00:04,269] {taskinstance.py:1255} INFO - Exporting the following env vars:
AIRFLOW_CTX_DAG_EMAIL=r.chesne@gmail.com
AIRFLOW_CTX_DAG_OWNER=Robin
AIRFLOW_CTX_DAG_ID=matchup
AIRFLOW_CTX_TASK_ID=run_script
AIRFLOW_CTX_EXECUTION_DATE=2022-02-23T00:00:00+00:00
AIRFLOW_CTX_DAG_RUN_ID=scheduled__2022-02-23T00:00:00+00:00
[2022-02-23 06:00:04,269] {bash.py:135} INFO - Tmp dir root location: 
 /tmp
[2022-02-23 06:00:04,270] {bash.py:158} INFO - Running command: python /app/scripts/main.py
[2022-02-23 06:00:04,280] {bash.py:169} INFO - Output:
[2022-02-23 06:00:07,529] {bash.py:173} INFO - ---
[2022-02-23 06:00:07,530] {bash.py:173} INFO - sending...
[2022-02-23 06:00:07,530] {bash.py:173} INFO - Southern Europe Spain Italy
[2022-02-23 06:00:07,530] {bash.py:173} INFO - ---
[2022-02-23 06:00:07,530] {bash.py:173} INFO - Spain: CO2 202, mix [('gas', 8116, '33'), ('nuclear', 7102, '29'), ('wind', 6029, '25')]
[2022-02-23 06:00:07,530] {bash.py:173} INFO - Italy: CO2 328, mix [('gas', 9528, '45'), ('wind', 5211, '24'), ('coal', 2499, '12')]
[2022-02-23 06:00:07,530] {bash.py:173} INFO - ---
[2022-02-23 06:00:07,530] {bash.py:173} INFO - sending...
[2022-02-23 06:00:07,530] {bash.py:173} INFO - Northern Europe Sweden Finland
[2022-02-23 06:00:07,530] {bash.py:173} INFO - ---
[2022-02-23 06:00:07,530] {bash.py:173} INFO - Sweden: CO2 44, mix [('hydro', 10951, '48'), ('nuclear', 5582, '25'), ('wind', 4028, '18')]
[2022-02-23 06:00:07,530] {bash.py:173} INFO - Finland: CO2 217, mix [('nuclear', 2797, '37'), ('hydro', 1969, '26'), ('coal', 1522, '20')]
[2022-02-23 06:00:07,530] {bash.py:173} INFO - ---
[2022-02-23 06:00:07,531] {bash.py:173} INFO - sending...
[2022-02-23 06:00:07,531] {bash.py:173} INFO - Central Europe UK Germany
[2022-02-23 06:00:07,531] {bash.py:173} INFO - ---
[2022-02-23 06:00:07,531] {bash.py:173} INFO - UK: CO2 149, mix [('wind', 9851, '43'), ('nuclear', 4699, '21'), ('gas', 3284, '14')]
[2022-02-23 06:00:07,531] {bash.py:173} INFO - Germany: CO2 287, mix [('wind', 33028, '49'), ('coal', 18153, '27'), ('biomass', 5175, '8')]
[2022-02-23 06:00:07,580] {bash.py:177} INFO - Command exited with return code 0
[2022-02-23 06:00:07,626] {taskinstance.py:1159} INFO - Marking task as SUCCESS. dag_id=matchup, task_id=run_script, execution_date=20220223T000000, start_date=20220223T060004, end_date=20220223T060007
[2022-02-23 06:00:07,661] {taskinstance.py:1220} INFO - 0 downstream tasks scheduled from follow-on schedule check
[2022-02-23 06:00:07,694] {local_task_job.py:146} INFO - Task exited with return code 0
