[2022-04-19 12:00:04,263] {taskinstance.py:851} INFO - Dependencies all met for <TaskInstance: matchup.run_script 2022-04-19T06:00:00+00:00 [queued]>
[2022-04-19 12:00:04,268] {taskinstance.py:851} INFO - Dependencies all met for <TaskInstance: matchup.run_script 2022-04-19T06:00:00+00:00 [queued]>
[2022-04-19 12:00:04,269] {taskinstance.py:1042} INFO - 
--------------------------------------------------------------------------------
[2022-04-19 12:00:04,269] {taskinstance.py:1043} INFO - Starting attempt 1 of 6
[2022-04-19 12:00:04,269] {taskinstance.py:1044} INFO - 
--------------------------------------------------------------------------------
[2022-04-19 12:00:04,280] {taskinstance.py:1063} INFO - Executing <Task(BashOperator): run_script> on 2022-04-19T06:00:00+00:00
[2022-04-19 12:00:04,284] {standard_task_runner.py:52} INFO - Started process 228432 to run task
[2022-04-19 12:00:04,292] {standard_task_runner.py:76} INFO - Running: ['airflow', 'tasks', 'run', 'matchup', 'run_script', '2022-04-19T06:00:00+00:00', '--job-id', '216', '--pool', 'default_pool', '--raw', '--subdir', 'DAGS_FOLDER/matchup.py', '--cfg-path', '/tmp/tmp9jzy4kko', '--error-file', '/tmp/tmpfqx630de']
[2022-04-19 12:00:04,293] {standard_task_runner.py:77} INFO - Job 216: Subtask run_script
[2022-04-19 12:00:04,331] {logging_mixin.py:104} INFO - Running <TaskInstance: matchup.run_script 2022-04-19T06:00:00+00:00 [running]> on host 193e33218975
[2022-04-19 12:00:04,378] {taskinstance.py:1255} INFO - Exporting the following env vars:
AIRFLOW_CTX_DAG_EMAIL=r.chesne@gmail.com
AIRFLOW_CTX_DAG_OWNER=Robin
AIRFLOW_CTX_DAG_ID=matchup
AIRFLOW_CTX_TASK_ID=run_script
AIRFLOW_CTX_EXECUTION_DATE=2022-04-19T06:00:00+00:00
AIRFLOW_CTX_DAG_RUN_ID=scheduled__2022-04-19T06:00:00+00:00
[2022-04-19 12:00:04,379] {bash.py:135} INFO - Tmp dir root location: 
 /tmp
[2022-04-19 12:00:04,379] {bash.py:158} INFO - Running command: python /app/scripts/main.py
[2022-04-19 12:00:04,390] {bash.py:169} INFO - Output:
[2022-04-19 12:00:09,458] {bash.py:173} INFO - Italy
[2022-04-19 12:00:09,458] {bash.py:173} INFO - 36017
[2022-04-19 12:00:09,458] {bash.py:173} INFO - Spain
[2022-04-19 12:00:09,458] {bash.py:173} INFO - 28291
[2022-04-19 12:00:09,458] {bash.py:173} INFO - Italy: CO2 304, mix [('gas', 12554, '35'), ('solar', 10358, '29'), ('unknown', 3914, '11')]
[2022-04-19 12:00:09,458] {bash.py:173} INFO - Spain: CO2 98, mix [('wind', 7816, '28'), ('solar', 7408, '26'), ('nuclear', 6275, '22')]
[2022-04-19 12:00:09,458] {bash.py:173} INFO - Norway
[2022-04-19 12:00:09,458] {bash.py:173} INFO - 15300
[2022-04-19 12:00:09,458] {bash.py:173} INFO - Denmark
[2022-04-19 12:00:09,458] {bash.py:173} INFO - 4391
[2022-04-19 12:00:09,459] {bash.py:173} INFO - Norway: CO2 32, mix [('hydro', 13914, '91'), ('wind', 640, '4'), ('hydro discharge', 376, '2')]
[2022-04-19 12:00:09,459] {bash.py:173} INFO - Denmark: CO2 198, mix [('solar', 1218, '28'), ('hydro', 857, '20'), ('biomass', 788, '18')]
[2022-04-19 12:00:09,459] {bash.py:173} INFO - UK
[2022-04-19 12:00:09,459] {bash.py:173} INFO - 33982
[2022-04-19 12:00:09,459] {bash.py:173} INFO - France
[2022-04-19 12:00:09,459] {bash.py:173} INFO - 51702
[2022-04-19 12:00:09,459] {bash.py:173} INFO - UK: CO2 315, mix [('gas', 18746, '55'), ('solar', 5307, '16'), ('nuclear', 4969, '15')]
[2022-04-19 12:00:09,459] {bash.py:173} INFO - France: CO2 78, mix [('nuclear', 31018, '60'), ('solar', 6951, '13'), ('gas', 5035, '10')]
[2022-04-19 12:00:09,496] {bash.py:177} INFO - Command exited with return code 0
[2022-04-19 12:00:09,515] {taskinstance.py:1159} INFO - Marking task as SUCCESS. dag_id=matchup, task_id=run_script, execution_date=20220419T060000, start_date=20220419T120004, end_date=20220419T120009
[2022-04-19 12:00:09,527] {taskinstance.py:1220} INFO - 0 downstream tasks scheduled from follow-on schedule check
[2022-04-19 12:00:09,547] {local_task_job.py:146} INFO - Task exited with return code 0
