[2022-03-26 00:00:03,847] {taskinstance.py:851} INFO - Dependencies all met for <TaskInstance: matchup.run_script 2022-03-25T18:00:00+00:00 [queued]>
[2022-03-26 00:00:03,851] {taskinstance.py:851} INFO - Dependencies all met for <TaskInstance: matchup.run_script 2022-03-25T18:00:00+00:00 [queued]>
[2022-03-26 00:00:03,851] {taskinstance.py:1042} INFO - 
--------------------------------------------------------------------------------
[2022-03-26 00:00:03,851] {taskinstance.py:1043} INFO - Starting attempt 1 of 6
[2022-03-26 00:00:03,851] {taskinstance.py:1044} INFO - 
--------------------------------------------------------------------------------
[2022-03-26 00:00:03,858] {taskinstance.py:1063} INFO - Executing <Task(BashOperator): run_script> on 2022-03-25T18:00:00+00:00
[2022-03-26 00:00:03,862] {standard_task_runner.py:52} INFO - Started process 504088 to run task
[2022-03-26 00:00:03,868] {standard_task_runner.py:76} INFO - Running: ['airflow', 'tasks', 'run', 'matchup', 'run_script', '2022-03-25T18:00:00+00:00', '--job-id', '485', '--pool', 'default_pool', '--raw', '--subdir', 'DAGS_FOLDER/matchup.py', '--cfg-path', '/tmp/tmpt9we8_1r', '--error-file', '/tmp/tmpp30jfzcn']
[2022-03-26 00:00:03,869] {standard_task_runner.py:77} INFO - Job 485: Subtask run_script
[2022-03-26 00:00:03,907] {logging_mixin.py:104} INFO - Running <TaskInstance: matchup.run_script 2022-03-25T18:00:00+00:00 [running]> on host 531edfb863fc
[2022-03-26 00:00:03,943] {taskinstance.py:1255} INFO - Exporting the following env vars:
AIRFLOW_CTX_DAG_EMAIL=r.chesne@gmail.com
AIRFLOW_CTX_DAG_OWNER=Robin
AIRFLOW_CTX_DAG_ID=matchup
AIRFLOW_CTX_TASK_ID=run_script
AIRFLOW_CTX_EXECUTION_DATE=2022-03-25T18:00:00+00:00
AIRFLOW_CTX_DAG_RUN_ID=scheduled__2022-03-25T18:00:00+00:00
[2022-03-26 00:00:03,943] {bash.py:135} INFO - Tmp dir root location: 
 /tmp
[2022-03-26 00:00:03,944] {bash.py:158} INFO - Running command: python /app/scripts/main.py
[2022-03-26 00:00:03,954] {bash.py:169} INFO - Output:
[2022-03-26 00:00:08,893] {bash.py:173} INFO - Italy
[2022-03-26 00:00:08,893] {bash.py:173} INFO - 32343
[2022-03-26 00:00:08,893] {bash.py:173} INFO - Spain
[2022-03-26 00:00:08,893] {bash.py:173} INFO - 28223
[2022-03-26 00:00:08,893] {bash.py:173} INFO - Italy: CO2 449, mix [('gas', 18246, '56'), ('coal', 4443, '14'), ('unknown', 2940, '9')]
[2022-03-26 00:00:08,894] {bash.py:173} INFO - Spain: CO2 201, mix [('gas', 9048, '32'), ('wind', 8119, '29'), ('nuclear', 6483, '23')]
[2022-03-26 00:00:08,894] {bash.py:173} INFO - Sweden
[2022-03-26 00:00:08,894] {bash.py:173} INFO - 15848
[2022-03-26 00:00:08,894] {bash.py:173} INFO - Norway
[2022-03-26 00:00:08,894] {bash.py:173} INFO - 15662
[2022-03-26 00:00:08,894] {bash.py:173} INFO - Sweden: CO2 31, mix [('wind', 6685, '42'), ('nuclear', 5264, '33'), ('hydro', 2892, '18')]
[2022-03-26 00:00:08,894] {bash.py:173} INFO - Norway: CO2 28, mix [('hydro', 11986, '77'), ('wind', 2918, '19'), ('nuclear', 339, '2')]
[2022-03-26 00:00:08,894] {bash.py:173} INFO - UK
[2022-03-26 00:00:08,894] {bash.py:173} INFO - 31883
[2022-03-26 00:00:08,894] {bash.py:173} INFO - Germany
[2022-03-26 00:00:08,894] {bash.py:173} INFO - 48838
[2022-03-26 00:00:08,894] {bash.py:173} INFO - UK: CO2 365, mix [('gas', 19280, '60'), ('nuclear', 6137, '19'), ('coal', 2041, '6')]
[2022-03-26 00:00:08,894] {bash.py:173} INFO - Germany: CO2 429, mix [('coal', 20811, '43'), ('wind', 11390, '23'), ('biomass', 4725, '10')]
[2022-03-26 00:00:08,932] {bash.py:177} INFO - Command exited with return code 0
[2022-03-26 00:00:08,950] {taskinstance.py:1159} INFO - Marking task as SUCCESS. dag_id=matchup, task_id=run_script, execution_date=20220325T180000, start_date=20220326T000003, end_date=20220326T000008
[2022-03-26 00:00:08,967] {taskinstance.py:1220} INFO - 0 downstream tasks scheduled from follow-on schedule check
[2022-03-26 00:00:08,972] {local_task_job.py:146} INFO - Task exited with return code 0
