[2022-04-17 18:00:03,346] {taskinstance.py:851} INFO - Dependencies all met for <TaskInstance: matchup.run_script 2022-04-17T12:00:00+00:00 [queued]>
[2022-04-17 18:00:03,350] {taskinstance.py:851} INFO - Dependencies all met for <TaskInstance: matchup.run_script 2022-04-17T12:00:00+00:00 [queued]>
[2022-04-17 18:00:03,350] {taskinstance.py:1042} INFO - 
--------------------------------------------------------------------------------
[2022-04-17 18:00:03,350] {taskinstance.py:1043} INFO - Starting attempt 1 of 6
[2022-04-17 18:00:03,350] {taskinstance.py:1044} INFO - 
--------------------------------------------------------------------------------
[2022-04-17 18:00:03,356] {taskinstance.py:1063} INFO - Executing <Task(BashOperator): run_script> on 2022-04-17T12:00:00+00:00
[2022-04-17 18:00:03,359] {standard_task_runner.py:52} INFO - Started process 203499 to run task
[2022-04-17 18:00:03,365] {standard_task_runner.py:76} INFO - Running: ['airflow', 'tasks', 'run', 'matchup', 'run_script', '2022-04-17T12:00:00+00:00', '--job-id', '198', '--pool', 'default_pool', '--raw', '--subdir', 'DAGS_FOLDER/matchup.py', '--cfg-path', '/tmp/tmpyja1u_0g', '--error-file', '/tmp/tmpvbgsll5j']
[2022-04-17 18:00:03,366] {standard_task_runner.py:77} INFO - Job 198: Subtask run_script
[2022-04-17 18:00:03,392] {logging_mixin.py:104} INFO - Running <TaskInstance: matchup.run_script 2022-04-17T12:00:00+00:00 [running]> on host 193e33218975
[2022-04-17 18:00:03,413] {taskinstance.py:1255} INFO - Exporting the following env vars:
AIRFLOW_CTX_DAG_EMAIL=r.chesne@gmail.com
AIRFLOW_CTX_DAG_OWNER=Robin
AIRFLOW_CTX_DAG_ID=matchup
AIRFLOW_CTX_TASK_ID=run_script
AIRFLOW_CTX_EXECUTION_DATE=2022-04-17T12:00:00+00:00
AIRFLOW_CTX_DAG_RUN_ID=scheduled__2022-04-17T12:00:00+00:00
[2022-04-17 18:00:03,413] {bash.py:135} INFO - Tmp dir root location: 
 /tmp
[2022-04-17 18:00:03,413] {bash.py:158} INFO - Running command: python /app/scripts/main.py
[2022-04-17 18:00:03,420] {bash.py:169} INFO - Output:
[2022-04-17 18:00:07,299] {bash.py:173} INFO - Spain
[2022-04-17 18:00:07,299] {bash.py:173} INFO - 20260
[2022-04-17 18:00:07,299] {bash.py:173} INFO - Italy
[2022-04-17 18:00:07,299] {bash.py:173} INFO - 22550
[2022-04-17 18:00:07,299] {bash.py:173} INFO - Spain: CO2 113, mix [('solar', 7359, '36'), ('nuclear', 5105, '25'), ('wind', 2886, '14')]
[2022-04-17 18:00:07,299] {bash.py:173} INFO - Italy: CO2 230, mix [('wind', 6078, '27'), ('gas', 5174, '23'), ('solar', 5060, '22')]
[2022-04-17 18:00:07,300] {bash.py:173} INFO - Denmark
[2022-04-17 18:00:07,300] {bash.py:173} INFO - 3904
[2022-04-17 18:00:07,300] {bash.py:173} INFO - Sweden
[2022-04-17 18:00:07,300] {bash.py:173} INFO - 13334
[2022-04-17 18:00:07,300] {bash.py:173} INFO - Denmark: CO2 222, mix [('solar', 1154, '30'), ('biomass', 560, '14'), ('coal', 541, '14')]
[2022-04-17 18:00:07,300] {bash.py:173} INFO - Sweden: CO2 48, mix [('hydro', 6307, '47'), ('nuclear', 5165, '39'), ('unknown', 1238, '9')]
[2022-04-17 18:00:07,300] {bash.py:173} INFO - Germany
[2022-04-17 18:00:07,300] {bash.py:173} INFO - 41488
[2022-04-17 18:00:07,300] {bash.py:173} INFO - UK
[2022-04-17 18:00:07,300] {bash.py:173} INFO - 26869
[2022-04-17 18:00:07,300] {bash.py:173} INFO - Germany: CO2 251, mix [('solar', 15437, '37'), ('coal', 8293, '20'), ('biomass', 4576, '11')]
[2022-04-17 18:00:07,300] {bash.py:173} INFO - UK: CO2 84, mix [('wind', 9956, '37'), ('nuclear', 7483, '28'), ('solar', 4693, '17')]
[2022-04-17 18:00:07,336] {bash.py:177} INFO - Command exited with return code 0
[2022-04-17 18:00:07,352] {taskinstance.py:1159} INFO - Marking task as SUCCESS. dag_id=matchup, task_id=run_script, execution_date=20220417T120000, start_date=20220417T180003, end_date=20220417T180007
[2022-04-17 18:00:07,364] {taskinstance.py:1220} INFO - 0 downstream tasks scheduled from follow-on schedule check
[2022-04-17 18:00:07,389] {local_task_job.py:146} INFO - Task exited with return code 0
