[2022-04-26 18:00:04,071] {taskinstance.py:851} INFO - Dependencies all met for <TaskInstance: matchup.run_script 2022-04-26T12:00:00+00:00 [queued]>
[2022-04-26 18:00:04,075] {taskinstance.py:851} INFO - Dependencies all met for <TaskInstance: matchup.run_script 2022-04-26T12:00:00+00:00 [queued]>
[2022-04-26 18:00:04,075] {taskinstance.py:1042} INFO - 
--------------------------------------------------------------------------------
[2022-04-26 18:00:04,075] {taskinstance.py:1043} INFO - Starting attempt 1 of 6
[2022-04-26 18:00:04,075] {taskinstance.py:1044} INFO - 
--------------------------------------------------------------------------------
[2022-04-26 18:00:04,082] {taskinstance.py:1063} INFO - Executing <Task(BashOperator): run_script> on 2022-04-26T12:00:00+00:00
[2022-04-26 18:00:04,085] {standard_task_runner.py:52} INFO - Started process 331755 to run task
[2022-04-26 18:00:04,089] {standard_task_runner.py:76} INFO - Running: ['airflow', 'tasks', 'run', 'matchup', 'run_script', '2022-04-26T12:00:00+00:00', '--job-id', '300', '--pool', 'default_pool', '--raw', '--subdir', 'DAGS_FOLDER/matchup.py', '--cfg-path', '/tmp/tmp3wau2y4x', '--error-file', '/tmp/tmp3n_8zexn']
[2022-04-26 18:00:04,089] {standard_task_runner.py:77} INFO - Job 300: Subtask run_script
[2022-04-26 18:00:04,130] {logging_mixin.py:104} INFO - Running <TaskInstance: matchup.run_script 2022-04-26T12:00:00+00:00 [running]> on host 193e33218975
[2022-04-26 18:00:04,165] {taskinstance.py:1255} INFO - Exporting the following env vars:
AIRFLOW_CTX_DAG_EMAIL=r.chesne@gmail.com
AIRFLOW_CTX_DAG_OWNER=Robin
AIRFLOW_CTX_DAG_ID=matchup
AIRFLOW_CTX_TASK_ID=run_script
AIRFLOW_CTX_EXECUTION_DATE=2022-04-26T12:00:00+00:00
AIRFLOW_CTX_DAG_RUN_ID=scheduled__2022-04-26T12:00:00+00:00
[2022-04-26 18:00:04,165] {bash.py:135} INFO - Tmp dir root location: 
 /tmp
[2022-04-26 18:00:04,165] {bash.py:158} INFO - Running command: python /app/scripts/main.py
[2022-04-26 18:00:04,171] {bash.py:169} INFO - Output:
[2022-04-26 18:00:07,155] {bash.py:173} INFO - Portugal
[2022-04-26 18:00:07,155] {bash.py:173} INFO - 5125
[2022-04-26 18:00:07,155] {bash.py:173} INFO - Spain
[2022-04-26 18:00:07,155] {bash.py:173} INFO - 32730
[2022-04-26 18:00:07,156] {bash.py:173} INFO - Portugal: CO2 322, mix [('gas', 3051, '60'), ('wind', 720, '14'), ('solar', 540, '11')]
[2022-04-26 18:00:07,156] {bash.py:173} INFO - Spain: CO2 174, mix [('wind', 9754, '30'), ('gas', 8070, '25'), ('nuclear', 6079, '19')]
[2022-04-26 18:00:07,156] {bash.py:173} INFO - Denmark
[2022-04-26 18:00:07,156] {bash.py:173} INFO - 6452
[2022-04-26 18:00:07,156] {bash.py:173} INFO - Sweden
[2022-04-26 18:00:07,156] {bash.py:173} INFO - 18469
[2022-04-26 18:00:07,156] {bash.py:173} INFO - Denmark: CO2 141, mix [('wind', 3159, '49'), ('hydro', 1132, '18'), ('biomass', 674, '10')]
[2022-04-26 18:00:07,156] {bash.py:173} INFO - Sweden: CO2 40, mix [('hydro', 7738, '42'), ('nuclear', 5761, '31'), ('wind', 3379, '18')]
[2022-04-26 18:00:07,156] {bash.py:173} INFO - France
[2022-04-26 18:00:07,156] {bash.py:173} INFO - 57888
[2022-04-26 18:00:07,156] {bash.py:173} INFO - UK
[2022-04-26 18:00:07,156] {bash.py:173} INFO - 32850
[2022-04-26 18:00:07,156] {bash.py:173} INFO - France: CO2 73, mix [('nuclear', 31550, '55'), ('wind', 9612, '17'), ('hydro', 7920, '14')]
[2022-04-26 18:00:07,156] {bash.py:173} INFO - UK: CO2 255, mix [('gas', 13146, '40'), ('wind', 9870, '30'), ('nuclear', 5175, '16')]
[2022-04-26 18:00:07,190] {bash.py:177} INFO - Command exited with return code 0
[2022-04-26 18:00:07,210] {taskinstance.py:1159} INFO - Marking task as SUCCESS. dag_id=matchup, task_id=run_script, execution_date=20220426T120000, start_date=20220426T180004, end_date=20220426T180007
[2022-04-26 18:00:07,224] {taskinstance.py:1220} INFO - 0 downstream tasks scheduled from follow-on schedule check
[2022-04-26 18:00:07,231] {local_task_job.py:146} INFO - Task exited with return code 0
