[2022-04-14 12:02:06,439] {taskinstance.py:851} INFO - Dependencies all met for <TaskInstance: matchup.run_script 2022-04-14T06:00:00+00:00 [queued]>
[2022-04-14 12:02:06,443] {taskinstance.py:851} INFO - Dependencies all met for <TaskInstance: matchup.run_script 2022-04-14T06:00:00+00:00 [queued]>
[2022-04-14 12:02:06,443] {taskinstance.py:1042} INFO - 
--------------------------------------------------------------------------------
[2022-04-14 12:02:06,443] {taskinstance.py:1043} INFO - Starting attempt 3 of 6
[2022-04-14 12:02:06,443] {taskinstance.py:1044} INFO - 
--------------------------------------------------------------------------------
[2022-04-14 12:02:06,452] {taskinstance.py:1063} INFO - Executing <Task(BashOperator): run_script> on 2022-04-14T06:00:00+00:00
[2022-04-14 12:02:06,456] {standard_task_runner.py:52} INFO - Started process 157197 to run task
[2022-04-14 12:02:06,462] {standard_task_runner.py:76} INFO - Running: ['airflow', 'tasks', 'run', 'matchup', 'run_script', '2022-04-14T06:00:00+00:00', '--job-id', '161', '--pool', 'default_pool', '--raw', '--subdir', 'DAGS_FOLDER/matchup.py', '--cfg-path', '/tmp/tmp14sp_8da', '--error-file', '/tmp/tmpmzp6lvnh']
[2022-04-14 12:02:06,462] {standard_task_runner.py:77} INFO - Job 161: Subtask run_script
[2022-04-14 12:02:06,490] {logging_mixin.py:104} INFO - Running <TaskInstance: matchup.run_script 2022-04-14T06:00:00+00:00 [running]> on host 193e33218975
[2022-04-14 12:02:06,512] {taskinstance.py:1255} INFO - Exporting the following env vars:
AIRFLOW_CTX_DAG_EMAIL=r.chesne@gmail.com
AIRFLOW_CTX_DAG_OWNER=Robin
AIRFLOW_CTX_DAG_ID=matchup
AIRFLOW_CTX_TASK_ID=run_script
AIRFLOW_CTX_EXECUTION_DATE=2022-04-14T06:00:00+00:00
AIRFLOW_CTX_DAG_RUN_ID=scheduled__2022-04-14T06:00:00+00:00
[2022-04-14 12:02:06,512] {bash.py:135} INFO - Tmp dir root location: 
 /tmp
[2022-04-14 12:02:06,513] {bash.py:158} INFO - Running command: python /app/scripts/main.py
[2022-04-14 12:02:06,521] {bash.py:169} INFO - Output:
[2022-04-14 12:02:11,159] {bash.py:173} INFO - Italy
[2022-04-14 12:02:11,160] {bash.py:173} INFO - 38186
[2022-04-14 12:02:11,160] {bash.py:173} INFO - Spain
[2022-04-14 12:02:11,160] {bash.py:173} INFO - 24734
[2022-04-14 12:02:11,160] {bash.py:173} INFO - Italy: CO2 284, mix [('gas', 11069, '29'), ('solar', 10682, '28'), ('coal', 3442, '9')]
[2022-04-14 12:02:11,160] {bash.py:173} INFO - Spain: CO2 139, mix [('solar', 8867, '36'), ('nuclear', 5705, '23'), ('wind', 3356, '14')]
[2022-04-14 12:02:11,160] {bash.py:173} INFO - Sweden
[2022-04-14 12:02:11,160] {bash.py:173} INFO - 17145
[2022-04-14 12:02:11,160] {bash.py:173} INFO - Norway
[2022-04-14 12:02:11,160] {bash.py:173} INFO - 16439
[2022-04-14 12:02:11,160] {bash.py:173} INFO - Sweden: CO2 42, mix [('hydro', 8832, '52'), ('nuclear', 5692, '33'), ('unknown', 1541, '9')]
[2022-04-14 12:02:11,160] {bash.py:173} INFO - Norway: CO2 29, mix [('hydro', 15592, '95'), ('hydro discharge', 408, '2'), ('wind', 274, '2')]
[2022-04-14 12:02:11,160] {bash.py:173} INFO - France
[2022-04-14 12:02:11,160] {bash.py:173} INFO - 53246
[2022-04-14 12:02:11,160] {bash.py:173} INFO - UK
[2022-04-14 12:02:11,160] {bash.py:173} INFO - 34879
[2022-04-14 12:02:11,161] {bash.py:173} INFO - France: CO2 64, mix [('nuclear', 32053, '60'), ('solar', 8402, '16'), ('hydro', 5895, '11')]
[2022-04-14 12:02:11,161] {bash.py:173} INFO - UK: CO2 312, mix [('gas', 19715, '57'), ('nuclear', 6642, '19'), ('solar', 4482, '13')]
[2022-04-14 12:02:11,201] {bash.py:177} INFO - Command exited with return code 0
[2022-04-14 12:02:11,219] {taskinstance.py:1159} INFO - Marking task as SUCCESS. dag_id=matchup, task_id=run_script, execution_date=20220414T060000, start_date=20220414T120206, end_date=20220414T120211
[2022-04-14 12:02:11,236] {taskinstance.py:1220} INFO - 0 downstream tasks scheduled from follow-on schedule check
[2022-04-14 12:02:11,250] {local_task_job.py:146} INFO - Task exited with return code 0
