[2022-06-30 18:00:02,861] {taskinstance.py:851} INFO - Dependencies all met for <TaskInstance: matchup.run_script 2022-06-30T12:00:00+00:00 [queued]>
[2022-06-30 18:00:02,865] {taskinstance.py:851} INFO - Dependencies all met for <TaskInstance: matchup.run_script 2022-06-30T12:00:00+00:00 [queued]>
[2022-06-30 18:00:02,865] {taskinstance.py:1042} INFO - 
--------------------------------------------------------------------------------
[2022-06-30 18:00:02,865] {taskinstance.py:1043} INFO - Starting attempt 1 of 6
[2022-06-30 18:00:02,865] {taskinstance.py:1044} INFO - 
--------------------------------------------------------------------------------
[2022-06-30 18:00:02,870] {taskinstance.py:1063} INFO - Executing <Task(BashOperator): run_script> on 2022-06-30T12:00:00+00:00
[2022-06-30 18:00:02,872] {standard_task_runner.py:52} INFO - Started process 816 to run task
[2022-06-30 18:00:02,876] {standard_task_runner.py:76} INFO - Running: ['airflow', 'tasks', 'run', 'matchup', 'run_script', '2022-06-30T12:00:00+00:00', '--job-id', '1486', '--pool', 'default_pool', '--raw', '--subdir', 'DAGS_FOLDER/matchup.py', '--cfg-path', '/tmp/tmpmj5nsz_p', '--error-file', '/tmp/tmpn8hydheh']
[2022-06-30 18:00:02,876] {standard_task_runner.py:77} INFO - Job 1486: Subtask run_script
[2022-06-30 18:00:02,894] {logging_mixin.py:104} INFO - Running <TaskInstance: matchup.run_script 2022-06-30T12:00:00+00:00 [running]> on host a41a09215c15
[2022-06-30 18:00:02,911] {taskinstance.py:1255} INFO - Exporting the following env vars:
AIRFLOW_CTX_DAG_EMAIL=r.chesne@gmail.com
AIRFLOW_CTX_DAG_OWNER=Robin
AIRFLOW_CTX_DAG_ID=matchup
AIRFLOW_CTX_TASK_ID=run_script
AIRFLOW_CTX_EXECUTION_DATE=2022-06-30T12:00:00+00:00
AIRFLOW_CTX_DAG_RUN_ID=scheduled__2022-06-30T12:00:00+00:00
[2022-06-30 18:00:02,911] {bash.py:135} INFO - Tmp dir root location: 
 /tmp
[2022-06-30 18:00:02,911] {bash.py:158} INFO - Running command: python /app/scripts/main.py
[2022-06-30 18:00:02,916] {bash.py:169} INFO - Output:
[2022-06-30 18:00:06,326] {bash.py:173} INFO - Spain
[2022-06-30 18:00:06,327] {bash.py:173} INFO - 33278
[2022-06-30 18:00:06,327] {bash.py:173} INFO - Greece
[2022-06-30 18:00:06,327] {bash.py:173} INFO - 6153
[2022-06-30 18:00:06,327] {bash.py:173} INFO - Spain: CO2 205, mix [('gas', 10389, '31'), ('solar', 8035, '24'), ('nuclear', 5818, '17')]
[2022-06-30 18:00:06,327] {bash.py:173} INFO - Greece: CO2 351, mix [('gas', 2972, '48'), ('wind', 923, '15'), ('coal', 733, '12')]
[2022-06-30 18:00:06,327] {bash.py:173} INFO - Denmark
[2022-06-30 18:00:06,327] {bash.py:173} INFO - 4816
[2022-06-30 18:00:06,327] {bash.py:173} INFO - Norway
[2022-06-30 18:00:06,327] {bash.py:173} INFO - 12932
[2022-06-30 18:00:06,327] {bash.py:173} INFO - Denmark: CO2 108, mix [('hydro', 1631, '34'), ('wind', 1496, '31'), ('solar', 421, '9')]
[2022-06-30 18:00:06,327] {bash.py:173} INFO - Norway: CO2 31, mix [('hydro', 11976, '93'), ('wind', 726, '6'), ('gas', 121, '1')]
[2022-06-30 18:00:06,327] {bash.py:173} INFO - Germany
[2022-06-30 18:00:06,327] {bash.py:173} INFO - 65672
[2022-06-30 18:00:06,327] {bash.py:173} INFO - UK
[2022-06-30 18:00:06,327] {bash.py:173} INFO - 31529
[2022-06-30 18:00:06,327] {bash.py:173} INFO - Germany: CO2 390, mix [('coal', 21262, '32'), ('gas', 10793, '16'), ('solar', 10197, '16')]
[2022-06-30 18:00:06,327] {bash.py:173} INFO - UK: CO2 250, mix [('gas', 14096, '45'), ('nuclear', 5604, '18'), ('wind', 4174, '13')]
[2022-06-30 18:00:06,351] {bash.py:177} INFO - Command exited with return code 0
[2022-06-30 18:00:06,360] {taskinstance.py:1159} INFO - Marking task as SUCCESS. dag_id=matchup, task_id=run_script, execution_date=20220630T120000, start_date=20220630T180002, end_date=20220630T180006
[2022-06-30 18:00:06,369] {taskinstance.py:1220} INFO - 0 downstream tasks scheduled from follow-on schedule check
[2022-06-30 18:00:06,374] {local_task_job.py:146} INFO - Task exited with return code 0
