[2022-07-08 18:00:04,135] {taskinstance.py:851} INFO - Dependencies all met for <TaskInstance: matchup.run_script 2022-07-08T12:00:00+00:00 [queued]>
[2022-07-08 18:00:04,142] {taskinstance.py:851} INFO - Dependencies all met for <TaskInstance: matchup.run_script 2022-07-08T12:00:00+00:00 [queued]>
[2022-07-08 18:00:04,143] {taskinstance.py:1042} INFO - 
--------------------------------------------------------------------------------
[2022-07-08 18:00:04,143] {taskinstance.py:1043} INFO - Starting attempt 1 of 6
[2022-07-08 18:00:04,143] {taskinstance.py:1044} INFO - 
--------------------------------------------------------------------------------
[2022-07-08 18:00:04,153] {taskinstance.py:1063} INFO - Executing <Task(BashOperator): run_script> on 2022-07-08T12:00:00+00:00
[2022-07-08 18:00:04,156] {standard_task_runner.py:52} INFO - Started process 15505 to run task
[2022-07-08 18:00:04,161] {standard_task_runner.py:76} INFO - Running: ['airflow', 'tasks', 'run', 'matchup', 'run_script', '2022-07-08T12:00:00+00:00', '--job-id', '1542', '--pool', 'default_pool', '--raw', '--subdir', 'DAGS_FOLDER/matchup.py', '--cfg-path', '/tmp/tmp2w6gueg_', '--error-file', '/tmp/tmpj91ezs4c']
[2022-07-08 18:00:04,162] {standard_task_runner.py:77} INFO - Job 1542: Subtask run_script
[2022-07-08 18:00:04,192] {logging_mixin.py:104} INFO - Running <TaskInstance: matchup.run_script 2022-07-08T12:00:00+00:00 [running]> on host a41a09215c15
[2022-07-08 18:00:04,223] {taskinstance.py:1255} INFO - Exporting the following env vars:
AIRFLOW_CTX_DAG_EMAIL=r.chesne@gmail.com
AIRFLOW_CTX_DAG_OWNER=Robin
AIRFLOW_CTX_DAG_ID=matchup
AIRFLOW_CTX_TASK_ID=run_script
AIRFLOW_CTX_EXECUTION_DATE=2022-07-08T12:00:00+00:00
AIRFLOW_CTX_DAG_RUN_ID=scheduled__2022-07-08T12:00:00+00:00
[2022-07-08 18:00:04,223] {bash.py:135} INFO - Tmp dir root location: 
 /tmp
[2022-07-08 18:00:04,224] {bash.py:158} INFO - Running command: python /app/scripts/main.py
[2022-07-08 18:00:04,229] {bash.py:169} INFO - Output:
[2022-07-08 18:00:48,130] {bash.py:173} INFO - Italy
[2022-07-08 18:00:48,130] {bash.py:173} INFO - 43537
[2022-07-08 18:00:48,130] {bash.py:173} INFO - Portugal
[2022-07-08 18:00:48,131] {bash.py:173} INFO - 4048
[2022-07-08 18:00:48,131] {bash.py:173} INFO - Italy: CO2 361, mix [('gas', 20964, '48'), ('hydro', 7142, '16'), ('solar', 3411, '8')]
[2022-07-08 18:00:48,131] {bash.py:173} INFO - Portugal: CO2 315, mix [('gas', 2277, '56'), ('solar', 722, '18'), ('wind', 457, '11')]
[2022-07-08 18:00:48,131] {bash.py:173} INFO - France
[2022-07-08 18:00:48,131] {bash.py:173} INFO - 51601
[2022-07-08 18:00:48,131] {bash.py:173} INFO - Germany
[2022-07-08 18:00:48,131] {bash.py:173} INFO - 58409
[2022-07-08 18:00:48,131] {bash.py:173} INFO - France: CO2 87, mix [('nuclear', 27753, '54'), ('solar', 6970, '14'), ('gas', 5731, '11')]
[2022-07-08 18:00:48,131] {bash.py:173} INFO - Germany: CO2 318, mix [('coal', 17589, '30'), ('wind', 13688, '23'), ('solar', 11077, '19')]
[2022-07-08 18:00:48,131] {bash.py:173} INFO - Norway
[2022-07-08 18:00:48,131] {bash.py:173} INFO - 14021
[2022-07-08 18:00:48,131] {bash.py:173} INFO - Sweden
[2022-07-08 18:00:48,131] {bash.py:173} INFO - 12267
[2022-07-08 18:00:48,131] {bash.py:173} INFO - Norway: CO2 35, mix [('hydro', 12198, '87'), ('wind', 1408, '10'), ('gas', 187, '1')]
[2022-07-08 18:00:48,131] {bash.py:173} INFO - Sweden: CO2 23, mix [('hydro', 5236, '43'), ('nuclear', 4064, '33'), ('wind', 2556, '21')]
[2022-07-08 18:00:48,168] {bash.py:177} INFO - Command exited with return code 0
[2022-07-08 18:00:48,187] {taskinstance.py:1159} INFO - Marking task as SUCCESS. dag_id=matchup, task_id=run_script, execution_date=20220708T120000, start_date=20220708T180004, end_date=20220708T180048
[2022-07-08 18:00:48,203] {taskinstance.py:1220} INFO - 0 downstream tasks scheduled from follow-on schedule check
[2022-07-08 18:00:48,230] {local_task_job.py:146} INFO - Task exited with return code 0
