[2022-03-31 06:03:09,668] {taskinstance.py:851} INFO - Dependencies all met for <TaskInstance: matchup.run_script 2022-03-31T00:00:00+00:00 [queued]>
[2022-03-31 06:03:09,672] {taskinstance.py:851} INFO - Dependencies all met for <TaskInstance: matchup.run_script 2022-03-31T00:00:00+00:00 [queued]>
[2022-03-31 06:03:09,672] {taskinstance.py:1042} INFO - 
--------------------------------------------------------------------------------
[2022-03-31 06:03:09,672] {taskinstance.py:1043} INFO - Starting attempt 4 of 6
[2022-03-31 06:03:09,672] {taskinstance.py:1044} INFO - 
--------------------------------------------------------------------------------
[2022-03-31 06:03:09,680] {taskinstance.py:1063} INFO - Executing <Task(BashOperator): run_script> on 2022-03-31T00:00:00+00:00
[2022-03-31 06:03:09,682] {standard_task_runner.py:52} INFO - Started process 579057 to run task
[2022-03-31 06:03:09,687] {standard_task_runner.py:76} INFO - Running: ['airflow', 'tasks', 'run', 'matchup', 'run_script', '2022-03-31T00:00:00+00:00', '--job-id', '575', '--pool', 'default_pool', '--raw', '--subdir', 'DAGS_FOLDER/matchup.py', '--cfg-path', '/tmp/tmp6zvri58a', '--error-file', '/tmp/tmpucj201wo']
[2022-03-31 06:03:09,688] {standard_task_runner.py:77} INFO - Job 575: Subtask run_script
[2022-03-31 06:03:09,710] {logging_mixin.py:104} INFO - Running <TaskInstance: matchup.run_script 2022-03-31T00:00:00+00:00 [running]> on host 531edfb863fc
[2022-03-31 06:03:09,725] {taskinstance.py:1255} INFO - Exporting the following env vars:
AIRFLOW_CTX_DAG_EMAIL=r.chesne@gmail.com
AIRFLOW_CTX_DAG_OWNER=Robin
AIRFLOW_CTX_DAG_ID=matchup
AIRFLOW_CTX_TASK_ID=run_script
AIRFLOW_CTX_EXECUTION_DATE=2022-03-31T00:00:00+00:00
AIRFLOW_CTX_DAG_RUN_ID=scheduled__2022-03-31T00:00:00+00:00
[2022-03-31 06:03:09,725] {bash.py:135} INFO - Tmp dir root location: 
 /tmp
[2022-03-31 06:03:09,725] {bash.py:158} INFO - Running command: python /app/scripts/main.py
[2022-03-31 06:03:09,732] {bash.py:169} INFO - Output:
[2022-03-31 06:03:12,400] {bash.py:173} INFO - Spain
[2022-03-31 06:03:12,400] {bash.py:173} INFO - 22122
[2022-03-31 06:03:12,400] {bash.py:173} INFO - Portugal
[2022-03-31 06:03:12,400] {bash.py:173} INFO - 4342
[2022-03-31 06:03:12,400] {bash.py:173} INFO - Spain: CO2 141, mix [('wind', 9377, '42'), ('nuclear', 4987, '23'), ('gas', 4348, '20')]
[2022-03-31 06:03:12,400] {bash.py:173} INFO - Portugal: CO2 192, mix [('wind', 1714, '39'), ('gas', 1418, '33'), ('hydro', 751, '17')]
[2022-03-31 06:03:12,400] {bash.py:173} INFO - Finland
[2022-03-31 06:03:12,400] {bash.py:173} INFO - 10634
[2022-03-31 06:03:12,401] {bash.py:173} INFO - Denmark
[2022-03-31 06:03:12,401] {bash.py:173} INFO - 3866
[2022-03-31 06:03:12,401] {bash.py:173} INFO - Finland: CO2 210, mix [('nuclear', 3582, '34'), ('hydro', 2391, '22'), ('coal', 1332, '13')]
[2022-03-31 06:03:12,401] {bash.py:173} INFO - Denmark: CO2 213, mix [('wind', 1447, '37'), ('hydro', 677, '18'), ('coal', 653, '17')]
[2022-03-31 06:03:12,401] {bash.py:173} INFO - France
[2022-03-31 06:03:12,401] {bash.py:173} INFO - 47862
[2022-03-31 06:03:12,401] {bash.py:173} INFO - Germany
[2022-03-31 06:03:12,401] {bash.py:173} INFO - 57515
[2022-03-31 06:03:12,401] {bash.py:173} INFO - France: CO2 87, mix [('nuclear', 29789, '62'), ('gas', 6133, '13'), ('hydro', 5550, '12')]
[2022-03-31 06:03:12,401] {bash.py:173} INFO - Germany: CO2 401, mix [('coal', 21593, '38'), ('wind', 16660, '29'), ('gas', 6574, '11')]
[2022-03-31 06:03:12,435] {bash.py:177} INFO - Command exited with return code 0
[2022-03-31 06:03:12,450] {taskinstance.py:1159} INFO - Marking task as SUCCESS. dag_id=matchup, task_id=run_script, execution_date=20220331T000000, start_date=20220331T060309, end_date=20220331T060312
[2022-03-31 06:03:12,466] {taskinstance.py:1220} INFO - 0 downstream tasks scheduled from follow-on schedule check
[2022-03-31 06:03:12,506] {local_task_job.py:146} INFO - Task exited with return code 0
