[2022-02-19 00:00:04,547] {taskinstance.py:851} INFO - Dependencies all met for <TaskInstance: matchup.run_script 2022-02-18T18:00:00+00:00 [queued]>
[2022-02-19 00:00:04,551] {taskinstance.py:851} INFO - Dependencies all met for <TaskInstance: matchup.run_script 2022-02-18T18:00:00+00:00 [queued]>
[2022-02-19 00:00:04,552] {taskinstance.py:1042} INFO - 
--------------------------------------------------------------------------------
[2022-02-19 00:00:04,552] {taskinstance.py:1043} INFO - Starting attempt 1 of 6
[2022-02-19 00:00:04,552] {taskinstance.py:1044} INFO - 
--------------------------------------------------------------------------------
[2022-02-19 00:00:04,561] {taskinstance.py:1063} INFO - Executing <Task(BashOperator): run_script> on 2022-02-18T18:00:00+00:00
[2022-02-19 00:00:04,563] {standard_task_runner.py:52} INFO - Started process 6788 to run task
[2022-02-19 00:00:04,569] {standard_task_runner.py:76} INFO - Running: ['airflow', 'tasks', 'run', 'matchup', 'run_script', '2022-02-18T18:00:00+00:00', '--job-id', '13', '--pool', 'default_pool', '--raw', '--subdir', 'DAGS_FOLDER/matchup.py', '--cfg-path', '/tmp/tmps4hna40j', '--error-file', '/tmp/tmpzugemb_v']
[2022-02-19 00:00:04,570] {standard_task_runner.py:77} INFO - Job 13: Subtask run_script
[2022-02-19 00:00:04,617] {logging_mixin.py:104} INFO - Running <TaskInstance: matchup.run_script 2022-02-18T18:00:00+00:00 [running]> on host 531edfb863fc
[2022-02-19 00:00:04,655] {taskinstance.py:1255} INFO - Exporting the following env vars:
AIRFLOW_CTX_DAG_EMAIL=r.chesne@gmail.com
AIRFLOW_CTX_DAG_OWNER=Robin
AIRFLOW_CTX_DAG_ID=matchup
AIRFLOW_CTX_TASK_ID=run_script
AIRFLOW_CTX_EXECUTION_DATE=2022-02-18T18:00:00+00:00
AIRFLOW_CTX_DAG_RUN_ID=scheduled__2022-02-18T18:00:00+00:00
[2022-02-19 00:00:04,655] {bash.py:135} INFO - Tmp dir root location: 
 /tmp
[2022-02-19 00:00:04,656] {bash.py:158} INFO - Running command: python /app/scripts/main.py
[2022-02-19 00:00:04,664] {bash.py:169} INFO - Output:
[2022-02-19 00:00:08,052] {bash.py:173} INFO - Spain: CO2 154, mix [('wind', 10685, '38'), ('nuclear', 7104, '25'), ('gas', 6270, '22')]
[2022-02-19 00:00:08,053] {bash.py:173} INFO - Portugal: CO2 184, mix [('wind', 3309, '60'), ('gas', 1683, '30'), ('biomass', 398, '7')]
[2022-02-19 00:00:08,053] {bash.py:173} INFO - Sweden: CO2 42, mix [('hydro', 10037, '45'), ('nuclear', 5931, '27'), ('wind', 4182, '19')]
[2022-02-19 00:00:08,053] {bash.py:173} INFO - Norway: CO2 39, mix [('hydro', 17569, '90'), ('wind', 1414, '7'), ('hydro_discharge', 343, '2')]
[2022-02-19 00:00:08,053] {bash.py:173} INFO - UK: CO2 152, mix [('wind', 10895, '43'), ('gas', 5987, '23'), ('nuclear', 5242, '21')]
[2022-02-19 00:00:08,053] {bash.py:173} INFO - Germany: CO2 195, mix [('wind', 36980, '59'), ('coal', 9641, '15'), ('biomass', 5155, '8')]
[2022-02-19 00:00:08,102] {bash.py:177} INFO - Command exited with return code 0
[2022-02-19 00:00:08,122] {taskinstance.py:1159} INFO - Marking task as SUCCESS. dag_id=matchup, task_id=run_script, execution_date=20220218T180000, start_date=20220219T000004, end_date=20220219T000008
[2022-02-19 00:00:08,138] {taskinstance.py:1220} INFO - 0 downstream tasks scheduled from follow-on schedule check
[2022-02-19 00:00:08,156] {local_task_job.py:146} INFO - Task exited with return code 0
