[2022-02-20 06:00:04,432] {taskinstance.py:851} INFO - Dependencies all met for <TaskInstance: matchup.run_script 2022-02-20T00:00:00+00:00 [queued]>
[2022-02-20 06:00:04,436] {taskinstance.py:851} INFO - Dependencies all met for <TaskInstance: matchup.run_script 2022-02-20T00:00:00+00:00 [queued]>
[2022-02-20 06:00:04,436] {taskinstance.py:1042} INFO - 
--------------------------------------------------------------------------------
[2022-02-20 06:00:04,436] {taskinstance.py:1043} INFO - Starting attempt 1 of 6
[2022-02-20 06:00:04,437] {taskinstance.py:1044} INFO - 
--------------------------------------------------------------------------------
[2022-02-20 06:00:04,445] {taskinstance.py:1063} INFO - Executing <Task(BashOperator): run_script> on 2022-02-20T00:00:00+00:00
[2022-02-20 06:00:04,450] {standard_task_runner.py:52} INFO - Started process 24494 to run task
[2022-02-20 06:00:04,457] {standard_task_runner.py:76} INFO - Running: ['airflow', 'tasks', 'run', 'matchup', 'run_script', '2022-02-20T00:00:00+00:00', '--job-id', '24', '--pool', 'default_pool', '--raw', '--subdir', 'DAGS_FOLDER/matchup.py', '--cfg-path', '/tmp/tmpvw7g5ecl', '--error-file', '/tmp/tmp34_uygxo']
[2022-02-20 06:00:04,458] {standard_task_runner.py:77} INFO - Job 24: Subtask run_script
[2022-02-20 06:00:04,501] {logging_mixin.py:104} INFO - Running <TaskInstance: matchup.run_script 2022-02-20T00:00:00+00:00 [running]> on host 531edfb863fc
[2022-02-20 06:00:04,540] {taskinstance.py:1255} INFO - Exporting the following env vars:
AIRFLOW_CTX_DAG_EMAIL=r.chesne@gmail.com
AIRFLOW_CTX_DAG_OWNER=Robin
AIRFLOW_CTX_DAG_ID=matchup
AIRFLOW_CTX_TASK_ID=run_script
AIRFLOW_CTX_EXECUTION_DATE=2022-02-20T00:00:00+00:00
AIRFLOW_CTX_DAG_RUN_ID=scheduled__2022-02-20T00:00:00+00:00
[2022-02-20 06:00:04,540] {bash.py:135} INFO - Tmp dir root location: 
 /tmp
[2022-02-20 06:00:04,541] {bash.py:158} INFO - Running command: python /app/scripts/main.py
[2022-02-20 06:00:04,550] {bash.py:169} INFO - Output:
[2022-02-20 06:00:08,097] {bash.py:173} INFO - Portugal: CO2 177, mix [('wind', 1524, '57'), ('gas', 575, '22'), ('biomass', 365, '14')]
[2022-02-20 06:00:08,098] {bash.py:173} INFO - Italy: CO2 363, mix [('gas', 7280, '42'), ('wind', 3034, '17'), ('coal', 2988, '17')]
[2022-02-20 06:00:08,098] {bash.py:173} INFO - Finland: CO2 188, mix [('nuclear', 2800, '39'), ('hydro', 1309, '18'), ('coal', 1112, '16')]
[2022-02-20 06:00:08,098] {bash.py:173} INFO - Denmark: CO2 207, mix [('wind', 1764, '46'), ('biomass', 979, '25'), ('coal', 754, '20')]
[2022-02-20 06:00:08,098] {bash.py:173} INFO - Germany: CO2 202, mix [('wind', 26657, '55'), ('coal', 7875, '16'), ('biomass', 5115, '11')]
[2022-02-20 06:00:08,098] {bash.py:173} INFO - France: CO2 48, mix [('nuclear', 39232, '67'), ('wind', 10274, '18'), ('hydro', 4918, '8')]
[2022-02-20 06:00:08,166] {bash.py:177} INFO - Command exited with return code 0
[2022-02-20 06:00:08,191] {taskinstance.py:1159} INFO - Marking task as SUCCESS. dag_id=matchup, task_id=run_script, execution_date=20220220T000000, start_date=20220220T060004, end_date=20220220T060008
[2022-02-20 06:00:08,211] {taskinstance.py:1220} INFO - 0 downstream tasks scheduled from follow-on schedule check
[2022-02-20 06:00:08,245] {local_task_job.py:146} INFO - Task exited with return code 0
