[2022-04-25 06:00:03,314] {taskinstance.py:851} INFO - Dependencies all met for <TaskInstance: matchup.run_script 2022-04-25T00:00:00+00:00 [queued]>
[2022-04-25 06:00:03,318] {taskinstance.py:851} INFO - Dependencies all met for <TaskInstance: matchup.run_script 2022-04-25T00:00:00+00:00 [queued]>
[2022-04-25 06:00:03,318] {taskinstance.py:1042} INFO - 
--------------------------------------------------------------------------------
[2022-04-25 06:00:03,318] {taskinstance.py:1043} INFO - Starting attempt 1 of 6
[2022-04-25 06:00:03,318] {taskinstance.py:1044} INFO - 
--------------------------------------------------------------------------------
[2022-04-25 06:00:03,325] {taskinstance.py:1063} INFO - Executing <Task(BashOperator): run_script> on 2022-04-25T00:00:00+00:00
[2022-04-25 06:00:03,328] {standard_task_runner.py:52} INFO - Started process 310335 to run task
[2022-04-25 06:00:03,332] {standard_task_runner.py:76} INFO - Running: ['airflow', 'tasks', 'run', 'matchup', 'run_script', '2022-04-25T00:00:00+00:00', '--job-id', '276', '--pool', 'default_pool', '--raw', '--subdir', 'DAGS_FOLDER/matchup.py', '--cfg-path', '/tmp/tmpjkeobhks', '--error-file', '/tmp/tmpvnlkay46']
[2022-04-25 06:00:03,332] {standard_task_runner.py:77} INFO - Job 276: Subtask run_script
[2022-04-25 06:00:03,361] {logging_mixin.py:104} INFO - Running <TaskInstance: matchup.run_script 2022-04-25T00:00:00+00:00 [running]> on host 193e33218975
[2022-04-25 06:00:03,391] {taskinstance.py:1255} INFO - Exporting the following env vars:
AIRFLOW_CTX_DAG_EMAIL=r.chesne@gmail.com
AIRFLOW_CTX_DAG_OWNER=Robin
AIRFLOW_CTX_DAG_ID=matchup
AIRFLOW_CTX_TASK_ID=run_script
AIRFLOW_CTX_EXECUTION_DATE=2022-04-25T00:00:00+00:00
AIRFLOW_CTX_DAG_RUN_ID=scheduled__2022-04-25T00:00:00+00:00
[2022-04-25 06:00:03,392] {bash.py:135} INFO - Tmp dir root location: 
 /tmp
[2022-04-25 06:00:03,392] {bash.py:158} INFO - Running command: python /app/scripts/main.py
[2022-04-25 06:00:03,400] {bash.py:169} INFO - Output:
[2022-04-25 06:00:08,171] {bash.py:173} INFO - Spain
[2022-04-25 06:00:08,171] {bash.py:173} INFO - 31329
[2022-04-25 06:00:08,172] {bash.py:173} INFO - Italy
[2022-04-25 06:00:08,172] {bash.py:173} INFO - 36350
[2022-04-25 06:00:08,172] {bash.py:173} INFO - Spain: CO2 164, mix [('wind', 10197, '33'), ('gas', 7056, '23'), ('nuclear', 6019, '19')]
[2022-04-25 06:00:08,172] {bash.py:173} INFO - Italy: CO2 382, mix [('gas', 19287, '53'), ('hydro', 4500, '12'), ('solar', 2782, '8')]
[2022-04-25 06:00:08,172] {bash.py:173} INFO - Denmark
[2022-04-25 06:00:08,172] {bash.py:173} INFO - 6639
[2022-04-25 06:00:08,172] {bash.py:173} INFO - Norway
[2022-04-25 06:00:08,172] {bash.py:173} INFO - 16632
[2022-04-25 06:00:08,172] {bash.py:173} INFO - Denmark: CO2 138, mix [('wind', 3350, '50'), ('hydro', 1108, '17'), ('biomass', 686, '10')]
[2022-04-25 06:00:08,172] {bash.py:173} INFO - Norway: CO2 29, mix [('hydro', 15027, '90'), ('wind', 1151, '7'), ('hydro discharge', 265, '2')]
[2022-04-25 06:00:08,173] {bash.py:173} INFO - Germany
[2022-04-25 06:00:08,173] {bash.py:173} INFO - 77237
[2022-04-25 06:00:08,173] {bash.py:173} INFO - France
[2022-04-25 06:00:08,173] {bash.py:173} INFO - 60434
[2022-04-25 06:00:08,173] {bash.py:173} INFO - Germany: CO2 270, mix [('wind', 34272, '44'), ('coal', 18301, '24'), ('gas', 5195, '7')]
[2022-04-25 06:00:08,173] {bash.py:173} INFO - France: CO2 84, mix [('nuclear', 31677, '52'), ('hydro', 9578, '16'), ('wind', 7154, '12')]
[2022-04-25 06:00:08,204] {bash.py:177} INFO - Command exited with return code 0
[2022-04-25 06:00:08,218] {taskinstance.py:1159} INFO - Marking task as SUCCESS. dag_id=matchup, task_id=run_script, execution_date=20220425T000000, start_date=20220425T060003, end_date=20220425T060008
[2022-04-25 06:00:08,237] {taskinstance.py:1220} INFO - 0 downstream tasks scheduled from follow-on schedule check
[2022-04-25 06:00:08,246] {local_task_job.py:146} INFO - Task exited with return code 0
