[2022-04-09 18:00:03,251] {taskinstance.py:851} INFO - Dependencies all met for <TaskInstance: matchup.run_script 2022-04-09T12:00:00+00:00 [queued]>
[2022-04-09 18:00:03,255] {taskinstance.py:851} INFO - Dependencies all met for <TaskInstance: matchup.run_script 2022-04-09T12:00:00+00:00 [queued]>
[2022-04-09 18:00:03,255] {taskinstance.py:1042} INFO - 
--------------------------------------------------------------------------------
[2022-04-09 18:00:03,256] {taskinstance.py:1043} INFO - Starting attempt 1 of 6
[2022-04-09 18:00:03,256] {taskinstance.py:1044} INFO - 
--------------------------------------------------------------------------------
[2022-04-09 18:00:03,263] {taskinstance.py:1063} INFO - Executing <Task(BashOperator): run_script> on 2022-04-09T12:00:00+00:00
[2022-04-09 18:00:03,267] {standard_task_runner.py:52} INFO - Started process 89473 to run task
[2022-04-09 18:00:03,271] {standard_task_runner.py:76} INFO - Running: ['airflow', 'tasks', 'run', 'matchup', 'run_script', '2022-04-09T12:00:00+00:00', '--job-id', '106', '--pool', 'default_pool', '--raw', '--subdir', 'DAGS_FOLDER/matchup.py', '--cfg-path', '/tmp/tmpmroorqja', '--error-file', '/tmp/tmpaq0n4gs9']
[2022-04-09 18:00:03,272] {standard_task_runner.py:77} INFO - Job 106: Subtask run_script
[2022-04-09 18:00:03,301] {logging_mixin.py:104} INFO - Running <TaskInstance: matchup.run_script 2022-04-09T12:00:00+00:00 [running]> on host 193e33218975
[2022-04-09 18:00:03,323] {taskinstance.py:1255} INFO - Exporting the following env vars:
AIRFLOW_CTX_DAG_EMAIL=r.chesne@gmail.com
AIRFLOW_CTX_DAG_OWNER=Robin
AIRFLOW_CTX_DAG_ID=matchup
AIRFLOW_CTX_TASK_ID=run_script
AIRFLOW_CTX_EXECUTION_DATE=2022-04-09T12:00:00+00:00
AIRFLOW_CTX_DAG_RUN_ID=scheduled__2022-04-09T12:00:00+00:00
[2022-04-09 18:00:03,323] {bash.py:135} INFO - Tmp dir root location: 
 /tmp
[2022-04-09 18:00:03,324] {bash.py:158} INFO - Running command: python /app/scripts/main.py
[2022-04-09 18:00:03,333] {bash.py:169} INFO - Output:
[2022-04-09 18:00:08,183] {bash.py:173} INFO - Italy
[2022-04-09 18:00:08,184] {bash.py:173} INFO - 29182
[2022-04-09 18:00:08,184] {bash.py:173} INFO - Spain
[2022-04-09 18:00:08,184] {bash.py:173} INFO - 23619
[2022-04-09 18:00:08,184] {bash.py:173} INFO - Italy: CO2 270, mix [('gas', 7974, '27'), ('wind', 6707, '23'), ('solar', 4140, '14')]
[2022-04-09 18:00:08,184] {bash.py:173} INFO - Spain: CO2 155, mix [('solar', 7284, '31'), ('nuclear', 4787, '20'), ('wind', 4365, '18')]
[2022-04-09 18:00:08,184] {bash.py:173} INFO - Norway
[2022-04-09 18:00:08,184] {bash.py:173} INFO - 16684
[2022-04-09 18:00:08,184] {bash.py:173} INFO - Sweden
[2022-04-09 18:00:08,184] {bash.py:173} INFO - 18790
[2022-04-09 18:00:08,184] {bash.py:173} INFO - Norway: CO2 41, mix [('hydro', 11149, '67'), ('wind', 3796, '23'), ('nuclear', 666, '4')]
[2022-04-09 18:00:08,184] {bash.py:173} INFO - Sweden: CO2 44, mix [('hydro', 7857, '42'), ('nuclear', 5810, '31'), ('wind', 3442, '18')]
[2022-04-09 18:00:08,184] {bash.py:173} INFO - UK
[2022-04-09 18:00:08,184] {bash.py:173} INFO - 30047
[2022-04-09 18:00:08,185] {bash.py:173} INFO - Germany
[2022-04-09 18:00:08,185] {bash.py:173} INFO - 53562
[2022-04-09 18:00:08,185] {bash.py:173} INFO - UK: CO2 201, mix [('gas', 9336, '31'), ('wind', 6603, '22'), ('nuclear', 6218, '21')]
[2022-04-09 18:00:08,185] {bash.py:173} INFO - Germany: CO2 213, mix [('wind', 26188, '49'), ('coal', 9353, '17'), ('solar', 4936, '9')]
[2022-04-09 18:00:08,217] {bash.py:177} INFO - Command exited with return code 0
[2022-04-09 18:00:08,234] {taskinstance.py:1159} INFO - Marking task as SUCCESS. dag_id=matchup, task_id=run_script, execution_date=20220409T120000, start_date=20220409T180003, end_date=20220409T180008
[2022-04-09 18:00:08,248] {taskinstance.py:1220} INFO - 0 downstream tasks scheduled from follow-on schedule check
[2022-04-09 18:00:08,260] {local_task_job.py:146} INFO - Task exited with return code 0
