[2022-04-13 12:01:06,480] {taskinstance.py:851} INFO - Dependencies all met for <TaskInstance: matchup.run_script 2022-04-13T06:00:00+00:00 [queued]>
[2022-04-13 12:01:06,486] {taskinstance.py:851} INFO - Dependencies all met for <TaskInstance: matchup.run_script 2022-04-13T06:00:00+00:00 [queued]>
[2022-04-13 12:01:06,486] {taskinstance.py:1042} INFO - 
--------------------------------------------------------------------------------
[2022-04-13 12:01:06,486] {taskinstance.py:1043} INFO - Starting attempt 2 of 6
[2022-04-13 12:01:06,486] {taskinstance.py:1044} INFO - 
--------------------------------------------------------------------------------
[2022-04-13 12:01:06,493] {taskinstance.py:1063} INFO - Executing <Task(BashOperator): run_script> on 2022-04-13T06:00:00+00:00
[2022-04-13 12:01:06,497] {standard_task_runner.py:52} INFO - Started process 142921 to run task
[2022-04-13 12:01:06,501] {standard_task_runner.py:76} INFO - Running: ['airflow', 'tasks', 'run', 'matchup', 'run_script', '2022-04-13T06:00:00+00:00', '--job-id', '148', '--pool', 'default_pool', '--raw', '--subdir', 'DAGS_FOLDER/matchup.py', '--cfg-path', '/tmp/tmpiahhse_4', '--error-file', '/tmp/tmpw2_mw_23']
[2022-04-13 12:01:06,502] {standard_task_runner.py:77} INFO - Job 148: Subtask run_script
[2022-04-13 12:01:06,520] {logging_mixin.py:104} INFO - Running <TaskInstance: matchup.run_script 2022-04-13T06:00:00+00:00 [running]> on host 193e33218975
[2022-04-13 12:01:06,535] {taskinstance.py:1255} INFO - Exporting the following env vars:
AIRFLOW_CTX_DAG_EMAIL=r.chesne@gmail.com
AIRFLOW_CTX_DAG_OWNER=Robin
AIRFLOW_CTX_DAG_ID=matchup
AIRFLOW_CTX_TASK_ID=run_script
AIRFLOW_CTX_EXECUTION_DATE=2022-04-13T06:00:00+00:00
AIRFLOW_CTX_DAG_RUN_ID=scheduled__2022-04-13T06:00:00+00:00
[2022-04-13 12:01:06,535] {bash.py:135} INFO - Tmp dir root location: 
 /tmp
[2022-04-13 12:01:06,535] {bash.py:158} INFO - Running command: python /app/scripts/main.py
[2022-04-13 12:01:06,543] {bash.py:169} INFO - Output:
[2022-04-13 12:01:10,267] {bash.py:173} INFO - Spain
[2022-04-13 12:01:10,268] {bash.py:173} INFO - 30151
[2022-04-13 12:01:10,268] {bash.py:173} INFO - Italy
[2022-04-13 12:01:10,268] {bash.py:173} INFO - 38102
[2022-04-13 12:01:10,268] {bash.py:173} INFO - Spain: CO2 194, mix [('solar', 7610, '25'), ('gas', 7296, '24'), ('nuclear', 6268, '21')]
[2022-04-13 12:01:10,268] {bash.py:173} INFO - Italy: CO2 313, mix [('gas', 13166, '35'), ('solar', 10330, '27'), ('coal', 3725, '10')]
[2022-04-13 12:01:10,268] {bash.py:173} INFO - Finland
[2022-04-13 12:01:10,268] {bash.py:173} INFO - 8595
[2022-04-13 12:01:10,269] {bash.py:173} INFO - Sweden
[2022-04-13 12:01:10,269] {bash.py:173} INFO - 16966
[2022-04-13 12:01:10,269] {bash.py:173} INFO - Finland: CO2 163, mix [('nuclear', 3785, '44'), ('hydro', 2017, '23'), ('unknown', 943, '11')]
[2022-04-13 12:01:10,269] {bash.py:173} INFO - Sweden: CO2 41, mix [('hydro', 7795, '46'), ('nuclear', 5539, '33'), ('wind', 2111, '12')]
[2022-04-13 12:01:10,269] {bash.py:173} INFO - Hungary
[2022-04-13 12:01:10,269] {bash.py:173} INFO - 4873
[2022-04-13 12:01:10,269] {bash.py:173} INFO - Germany
[2022-04-13 12:01:10,269] {bash.py:173} INFO - 62208
[2022-04-13 12:01:10,269] {bash.py:173} INFO - Hungary: CO2 176, mix [('nuclear', 1906, '39'), ('solar', 1511, '31'), ('gas', 745, '15')]
[2022-04-13 12:01:10,269] {bash.py:173} INFO - Germany: CO2 301, mix [('solar', 25395, '41'), ('coal', 16325, '26'), ('gas', 4739, '8')]
[2022-04-13 12:01:10,302] {bash.py:177} INFO - Command exited with return code 0
[2022-04-13 12:01:10,318] {taskinstance.py:1159} INFO - Marking task as SUCCESS. dag_id=matchup, task_id=run_script, execution_date=20220413T060000, start_date=20220413T120106, end_date=20220413T120110
[2022-04-13 12:01:10,333] {taskinstance.py:1220} INFO - 0 downstream tasks scheduled from follow-on schedule check
[2022-04-13 12:01:10,370] {local_task_job.py:146} INFO - Task exited with return code 0
