[2022-07-10 12:00:04,673] {taskinstance.py:851} INFO - Dependencies all met for <TaskInstance: matchup.run_script 2022-07-10T06:00:00+00:00 [queued]>
[2022-07-10 12:00:04,681] {taskinstance.py:851} INFO - Dependencies all met for <TaskInstance: matchup.run_script 2022-07-10T06:00:00+00:00 [queued]>
[2022-07-10 12:00:04,681] {taskinstance.py:1042} INFO - 
--------------------------------------------------------------------------------
[2022-07-10 12:00:04,681] {taskinstance.py:1043} INFO - Starting attempt 1 of 6
[2022-07-10 12:00:04,681] {taskinstance.py:1044} INFO - 
--------------------------------------------------------------------------------
[2022-07-10 12:00:04,690] {taskinstance.py:1063} INFO - Executing <Task(BashOperator): run_script> on 2022-07-10T06:00:00+00:00
[2022-07-10 12:00:04,693] {standard_task_runner.py:52} INFO - Started process 20630 to run task
[2022-07-10 12:00:04,699] {standard_task_runner.py:76} INFO - Running: ['airflow', 'tasks', 'run', 'matchup', 'run_script', '2022-07-10T06:00:00+00:00', '--job-id', '1556', '--pool', 'default_pool', '--raw', '--subdir', 'DAGS_FOLDER/matchup.py', '--cfg-path', '/tmp/tmp2swv5o6w', '--error-file', '/tmp/tmpznxbbxlb']
[2022-07-10 12:00:04,700] {standard_task_runner.py:77} INFO - Job 1556: Subtask run_script
[2022-07-10 12:00:04,732] {logging_mixin.py:104} INFO - Running <TaskInstance: matchup.run_script 2022-07-10T06:00:00+00:00 [running]> on host a41a09215c15
[2022-07-10 12:00:04,766] {taskinstance.py:1255} INFO - Exporting the following env vars:
AIRFLOW_CTX_DAG_EMAIL=r.chesne@gmail.com
AIRFLOW_CTX_DAG_OWNER=Robin
AIRFLOW_CTX_DAG_ID=matchup
AIRFLOW_CTX_TASK_ID=run_script
AIRFLOW_CTX_EXECUTION_DATE=2022-07-10T06:00:00+00:00
AIRFLOW_CTX_DAG_RUN_ID=scheduled__2022-07-10T06:00:00+00:00
[2022-07-10 12:00:04,767] {bash.py:135} INFO - Tmp dir root location: 
 /tmp
[2022-07-10 12:00:04,767] {bash.py:158} INFO - Running command: python /app/scripts/main.py
[2022-07-10 12:00:04,776] {bash.py:169} INFO - Output:
[2022-07-10 12:00:09,653] {bash.py:173} INFO - Italy
[2022-07-10 12:00:09,653] {bash.py:173} INFO - 31023
[2022-07-10 12:00:09,654] {bash.py:173} INFO - Greece
[2022-07-10 12:00:09,654] {bash.py:173} INFO - 6408
[2022-07-10 12:00:09,654] {bash.py:173} INFO - Italy: CO2 237, mix [('solar', 11036, '36'), ('gas', 6625, '21'), ('hydro', 3542, '11')]
[2022-07-10 12:00:09,654] {bash.py:173} INFO - Greece: CO2 212, mix [('solar', 2392, '37'), ('wind', 1850, '29'), ('gas', 1298, '20')]
[2022-07-10 12:00:09,654] {bash.py:173} INFO - France
[2022-07-10 12:00:09,654] {bash.py:173} INFO - 42619
[2022-07-10 12:00:09,654] {bash.py:173} INFO - Germany
[2022-07-10 12:00:09,654] {bash.py:173} INFO - 51813
[2022-07-10 12:00:09,654] {bash.py:173} INFO - France: CO2 39, mix [('nuclear', 25212, '59'), ('solar', 9910, '23'), ('hydro', 2742, '6')]
[2022-07-10 12:00:09,654] {bash.py:173} INFO - Germany: CO2 185, mix [('solar', 17926, '35'), ('wind', 15278, '29'), ('coal', 7846, '15')]
[2022-07-10 12:00:09,654] {bash.py:173} INFO - Finland
[2022-07-10 12:00:09,655] {bash.py:173} INFO - 6950
[2022-07-10 12:00:09,655] {bash.py:173} INFO - Norway
[2022-07-10 12:00:09,655] {bash.py:173} INFO - 11956
[2022-07-10 12:00:09,655] {bash.py:173} INFO - Finland: CO2 67, mix [('nuclear', 3426, '49'), ('hydro', 1800, '26'), ('wind', 701, '10')]
[2022-07-10 12:00:09,655] {bash.py:173} INFO - Norway: CO2 50, mix [('hydro', 8876, '74'), ('wind', 1910, '16'), ('solar', 496, '4')]
[2022-07-10 12:00:09,744] {bash.py:177} INFO - Command exited with return code 0
[2022-07-10 12:00:09,769] {taskinstance.py:1159} INFO - Marking task as SUCCESS. dag_id=matchup, task_id=run_script, execution_date=20220710T060000, start_date=20220710T120004, end_date=20220710T120009
[2022-07-10 12:00:09,787] {taskinstance.py:1220} INFO - 0 downstream tasks scheduled from follow-on schedule check
[2022-07-10 12:00:09,806] {local_task_job.py:146} INFO - Task exited with return code 0
