[2022-03-14 00:02:08,495] {taskinstance.py:851} INFO - Dependencies all met for <TaskInstance: matchup.run_script 2022-03-13T18:00:00+00:00 [queued]>
[2022-03-14 00:02:08,500] {taskinstance.py:851} INFO - Dependencies all met for <TaskInstance: matchup.run_script 2022-03-13T18:00:00+00:00 [queued]>
[2022-03-14 00:02:08,500] {taskinstance.py:1042} INFO - 
--------------------------------------------------------------------------------
[2022-03-14 00:02:08,500] {taskinstance.py:1043} INFO - Starting attempt 3 of 6
[2022-03-14 00:02:08,500] {taskinstance.py:1044} INFO - 
--------------------------------------------------------------------------------
[2022-03-14 00:02:08,507] {taskinstance.py:1063} INFO - Executing <Task(BashOperator): run_script> on 2022-03-13T18:00:00+00:00
[2022-03-14 00:02:08,509] {standard_task_runner.py:52} INFO - Started process 333287 to run task
[2022-03-14 00:02:08,514] {standard_task_runner.py:76} INFO - Running: ['airflow', 'tasks', 'run', 'matchup', 'run_script', '2022-03-13T18:00:00+00:00', '--job-id', '296', '--pool', 'default_pool', '--raw', '--subdir', 'DAGS_FOLDER/matchup.py', '--cfg-path', '/tmp/tmpfkyj5shi', '--error-file', '/tmp/tmp4zlrjkkg']
[2022-03-14 00:02:08,515] {standard_task_runner.py:77} INFO - Job 296: Subtask run_script
[2022-03-14 00:02:08,546] {logging_mixin.py:104} INFO - Running <TaskInstance: matchup.run_script 2022-03-13T18:00:00+00:00 [running]> on host 531edfb863fc
[2022-03-14 00:02:08,562] {taskinstance.py:1255} INFO - Exporting the following env vars:
AIRFLOW_CTX_DAG_EMAIL=r.chesne@gmail.com
AIRFLOW_CTX_DAG_OWNER=Robin
AIRFLOW_CTX_DAG_ID=matchup
AIRFLOW_CTX_TASK_ID=run_script
AIRFLOW_CTX_EXECUTION_DATE=2022-03-13T18:00:00+00:00
AIRFLOW_CTX_DAG_RUN_ID=scheduled__2022-03-13T18:00:00+00:00
[2022-03-14 00:02:08,562] {bash.py:135} INFO - Tmp dir root location: 
 /tmp
[2022-03-14 00:02:08,563] {bash.py:158} INFO - Running command: python /app/scripts/main.py
[2022-03-14 00:02:08,571] {bash.py:169} INFO - Output:
[2022-03-14 00:02:11,325] {bash.py:173} INFO - Portugal
[2022-03-14 00:02:11,326] {bash.py:173} INFO - 4570
[2022-03-14 00:02:11,326] {bash.py:173} INFO - Spain
[2022-03-14 00:02:11,326] {bash.py:173} INFO - 26796
[2022-03-14 00:02:11,326] {bash.py:173} INFO - Portugal: CO2 159, mix [('hydro', 1645, '36'), ('wind', 910, '20'), ('gas', 866, '19')]
[2022-03-14 00:02:11,326] {bash.py:173} INFO - Spain: CO2 210, mix [('gas', 8976, '33'), ('wind', 5863, '22'), ('nuclear', 5509, '21')]
[2022-03-14 00:02:11,326] {bash.py:173} INFO - Denmark
[2022-03-14 00:02:11,326] {bash.py:173} INFO - 4278
[2022-03-14 00:02:11,326] {bash.py:173} INFO - Sweden
[2022-03-14 00:02:11,326] {bash.py:173} INFO - 16410
[2022-03-14 00:02:11,326] {bash.py:173} INFO - Denmark: CO2 134, mix [('wind', 2441, '57'), ('biomass', 447, '10'), ('hydro', 445, '10')]
[2022-03-14 00:02:11,326] {bash.py:173} INFO - Sweden: CO2 40, mix [('hydro', 6931, '42'), ('nuclear', 4838, '29'), ('wind', 3218, '20')]
[2022-03-14 00:02:11,326] {bash.py:173} INFO - France
[2022-03-14 00:02:11,326] {bash.py:173} INFO - 51926
[2022-03-14 00:02:11,327] {bash.py:173} INFO - UK
[2022-03-14 00:02:11,327] {bash.py:173} INFO - 31055
[2022-03-14 00:02:11,327] {bash.py:173} INFO - France: CO2 83, mix [('nuclear', 35006, '67'), ('gas', 7058, '14'), ('wind', 5220, '10')]
[2022-03-14 00:02:11,327] {bash.py:173} INFO - UK: CO2 227, mix [('gas', 10512, '34'), ('wind', 8505, '27'), ('nuclear', 6448, '21')]
[2022-03-14 00:02:11,363] {bash.py:177} INFO - Command exited with return code 0
[2022-03-14 00:02:11,380] {taskinstance.py:1159} INFO - Marking task as SUCCESS. dag_id=matchup, task_id=run_script, execution_date=20220313T180000, start_date=20220314T000208, end_date=20220314T000211
[2022-03-14 00:02:11,396] {taskinstance.py:1220} INFO - 0 downstream tasks scheduled from follow-on schedule check
[2022-03-14 00:02:11,414] {local_task_job.py:146} INFO - Task exited with return code 0
