[2022-07-08 00:00:04,702] {taskinstance.py:851} INFO - Dependencies all met for <TaskInstance: matchup.run_script 2022-07-07T18:00:00+00:00 [queued]>
[2022-07-08 00:00:04,710] {taskinstance.py:851} INFO - Dependencies all met for <TaskInstance: matchup.run_script 2022-07-07T18:00:00+00:00 [queued]>
[2022-07-08 00:00:04,710] {taskinstance.py:1042} INFO - 
--------------------------------------------------------------------------------
[2022-07-08 00:00:04,710] {taskinstance.py:1043} INFO - Starting attempt 1 of 6
[2022-07-08 00:00:04,710] {taskinstance.py:1044} INFO - 
--------------------------------------------------------------------------------
[2022-07-08 00:00:04,719] {taskinstance.py:1063} INFO - Executing <Task(BashOperator): run_script> on 2022-07-07T18:00:00+00:00
[2022-07-08 00:00:04,722] {standard_task_runner.py:52} INFO - Started process 13307 to run task
[2022-07-08 00:00:04,727] {standard_task_runner.py:76} INFO - Running: ['airflow', 'tasks', 'run', 'matchup', 'run_script', '2022-07-07T18:00:00+00:00', '--job-id', '1536', '--pool', 'default_pool', '--raw', '--subdir', 'DAGS_FOLDER/matchup.py', '--cfg-path', '/tmp/tmpm5d68tes', '--error-file', '/tmp/tmpi4ng9wey']
[2022-07-08 00:00:04,727] {standard_task_runner.py:77} INFO - Job 1536: Subtask run_script
[2022-07-08 00:00:04,759] {logging_mixin.py:104} INFO - Running <TaskInstance: matchup.run_script 2022-07-07T18:00:00+00:00 [running]> on host a41a09215c15
[2022-07-08 00:00:04,791] {taskinstance.py:1255} INFO - Exporting the following env vars:
AIRFLOW_CTX_DAG_EMAIL=r.chesne@gmail.com
AIRFLOW_CTX_DAG_OWNER=Robin
AIRFLOW_CTX_DAG_ID=matchup
AIRFLOW_CTX_TASK_ID=run_script
AIRFLOW_CTX_EXECUTION_DATE=2022-07-07T18:00:00+00:00
AIRFLOW_CTX_DAG_RUN_ID=scheduled__2022-07-07T18:00:00+00:00
[2022-07-08 00:00:04,792] {bash.py:135} INFO - Tmp dir root location: 
 /tmp
[2022-07-08 00:00:04,792] {bash.py:158} INFO - Running command: python /app/scripts/main.py
[2022-07-08 00:00:04,799] {bash.py:169} INFO - Output:
[2022-07-08 00:00:09,272] {bash.py:173} INFO - Italy
[2022-07-08 00:00:09,272] {bash.py:173} INFO - 30031
[2022-07-08 00:00:09,272] {bash.py:173} INFO - Spain
[2022-07-08 00:00:09,272] {bash.py:173} INFO - 29782
[2022-07-08 00:00:09,272] {bash.py:173} INFO - Italy: CO2 409, mix [('gas', 16082, '54'), ('hydro', 4660, '16'), ('coal', 2858, '10')]
[2022-07-08 00:00:09,272] {bash.py:173} INFO - Spain: CO2 176, mix [('wind', 10918, '37'), ('gas', 7308, '25'), ('nuclear', 6914, '23')]
[2022-07-08 00:00:09,272] {bash.py:173} INFO - Hungary
[2022-07-08 00:00:09,272] {bash.py:173} INFO - 3168
[2022-07-08 00:00:09,272] {bash.py:173} INFO - France
[2022-07-08 00:00:09,272] {bash.py:173} INFO - 40740
[2022-07-08 00:00:09,272] {bash.py:173} INFO - Hungary: CO2 137, mix [('nuclear', 1896, '60'), ('gas', 536, '17'), ('hydro', 242, '8')]
[2022-07-08 00:00:09,273] {bash.py:173} INFO - France: CO2 77, mix [('nuclear', 26061, '64'), ('wind', 4784, '12'), ('gas', 4278, '11')]
[2022-07-08 00:00:09,273] {bash.py:173} INFO - Sweden
[2022-07-08 00:00:09,273] {bash.py:173} INFO - 11169
[2022-07-08 00:00:09,273] {bash.py:173} INFO - Denmark
[2022-07-08 00:00:09,273] {bash.py:173} INFO - 3426
[2022-07-08 00:00:09,273] {bash.py:173} INFO - Sweden: CO2 21, mix [('hydro', 4333, '39'), ('nuclear', 4070, '36'), ('wind', 2520, '23')]
[2022-07-08 00:00:09,273] {bash.py:173} INFO - Denmark: CO2 129, mix [('wind', 1788, '52'), ('hydro', 474, '14'), ('nuclear', 451, '13')]
[2022-07-08 00:00:09,310] {bash.py:177} INFO - Command exited with return code 0
[2022-07-08 00:00:09,331] {taskinstance.py:1159} INFO - Marking task as SUCCESS. dag_id=matchup, task_id=run_script, execution_date=20220707T180000, start_date=20220708T000004, end_date=20220708T000009
[2022-07-08 00:00:09,344] {taskinstance.py:1220} INFO - 0 downstream tasks scheduled from follow-on schedule check
[2022-07-08 00:00:09,357] {local_task_job.py:146} INFO - Task exited with return code 0
