[2022-04-05 00:00:03,784] {taskinstance.py:851} INFO - Dependencies all met for <TaskInstance: matchup.run_script 2022-04-04T18:00:00+00:00 [queued]>
[2022-04-05 00:00:03,791] {taskinstance.py:851} INFO - Dependencies all met for <TaskInstance: matchup.run_script 2022-04-04T18:00:00+00:00 [queued]>
[2022-04-05 00:00:03,791] {taskinstance.py:1042} INFO - 
--------------------------------------------------------------------------------
[2022-04-05 00:00:03,791] {taskinstance.py:1043} INFO - Starting attempt 1 of 6
[2022-04-05 00:00:03,791] {taskinstance.py:1044} INFO - 
--------------------------------------------------------------------------------
[2022-04-05 00:00:03,799] {taskinstance.py:1063} INFO - Executing <Task(BashOperator): run_script> on 2022-04-04T18:00:00+00:00
[2022-04-05 00:00:03,802] {standard_task_runner.py:52} INFO - Started process 21776 to run task
[2022-04-05 00:00:03,807] {standard_task_runner.py:76} INFO - Running: ['airflow', 'tasks', 'run', 'matchup', 'run_script', '2022-04-04T18:00:00+00:00', '--job-id', '50', '--pool', 'default_pool', '--raw', '--subdir', 'DAGS_FOLDER/matchup.py', '--cfg-path', '/tmp/tmptx3_0naq', '--error-file', '/tmp/tmp1jjelbig']
[2022-04-05 00:00:03,808] {standard_task_runner.py:77} INFO - Job 50: Subtask run_script
[2022-04-05 00:00:03,833] {logging_mixin.py:104} INFO - Running <TaskInstance: matchup.run_script 2022-04-04T18:00:00+00:00 [running]> on host 193e33218975
[2022-04-05 00:00:03,850] {taskinstance.py:1255} INFO - Exporting the following env vars:
AIRFLOW_CTX_DAG_EMAIL=r.chesne@gmail.com
AIRFLOW_CTX_DAG_OWNER=Robin
AIRFLOW_CTX_DAG_ID=matchup
AIRFLOW_CTX_TASK_ID=run_script
AIRFLOW_CTX_EXECUTION_DATE=2022-04-04T18:00:00+00:00
AIRFLOW_CTX_DAG_RUN_ID=scheduled__2022-04-04T18:00:00+00:00
[2022-04-05 00:00:03,850] {bash.py:135} INFO - Tmp dir root location: 
 /tmp
[2022-04-05 00:00:03,851] {bash.py:158} INFO - Running command: python /app/scripts/main.py
[2022-04-05 00:00:03,855] {bash.py:169} INFO - Output:
[2022-04-05 00:00:08,606] {bash.py:173} INFO - Italy
[2022-04-05 00:00:08,607] {bash.py:173} INFO - 30664
[2022-04-05 00:00:08,607] {bash.py:173} INFO - Portugal
[2022-04-05 00:00:08,607] {bash.py:173} INFO - 5859
[2022-04-05 00:00:08,607] {bash.py:173} INFO - Italy: CO2 464, mix [('gas', 20213, '66'), ('coal', 3072, '10'), ('hydro', 2000, '7')]
[2022-04-05 00:00:08,607] {bash.py:173} INFO - Portugal: CO2 173, mix [('wind', 3134, '53'), ('gas', 1699, '29'), ('biomass', 399, '7')]
[2022-04-05 00:00:08,607] {bash.py:173} INFO - Finland
[2022-04-05 00:00:08,607] {bash.py:173} INFO - 8730
[2022-04-05 00:00:08,607] {bash.py:173} INFO - Norway
[2022-04-05 00:00:08,607] {bash.py:173} INFO - 16714
[2022-04-05 00:00:08,607] {bash.py:173} INFO - Finland: CO2 165, mix [('nuclear', 3502, '40'), ('wind', 1851, '21'), ('unknown', 972, '11')]
[2022-04-05 00:00:08,607] {bash.py:173} INFO - Norway: CO2 44, mix [('hydro', 11630, '70'), ('wind', 3226, '19'), ('nuclear', 913, '5')]
[2022-04-05 00:00:08,607] {bash.py:173} INFO - France
[2022-04-05 00:00:08,607] {bash.py:173} INFO - 49841
[2022-04-05 00:00:08,607] {bash.py:173} INFO - Germany
[2022-04-05 00:00:08,608] {bash.py:173} INFO - 56662
[2022-04-05 00:00:08,608] {bash.py:173} INFO - France: CO2 71, mix [('nuclear', 31879, '64'), ('wind', 6903, '14'), ('gas', 4895, '10')]
[2022-04-05 00:00:08,608] {bash.py:173} INFO - Germany: CO2 202, mix [('wind', 33503, '59'), ('coal', 9530, '17'), ('biomass', 4619, '8')]
[2022-04-05 00:00:08,650] {bash.py:177} INFO - Command exited with return code 0
[2022-04-05 00:00:08,668] {taskinstance.py:1159} INFO - Marking task as SUCCESS. dag_id=matchup, task_id=run_script, execution_date=20220404T180000, start_date=20220405T000003, end_date=20220405T000008
[2022-04-05 00:00:08,680] {taskinstance.py:1220} INFO - 0 downstream tasks scheduled from follow-on schedule check
[2022-04-05 00:00:08,716] {local_task_job.py:146} INFO - Task exited with return code 0
