[2022-07-09 12:00:04,582] {taskinstance.py:851} INFO - Dependencies all met for <TaskInstance: matchup.run_script 2022-07-09T06:00:00+00:00 [queued]>
[2022-07-09 12:00:04,591] {taskinstance.py:851} INFO - Dependencies all met for <TaskInstance: matchup.run_script 2022-07-09T06:00:00+00:00 [queued]>
[2022-07-09 12:00:04,591] {taskinstance.py:1042} INFO - 
--------------------------------------------------------------------------------
[2022-07-09 12:00:04,591] {taskinstance.py:1043} INFO - Starting attempt 1 of 6
[2022-07-09 12:00:04,591] {taskinstance.py:1044} INFO - 
--------------------------------------------------------------------------------
[2022-07-09 12:00:04,600] {taskinstance.py:1063} INFO - Executing <Task(BashOperator): run_script> on 2022-07-09T06:00:00+00:00
[2022-07-09 12:00:04,603] {standard_task_runner.py:52} INFO - Started process 17701 to run task
[2022-07-09 12:00:04,611] {standard_task_runner.py:76} INFO - Running: ['airflow', 'tasks', 'run', 'matchup', 'run_script', '2022-07-09T06:00:00+00:00', '--job-id', '1548', '--pool', 'default_pool', '--raw', '--subdir', 'DAGS_FOLDER/matchup.py', '--cfg-path', '/tmp/tmpfc566wfo', '--error-file', '/tmp/tmpustn25fg']
[2022-07-09 12:00:04,612] {standard_task_runner.py:77} INFO - Job 1548: Subtask run_script
[2022-07-09 12:00:04,660] {logging_mixin.py:104} INFO - Running <TaskInstance: matchup.run_script 2022-07-09T06:00:00+00:00 [running]> on host a41a09215c15
[2022-07-09 12:00:04,701] {taskinstance.py:1255} INFO - Exporting the following env vars:
AIRFLOW_CTX_DAG_EMAIL=r.chesne@gmail.com
AIRFLOW_CTX_DAG_OWNER=Robin
AIRFLOW_CTX_DAG_ID=matchup
AIRFLOW_CTX_TASK_ID=run_script
AIRFLOW_CTX_EXECUTION_DATE=2022-07-09T06:00:00+00:00
AIRFLOW_CTX_DAG_RUN_ID=scheduled__2022-07-09T06:00:00+00:00
[2022-07-09 12:00:04,702] {bash.py:135} INFO - Tmp dir root location: 
 /tmp
[2022-07-09 12:00:04,702] {bash.py:158} INFO - Running command: python /app/scripts/main.py
[2022-07-09 12:00:04,716] {bash.py:169} INFO - Output:
[2022-07-09 12:00:08,860] {bash.py:173} INFO - Greece
[2022-07-09 12:00:08,861] {bash.py:173} INFO - 8418
[2022-07-09 12:00:08,861] {bash.py:173} INFO - Italy
[2022-07-09 12:00:08,861] {bash.py:173} INFO - 41061
[2022-07-09 12:00:08,861] {bash.py:173} INFO - Greece: CO2 288, mix [('gas', 2895, '34'), ('solar', 2721, '32'), ('wind', 1463, '17')]
[2022-07-09 12:00:08,861] {bash.py:173} INFO - Italy: CO2 301, mix [('gas', 15156, '37'), ('solar', 10742, '26'), ('hydro', 4773, '12')]
[2022-07-09 12:00:08,861] {bash.py:173} INFO - Netherlands
[2022-07-09 12:00:08,861] {bash.py:173} INFO - 8106
[2022-07-09 12:00:08,861] {bash.py:173} INFO - France
[2022-07-09 12:00:08,861] {bash.py:173} INFO - 45942
[2022-07-09 12:00:08,861] {bash.py:173} INFO - Netherlands: CO2 193, mix [('solar', 3007, '37'), ('wind', 2353, '29'), ('gas', 2177, '27')]
[2022-07-09 12:00:08,861] {bash.py:173} INFO - France: CO2 57, mix [('nuclear', 26471, '58'), ('solar', 9977, '22'), ('hydro', 3315, '7')]
[2022-07-09 12:00:08,861] {bash.py:173} INFO - Finland
[2022-07-09 12:00:08,861] {bash.py:173} INFO - 7446
[2022-07-09 12:00:08,861] {bash.py:173} INFO - Sweden
[2022-07-09 12:00:08,862] {bash.py:173} INFO - 13439
[2022-07-09 12:00:08,862] {bash.py:173} INFO - Finland: CO2 82, mix [('nuclear', 3450, '46'), ('hydro', 1997, '27'), ('wind', 725, '10')]
[2022-07-09 12:00:08,862] {bash.py:173} INFO - Sweden: CO2 28, mix [('hydro', 5517, '41'), ('nuclear', 4436, '33'), ('wind', 2554, '19')]
[2022-07-09 12:00:08,926] {bash.py:177} INFO - Command exited with return code 0
[2022-07-09 12:00:08,945] {taskinstance.py:1159} INFO - Marking task as SUCCESS. dag_id=matchup, task_id=run_script, execution_date=20220709T060000, start_date=20220709T120004, end_date=20220709T120008
[2022-07-09 12:00:08,963] {taskinstance.py:1220} INFO - 0 downstream tasks scheduled from follow-on schedule check
[2022-07-09 12:00:08,996] {local_task_job.py:146} INFO - Task exited with return code 0
