[2022-04-14 00:01:04,693] {taskinstance.py:851} INFO - Dependencies all met for <TaskInstance: matchup.run_script 2022-04-13T18:00:00+00:00 [queued]>
[2022-04-14 00:01:04,698] {taskinstance.py:851} INFO - Dependencies all met for <TaskInstance: matchup.run_script 2022-04-13T18:00:00+00:00 [queued]>
[2022-04-14 00:01:04,698] {taskinstance.py:1042} INFO - 
--------------------------------------------------------------------------------
[2022-04-14 00:01:04,698] {taskinstance.py:1043} INFO - Starting attempt 2 of 6
[2022-04-14 00:01:04,698] {taskinstance.py:1044} INFO - 
--------------------------------------------------------------------------------
[2022-04-14 00:01:04,706] {taskinstance.py:1063} INFO - Executing <Task(BashOperator): run_script> on 2022-04-13T18:00:00+00:00
[2022-04-14 00:01:04,709] {standard_task_runner.py:52} INFO - Started process 150042 to run task
[2022-04-14 00:01:04,714] {standard_task_runner.py:76} INFO - Running: ['airflow', 'tasks', 'run', 'matchup', 'run_script', '2022-04-13T18:00:00+00:00', '--job-id', '153', '--pool', 'default_pool', '--raw', '--subdir', 'DAGS_FOLDER/matchup.py', '--cfg-path', '/tmp/tmpslbaffe0', '--error-file', '/tmp/tmprudwvrdx']
[2022-04-14 00:01:04,714] {standard_task_runner.py:77} INFO - Job 153: Subtask run_script
[2022-04-14 00:01:04,741] {logging_mixin.py:104} INFO - Running <TaskInstance: matchup.run_script 2022-04-13T18:00:00+00:00 [running]> on host 193e33218975
[2022-04-14 00:01:04,757] {taskinstance.py:1255} INFO - Exporting the following env vars:
AIRFLOW_CTX_DAG_EMAIL=r.chesne@gmail.com
AIRFLOW_CTX_DAG_OWNER=Robin
AIRFLOW_CTX_DAG_ID=matchup
AIRFLOW_CTX_TASK_ID=run_script
AIRFLOW_CTX_EXECUTION_DATE=2022-04-13T18:00:00+00:00
AIRFLOW_CTX_DAG_RUN_ID=scheduled__2022-04-13T18:00:00+00:00
[2022-04-14 00:01:04,757] {bash.py:135} INFO - Tmp dir root location: 
 /tmp
[2022-04-14 00:01:04,758] {bash.py:158} INFO - Running command: python /app/scripts/main.py
[2022-04-14 00:01:04,764] {bash.py:169} INFO - Output:
[2022-04-14 00:01:09,660] {bash.py:173} INFO - Spain
[2022-04-14 00:01:09,661] {bash.py:173} INFO - 24842
[2022-04-14 00:01:09,661] {bash.py:173} INFO - Italy
[2022-04-14 00:01:09,661] {bash.py:173} INFO - 29898
[2022-04-14 00:01:09,661] {bash.py:173} INFO - Spain: CO2 204, mix [('wind', 6519, '26'), ('gas', 6516, '26'), ('nuclear', 6408, '26')]
[2022-04-14 00:01:09,661] {bash.py:173} INFO - Italy: CO2 396, mix [('gas', 13430, '45'), ('coal', 3902, '13'), ('unknown', 2771, '9')]
[2022-04-14 00:01:09,661] {bash.py:173} INFO - Norway
[2022-04-14 00:01:09,661] {bash.py:173} INFO - 15888
[2022-04-14 00:01:09,661] {bash.py:173} INFO - Sweden
[2022-04-14 00:01:09,661] {bash.py:173} INFO - 14934
[2022-04-14 00:01:09,661] {bash.py:173} INFO - Norway: CO2 29, mix [('hydro', 14437, '91'), ('wind', 693, '4'), ('hydro discharge', 427, '3')]
[2022-04-14 00:01:09,661] {bash.py:173} INFO - Sweden: CO2 42, mix [('hydro', 6823, '46'), ('nuclear', 5369, '36'), ('wind', 1384, '9')]
[2022-04-14 00:01:09,661] {bash.py:173} INFO - Germany
[2022-04-14 00:01:09,661] {bash.py:173} INFO - 45747
[2022-04-14 00:01:09,662] {bash.py:173} INFO - UK
[2022-04-14 00:01:09,662] {bash.py:173} INFO - 28798
[2022-04-14 00:01:09,662] {bash.py:173} INFO - Germany: CO2 448, mix [('coal', 18994, '42'), ('wind', 7041, '15'), ('gas', 6280, '14')]
[2022-04-14 00:01:09,662] {bash.py:173} INFO - UK: CO2 333, mix [('gas', 17621, '61'), ('nuclear', 5861, '20'), ('wind', 2321, '8')]
[2022-04-14 00:01:09,693] {bash.py:177} INFO - Command exited with return code 0
[2022-04-14 00:01:09,710] {taskinstance.py:1159} INFO - Marking task as SUCCESS. dag_id=matchup, task_id=run_script, execution_date=20220413T180000, start_date=20220414T000104, end_date=20220414T000109
[2022-04-14 00:01:09,722] {taskinstance.py:1220} INFO - 0 downstream tasks scheduled from follow-on schedule check
[2022-04-14 00:01:09,743] {local_task_job.py:146} INFO - Task exited with return code 0
