[2022-03-21 06:00:04,203] {taskinstance.py:851} INFO - Dependencies all met for <TaskInstance: matchup.run_script 2022-03-21T00:00:00+00:00 [queued]>
[2022-03-21 06:00:04,207] {taskinstance.py:851} INFO - Dependencies all met for <TaskInstance: matchup.run_script 2022-03-21T00:00:00+00:00 [queued]>
[2022-03-21 06:00:04,207] {taskinstance.py:1042} INFO - 
--------------------------------------------------------------------------------
[2022-03-21 06:00:04,207] {taskinstance.py:1043} INFO - Starting attempt 1 of 6
[2022-03-21 06:00:04,207] {taskinstance.py:1044} INFO - 
--------------------------------------------------------------------------------
[2022-03-21 06:00:04,216] {taskinstance.py:1063} INFO - Executing <Task(BashOperator): run_script> on 2022-03-21T00:00:00+00:00
[2022-03-21 06:00:04,219] {standard_task_runner.py:52} INFO - Started process 436436 to run task
[2022-03-21 06:00:04,224] {standard_task_runner.py:76} INFO - Running: ['airflow', 'tasks', 'run', 'matchup', 'run_script', '2022-03-21T00:00:00+00:00', '--job-id', '410', '--pool', 'default_pool', '--raw', '--subdir', 'DAGS_FOLDER/matchup.py', '--cfg-path', '/tmp/tmpyk4ci2mx', '--error-file', '/tmp/tmplduo2y_i']
[2022-03-21 06:00:04,225] {standard_task_runner.py:77} INFO - Job 410: Subtask run_script
[2022-03-21 06:00:04,255] {logging_mixin.py:104} INFO - Running <TaskInstance: matchup.run_script 2022-03-21T00:00:00+00:00 [running]> on host 531edfb863fc
[2022-03-21 06:00:04,279] {taskinstance.py:1255} INFO - Exporting the following env vars:
AIRFLOW_CTX_DAG_EMAIL=r.chesne@gmail.com
AIRFLOW_CTX_DAG_OWNER=Robin
AIRFLOW_CTX_DAG_ID=matchup
AIRFLOW_CTX_TASK_ID=run_script
AIRFLOW_CTX_EXECUTION_DATE=2022-03-21T00:00:00+00:00
AIRFLOW_CTX_DAG_RUN_ID=scheduled__2022-03-21T00:00:00+00:00
[2022-03-21 06:00:04,279] {bash.py:135} INFO - Tmp dir root location: 
 /tmp
[2022-03-21 06:00:04,280] {bash.py:158} INFO - Running command: python /app/scripts/main.py
[2022-03-21 06:00:04,290] {bash.py:169} INFO - Output:
[2022-03-21 06:00:08,411] {bash.py:173} INFO - Portugal
[2022-03-21 06:00:08,411] {bash.py:173} INFO - 4256
[2022-03-21 06:00:08,412] {bash.py:173} INFO - Italy
[2022-03-21 06:00:08,412] {bash.py:173} INFO - 22030
[2022-03-21 06:00:08,412] {bash.py:173} INFO - Portugal: CO2 194, mix [('wind', 1988, '47'), ('gas', 1289, '30'), ('nuclear', 381, '9')]
[2022-03-21 06:00:08,412] {bash.py:173} INFO - Italy: CO2 416, mix [('gas', 9646, '44'), ('coal', 3458, '16'), ('wind', 2369, '11')]
[2022-03-21 06:00:08,412] {bash.py:173} INFO - Sweden
[2022-03-21 06:00:08,412] {bash.py:173} INFO - 16515
[2022-03-21 06:00:08,412] {bash.py:173} INFO - Denmark
[2022-03-21 06:00:08,412] {bash.py:173} INFO - 3657
[2022-03-21 06:00:08,412] {bash.py:173} INFO - Sweden: CO2 39, mix [('nuclear', 5515, '33'), ('hydro', 4795, '29'), ('wind', 4736, '29')]
[2022-03-21 06:00:08,412] {bash.py:173} INFO - Denmark: CO2 160, mix [('wind', 1903, '52'), ('biomass', 511, '14'), ('coal', 405, '11')]
[2022-03-21 06:00:08,412] {bash.py:173} INFO - UK
[2022-03-21 06:00:08,412] {bash.py:173} INFO - 24608
[2022-03-21 06:00:08,412] {bash.py:173} INFO - France
[2022-03-21 06:00:08,413] {bash.py:173} INFO - 46771
[2022-03-21 06:00:08,413] {bash.py:173} INFO - UK: CO2 282, mix [('gas', 11796, '48'), ('nuclear', 6282, '26'), ('wind', 2560, '10')]
[2022-03-21 06:00:08,413] {bash.py:173} INFO - France: CO2 101, mix [('nuclear', 29919, '64'), ('gas', 6445, '14'), ('wind', 4529, '10')]
[2022-03-21 06:00:08,453] {bash.py:177} INFO - Command exited with return code 0
[2022-03-21 06:00:08,476] {taskinstance.py:1159} INFO - Marking task as SUCCESS. dag_id=matchup, task_id=run_script, execution_date=20220321T000000, start_date=20220321T060004, end_date=20220321T060008
[2022-03-21 06:00:08,488] {taskinstance.py:1220} INFO - 0 downstream tasks scheduled from follow-on schedule check
[2022-03-21 06:00:08,503] {local_task_job.py:146} INFO - Task exited with return code 0
