[2022-03-06 18:00:04,910] {taskinstance.py:851} INFO - Dependencies all met for <TaskInstance: matchup.run_script 2022-03-06T12:00:00+00:00 [queued]>
[2022-03-06 18:00:04,924] {taskinstance.py:851} INFO - Dependencies all met for <TaskInstance: matchup.run_script 2022-03-06T12:00:00+00:00 [queued]>
[2022-03-06 18:00:04,924] {taskinstance.py:1042} INFO - 
--------------------------------------------------------------------------------
[2022-03-06 18:00:04,924] {taskinstance.py:1043} INFO - Starting attempt 1 of 6
[2022-03-06 18:00:04,924] {taskinstance.py:1044} INFO - 
--------------------------------------------------------------------------------
[2022-03-06 18:00:04,941] {taskinstance.py:1063} INFO - Executing <Task(BashOperator): run_script> on 2022-03-06T12:00:00+00:00
[2022-03-06 18:00:04,946] {standard_task_runner.py:52} INFO - Started process 229866 to run task
[2022-03-06 18:00:04,954] {standard_task_runner.py:76} INFO - Running: ['airflow', 'tasks', 'run', 'matchup', 'run_script', '2022-03-06T12:00:00+00:00', '--job-id', '166', '--pool', 'default_pool', '--raw', '--subdir', 'DAGS_FOLDER/matchup.py', '--cfg-path', '/tmp/tmppjic7d96', '--error-file', '/tmp/tmph1odp99v']
[2022-03-06 18:00:04,955] {standard_task_runner.py:77} INFO - Job 166: Subtask run_script
[2022-03-06 18:00:05,006] {logging_mixin.py:104} INFO - Running <TaskInstance: matchup.run_script 2022-03-06T12:00:00+00:00 [running]> on host 531edfb863fc
[2022-03-06 18:00:05,055] {taskinstance.py:1255} INFO - Exporting the following env vars:
AIRFLOW_CTX_DAG_EMAIL=r.chesne@gmail.com
AIRFLOW_CTX_DAG_OWNER=Robin
AIRFLOW_CTX_DAG_ID=matchup
AIRFLOW_CTX_TASK_ID=run_script
AIRFLOW_CTX_EXECUTION_DATE=2022-03-06T12:00:00+00:00
AIRFLOW_CTX_DAG_RUN_ID=scheduled__2022-03-06T12:00:00+00:00
[2022-03-06 18:00:05,055] {bash.py:135} INFO - Tmp dir root location: 
 /tmp
[2022-03-06 18:00:05,056] {bash.py:158} INFO - Running command: python /app/scripts/main.py
[2022-03-06 18:00:05,067] {bash.py:169} INFO - Output:
[2022-03-06 18:00:10,550] {bash.py:173} INFO - Italy: CO2 347, mix [('gas', 9958, '36'), ('hydro', 3450, '12'), ('coal', 3434, '12')]
[2022-03-06 18:00:10,551] {bash.py:173} INFO - Portugal: CO2 177, mix [('wind', 1561, '32'), ('gas', 1267, '26'), ('solar', 633, '13')]
[2022-03-06 18:00:10,551] {bash.py:173} INFO - Finland: CO2 185, mix [('nuclear', 3137, '32'), ('hydro', 2141, '22'), ('wind', 1396, '14')]
[2022-03-06 18:00:10,551] {bash.py:173} INFO - Norway: CO2 29, mix [('hydro', 13643, '82'), ('wind', 1936, '12'), ('nuclear', 408, '2')]
[2022-03-06 18:00:10,551] {bash.py:173} INFO - UK: CO2 240, mix [('gas', 12681, '37'), ('nuclear', 7395, '22'), ('wind', 5564, '16')]
[2022-03-06 18:00:10,551] {bash.py:173} INFO - France: CO2 64, mix [('nuclear', 40467, '70'), ('wind', 5735, '10'), ('hydro', 4957, '9')]
[2022-03-06 18:00:10,619] {bash.py:177} INFO - Command exited with return code 0
[2022-03-06 18:00:10,641] {taskinstance.py:1159} INFO - Marking task as SUCCESS. dag_id=matchup, task_id=run_script, execution_date=20220306T120000, start_date=20220306T180004, end_date=20220306T180010
[2022-03-06 18:00:10,664] {taskinstance.py:1220} INFO - 0 downstream tasks scheduled from follow-on schedule check
[2022-03-06 18:00:10,710] {local_task_job.py:146} INFO - Task exited with return code 0
