[2022-04-18 12:00:03,502] {taskinstance.py:851} INFO - Dependencies all met for <TaskInstance: matchup.run_script 2022-04-18T06:00:00+00:00 [queued]>
[2022-04-18 12:00:03,506] {taskinstance.py:851} INFO - Dependencies all met for <TaskInstance: matchup.run_script 2022-04-18T06:00:00+00:00 [queued]>
[2022-04-18 12:00:03,506] {taskinstance.py:1042} INFO - 
--------------------------------------------------------------------------------
[2022-04-18 12:00:03,506] {taskinstance.py:1043} INFO - Starting attempt 1 of 6
[2022-04-18 12:00:03,507] {taskinstance.py:1044} INFO - 
--------------------------------------------------------------------------------
[2022-04-18 12:00:03,513] {taskinstance.py:1063} INFO - Executing <Task(BashOperator): run_script> on 2022-04-18T06:00:00+00:00
[2022-04-18 12:00:03,516] {standard_task_runner.py:52} INFO - Started process 214187 to run task
[2022-04-18 12:00:03,521] {standard_task_runner.py:76} INFO - Running: ['airflow', 'tasks', 'run', 'matchup', 'run_script', '2022-04-18T06:00:00+00:00', '--job-id', '206', '--pool', 'default_pool', '--raw', '--subdir', 'DAGS_FOLDER/matchup.py', '--cfg-path', '/tmp/tmpqjudqqvs', '--error-file', '/tmp/tmpwhnoqted']
[2022-04-18 12:00:03,521] {standard_task_runner.py:77} INFO - Job 206: Subtask run_script
[2022-04-18 12:00:03,549] {logging_mixin.py:104} INFO - Running <TaskInstance: matchup.run_script 2022-04-18T06:00:00+00:00 [running]> on host 193e33218975
[2022-04-18 12:00:03,576] {taskinstance.py:1255} INFO - Exporting the following env vars:
AIRFLOW_CTX_DAG_EMAIL=r.chesne@gmail.com
AIRFLOW_CTX_DAG_OWNER=Robin
AIRFLOW_CTX_DAG_ID=matchup
AIRFLOW_CTX_TASK_ID=run_script
AIRFLOW_CTX_EXECUTION_DATE=2022-04-18T06:00:00+00:00
AIRFLOW_CTX_DAG_RUN_ID=scheduled__2022-04-18T06:00:00+00:00
[2022-04-18 12:00:03,577] {bash.py:135} INFO - Tmp dir root location: 
 /tmp
[2022-04-18 12:00:03,578] {bash.py:158} INFO - Running command: python /app/scripts/main.py
[2022-04-18 12:00:03,585] {bash.py:169} INFO - Output:
[2022-04-18 12:00:07,992] {bash.py:173} INFO - Italy
[2022-04-18 12:00:07,992] {bash.py:173} INFO - 24086
[2022-04-18 12:00:07,993] {bash.py:173} INFO - Portugal
[2022-04-18 12:00:07,993] {bash.py:173} INFO - 1996
[2022-04-18 12:00:07,993] {bash.py:173} INFO - Italy: CO2 180, mix [('solar', 10247, '43'), ('wind', 4841, '20'), ('gas', 3858, '16')]
[2022-04-18 12:00:07,993] {bash.py:173} INFO - Portugal: CO2 113, mix [('solar', 700, '35'), ('wind', 675, '34'), ('biomass', 273, '14')]
[2022-04-18 12:00:07,993] {bash.py:173} INFO - Denmark
[2022-04-18 12:00:07,993] {bash.py:173} INFO - 3834
[2022-04-18 12:00:07,993] {bash.py:173} INFO - Sweden
[2022-04-18 12:00:07,993] {bash.py:173} INFO - 13799
[2022-04-18 12:00:07,993] {bash.py:173} INFO - Denmark: CO2 209, mix [('solar', 1743, '45'), ('coal', 494, '13'), ('biomass', 468, '12')]
[2022-04-18 12:00:07,993] {bash.py:173} INFO - Sweden: CO2 49, mix [('hydro', 6729, '49'), ('nuclear', 5137, '37'), ('unknown', 1382, '10')]
[2022-04-18 12:00:07,993] {bash.py:173} INFO - France
[2022-04-18 12:00:07,993] {bash.py:173} INFO - 44582
[2022-04-18 12:00:07,993] {bash.py:173} INFO - UK
[2022-04-18 12:00:07,993] {bash.py:173} INFO - 28303
[2022-04-18 12:00:07,993] {bash.py:173} INFO - France: CO2 59, mix [('nuclear', 26730, '60'), ('solar', 7862, '18'), ('hydro', 4125, '9')]
[2022-04-18 12:00:07,994] {bash.py:173} INFO - UK: CO2 181, mix [('nuclear', 8104, '29'), ('gas', 7863, '28'), ('solar', 5683, '20')]
[2022-04-18 12:00:08,028] {bash.py:177} INFO - Command exited with return code 0
[2022-04-18 12:00:08,043] {taskinstance.py:1159} INFO - Marking task as SUCCESS. dag_id=matchup, task_id=run_script, execution_date=20220418T060000, start_date=20220418T120003, end_date=20220418T120008
[2022-04-18 12:00:08,058] {taskinstance.py:1220} INFO - 0 downstream tasks scheduled from follow-on schedule check
[2022-04-18 12:00:08,083] {local_task_job.py:146} INFO - Task exited with return code 0
