[2022-06-25 00:00:04,158] {taskinstance.py:851} INFO - Dependencies all met for <TaskInstance: matchup.run_script 2022-06-24T18:00:00+00:00 [queued]>
[2022-06-25 00:00:04,163] {taskinstance.py:851} INFO - Dependencies all met for <TaskInstance: matchup.run_script 2022-06-24T18:00:00+00:00 [queued]>
[2022-06-25 00:00:04,163] {taskinstance.py:1042} INFO - 
--------------------------------------------------------------------------------
[2022-06-25 00:00:04,163] {taskinstance.py:1043} INFO - Starting attempt 1 of 6
[2022-06-25 00:00:04,163] {taskinstance.py:1044} INFO - 
--------------------------------------------------------------------------------
[2022-06-25 00:00:04,171] {taskinstance.py:1063} INFO - Executing <Task(BashOperator): run_script> on 2022-06-24T18:00:00+00:00
[2022-06-25 00:00:04,173] {standard_task_runner.py:52} INFO - Started process 50663 to run task
[2022-06-25 00:00:04,177] {standard_task_runner.py:76} INFO - Running: ['airflow', 'tasks', 'run', 'matchup', 'run_script', '2022-06-24T18:00:00+00:00', '--job-id', '1439', '--pool', 'default_pool', '--raw', '--subdir', 'DAGS_FOLDER/matchup.py', '--cfg-path', '/tmp/tmpilaynll8', '--error-file', '/tmp/tmp3f0fci6l']
[2022-06-25 00:00:04,177] {standard_task_runner.py:77} INFO - Job 1439: Subtask run_script
[2022-06-25 00:00:04,199] {logging_mixin.py:104} INFO - Running <TaskInstance: matchup.run_script 2022-06-24T18:00:00+00:00 [running]> on host b5b34dd97903
[2022-06-25 00:00:04,228] {taskinstance.py:1255} INFO - Exporting the following env vars:
AIRFLOW_CTX_DAG_EMAIL=r.chesne@gmail.com
AIRFLOW_CTX_DAG_OWNER=Robin
AIRFLOW_CTX_DAG_ID=matchup
AIRFLOW_CTX_TASK_ID=run_script
AIRFLOW_CTX_EXECUTION_DATE=2022-06-24T18:00:00+00:00
AIRFLOW_CTX_DAG_RUN_ID=scheduled__2022-06-24T18:00:00+00:00
[2022-06-25 00:00:04,228] {bash.py:135} INFO - Tmp dir root location: 
 /tmp
[2022-06-25 00:00:04,229] {bash.py:158} INFO - Running command: python /app/scripts/main.py
[2022-06-25 00:00:04,234] {bash.py:169} INFO - Output:
[2022-06-25 00:00:08,088] {bash.py:173} INFO - Italy
[2022-06-25 00:00:08,088] {bash.py:173} INFO - 28941
[2022-06-25 00:00:08,088] {bash.py:173} INFO - Spain
[2022-06-25 00:00:08,088] {bash.py:173} INFO - 26272
[2022-06-25 00:00:08,088] {bash.py:173} INFO - Italy: CO2 388, mix [('gas', 14319, '49'), ('hydro', 4843, '17'), ('coal', 2866, '10')]
[2022-06-25 00:00:08,088] {bash.py:173} INFO - Spain: CO2 236, mix [('gas', 9209, '35'), ('nuclear', 6998, '27'), ('hydro', 3738, '14')]
[2022-06-25 00:00:08,088] {bash.py:173} INFO - Finland
[2022-06-25 00:00:08,088] {bash.py:173} INFO - 6432
[2022-06-25 00:00:08,088] {bash.py:173} INFO - Denmark
[2022-06-25 00:00:08,088] {bash.py:173} INFO - 3191
[2022-06-25 00:00:08,088] {bash.py:173} INFO - Finland: CO2 58, mix [('nuclear', 2963, '46'), ('hydro', 1700, '26'), ('wind', 923, '14')]
[2022-06-25 00:00:08,088] {bash.py:173} INFO - Denmark: CO2 95, mix [('hydro', 1272, '40'), ('wind', 1065, '33'), ('nuclear', 334, '10')]
[2022-06-25 00:00:08,088] {bash.py:173} INFO - UK
[2022-06-25 00:00:08,088] {bash.py:173} INFO - 22462
[2022-06-25 00:00:08,089] {bash.py:173} INFO - Germany
[2022-06-25 00:00:08,089] {bash.py:173} INFO - 41813
[2022-06-25 00:00:08,089] {bash.py:173} INFO - UK: CO2 281, mix [('gas', 11569, '52'), ('nuclear', 4937, '22'), ('wind', 3842, '17')]
[2022-06-25 00:00:08,089] {bash.py:173} INFO - Germany: CO2 438, mix [('coal', 17922, '43'), ('wind', 7686, '18'), ('biomass', 4645, '11')]
[2022-06-25 00:00:08,120] {bash.py:177} INFO - Command exited with return code 0
[2022-06-25 00:00:08,133] {taskinstance.py:1159} INFO - Marking task as SUCCESS. dag_id=matchup, task_id=run_script, execution_date=20220624T180000, start_date=20220625T000004, end_date=20220625T000008
[2022-06-25 00:00:08,145] {taskinstance.py:1220} INFO - 0 downstream tasks scheduled from follow-on schedule check
[2022-06-25 00:00:08,165] {local_task_job.py:146} INFO - Task exited with return code 0
