[2022-03-21 12:02:11,108] {taskinstance.py:851} INFO - Dependencies all met for <TaskInstance: matchup.run_script 2022-03-21T06:00:00+00:00 [queued]>
[2022-03-21 12:02:11,113] {taskinstance.py:851} INFO - Dependencies all met for <TaskInstance: matchup.run_script 2022-03-21T06:00:00+00:00 [queued]>
[2022-03-21 12:02:11,113] {taskinstance.py:1042} INFO - 
--------------------------------------------------------------------------------
[2022-03-21 12:02:11,113] {taskinstance.py:1043} INFO - Starting attempt 3 of 6
[2022-03-21 12:02:11,113] {taskinstance.py:1044} INFO - 
--------------------------------------------------------------------------------
[2022-03-21 12:02:11,121] {taskinstance.py:1063} INFO - Executing <Task(BashOperator): run_script> on 2022-03-21T06:00:00+00:00
[2022-03-21 12:02:11,124] {standard_task_runner.py:52} INFO - Started process 440019 to run task
[2022-03-21 12:02:11,130] {standard_task_runner.py:76} INFO - Running: ['airflow', 'tasks', 'run', 'matchup', 'run_script', '2022-03-21T06:00:00+00:00', '--job-id', '414', '--pool', 'default_pool', '--raw', '--subdir', 'DAGS_FOLDER/matchup.py', '--cfg-path', '/tmp/tmphsdi9y_o', '--error-file', '/tmp/tmp0qkhtoo8']
[2022-03-21 12:02:11,131] {standard_task_runner.py:77} INFO - Job 414: Subtask run_script
[2022-03-21 12:02:11,158] {logging_mixin.py:104} INFO - Running <TaskInstance: matchup.run_script 2022-03-21T06:00:00+00:00 [running]> on host 531edfb863fc
[2022-03-21 12:02:11,175] {taskinstance.py:1255} INFO - Exporting the following env vars:
AIRFLOW_CTX_DAG_EMAIL=r.chesne@gmail.com
AIRFLOW_CTX_DAG_OWNER=Robin
AIRFLOW_CTX_DAG_ID=matchup
AIRFLOW_CTX_TASK_ID=run_script
AIRFLOW_CTX_EXECUTION_DATE=2022-03-21T06:00:00+00:00
AIRFLOW_CTX_DAG_RUN_ID=scheduled__2022-03-21T06:00:00+00:00
[2022-03-21 12:02:11,175] {bash.py:135} INFO - Tmp dir root location: 
 /tmp
[2022-03-21 12:02:11,176] {bash.py:158} INFO - Running command: python /app/scripts/main.py
[2022-03-21 12:02:11,184] {bash.py:169} INFO - Output:
[2022-03-21 12:02:14,256] {bash.py:173} INFO - Spain
[2022-03-21 12:02:14,256] {bash.py:173} INFO - 30869
[2022-03-21 12:02:14,257] {bash.py:173} INFO - Portugal
[2022-03-21 12:02:14,257] {bash.py:173} INFO - 5698
[2022-03-21 12:02:14,257] {bash.py:173} INFO - Spain: CO2 175, mix [('wind', 10644, '34'), ('gas', 7892, '26'), ('nuclear', 5521, '18')]
[2022-03-21 12:02:14,257] {bash.py:173} INFO - Portugal: CO2 213, mix [('wind', 2235, '39'), ('gas', 2130, '37'), ('hydro', 541, '9')]
[2022-03-21 12:02:14,257] {bash.py:173} INFO - Finland
[2022-03-21 12:02:14,257] {bash.py:173} INFO - 8948
[2022-03-21 12:02:14,257] {bash.py:173} INFO - Norway
[2022-03-21 12:02:14,257] {bash.py:173} INFO - 17738
[2022-03-21 12:02:14,257] {bash.py:173} INFO - Finland: CO2 119, mix [('nuclear', 2976, '33'), ('hydro', 2246, '25'), ('wind', 1862, '21')]
[2022-03-21 12:02:14,257] {bash.py:173} INFO - Norway: CO2 33, mix [('hydro', 15380, '87'), ('wind', 1593, '9'), ('hydro discharge', 375, '2')]
[2022-03-21 12:02:14,257] {bash.py:173} INFO - Traceback (most recent call last):
[2022-03-21 12:02:14,257] {bash.py:173} INFO -   File "/app/scripts/main.py", line 241, in <module>
[2022-03-21 12:02:14,257] {bash.py:173} INFO -     get_matchups()
[2022-03-21 12:02:14,257] {bash.py:173} INFO -   File "/app/scripts/main.py", line 51, in get_matchups
[2022-03-21 12:02:14,257] {bash.py:173} INFO -     get_data(division, country1, country2)
[2022-03-21 12:02:14,257] {bash.py:173} INFO -   File "/app/scripts/main.py", line 199, in get_data
[2022-03-21 12:02:14,258] {bash.py:173} INFO -     co2_country2 = get_co2(country2)
[2022-03-21 12:02:14,258] {bash.py:173} INFO -   File "/app/scripts/main.py", line 73, in get_co2
[2022-03-21 12:02:14,258] {bash.py:173} INFO -     country_consumption_total = get_total_consumption(country)
[2022-03-21 12:02:14,258] {bash.py:173} INFO -   File "/app/scripts/main.py", line 66, in get_total_consumption
[2022-03-21 12:02:14,258] {bash.py:173} INFO -     country_consumption_total.append(sum(res.get('powerConsumptionBreakdown').values()))
[2022-03-21 12:02:14,258] {bash.py:173} INFO - AttributeError: 'NoneType' object has no attribute 'values'
[2022-03-21 12:02:14,322] {bash.py:177} INFO - Command exited with return code 1
[2022-03-21 12:02:14,334] {taskinstance.py:1455} ERROR - Bash command failed. The command returned a non-zero exit code.
Traceback (most recent call last):
  File "/app/env/lib/python3.8/site-packages/airflow/models/taskinstance.py", line 1112, in _run_raw_task
    self._prepare_and_execute_task_with_callbacks(context, task)
  File "/app/env/lib/python3.8/site-packages/airflow/models/taskinstance.py", line 1285, in _prepare_and_execute_task_with_callbacks
    result = self._execute_task(context, task_copy)
  File "/app/env/lib/python3.8/site-packages/airflow/models/taskinstance.py", line 1315, in _execute_task
    result = task_copy.execute(context=context)
  File "/app/env/lib/python3.8/site-packages/airflow/operators/bash.py", line 180, in execute
    raise AirflowException('Bash command failed. The command returned a non-zero exit code.')
airflow.exceptions.AirflowException: Bash command failed. The command returned a non-zero exit code.
[2022-03-21 12:02:14,337] {taskinstance.py:1496} INFO - Marking task as UP_FOR_RETRY. dag_id=matchup, task_id=run_script, execution_date=20220321T060000, start_date=20220321T120211, end_date=20220321T120214
[2022-03-21 12:02:14,356] {local_task_job.py:146} INFO - Task exited with return code 1
