[2022-03-21 12:05:21,691] {taskinstance.py:851} INFO - Dependencies all met for <TaskInstance: matchup.run_script 2022-03-21T06:00:00+00:00 [queued]>
[2022-03-21 12:05:21,697] {taskinstance.py:851} INFO - Dependencies all met for <TaskInstance: matchup.run_script 2022-03-21T06:00:00+00:00 [queued]>
[2022-03-21 12:05:21,697] {taskinstance.py:1042} INFO - 
--------------------------------------------------------------------------------
[2022-03-21 12:05:21,697] {taskinstance.py:1043} INFO - Starting attempt 6 of 6
[2022-03-21 12:05:21,697] {taskinstance.py:1044} INFO - 
--------------------------------------------------------------------------------
[2022-03-21 12:05:21,704] {taskinstance.py:1063} INFO - Executing <Task(BashOperator): run_script> on 2022-03-21T06:00:00+00:00
[2022-03-21 12:05:21,707] {standard_task_runner.py:52} INFO - Started process 440070 to run task
[2022-03-21 12:05:21,713] {standard_task_runner.py:76} INFO - Running: ['airflow', 'tasks', 'run', 'matchup', 'run_script', '2022-03-21T06:00:00+00:00', '--job-id', '417', '--pool', 'default_pool', '--raw', '--subdir', 'DAGS_FOLDER/matchup.py', '--cfg-path', '/tmp/tmp67zultbh', '--error-file', '/tmp/tmpk_28y0sm']
[2022-03-21 12:05:21,714] {standard_task_runner.py:77} INFO - Job 417: Subtask run_script
[2022-03-21 12:05:21,745] {logging_mixin.py:104} INFO - Running <TaskInstance: matchup.run_script 2022-03-21T06:00:00+00:00 [running]> on host 531edfb863fc
[2022-03-21 12:05:21,761] {taskinstance.py:1255} INFO - Exporting the following env vars:
AIRFLOW_CTX_DAG_EMAIL=r.chesne@gmail.com
AIRFLOW_CTX_DAG_OWNER=Robin
AIRFLOW_CTX_DAG_ID=matchup
AIRFLOW_CTX_TASK_ID=run_script
AIRFLOW_CTX_EXECUTION_DATE=2022-03-21T06:00:00+00:00
AIRFLOW_CTX_DAG_RUN_ID=scheduled__2022-03-21T06:00:00+00:00
[2022-03-21 12:05:21,761] {bash.py:135} INFO - Tmp dir root location: 
 /tmp
[2022-03-21 12:05:21,761] {bash.py:158} INFO - Running command: python /app/scripts/main.py
[2022-03-21 12:05:21,767] {bash.py:169} INFO - Output:
[2022-03-21 12:05:25,147] {bash.py:173} INFO - Italy
[2022-03-21 12:05:25,148] {bash.py:173} INFO - 39295
[2022-03-21 12:05:25,148] {bash.py:173} INFO - Portugal
[2022-03-21 12:05:25,148] {bash.py:173} INFO - 5698
[2022-03-21 12:05:25,148] {bash.py:173} INFO - Italy: CO2 341, mix [('gas', 17220, '44'), ('solar', 8982, '23'), ('coal', 3257, '8')]
[2022-03-21 12:05:25,149] {bash.py:173} INFO - Portugal: CO2 213, mix [('wind', 2235, '39'), ('gas', 2130, '37'), ('hydro', 541, '9')]
[2022-03-21 12:05:25,149] {bash.py:173} INFO - Sweden
[2022-03-21 12:05:25,149] {bash.py:173} INFO - 16278
[2022-03-21 12:05:25,149] {bash.py:173} INFO - Denmark
[2022-03-21 12:05:25,149] {bash.py:173} INFO - 4790
[2022-03-21 12:05:25,149] {bash.py:173} INFO - Sweden: CO2 44, mix [('hydro', 7029, '43'), ('nuclear', 5434, '33'), ('wind', 2182, '13')]
[2022-03-21 12:05:25,149] {bash.py:173} INFO - Denmark: CO2 204, mix [('wind', 1814, '38'), ('coal', 783, '16'), ('solar', 584, '12')]
[2022-03-21 12:05:25,149] {bash.py:173} INFO - Traceback (most recent call last):
[2022-03-21 12:05:25,149] {bash.py:173} INFO -   File "/app/scripts/main.py", line 241, in <module>
[2022-03-21 12:05:25,150] {bash.py:173} INFO -     get_matchups()
[2022-03-21 12:05:25,150] {bash.py:173} INFO -   File "/app/scripts/main.py", line 51, in get_matchups
[2022-03-21 12:05:25,150] {bash.py:173} INFO -     get_data(division, country1, country2)
[2022-03-21 12:05:25,150] {bash.py:173} INFO -   File "/app/scripts/main.py", line 199, in get_data
[2022-03-21 12:05:25,150] {bash.py:173} INFO -     co2_country2 = get_co2(country2)
[2022-03-21 12:05:25,150] {bash.py:173} INFO -   File "/app/scripts/main.py", line 73, in get_co2
[2022-03-21 12:05:25,150] {bash.py:173} INFO -     country_consumption_total = get_total_consumption(country)
[2022-03-21 12:05:25,150] {bash.py:173} INFO -   File "/app/scripts/main.py", line 66, in get_total_consumption
[2022-03-21 12:05:25,151] {bash.py:173} INFO -     country_consumption_total.append(sum(res.get('powerConsumptionBreakdown').values()))
[2022-03-21 12:05:25,151] {bash.py:173} INFO - AttributeError: 'NoneType' object has no attribute 'values'
[2022-03-21 12:05:25,181] {bash.py:177} INFO - Command exited with return code 1
[2022-03-21 12:05:25,192] {taskinstance.py:1455} ERROR - Bash command failed. The command returned a non-zero exit code.
Traceback (most recent call last):
  File "/app/env/lib/python3.8/site-packages/airflow/models/taskinstance.py", line 1112, in _run_raw_task
    self._prepare_and_execute_task_with_callbacks(context, task)
  File "/app/env/lib/python3.8/site-packages/airflow/models/taskinstance.py", line 1285, in _prepare_and_execute_task_with_callbacks
    result = self._execute_task(context, task_copy)
  File "/app/env/lib/python3.8/site-packages/airflow/models/taskinstance.py", line 1315, in _execute_task
    result = task_copy.execute(context=context)
  File "/app/env/lib/python3.8/site-packages/airflow/operators/bash.py", line 180, in execute
    raise AirflowException('Bash command failed. The command returned a non-zero exit code.')
airflow.exceptions.AirflowException: Bash command failed. The command returned a non-zero exit code.
[2022-03-21 12:05:25,195] {taskinstance.py:1496} INFO - Marking task as FAILED. dag_id=matchup, task_id=run_script, execution_date=20220321T060000, start_date=20220321T120521, end_date=20220321T120525
[2022-03-21 12:05:25,217] {local_task_job.py:146} INFO - Task exited with return code 1
