[2022-04-28 12:00:03,473] {taskinstance.py:851} INFO - Dependencies all met for <TaskInstance: matchup.run_script 2022-04-28T06:00:00+00:00 [queued]>
[2022-04-28 12:00:03,478] {taskinstance.py:851} INFO - Dependencies all met for <TaskInstance: matchup.run_script 2022-04-28T06:00:00+00:00 [queued]>
[2022-04-28 12:00:03,479] {taskinstance.py:1042} INFO - 
--------------------------------------------------------------------------------
[2022-04-28 12:00:03,479] {taskinstance.py:1043} INFO - Starting attempt 1 of 6
[2022-04-28 12:00:03,479] {taskinstance.py:1044} INFO - 
--------------------------------------------------------------------------------
[2022-04-28 12:00:03,486] {taskinstance.py:1063} INFO - Executing <Task(BashOperator): run_script> on 2022-04-28T06:00:00+00:00
[2022-04-28 12:00:03,489] {standard_task_runner.py:52} INFO - Started process 356666 to run task
[2022-04-28 12:00:03,495] {standard_task_runner.py:76} INFO - Running: ['airflow', 'tasks', 'run', 'matchup', 'run_script', '2022-04-28T06:00:00+00:00', '--job-id', '316', '--pool', 'default_pool', '--raw', '--subdir', 'DAGS_FOLDER/matchup.py', '--cfg-path', '/tmp/tmpzfse3665', '--error-file', '/tmp/tmplgj8sfnh']
[2022-04-28 12:00:03,496] {standard_task_runner.py:77} INFO - Job 316: Subtask run_script
[2022-04-28 12:00:03,525] {logging_mixin.py:104} INFO - Running <TaskInstance: matchup.run_script 2022-04-28T06:00:00+00:00 [running]> on host 193e33218975
[2022-04-28 12:00:03,554] {taskinstance.py:1255} INFO - Exporting the following env vars:
AIRFLOW_CTX_DAG_EMAIL=r.chesne@gmail.com
AIRFLOW_CTX_DAG_OWNER=Robin
AIRFLOW_CTX_DAG_ID=matchup
AIRFLOW_CTX_TASK_ID=run_script
AIRFLOW_CTX_EXECUTION_DATE=2022-04-28T06:00:00+00:00
AIRFLOW_CTX_DAG_RUN_ID=scheduled__2022-04-28T06:00:00+00:00
[2022-04-28 12:00:03,555] {bash.py:135} INFO - Tmp dir root location: 
 /tmp
[2022-04-28 12:00:03,555] {bash.py:158} INFO - Running command: python /app/scripts/main.py
[2022-04-28 12:00:03,568] {bash.py:169} INFO - Output:
[2022-04-28 12:00:07,341] {bash.py:173} INFO - Spain
[2022-04-28 12:00:07,342] {bash.py:173} INFO - 34607
[2022-04-28 12:00:07,342] {bash.py:173} INFO - Italy
[2022-04-28 12:00:07,342] {bash.py:173} INFO - 35491
[2022-04-28 12:00:07,342] {bash.py:173} INFO - Spain: CO2 136, mix [('wind', 9292, '27'), ('solar', 9100, '26'), ('nuclear', 5908, '17')]
[2022-04-28 12:00:07,342] {bash.py:173} INFO - Italy: CO2 341, mix [('gas', 17259, '49'), ('solar', 8199, '23'), ('wind', 3116, '9')]
[2022-04-28 12:00:07,342] {bash.py:173} INFO - Finland
[2022-04-28 12:00:07,342] {bash.py:173} INFO - 9690
[2022-04-28 12:00:07,342] {bash.py:173} INFO - Sweden
[2022-04-28 12:00:07,342] {bash.py:173} INFO - 17598
[2022-04-28 12:00:07,342] {bash.py:173} INFO - Finland: CO2 169, mix [('nuclear', 3694, '38'), ('hydro', 2157, '22'), ('wind', 1102, '11')]
[2022-04-28 12:00:07,342] {bash.py:173} INFO - Sweden: CO2 41, mix [('hydro', 7282, '41'), ('nuclear', 5685, '32'), ('wind', 3054, '17')]
[2022-04-28 12:00:07,342] {bash.py:173} INFO - Germany
[2022-04-28 12:00:07,342] {bash.py:173} INFO - 71762
[2022-04-28 12:00:07,342] {bash.py:173} INFO - France
[2022-04-28 12:00:07,342] {bash.py:173} INFO - 57390
[2022-04-28 12:00:07,343] {bash.py:173} INFO - Germany: CO2 223, mix [('wind', 31465, '44'), ('coal', 13975, '19'), ('solar', 11697, '16')]
[2022-04-28 12:00:07,343] {bash.py:173} INFO - France: CO2 70, mix [('nuclear', 31216, '54'), ('wind', 9227, '16'), ('gas', 5386, '9')]
[2022-04-28 12:00:07,387] {bash.py:177} INFO - Command exited with return code 0
[2022-04-28 12:00:07,405] {taskinstance.py:1159} INFO - Marking task as SUCCESS. dag_id=matchup, task_id=run_script, execution_date=20220428T060000, start_date=20220428T120003, end_date=20220428T120007
[2022-04-28 12:00:07,418] {taskinstance.py:1220} INFO - 0 downstream tasks scheduled from follow-on schedule check
[2022-04-28 12:00:07,438] {local_task_job.py:146} INFO - Task exited with return code 0
