[2022-04-26 06:01:04,685] {taskinstance.py:851} INFO - Dependencies all met for <TaskInstance: matchup.run_script 2022-04-26T00:00:00+00:00 [queued]>
[2022-04-26 06:01:04,690] {taskinstance.py:851} INFO - Dependencies all met for <TaskInstance: matchup.run_script 2022-04-26T00:00:00+00:00 [queued]>
[2022-04-26 06:01:04,690] {taskinstance.py:1042} INFO - 
--------------------------------------------------------------------------------
[2022-04-26 06:01:04,691] {taskinstance.py:1043} INFO - Starting attempt 2 of 6
[2022-04-26 06:01:04,691] {taskinstance.py:1044} INFO - 
--------------------------------------------------------------------------------
[2022-04-26 06:01:04,698] {taskinstance.py:1063} INFO - Executing <Task(BashOperator): run_script> on 2022-04-26T00:00:00+00:00
[2022-04-26 06:01:04,701] {standard_task_runner.py:52} INFO - Started process 324652 to run task
[2022-04-26 06:01:04,705] {standard_task_runner.py:76} INFO - Running: ['airflow', 'tasks', 'run', 'matchup', 'run_script', '2022-04-26T00:00:00+00:00', '--job-id', '296', '--pool', 'default_pool', '--raw', '--subdir', 'DAGS_FOLDER/matchup.py', '--cfg-path', '/tmp/tmpm8fndib7', '--error-file', '/tmp/tmposnj5nxk']
[2022-04-26 06:01:04,705] {standard_task_runner.py:77} INFO - Job 296: Subtask run_script
[2022-04-26 06:01:04,729] {logging_mixin.py:104} INFO - Running <TaskInstance: matchup.run_script 2022-04-26T00:00:00+00:00 [running]> on host 193e33218975
[2022-04-26 06:01:04,744] {taskinstance.py:1255} INFO - Exporting the following env vars:
AIRFLOW_CTX_DAG_EMAIL=r.chesne@gmail.com
AIRFLOW_CTX_DAG_OWNER=Robin
AIRFLOW_CTX_DAG_ID=matchup
AIRFLOW_CTX_TASK_ID=run_script
AIRFLOW_CTX_EXECUTION_DATE=2022-04-26T00:00:00+00:00
AIRFLOW_CTX_DAG_RUN_ID=scheduled__2022-04-26T00:00:00+00:00
[2022-04-26 06:01:04,744] {bash.py:135} INFO - Tmp dir root location: 
 /tmp
[2022-04-26 06:01:04,745] {bash.py:158} INFO - Running command: python /app/scripts/main.py
[2022-04-26 06:01:04,750] {bash.py:169} INFO - Output:
[2022-04-26 06:01:09,449] {bash.py:173} INFO - Portugal
[2022-04-26 06:01:09,449] {bash.py:173} INFO - 5051
[2022-04-26 06:01:09,449] {bash.py:173} INFO - Italy
[2022-04-26 06:01:09,449] {bash.py:173} INFO - 36350
[2022-04-26 06:01:09,449] {bash.py:173} INFO - Portugal: CO2 344, mix [('gas', 3196, '63'), ('hydro', 893, '18'), ('biomass', 388, '8')]
[2022-04-26 06:01:09,449] {bash.py:173} INFO - Italy: CO2 382, mix [('gas', 19287, '53'), ('hydro', 4500, '12'), ('solar', 2782, '8')]
[2022-04-26 06:01:09,449] {bash.py:173} INFO - Norway
[2022-04-26 06:01:09,449] {bash.py:173} INFO - 16905
[2022-04-26 06:01:09,449] {bash.py:173} INFO - Finland
[2022-04-26 06:01:09,450] {bash.py:173} INFO - 8751
[2022-04-26 06:01:09,450] {bash.py:173} INFO - Norway: CO2 31, mix [('hydro', 14980, '89'), ('wind', 1253, '7'), ('hydro discharge', 261, '2')]
[2022-04-26 06:01:09,450] {bash.py:173} INFO - Finland: CO2 149, mix [('nuclear', 3133, '36'), ('hydro', 2302, '26'), ('wind', 1253, '14')]
[2022-04-26 06:01:09,450] {bash.py:173} INFO - Germany
[2022-04-26 06:01:09,450] {bash.py:173} INFO - 76720
[2022-04-26 06:01:09,450] {bash.py:173} INFO - UK
[2022-04-26 06:01:09,450] {bash.py:173} INFO - 28087
[2022-04-26 06:01:09,450] {bash.py:173} INFO - Germany: CO2 270, mix [('wind', 34004, '44'), ('coal', 18165, '24'), ('biomass', 5063, '7')]
[2022-04-26 06:01:09,450] {bash.py:173} INFO - UK: CO2 235, mix [('gas', 10501, '37'), ('wind', 9151, '33'), ('nuclear', 4789, '17')]
[2022-04-26 06:01:09,485] {bash.py:177} INFO - Command exited with return code 0
[2022-04-26 06:01:09,497] {taskinstance.py:1159} INFO - Marking task as SUCCESS. dag_id=matchup, task_id=run_script, execution_date=20220426T000000, start_date=20220426T060104, end_date=20220426T060109
[2022-04-26 06:01:09,511] {taskinstance.py:1220} INFO - 0 downstream tasks scheduled from follow-on schedule check
[2022-04-26 06:01:09,536] {local_task_job.py:146} INFO - Task exited with return code 0
