[2022-02-21 19:50:14,002] {taskinstance.py:851} INFO - Dependencies all met for <TaskInstance: matchup.run_script 2022-02-21T19:50:09.668119+00:00 [queued]>
[2022-02-21 19:50:14,011] {taskinstance.py:851} INFO - Dependencies all met for <TaskInstance: matchup.run_script 2022-02-21T19:50:09.668119+00:00 [queued]>
[2022-02-21 19:50:14,011] {taskinstance.py:1042} INFO - 
--------------------------------------------------------------------------------
[2022-02-21 19:50:14,011] {taskinstance.py:1043} INFO - Starting attempt 1 of 6
[2022-02-21 19:50:14,011] {taskinstance.py:1044} INFO - 
--------------------------------------------------------------------------------
[2022-02-21 19:50:14,026] {taskinstance.py:1063} INFO - Executing <Task(BashOperator): run_script> on 2022-02-21T19:50:09.668119+00:00
[2022-02-21 19:50:14,031] {standard_task_runner.py:52} INFO - Started process 47040 to run task
[2022-02-21 19:50:14,039] {standard_task_runner.py:76} INFO - Running: ['airflow', 'tasks', 'run', 'matchup', 'run_script', '2022-02-21T19:50:09.668119+00:00', '--job-id', '48', '--pool', 'default_pool', '--raw', '--subdir', 'DAGS_FOLDER/matchup.py', '--cfg-path', '/tmp/tmpg8549gg6', '--error-file', '/tmp/tmp6kf_t6am']
[2022-02-21 19:50:14,040] {standard_task_runner.py:77} INFO - Job 48: Subtask run_script
[2022-02-21 19:50:14,072] {logging_mixin.py:104} INFO - Running <TaskInstance: matchup.run_script 2022-02-21T19:50:09.668119+00:00 [running]> on host 531edfb863fc
[2022-02-21 19:50:14,099] {taskinstance.py:1255} INFO - Exporting the following env vars:
AIRFLOW_CTX_DAG_EMAIL=r.chesne@gmail.com
AIRFLOW_CTX_DAG_OWNER=Robin
AIRFLOW_CTX_DAG_ID=matchup
AIRFLOW_CTX_TASK_ID=run_script
AIRFLOW_CTX_EXECUTION_DATE=2022-02-21T19:50:09.668119+00:00
AIRFLOW_CTX_DAG_RUN_ID=manual__2022-02-21T19:50:09.668119+00:00
[2022-02-21 19:50:14,100] {bash.py:135} INFO - Tmp dir root location: 
 /tmp
[2022-02-21 19:50:14,101] {bash.py:158} INFO - Running command: python /app/scripts/main.py
[2022-02-21 19:50:14,110] {bash.py:169} INFO - Output:
[2022-02-21 19:50:18,706] {bash.py:173} INFO - ---
[2022-02-21 19:50:18,706] {bash.py:173} INFO - sending...
[2022-02-21 19:50:18,706] {bash.py:173} INFO - Southern Europe Italy Spain
[2022-02-21 19:50:18,706] {bash.py:173} INFO - ---
[2022-02-21 19:50:18,706] {bash.py:173} INFO - Italy: CO2 353, mix [('gas', 19175, '54'), ('wind', 6648, '19'), ('coal', 3053, '9')]
[2022-02-21 19:50:18,706] {bash.py:173} INFO - Spain: CO2 167, mix [('wind', 9208, '30'), ('gas', 8090, '26'), ('nuclear', 7089, '23')]
[2022-02-21 19:50:18,706] {bash.py:173} INFO - ---
[2022-02-21 19:50:18,706] {bash.py:173} INFO - sending...
[2022-02-21 19:50:18,707] {bash.py:173} INFO - Northern Europe Norway Sweden
[2022-02-21 19:50:18,707] {bash.py:173} INFO - ---
[2022-02-21 19:50:18,707] {bash.py:173} INFO - Norway: CO2 32, mix [('hydro', 19750, '89'), ('wind', 1937, '9'), ('hydro_discharge', 402, '2')]
[2022-02-21 19:50:18,707] {bash.py:173} INFO - Sweden: CO2 42, mix [('hydro', 10622, '43'), ('wind', 6141, '25'), ('nuclear', 5586, '23')]
[2022-02-21 19:50:18,707] {bash.py:173} INFO - ---
[2022-02-21 19:50:18,707] {bash.py:173} INFO - sending...
[2022-02-21 19:50:18,707] {bash.py:173} INFO - Central Europe France Germany
[2022-02-21 19:50:18,707] {bash.py:173} INFO - ---
[2022-02-21 19:50:18,707] {bash.py:173} INFO - France: CO2 66, mix [('nuclear', 42765, '59'), ('wind', 12628, '18'), ('hydro', 7670, '11')]
[2022-02-21 19:50:18,707] {bash.py:173} INFO - Germany: CO2 212, mix [('wind', 41903, '56'), ('coal', 13462, '18'), ('biomass', 5316, '7')]
[2022-02-21 19:50:18,766] {bash.py:177} INFO - Command exited with return code 0
[2022-02-21 19:50:18,785] {taskinstance.py:1159} INFO - Marking task as SUCCESS. dag_id=matchup, task_id=run_script, execution_date=20220221T195009, start_date=20220221T195014, end_date=20220221T195018
[2022-02-21 19:50:18,806] {taskinstance.py:1220} INFO - 0 downstream tasks scheduled from follow-on schedule check
[2022-02-21 19:50:18,835] {local_task_job.py:146} INFO - Task exited with return code 0
