[2022-02-19 06:00:04,767] {taskinstance.py:851} INFO - Dependencies all met for <TaskInstance: matchup.run_script 2022-02-19T00:00:00+00:00 [queued]>
[2022-02-19 06:00:04,777] {taskinstance.py:851} INFO - Dependencies all met for <TaskInstance: matchup.run_script 2022-02-19T00:00:00+00:00 [queued]>
[2022-02-19 06:00:04,777] {taskinstance.py:1042} INFO - 
--------------------------------------------------------------------------------
[2022-02-19 06:00:04,777] {taskinstance.py:1043} INFO - Starting attempt 1 of 6
[2022-02-19 06:00:04,777] {taskinstance.py:1044} INFO - 
--------------------------------------------------------------------------------
[2022-02-19 06:00:04,792] {taskinstance.py:1063} INFO - Executing <Task(BashOperator): run_script> on 2022-02-19T00:00:00+00:00
[2022-02-19 06:00:04,797] {standard_task_runner.py:52} INFO - Started process 10320 to run task
[2022-02-19 06:00:04,803] {standard_task_runner.py:76} INFO - Running: ['airflow', 'tasks', 'run', 'matchup', 'run_script', '2022-02-19T00:00:00+00:00', '--job-id', '15', '--pool', 'default_pool', '--raw', '--subdir', 'DAGS_FOLDER/matchup.py', '--cfg-path', '/tmp/tmp2uazlr0j', '--error-file', '/tmp/tmp9sise62c']
[2022-02-19 06:00:04,804] {standard_task_runner.py:77} INFO - Job 15: Subtask run_script
[2022-02-19 06:00:04,858] {logging_mixin.py:104} INFO - Running <TaskInstance: matchup.run_script 2022-02-19T00:00:00+00:00 [running]> on host 531edfb863fc
[2022-02-19 06:00:04,899] {taskinstance.py:1255} INFO - Exporting the following env vars:
AIRFLOW_CTX_DAG_EMAIL=r.chesne@gmail.com
AIRFLOW_CTX_DAG_OWNER=Robin
AIRFLOW_CTX_DAG_ID=matchup
AIRFLOW_CTX_TASK_ID=run_script
AIRFLOW_CTX_EXECUTION_DATE=2022-02-19T00:00:00+00:00
AIRFLOW_CTX_DAG_RUN_ID=scheduled__2022-02-19T00:00:00+00:00
[2022-02-19 06:00:04,899] {bash.py:135} INFO - Tmp dir root location: 
 /tmp
[2022-02-19 06:00:04,900] {bash.py:158} INFO - Running command: python /app/scripts/main.py
[2022-02-19 06:00:04,911] {bash.py:169} INFO - Output:
[2022-02-19 06:00:17,634] {bash.py:173} INFO - Italy: CO2 358, mix [('gas', 8401, '43'), ('wind', 3756, '19'), ('coal', 3073, '16')]
[2022-02-19 06:00:17,634] {bash.py:173} INFO - Spain: CO2 131, mix [('wind', 10667, '42'), ('nuclear', 7099, '28'), ('gas', 5050, '20')]
[2022-02-19 06:00:17,634] {bash.py:173} INFO - Spain: CO2 131, mix [('wind', 10667, '42'), ('nuclear', 7099, '28'), ('gas', 5050, '20')]
[2022-02-19 06:00:17,634] {bash.py:173} INFO - Portugal: CO2 85, mix [('wind', 3563, '80'), ('biomass', 403, '9'), ('gas', 280, '6')]
[2022-02-19 06:00:17,634] {bash.py:173} INFO - Spain: CO2 131, mix [('wind', 10667, '42'), ('nuclear', 7099, '28'), ('gas', 5050, '20')]
[2022-02-19 06:00:17,635] {bash.py:173} INFO - Italy: CO2 358, mix [('gas', 8401, '43'), ('wind', 3756, '19'), ('coal', 3073, '16')]
[2022-02-19 06:00:17,635] {bash.py:173} INFO - Italy: CO2 358, mix [('gas', 8401, '43'), ('wind', 3756, '19'), ('coal', 3073, '16')]
[2022-02-19 06:00:17,635] {bash.py:173} INFO - Portugal: CO2 85, mix [('wind', 3563, '80'), ('biomass', 403, '9'), ('gas', 280, '6')]
[2022-02-19 06:00:17,635] {bash.py:173} INFO - Italy: CO2 358, mix [('gas', 8401, '43'), ('wind', 3756, '19'), ('coal', 3073, '16')]
[2022-02-19 06:00:17,635] {bash.py:173} INFO - Spain: CO2 131, mix [('wind', 10667, '42'), ('nuclear', 7099, '28'), ('gas', 5050, '20')]
[2022-02-19 06:00:17,637] {bash.py:173} INFO - Traceback (most recent call last):
[2022-02-19 06:00:17,637] {bash.py:173} INFO -   File "/app/scripts/main.py", line 238, in <module>
[2022-02-19 06:00:17,637] {bash.py:173} INFO -     get_matchups()
[2022-02-19 06:00:17,637] {bash.py:173} INFO -   File "/app/scripts/main.py", line 51, in get_matchups
[2022-02-19 06:00:17,637] {bash.py:173} INFO -     get_data(division, country1, country2)
[2022-02-19 06:00:17,637] {bash.py:173} INFO -   File "/app/scripts/main.py", line 199, in get_data
[2022-02-19 06:00:17,637] {bash.py:173} INFO -     mix_country1 = get_mix(country1, division)
[2022-02-19 06:00:17,638] {bash.py:173} INFO -   File "/app/scripts/main.py", line 107, in get_mix
[2022-02-19 06:00:17,638] {bash.py:173} INFO -     get_matchups([division])
[2022-02-19 06:00:17,638] {bash.py:173} INFO -   File "/app/scripts/main.py", line 51, in get_matchups
[2022-02-19 06:00:17,638] {bash.py:173} INFO -     get_data(division, country1, country2)
[2022-02-19 06:00:17,638] {bash.py:173} INFO -   File "/app/scripts/main.py", line 200, in get_data
[2022-02-19 06:00:17,638] {bash.py:173} INFO -     mix_country2 = get_mix(country2, division)
[2022-02-19 06:00:17,638] {bash.py:173} INFO -   File "/app/scripts/main.py", line 107, in get_mix
[2022-02-19 06:00:17,638] {bash.py:173} INFO -     get_matchups([division])
[2022-02-19 06:00:17,638] {bash.py:173} INFO -   File "/app/scripts/main.py", line 51, in get_matchups
[2022-02-19 06:00:17,638] {bash.py:173} INFO -     get_data(division, country1, country2)
[2022-02-19 06:00:17,638] {bash.py:173} INFO -   File "/app/scripts/main.py", line 198, in get_data
[2022-02-19 06:00:17,638] {bash.py:173} INFO -     co2_country2 = get_co2(country2, division)
[2022-02-19 06:00:17,639] {bash.py:173} INFO -   File "/app/scripts/main.py", line 75, in get_co2
[2022-02-19 06:00:17,639] {bash.py:173} INFO -     get_matchups([division])
[2022-02-19 06:00:17,639] {bash.py:173} INFO -   File "/app/scripts/main.py", line 51, in get_matchups
[2022-02-19 06:00:17,639] {bash.py:173} INFO -     get_data(division, country1, country2)
[2022-02-19 06:00:17,639] {bash.py:173} INFO -   File "/app/scripts/main.py", line 198, in get_data
[2022-02-19 06:00:17,639] {bash.py:173} INFO -     co2_country2 = get_co2(country2, division)
[2022-02-19 06:00:17,639] {bash.py:173} INFO -   File "/app/scripts/main.py", line 75, in get_co2
[2022-02-19 06:00:17,639] {bash.py:173} INFO -     get_matchups([division])
[2022-02-19 06:00:17,639] {bash.py:173} INFO -   File "/app/scripts/main.py", line 51, in get_matchups
[2022-02-19 06:00:17,639] {bash.py:173} INFO -     get_data(division, country1, country2)
[2022-02-19 06:00:17,639] {bash.py:173} INFO -   File "/app/scripts/main.py", line 235, in get_data
[2022-02-19 06:00:17,639] {bash.py:173} INFO -     send_tweet(country1, country2, co2_country1,co2_country2, mix_country1, mix_country2)
[2022-02-19 06:00:17,639] {bash.py:173} INFO -   File "/app/scripts/main.py", line 189, in send_tweet
[2022-02-19 06:00:17,639] {bash.py:173} INFO -     client.create_tweet(text=f"""{country1_emoji} {country1.upper()}: {co2_country1}g CO2/kWh {co2_country1_emoji} using {mix_country1[0][2]}% {mix_country1[0][0].capitalize()}, {mix_country1[1][2]}% {mix_country1[1][0].capitalize()} and {mix_country1[2][2]}% {mix_country1[2][0].capitalize()}
[2022-02-19 06:00:17,640] {bash.py:173} INFO -   File "/app/env/lib/python3.8/site-packages/tweepy/client.py", line 563, in create_tweet
[2022-02-19 06:00:17,640] {bash.py:173} INFO -     return self._make_request(
[2022-02-19 06:00:17,640] {bash.py:173} INFO -   File "/app/env/lib/python3.8/site-packages/tweepy/client.py", line 168, in _make_request
[2022-02-19 06:00:17,640] {bash.py:173} INFO -     response = self.request(method, route, params=request_params,
[2022-02-19 06:00:17,640] {bash.py:173} INFO -   File "/app/env/lib/python3.8/site-packages/tweepy/client.py", line 124, in request
[2022-02-19 06:00:17,640] {bash.py:173} INFO -     raise Forbidden(response)
[2022-02-19 06:00:17,640] {bash.py:173} INFO - tweepy.errors.Forbidden: 403 Forbidden
[2022-02-19 06:00:17,715] {bash.py:177} INFO - Command exited with return code 1
[2022-02-19 06:00:17,730] {taskinstance.py:1455} ERROR - Bash command failed. The command returned a non-zero exit code.
Traceback (most recent call last):
  File "/app/env/lib/python3.8/site-packages/airflow/models/taskinstance.py", line 1112, in _run_raw_task
    self._prepare_and_execute_task_with_callbacks(context, task)
  File "/app/env/lib/python3.8/site-packages/airflow/models/taskinstance.py", line 1285, in _prepare_and_execute_task_with_callbacks
    result = self._execute_task(context, task_copy)
  File "/app/env/lib/python3.8/site-packages/airflow/models/taskinstance.py", line 1315, in _execute_task
    result = task_copy.execute(context=context)
  File "/app/env/lib/python3.8/site-packages/airflow/operators/bash.py", line 180, in execute
    raise AirflowException('Bash command failed. The command returned a non-zero exit code.')
airflow.exceptions.AirflowException: Bash command failed. The command returned a non-zero exit code.
[2022-02-19 06:00:17,734] {taskinstance.py:1496} INFO - Marking task as UP_FOR_RETRY. dag_id=matchup, task_id=run_script, execution_date=20220219T000000, start_date=20220219T060004, end_date=20220219T060017
[2022-02-19 06:00:17,786] {local_task_job.py:146} INFO - Task exited with return code 1
