[2022-02-19 06:01:19,907] {taskinstance.py:851} INFO - Dependencies all met for <TaskInstance: matchup.run_script 2022-02-19T00:00:00+00:00 [queued]>
[2022-02-19 06:01:19,917] {taskinstance.py:851} INFO - Dependencies all met for <TaskInstance: matchup.run_script 2022-02-19T00:00:00+00:00 [queued]>
[2022-02-19 06:01:19,917] {taskinstance.py:1042} INFO - 
--------------------------------------------------------------------------------
[2022-02-19 06:01:19,917] {taskinstance.py:1043} INFO - Starting attempt 2 of 6
[2022-02-19 06:01:19,918] {taskinstance.py:1044} INFO - 
--------------------------------------------------------------------------------
[2022-02-19 06:01:19,929] {taskinstance.py:1063} INFO - Executing <Task(BashOperator): run_script> on 2022-02-19T00:00:00+00:00
[2022-02-19 06:01:19,932] {standard_task_runner.py:52} INFO - Started process 10341 to run task
[2022-02-19 06:01:19,937] {standard_task_runner.py:76} INFO - Running: ['airflow', 'tasks', 'run', 'matchup', 'run_script', '2022-02-19T00:00:00+00:00', '--job-id', '16', '--pool', 'default_pool', '--raw', '--subdir', 'DAGS_FOLDER/matchup.py', '--cfg-path', '/tmp/tmpf4qgzcw0', '--error-file', '/tmp/tmpbz2n2_ao']
[2022-02-19 06:01:19,938] {standard_task_runner.py:77} INFO - Job 16: Subtask run_script
[2022-02-19 06:01:19,981] {logging_mixin.py:104} INFO - Running <TaskInstance: matchup.run_script 2022-02-19T00:00:00+00:00 [running]> on host 531edfb863fc
[2022-02-19 06:01:20,017] {taskinstance.py:1255} INFO - Exporting the following env vars:
AIRFLOW_CTX_DAG_EMAIL=r.chesne@gmail.com
AIRFLOW_CTX_DAG_OWNER=Robin
AIRFLOW_CTX_DAG_ID=matchup
AIRFLOW_CTX_TASK_ID=run_script
AIRFLOW_CTX_EXECUTION_DATE=2022-02-19T00:00:00+00:00
AIRFLOW_CTX_DAG_RUN_ID=scheduled__2022-02-19T00:00:00+00:00
[2022-02-19 06:01:20,018] {bash.py:135} INFO - Tmp dir root location: 
 /tmp
[2022-02-19 06:01:20,019] {bash.py:158} INFO - Running command: python /app/scripts/main.py
[2022-02-19 06:01:20,028] {bash.py:169} INFO - Output:
[2022-02-19 06:01:23,722] {bash.py:173} INFO - Portugal: CO2 85, mix [('wind', 3563, '80'), ('biomass', 403, '9'), ('gas', 280, '6')]
[2022-02-19 06:01:23,722] {bash.py:173} INFO - Italy: CO2 358, mix [('gas', 8401, '43'), ('wind', 3756, '19'), ('coal', 3073, '16')]
[2022-02-19 06:01:23,722] {bash.py:173} INFO - Denmark: CO2 125, mix [('wind', 4473, '80'), ('coal', 464, '8'), ('biomass', 366, '7')]
[2022-02-19 06:01:23,722] {bash.py:173} INFO - Sweden: CO2 45, mix [('hydro', 8115, '42'), ('nuclear', 5582, '29'), ('wind', 4338, '22')]
[2022-02-19 06:01:23,722] {bash.py:173} INFO - France: CO2 43, mix [('nuclear', 41103, '70'), ('wind', 8114, '14'), ('hydro', 5141, '9')]
[2022-02-19 06:01:23,723] {bash.py:173} INFO - UK: CO2 98, mix [('wind', 12470, '56'), ('nuclear', 5256, '24'), ('gas', 2871, '13')]
[2022-02-19 06:01:23,781] {bash.py:177} INFO - Command exited with return code 0
[2022-02-19 06:01:23,804] {taskinstance.py:1159} INFO - Marking task as SUCCESS. dag_id=matchup, task_id=run_script, execution_date=20220219T000000, start_date=20220219T060119, end_date=20220219T060123
[2022-02-19 06:01:23,824] {taskinstance.py:1220} INFO - 0 downstream tasks scheduled from follow-on schedule check
[2022-02-19 06:01:23,850] {local_task_job.py:146} INFO - Task exited with return code 0
