[2022-02-23 18:00:04,952] {taskinstance.py:851} INFO - Dependencies all met for <TaskInstance: matchup.run_script 2022-02-23T12:00:00+00:00 [queued]>
[2022-02-23 18:00:04,958] {taskinstance.py:851} INFO - Dependencies all met for <TaskInstance: matchup.run_script 2022-02-23T12:00:00+00:00 [queued]>
[2022-02-23 18:00:04,958] {taskinstance.py:1042} INFO - 
--------------------------------------------------------------------------------
[2022-02-23 18:00:04,958] {taskinstance.py:1043} INFO - Starting attempt 1 of 6
[2022-02-23 18:00:04,958] {taskinstance.py:1044} INFO - 
--------------------------------------------------------------------------------
[2022-02-23 18:00:04,966] {taskinstance.py:1063} INFO - Executing <Task(BashOperator): run_script> on 2022-02-23T12:00:00+00:00
[2022-02-23 18:00:04,971] {standard_task_runner.py:52} INFO - Started process 74294 to run task
[2022-02-23 18:00:04,978] {standard_task_runner.py:76} INFO - Running: ['airflow', 'tasks', 'run', 'matchup', 'run_script', '2022-02-23T12:00:00+00:00', '--job-id', '64', '--pool', 'default_pool', '--raw', '--subdir', 'DAGS_FOLDER/matchup.py', '--cfg-path', '/tmp/tmpe5sdxz61', '--error-file', '/tmp/tmp29ydvpah']
[2022-02-23 18:00:04,978] {standard_task_runner.py:77} INFO - Job 64: Subtask run_script
[2022-02-23 18:00:05,017] {logging_mixin.py:104} INFO - Running <TaskInstance: matchup.run_script 2022-02-23T12:00:00+00:00 [running]> on host 531edfb863fc
[2022-02-23 18:00:05,051] {taskinstance.py:1255} INFO - Exporting the following env vars:
AIRFLOW_CTX_DAG_EMAIL=r.chesne@gmail.com
AIRFLOW_CTX_DAG_OWNER=Robin
AIRFLOW_CTX_DAG_ID=matchup
AIRFLOW_CTX_TASK_ID=run_script
AIRFLOW_CTX_EXECUTION_DATE=2022-02-23T12:00:00+00:00
AIRFLOW_CTX_DAG_RUN_ID=scheduled__2022-02-23T12:00:00+00:00
[2022-02-23 18:00:05,052] {bash.py:135} INFO - Tmp dir root location: 
 /tmp
[2022-02-23 18:00:05,053] {bash.py:158} INFO - Running command: python /app/scripts/main.py
[2022-02-23 18:00:05,061] {bash.py:169} INFO - Output:
[2022-02-23 18:00:09,495] {bash.py:173} INFO - Italy: CO2 318, mix [('gas', 15433, '48'), ('wind', 5193, '16'), ('solar', 3469, '11')]
[2022-02-23 18:00:09,496] {bash.py:173} INFO - Spain: CO2 193, mix [('gas', 9415, '31'), ('nuclear', 7076, '23'), ('solar', 6845, '22')]
[2022-02-23 18:00:09,496] {bash.py:173} INFO - Finland: CO2 183, mix [('nuclear', 2798, '28'), ('wind', 2225, '23'), ('hydro', 2197, '22')]
[2022-02-23 18:00:09,496] {bash.py:173} INFO - Norway: CO2 28, mix [('hydro', 17833, '83'), ('wind', 3327, '15'), ('hydro_discharge', 260, '1')]
[2022-02-23 18:00:09,496] {bash.py:173} INFO - Germany: CO2 387, mix [('coal', 22632, '34'), ('wind', 17628, '27'), ('gas', 7704, '12')]
[2022-02-23 18:00:09,496] {bash.py:173} INFO - Hungary: CO2 279, mix [('nuclear', 1448, '42'), ('gas', 1354, '39'), ('coal', 357, '10')]
[2022-02-23 18:00:09,564] {bash.py:177} INFO - Command exited with return code 0
[2022-02-23 18:00:09,588] {taskinstance.py:1159} INFO - Marking task as SUCCESS. dag_id=matchup, task_id=run_script, execution_date=20220223T120000, start_date=20220223T180004, end_date=20220223T180009
[2022-02-23 18:00:09,608] {taskinstance.py:1220} INFO - 0 downstream tasks scheduled from follow-on schedule check
[2022-02-23 18:00:09,649] {local_task_job.py:146} INFO - Task exited with return code 0
