[2022-03-24 12:04:17,346] {taskinstance.py:851} INFO - Dependencies all met for <TaskInstance: matchup.run_script 2022-03-24T06:00:00+00:00 [queued]>
[2022-03-24 12:04:17,353] {taskinstance.py:851} INFO - Dependencies all met for <TaskInstance: matchup.run_script 2022-03-24T06:00:00+00:00 [queued]>
[2022-03-24 12:04:17,353] {taskinstance.py:1042} INFO - 
--------------------------------------------------------------------------------
[2022-03-24 12:04:17,353] {taskinstance.py:1043} INFO - Starting attempt 5 of 6
[2022-03-24 12:04:17,353] {taskinstance.py:1044} INFO - 
--------------------------------------------------------------------------------
[2022-03-24 12:04:17,361] {taskinstance.py:1063} INFO - Executing <Task(BashOperator): run_script> on 2022-03-24T06:00:00+00:00
[2022-03-24 12:04:17,364] {standard_task_runner.py:52} INFO - Started process 482751 to run task
[2022-03-24 12:04:17,371] {standard_task_runner.py:76} INFO - Running: ['airflow', 'tasks', 'run', 'matchup', 'run_script', '2022-03-24T06:00:00+00:00', '--job-id', '460', '--pool', 'default_pool', '--raw', '--subdir', 'DAGS_FOLDER/matchup.py', '--cfg-path', '/tmp/tmpjjo83qnl', '--error-file', '/tmp/tmp8mqpr4ua']
[2022-03-24 12:04:17,371] {standard_task_runner.py:77} INFO - Job 460: Subtask run_script
[2022-03-24 12:04:17,400] {logging_mixin.py:104} INFO - Running <TaskInstance: matchup.run_script 2022-03-24T06:00:00+00:00 [running]> on host 531edfb863fc
[2022-03-24 12:04:17,416] {taskinstance.py:1255} INFO - Exporting the following env vars:
AIRFLOW_CTX_DAG_EMAIL=r.chesne@gmail.com
AIRFLOW_CTX_DAG_OWNER=Robin
AIRFLOW_CTX_DAG_ID=matchup
AIRFLOW_CTX_TASK_ID=run_script
AIRFLOW_CTX_EXECUTION_DATE=2022-03-24T06:00:00+00:00
AIRFLOW_CTX_DAG_RUN_ID=scheduled__2022-03-24T06:00:00+00:00
[2022-03-24 12:04:17,416] {bash.py:135} INFO - Tmp dir root location: 
 /tmp
[2022-03-24 12:04:17,417] {bash.py:158} INFO - Running command: python /app/scripts/main.py
[2022-03-24 12:04:17,424] {bash.py:169} INFO - Output:
[2022-03-24 12:04:21,183] {bash.py:173} INFO - Spain
[2022-03-24 12:04:21,183] {bash.py:173} INFO - 31695
[2022-03-24 12:04:21,183] {bash.py:173} INFO - Italy
[2022-03-24 12:04:21,183] {bash.py:173} INFO - 38062
[2022-03-24 12:04:21,183] {bash.py:173} INFO - Spain: CO2 160, mix [('wind', 9397, '30'), ('gas', 7424, '23'), ('nuclear', 5997, '19')]
[2022-03-24 12:04:21,183] {bash.py:173} INFO - Italy: CO2 356, mix [('gas', 17628, '46'), ('solar', 9307, '24'), ('coal', 3339, '9')]
[2022-03-24 12:04:21,184] {bash.py:173} INFO - Sweden
[2022-03-24 12:04:21,184] {bash.py:173} INFO - 16206
[2022-03-24 12:04:21,184] {bash.py:173} INFO - Denmark
[2022-03-24 12:04:21,184] {bash.py:173} INFO - 4715
[2022-03-24 12:04:21,184] {bash.py:173} INFO - Sweden: CO2 43, mix [('hydro', 8009, '49'), ('nuclear', 5403, '33'), ('unknown', 1543, '10')]
[2022-03-24 12:04:21,184] {bash.py:173} INFO - Denmark: CO2 229, mix [('hydro', 1410, '30'), ('solar', 852, '18'), ('coal', 791, '17')]
[2022-03-24 12:04:21,184] {bash.py:173} INFO - Traceback (most recent call last):
[2022-03-24 12:04:21,184] {bash.py:173} INFO -   File "/app/scripts/main.py", line 241, in <module>
[2022-03-24 12:04:21,184] {bash.py:173} INFO -     get_matchups()
[2022-03-24 12:04:21,184] {bash.py:173} INFO -   File "/app/scripts/main.py", line 51, in get_matchups
[2022-03-24 12:04:21,184] {bash.py:173} INFO -     get_data(division, country1, country2)
[2022-03-24 12:04:21,184] {bash.py:173} INFO -   File "/app/scripts/main.py", line 199, in get_data
[2022-03-24 12:04:21,184] {bash.py:173} INFO -     co2_country2 = get_co2(country2)
[2022-03-24 12:04:21,184] {bash.py:173} INFO -   File "/app/scripts/main.py", line 73, in get_co2
[2022-03-24 12:04:21,184] {bash.py:173} INFO -     country_consumption_total = get_total_consumption(country)
[2022-03-24 12:04:21,185] {bash.py:173} INFO -   File "/app/scripts/main.py", line 66, in get_total_consumption
[2022-03-24 12:04:21,185] {bash.py:173} INFO -     country_consumption_total.append(sum(res.get('powerConsumptionBreakdown').values()))
[2022-03-24 12:04:21,185] {bash.py:173} INFO - AttributeError: 'NoneType' object has no attribute 'values'
[2022-03-24 12:04:21,236] {bash.py:177} INFO - Command exited with return code 1
[2022-03-24 12:04:21,245] {taskinstance.py:1455} ERROR - Bash command failed. The command returned a non-zero exit code.
Traceback (most recent call last):
  File "/app/env/lib/python3.8/site-packages/airflow/models/taskinstance.py", line 1112, in _run_raw_task
    self._prepare_and_execute_task_with_callbacks(context, task)
  File "/app/env/lib/python3.8/site-packages/airflow/models/taskinstance.py", line 1285, in _prepare_and_execute_task_with_callbacks
    result = self._execute_task(context, task_copy)
  File "/app/env/lib/python3.8/site-packages/airflow/models/taskinstance.py", line 1315, in _execute_task
    result = task_copy.execute(context=context)
  File "/app/env/lib/python3.8/site-packages/airflow/operators/bash.py", line 180, in execute
    raise AirflowException('Bash command failed. The command returned a non-zero exit code.')
airflow.exceptions.AirflowException: Bash command failed. The command returned a non-zero exit code.
[2022-03-24 12:04:21,247] {taskinstance.py:1496} INFO - Marking task as UP_FOR_RETRY. dag_id=matchup, task_id=run_script, execution_date=20220324T060000, start_date=20220324T120417, end_date=20220324T120421
[2022-03-24 12:04:21,273] {local_task_job.py:146} INFO - Task exited with return code 1
