[2022-03-27 12:04:13,517] {taskinstance.py:851} INFO - Dependencies all met for <TaskInstance: matchup.run_script 2022-03-27T06:00:00+00:00 [queued]>
[2022-03-27 12:04:13,521] {taskinstance.py:851} INFO - Dependencies all met for <TaskInstance: matchup.run_script 2022-03-27T06:00:00+00:00 [queued]>
[2022-03-27 12:04:13,521] {taskinstance.py:1042} INFO - 
--------------------------------------------------------------------------------
[2022-03-27 12:04:13,521] {taskinstance.py:1043} INFO - Starting attempt 5 of 6
[2022-03-27 12:04:13,521] {taskinstance.py:1044} INFO - 
--------------------------------------------------------------------------------
[2022-03-27 12:04:13,527] {taskinstance.py:1063} INFO - Executing <Task(BashOperator): run_script> on 2022-03-27T06:00:00+00:00
[2022-03-27 12:04:13,531] {standard_task_runner.py:52} INFO - Started process 525526 to run task
[2022-03-27 12:04:13,536] {standard_task_runner.py:76} INFO - Running: ['airflow', 'tasks', 'run', 'matchup', 'run_script', '2022-03-27T06:00:00+00:00', '--job-id', '513', '--pool', 'default_pool', '--raw', '--subdir', 'DAGS_FOLDER/matchup.py', '--cfg-path', '/tmp/tmptijq6ofk', '--error-file', '/tmp/tmp0sbr7jj2']
[2022-03-27 12:04:13,537] {standard_task_runner.py:77} INFO - Job 513: Subtask run_script
[2022-03-27 12:04:13,559] {logging_mixin.py:104} INFO - Running <TaskInstance: matchup.run_script 2022-03-27T06:00:00+00:00 [running]> on host 531edfb863fc
[2022-03-27 12:04:13,573] {taskinstance.py:1255} INFO - Exporting the following env vars:
AIRFLOW_CTX_DAG_EMAIL=r.chesne@gmail.com
AIRFLOW_CTX_DAG_OWNER=Robin
AIRFLOW_CTX_DAG_ID=matchup
AIRFLOW_CTX_TASK_ID=run_script
AIRFLOW_CTX_EXECUTION_DATE=2022-03-27T06:00:00+00:00
AIRFLOW_CTX_DAG_RUN_ID=scheduled__2022-03-27T06:00:00+00:00
[2022-03-27 12:04:13,574] {bash.py:135} INFO - Tmp dir root location: 
 /tmp
[2022-03-27 12:04:13,574] {bash.py:158} INFO - Running command: python /app/scripts/main.py
[2022-03-27 12:04:13,579] {bash.py:169} INFO - Output:
[2022-03-27 12:04:16,707] {bash.py:173} INFO - Portugal
[2022-03-27 12:04:16,708] {bash.py:173} INFO - 5297
[2022-03-27 12:04:16,708] {bash.py:173} INFO - Spain
[2022-03-27 12:04:16,708] {bash.py:173} INFO - 24369
[2022-03-27 12:04:16,708] {bash.py:173} INFO - Portugal: CO2 154, mix [('wind', 1917, '36'), ('gas', 1185, '22'), ('solar', 1051, '20')]
[2022-03-27 12:04:16,708] {bash.py:173} INFO - Spain: CO2 151, mix [('nuclear', 6016, '25'), ('solar', 5935, '24'), ('gas', 5093, '21')]
[2022-03-27 12:04:16,708] {bash.py:173} INFO - Denmark
[2022-03-27 12:04:16,708] {bash.py:173} INFO - 3702
[2022-03-27 12:04:16,708] {bash.py:173} INFO - Norway
[2022-03-27 12:04:16,708] {bash.py:173} INFO - 15937
[2022-03-27 12:04:16,708] {bash.py:173} INFO - Denmark: CO2 167, mix [('wind', 1537, '42'), ('coal', 492, '13'), ('solar', 483, '13')]
[2022-03-27 12:04:16,708] {bash.py:173} INFO - Norway: CO2 34, mix [('hydro', 11523, '72'), ('wind', 3060, '19'), ('nuclear', 536, '3')]
[2022-03-27 12:04:16,708] {bash.py:173} INFO - Traceback (most recent call last):
[2022-03-27 12:04:16,708] {bash.py:173} INFO -   File "/app/scripts/main.py", line 241, in <module>
[2022-03-27 12:04:16,709] {bash.py:173} INFO -     get_matchups()
[2022-03-27 12:04:16,709] {bash.py:173} INFO -   File "/app/scripts/main.py", line 51, in get_matchups
[2022-03-27 12:04:16,709] {bash.py:173} INFO -     get_data(division, country1, country2)
[2022-03-27 12:04:16,709] {bash.py:173} INFO -   File "/app/scripts/main.py", line 199, in get_data
[2022-03-27 12:04:16,709] {bash.py:173} INFO -     co2_country2 = get_co2(country2)
[2022-03-27 12:04:16,709] {bash.py:173} INFO -   File "/app/scripts/main.py", line 73, in get_co2
[2022-03-27 12:04:16,709] {bash.py:173} INFO -     country_consumption_total = get_total_consumption(country)
[2022-03-27 12:04:16,709] {bash.py:173} INFO -   File "/app/scripts/main.py", line 66, in get_total_consumption
[2022-03-27 12:04:16,709] {bash.py:173} INFO -     country_consumption_total.append(sum(res.get('powerConsumptionBreakdown').values()))
[2022-03-27 12:04:16,709] {bash.py:173} INFO - AttributeError: 'NoneType' object has no attribute 'values'
[2022-03-27 12:04:16,743] {bash.py:177} INFO - Command exited with return code 1
[2022-03-27 12:04:16,751] {taskinstance.py:1455} ERROR - Bash command failed. The command returned a non-zero exit code.
Traceback (most recent call last):
  File "/app/env/lib/python3.8/site-packages/airflow/models/taskinstance.py", line 1112, in _run_raw_task
    self._prepare_and_execute_task_with_callbacks(context, task)
  File "/app/env/lib/python3.8/site-packages/airflow/models/taskinstance.py", line 1285, in _prepare_and_execute_task_with_callbacks
    result = self._execute_task(context, task_copy)
  File "/app/env/lib/python3.8/site-packages/airflow/models/taskinstance.py", line 1315, in _execute_task
    result = task_copy.execute(context=context)
  File "/app/env/lib/python3.8/site-packages/airflow/operators/bash.py", line 180, in execute
    raise AirflowException('Bash command failed. The command returned a non-zero exit code.')
airflow.exceptions.AirflowException: Bash command failed. The command returned a non-zero exit code.
[2022-03-27 12:04:16,753] {taskinstance.py:1496} INFO - Marking task as UP_FOR_RETRY. dag_id=matchup, task_id=run_script, execution_date=20220327T060000, start_date=20220327T120413, end_date=20220327T120416
[2022-03-27 12:04:16,796] {local_task_job.py:146} INFO - Task exited with return code 1
