[2022-03-22 12:01:05,778] {taskinstance.py:851} INFO - Dependencies all met for <TaskInstance: matchup.run_script 2022-03-22T06:00:00+00:00 [queued]>
[2022-03-22 12:01:05,783] {taskinstance.py:851} INFO - Dependencies all met for <TaskInstance: matchup.run_script 2022-03-22T06:00:00+00:00 [queued]>
[2022-03-22 12:01:05,783] {taskinstance.py:1042} INFO - 
--------------------------------------------------------------------------------
[2022-03-22 12:01:05,783] {taskinstance.py:1043} INFO - Starting attempt 2 of 6
[2022-03-22 12:01:05,783] {taskinstance.py:1044} INFO - 
--------------------------------------------------------------------------------
[2022-03-22 12:01:05,790] {taskinstance.py:1063} INFO - Executing <Task(BashOperator): run_script> on 2022-03-22T06:00:00+00:00
[2022-03-22 12:01:05,793] {standard_task_runner.py:52} INFO - Started process 454223 to run task
[2022-03-22 12:01:05,800] {standard_task_runner.py:76} INFO - Running: ['airflow', 'tasks', 'run', 'matchup', 'run_script', '2022-03-22T06:00:00+00:00', '--job-id', '426', '--pool', 'default_pool', '--raw', '--subdir', 'DAGS_FOLDER/matchup.py', '--cfg-path', '/tmp/tmp9gjibors', '--error-file', '/tmp/tmpta2ij28d']
[2022-03-22 12:01:05,801] {standard_task_runner.py:77} INFO - Job 426: Subtask run_script
[2022-03-22 12:01:05,831] {logging_mixin.py:104} INFO - Running <TaskInstance: matchup.run_script 2022-03-22T06:00:00+00:00 [running]> on host 531edfb863fc
[2022-03-22 12:01:05,847] {taskinstance.py:1255} INFO - Exporting the following env vars:
AIRFLOW_CTX_DAG_EMAIL=r.chesne@gmail.com
AIRFLOW_CTX_DAG_OWNER=Robin
AIRFLOW_CTX_DAG_ID=matchup
AIRFLOW_CTX_TASK_ID=run_script
AIRFLOW_CTX_EXECUTION_DATE=2022-03-22T06:00:00+00:00
AIRFLOW_CTX_DAG_RUN_ID=scheduled__2022-03-22T06:00:00+00:00
[2022-03-22 12:01:05,847] {bash.py:135} INFO - Tmp dir root location: 
 /tmp
[2022-03-22 12:01:05,848] {bash.py:158} INFO - Running command: python /app/scripts/main.py
[2022-03-22 12:01:05,855] {bash.py:169} INFO - Output:
[2022-03-22 12:01:10,621] {bash.py:173} INFO - Portugal
[2022-03-22 12:01:10,622] {bash.py:173} INFO - 6780
[2022-03-22 12:01:10,622] {bash.py:173} INFO - Italy
[2022-03-22 12:01:10,622] {bash.py:173} INFO - 39385
[2022-03-22 12:01:10,622] {bash.py:173} INFO - Portugal: CO2 221, mix [('gas', 2599, '38'), ('wind', 2052, '30'), ('hydro', 835, '12')]
[2022-03-22 12:01:10,622] {bash.py:173} INFO - Italy: CO2 321, mix [('gas', 15721, '40'), ('solar', 9858, '25'), ('coal', 3745, '10')]
[2022-03-22 12:01:10,622] {bash.py:173} INFO - Finland
[2022-03-22 12:01:10,622] {bash.py:173} INFO - 8827
[2022-03-22 12:01:10,622] {bash.py:173} INFO - Norway
[2022-03-22 12:01:10,622] {bash.py:173} INFO - 17851
[2022-03-22 12:01:10,622] {bash.py:173} INFO - Finland: CO2 171, mix [('nuclear', 3350, '38'), ('hydro', 2381, '27'), ('coal', 1023, '12')]
[2022-03-22 12:01:10,622] {bash.py:173} INFO - Norway: CO2 28, mix [('hydro', 16743, '94'), ('wind', 526, '3'), ('hydro discharge', 330, '2')]
[2022-03-22 12:01:10,622] {bash.py:173} INFO - UK
[2022-03-22 12:01:10,623] {bash.py:173} INFO - 36230
[2022-03-22 12:01:10,623] {bash.py:173} INFO - Germany
[2022-03-22 12:01:10,623] {bash.py:173} INFO - 66250
[2022-03-22 12:01:10,623] {bash.py:173} INFO - UK: CO2 280, mix [('gas', 15742, '43'), ('nuclear', 6732, '19'), ('solar', 5314, '15')]
[2022-03-22 12:01:10,623] {bash.py:173} INFO - Germany: CO2 341, mix [('solar', 27097, '41'), ('coal', 20365, '31'), ('gas', 5810, '9')]
[2022-03-22 12:01:10,667] {bash.py:177} INFO - Command exited with return code 0
[2022-03-22 12:01:10,691] {taskinstance.py:1159} INFO - Marking task as SUCCESS. dag_id=matchup, task_id=run_script, execution_date=20220322T060000, start_date=20220322T120105, end_date=20220322T120110
[2022-03-22 12:01:10,707] {taskinstance.py:1220} INFO - 0 downstream tasks scheduled from follow-on schedule check
[2022-03-22 12:01:10,716] {local_task_job.py:146} INFO - Task exited with return code 0
