[2022-03-19 00:01:06,576] {taskinstance.py:851} INFO - Dependencies all met for <TaskInstance: matchup.run_script 2022-03-18T18:00:00+00:00 [queued]>
[2022-03-19 00:01:06,581] {taskinstance.py:851} INFO - Dependencies all met for <TaskInstance: matchup.run_script 2022-03-18T18:00:00+00:00 [queued]>
[2022-03-19 00:01:06,581] {taskinstance.py:1042} INFO - 
--------------------------------------------------------------------------------
[2022-03-19 00:01:06,581] {taskinstance.py:1043} INFO - Starting attempt 2 of 6
[2022-03-19 00:01:06,581] {taskinstance.py:1044} INFO - 
--------------------------------------------------------------------------------
[2022-03-19 00:01:06,587] {taskinstance.py:1063} INFO - Executing <Task(BashOperator): run_script> on 2022-03-18T18:00:00+00:00
[2022-03-19 00:01:06,590] {standard_task_runner.py:52} INFO - Started process 404398 to run task
[2022-03-19 00:01:06,596] {standard_task_runner.py:76} INFO - Running: ['airflow', 'tasks', 'run', 'matchup', 'run_script', '2022-03-18T18:00:00+00:00', '--job-id', '373', '--pool', 'default_pool', '--raw', '--subdir', 'DAGS_FOLDER/matchup.py', '--cfg-path', '/tmp/tmpc74dqeku', '--error-file', '/tmp/tmpnhib6q4u']
[2022-03-19 00:01:06,597] {standard_task_runner.py:77} INFO - Job 373: Subtask run_script
[2022-03-19 00:01:06,621] {logging_mixin.py:104} INFO - Running <TaskInstance: matchup.run_script 2022-03-18T18:00:00+00:00 [running]> on host 531edfb863fc
[2022-03-19 00:01:06,638] {taskinstance.py:1255} INFO - Exporting the following env vars:
AIRFLOW_CTX_DAG_EMAIL=r.chesne@gmail.com
AIRFLOW_CTX_DAG_OWNER=Robin
AIRFLOW_CTX_DAG_ID=matchup
AIRFLOW_CTX_TASK_ID=run_script
AIRFLOW_CTX_EXECUTION_DATE=2022-03-18T18:00:00+00:00
AIRFLOW_CTX_DAG_RUN_ID=scheduled__2022-03-18T18:00:00+00:00
[2022-03-19 00:01:06,638] {bash.py:135} INFO - Tmp dir root location: 
 /tmp
[2022-03-19 00:01:06,638] {bash.py:158} INFO - Running command: python /app/scripts/main.py
[2022-03-19 00:01:06,645] {bash.py:169} INFO - Output:
[2022-03-19 00:01:10,312] {bash.py:173} INFO - Italy
[2022-03-19 00:01:10,313] {bash.py:173} INFO - 32810
[2022-03-19 00:01:10,313] {bash.py:173} INFO - Portugal
[2022-03-19 00:01:10,313] {bash.py:173} INFO - 4794
[2022-03-19 00:01:10,313] {bash.py:173} INFO - Italy: CO2 388, mix [('gas', 15858, '48'), ('wind', 5391, '16'), ('coal', 3710, '11')]
[2022-03-19 00:01:10,313] {bash.py:173} INFO - Portugal: CO2 206, mix [('wind', 1779, '37'), ('gas', 1726, '36'), ('hydro', 911, '19')]
[2022-03-19 00:01:10,313] {bash.py:173} INFO - Sweden
[2022-03-19 00:01:10,313] {bash.py:173} INFO - 16514
[2022-03-19 00:01:10,313] {bash.py:173} INFO - Finland
[2022-03-19 00:01:10,314] {bash.py:173} INFO - 8991
[2022-03-19 00:01:10,314] {bash.py:173} INFO - Sweden: CO2 38, mix [('nuclear', 5512, '33'), ('hydro', 4861, '29'), ('wind', 4738, '29')]
[2022-03-19 00:01:10,314] {bash.py:173} INFO - Finland: CO2 141, mix [('nuclear', 3407, '38'), ('wind', 2105, '23'), ('hydro', 1236, '14')]
[2022-03-19 00:01:10,314] {bash.py:173} INFO - France
[2022-03-19 00:01:10,314] {bash.py:173} INFO - 57079
[2022-03-19 00:01:10,314] {bash.py:173} INFO - Germany
[2022-03-19 00:01:10,314] {bash.py:173} INFO - 49551
[2022-03-19 00:01:10,314] {bash.py:173} INFO - France: CO2 72, mix [('nuclear', 34329, '60'), ('wind', 10940, '19'), ('gas', 5353, '9')]
[2022-03-19 00:01:10,314] {bash.py:173} INFO - Germany: CO2 359, mix [('coal', 16713, '34'), ('wind', 16514, '33'), ('biomass', 4741, '10')]
[2022-03-19 00:01:10,350] {bash.py:177} INFO - Command exited with return code 0
[2022-03-19 00:01:10,374] {taskinstance.py:1159} INFO - Marking task as SUCCESS. dag_id=matchup, task_id=run_script, execution_date=20220318T180000, start_date=20220319T000106, end_date=20220319T000110
[2022-03-19 00:01:10,390] {taskinstance.py:1220} INFO - 0 downstream tasks scheduled from follow-on schedule check
[2022-03-19 00:01:10,425] {local_task_job.py:146} INFO - Task exited with return code 0
