[2022-06-21 10:46:10,790] {taskinstance.py:851} INFO - Dependencies all met for <TaskInstance: matchup.run_script 2022-06-21T00:00:00+00:00 [queued]>
[2022-06-21 10:46:10,798] {taskinstance.py:851} INFO - Dependencies all met for <TaskInstance: matchup.run_script 2022-06-21T00:00:00+00:00 [queued]>
[2022-06-21 10:46:10,798] {taskinstance.py:1042} INFO - 
--------------------------------------------------------------------------------
[2022-06-21 10:46:10,798] {taskinstance.py:1043} INFO - Starting attempt 1 of 6
[2022-06-21 10:46:10,798] {taskinstance.py:1044} INFO - 
--------------------------------------------------------------------------------
[2022-06-21 10:46:10,812] {taskinstance.py:1063} INFO - Executing <Task(BashOperator): run_script> on 2022-06-21T00:00:00+00:00
[2022-06-21 10:46:10,814] {standard_task_runner.py:52} INFO - Started process 37 to run task
[2022-06-21 10:46:10,817] {standard_task_runner.py:76} INFO - Running: ['airflow', 'tasks', 'run', 'matchup', 'run_script', '2022-06-21T00:00:00+00:00', '--job-id', '1407', '--pool', 'default_pool', '--raw', '--subdir', 'DAGS_FOLDER/matchup.py', '--cfg-path', '/tmp/tmprny3cq4a', '--error-file', '/tmp/tmpzeuc494t']
[2022-06-21 10:46:10,817] {standard_task_runner.py:77} INFO - Job 1407: Subtask run_script
[2022-06-21 10:46:10,842] {logging_mixin.py:104} INFO - Running <TaskInstance: matchup.run_script 2022-06-21T00:00:00+00:00 [running]> on host b5b34dd97903
[2022-06-21 10:46:10,877] {taskinstance.py:1255} INFO - Exporting the following env vars:
AIRFLOW_CTX_DAG_EMAIL=r.chesne@gmail.com
AIRFLOW_CTX_DAG_OWNER=Robin
AIRFLOW_CTX_DAG_ID=matchup
AIRFLOW_CTX_TASK_ID=run_script
AIRFLOW_CTX_EXECUTION_DATE=2022-06-21T00:00:00+00:00
AIRFLOW_CTX_DAG_RUN_ID=scheduled__2022-06-21T00:00:00+00:00
[2022-06-21 10:46:10,877] {bash.py:135} INFO - Tmp dir root location: 
 /tmp
[2022-06-21 10:46:10,877] {bash.py:158} INFO - Running command: python /app/scripts/main.py
[2022-06-21 10:46:10,888] {bash.py:169} INFO - Output:
[2022-06-21 10:46:15,412] {bash.py:173} INFO - Italy
[2022-06-21 10:46:15,412] {bash.py:173} INFO - 36763
[2022-06-21 10:46:15,412] {bash.py:173} INFO - Portugal
[2022-06-21 10:46:15,412] {bash.py:173} INFO - 5981
[2022-06-21 10:46:15,413] {bash.py:173} INFO - Italy: CO2 314, mix [('gas', 14934, '41'), ('solar', 9781, '27'), ('hydro', 4705, '13')]
[2022-06-21 10:46:15,413] {bash.py:173} INFO - Portugal: CO2 276, mix [('gas', 2955, '49'), ('solar', 1103, '18'), ('wind', 1064, '18')]
[2022-06-21 10:46:15,413] {bash.py:173} INFO - Norway
[2022-06-21 10:46:15,413] {bash.py:173} INFO - 12621
[2022-06-21 10:46:15,413] {bash.py:173} INFO - Sweden
[2022-06-21 10:46:15,413] {bash.py:173} INFO - 12912
[2022-06-21 10:46:15,413] {bash.py:173} INFO - Norway: CO2 30, mix [('hydro', 11842, '94'), ('wind', 584, '5'), ('gas', 116, '1')]
[2022-06-21 10:46:15,413] {bash.py:173} INFO - Sweden: CO2 28, mix [('hydro', 6834, '53'), ('nuclear', 3885, '30'), ('wind', 1333, '10')]
[2022-06-21 10:46:15,413] {bash.py:173} INFO - France
[2022-06-21 10:46:15,413] {bash.py:173} INFO - 53646
[2022-06-21 10:46:15,413] {bash.py:173} INFO - UK
[2022-06-21 10:46:15,413] {bash.py:173} INFO - 30822
[2022-06-21 10:46:15,414] {bash.py:173} INFO - France: CO2 78, mix [('nuclear', 30119, '56'), ('solar', 8305, '15'), ('gas', 5531, '10')]
[2022-06-21 10:46:15,414] {bash.py:173} INFO - UK: CO2 261, mix [('gas', 14103, '46'), ('nuclear', 5400, '18'), ('solar', 4495, '15')]
[2022-06-21 10:46:15,557] {bash.py:177} INFO - Command exited with return code 0
[2022-06-21 10:46:15,582] {taskinstance.py:1159} INFO - Marking task as SUCCESS. dag_id=matchup, task_id=run_script, execution_date=20220621T000000, start_date=20220621T104610, end_date=20220621T104615
[2022-06-21 10:46:15,613] {taskinstance.py:1220} INFO - 0 downstream tasks scheduled from follow-on schedule check
[2022-06-21 10:46:15,638] {local_task_job.py:146} INFO - Task exited with return code 0
