[2022-04-21 18:00:03,301] {taskinstance.py:851} INFO - Dependencies all met for <TaskInstance: matchup.run_script 2022-04-21T12:00:00+00:00 [queued]>
[2022-04-21 18:00:03,306] {taskinstance.py:851} INFO - Dependencies all met for <TaskInstance: matchup.run_script 2022-04-21T12:00:00+00:00 [queued]>
[2022-04-21 18:00:03,306] {taskinstance.py:1042} INFO - 
--------------------------------------------------------------------------------
[2022-04-21 18:00:03,306] {taskinstance.py:1043} INFO - Starting attempt 1 of 6
[2022-04-21 18:00:03,306] {taskinstance.py:1044} INFO - 
--------------------------------------------------------------------------------
[2022-04-21 18:00:03,313] {taskinstance.py:1063} INFO - Executing <Task(BashOperator): run_script> on 2022-04-21T12:00:00+00:00
[2022-04-21 18:00:03,317] {standard_task_runner.py:52} INFO - Started process 260446 to run task
[2022-04-21 18:00:03,322] {standard_task_runner.py:76} INFO - Running: ['airflow', 'tasks', 'run', 'matchup', 'run_script', '2022-04-21T12:00:00+00:00', '--job-id', '235', '--pool', 'default_pool', '--raw', '--subdir', 'DAGS_FOLDER/matchup.py', '--cfg-path', '/tmp/tmpbldim8zd', '--error-file', '/tmp/tmpg8f009h9']
[2022-04-21 18:00:03,322] {standard_task_runner.py:77} INFO - Job 235: Subtask run_script
[2022-04-21 18:00:03,347] {logging_mixin.py:104} INFO - Running <TaskInstance: matchup.run_script 2022-04-21T12:00:00+00:00 [running]> on host 193e33218975
[2022-04-21 18:00:03,369] {taskinstance.py:1255} INFO - Exporting the following env vars:
AIRFLOW_CTX_DAG_EMAIL=r.chesne@gmail.com
AIRFLOW_CTX_DAG_OWNER=Robin
AIRFLOW_CTX_DAG_ID=matchup
AIRFLOW_CTX_TASK_ID=run_script
AIRFLOW_CTX_EXECUTION_DATE=2022-04-21T12:00:00+00:00
AIRFLOW_CTX_DAG_RUN_ID=scheduled__2022-04-21T12:00:00+00:00
[2022-04-21 18:00:03,370] {bash.py:135} INFO - Tmp dir root location: 
 /tmp
[2022-04-21 18:00:03,370] {bash.py:158} INFO - Running command: python /app/scripts/main.py
[2022-04-21 18:00:03,376] {bash.py:169} INFO - Output:
[2022-04-21 18:00:07,847] {bash.py:173} INFO - Italy
[2022-04-21 18:00:07,847] {bash.py:173} INFO - 34909
[2022-04-21 18:00:07,847] {bash.py:173} INFO - Portugal
[2022-04-21 18:00:07,847] {bash.py:173} INFO - 5270
[2022-04-21 18:00:07,848] {bash.py:173} INFO - Italy: CO2 419, mix [('gas', 20782, '60'), ('hydro', 3723, '11'), ('wind', 3370, '10')]
[2022-04-21 18:00:07,848] {bash.py:173} INFO - Portugal: CO2 136, mix [('wind', 1638, '31'), ('hydro discharge', 894, '17'), ('hydro', 868, '16')]
[2022-04-21 18:00:07,848] {bash.py:173} INFO - Sweden
[2022-04-21 18:00:07,848] {bash.py:173} INFO - 18870
[2022-04-21 18:00:07,848] {bash.py:173} INFO - Denmark
[2022-04-21 18:00:07,848] {bash.py:173} INFO - 5186
[2022-04-21 18:00:07,848] {bash.py:173} INFO - Sweden: CO2 40, mix [('hydro', 8041, '43'), ('nuclear', 5793, '31'), ('wind', 3429, '18')]
[2022-04-21 18:00:07,848] {bash.py:173} INFO - Denmark: CO2 130, mix [('wind', 2717, '52'), ('hydro', 928, '18'), ('biomass', 576, '11')]
[2022-04-21 18:00:07,848] {bash.py:173} INFO - France
[2022-04-21 18:00:07,848] {bash.py:173} INFO - 58899
[2022-04-21 18:00:07,848] {bash.py:173} INFO - UK
[2022-04-21 18:00:07,849] {bash.py:173} INFO - 31690
[2022-04-21 18:00:07,849] {bash.py:173} INFO - France: CO2 76, mix [('nuclear', 31707, '54'), ('wind', 9913, '17'), ('hydro', 7946, '13')]
[2022-04-21 18:00:07,849] {bash.py:173} INFO - UK: CO2 254, mix [('gas', 12609, '40'), ('wind', 9481, '30'), ('nuclear', 4964, '16')]
[2022-04-21 18:00:07,881] {bash.py:177} INFO - Command exited with return code 0
[2022-04-21 18:00:07,895] {taskinstance.py:1159} INFO - Marking task as SUCCESS. dag_id=matchup, task_id=run_script, execution_date=20220421T120000, start_date=20220421T180003, end_date=20220421T180007
[2022-04-21 18:00:07,907] {taskinstance.py:1220} INFO - 0 downstream tasks scheduled from follow-on schedule check
[2022-04-21 18:00:07,951] {local_task_job.py:146} INFO - Task exited with return code 0
