[2022-04-19 18:00:03,649] {taskinstance.py:851} INFO - Dependencies all met for <TaskInstance: matchup.run_script 2022-04-19T12:00:00+00:00 [queued]>
[2022-04-19 18:00:03,654] {taskinstance.py:851} INFO - Dependencies all met for <TaskInstance: matchup.run_script 2022-04-19T12:00:00+00:00 [queued]>
[2022-04-19 18:00:03,654] {taskinstance.py:1042} INFO - 
--------------------------------------------------------------------------------
[2022-04-19 18:00:03,654] {taskinstance.py:1043} INFO - Starting attempt 1 of 6
[2022-04-19 18:00:03,654] {taskinstance.py:1044} INFO - 
--------------------------------------------------------------------------------
[2022-04-19 18:00:03,662] {taskinstance.py:1063} INFO - Executing <Task(BashOperator): run_script> on 2022-04-19T12:00:00+00:00
[2022-04-19 18:00:03,666] {standard_task_runner.py:52} INFO - Started process 231988 to run task
[2022-04-19 18:00:03,670] {standard_task_runner.py:76} INFO - Running: ['airflow', 'tasks', 'run', 'matchup', 'run_script', '2022-04-19T12:00:00+00:00', '--job-id', '218', '--pool', 'default_pool', '--raw', '--subdir', 'DAGS_FOLDER/matchup.py', '--cfg-path', '/tmp/tmpm3w8m2qm', '--error-file', '/tmp/tmprkoobduo']
[2022-04-19 18:00:03,670] {standard_task_runner.py:77} INFO - Job 218: Subtask run_script
[2022-04-19 18:00:03,698] {logging_mixin.py:104} INFO - Running <TaskInstance: matchup.run_script 2022-04-19T12:00:00+00:00 [running]> on host 193e33218975
[2022-04-19 18:00:03,721] {taskinstance.py:1255} INFO - Exporting the following env vars:
AIRFLOW_CTX_DAG_EMAIL=r.chesne@gmail.com
AIRFLOW_CTX_DAG_OWNER=Robin
AIRFLOW_CTX_DAG_ID=matchup
AIRFLOW_CTX_TASK_ID=run_script
AIRFLOW_CTX_EXECUTION_DATE=2022-04-19T12:00:00+00:00
AIRFLOW_CTX_DAG_RUN_ID=scheduled__2022-04-19T12:00:00+00:00
[2022-04-19 18:00:03,721] {bash.py:135} INFO - Tmp dir root location: 
 /tmp
[2022-04-19 18:00:03,722] {bash.py:158} INFO - Running command: python /app/scripts/main.py
[2022-04-19 18:00:03,733] {bash.py:169} INFO - Output:
[2022-04-19 18:00:07,795] {bash.py:173} INFO - Italy
[2022-04-19 18:00:07,795] {bash.py:173} INFO - 34762
[2022-04-19 18:00:07,795] {bash.py:173} INFO - Portugal
[2022-04-19 18:00:07,795] {bash.py:173} INFO - 6168
[2022-04-19 18:00:07,795] {bash.py:173} INFO - Italy: CO2 305, mix [('gas', 12544, '36'), ('solar', 5481, '16'), ('wind', 4557, '13')]
[2022-04-19 18:00:07,795] {bash.py:173} INFO - Portugal: CO2 78, mix [('wind', 3886, '63'), ('solar', 929, '15'), ('gas', 504, '8')]
[2022-04-19 18:00:07,795] {bash.py:173} INFO - Denmark
[2022-04-19 18:00:07,795] {bash.py:173} INFO - 4284
[2022-04-19 18:00:07,795] {bash.py:173} INFO - Sweden
[2022-04-19 18:00:07,795] {bash.py:173} INFO - 14698
[2022-04-19 18:00:07,796] {bash.py:173} INFO - Denmark: CO2 190, mix [('wind', 1072, '25'), ('solar', 757, '18'), ('biomass', 639, '15')]
[2022-04-19 18:00:07,796] {bash.py:173} INFO - Sweden: CO2 45, mix [('hydro', 7939, '54'), ('nuclear', 4453, '30'), ('unknown', 1427, '10')]
[2022-04-19 18:00:07,796] {bash.py:173} INFO - UK
[2022-04-19 18:00:07,796] {bash.py:173} INFO - 33364
[2022-04-19 18:00:07,796] {bash.py:173} INFO - Germany
[2022-04-19 18:00:07,796] {bash.py:173} INFO - 56645
[2022-04-19 18:00:07,796] {bash.py:173} INFO - UK: CO2 310, mix [('gas', 18883, '57'), ('nuclear', 5177, '16'), ('solar', 3126, '9')]
[2022-04-19 18:00:07,796] {bash.py:173} INFO - Germany: CO2 310, mix [('coal', 15532, '27'), ('solar', 12895, '23'), ('wind', 12175, '21')]
[2022-04-19 18:00:07,828] {bash.py:177} INFO - Command exited with return code 0
[2022-04-19 18:00:07,845] {taskinstance.py:1159} INFO - Marking task as SUCCESS. dag_id=matchup, task_id=run_script, execution_date=20220419T120000, start_date=20220419T180003, end_date=20220419T180007
[2022-04-19 18:00:07,857] {taskinstance.py:1220} INFO - 0 downstream tasks scheduled from follow-on schedule check
[2022-04-19 18:00:07,897] {local_task_job.py:146} INFO - Task exited with return code 0
