[2022-04-18 18:01:05,093] {taskinstance.py:851} INFO - Dependencies all met for <TaskInstance: matchup.run_script 2022-04-18T12:00:00+00:00 [queued]>
[2022-04-18 18:01:05,098] {taskinstance.py:851} INFO - Dependencies all met for <TaskInstance: matchup.run_script 2022-04-18T12:00:00+00:00 [queued]>
[2022-04-18 18:01:05,098] {taskinstance.py:1042} INFO - 
--------------------------------------------------------------------------------
[2022-04-18 18:01:05,098] {taskinstance.py:1043} INFO - Starting attempt 2 of 6
[2022-04-18 18:01:05,098] {taskinstance.py:1044} INFO - 
--------------------------------------------------------------------------------
[2022-04-18 18:01:05,104] {taskinstance.py:1063} INFO - Executing <Task(BashOperator): run_script> on 2022-04-18T12:00:00+00:00
[2022-04-18 18:01:05,107] {standard_task_runner.py:52} INFO - Started process 217760 to run task
[2022-04-18 18:01:05,112] {standard_task_runner.py:76} INFO - Running: ['airflow', 'tasks', 'run', 'matchup', 'run_script', '2022-04-18T12:00:00+00:00', '--job-id', '209', '--pool', 'default_pool', '--raw', '--subdir', 'DAGS_FOLDER/matchup.py', '--cfg-path', '/tmp/tmp21q8_zu5', '--error-file', '/tmp/tmpeaa87oio']
[2022-04-18 18:01:05,113] {standard_task_runner.py:77} INFO - Job 209: Subtask run_script
[2022-04-18 18:01:05,144] {logging_mixin.py:104} INFO - Running <TaskInstance: matchup.run_script 2022-04-18T12:00:00+00:00 [running]> on host 193e33218975
[2022-04-18 18:01:05,160] {taskinstance.py:1255} INFO - Exporting the following env vars:
AIRFLOW_CTX_DAG_EMAIL=r.chesne@gmail.com
AIRFLOW_CTX_DAG_OWNER=Robin
AIRFLOW_CTX_DAG_ID=matchup
AIRFLOW_CTX_TASK_ID=run_script
AIRFLOW_CTX_EXECUTION_DATE=2022-04-18T12:00:00+00:00
AIRFLOW_CTX_DAG_RUN_ID=scheduled__2022-04-18T12:00:00+00:00
[2022-04-18 18:01:05,160] {bash.py:135} INFO - Tmp dir root location: 
 /tmp
[2022-04-18 18:01:05,161] {bash.py:158} INFO - Running command: python /app/scripts/main.py
[2022-04-18 18:01:05,169] {bash.py:169} INFO - Output:
[2022-04-18 18:01:08,938] {bash.py:173} INFO - Italy
[2022-04-18 18:01:08,938] {bash.py:173} INFO - 22710
[2022-04-18 18:01:08,938] {bash.py:173} INFO - Spain
[2022-04-18 18:01:08,938] {bash.py:173} INFO - 22874
[2022-04-18 18:01:08,938] {bash.py:173} INFO - Italy: CO2 238, mix [('solar', 5702, '25'), ('gas', 5178, '23'), ('wind', 4523, '20')]
[2022-04-18 18:01:08,938] {bash.py:173} INFO - Spain: CO2 104, mix [('solar', 8815, '39'), ('nuclear', 5311, '23'), ('wind', 3986, '17')]
[2022-04-18 18:01:08,938] {bash.py:173} INFO - Sweden
[2022-04-18 18:01:08,938] {bash.py:173} INFO - 14447
[2022-04-18 18:01:08,938] {bash.py:173} INFO - Finland
[2022-04-18 18:01:08,939] {bash.py:173} INFO - 8123
[2022-04-18 18:01:08,939] {bash.py:173} INFO - Sweden: CO2 44, mix [('hydro', 8049, '56'), ('nuclear', 4649, '32'), ('unknown', 1341, '9')]
[2022-04-18 18:01:08,939] {bash.py:173} INFO - Finland: CO2 134, mix [('nuclear', 3754, '46'), ('hydro', 2305, '28'), ('biomass', 664, '8')]
[2022-04-18 18:01:08,939] {bash.py:173} INFO - Germany
[2022-04-18 18:01:08,939] {bash.py:173} INFO - 42132
[2022-04-18 18:01:08,939] {bash.py:173} INFO - UK
[2022-04-18 18:01:08,939] {bash.py:173} INFO - 28474
[2022-04-18 18:01:08,939] {bash.py:173} INFO - Germany: CO2 381, mix [('coal', 14869, '35'), ('solar', 8594, '20'), ('biomass', 4851, '12')]
[2022-04-18 18:01:08,939] {bash.py:173} INFO - UK: CO2 202, mix [('gas', 9655, '34'), ('nuclear', 7813, '27'), ('solar', 4149, '15')]
[2022-04-18 18:01:08,967] {bash.py:177} INFO - Command exited with return code 0
[2022-04-18 18:01:08,985] {taskinstance.py:1159} INFO - Marking task as SUCCESS. dag_id=matchup, task_id=run_script, execution_date=20220418T120000, start_date=20220418T180105, end_date=20220418T180108
[2022-04-18 18:01:09,000] {taskinstance.py:1220} INFO - 0 downstream tasks scheduled from follow-on schedule check
[2022-04-18 18:01:09,013] {local_task_job.py:146} INFO - Task exited with return code 0
