[2022-03-04 12:00:04,786] {taskinstance.py:851} INFO - Dependencies all met for <TaskInstance: matchup.run_script 2022-03-04T06:00:00+00:00 [queued]>
[2022-03-04 12:00:04,797] {taskinstance.py:851} INFO - Dependencies all met for <TaskInstance: matchup.run_script 2022-03-04T06:00:00+00:00 [queued]>
[2022-03-04 12:00:04,797] {taskinstance.py:1042} INFO - 
--------------------------------------------------------------------------------
[2022-03-04 12:00:04,798] {taskinstance.py:1043} INFO - Starting attempt 1 of 6
[2022-03-04 12:00:04,798] {taskinstance.py:1044} INFO - 
--------------------------------------------------------------------------------
[2022-03-04 12:00:04,811] {taskinstance.py:1063} INFO - Executing <Task(BashOperator): run_script> on 2022-03-04T06:00:00+00:00
[2022-03-04 12:00:04,815] {standard_task_runner.py:52} INFO - Started process 198013 to run task
[2022-03-04 12:00:04,822] {standard_task_runner.py:76} INFO - Running: ['airflow', 'tasks', 'run', 'matchup', 'run_script', '2022-03-04T06:00:00+00:00', '--job-id', '144', '--pool', 'default_pool', '--raw', '--subdir', 'DAGS_FOLDER/matchup.py', '--cfg-path', '/tmp/tmp6p1tvvki', '--error-file', '/tmp/tmpxfsvcknx']
[2022-03-04 12:00:04,823] {standard_task_runner.py:77} INFO - Job 144: Subtask run_script
[2022-03-04 12:00:04,869] {logging_mixin.py:104} INFO - Running <TaskInstance: matchup.run_script 2022-03-04T06:00:00+00:00 [running]> on host 531edfb863fc
[2022-03-04 12:00:04,917] {taskinstance.py:1255} INFO - Exporting the following env vars:
AIRFLOW_CTX_DAG_EMAIL=r.chesne@gmail.com
AIRFLOW_CTX_DAG_OWNER=Robin
AIRFLOW_CTX_DAG_ID=matchup
AIRFLOW_CTX_TASK_ID=run_script
AIRFLOW_CTX_EXECUTION_DATE=2022-03-04T06:00:00+00:00
AIRFLOW_CTX_DAG_RUN_ID=scheduled__2022-03-04T06:00:00+00:00
[2022-03-04 12:00:04,918] {bash.py:135} INFO - Tmp dir root location: 
 /tmp
[2022-03-04 12:00:04,919] {bash.py:158} INFO - Running command: python /app/scripts/main.py
[2022-03-04 12:00:04,927] {bash.py:169} INFO - Output:
[2022-03-04 12:00:08,725] {bash.py:173} INFO - Spain: CO2 131, mix [('wind', 11357, '35'), ('nuclear', 6757, '21'), ('solar', 5693, '17')]
[2022-03-04 12:00:08,725] {bash.py:173} INFO - Italy: CO2 385, mix [('gas', 20279, '48'), ('solar', 6886, '16'), ('coal', 4189, '10')]
[2022-03-04 12:00:08,725] {bash.py:173} INFO - Sweden: CO2 47, mix [('hydro', 9990, '54'), ('nuclear', 5715, '31'), ('unknown', 1846, '10')]
[2022-03-04 12:00:08,725] {bash.py:173} INFO - Denmark: CO2 264, mix [('hydro', 1222, '24'), ('coal', 932, '18'), ('biomass', 810, '16')]
[2022-03-04 12:00:08,725] {bash.py:173} INFO - UK: CO2 306, mix [('gas', 19492, '49'), ('nuclear', 7632, '19'), ('wind', 2982, '8')]
[2022-03-04 12:00:08,725] {bash.py:173} INFO - Germany: CO2 387, mix [('coal', 22328, '35'), ('solar', 17542, '27'), ('gas', 7904, '12')]
[2022-03-04 12:00:08,788] {bash.py:177} INFO - Command exited with return code 0
[2022-03-04 12:00:08,805] {taskinstance.py:1159} INFO - Marking task as SUCCESS. dag_id=matchup, task_id=run_script, execution_date=20220304T060000, start_date=20220304T120004, end_date=20220304T120008
[2022-03-04 12:00:08,826] {taskinstance.py:1220} INFO - 0 downstream tasks scheduled from follow-on schedule check
[2022-03-04 12:00:08,850] {local_task_job.py:146} INFO - Task exited with return code 0
