[2022-02-19 12:00:05,742] {taskinstance.py:851} INFO - Dependencies all met for <TaskInstance: matchup.run_script 2022-02-19T06:00:00+00:00 [queued]>
[2022-02-19 12:00:05,750] {taskinstance.py:851} INFO - Dependencies all met for <TaskInstance: matchup.run_script 2022-02-19T06:00:00+00:00 [queued]>
[2022-02-19 12:00:05,750] {taskinstance.py:1042} INFO - 
--------------------------------------------------------------------------------
[2022-02-19 12:00:05,751] {taskinstance.py:1043} INFO - Starting attempt 1 of 6
[2022-02-19 12:00:05,751] {taskinstance.py:1044} INFO - 
--------------------------------------------------------------------------------
[2022-02-19 12:00:05,763] {taskinstance.py:1063} INFO - Executing <Task(BashOperator): run_script> on 2022-02-19T06:00:00+00:00
[2022-02-19 12:00:05,768] {standard_task_runner.py:52} INFO - Started process 13895 to run task
[2022-02-19 12:00:05,774] {standard_task_runner.py:76} INFO - Running: ['airflow', 'tasks', 'run', 'matchup', 'run_script', '2022-02-19T06:00:00+00:00', '--job-id', '18', '--pool', 'default_pool', '--raw', '--subdir', 'DAGS_FOLDER/matchup.py', '--cfg-path', '/tmp/tmph4_mk22o', '--error-file', '/tmp/tmpbzf5nk5o']
[2022-02-19 12:00:05,774] {standard_task_runner.py:77} INFO - Job 18: Subtask run_script
[2022-02-19 12:00:05,812] {logging_mixin.py:104} INFO - Running <TaskInstance: matchup.run_script 2022-02-19T06:00:00+00:00 [running]> on host 531edfb863fc
[2022-02-19 12:00:05,846] {taskinstance.py:1255} INFO - Exporting the following env vars:
AIRFLOW_CTX_DAG_EMAIL=r.chesne@gmail.com
AIRFLOW_CTX_DAG_OWNER=Robin
AIRFLOW_CTX_DAG_ID=matchup
AIRFLOW_CTX_TASK_ID=run_script
AIRFLOW_CTX_EXECUTION_DATE=2022-02-19T06:00:00+00:00
AIRFLOW_CTX_DAG_RUN_ID=scheduled__2022-02-19T06:00:00+00:00
[2022-02-19 12:00:05,846] {bash.py:135} INFO - Tmp dir root location: 
 /tmp
[2022-02-19 12:00:05,847] {bash.py:158} INFO - Running command: python /app/scripts/main.py
[2022-02-19 12:00:05,855] {bash.py:169} INFO - Output:
[2022-02-19 12:00:13,316] {bash.py:173} INFO - Italy: CO2 314, mix [('gas', 12308, '42'), ('solar', 5763, '20'), ('coal', 2881, '10')]
[2022-02-19 12:00:13,317] {bash.py:173} INFO - Portugal: CO2 119, mix [('wind', 3038, '55'), ('hydro_discharge', 1011, '18'), ('gas', 610, '11')]
[2022-02-19 12:00:13,317] {bash.py:173} INFO - Italy: CO2 314, mix [('gas', 12308, '42'), ('solar', 5763, '20'), ('coal', 2881, '10')]
[2022-02-19 12:00:13,317] {bash.py:173} INFO - Spain: CO2 116, mix [('wind', 9763, '34'), ('nuclear', 7099, '24'), ('solar', 4580, '16')]
[2022-02-19 12:00:13,318] {bash.py:173} INFO - Denmark: CO2 108, mix [('wind', 4462, '76'), ('biomass', 561, '10'), ('solar', 404, '7')]
[2022-02-19 12:00:13,318] {bash.py:173} INFO - Norway: CO2 44, mix [('hydro', 14510, '90'), ('wind', 1120, '7'), ('hydro_discharge', 250, '2')]
[2022-02-19 12:00:13,318] {bash.py:173} INFO - UK: CO2 219, mix [('gas', 9554, '34'), ('wind', 7819, '28'), ('nuclear', 5277, '19')]
[2022-02-19 12:00:13,318] {bash.py:173} INFO - France: CO2 47, mix [('nuclear', 41933, '65'), ('hydro', 7528, '12'), ('wind', 5782, '9')]
[2022-02-19 12:00:13,395] {bash.py:177} INFO - Command exited with return code 0
[2022-02-19 12:00:13,416] {taskinstance.py:1159} INFO - Marking task as SUCCESS. dag_id=matchup, task_id=run_script, execution_date=20220219T060000, start_date=20220219T120005, end_date=20220219T120013
[2022-02-19 12:00:13,433] {taskinstance.py:1220} INFO - 0 downstream tasks scheduled from follow-on schedule check
[2022-02-19 12:00:13,457] {local_task_job.py:146} INFO - Task exited with return code 0
