[2022-04-28 00:00:04,090] {taskinstance.py:851} INFO - Dependencies all met for <TaskInstance: matchup.run_script 2022-04-27T18:00:00+00:00 [queued]>
[2022-04-28 00:00:04,095] {taskinstance.py:851} INFO - Dependencies all met for <TaskInstance: matchup.run_script 2022-04-27T18:00:00+00:00 [queued]>
[2022-04-28 00:00:04,095] {taskinstance.py:1042} INFO - 
--------------------------------------------------------------------------------
[2022-04-28 00:00:04,095] {taskinstance.py:1043} INFO - Starting attempt 1 of 6
[2022-04-28 00:00:04,095] {taskinstance.py:1044} INFO - 
--------------------------------------------------------------------------------
[2022-04-28 00:00:04,103] {taskinstance.py:1063} INFO - Executing <Task(BashOperator): run_script> on 2022-04-27T18:00:00+00:00
[2022-04-28 00:00:04,108] {standard_task_runner.py:52} INFO - Started process 349546 to run task
[2022-04-28 00:00:04,114] {standard_task_runner.py:76} INFO - Running: ['airflow', 'tasks', 'run', 'matchup', 'run_script', '2022-04-27T18:00:00+00:00', '--job-id', '311', '--pool', 'default_pool', '--raw', '--subdir', 'DAGS_FOLDER/matchup.py', '--cfg-path', '/tmp/tmp0yjdylxb', '--error-file', '/tmp/tmpkwtgg7sp']
[2022-04-28 00:00:04,114] {standard_task_runner.py:77} INFO - Job 311: Subtask run_script
[2022-04-28 00:00:04,148] {logging_mixin.py:104} INFO - Running <TaskInstance: matchup.run_script 2022-04-27T18:00:00+00:00 [running]> on host 193e33218975
[2022-04-28 00:00:04,181] {taskinstance.py:1255} INFO - Exporting the following env vars:
AIRFLOW_CTX_DAG_EMAIL=r.chesne@gmail.com
AIRFLOW_CTX_DAG_OWNER=Robin
AIRFLOW_CTX_DAG_ID=matchup
AIRFLOW_CTX_TASK_ID=run_script
AIRFLOW_CTX_EXECUTION_DATE=2022-04-27T18:00:00+00:00
AIRFLOW_CTX_DAG_RUN_ID=scheduled__2022-04-27T18:00:00+00:00
[2022-04-28 00:00:04,182] {bash.py:135} INFO - Tmp dir root location: 
 /tmp
[2022-04-28 00:00:04,182] {bash.py:158} INFO - Running command: python /app/scripts/main.py
[2022-04-28 00:00:04,191] {bash.py:169} INFO - Output:
[2022-04-28 00:00:07,891] {bash.py:173} INFO - Italy
[2022-04-28 00:00:07,891] {bash.py:173} INFO - 22278
[2022-04-28 00:00:07,891] {bash.py:173} INFO - Spain
[2022-04-28 00:00:07,892] {bash.py:173} INFO - 25440
[2022-04-28 00:00:07,892] {bash.py:173} INFO - Italy: CO2 429, mix [('gas', 12822, '58'), ('wind', 2874, '13'), ('coal', 2185, '10')]
[2022-04-28 00:00:07,892] {bash.py:173} INFO - Spain: CO2 151, mix [('wind', 10955, '43'), ('nuclear', 5854, '23'), ('gas', 4904, '19')]
[2022-04-28 00:00:07,892] {bash.py:173} INFO - Finland
[2022-04-28 00:00:07,892] {bash.py:173} INFO - 8405
[2022-04-28 00:00:07,892] {bash.py:173} INFO - Sweden
[2022-04-28 00:00:07,892] {bash.py:173} INFO - 16948
[2022-04-28 00:00:07,892] {bash.py:173} INFO - Finland: CO2 163, mix [('nuclear', 3426, '41'), ('wind', 1477, '18'), ('hydro', 1135, '14')]
[2022-04-28 00:00:07,892] {bash.py:173} INFO - Sweden: CO2 44, mix [('hydro', 6116, '36'), ('nuclear', 5769, '34'), ('wind', 3553, '21')]
[2022-04-28 00:00:07,892] {bash.py:173} INFO - UK
[2022-04-28 00:00:07,892] {bash.py:173} INFO - 21647
[2022-04-28 00:00:07,892] {bash.py:173} INFO - France
[2022-04-28 00:00:07,892] {bash.py:173} INFO - 48506
[2022-04-28 00:00:07,892] {bash.py:173} INFO - UK: CO2 141, mix [('wind', 10107, '47'), ('nuclear', 4881, '23'), ('gas', 4706, '22')]
[2022-04-28 00:00:07,892] {bash.py:173} INFO - France: CO2 68, mix [('nuclear', 30691, '63'), ('wind', 7206, '15'), ('hydro', 4773, '10')]
[2022-04-28 00:00:07,931] {bash.py:177} INFO - Command exited with return code 0
[2022-04-28 00:00:07,951] {taskinstance.py:1159} INFO - Marking task as SUCCESS. dag_id=matchup, task_id=run_script, execution_date=20220427T180000, start_date=20220428T000004, end_date=20220428T000007
[2022-04-28 00:00:07,963] {taskinstance.py:1220} INFO - 0 downstream tasks scheduled from follow-on schedule check
[2022-04-28 00:00:07,980] {local_task_job.py:146} INFO - Task exited with return code 0
