[2022-03-03 12:00:05,354] {taskinstance.py:851} INFO - Dependencies all met for <TaskInstance: matchup.run_script 2022-03-03T06:00:00+00:00 [queued]>
[2022-03-03 12:00:05,362] {taskinstance.py:851} INFO - Dependencies all met for <TaskInstance: matchup.run_script 2022-03-03T06:00:00+00:00 [queued]>
[2022-03-03 12:00:05,362] {taskinstance.py:1042} INFO - 
--------------------------------------------------------------------------------
[2022-03-03 12:00:05,362] {taskinstance.py:1043} INFO - Starting attempt 1 of 6
[2022-03-03 12:00:05,362] {taskinstance.py:1044} INFO - 
--------------------------------------------------------------------------------
[2022-03-03 12:00:05,374] {taskinstance.py:1063} INFO - Executing <Task(BashOperator): run_script> on 2022-03-03T06:00:00+00:00
[2022-03-03 12:00:05,379] {standard_task_runner.py:52} INFO - Started process 183878 to run task
[2022-03-03 12:00:05,386] {standard_task_runner.py:76} INFO - Running: ['airflow', 'tasks', 'run', 'matchup', 'run_script', '2022-03-03T06:00:00+00:00', '--job-id', '136', '--pool', 'default_pool', '--raw', '--subdir', 'DAGS_FOLDER/matchup.py', '--cfg-path', '/tmp/tmp7g7j99os', '--error-file', '/tmp/tmpty6omnwy']
[2022-03-03 12:00:05,386] {standard_task_runner.py:77} INFO - Job 136: Subtask run_script
[2022-03-03 12:00:05,432] {logging_mixin.py:104} INFO - Running <TaskInstance: matchup.run_script 2022-03-03T06:00:00+00:00 [running]> on host 531edfb863fc
[2022-03-03 12:00:05,477] {taskinstance.py:1255} INFO - Exporting the following env vars:
AIRFLOW_CTX_DAG_EMAIL=r.chesne@gmail.com
AIRFLOW_CTX_DAG_OWNER=Robin
AIRFLOW_CTX_DAG_ID=matchup
AIRFLOW_CTX_TASK_ID=run_script
AIRFLOW_CTX_EXECUTION_DATE=2022-03-03T06:00:00+00:00
AIRFLOW_CTX_DAG_RUN_ID=scheduled__2022-03-03T06:00:00+00:00
[2022-03-03 12:00:05,478] {bash.py:135} INFO - Tmp dir root location: 
 /tmp
[2022-03-03 12:00:05,479] {bash.py:158} INFO - Running command: python /app/scripts/main.py
[2022-03-03 12:00:05,488] {bash.py:169} INFO - Output:
[2022-03-03 12:00:09,851] {bash.py:173} INFO - Spain: CO2 191, mix [('gas', 8337, '26'), ('nuclear', 7635, '24'), ('solar', 4542, '14')]
[2022-03-03 12:00:09,851] {bash.py:173} INFO - Italy: CO2 359, mix [('gas', 18529, '42'), ('solar', 8854, '20'), ('coal', 4149, '9')]
[2022-03-03 12:00:09,852] {bash.py:173} INFO - Finland: CO2 181, mix [('nuclear', 3150, '32'), ('hydro', 2217, '22'), ('wind', 1483, '15')]
[2022-03-03 12:00:09,852] {bash.py:173} INFO - Norway: CO2 28, mix [('hydro', 17209, '91'), ('wind', 1131, '6'), ('hydro discharge', 456, '2')]
[2022-03-03 12:00:09,852] {bash.py:173} INFO - France: CO2 94, mix [('nuclear', 41242, '67'), ('gas', 6413, '10'), ('hydro', 6213, '10')]
[2022-03-03 12:00:09,852] {bash.py:173} INFO - UK: CO2 270, mix [('gas', 15693, '40'), ('nuclear', 7298, '19'), ('wind', 6930, '18')]
[2022-03-03 12:00:09,921] {bash.py:177} INFO - Command exited with return code 0
[2022-03-03 12:00:09,943] {taskinstance.py:1159} INFO - Marking task as SUCCESS. dag_id=matchup, task_id=run_script, execution_date=20220303T060000, start_date=20220303T120005, end_date=20220303T120009
[2022-03-03 12:00:09,965] {taskinstance.py:1220} INFO - 0 downstream tasks scheduled from follow-on schedule check
[2022-03-03 12:00:09,976] {local_task_job.py:146} INFO - Task exited with return code 0
