[2022-04-07 06:01:06,008] {taskinstance.py:851} INFO - Dependencies all met for <TaskInstance: matchup.run_script 2022-04-07T00:00:00+00:00 [queued]>
[2022-04-07 06:01:06,012] {taskinstance.py:851} INFO - Dependencies all met for <TaskInstance: matchup.run_script 2022-04-07T00:00:00+00:00 [queued]>
[2022-04-07 06:01:06,012] {taskinstance.py:1042} INFO - 
--------------------------------------------------------------------------------
[2022-04-07 06:01:06,012] {taskinstance.py:1043} INFO - Starting attempt 2 of 6
[2022-04-07 06:01:06,012] {taskinstance.py:1044} INFO - 
--------------------------------------------------------------------------------
[2022-04-07 06:01:06,019] {taskinstance.py:1063} INFO - Executing <Task(BashOperator): run_script> on 2022-04-07T00:00:00+00:00
[2022-04-07 06:01:06,022] {standard_task_runner.py:52} INFO - Started process 53888 to run task
[2022-04-07 06:01:06,028] {standard_task_runner.py:76} INFO - Running: ['airflow', 'tasks', 'run', 'matchup', 'run_script', '2022-04-07T00:00:00+00:00', '--job-id', '82', '--pool', 'default_pool', '--raw', '--subdir', 'DAGS_FOLDER/matchup.py', '--cfg-path', '/tmp/tmpo8mm3o_8', '--error-file', '/tmp/tmp25c1g2e5']
[2022-04-07 06:01:06,029] {standard_task_runner.py:77} INFO - Job 82: Subtask run_script
[2022-04-07 06:01:06,054] {logging_mixin.py:104} INFO - Running <TaskInstance: matchup.run_script 2022-04-07T00:00:00+00:00 [running]> on host 193e33218975
[2022-04-07 06:01:06,068] {taskinstance.py:1255} INFO - Exporting the following env vars:
AIRFLOW_CTX_DAG_EMAIL=r.chesne@gmail.com
AIRFLOW_CTX_DAG_OWNER=Robin
AIRFLOW_CTX_DAG_ID=matchup
AIRFLOW_CTX_TASK_ID=run_script
AIRFLOW_CTX_EXECUTION_DATE=2022-04-07T00:00:00+00:00
AIRFLOW_CTX_DAG_RUN_ID=scheduled__2022-04-07T00:00:00+00:00
[2022-04-07 06:01:06,068] {bash.py:135} INFO - Tmp dir root location: 
 /tmp
[2022-04-07 06:01:06,068] {bash.py:158} INFO - Running command: python /app/scripts/main.py
[2022-04-07 06:01:06,074] {bash.py:169} INFO - Output:
[2022-04-07 06:01:10,685] {bash.py:173} INFO - Portugal
[2022-04-07 06:01:10,686] {bash.py:173} INFO - 4517
[2022-04-07 06:01:10,686] {bash.py:173} INFO - Italy
[2022-04-07 06:01:10,686] {bash.py:173} INFO - 26722
[2022-04-07 06:01:10,686] {bash.py:173} INFO - Portugal: CO2 186, mix [('wind', 2367, '52'), ('gas', 1442, '32'), ('biomass', 377, '8')]
[2022-04-07 06:01:10,686] {bash.py:173} INFO - Italy: CO2 367, mix [('gas', 11213, '42'), ('wind', 4859, '18'), ('coal', 3286, '12')]
[2022-04-07 06:01:10,686] {bash.py:173} INFO - Norway
[2022-04-07 06:01:10,686] {bash.py:173} INFO - 16738
[2022-04-07 06:01:10,686] {bash.py:173} INFO - Sweden
[2022-04-07 06:01:10,686] {bash.py:173} INFO - 20211
[2022-04-07 06:01:10,686] {bash.py:173} INFO - Norway: CO2 52, mix [('hydro', 11639, '70'), ('wind', 3376, '20'), ('nuclear', 591, '4')]
[2022-04-07 06:01:10,686] {bash.py:173} INFO - Sweden: CO2 50, mix [('hydro', 9557, '47'), ('nuclear', 6327, '31'), ('wind', 2237, '11')]
[2022-04-07 06:01:10,686] {bash.py:173} INFO - UK
[2022-04-07 06:01:10,686] {bash.py:173} INFO - 22133
[2022-04-07 06:01:10,686] {bash.py:173} INFO - Hungary
[2022-04-07 06:01:10,686] {bash.py:173} INFO - 3760
[2022-04-07 06:01:10,686] {bash.py:173} INFO - UK: CO2 116, mix [('wind', 11586, '52'), ('nuclear', 5074, '23'), ('gas', 3581, '16')]
[2022-04-07 06:01:10,686] {bash.py:173} INFO - Hungary: CO2 198, mix [('nuclear', 1951, '52'), ('gas', 681, '18'), ('coal', 333, '9')]
[2022-04-07 06:01:10,718] {bash.py:177} INFO - Command exited with return code 0
[2022-04-07 06:01:10,731] {taskinstance.py:1159} INFO - Marking task as SUCCESS. dag_id=matchup, task_id=run_script, execution_date=20220407T000000, start_date=20220407T060106, end_date=20220407T060110
[2022-04-07 06:01:10,743] {taskinstance.py:1220} INFO - 0 downstream tasks scheduled from follow-on schedule check
[2022-04-07 06:01:10,775] {local_task_job.py:146} INFO - Task exited with return code 0
