[2022-06-24 06:00:03,558] {taskinstance.py:851} INFO - Dependencies all met for <TaskInstance: matchup.run_script 2022-06-24T00:00:00+00:00 [queued]>
[2022-06-24 06:00:03,563] {taskinstance.py:851} INFO - Dependencies all met for <TaskInstance: matchup.run_script 2022-06-24T00:00:00+00:00 [queued]>
[2022-06-24 06:00:03,563] {taskinstance.py:1042} INFO - 
--------------------------------------------------------------------------------
[2022-06-24 06:00:03,563] {taskinstance.py:1043} INFO - Starting attempt 1 of 6
[2022-06-24 06:00:03,563] {taskinstance.py:1044} INFO - 
--------------------------------------------------------------------------------
[2022-06-24 06:00:03,572] {taskinstance.py:1063} INFO - Executing <Task(BashOperator): run_script> on 2022-06-24T00:00:00+00:00
[2022-06-24 06:00:03,574] {standard_task_runner.py:52} INFO - Started process 39975 to run task
[2022-06-24 06:00:03,577] {standard_task_runner.py:76} INFO - Running: ['airflow', 'tasks', 'run', 'matchup', 'run_script', '2022-06-24T00:00:00+00:00', '--job-id', '1433', '--pool', 'default_pool', '--raw', '--subdir', 'DAGS_FOLDER/matchup.py', '--cfg-path', '/tmp/tmpmjw2cr38', '--error-file', '/tmp/tmpw3sz4ql2']
[2022-06-24 06:00:03,577] {standard_task_runner.py:77} INFO - Job 1433: Subtask run_script
[2022-06-24 06:00:03,604] {logging_mixin.py:104} INFO - Running <TaskInstance: matchup.run_script 2022-06-24T00:00:00+00:00 [running]> on host b5b34dd97903
[2022-06-24 06:00:03,629] {taskinstance.py:1255} INFO - Exporting the following env vars:
AIRFLOW_CTX_DAG_EMAIL=r.chesne@gmail.com
AIRFLOW_CTX_DAG_OWNER=Robin
AIRFLOW_CTX_DAG_ID=matchup
AIRFLOW_CTX_TASK_ID=run_script
AIRFLOW_CTX_EXECUTION_DATE=2022-06-24T00:00:00+00:00
AIRFLOW_CTX_DAG_RUN_ID=scheduled__2022-06-24T00:00:00+00:00
[2022-06-24 06:00:03,629] {bash.py:135} INFO - Tmp dir root location: 
 /tmp
[2022-06-24 06:00:03,630] {bash.py:158} INFO - Running command: python /app/scripts/main.py
[2022-06-24 06:00:03,635] {bash.py:169} INFO - Output:
[2022-06-24 06:00:07,884] {bash.py:173} INFO - Greece
[2022-06-24 06:00:07,884] {bash.py:173} INFO - 4762
[2022-06-24 06:00:07,884] {bash.py:173} INFO - Italy
[2022-06-24 06:00:07,884] {bash.py:173} INFO - 29475
[2022-06-24 06:00:07,884] {bash.py:173} INFO - Greece: CO2 348, mix [('gas', 2322, '49'), ('wind', 972, '20'), ('coal', 554, '12')]
[2022-06-24 06:00:07,884] {bash.py:173} INFO - Italy: CO2 383, mix [('gas', 14474, '49'), ('hydro', 4976, '17'), ('coal', 2732, '9')]
[2022-06-24 06:00:07,884] {bash.py:173} INFO - Sweden
[2022-06-24 06:00:07,884] {bash.py:173} INFO - 10476
[2022-06-24 06:00:07,884] {bash.py:173} INFO - Norway
[2022-06-24 06:00:07,884] {bash.py:173} INFO - 13008
[2022-06-24 06:00:07,884] {bash.py:173} INFO - Sweden: CO2 27, mix [('hydro', 5414, '52'), ('nuclear', 3228, '31'), ('wind', 1391, '13')]
[2022-06-24 06:00:07,884] {bash.py:173} INFO - Norway: CO2 34, mix [('hydro', 11933, '92'), ('wind', 729, '6'), ('gas', 200, '2')]
[2022-06-24 06:00:07,884] {bash.py:173} INFO - UK
[2022-06-24 06:00:07,884] {bash.py:173} INFO - 18873
[2022-06-24 06:00:07,884] {bash.py:173} INFO - France
[2022-06-24 06:00:07,884] {bash.py:173} INFO - 42257
[2022-06-24 06:00:07,884] {bash.py:173} INFO - UK: CO2 272, mix [('gas', 9479, '50'), ('nuclear', 4718, '25'), ('wind', 3062, '16')]
[2022-06-24 06:00:07,884] {bash.py:173} INFO - France: CO2 66, mix [('nuclear', 28474, '67'), ('hydro', 5399, '13'), ('gas', 3863, '9')]
[2022-06-24 06:00:07,926] {bash.py:177} INFO - Command exited with return code 0
[2022-06-24 06:00:07,939] {taskinstance.py:1159} INFO - Marking task as SUCCESS. dag_id=matchup, task_id=run_script, execution_date=20220624T000000, start_date=20220624T060003, end_date=20220624T060007
[2022-06-24 06:00:07,952] {taskinstance.py:1220} INFO - 0 downstream tasks scheduled from follow-on schedule check
[2022-06-24 06:00:07,982] {local_task_job.py:146} INFO - Task exited with return code 0
