[2022-06-23 00:00:04,264] {taskinstance.py:851} INFO - Dependencies all met for <TaskInstance: matchup.run_script 2022-06-22T18:00:00+00:00 [queued]>
[2022-06-23 00:00:04,269] {taskinstance.py:851} INFO - Dependencies all met for <TaskInstance: matchup.run_script 2022-06-22T18:00:00+00:00 [queued]>
[2022-06-23 00:00:04,269] {taskinstance.py:1042} INFO - 
--------------------------------------------------------------------------------
[2022-06-23 00:00:04,269] {taskinstance.py:1043} INFO - Starting attempt 1 of 6
[2022-06-23 00:00:04,269] {taskinstance.py:1044} INFO - 
--------------------------------------------------------------------------------
[2022-06-23 00:00:04,276] {taskinstance.py:1063} INFO - Executing <Task(BashOperator): run_script> on 2022-06-22T18:00:00+00:00
[2022-06-23 00:00:04,279] {standard_task_runner.py:52} INFO - Started process 22174 to run task
[2022-06-23 00:00:04,282] {standard_task_runner.py:76} INFO - Running: ['airflow', 'tasks', 'run', 'matchup', 'run_script', '2022-06-22T18:00:00+00:00', '--job-id', '1423', '--pool', 'default_pool', '--raw', '--subdir', 'DAGS_FOLDER/matchup.py', '--cfg-path', '/tmp/tmp5rgbpx22', '--error-file', '/tmp/tmpaivpu8tq']
[2022-06-23 00:00:04,282] {standard_task_runner.py:77} INFO - Job 1423: Subtask run_script
[2022-06-23 00:00:04,309] {logging_mixin.py:104} INFO - Running <TaskInstance: matchup.run_script 2022-06-22T18:00:00+00:00 [running]> on host b5b34dd97903
[2022-06-23 00:00:04,338] {taskinstance.py:1255} INFO - Exporting the following env vars:
AIRFLOW_CTX_DAG_EMAIL=r.chesne@gmail.com
AIRFLOW_CTX_DAG_OWNER=Robin
AIRFLOW_CTX_DAG_ID=matchup
AIRFLOW_CTX_TASK_ID=run_script
AIRFLOW_CTX_EXECUTION_DATE=2022-06-22T18:00:00+00:00
AIRFLOW_CTX_DAG_RUN_ID=scheduled__2022-06-22T18:00:00+00:00
[2022-06-23 00:00:04,338] {bash.py:135} INFO - Tmp dir root location: 
 /tmp
[2022-06-23 00:00:04,338] {bash.py:158} INFO - Running command: python /app/scripts/main.py
[2022-06-23 00:00:04,344] {bash.py:169} INFO - Output:
[2022-06-23 00:00:08,080] {bash.py:173} INFO - Italy
[2022-06-23 00:00:08,080] {bash.py:173} INFO - 24823
[2022-06-23 00:00:08,080] {bash.py:173} INFO - Greece
[2022-06-23 00:00:08,080] {bash.py:173} INFO - 3937
[2022-06-23 00:00:08,080] {bash.py:173} INFO - Italy: CO2 418, mix [('gas', 13795, '56'), ('hydro', 3788, '15'), ('coal', 2402, '10')]
[2022-06-23 00:00:08,080] {bash.py:173} INFO - Greece: CO2 434, mix [('gas', 2495, '63'), ('wind', 759, '19'), ('coal', 573, '15')]
[2022-06-23 00:00:08,080] {bash.py:173} INFO - Sweden
[2022-06-23 00:00:08,080] {bash.py:173} INFO - 10138
[2022-06-23 00:00:08,080] {bash.py:173} INFO - Finland
[2022-06-23 00:00:08,080] {bash.py:173} INFO - 6764
[2022-06-23 00:00:08,080] {bash.py:173} INFO - Sweden: CO2 24, mix [('hydro', 4457, '44'), ('nuclear', 3270, '32'), ('wind', 2091, '21')]
[2022-06-23 00:00:08,080] {bash.py:173} INFO - Finland: CO2 91, mix [('nuclear', 2591, '38'), ('hydro', 1997, '30'), ('wind', 1076, '16')]
[2022-06-23 00:00:08,080] {bash.py:173} INFO - France
[2022-06-23 00:00:08,080] {bash.py:173} INFO - 47431
[2022-06-23 00:00:08,081] {bash.py:173} INFO - Germany
[2022-06-23 00:00:08,081] {bash.py:173} INFO - 45932
[2022-06-23 00:00:08,081] {bash.py:173} INFO - France: CO2 89, mix [('nuclear', 29815, '63'), ('gas', 6246, '13'), ('hydro', 5242, '11')]
[2022-06-23 00:00:08,081] {bash.py:173} INFO - Germany: CO2 425, mix [('coal', 17723, '39'), ('wind', 8752, '19'), ('gas', 6974, '15')]
[2022-06-23 00:00:08,106] {bash.py:177} INFO - Command exited with return code 0
[2022-06-23 00:00:08,116] {taskinstance.py:1159} INFO - Marking task as SUCCESS. dag_id=matchup, task_id=run_script, execution_date=20220622T180000, start_date=20220623T000004, end_date=20220623T000008
[2022-06-23 00:00:08,127] {taskinstance.py:1220} INFO - 0 downstream tasks scheduled from follow-on schedule check
[2022-06-23 00:00:08,149] {local_task_job.py:146} INFO - Task exited with return code 0
