[2022-07-04 18:00:04,594] {taskinstance.py:851} INFO - Dependencies all met for <TaskInstance: matchup.run_script 2022-07-04T12:00:00+00:00 [queued]>
[2022-07-04 18:00:04,602] {taskinstance.py:851} INFO - Dependencies all met for <TaskInstance: matchup.run_script 2022-07-04T12:00:00+00:00 [queued]>
[2022-07-04 18:00:04,602] {taskinstance.py:1042} INFO - 
--------------------------------------------------------------------------------
[2022-07-04 18:00:04,602] {taskinstance.py:1043} INFO - Starting attempt 1 of 6
[2022-07-04 18:00:04,602] {taskinstance.py:1044} INFO - 
--------------------------------------------------------------------------------
[2022-07-04 18:00:04,612] {taskinstance.py:1063} INFO - Executing <Task(BashOperator): run_script> on 2022-07-04T12:00:00+00:00
[2022-07-04 18:00:04,615] {standard_task_runner.py:52} INFO - Started process 3600 to run task
[2022-07-04 18:00:04,622] {standard_task_runner.py:76} INFO - Running: ['airflow', 'tasks', 'run', 'matchup', 'run_script', '2022-07-04T12:00:00+00:00', '--job-id', '1505', '--pool', 'default_pool', '--raw', '--subdir', 'DAGS_FOLDER/matchup.py', '--cfg-path', '/tmp/tmpslsp1fgo', '--error-file', '/tmp/tmp53bqruko']
[2022-07-04 18:00:04,622] {standard_task_runner.py:77} INFO - Job 1505: Subtask run_script
[2022-07-04 18:00:04,657] {logging_mixin.py:104} INFO - Running <TaskInstance: matchup.run_script 2022-07-04T12:00:00+00:00 [running]> on host a41a09215c15
[2022-07-04 18:00:04,692] {taskinstance.py:1255} INFO - Exporting the following env vars:
AIRFLOW_CTX_DAG_EMAIL=r.chesne@gmail.com
AIRFLOW_CTX_DAG_OWNER=Robin
AIRFLOW_CTX_DAG_ID=matchup
AIRFLOW_CTX_TASK_ID=run_script
AIRFLOW_CTX_EXECUTION_DATE=2022-07-04T12:00:00+00:00
AIRFLOW_CTX_DAG_RUN_ID=scheduled__2022-07-04T12:00:00+00:00
[2022-07-04 18:00:04,692] {bash.py:135} INFO - Tmp dir root location: 
 /tmp
[2022-07-04 18:00:04,693] {bash.py:158} INFO - Running command: python /app/scripts/main.py
[2022-07-04 18:00:04,703] {bash.py:169} INFO - Output:
[2022-07-04 18:00:07,578] {bash.py:173} INFO - Spain
[2022-07-04 18:00:07,579] {bash.py:173} INFO - 36201
[2022-07-04 18:00:07,579] {bash.py:173} INFO - Greece
[2022-07-04 18:00:07,579] {bash.py:173} INFO - 7590
[2022-07-04 18:00:07,579] {bash.py:173} INFO - Spain: CO2 181, mix [('solar', 10280, '28'), ('gas', 9250, '26'), ('nuclear', 6813, '19')]
[2022-07-04 18:00:07,579] {bash.py:173} INFO - Greece: CO2 345, mix [('gas', 3294, '43'), ('wind', 1682, '22'), ('coal', 1009, '13')]
[2022-07-04 18:00:07,579] {bash.py:173} INFO - Sweden
[2022-07-04 18:00:07,579] {bash.py:173} INFO - 11665
[2022-07-04 18:00:07,579] {bash.py:173} INFO - Finland
[2022-07-04 18:00:07,580] {bash.py:173} INFO - 7714
[2022-07-04 18:00:07,580] {bash.py:173} INFO - Sweden: CO2 22, mix [('hydro', 4566, '39'), ('nuclear', 4035, '35'), ('wind', 2665, '23')]
[2022-07-04 18:00:07,580] {bash.py:173} INFO - Finland: CO2 80, mix [('nuclear', 3308, '43'), ('hydro', 2447, '32'), ('wind', 771, '10')]
[2022-07-04 18:00:07,580] {bash.py:173} INFO - UK
[2022-07-04 18:00:07,580] {bash.py:173} INFO - 30913
[2022-07-04 18:00:07,580] {bash.py:173} INFO - Germany
[2022-07-04 18:00:07,580] {bash.py:173} INFO - 64343
[2022-07-04 18:00:07,580] {bash.py:173} INFO - UK: CO2 270, mix [('gas', 13843, '45'), ('wind', 6889, '22'), ('nuclear', 5006, '16')]
[2022-07-04 18:00:07,580] {bash.py:173} INFO - Germany: CO2 343, mix [('coal', 19972, '31'), ('solar', 11953, '19'), ('wind', 11812, '18')]
[2022-07-04 18:00:07,663] {bash.py:177} INFO - Command exited with return code 0
[2022-07-04 18:00:07,681] {taskinstance.py:1159} INFO - Marking task as SUCCESS. dag_id=matchup, task_id=run_script, execution_date=20220704T120000, start_date=20220704T180004, end_date=20220704T180007
[2022-07-04 18:00:07,697] {taskinstance.py:1220} INFO - 0 downstream tasks scheduled from follow-on schedule check
[2022-07-04 18:00:07,722] {local_task_job.py:146} INFO - Task exited with return code 0
