[2022-06-24 12:00:03,815] {taskinstance.py:851} INFO - Dependencies all met for <TaskInstance: matchup.run_script 2022-06-24T06:00:00+00:00 [queued]>
[2022-06-24 12:00:03,819] {taskinstance.py:851} INFO - Dependencies all met for <TaskInstance: matchup.run_script 2022-06-24T06:00:00+00:00 [queued]>
[2022-06-24 12:00:03,819] {taskinstance.py:1042} INFO - 
--------------------------------------------------------------------------------
[2022-06-24 12:00:03,819] {taskinstance.py:1043} INFO - Starting attempt 1 of 6
[2022-06-24 12:00:03,819] {taskinstance.py:1044} INFO - 
--------------------------------------------------------------------------------
[2022-06-24 12:00:03,828] {taskinstance.py:1063} INFO - Executing <Task(BashOperator): run_script> on 2022-06-24T06:00:00+00:00
[2022-06-24 12:00:03,831] {standard_task_runner.py:52} INFO - Started process 43536 to run task
[2022-06-24 12:00:03,834] {standard_task_runner.py:76} INFO - Running: ['airflow', 'tasks', 'run', 'matchup', 'run_script', '2022-06-24T06:00:00+00:00', '--job-id', '1435', '--pool', 'default_pool', '--raw', '--subdir', 'DAGS_FOLDER/matchup.py', '--cfg-path', '/tmp/tmpn5tu6j2b', '--error-file', '/tmp/tmp0e5prlj7']
[2022-06-24 12:00:03,834] {standard_task_runner.py:77} INFO - Job 1435: Subtask run_script
[2022-06-24 12:00:03,855] {logging_mixin.py:104} INFO - Running <TaskInstance: matchup.run_script 2022-06-24T06:00:00+00:00 [running]> on host b5b34dd97903
[2022-06-24 12:00:03,889] {taskinstance.py:1255} INFO - Exporting the following env vars:
AIRFLOW_CTX_DAG_EMAIL=r.chesne@gmail.com
AIRFLOW_CTX_DAG_OWNER=Robin
AIRFLOW_CTX_DAG_ID=matchup
AIRFLOW_CTX_TASK_ID=run_script
AIRFLOW_CTX_EXECUTION_DATE=2022-06-24T06:00:00+00:00
AIRFLOW_CTX_DAG_RUN_ID=scheduled__2022-06-24T06:00:00+00:00
[2022-06-24 12:00:03,889] {bash.py:135} INFO - Tmp dir root location: 
 /tmp
[2022-06-24 12:00:03,889] {bash.py:158} INFO - Running command: python /app/scripts/main.py
[2022-06-24 12:00:03,895] {bash.py:169} INFO - Output:
[2022-06-24 12:00:07,694] {bash.py:173} INFO - Spain
[2022-06-24 12:00:07,695] {bash.py:173} INFO - 33198
[2022-06-24 12:00:07,695] {bash.py:173} INFO - Italy
[2022-06-24 12:00:07,695] {bash.py:173} INFO - 36923
[2022-06-24 12:00:07,695] {bash.py:173} INFO - Spain: CO2 141, mix [('solar', 11543, '35'), ('nuclear', 6496, '20'), ('wind', 6432, '19')]
[2022-06-24 12:00:07,695] {bash.py:173} INFO - Italy: CO2 318, mix [('gas', 15235, '41'), ('solar', 10072, '27'), ('hydro', 4005, '11')]
[2022-06-24 12:00:07,695] {bash.py:173} INFO - Sweden
[2022-06-24 12:00:07,695] {bash.py:173} INFO - 11731
[2022-06-24 12:00:07,695] {bash.py:173} INFO - Denmark
[2022-06-24 12:00:07,695] {bash.py:173} INFO - 3044
[2022-06-24 12:00:07,695] {bash.py:173} INFO - Sweden: CO2 28, mix [('hydro', 6067, '52'), ('nuclear', 3560, '30'), ('wind', 1314, '11')]
[2022-06-24 12:00:07,695] {bash.py:173} INFO - Denmark: CO2 126, mix [('wind', 1007, '33'), ('hydro', 601, '20'), ('solar', 557, '18')]
[2022-06-24 12:00:07,695] {bash.py:173} INFO - Germany
[2022-06-24 12:00:07,695] {bash.py:173} INFO - 70308
[2022-06-24 12:00:07,695] {bash.py:173} INFO - UK
[2022-06-24 12:00:07,695] {bash.py:173} INFO - 31787
[2022-06-24 12:00:07,695] {bash.py:173} INFO - Germany: CO2 302, mix [('solar', 22140, '31'), ('coal', 17787, '25'), ('wind', 10572, '15')]
[2022-06-24 12:00:07,695] {bash.py:173} INFO - UK: CO2 250, mix [('gas', 13934, '44'), ('nuclear', 5486, '17'), ('solar', 5225, '16')]
[2022-06-24 12:00:07,729] {bash.py:177} INFO - Command exited with return code 0
[2022-06-24 12:00:07,743] {taskinstance.py:1159} INFO - Marking task as SUCCESS. dag_id=matchup, task_id=run_script, execution_date=20220624T060000, start_date=20220624T120003, end_date=20220624T120007
[2022-06-24 12:00:07,757] {taskinstance.py:1220} INFO - 0 downstream tasks scheduled from follow-on schedule check
[2022-06-24 12:00:07,784] {local_task_job.py:146} INFO - Task exited with return code 0
