[2022-03-17 00:02:07,331] {taskinstance.py:851} INFO - Dependencies all met for <TaskInstance: matchup.run_script 2022-03-16T18:00:00+00:00 [queued]>
[2022-03-17 00:02:07,336] {taskinstance.py:851} INFO - Dependencies all met for <TaskInstance: matchup.run_script 2022-03-16T18:00:00+00:00 [queued]>
[2022-03-17 00:02:07,336] {taskinstance.py:1042} INFO - 
--------------------------------------------------------------------------------
[2022-03-17 00:02:07,336] {taskinstance.py:1043} INFO - Starting attempt 3 of 6
[2022-03-17 00:02:07,336] {taskinstance.py:1044} INFO - 
--------------------------------------------------------------------------------
[2022-03-17 00:02:07,344] {taskinstance.py:1063} INFO - Executing <Task(BashOperator): run_script> on 2022-03-16T18:00:00+00:00
[2022-03-17 00:02:07,347] {standard_task_runner.py:52} INFO - Started process 375951 to run task
[2022-03-17 00:02:07,353] {standard_task_runner.py:76} INFO - Running: ['airflow', 'tasks', 'run', 'matchup', 'run_script', '2022-03-16T18:00:00+00:00', '--job-id', '343', '--pool', 'default_pool', '--raw', '--subdir', 'DAGS_FOLDER/matchup.py', '--cfg-path', '/tmp/tmp51lxla79', '--error-file', '/tmp/tmpsf74kau8']
[2022-03-17 00:02:07,354] {standard_task_runner.py:77} INFO - Job 343: Subtask run_script
[2022-03-17 00:02:07,383] {logging_mixin.py:104} INFO - Running <TaskInstance: matchup.run_script 2022-03-16T18:00:00+00:00 [running]> on host 531edfb863fc
[2022-03-17 00:02:07,399] {taskinstance.py:1255} INFO - Exporting the following env vars:
AIRFLOW_CTX_DAG_EMAIL=r.chesne@gmail.com
AIRFLOW_CTX_DAG_OWNER=Robin
AIRFLOW_CTX_DAG_ID=matchup
AIRFLOW_CTX_TASK_ID=run_script
AIRFLOW_CTX_EXECUTION_DATE=2022-03-16T18:00:00+00:00
AIRFLOW_CTX_DAG_RUN_ID=scheduled__2022-03-16T18:00:00+00:00
[2022-03-17 00:02:07,399] {bash.py:135} INFO - Tmp dir root location: 
 /tmp
[2022-03-17 00:02:07,400] {bash.py:158} INFO - Running command: python /app/scripts/main.py
[2022-03-17 00:02:07,410] {bash.py:169} INFO - Output:
[2022-03-17 00:02:10,740] {bash.py:173} INFO - Portugal
[2022-03-17 00:02:10,740] {bash.py:173} INFO - 7382
[2022-03-17 00:02:10,741] {bash.py:173} INFO - Italy
[2022-03-17 00:02:10,741] {bash.py:173} INFO - 33530
[2022-03-17 00:02:10,741] {bash.py:173} INFO - Portugal: CO2 184, mix [('wind', 3265, '44'), ('gas', 2280, '31'), ('hydro', 949, '13')]
[2022-03-17 00:02:10,741] {bash.py:173} INFO - Italy: CO2 430, mix [('gas', 19907, '59'), ('coal', 3243, '10'), ('unknown', 2790, '8')]
[2022-03-17 00:02:10,741] {bash.py:173} INFO - Finland
[2022-03-17 00:02:10,741] {bash.py:173} INFO - 9503
[2022-03-17 00:02:10,742] {bash.py:173} INFO - Denmark
[2022-03-17 00:02:10,742] {bash.py:173} INFO - 3644
[2022-03-17 00:02:10,742] {bash.py:173} INFO - Finland: CO2 157, mix [('nuclear', 3251, '34'), ('wind', 2780, '29'), ('unknown', 971, '10')]
[2022-03-17 00:02:10,742] {bash.py:173} INFO - Denmark: CO2 201, mix [('wind', 1761, '48'), ('biomass', 591, '16'), ('coal', 566, '16')]
[2022-03-17 00:02:10,742] {bash.py:173} INFO - Traceback (most recent call last):
[2022-03-17 00:02:10,742] {bash.py:173} INFO -   File "/app/scripts/main.py", line 241, in <module>
[2022-03-17 00:02:10,742] {bash.py:173} INFO -     get_matchups()
[2022-03-17 00:02:10,742] {bash.py:173} INFO -   File "/app/scripts/main.py", line 51, in get_matchups
[2022-03-17 00:02:10,742] {bash.py:173} INFO -     get_data(division, country1, country2)
[2022-03-17 00:02:10,743] {bash.py:173} INFO -   File "/app/scripts/main.py", line 198, in get_data
[2022-03-17 00:02:10,743] {bash.py:173} INFO -     co2_country1 = get_co2(country1)
[2022-03-17 00:02:10,743] {bash.py:173} INFO -   File "/app/scripts/main.py", line 73, in get_co2
[2022-03-17 00:02:10,743] {bash.py:173} INFO -     country_consumption_total = get_total_consumption(country)
[2022-03-17 00:02:10,743] {bash.py:173} INFO -   File "/app/scripts/main.py", line 66, in get_total_consumption
[2022-03-17 00:02:10,743] {bash.py:173} INFO -     country_consumption_total.append(sum(res.get('powerConsumptionBreakdown').values()))
[2022-03-17 00:02:10,743] {bash.py:173} INFO - AttributeError: 'NoneType' object has no attribute 'values'
[2022-03-17 00:02:10,783] {bash.py:177} INFO - Command exited with return code 1
[2022-03-17 00:02:10,789] {taskinstance.py:1455} ERROR - Bash command failed. The command returned a non-zero exit code.
Traceback (most recent call last):
  File "/app/env/lib/python3.8/site-packages/airflow/models/taskinstance.py", line 1112, in _run_raw_task
    self._prepare_and_execute_task_with_callbacks(context, task)
  File "/app/env/lib/python3.8/site-packages/airflow/models/taskinstance.py", line 1285, in _prepare_and_execute_task_with_callbacks
    result = self._execute_task(context, task_copy)
  File "/app/env/lib/python3.8/site-packages/airflow/models/taskinstance.py", line 1315, in _execute_task
    result = task_copy.execute(context=context)
  File "/app/env/lib/python3.8/site-packages/airflow/operators/bash.py", line 180, in execute
    raise AirflowException('Bash command failed. The command returned a non-zero exit code.')
airflow.exceptions.AirflowException: Bash command failed. The command returned a non-zero exit code.
[2022-03-17 00:02:10,790] {taskinstance.py:1496} INFO - Marking task as UP_FOR_RETRY. dag_id=matchup, task_id=run_script, execution_date=20220316T180000, start_date=20220317T000207, end_date=20220317T000210
[2022-03-17 00:02:10,817] {local_task_job.py:146} INFO - Task exited with return code 1
