[2022-03-17 00:03:12,523] {taskinstance.py:851} INFO - Dependencies all met for <TaskInstance: matchup.run_script 2022-03-16T18:00:00+00:00 [queued]>
[2022-03-17 00:03:12,527] {taskinstance.py:851} INFO - Dependencies all met for <TaskInstance: matchup.run_script 2022-03-16T18:00:00+00:00 [queued]>
[2022-03-17 00:03:12,527] {taskinstance.py:1042} INFO - 
--------------------------------------------------------------------------------
[2022-03-17 00:03:12,527] {taskinstance.py:1043} INFO - Starting attempt 4 of 6
[2022-03-17 00:03:12,527] {taskinstance.py:1044} INFO - 
--------------------------------------------------------------------------------
[2022-03-17 00:03:12,536] {taskinstance.py:1063} INFO - Executing <Task(BashOperator): run_script> on 2022-03-16T18:00:00+00:00
[2022-03-17 00:03:12,539] {standard_task_runner.py:52} INFO - Started process 375968 to run task
[2022-03-17 00:03:12,545] {standard_task_runner.py:76} INFO - Running: ['airflow', 'tasks', 'run', 'matchup', 'run_script', '2022-03-16T18:00:00+00:00', '--job-id', '344', '--pool', 'default_pool', '--raw', '--subdir', 'DAGS_FOLDER/matchup.py', '--cfg-path', '/tmp/tmpwwblwu50', '--error-file', '/tmp/tmpwwqpf97y']
[2022-03-17 00:03:12,545] {standard_task_runner.py:77} INFO - Job 344: Subtask run_script
[2022-03-17 00:03:12,576] {logging_mixin.py:104} INFO - Running <TaskInstance: matchup.run_script 2022-03-16T18:00:00+00:00 [running]> on host 531edfb863fc
[2022-03-17 00:03:12,594] {taskinstance.py:1255} INFO - Exporting the following env vars:
AIRFLOW_CTX_DAG_EMAIL=r.chesne@gmail.com
AIRFLOW_CTX_DAG_OWNER=Robin
AIRFLOW_CTX_DAG_ID=matchup
AIRFLOW_CTX_TASK_ID=run_script
AIRFLOW_CTX_EXECUTION_DATE=2022-03-16T18:00:00+00:00
AIRFLOW_CTX_DAG_RUN_ID=scheduled__2022-03-16T18:00:00+00:00
[2022-03-17 00:03:12,595] {bash.py:135} INFO - Tmp dir root location: 
 /tmp
[2022-03-17 00:03:12,595] {bash.py:158} INFO - Running command: python /app/scripts/main.py
[2022-03-17 00:03:12,601] {bash.py:169} INFO - Output:
[2022-03-17 00:03:15,793] {bash.py:173} INFO - Italy
[2022-03-17 00:03:15,794] {bash.py:173} INFO - 33530
[2022-03-17 00:03:15,794] {bash.py:173} INFO - Spain
[2022-03-17 00:03:15,794] {bash.py:173} INFO - 29154
[2022-03-17 00:03:15,794] {bash.py:173} INFO - Italy: CO2 430, mix [('gas', 19907, '59'), ('coal', 3243, '10'), ('unknown', 2790, '8')]
[2022-03-17 00:03:15,794] {bash.py:173} INFO - Spain: CO2 172, mix [('wind', 12387, '42'), ('gas', 6758, '23'), ('nuclear', 5487, '19')]
[2022-03-17 00:03:15,794] {bash.py:173} INFO - Sweden
[2022-03-17 00:03:15,794] {bash.py:173} INFO - 17699
[2022-03-17 00:03:15,794] {bash.py:173} INFO - Finland
[2022-03-17 00:03:15,794] {bash.py:173} INFO - 9503
[2022-03-17 00:03:15,794] {bash.py:173} INFO - Sweden: CO2 42, mix [('hydro', 6167, '35'), ('nuclear', 5876, '33'), ('wind', 3989, '23')]
[2022-03-17 00:03:15,794] {bash.py:173} INFO - Finland: CO2 157, mix [('nuclear', 3251, '34'), ('wind', 2780, '29'), ('unknown', 971, '10')]
[2022-03-17 00:03:15,794] {bash.py:173} INFO - Traceback (most recent call last):
[2022-03-17 00:03:15,795] {bash.py:173} INFO -   File "/app/scripts/main.py", line 241, in <module>
[2022-03-17 00:03:15,795] {bash.py:173} INFO -     get_matchups()
[2022-03-17 00:03:15,795] {bash.py:173} INFO -   File "/app/scripts/main.py", line 51, in get_matchups
[2022-03-17 00:03:15,795] {bash.py:173} INFO -     get_data(division, country1, country2)
[2022-03-17 00:03:15,795] {bash.py:173} INFO -   File "/app/scripts/main.py", line 199, in get_data
[2022-03-17 00:03:15,795] {bash.py:173} INFO -     co2_country2 = get_co2(country2)
[2022-03-17 00:03:15,795] {bash.py:173} INFO -   File "/app/scripts/main.py", line 73, in get_co2
[2022-03-17 00:03:15,795] {bash.py:173} INFO -     country_consumption_total = get_total_consumption(country)
[2022-03-17 00:03:15,795] {bash.py:173} INFO -   File "/app/scripts/main.py", line 66, in get_total_consumption
[2022-03-17 00:03:15,795] {bash.py:173} INFO -     country_consumption_total.append(sum(res.get('powerConsumptionBreakdown').values()))
[2022-03-17 00:03:15,795] {bash.py:173} INFO - AttributeError: 'NoneType' object has no attribute 'values'
[2022-03-17 00:03:15,842] {bash.py:177} INFO - Command exited with return code 1
[2022-03-17 00:03:15,851] {taskinstance.py:1455} ERROR - Bash command failed. The command returned a non-zero exit code.
Traceback (most recent call last):
  File "/app/env/lib/python3.8/site-packages/airflow/models/taskinstance.py", line 1112, in _run_raw_task
    self._prepare_and_execute_task_with_callbacks(context, task)
  File "/app/env/lib/python3.8/site-packages/airflow/models/taskinstance.py", line 1285, in _prepare_and_execute_task_with_callbacks
    result = self._execute_task(context, task_copy)
  File "/app/env/lib/python3.8/site-packages/airflow/models/taskinstance.py", line 1315, in _execute_task
    result = task_copy.execute(context=context)
  File "/app/env/lib/python3.8/site-packages/airflow/operators/bash.py", line 180, in execute
    raise AirflowException('Bash command failed. The command returned a non-zero exit code.')
airflow.exceptions.AirflowException: Bash command failed. The command returned a non-zero exit code.
[2022-03-17 00:03:15,853] {taskinstance.py:1496} INFO - Marking task as UP_FOR_RETRY. dag_id=matchup, task_id=run_script, execution_date=20220316T180000, start_date=20220317T000312, end_date=20220317T000315
[2022-03-17 00:03:15,886] {local_task_job.py:146} INFO - Task exited with return code 1
