[2022-04-13 18:00:02,344] {taskinstance.py:851} INFO - Dependencies all met for <TaskInstance: matchup.enter_virtual_env 2022-04-13T12:00:00+00:00 [queued]>
[2022-04-13 18:00:02,348] {taskinstance.py:851} INFO - Dependencies all met for <TaskInstance: matchup.enter_virtual_env 2022-04-13T12:00:00+00:00 [queued]>
[2022-04-13 18:00:02,349] {taskinstance.py:1042} INFO - 
--------------------------------------------------------------------------------
[2022-04-13 18:00:02,349] {taskinstance.py:1043} INFO - Starting attempt 1 of 2
[2022-04-13 18:00:02,349] {taskinstance.py:1044} INFO - 
--------------------------------------------------------------------------------
[2022-04-13 18:00:02,356] {taskinstance.py:1063} INFO - Executing <Task(BashOperator): enter_virtual_env> on 2022-04-13T12:00:00+00:00
[2022-04-13 18:00:02,360] {standard_task_runner.py:52} INFO - Started process 146462 to run task
[2022-04-13 18:00:02,363] {standard_task_runner.py:76} INFO - Running: ['airflow', 'tasks', 'run', 'matchup', 'enter_virtual_env', '2022-04-13T12:00:00+00:00', '--job-id', '149', '--pool', 'default_pool', '--raw', '--subdir', 'DAGS_FOLDER/matchup.py', '--cfg-path', '/tmp/tmpxuyxv4h4', '--error-file', '/tmp/tmpfrqh_chd']
[2022-04-13 18:00:02,364] {standard_task_runner.py:77} INFO - Job 149: Subtask enter_virtual_env
[2022-04-13 18:00:02,394] {logging_mixin.py:104} INFO - Running <TaskInstance: matchup.enter_virtual_env 2022-04-13T12:00:00+00:00 [running]> on host 193e33218975
[2022-04-13 18:00:02,420] {taskinstance.py:1255} INFO - Exporting the following env vars:
AIRFLOW_CTX_DAG_EMAIL=r.chesne@gmail.com
AIRFLOW_CTX_DAG_OWNER=Robin
AIRFLOW_CTX_DAG_ID=matchup
AIRFLOW_CTX_TASK_ID=enter_virtual_env
AIRFLOW_CTX_EXECUTION_DATE=2022-04-13T12:00:00+00:00
AIRFLOW_CTX_DAG_RUN_ID=scheduled__2022-04-13T12:00:00+00:00
[2022-04-13 18:00:02,420] {bash.py:135} INFO - Tmp dir root location: 
 /tmp
[2022-04-13 18:00:02,421] {bash.py:158} INFO - Running command: . /app/env/bin/activate
[2022-04-13 18:00:02,429] {bash.py:169} INFO - Output:
[2022-04-13 18:00:02,434] {bash.py:177} INFO - Command exited with return code 0
[2022-04-13 18:00:02,447] {taskinstance.py:1159} INFO - Marking task as SUCCESS. dag_id=matchup, task_id=enter_virtual_env, execution_date=20220413T120000, start_date=20220413T180002, end_date=20220413T180002
[2022-04-13 18:00:02,467] {taskinstance.py:1220} INFO - 1 downstream tasks scheduled from follow-on schedule check
[2022-04-13 18:00:02,494] {local_task_job.py:146} INFO - Task exited with return code 0
