[2022-03-16 06:02:10,928] {taskinstance.py:851} INFO - Dependencies all met for <TaskInstance: matchup.run_script 2022-03-16T00:00:00+00:00 [queued]>
[2022-03-16 06:02:10,932] {taskinstance.py:851} INFO - Dependencies all met for <TaskInstance: matchup.run_script 2022-03-16T00:00:00+00:00 [queued]>
[2022-03-16 06:02:10,932] {taskinstance.py:1042} INFO - 
--------------------------------------------------------------------------------
[2022-03-16 06:02:10,932] {taskinstance.py:1043} INFO - Starting attempt 3 of 6
[2022-03-16 06:02:10,932] {taskinstance.py:1044} INFO - 
--------------------------------------------------------------------------------
[2022-03-16 06:02:10,939] {taskinstance.py:1063} INFO - Executing <Task(BashOperator): run_script> on 2022-03-16T00:00:00+00:00
[2022-03-16 06:02:10,942] {standard_task_runner.py:52} INFO - Started process 365298 to run task
[2022-03-16 06:02:10,949] {standard_task_runner.py:76} INFO - Running: ['airflow', 'tasks', 'run', 'matchup', 'run_script', '2022-03-16T00:00:00+00:00', '--job-id', '333', '--pool', 'default_pool', '--raw', '--subdir', 'DAGS_FOLDER/matchup.py', '--cfg-path', '/tmp/tmpoxuvpjp4', '--error-file', '/tmp/tmpl7i8m1t8']
[2022-03-16 06:02:10,950] {standard_task_runner.py:77} INFO - Job 333: Subtask run_script
[2022-03-16 06:02:10,981] {logging_mixin.py:104} INFO - Running <TaskInstance: matchup.run_script 2022-03-16T00:00:00+00:00 [running]> on host 531edfb863fc
[2022-03-16 06:02:10,997] {taskinstance.py:1255} INFO - Exporting the following env vars:
AIRFLOW_CTX_DAG_EMAIL=r.chesne@gmail.com
AIRFLOW_CTX_DAG_OWNER=Robin
AIRFLOW_CTX_DAG_ID=matchup
AIRFLOW_CTX_TASK_ID=run_script
AIRFLOW_CTX_EXECUTION_DATE=2022-03-16T00:00:00+00:00
AIRFLOW_CTX_DAG_RUN_ID=scheduled__2022-03-16T00:00:00+00:00
[2022-03-16 06:02:10,997] {bash.py:135} INFO - Tmp dir root location: 
 /tmp
[2022-03-16 06:02:10,998] {bash.py:158} INFO - Running command: python /app/scripts/main.py
[2022-03-16 06:02:11,006] {bash.py:169} INFO - Output:
[2022-03-16 06:02:13,878] {bash.py:173} INFO - Spain
[2022-03-16 06:02:13,878] {bash.py:173} INFO - 21979
[2022-03-16 06:02:13,878] {bash.py:173} INFO - Portugal
[2022-03-16 06:02:13,878] {bash.py:173} INFO - 2887
[2022-03-16 06:02:13,878] {bash.py:173} INFO - Spain: CO2 226, mix [('gas', 6740, '31'), ('wind', 5869, '27'), ('nuclear', 5461, '25')]
[2022-03-16 06:02:13,878] {bash.py:173} INFO - Portugal: CO2 300, mix [('gas', 1482, '51'), ('wind', 567, '20'), ('biomass', 383, '13')]
[2022-03-16 06:02:13,878] {bash.py:173} INFO - Sweden
[2022-03-16 06:02:13,878] {bash.py:173} INFO - 17527
[2022-03-16 06:02:13,878] {bash.py:173} INFO - Denmark
[2022-03-16 06:02:13,879] {bash.py:173} INFO - 3580
[2022-03-16 06:02:13,879] {bash.py:173} INFO - Sweden: CO2 47, mix [('hydro', 7108, '41'), ('nuclear', 5738, '33'), ('wind', 2704, '15')]
[2022-03-16 06:02:13,879] {bash.py:173} INFO - Denmark: CO2 268, mix [('hydro', 1195, '33'), ('coal', 793, '22'), ('biomass', 598, '17')]
[2022-03-16 06:02:13,879] {bash.py:173} INFO - Hungary
[2022-03-16 06:02:13,879] {bash.py:173} INFO - 3739
[2022-03-16 06:02:13,879] {bash.py:173} INFO - UK
[2022-03-16 06:02:13,879] {bash.py:173} INFO - 24340
[2022-03-16 06:02:13,879] {bash.py:173} INFO - Hungary: CO2 236, mix [('nuclear', 1793, '48'), ('gas', 961, '26'), ('coal', 346, '9')]
[2022-03-16 06:02:13,879] {bash.py:173} INFO - UK: CO2 255, mix [('gas', 11331, '47'), ('nuclear', 4818, '20'), ('wind', 4811, '20')]
[2022-03-16 06:02:13,920] {bash.py:177} INFO - Command exited with return code 0
[2022-03-16 06:02:13,938] {taskinstance.py:1159} INFO - Marking task as SUCCESS. dag_id=matchup, task_id=run_script, execution_date=20220316T000000, start_date=20220316T060210, end_date=20220316T060213
[2022-03-16 06:02:13,953] {taskinstance.py:1220} INFO - 0 downstream tasks scheduled from follow-on schedule check
[2022-03-16 06:02:13,970] {local_task_job.py:146} INFO - Task exited with return code 0
