[2022-07-10 06:00:04,797] {taskinstance.py:851} INFO - Dependencies all met for <TaskInstance: matchup.run_script 2022-07-10T00:00:00+00:00 [queued]>
[2022-07-10 06:00:04,806] {taskinstance.py:851} INFO - Dependencies all met for <TaskInstance: matchup.run_script 2022-07-10T00:00:00+00:00 [queued]>
[2022-07-10 06:00:04,806] {taskinstance.py:1042} INFO - 
--------------------------------------------------------------------------------
[2022-07-10 06:00:04,806] {taskinstance.py:1043} INFO - Starting attempt 1 of 6
[2022-07-10 06:00:04,806] {taskinstance.py:1044} INFO - 
--------------------------------------------------------------------------------
[2022-07-10 06:00:04,815] {taskinstance.py:1063} INFO - Executing <Task(BashOperator): run_script> on 2022-07-10T00:00:00+00:00
[2022-07-10 06:00:04,819] {standard_task_runner.py:52} INFO - Started process 19897 to run task
[2022-07-10 06:00:04,824] {standard_task_runner.py:76} INFO - Running: ['airflow', 'tasks', 'run', 'matchup', 'run_script', '2022-07-10T00:00:00+00:00', '--job-id', '1554', '--pool', 'default_pool', '--raw', '--subdir', 'DAGS_FOLDER/matchup.py', '--cfg-path', '/tmp/tmpl3yv8bsl', '--error-file', '/tmp/tmpz75tv3m4']
[2022-07-10 06:00:04,824] {standard_task_runner.py:77} INFO - Job 1554: Subtask run_script
[2022-07-10 06:00:04,857] {logging_mixin.py:104} INFO - Running <TaskInstance: matchup.run_script 2022-07-10T00:00:00+00:00 [running]> on host a41a09215c15
[2022-07-10 06:00:04,890] {taskinstance.py:1255} INFO - Exporting the following env vars:
AIRFLOW_CTX_DAG_EMAIL=r.chesne@gmail.com
AIRFLOW_CTX_DAG_OWNER=Robin
AIRFLOW_CTX_DAG_ID=matchup
AIRFLOW_CTX_TASK_ID=run_script
AIRFLOW_CTX_EXECUTION_DATE=2022-07-10T00:00:00+00:00
AIRFLOW_CTX_DAG_RUN_ID=scheduled__2022-07-10T00:00:00+00:00
[2022-07-10 06:00:04,890] {bash.py:135} INFO - Tmp dir root location: 
 /tmp
[2022-07-10 06:00:04,891] {bash.py:158} INFO - Running command: python /app/scripts/main.py
[2022-07-10 06:00:04,899] {bash.py:169} INFO - Output:
[2022-07-10 06:00:08,818] {bash.py:173} INFO - Spain
[2022-07-10 06:00:08,818] {bash.py:173} INFO - 23867
[2022-07-10 06:00:08,818] {bash.py:173} INFO - Italy
[2022-07-10 06:00:08,818] {bash.py:173} INFO - 24339
[2022-07-10 06:00:08,818] {bash.py:173} INFO - Spain: CO2 262, mix [('gas', 10217, '43'), ('nuclear', 6760, '28'), ('wind', 3492, '15')]
[2022-07-10 06:00:08,818] {bash.py:173} INFO - Italy: CO2 348, mix [('gas', 9145, '38'), ('hydro', 3931, '16'), ('wind', 2802, '12')]
[2022-07-10 06:00:08,818] {bash.py:173} INFO - Netherlands
[2022-07-10 06:00:08,818] {bash.py:173} INFO - 11189
[2022-07-10 06:00:08,818] {bash.py:173} INFO - Germany
[2022-07-10 06:00:08,818] {bash.py:173} INFO - 36143
[2022-07-10 06:00:08,819] {bash.py:173} INFO - Netherlands: CO2 415, mix [('gas', 7084, '63'), ('wind', 1748, '16'), ('coal', 1191, '11')]
[2022-07-10 06:00:08,819] {bash.py:173} INFO - Germany: CO2 255, mix [('wind', 15205, '42'), ('coal', 8176, '23'), ('biomass', 4269, '12')]
[2022-07-10 06:00:08,819] {bash.py:173} INFO - Finland
[2022-07-10 06:00:08,819] {bash.py:173} INFO - 6639
[2022-07-10 06:00:08,819] {bash.py:173} INFO - Sweden
[2022-07-10 06:00:08,819] {bash.py:173} INFO - 9809
[2022-07-10 06:00:08,819] {bash.py:173} INFO - Finland: CO2 68, mix [('nuclear', 3521, '53'), ('hydro', 1606, '24'), ('wind', 646, '10')]
[2022-07-10 06:00:08,819] {bash.py:173} INFO - Sweden: CO2 23, mix [('hydro', 4000, '41'), ('nuclear', 3810, '39'), ('wind', 1707, '17')]
[2022-07-10 06:00:08,859] {bash.py:177} INFO - Command exited with return code 0
[2022-07-10 06:00:08,874] {taskinstance.py:1159} INFO - Marking task as SUCCESS. dag_id=matchup, task_id=run_script, execution_date=20220710T000000, start_date=20220710T060004, end_date=20220710T060008
[2022-07-10 06:00:08,887] {taskinstance.py:1220} INFO - 0 downstream tasks scheduled from follow-on schedule check
[2022-07-10 06:00:08,930] {local_task_job.py:146} INFO - Task exited with return code 0
