[2022-04-27 06:00:03,369] {taskinstance.py:851} INFO - Dependencies all met for <TaskInstance: matchup.run_script 2022-04-27T00:00:00+00:00 [queued]>
[2022-04-27 06:00:03,373] {taskinstance.py:851} INFO - Dependencies all met for <TaskInstance: matchup.run_script 2022-04-27T00:00:00+00:00 [queued]>
[2022-04-27 06:00:03,373] {taskinstance.py:1042} INFO - 
--------------------------------------------------------------------------------
[2022-04-27 06:00:03,373] {taskinstance.py:1043} INFO - Starting attempt 1 of 6
[2022-04-27 06:00:03,373] {taskinstance.py:1044} INFO - 
--------------------------------------------------------------------------------
[2022-04-27 06:00:03,379] {taskinstance.py:1063} INFO - Executing <Task(BashOperator): run_script> on 2022-04-27T00:00:00+00:00
[2022-04-27 06:00:03,382] {standard_task_runner.py:52} INFO - Started process 338876 to run task
[2022-04-27 06:00:03,388] {standard_task_runner.py:76} INFO - Running: ['airflow', 'tasks', 'run', 'matchup', 'run_script', '2022-04-27T00:00:00+00:00', '--job-id', '305', '--pool', 'default_pool', '--raw', '--subdir', 'DAGS_FOLDER/matchup.py', '--cfg-path', '/tmp/tmpiqj99x6u', '--error-file', '/tmp/tmpgawgd32_']
[2022-04-27 06:00:03,389] {standard_task_runner.py:77} INFO - Job 305: Subtask run_script
[2022-04-27 06:00:03,421] {logging_mixin.py:104} INFO - Running <TaskInstance: matchup.run_script 2022-04-27T00:00:00+00:00 [running]> on host 193e33218975
[2022-04-27 06:00:03,451] {taskinstance.py:1255} INFO - Exporting the following env vars:
AIRFLOW_CTX_DAG_EMAIL=r.chesne@gmail.com
AIRFLOW_CTX_DAG_OWNER=Robin
AIRFLOW_CTX_DAG_ID=matchup
AIRFLOW_CTX_TASK_ID=run_script
AIRFLOW_CTX_EXECUTION_DATE=2022-04-27T00:00:00+00:00
AIRFLOW_CTX_DAG_RUN_ID=scheduled__2022-04-27T00:00:00+00:00
[2022-04-27 06:00:03,451] {bash.py:135} INFO - Tmp dir root location: 
 /tmp
[2022-04-27 06:00:03,451] {bash.py:158} INFO - Running command: python /app/scripts/main.py
[2022-04-27 06:00:03,458] {bash.py:169} INFO - Output:
[2022-04-27 06:00:07,265] {bash.py:173} INFO - Portugal
[2022-04-27 06:00:07,266] {bash.py:173} INFO - 4622
[2022-04-27 06:00:07,266] {bash.py:173} INFO - Spain
[2022-04-27 06:00:07,266] {bash.py:173} INFO - 31329
[2022-04-27 06:00:07,266] {bash.py:173} INFO - Portugal: CO2 356, mix [('gas', 3043, '66'), ('hydro', 566, '12'), ('wind', 417, '9')]
[2022-04-27 06:00:07,266] {bash.py:173} INFO - Spain: CO2 164, mix [('wind', 10197, '33'), ('gas', 7056, '23'), ('nuclear', 6019, '19')]
[2022-04-27 06:00:07,266] {bash.py:173} INFO - Norway
[2022-04-27 06:00:07,266] {bash.py:173} INFO - 16735
[2022-04-27 06:00:07,266] {bash.py:173} INFO - Denmark
[2022-04-27 06:00:07,266] {bash.py:173} INFO - 7037
[2022-04-27 06:00:07,266] {bash.py:173} INFO - Norway: CO2 32, mix [('hydro', 14959, '89'), ('wind', 1200, '7'), ('hydro discharge', 266, '2')]
[2022-04-27 06:00:07,266] {bash.py:173} INFO - Denmark: CO2 158, mix [('wind', 3478, '49'), ('hydro', 997, '14'), ('biomass', 727, '10')]
[2022-04-27 06:00:07,266] {bash.py:173} INFO - Germany
[2022-04-27 06:00:07,266] {bash.py:173} INFO - 77709
[2022-04-27 06:00:07,266] {bash.py:173} INFO - UK
[2022-04-27 06:00:07,267] {bash.py:173} INFO - 28806
[2022-04-27 06:00:07,267] {bash.py:173} INFO - Germany: CO2 272, mix [('wind', 34056, '44'), ('coal', 18230, '23'), ('gas', 5837, '8')]
[2022-04-27 06:00:07,267] {bash.py:173} INFO - UK: CO2 235, mix [('gas', 10770, '37'), ('wind', 9385, '33'), ('nuclear', 4911, '17')]
[2022-04-27 06:00:07,304] {bash.py:177} INFO - Command exited with return code 0
[2022-04-27 06:00:07,322] {taskinstance.py:1159} INFO - Marking task as SUCCESS. dag_id=matchup, task_id=run_script, execution_date=20220427T000000, start_date=20220427T060003, end_date=20220427T060007
[2022-04-27 06:00:07,337] {taskinstance.py:1220} INFO - 0 downstream tasks scheduled from follow-on schedule check
[2022-04-27 06:00:07,374] {local_task_job.py:146} INFO - Task exited with return code 0
