[2022-07-12 06:00:04,821] {taskinstance.py:851} INFO - Dependencies all met for <TaskInstance: matchup.run_script 2022-07-12T00:00:00+00:00 [queued]>
[2022-07-12 06:00:04,829] {taskinstance.py:851} INFO - Dependencies all met for <TaskInstance: matchup.run_script 2022-07-12T00:00:00+00:00 [queued]>
[2022-07-12 06:00:04,829] {taskinstance.py:1042} INFO - 
--------------------------------------------------------------------------------
[2022-07-12 06:00:04,830] {taskinstance.py:1043} INFO - Starting attempt 1 of 6
[2022-07-12 06:00:04,830] {taskinstance.py:1044} INFO - 
--------------------------------------------------------------------------------
[2022-07-12 06:00:04,839] {taskinstance.py:1063} INFO - Executing <Task(BashOperator): run_script> on 2022-07-12T00:00:00+00:00
[2022-07-12 06:00:04,843] {standard_task_runner.py:52} INFO - Started process 25757 to run task
[2022-07-12 06:00:04,849] {standard_task_runner.py:76} INFO - Running: ['airflow', 'tasks', 'run', 'matchup', 'run_script', '2022-07-12T00:00:00+00:00', '--job-id', '1570', '--pool', 'default_pool', '--raw', '--subdir', 'DAGS_FOLDER/matchup.py', '--cfg-path', '/tmp/tmpuwknejs8', '--error-file', '/tmp/tmp6ikoo1e6']
[2022-07-12 06:00:04,849] {standard_task_runner.py:77} INFO - Job 1570: Subtask run_script
[2022-07-12 06:00:04,881] {logging_mixin.py:104} INFO - Running <TaskInstance: matchup.run_script 2022-07-12T00:00:00+00:00 [running]> on host a41a09215c15
[2022-07-12 06:00:04,912] {taskinstance.py:1255} INFO - Exporting the following env vars:
AIRFLOW_CTX_DAG_EMAIL=r.chesne@gmail.com
AIRFLOW_CTX_DAG_OWNER=Robin
AIRFLOW_CTX_DAG_ID=matchup
AIRFLOW_CTX_TASK_ID=run_script
AIRFLOW_CTX_EXECUTION_DATE=2022-07-12T00:00:00+00:00
AIRFLOW_CTX_DAG_RUN_ID=scheduled__2022-07-12T00:00:00+00:00
[2022-07-12 06:00:04,912] {bash.py:135} INFO - Tmp dir root location: 
 /tmp
[2022-07-12 06:00:04,913] {bash.py:158} INFO - Running command: python /app/scripts/main.py
[2022-07-12 06:00:04,919] {bash.py:169} INFO - Output:
[2022-07-12 06:00:09,481] {bash.py:173} INFO - Italy
[2022-07-12 06:00:09,482] {bash.py:173} INFO - 28346
[2022-07-12 06:00:09,482] {bash.py:173} INFO - Spain
[2022-07-12 06:00:09,482] {bash.py:173} INFO - 28388
[2022-07-12 06:00:09,482] {bash.py:173} INFO - Italy: CO2 419, mix [('gas', 15371, '54'), ('hydro', 3883, '14'), ('coal', 2853, '10')]
[2022-07-12 06:00:09,482] {bash.py:173} INFO - Spain: CO2 282, mix [('gas', 13885, '49'), ('nuclear', 6874, '24'), ('wind', 4563, '16')]
[2022-07-12 06:00:09,482] {bash.py:173} INFO - Germany
[2022-07-12 06:00:09,482] {bash.py:173} INFO - 51652
[2022-07-12 06:00:09,482] {bash.py:173} INFO - Netherlands
[2022-07-12 06:00:09,482] {bash.py:173} INFO - 11317
[2022-07-12 06:00:09,482] {bash.py:173} INFO - Germany: CO2 446, mix [('coal', 18833, '36'), ('gas', 11247, '22'), ('biomass', 5106, '10')]
[2022-07-12 06:00:09,482] {bash.py:173} INFO - Netherlands: CO2 484, mix [('gas', 8707, '77'), ('coal', 1295, '11'), ('nuclear', 607, '5')]
[2022-07-12 06:00:09,483] {bash.py:173} INFO - Finland
[2022-07-12 06:00:09,483] {bash.py:173} INFO - 7478
[2022-07-12 06:00:09,483] {bash.py:173} INFO - Denmark
[2022-07-12 06:00:09,483] {bash.py:173} INFO - 4850
[2022-07-12 06:00:09,483] {bash.py:173} INFO - Finland: CO2 91, mix [('hydro', 3163, '42'), ('nuclear', 2606, '35'), ('wind', 515, '7')]
[2022-07-12 06:00:09,483] {bash.py:173} INFO - Denmark: CO2 130, mix [('wind', 1678, '35'), ('hydro', 1469, '30'), ('nuclear', 510, '11')]
[2022-07-12 06:00:09,536] {bash.py:177} INFO - Command exited with return code 0
[2022-07-12 06:00:09,556] {taskinstance.py:1159} INFO - Marking task as SUCCESS. dag_id=matchup, task_id=run_script, execution_date=20220712T000000, start_date=20220712T060004, end_date=20220712T060009
[2022-07-12 06:00:09,572] {taskinstance.py:1220} INFO - 0 downstream tasks scheduled from follow-on schedule check
[2022-07-12 06:00:09,597] {local_task_job.py:146} INFO - Task exited with return code 0
