[2022-07-03 12:56:25,186] {taskinstance.py:851} INFO - Dependencies all met for <TaskInstance: matchup.run_script 2022-07-03T06:00:00+00:00 [queued]>
[2022-07-03 12:56:25,193] {taskinstance.py:851} INFO - Dependencies all met for <TaskInstance: matchup.run_script 2022-07-03T06:00:00+00:00 [queued]>
[2022-07-03 12:56:25,193] {taskinstance.py:1042} INFO - 
--------------------------------------------------------------------------------
[2022-07-03 12:56:25,193] {taskinstance.py:1043} INFO - Starting attempt 1 of 6
[2022-07-03 12:56:25,193] {taskinstance.py:1044} INFO - 
--------------------------------------------------------------------------------
[2022-07-03 12:56:25,202] {taskinstance.py:1063} INFO - Executing <Task(BashOperator): run_script> on 2022-07-03T06:00:00+00:00
[2022-07-03 12:56:25,205] {standard_task_runner.py:52} INFO - Started process 50 to run task
[2022-07-03 12:56:25,210] {standard_task_runner.py:76} INFO - Running: ['airflow', 'tasks', 'run', 'matchup', 'run_script', '2022-07-03T06:00:00+00:00', '--job-id', '1495', '--pool', 'default_pool', '--raw', '--subdir', 'DAGS_FOLDER/matchup.py', '--cfg-path', '/tmp/tmpfoejfj18', '--error-file', '/tmp/tmpufu2bu5v']
[2022-07-03 12:56:25,210] {standard_task_runner.py:77} INFO - Job 1495: Subtask run_script
[2022-07-03 12:56:25,243] {logging_mixin.py:104} INFO - Running <TaskInstance: matchup.run_script 2022-07-03T06:00:00+00:00 [running]> on host a41a09215c15
[2022-07-03 12:56:25,275] {taskinstance.py:1255} INFO - Exporting the following env vars:
AIRFLOW_CTX_DAG_EMAIL=r.chesne@gmail.com
AIRFLOW_CTX_DAG_OWNER=Robin
AIRFLOW_CTX_DAG_ID=matchup
AIRFLOW_CTX_TASK_ID=run_script
AIRFLOW_CTX_EXECUTION_DATE=2022-07-03T06:00:00+00:00
AIRFLOW_CTX_DAG_RUN_ID=scheduled__2022-07-03T06:00:00+00:00
[2022-07-03 12:56:25,276] {bash.py:135} INFO - Tmp dir root location: 
 /tmp
[2022-07-03 12:56:25,276] {bash.py:158} INFO - Running command: python /app/scripts/main.py
[2022-07-03 12:56:25,285] {bash.py:169} INFO - Output:
[2022-07-03 12:56:29,597] {bash.py:173} INFO - Greece
[2022-07-03 12:56:29,597] {bash.py:173} INFO - 5766
[2022-07-03 12:56:29,597] {bash.py:173} INFO - Italy
[2022-07-03 12:56:29,597] {bash.py:173} INFO - 33076
[2022-07-03 12:56:29,597] {bash.py:173} INFO - Greece: CO2 255, mix [('solar', 2017, '35'), ('gas', 1829, '32'), ('wind', 1049, '18')]
[2022-07-03 12:56:29,597] {bash.py:173} INFO - Italy: CO2 320, mix [('gas', 13605, '41'), ('solar', 8518, '26'), ('wind', 2666, '8')]
[2022-07-03 12:56:29,597] {bash.py:173} INFO - Denmark
[2022-07-03 12:56:29,597] {bash.py:173} INFO - 5820
[2022-07-03 12:56:29,598] {bash.py:173} INFO - Finland
[2022-07-03 12:56:29,598] {bash.py:173} INFO - 9511
[2022-07-03 12:56:29,598] {bash.py:173} INFO - Denmark: CO2 181, mix [('wind', 2220, '38'), ('solar', 1010, '17'), ('coal', 772, '13')]
[2022-07-03 12:56:29,598] {bash.py:173} INFO - Finland: CO2 128, mix [('nuclear', 3228, '34'), ('hydro', 2668, '28'), ('wind', 1536, '16')]
[2022-07-03 12:56:29,598] {bash.py:173} INFO - Germany
[2022-07-03 12:56:29,598] {bash.py:173} INFO - 61416
[2022-07-03 12:56:29,598] {bash.py:173} INFO - France
[2022-07-03 12:56:29,598] {bash.py:173} INFO - 43098
[2022-07-03 12:56:29,598] {bash.py:173} INFO - Germany: CO2 281, mix [('solar', 18167, '30'), ('coal', 14861, '24'), ('wind', 13268, '22')]
[2022-07-03 12:56:29,598] {bash.py:173} INFO - France: CO2 49, mix [('nuclear', 24581, '57'), ('solar', 9905, '23'), ('hydro', 3553, '8')]
[2022-07-03 12:56:29,646] {bash.py:177} INFO - Command exited with return code 0
[2022-07-03 12:56:29,662] {taskinstance.py:1159} INFO - Marking task as SUCCESS. dag_id=matchup, task_id=run_script, execution_date=20220703T060000, start_date=20220703T125625, end_date=20220703T125629
[2022-07-03 12:56:29,679] {taskinstance.py:1220} INFO - 0 downstream tasks scheduled from follow-on schedule check
[2022-07-03 12:56:29,685] {local_task_job.py:146} INFO - Task exited with return code 0
