[2022-06-23 12:00:03,851] {taskinstance.py:851} INFO - Dependencies all met for <TaskInstance: matchup.run_script 2022-06-23T06:00:00+00:00 [queued]>
[2022-06-23 12:00:03,859] {taskinstance.py:851} INFO - Dependencies all met for <TaskInstance: matchup.run_script 2022-06-23T06:00:00+00:00 [queued]>
[2022-06-23 12:00:03,859] {taskinstance.py:1042} INFO - 
--------------------------------------------------------------------------------
[2022-06-23 12:00:03,859] {taskinstance.py:1043} INFO - Starting attempt 1 of 6
[2022-06-23 12:00:03,859] {taskinstance.py:1044} INFO - 
--------------------------------------------------------------------------------
[2022-06-23 12:00:03,870] {taskinstance.py:1063} INFO - Executing <Task(BashOperator): run_script> on 2022-06-23T06:00:00+00:00
[2022-06-23 12:00:03,872] {standard_task_runner.py:52} INFO - Started process 29292 to run task
[2022-06-23 12:00:03,875] {standard_task_runner.py:76} INFO - Running: ['airflow', 'tasks', 'run', 'matchup', 'run_script', '2022-06-23T06:00:00+00:00', '--job-id', '1427', '--pool', 'default_pool', '--raw', '--subdir', 'DAGS_FOLDER/matchup.py', '--cfg-path', '/tmp/tmpi8reibmk', '--error-file', '/tmp/tmpv9r5kv87']
[2022-06-23 12:00:03,876] {standard_task_runner.py:77} INFO - Job 1427: Subtask run_script
[2022-06-23 12:00:03,903] {logging_mixin.py:104} INFO - Running <TaskInstance: matchup.run_script 2022-06-23T06:00:00+00:00 [running]> on host b5b34dd97903
[2022-06-23 12:00:03,939] {taskinstance.py:1255} INFO - Exporting the following env vars:
AIRFLOW_CTX_DAG_EMAIL=r.chesne@gmail.com
AIRFLOW_CTX_DAG_OWNER=Robin
AIRFLOW_CTX_DAG_ID=matchup
AIRFLOW_CTX_TASK_ID=run_script
AIRFLOW_CTX_EXECUTION_DATE=2022-06-23T06:00:00+00:00
AIRFLOW_CTX_DAG_RUN_ID=scheduled__2022-06-23T06:00:00+00:00
[2022-06-23 12:00:03,939] {bash.py:135} INFO - Tmp dir root location: 
 /tmp
[2022-06-23 12:00:03,939] {bash.py:158} INFO - Running command: python /app/scripts/main.py
[2022-06-23 12:00:03,948] {bash.py:169} INFO - Output:
[2022-06-23 12:00:07,735] {bash.py:173} INFO - Italy
[2022-06-23 12:00:07,735] {bash.py:173} INFO - 39527
[2022-06-23 12:00:07,735] {bash.py:173} INFO - Spain
[2022-06-23 12:00:07,735] {bash.py:173} INFO - 34969
[2022-06-23 12:00:07,735] {bash.py:173} INFO - Italy: CO2 301, mix [('gas', 14990, '38'), ('solar', 10426, '26'), ('hydro', 4923, '12')]
[2022-06-23 12:00:07,735] {bash.py:173} INFO - Spain: CO2 218, mix [('gas', 11377, '33'), ('solar', 10227, '29'), ('nuclear', 6500, '19')]
[2022-06-23 12:00:07,735] {bash.py:173} INFO - Denmark
[2022-06-23 12:00:07,735] {bash.py:173} INFO - 5457
[2022-06-23 12:00:07,735] {bash.py:173} INFO - Sweden
[2022-06-23 12:00:07,735] {bash.py:173} INFO - 12367
[2022-06-23 12:00:07,735] {bash.py:173} INFO - Denmark: CO2 109, mix [('hydro', 1851, '34'), ('wind', 1416, '26'), ('solar', 770, '14')]
[2022-06-23 12:00:07,735] {bash.py:173} INFO - Sweden: CO2 28, mix [('hydro', 6603, '53'), ('nuclear', 3670, '30'), ('wind', 1285, '10')]
[2022-06-23 12:00:07,735] {bash.py:173} INFO - Germany
[2022-06-23 12:00:07,735] {bash.py:173} INFO - 68710
[2022-06-23 12:00:07,735] {bash.py:173} INFO - UK
[2022-06-23 12:00:07,735] {bash.py:173} INFO - 31513
[2022-06-23 12:00:07,735] {bash.py:173} INFO - Germany: CO2 304, mix [('solar', 31317, '46'), ('coal', 18029, '26'), ('gas', 6819, '10')]
[2022-06-23 12:00:07,735] {bash.py:173} INFO - UK: CO2 255, mix [('gas', 14101, '45'), ('nuclear', 5509, '17'), ('solar', 5256, '17')]
[2022-06-23 12:00:07,769] {bash.py:177} INFO - Command exited with return code 0
[2022-06-23 12:00:07,781] {taskinstance.py:1159} INFO - Marking task as SUCCESS. dag_id=matchup, task_id=run_script, execution_date=20220623T060000, start_date=20220623T120003, end_date=20220623T120007
[2022-06-23 12:00:07,793] {taskinstance.py:1220} INFO - 0 downstream tasks scheduled from follow-on schedule check
[2022-06-23 12:00:07,801] {local_task_job.py:146} INFO - Task exited with return code 0
