[2022-04-13 00:00:03,922] {taskinstance.py:851} INFO - Dependencies all met for <TaskInstance: matchup.run_script 2022-04-12T18:00:00+00:00 [queued]>
[2022-04-13 00:00:03,927] {taskinstance.py:851} INFO - Dependencies all met for <TaskInstance: matchup.run_script 2022-04-12T18:00:00+00:00 [queued]>
[2022-04-13 00:00:03,927] {taskinstance.py:1042} INFO - 
--------------------------------------------------------------------------------
[2022-04-13 00:00:03,927] {taskinstance.py:1043} INFO - Starting attempt 1 of 6
[2022-04-13 00:00:03,927] {taskinstance.py:1044} INFO - 
--------------------------------------------------------------------------------
[2022-04-13 00:00:03,933] {taskinstance.py:1063} INFO - Executing <Task(BashOperator): run_script> on 2022-04-12T18:00:00+00:00
[2022-04-13 00:00:03,936] {standard_task_runner.py:52} INFO - Started process 135791 to run task
[2022-04-13 00:00:03,943] {standard_task_runner.py:76} INFO - Running: ['airflow', 'tasks', 'run', 'matchup', 'run_script', '2022-04-12T18:00:00+00:00', '--job-id', '143', '--pool', 'default_pool', '--raw', '--subdir', 'DAGS_FOLDER/matchup.py', '--cfg-path', '/tmp/tmpz_90b0o4', '--error-file', '/tmp/tmpk4x5oq5z']
[2022-04-13 00:00:03,944] {standard_task_runner.py:77} INFO - Job 143: Subtask run_script
[2022-04-13 00:00:03,972] {logging_mixin.py:104} INFO - Running <TaskInstance: matchup.run_script 2022-04-12T18:00:00+00:00 [running]> on host 193e33218975
[2022-04-13 00:00:03,992] {taskinstance.py:1255} INFO - Exporting the following env vars:
AIRFLOW_CTX_DAG_EMAIL=r.chesne@gmail.com
AIRFLOW_CTX_DAG_OWNER=Robin
AIRFLOW_CTX_DAG_ID=matchup
AIRFLOW_CTX_TASK_ID=run_script
AIRFLOW_CTX_EXECUTION_DATE=2022-04-12T18:00:00+00:00
AIRFLOW_CTX_DAG_RUN_ID=scheduled__2022-04-12T18:00:00+00:00
[2022-04-13 00:00:03,993] {bash.py:135} INFO - Tmp dir root location: 
 /tmp
[2022-04-13 00:00:03,993] {bash.py:158} INFO - Running command: python /app/scripts/main.py
[2022-04-13 00:00:04,002] {bash.py:169} INFO - Output:
[2022-04-13 00:00:08,096] {bash.py:173} INFO - Spain
[2022-04-13 00:00:08,097] {bash.py:173} INFO - 26039
[2022-04-13 00:00:08,097] {bash.py:173} INFO - Italy
[2022-04-13 00:00:08,097] {bash.py:173} INFO - 29797
[2022-04-13 00:00:08,097] {bash.py:173} INFO - Spain: CO2 258, mix [('gas', 10333, '40'), ('nuclear', 6310, '24'), ('hydro', 4198, '16')]
[2022-04-13 00:00:08,097] {bash.py:173} INFO - Italy: CO2 443, mix [('gas', 16606, '56'), ('coal', 3965, '13'), ('hydro', 2239, '8')]
[2022-04-13 00:00:08,097] {bash.py:173} INFO - Denmark
[2022-04-13 00:00:08,097] {bash.py:173} INFO - 3883
[2022-04-13 00:00:08,097] {bash.py:173} INFO - Finland
[2022-04-13 00:00:08,097] {bash.py:173} INFO - 8279
[2022-04-13 00:00:08,097] {bash.py:173} INFO - Denmark: CO2 133, mix [('wind', 2273, '59'), ('biomass', 398, '10'), ('hydro', 369, '10')]
[2022-04-13 00:00:08,098] {bash.py:173} INFO - Finland: CO2 170, mix [('nuclear', 3757, '45'), ('hydro', 1643, '20'), ('unknown', 949, '11')]
[2022-04-13 00:00:08,098] {bash.py:173} INFO - UK
[2022-04-13 00:00:08,098] {bash.py:173} INFO - 29167
[2022-04-13 00:00:08,098] {bash.py:173} INFO - Germany
[2022-04-13 00:00:08,098] {bash.py:173} INFO - 49041
[2022-04-13 00:00:08,098] {bash.py:173} INFO - UK: CO2 292, mix [('gas', 15206, '52'), ('nuclear', 5455, '19'), ('wind', 5343, '18')]
[2022-04-13 00:00:08,098] {bash.py:173} INFO - Germany: CO2 337, mix [('wind', 19424, '40'), ('coal', 15571, '32'), ('biomass', 4345, '9')]
[2022-04-13 00:00:08,132] {bash.py:177} INFO - Command exited with return code 0
[2022-04-13 00:00:08,146] {taskinstance.py:1159} INFO - Marking task as SUCCESS. dag_id=matchup, task_id=run_script, execution_date=20220412T180000, start_date=20220413T000003, end_date=20220413T000008
[2022-04-13 00:00:08,164] {taskinstance.py:1220} INFO - 0 downstream tasks scheduled from follow-on schedule check
[2022-04-13 00:00:08,207] {local_task_job.py:146} INFO - Task exited with return code 0
