[2022-06-30 12:00:03,828] {taskinstance.py:851} INFO - Dependencies all met for <TaskInstance: matchup.run_script 2022-06-30T06:00:00+00:00 [queued]>
[2022-06-30 12:00:03,832] {taskinstance.py:851} INFO - Dependencies all met for <TaskInstance: matchup.run_script 2022-06-30T06:00:00+00:00 [queued]>
[2022-06-30 12:00:03,833] {taskinstance.py:1042} INFO - 
--------------------------------------------------------------------------------
[2022-06-30 12:00:03,833] {taskinstance.py:1043} INFO - Starting attempt 1 of 6
[2022-06-30 12:00:03,833] {taskinstance.py:1044} INFO - 
--------------------------------------------------------------------------------
[2022-06-30 12:00:03,841] {taskinstance.py:1063} INFO - Executing <Task(BashOperator): run_script> on 2022-06-30T06:00:00+00:00
[2022-06-30 12:00:03,843] {standard_task_runner.py:52} INFO - Started process 129031 to run task
[2022-06-30 12:00:03,846] {standard_task_runner.py:76} INFO - Running: ['airflow', 'tasks', 'run', 'matchup', 'run_script', '2022-06-30T06:00:00+00:00', '--job-id', '1483', '--pool', 'default_pool', '--raw', '--subdir', 'DAGS_FOLDER/matchup.py', '--cfg-path', '/tmp/tmphp6exybl', '--error-file', '/tmp/tmpu8z767zi']
[2022-06-30 12:00:03,846] {standard_task_runner.py:77} INFO - Job 1483: Subtask run_script
[2022-06-30 12:00:03,871] {logging_mixin.py:104} INFO - Running <TaskInstance: matchup.run_script 2022-06-30T06:00:00+00:00 [running]> on host b5b34dd97903
[2022-06-30 12:00:03,901] {taskinstance.py:1255} INFO - Exporting the following env vars:
AIRFLOW_CTX_DAG_EMAIL=r.chesne@gmail.com
AIRFLOW_CTX_DAG_OWNER=Robin
AIRFLOW_CTX_DAG_ID=matchup
AIRFLOW_CTX_TASK_ID=run_script
AIRFLOW_CTX_EXECUTION_DATE=2022-06-30T06:00:00+00:00
AIRFLOW_CTX_DAG_RUN_ID=scheduled__2022-06-30T06:00:00+00:00
[2022-06-30 12:00:03,902] {bash.py:135} INFO - Tmp dir root location: 
 /tmp
[2022-06-30 12:00:03,902] {bash.py:158} INFO - Running command: python /app/scripts/main.py
[2022-06-30 12:00:03,907] {bash.py:169} INFO - Output:
[2022-06-30 12:00:07,522] {bash.py:173} INFO - Italy
[2022-06-30 12:00:07,522] {bash.py:173} INFO - 37823
[2022-06-30 12:00:07,522] {bash.py:173} INFO - Portugal
[2022-06-30 12:00:07,522] {bash.py:173} INFO - 4672
[2022-06-30 12:00:07,522] {bash.py:173} INFO - Italy: CO2 326, mix [('gas', 16107, '43'), ('solar', 9895, '26'), ('hydro', 4117, '11')]
[2022-06-30 12:00:07,522] {bash.py:173} INFO - Portugal: CO2 282, mix [('gas', 2396, '51'), ('wind', 903, '19'), ('solar', 897, '19')]
[2022-06-30 12:00:07,522] {bash.py:173} INFO - Sweden
[2022-06-30 12:00:07,522] {bash.py:173} INFO - 13652
[2022-06-30 12:00:07,522] {bash.py:173} INFO - Finland
[2022-06-30 12:00:07,522] {bash.py:173} INFO - 8687
[2022-06-30 12:00:07,522] {bash.py:173} INFO - Sweden: CO2 32, mix [('hydro', 7035, '52'), ('nuclear', 3954, '29'), ('wind', 1589, '12')]
[2022-06-30 12:00:07,522] {bash.py:173} INFO - Finland: CO2 89, mix [('hydro', 3181, '37'), ('nuclear', 3043, '35'), ('wind', 1057, '12')]
[2022-06-30 12:00:07,522] {bash.py:173} INFO - Germany
[2022-06-30 12:00:07,522] {bash.py:173} INFO - 65510
[2022-06-30 12:00:07,522] {bash.py:173} INFO - France
[2022-06-30 12:00:07,522] {bash.py:173} INFO - 46464
[2022-06-30 12:00:07,523] {bash.py:173} INFO - Germany: CO2 285, mix [('solar', 26290, '40'), ('coal', 16121, '25'), ('wind', 7272, '11')]
[2022-06-30 12:00:07,523] {bash.py:173} INFO - France: CO2 72, mix [('nuclear', 27796, '60'), ('hydro', 5427, '12'), ('solar', 4924, '11')]
[2022-06-30 12:00:07,563] {bash.py:177} INFO - Command exited with return code 0
[2022-06-30 12:00:07,573] {taskinstance.py:1159} INFO - Marking task as SUCCESS. dag_id=matchup, task_id=run_script, execution_date=20220630T060000, start_date=20220630T120003, end_date=20220630T120007
[2022-06-30 12:00:07,583] {taskinstance.py:1220} INFO - 0 downstream tasks scheduled from follow-on schedule check
[2022-06-30 12:00:07,618] {local_task_job.py:146} INFO - Task exited with return code 0
