[2022-04-06 00:00:03,594] {taskinstance.py:851} INFO - Dependencies all met for <TaskInstance: matchup.run_script 2022-04-05T18:00:00+00:00 [queued]>
[2022-04-06 00:00:03,599] {taskinstance.py:851} INFO - Dependencies all met for <TaskInstance: matchup.run_script 2022-04-05T18:00:00+00:00 [queued]>
[2022-04-06 00:00:03,599] {taskinstance.py:1042} INFO - 
--------------------------------------------------------------------------------
[2022-04-06 00:00:03,599] {taskinstance.py:1043} INFO - Starting attempt 1 of 6
[2022-04-06 00:00:03,599] {taskinstance.py:1044} INFO - 
--------------------------------------------------------------------------------
[2022-04-06 00:00:03,605] {taskinstance.py:1063} INFO - Executing <Task(BashOperator): run_script> on 2022-04-05T18:00:00+00:00
[2022-04-06 00:00:03,607] {standard_task_runner.py:52} INFO - Started process 36016 to run task
[2022-04-06 00:00:03,611] {standard_task_runner.py:76} INFO - Running: ['airflow', 'tasks', 'run', 'matchup', 'run_script', '2022-04-05T18:00:00+00:00', '--job-id', '60', '--pool', 'default_pool', '--raw', '--subdir', 'DAGS_FOLDER/matchup.py', '--cfg-path', '/tmp/tmp3jdio2aq', '--error-file', '/tmp/tmpuf9wagnw']
[2022-04-06 00:00:03,611] {standard_task_runner.py:77} INFO - Job 60: Subtask run_script
[2022-04-06 00:00:03,634] {logging_mixin.py:104} INFO - Running <TaskInstance: matchup.run_script 2022-04-05T18:00:00+00:00 [running]> on host 193e33218975
[2022-04-06 00:00:03,653] {taskinstance.py:1255} INFO - Exporting the following env vars:
AIRFLOW_CTX_DAG_EMAIL=r.chesne@gmail.com
AIRFLOW_CTX_DAG_OWNER=Robin
AIRFLOW_CTX_DAG_ID=matchup
AIRFLOW_CTX_TASK_ID=run_script
AIRFLOW_CTX_EXECUTION_DATE=2022-04-05T18:00:00+00:00
AIRFLOW_CTX_DAG_RUN_ID=scheduled__2022-04-05T18:00:00+00:00
[2022-04-06 00:00:03,654] {bash.py:135} INFO - Tmp dir root location: 
 /tmp
[2022-04-06 00:00:03,654] {bash.py:158} INFO - Running command: python /app/scripts/main.py
[2022-04-06 00:00:03,661] {bash.py:169} INFO - Output:
[2022-04-06 00:00:08,030] {bash.py:173} INFO - Italy
[2022-04-06 00:00:08,031] {bash.py:173} INFO - 30739
[2022-04-06 00:00:08,031] {bash.py:173} INFO - Portugal
[2022-04-06 00:00:08,031] {bash.py:173} INFO - 4434
[2022-04-06 00:00:08,031] {bash.py:173} INFO - Italy: CO2 479, mix [('gas', 20994, '68'), ('coal', 2973, '10'), ('unknown', 2318, '8')]
[2022-04-06 00:00:08,031] {bash.py:173} INFO - Portugal: CO2 328, mix [('gas', 2677, '60'), ('hydro', 1052, '24'), ('biomass', 382, '9')]
[2022-04-06 00:00:08,031] {bash.py:173} INFO - Finland
[2022-04-06 00:00:08,031] {bash.py:173} INFO - 9288
[2022-04-06 00:00:08,031] {bash.py:173} INFO - Sweden
[2022-04-06 00:00:08,032] {bash.py:173} INFO - 16709
[2022-04-06 00:00:08,032] {bash.py:173} INFO - Finland: CO2 162, mix [('nuclear', 3534, '38'), ('wind', 2068, '22'), ('hydro', 1078, '12')]
[2022-04-06 00:00:08,032] {bash.py:173} INFO - Sweden: CO2 36, mix [('nuclear', 5351, '32'), ('wind', 5057, '30'), ('hydro', 5007, '30')]
[2022-04-06 00:00:08,032] {bash.py:173} INFO - France
[2022-04-06 00:00:08,032] {bash.py:173} INFO - 48488
[2022-04-06 00:00:08,032] {bash.py:173} INFO - UK
[2022-04-06 00:00:08,032] {bash.py:173} INFO - 27005
[2022-04-06 00:00:08,032] {bash.py:173} INFO - France: CO2 75, mix [('nuclear', 31955, '66'), ('gas', 5601, '12'), ('wind', 5218, '11')]
[2022-04-06 00:00:08,032] {bash.py:173} INFO - UK: CO2 172, mix [('wind', 11627, '43'), ('gas', 6982, '26'), ('nuclear', 5232, '19')]
[2022-04-06 00:00:08,067] {bash.py:177} INFO - Command exited with return code 0
[2022-04-06 00:00:08,084] {taskinstance.py:1159} INFO - Marking task as SUCCESS. dag_id=matchup, task_id=run_script, execution_date=20220405T180000, start_date=20220406T000003, end_date=20220406T000008
[2022-04-06 00:00:08,098] {taskinstance.py:1220} INFO - 0 downstream tasks scheduled from follow-on schedule check
[2022-04-06 00:00:08,120] {local_task_job.py:146} INFO - Task exited with return code 0
