[2022-02-18 12:59:31,234] {taskinstance.py:851} INFO - Dependencies all met for <TaskInstance: matchup.deactivate_virtual_env 2022-02-18T06:00:00+00:00 [queued]>
[2022-02-18 12:59:31,243] {taskinstance.py:851} INFO - Dependencies all met for <TaskInstance: matchup.deactivate_virtual_env 2022-02-18T06:00:00+00:00 [queued]>
[2022-02-18 12:59:31,244] {taskinstance.py:1042} INFO - 
--------------------------------------------------------------------------------
[2022-02-18 12:59:31,244] {taskinstance.py:1043} INFO - Starting attempt 1 of 2
[2022-02-18 12:59:31,244] {taskinstance.py:1044} INFO - 
--------------------------------------------------------------------------------
[2022-02-18 12:59:31,254] {taskinstance.py:1063} INFO - Executing <Task(BashOperator): deactivate_virtual_env> on 2022-02-18T06:00:00+00:00
[2022-02-18 12:59:31,259] {standard_task_runner.py:52} INFO - Started process 103 to run task
[2022-02-18 12:59:31,268] {standard_task_runner.py:76} INFO - Running: ['airflow', 'tasks', 'run', 'matchup', 'deactivate_virtual_env', '2022-02-18T06:00:00+00:00', '--job-id', '5', '--pool', 'default_pool', '--raw', '--subdir', 'DAGS_FOLDER/matchup.py', '--cfg-path', '/tmp/tmpuht592mt', '--error-file', '/tmp/tmpepm30co0']
[2022-02-18 12:59:31,268] {standard_task_runner.py:77} INFO - Job 5: Subtask deactivate_virtual_env
[2022-02-18 12:59:31,325] {logging_mixin.py:104} INFO - Running <TaskInstance: matchup.deactivate_virtual_env 2022-02-18T06:00:00+00:00 [running]> on host 531edfb863fc
[2022-02-18 12:59:31,362] {taskinstance.py:1255} INFO - Exporting the following env vars:
AIRFLOW_CTX_DAG_EMAIL=r.chesne@gmail.com
AIRFLOW_CTX_DAG_OWNER=Robin
AIRFLOW_CTX_DAG_ID=matchup
AIRFLOW_CTX_TASK_ID=deactivate_virtual_env
AIRFLOW_CTX_EXECUTION_DATE=2022-02-18T06:00:00+00:00
AIRFLOW_CTX_DAG_RUN_ID=scheduled__2022-02-18T06:00:00+00:00
[2022-02-18 12:59:31,363] {bash.py:135} INFO - Tmp dir root location: 
 /tmp
[2022-02-18 12:59:31,363] {bash.py:158} INFO - Running command: deactivate
[2022-02-18 12:59:31,372] {bash.py:169} INFO - Output:
[2022-02-18 12:59:31,374] {bash.py:173} INFO - bash: line 1: deactivate: command not found
[2022-02-18 12:59:31,375] {bash.py:177} INFO - Command exited with return code 127
[2022-02-18 12:59:31,383] {taskinstance.py:1455} ERROR - Bash command failed. The command returned a non-zero exit code.
Traceback (most recent call last):
  File "/app/env/lib/python3.8/site-packages/airflow/models/taskinstance.py", line 1112, in _run_raw_task
    self._prepare_and_execute_task_with_callbacks(context, task)
  File "/app/env/lib/python3.8/site-packages/airflow/models/taskinstance.py", line 1285, in _prepare_and_execute_task_with_callbacks
    result = self._execute_task(context, task_copy)
  File "/app/env/lib/python3.8/site-packages/airflow/models/taskinstance.py", line 1315, in _execute_task
    result = task_copy.execute(context=context)
  File "/app/env/lib/python3.8/site-packages/airflow/operators/bash.py", line 180, in execute
    raise AirflowException('Bash command failed. The command returned a non-zero exit code.')
airflow.exceptions.AirflowException: Bash command failed. The command returned a non-zero exit code.
[2022-02-18 12:59:31,386] {taskinstance.py:1496} INFO - Marking task as UP_FOR_RETRY. dag_id=matchup, task_id=deactivate_virtual_env, execution_date=20220218T060000, start_date=20220218T125931, end_date=20220218T125931
[2022-02-18 12:59:31,435] {local_task_job.py:146} INFO - Task exited with return code 1
