[2022-02-22 06:00:03,864] {taskinstance.py:851} INFO - Dependencies all met for <TaskInstance: matchup.run_script 2022-02-22T00:00:00+00:00 [queued]>
[2022-02-22 06:00:03,871] {taskinstance.py:851} INFO - Dependencies all met for <TaskInstance: matchup.run_script 2022-02-22T00:00:00+00:00 [queued]>
[2022-02-22 06:00:03,871] {taskinstance.py:1042} INFO - 
--------------------------------------------------------------------------------
[2022-02-22 06:00:03,871] {taskinstance.py:1043} INFO - Starting attempt 1 of 6
[2022-02-22 06:00:03,871] {taskinstance.py:1044} INFO - 
--------------------------------------------------------------------------------
[2022-02-22 06:00:03,881] {taskinstance.py:1063} INFO - Executing <Task(BashOperator): run_script> on 2022-02-22T00:00:00+00:00
[2022-02-22 06:00:03,884] {standard_task_runner.py:52} INFO - Started process 53026 to run task
[2022-02-22 06:00:03,891] {standard_task_runner.py:76} INFO - Running: ['airflow', 'tasks', 'run', 'matchup', 'run_script', '2022-02-22T00:00:00+00:00', '--job-id', '52', '--pool', 'default_pool', '--raw', '--subdir', 'DAGS_FOLDER/matchup.py', '--cfg-path', '/tmp/tmprptr0gy2', '--error-file', '/tmp/tmphj1b3c8z']
[2022-02-22 06:00:03,891] {standard_task_runner.py:77} INFO - Job 52: Subtask run_script
[2022-02-22 06:00:03,931] {logging_mixin.py:104} INFO - Running <TaskInstance: matchup.run_script 2022-02-22T00:00:00+00:00 [running]> on host 531edfb863fc
[2022-02-22 06:00:03,959] {taskinstance.py:1255} INFO - Exporting the following env vars:
AIRFLOW_CTX_DAG_EMAIL=r.chesne@gmail.com
AIRFLOW_CTX_DAG_OWNER=Robin
AIRFLOW_CTX_DAG_ID=matchup
AIRFLOW_CTX_TASK_ID=run_script
AIRFLOW_CTX_EXECUTION_DATE=2022-02-22T00:00:00+00:00
AIRFLOW_CTX_DAG_RUN_ID=scheduled__2022-02-22T00:00:00+00:00
[2022-02-22 06:00:03,960] {bash.py:135} INFO - Tmp dir root location: 
 /tmp
[2022-02-22 06:00:03,960] {bash.py:158} INFO - Running command: python /app/scripts/main.py
[2022-02-22 06:00:03,970] {bash.py:169} INFO - Output:
[2022-02-22 06:00:07,560] {bash.py:173} INFO - ---
[2022-02-22 06:00:07,561] {bash.py:173} INFO - sending...
[2022-02-22 06:00:07,561] {bash.py:173} INFO - Southern Europe Portugal Italy
[2022-02-22 06:00:07,561] {bash.py:173} INFO - ---
[2022-02-22 06:00:07,561] {bash.py:173} INFO - Portugal: CO2 169, mix [('wind', 2588, '60'), ('gas', 1099, '26'), ('biomass', 404, '9')]
[2022-02-22 06:00:07,561] {bash.py:173} INFO - Italy: CO2 290, mix [('gas', 8220, '39'), ('wind', 6230, '30'), ('coal', 2238, '11')]
[2022-02-22 06:00:07,562] {bash.py:173} INFO - ---
[2022-02-22 06:00:07,562] {bash.py:173} INFO - sending...
[2022-02-22 06:00:07,562] {bash.py:173} INFO - Northern Europe Finland Denmark
[2022-02-22 06:00:07,562] {bash.py:173} INFO - ---
[2022-02-22 06:00:07,562] {bash.py:173} INFO - Finland: CO2 193, mix [('nuclear', 2799, '35'), ('hydro', 1702, '21'), ('coal', 1313, '16')]
[2022-02-22 06:00:07,562] {bash.py:173} INFO - Denmark: CO2 168, mix [('wind', 2513, '63'), ('biomass', 730, '18'), ('coal', 505, '13')]
[2022-02-22 06:00:07,562] {bash.py:173} INFO - ---
[2022-02-22 06:00:07,562] {bash.py:173} INFO - sending...
[2022-02-22 06:00:07,562] {bash.py:173} INFO - Central Europe Germany France
[2022-02-22 06:00:07,563] {bash.py:173} INFO - ---
[2022-02-22 06:00:07,563] {bash.py:173} INFO - Germany: CO2 243, mix [('wind', 37003, '55'), ('coal', 14729, '22'), ('biomass', 5179, '8')]
[2022-02-22 06:00:07,563] {bash.py:173} INFO - France: CO2 70, mix [('nuclear', 42463, '70'), ('hydro', 5989, '10'), ('wind', 5381, '9')]
[2022-02-22 06:00:07,617] {bash.py:177} INFO - Command exited with return code 0
[2022-02-22 06:00:07,639] {taskinstance.py:1159} INFO - Marking task as SUCCESS. dag_id=matchup, task_id=run_script, execution_date=20220222T000000, start_date=20220222T060003, end_date=20220222T060007
[2022-02-22 06:00:07,659] {taskinstance.py:1220} INFO - 0 downstream tasks scheduled from follow-on schedule check
[2022-02-22 06:00:07,678] {local_task_job.py:146} INFO - Task exited with return code 0
