[2022-03-15 06:05:13,597] {taskinstance.py:851} INFO - Dependencies all met for <TaskInstance: matchup.run_script 2022-03-15T00:00:00+00:00 [queued]>
[2022-03-15 06:05:13,606] {taskinstance.py:851} INFO - Dependencies all met for <TaskInstance: matchup.run_script 2022-03-15T00:00:00+00:00 [queued]>
[2022-03-15 06:05:13,606] {taskinstance.py:1042} INFO - 
--------------------------------------------------------------------------------
[2022-03-15 06:05:13,607] {taskinstance.py:1043} INFO - Starting attempt 6 of 6
[2022-03-15 06:05:13,607] {taskinstance.py:1044} INFO - 
--------------------------------------------------------------------------------
[2022-03-15 06:05:13,617] {taskinstance.py:1063} INFO - Executing <Task(BashOperator): run_script> on 2022-03-15T00:00:00+00:00
[2022-03-15 06:05:13,620] {standard_task_runner.py:52} INFO - Started process 351092 to run task
[2022-03-15 06:05:13,626] {standard_task_runner.py:76} INFO - Running: ['airflow', 'tasks', 'run', 'matchup', 'run_script', '2022-03-15T00:00:00+00:00', '--job-id', '316', '--pool', 'default_pool', '--raw', '--subdir', 'DAGS_FOLDER/matchup.py', '--cfg-path', '/tmp/tmp216giz60', '--error-file', '/tmp/tmp85_4xy4y']
[2022-03-15 06:05:13,627] {standard_task_runner.py:77} INFO - Job 316: Subtask run_script
[2022-03-15 06:05:13,656] {logging_mixin.py:104} INFO - Running <TaskInstance: matchup.run_script 2022-03-15T00:00:00+00:00 [running]> on host 531edfb863fc
[2022-03-15 06:05:13,673] {taskinstance.py:1255} INFO - Exporting the following env vars:
AIRFLOW_CTX_DAG_EMAIL=r.chesne@gmail.com
AIRFLOW_CTX_DAG_OWNER=Robin
AIRFLOW_CTX_DAG_ID=matchup
AIRFLOW_CTX_TASK_ID=run_script
AIRFLOW_CTX_EXECUTION_DATE=2022-03-15T00:00:00+00:00
AIRFLOW_CTX_DAG_RUN_ID=scheduled__2022-03-15T00:00:00+00:00
[2022-03-15 06:05:13,673] {bash.py:135} INFO - Tmp dir root location: 
 /tmp
[2022-03-15 06:05:13,674] {bash.py:158} INFO - Running command: python /app/scripts/main.py
[2022-03-15 06:05:13,683] {bash.py:169} INFO - Output:
[2022-03-15 06:05:17,496] {bash.py:173} INFO - Italy
[2022-03-15 06:05:17,497] {bash.py:173} INFO - 26001
[2022-03-15 06:05:17,497] {bash.py:173} INFO - Portugal
[2022-03-15 06:05:17,497] {bash.py:173} INFO - 2693
[2022-03-15 06:05:17,497] {bash.py:173} INFO - Italy: CO2 415, mix [('gas', 13715, '53'), ('coal', 2723, '10'), ('unknown', 2356, '9')]
[2022-03-15 06:05:17,497] {bash.py:173} INFO - Portugal: CO2 205, mix [('wind', 1309, '49'), ('gas', 915, '34'), ('biomass', 294, '11')]
[2022-03-15 06:05:17,497] {bash.py:173} INFO - Sweden
[2022-03-15 06:05:17,497] {bash.py:173} INFO - 17493
[2022-03-15 06:05:17,497] {bash.py:173} INFO - Finland
[2022-03-15 06:05:17,497] {bash.py:173} INFO - 10146
[2022-03-15 06:05:17,497] {bash.py:173} INFO - Sweden: CO2 44, mix [('hydro', 8878, '51'), ('nuclear', 5715, '33'), ('unknown', 1706, '10')]
[2022-03-15 06:05:17,498] {bash.py:173} INFO - Finland: CO2 186, mix [('nuclear', 3447, '34'), ('hydro', 2309, '23'), ('wind', 1306, '13')]
[2022-03-15 06:05:17,498] {bash.py:173} INFO - Germany
[2022-03-15 06:05:17,498] {bash.py:173} INFO - 47057
[2022-03-15 06:05:17,498] {bash.py:173} INFO - France
[2022-03-15 06:05:17,498] {bash.py:173} INFO - 53191
[2022-03-15 06:05:17,498] {bash.py:173} INFO - Germany: CO2 505, mix [('coal', 22035, '47'), ('gas', 7622, '16'), ('biomass', 4828, '10')]
[2022-03-15 06:05:17,498] {bash.py:173} INFO - France: CO2 96, mix [('nuclear', 34851, '66'), ('gas', 7520, '14'), ('wind', 5061, '10')]
[2022-03-15 06:05:17,533] {bash.py:177} INFO - Command exited with return code 0
[2022-03-15 06:05:17,552] {taskinstance.py:1159} INFO - Marking task as SUCCESS. dag_id=matchup, task_id=run_script, execution_date=20220315T000000, start_date=20220315T060513, end_date=20220315T060517
[2022-03-15 06:05:17,565] {taskinstance.py:1220} INFO - 0 downstream tasks scheduled from follow-on schedule check
[2022-03-15 06:05:17,571] {local_task_job.py:146} INFO - Task exited with return code 0
