[2022-03-11 18:00:03,919] {taskinstance.py:851} INFO - Dependencies all met for <TaskInstance: matchup.run_script 2022-03-11T12:00:00+00:00 [queued]>
[2022-03-11 18:00:03,924] {taskinstance.py:851} INFO - Dependencies all met for <TaskInstance: matchup.run_script 2022-03-11T12:00:00+00:00 [queued]>
[2022-03-11 18:00:03,924] {taskinstance.py:1042} INFO - 
--------------------------------------------------------------------------------
[2022-03-11 18:00:03,924] {taskinstance.py:1043} INFO - Starting attempt 1 of 6
[2022-03-11 18:00:03,924] {taskinstance.py:1044} INFO - 
--------------------------------------------------------------------------------
[2022-03-11 18:00:03,931] {taskinstance.py:1063} INFO - Executing <Task(BashOperator): run_script> on 2022-03-11T12:00:00+00:00
[2022-03-11 18:00:03,935] {standard_task_runner.py:52} INFO - Started process 301246 to run task
[2022-03-11 18:00:03,940] {standard_task_runner.py:76} INFO - Running: ['airflow', 'tasks', 'run', 'matchup', 'run_script', '2022-03-11T12:00:00+00:00', '--job-id', '262', '--pool', 'default_pool', '--raw', '--subdir', 'DAGS_FOLDER/matchup.py', '--cfg-path', '/tmp/tmpqyob2lbc', '--error-file', '/tmp/tmp3q_8z84o']
[2022-03-11 18:00:03,941] {standard_task_runner.py:77} INFO - Job 262: Subtask run_script
[2022-03-11 18:00:03,967] {logging_mixin.py:104} INFO - Running <TaskInstance: matchup.run_script 2022-03-11T12:00:00+00:00 [running]> on host 531edfb863fc
[2022-03-11 18:00:03,989] {taskinstance.py:1255} INFO - Exporting the following env vars:
AIRFLOW_CTX_DAG_EMAIL=r.chesne@gmail.com
AIRFLOW_CTX_DAG_OWNER=Robin
AIRFLOW_CTX_DAG_ID=matchup
AIRFLOW_CTX_TASK_ID=run_script
AIRFLOW_CTX_EXECUTION_DATE=2022-03-11T12:00:00+00:00
AIRFLOW_CTX_DAG_RUN_ID=scheduled__2022-03-11T12:00:00+00:00
[2022-03-11 18:00:03,990] {bash.py:135} INFO - Tmp dir root location: 
 /tmp
[2022-03-11 18:00:03,991] {bash.py:158} INFO - Running command: python /app/scripts/main.py
[2022-03-11 18:00:04,000] {bash.py:169} INFO - Output:
[2022-03-11 18:00:08,148] {bash.py:173} INFO - Spain
[2022-03-11 18:00:08,149] {bash.py:173} INFO - 30419
[2022-03-11 18:00:08,149] {bash.py:173} INFO - Italy
[2022-03-11 18:00:08,149] {bash.py:173} INFO - 40787
[2022-03-11 18:00:08,149] {bash.py:173} INFO - Spain: CO2 153, mix [('wind', 9055, '30'), ('nuclear', 7522, '25'), ('gas', 6285, '21')]
[2022-03-11 18:00:08,149] {bash.py:173} INFO - Italy: CO2 396, mix [('gas', 23408, '57'), ('solar', 3307, '8'), ('unknown', 2981, '7')]
[2022-03-11 18:00:08,149] {bash.py:173} INFO - Sweden
[2022-03-11 18:00:08,149] {bash.py:173} INFO - 18813
[2022-03-11 18:00:08,149] {bash.py:173} INFO - Finland
[2022-03-11 18:00:08,149] {bash.py:173} INFO - 10063
[2022-03-11 18:00:08,149] {bash.py:173} INFO - Sweden: CO2 43, mix [('hydro', 8669, '46'), ('nuclear', 5746, '31'), ('wind', 2631, '14')]
[2022-03-11 18:00:08,149] {bash.py:173} INFO - Finland: CO2 175, mix [('nuclear', 3335, '33'), ('hydro', 2745, '27'), ('coal', 1092, '11')]
[2022-03-11 18:00:08,149] {bash.py:173} INFO - France
[2022-03-11 18:00:08,149] {bash.py:173} INFO - 63580
[2022-03-11 18:00:08,149] {bash.py:173} INFO - Germany
[2022-03-11 18:00:08,149] {bash.py:173} INFO - 66046
[2022-03-11 18:00:08,149] {bash.py:173} INFO - France: CO2 74, mix [('nuclear', 40116, '63'), ('wind', 9560, '15'), ('gas', 5462, '9')]
[2022-03-11 18:00:08,149] {bash.py:173} INFO - Germany: CO2 270, mix [('wind', 30636, '46'), ('coal', 15916, '24'), ('biomass', 4879, '7')]
[2022-03-11 18:00:08,188] {bash.py:177} INFO - Command exited with return code 0
[2022-03-11 18:00:08,207] {taskinstance.py:1159} INFO - Marking task as SUCCESS. dag_id=matchup, task_id=run_script, execution_date=20220311T120000, start_date=20220311T180003, end_date=20220311T180008
[2022-03-11 18:00:08,223] {taskinstance.py:1220} INFO - 0 downstream tasks scheduled from follow-on schedule check
[2022-03-11 18:00:08,248] {local_task_job.py:146} INFO - Task exited with return code 0
