[2022-03-15 18:05:23,012] {taskinstance.py:851} INFO - Dependencies all met for <TaskInstance: matchup.run_script 2022-03-15T12:00:00+00:00 [queued]>
[2022-03-15 18:05:23,017] {taskinstance.py:851} INFO - Dependencies all met for <TaskInstance: matchup.run_script 2022-03-15T12:00:00+00:00 [queued]>
[2022-03-15 18:05:23,017] {taskinstance.py:1042} INFO - 
--------------------------------------------------------------------------------
[2022-03-15 18:05:23,017] {taskinstance.py:1043} INFO - Starting attempt 6 of 6
[2022-03-15 18:05:23,017] {taskinstance.py:1044} INFO - 
--------------------------------------------------------------------------------
[2022-03-15 18:05:23,024] {taskinstance.py:1063} INFO - Executing <Task(BashOperator): run_script> on 2022-03-15T12:00:00+00:00
[2022-03-15 18:05:23,027] {standard_task_runner.py:52} INFO - Started process 358225 to run task
[2022-03-15 18:05:23,032] {standard_task_runner.py:76} INFO - Running: ['airflow', 'tasks', 'run', 'matchup', 'run_script', '2022-03-15T12:00:00+00:00', '--job-id', '327', '--pool', 'default_pool', '--raw', '--subdir', 'DAGS_FOLDER/matchup.py', '--cfg-path', '/tmp/tmp_8kr7c__', '--error-file', '/tmp/tmpbsbp5xos']
[2022-03-15 18:05:23,033] {standard_task_runner.py:77} INFO - Job 327: Subtask run_script
[2022-03-15 18:05:23,066] {logging_mixin.py:104} INFO - Running <TaskInstance: matchup.run_script 2022-03-15T12:00:00+00:00 [running]> on host 531edfb863fc
[2022-03-15 18:05:23,084] {taskinstance.py:1255} INFO - Exporting the following env vars:
AIRFLOW_CTX_DAG_EMAIL=r.chesne@gmail.com
AIRFLOW_CTX_DAG_OWNER=Robin
AIRFLOW_CTX_DAG_ID=matchup
AIRFLOW_CTX_TASK_ID=run_script
AIRFLOW_CTX_EXECUTION_DATE=2022-03-15T12:00:00+00:00
AIRFLOW_CTX_DAG_RUN_ID=scheduled__2022-03-15T12:00:00+00:00
[2022-03-15 18:05:23,084] {bash.py:135} INFO - Tmp dir root location: 
 /tmp
[2022-03-15 18:05:23,085] {bash.py:158} INFO - Running command: python /app/scripts/main.py
[2022-03-15 18:05:23,092] {bash.py:169} INFO - Output:
[2022-03-15 18:05:27,269] {bash.py:173} INFO - Italy
[2022-03-15 18:05:27,270] {bash.py:173} INFO - 41087
[2022-03-15 18:05:27,270] {bash.py:173} INFO - Portugal
[2022-03-15 18:05:27,270] {bash.py:173} INFO - 3986
[2022-03-15 18:05:27,270] {bash.py:173} INFO - Italy: CO2 395, mix [('gas', 24568, '60'), ('solar', 3325, '8'), ('unknown', 2963, '7')]
[2022-03-15 18:05:27,270] {bash.py:173} INFO - Portugal: CO2 209, mix [('gas', 1393, '35'), ('wind', 1086, '27'), ('hydro', 902, '23')]
[2022-03-15 18:05:27,270] {bash.py:173} INFO - Denmark
[2022-03-15 18:05:27,270] {bash.py:173} INFO - 4541
[2022-03-15 18:05:27,270] {bash.py:173} INFO - Sweden
[2022-03-15 18:05:27,270] {bash.py:173} INFO - 17155
[2022-03-15 18:05:27,270] {bash.py:173} INFO - Denmark: CO2 277, mix [('hydro', 1495, '33'), ('coal', 972, '21'), ('biomass', 788, '17')]
[2022-03-15 18:05:27,270] {bash.py:173} INFO - Sweden: CO2 46, mix [('hydro', 7136, '42'), ('nuclear', 5681, '33'), ('wind', 2509, '15')]
[2022-03-15 18:05:27,270] {bash.py:173} INFO - Germany
[2022-03-15 18:05:27,270] {bash.py:173} INFO - 58313
[2022-03-15 18:05:27,271] {bash.py:173} INFO - Hungary
[2022-03-15 18:05:27,271] {bash.py:173} INFO - 4073
[2022-03-15 18:05:27,271] {bash.py:173} INFO - Germany: CO2 515, mix [('coal', 25374, '44'), ('gas', 12827, '22'), ('biomass', 5550, '10')]
[2022-03-15 18:05:27,271] {bash.py:173} INFO - Hungary: CO2 241, mix [('nuclear', 1818, '45'), ('gas', 1091, '27'), ('coal', 376, '9')]
[2022-03-15 18:05:27,308] {bash.py:177} INFO - Command exited with return code 0
[2022-03-15 18:05:27,323] {taskinstance.py:1159} INFO - Marking task as SUCCESS. dag_id=matchup, task_id=run_script, execution_date=20220315T120000, start_date=20220315T180523, end_date=20220315T180527
[2022-03-15 18:05:27,338] {taskinstance.py:1220} INFO - 0 downstream tasks scheduled from follow-on schedule check
[2022-03-15 18:05:27,380] {local_task_job.py:146} INFO - Task exited with return code 0
