[2022-03-20 18:00:03,471] {taskinstance.py:851} INFO - Dependencies all met for <TaskInstance: matchup.run_script 2022-03-20T12:00:00+00:00 [queued]>
[2022-03-20 18:00:03,476] {taskinstance.py:851} INFO - Dependencies all met for <TaskInstance: matchup.run_script 2022-03-20T12:00:00+00:00 [queued]>
[2022-03-20 18:00:03,476] {taskinstance.py:1042} INFO - 
--------------------------------------------------------------------------------
[2022-03-20 18:00:03,476] {taskinstance.py:1043} INFO - Starting attempt 1 of 6
[2022-03-20 18:00:03,476] {taskinstance.py:1044} INFO - 
--------------------------------------------------------------------------------
[2022-03-20 18:00:03,484] {taskinstance.py:1063} INFO - Executing <Task(BashOperator): run_script> on 2022-03-20T12:00:00+00:00
[2022-03-20 18:00:03,487] {standard_task_runner.py:52} INFO - Started process 429309 to run task
[2022-03-20 18:00:03,493] {standard_task_runner.py:76} INFO - Running: ['airflow', 'tasks', 'run', 'matchup', 'run_script', '2022-03-20T12:00:00+00:00', '--job-id', '401', '--pool', 'default_pool', '--raw', '--subdir', 'DAGS_FOLDER/matchup.py', '--cfg-path', '/tmp/tmpxu30yw4s', '--error-file', '/tmp/tmpzm8ydwzy']
[2022-03-20 18:00:03,494] {standard_task_runner.py:77} INFO - Job 401: Subtask run_script
[2022-03-20 18:00:03,526] {logging_mixin.py:104} INFO - Running <TaskInstance: matchup.run_script 2022-03-20T12:00:00+00:00 [running]> on host 531edfb863fc
[2022-03-20 18:00:03,559] {taskinstance.py:1255} INFO - Exporting the following env vars:
AIRFLOW_CTX_DAG_EMAIL=r.chesne@gmail.com
AIRFLOW_CTX_DAG_OWNER=Robin
AIRFLOW_CTX_DAG_ID=matchup
AIRFLOW_CTX_TASK_ID=run_script
AIRFLOW_CTX_EXECUTION_DATE=2022-03-20T12:00:00+00:00
AIRFLOW_CTX_DAG_RUN_ID=scheduled__2022-03-20T12:00:00+00:00
[2022-03-20 18:00:03,559] {bash.py:135} INFO - Tmp dir root location: 
 /tmp
[2022-03-20 18:00:03,560] {bash.py:158} INFO - Running command: python /app/scripts/main.py
[2022-03-20 18:00:03,569] {bash.py:169} INFO - Output:
[2022-03-20 18:00:08,995] {bash.py:173} INFO - Italy
[2022-03-20 18:00:08,995] {bash.py:173} INFO - 26075
[2022-03-20 18:00:08,995] {bash.py:173} INFO - Portugal
[2022-03-20 18:00:08,995] {bash.py:173} INFO - 5778
[2022-03-20 18:00:08,995] {bash.py:173} INFO - Italy: CO2 339, mix [('gas', 9363, '36'), ('solar', 3717, '14'), ('coal', 3168, '12')]
[2022-03-20 18:00:08,995] {bash.py:173} INFO - Portugal: CO2 137, mix [('wind', 2880, '50'), ('gas', 1149, '20'), ('solar', 630, '11')]
[2022-03-20 18:00:08,995] {bash.py:173} INFO - Norway
[2022-03-20 18:00:08,996] {bash.py:173} INFO - 15332
[2022-03-20 18:00:08,996] {bash.py:173} INFO - Denmark
[2022-03-20 18:00:08,996] {bash.py:173} INFO - 4585
[2022-03-20 18:00:08,996] {bash.py:173} INFO - Norway: CO2 44, mix [('hydro', 11235, '73'), ('wind', 2383, '16'), ('nuclear', 624, '4')]
[2022-03-20 18:00:08,996] {bash.py:173} INFO - Denmark: CO2 99, mix [('wind', 3287, '72'), ('solar', 448, '10'), ('biomass', 353, '8')]
[2022-03-20 18:00:08,996] {bash.py:173} INFO - France
[2022-03-20 18:00:08,996] {bash.py:173} INFO - 45736
[2022-03-20 18:00:08,996] {bash.py:173} INFO - Germany
[2022-03-20 18:00:08,996] {bash.py:173} INFO - 47894
[2022-03-20 18:00:08,996] {bash.py:173} INFO - France: CO2 88, mix [('nuclear', 29378, '64'), ('gas', 5163, '11'), ('hydro', 3652, '8')]
[2022-03-20 18:00:08,996] {bash.py:173} INFO - Germany: CO2 201, mix [('wind', 21450, '45'), ('solar', 7786, '16'), ('coal', 7769, '16')]
[2022-03-20 18:00:09,035] {bash.py:177} INFO - Command exited with return code 0
[2022-03-20 18:00:09,051] {taskinstance.py:1159} INFO - Marking task as SUCCESS. dag_id=matchup, task_id=run_script, execution_date=20220320T120000, start_date=20220320T180003, end_date=20220320T180009
[2022-03-20 18:00:09,066] {taskinstance.py:1220} INFO - 0 downstream tasks scheduled from follow-on schedule check
[2022-03-20 18:00:09,071] {local_task_job.py:146} INFO - Task exited with return code 0
