[2022-06-27 18:00:03,640] {taskinstance.py:851} INFO - Dependencies all met for <TaskInstance: matchup.run_script 2022-06-27T12:00:00+00:00 [queued]>
[2022-06-27 18:00:03,648] {taskinstance.py:851} INFO - Dependencies all met for <TaskInstance: matchup.run_script 2022-06-27T12:00:00+00:00 [queued]>
[2022-06-27 18:00:03,649] {taskinstance.py:1042} INFO - 
--------------------------------------------------------------------------------
[2022-06-27 18:00:03,649] {taskinstance.py:1043} INFO - Starting attempt 1 of 6
[2022-06-27 18:00:03,649] {taskinstance.py:1044} INFO - 
--------------------------------------------------------------------------------
[2022-06-27 18:00:03,657] {taskinstance.py:1063} INFO - Executing <Task(BashOperator): run_script> on 2022-06-27T12:00:00+00:00
[2022-06-27 18:00:03,660] {standard_task_runner.py:52} INFO - Started process 89844 to run task
[2022-06-27 18:00:03,663] {standard_task_runner.py:76} INFO - Running: ['airflow', 'tasks', 'run', 'matchup', 'run_script', '2022-06-27T12:00:00+00:00', '--job-id', '1461', '--pool', 'default_pool', '--raw', '--subdir', 'DAGS_FOLDER/matchup.py', '--cfg-path', '/tmp/tmpsbyz4p41', '--error-file', '/tmp/tmp7s9b_jyd']
[2022-06-27 18:00:03,663] {standard_task_runner.py:77} INFO - Job 1461: Subtask run_script
[2022-06-27 18:00:03,686] {logging_mixin.py:104} INFO - Running <TaskInstance: matchup.run_script 2022-06-27T12:00:00+00:00 [running]> on host b5b34dd97903
[2022-06-27 18:00:03,721] {taskinstance.py:1255} INFO - Exporting the following env vars:
AIRFLOW_CTX_DAG_EMAIL=r.chesne@gmail.com
AIRFLOW_CTX_DAG_OWNER=Robin
AIRFLOW_CTX_DAG_ID=matchup
AIRFLOW_CTX_TASK_ID=run_script
AIRFLOW_CTX_EXECUTION_DATE=2022-06-27T12:00:00+00:00
AIRFLOW_CTX_DAG_RUN_ID=scheduled__2022-06-27T12:00:00+00:00
[2022-06-27 18:00:03,721] {bash.py:135} INFO - Tmp dir root location: 
 /tmp
[2022-06-27 18:00:03,721] {bash.py:158} INFO - Running command: python /app/scripts/main.py
[2022-06-27 18:00:03,727] {bash.py:169} INFO - Output:
[2022-06-27 18:00:08,032] {bash.py:173} INFO - Italy
[2022-06-27 18:00:08,032] {bash.py:173} INFO - 35523
[2022-06-27 18:00:08,032] {bash.py:173} INFO - Spain
[2022-06-27 18:00:08,032] {bash.py:173} INFO - 32295
[2022-06-27 18:00:08,032] {bash.py:173} INFO - Italy: CO2 370, mix [('gas', 17723, '50'), ('hydro', 5787, '16'), ('solar', 2928, '8')]
[2022-06-27 18:00:08,032] {bash.py:173} INFO - Spain: CO2 156, mix [('solar', 9596, '30'), ('nuclear', 6723, '21'), ('gas', 6345, '20')]
[2022-06-27 18:00:08,032] {bash.py:173} INFO - Norway
[2022-06-27 18:00:08,032] {bash.py:173} INFO - 13394
[2022-06-27 18:00:08,032] {bash.py:173} INFO - Sweden
[2022-06-27 18:00:08,032] {bash.py:173} INFO - 12750
[2022-06-27 18:00:08,032] {bash.py:173} INFO - Norway: CO2 30, mix [('hydro', 12341, '92'), ('wind', 829, '6'), ('gas', 119, '1')]
[2022-06-27 18:00:08,032] {bash.py:173} INFO - Sweden: CO2 26, mix [('hydro', 6616, '52'), ('nuclear', 3838, '30'), ('wind', 1733, '14')]
[2022-06-27 18:00:08,032] {bash.py:173} INFO - France
[2022-06-27 18:00:08,032] {bash.py:173} INFO - 47535
[2022-06-27 18:00:08,032] {bash.py:173} INFO - Germany
[2022-06-27 18:00:08,032] {bash.py:173} INFO - 59994
[2022-06-27 18:00:08,032] {bash.py:173} INFO - France: CO2 69, mix [('nuclear', 28721, '60'), ('hydro', 6059, '13'), ('gas', 4514, '9')]
[2022-06-27 18:00:08,032] {bash.py:173} INFO - Germany: CO2 371, mix [('coal', 18562, '31'), ('solar', 9802, '16'), ('gas', 9023, '15')]
[2022-06-27 18:00:08,063] {bash.py:177} INFO - Command exited with return code 0
[2022-06-27 18:00:08,074] {taskinstance.py:1159} INFO - Marking task as SUCCESS. dag_id=matchup, task_id=run_script, execution_date=20220627T120000, start_date=20220627T180003, end_date=20220627T180008
[2022-06-27 18:00:08,086] {taskinstance.py:1220} INFO - 0 downstream tasks scheduled from follow-on schedule check
[2022-06-27 18:00:08,090] {local_task_job.py:146} INFO - Task exited with return code 0
