[2022-02-20 12:00:05,127] {taskinstance.py:851} INFO - Dependencies all met for <TaskInstance: matchup.run_script 2022-02-20T06:00:00+00:00 [queued]>
[2022-02-20 12:00:05,136] {taskinstance.py:851} INFO - Dependencies all met for <TaskInstance: matchup.run_script 2022-02-20T06:00:00+00:00 [queued]>
[2022-02-20 12:00:05,137] {taskinstance.py:1042} INFO - 
--------------------------------------------------------------------------------
[2022-02-20 12:00:05,137] {taskinstance.py:1043} INFO - Starting attempt 1 of 6
[2022-02-20 12:00:05,137] {taskinstance.py:1044} INFO - 
--------------------------------------------------------------------------------
[2022-02-20 12:00:05,148] {taskinstance.py:1063} INFO - Executing <Task(BashOperator): run_script> on 2022-02-20T06:00:00+00:00
[2022-02-20 12:00:05,151] {standard_task_runner.py:52} INFO - Started process 28029 to run task
[2022-02-20 12:00:05,158] {standard_task_runner.py:76} INFO - Running: ['airflow', 'tasks', 'run', 'matchup', 'run_script', '2022-02-20T06:00:00+00:00', '--job-id', '26', '--pool', 'default_pool', '--raw', '--subdir', 'DAGS_FOLDER/matchup.py', '--cfg-path', '/tmp/tmp0p9ycaag', '--error-file', '/tmp/tmpong_y_hh']
[2022-02-20 12:00:05,158] {standard_task_runner.py:77} INFO - Job 26: Subtask run_script
[2022-02-20 12:00:05,194] {logging_mixin.py:104} INFO - Running <TaskInstance: matchup.run_script 2022-02-20T06:00:00+00:00 [running]> on host 531edfb863fc
[2022-02-20 12:00:05,222] {taskinstance.py:1255} INFO - Exporting the following env vars:
AIRFLOW_CTX_DAG_EMAIL=r.chesne@gmail.com
AIRFLOW_CTX_DAG_OWNER=Robin
AIRFLOW_CTX_DAG_ID=matchup
AIRFLOW_CTX_TASK_ID=run_script
AIRFLOW_CTX_EXECUTION_DATE=2022-02-20T06:00:00+00:00
AIRFLOW_CTX_DAG_RUN_ID=scheduled__2022-02-20T06:00:00+00:00
[2022-02-20 12:00:05,223] {bash.py:135} INFO - Tmp dir root location: 
 /tmp
[2022-02-20 12:00:05,224] {bash.py:158} INFO - Running command: python /app/scripts/main.py
[2022-02-20 12:00:05,233] {bash.py:169} INFO - Output:
[2022-02-20 12:00:08,615] {bash.py:173} INFO - Italy: CO2 308, mix [('gas', 8619, '36'), ('solar', 5935, '25'), ('coal', 3084, '13')]
[2022-02-20 12:00:08,616] {bash.py:173} INFO - Spain: CO2 126, mix [('solar', 8186, '30'), ('nuclear', 7103, '26'), ('wind', 4751, '17')]
[2022-02-20 12:00:08,616] {bash.py:173} INFO - Finland: CO2 193, mix [('nuclear', 2798, '39'), ('hydro', 1695, '24'), ('coal', 1233, '17')]
[2022-02-20 12:00:08,616] {bash.py:173} INFO - Sweden: CO2 52, mix [('hydro', 11434, '55'), ('nuclear', 5584, '27'), ('unknown', 2046, '10')]
[2022-02-20 12:00:08,616] {bash.py:173} INFO - UK: CO2 117, mix [('wind', 12610, '53'), ('nuclear', 4782, '20'), ('gas', 2463, '10')]
[2022-02-20 12:00:08,616] {bash.py:173} INFO - France: CO2 42, mix [('nuclear', 38849, '60'), ('wind', 12662, '20'), ('hydro', 5363, '8')]
[2022-02-20 12:00:08,669] {bash.py:177} INFO - Command exited with return code 0
[2022-02-20 12:00:08,693] {taskinstance.py:1159} INFO - Marking task as SUCCESS. dag_id=matchup, task_id=run_script, execution_date=20220220T060000, start_date=20220220T120005, end_date=20220220T120008
[2022-02-20 12:00:08,713] {taskinstance.py:1220} INFO - 0 downstream tasks scheduled from follow-on schedule check
[2022-02-20 12:00:08,743] {local_task_job.py:146} INFO - Task exited with return code 0
