[2022-04-21 00:00:03,842] {taskinstance.py:851} INFO - Dependencies all met for <TaskInstance: matchup.run_script 2022-04-20T18:00:00+00:00 [queued]>
[2022-04-21 00:00:03,846] {taskinstance.py:851} INFO - Dependencies all met for <TaskInstance: matchup.run_script 2022-04-20T18:00:00+00:00 [queued]>
[2022-04-21 00:00:03,846] {taskinstance.py:1042} INFO - 
--------------------------------------------------------------------------------
[2022-04-21 00:00:03,846] {taskinstance.py:1043} INFO - Starting attempt 1 of 6
[2022-04-21 00:00:03,846] {taskinstance.py:1044} INFO - 
--------------------------------------------------------------------------------
[2022-04-21 00:00:03,855] {taskinstance.py:1063} INFO - Executing <Task(BashOperator): run_script> on 2022-04-20T18:00:00+00:00
[2022-04-21 00:00:03,858] {standard_task_runner.py:52} INFO - Started process 249772 to run task
[2022-04-21 00:00:03,864] {standard_task_runner.py:76} INFO - Running: ['airflow', 'tasks', 'run', 'matchup', 'run_script', '2022-04-20T18:00:00+00:00', '--job-id', '228', '--pool', 'default_pool', '--raw', '--subdir', 'DAGS_FOLDER/matchup.py', '--cfg-path', '/tmp/tmp6zl60cqx', '--error-file', '/tmp/tmpcpfn63tl']
[2022-04-21 00:00:03,865] {standard_task_runner.py:77} INFO - Job 228: Subtask run_script
[2022-04-21 00:00:03,893] {logging_mixin.py:104} INFO - Running <TaskInstance: matchup.run_script 2022-04-20T18:00:00+00:00 [running]> on host 193e33218975
[2022-04-21 00:00:03,933] {taskinstance.py:1255} INFO - Exporting the following env vars:
AIRFLOW_CTX_DAG_EMAIL=r.chesne@gmail.com
AIRFLOW_CTX_DAG_OWNER=Robin
AIRFLOW_CTX_DAG_ID=matchup
AIRFLOW_CTX_TASK_ID=run_script
AIRFLOW_CTX_EXECUTION_DATE=2022-04-20T18:00:00+00:00
AIRFLOW_CTX_DAG_RUN_ID=scheduled__2022-04-20T18:00:00+00:00
[2022-04-21 00:00:03,934] {bash.py:135} INFO - Tmp dir root location: 
 /tmp
[2022-04-21 00:00:03,934] {bash.py:158} INFO - Running command: python /app/scripts/main.py
[2022-04-21 00:00:03,943] {bash.py:169} INFO - Output:
[2022-04-21 00:00:07,889] {bash.py:173} INFO - Italy
[2022-04-21 00:00:07,889] {bash.py:173} INFO - 22278
[2022-04-21 00:00:07,889] {bash.py:173} INFO - Spain
[2022-04-21 00:00:07,890] {bash.py:173} INFO - 25446
[2022-04-21 00:00:07,890] {bash.py:173} INFO - Italy: CO2 429, mix [('gas', 12822, '58'), ('wind', 2874, '13'), ('coal', 2185, '10')]
[2022-04-21 00:00:07,890] {bash.py:173} INFO - Spain: CO2 151, mix [('wind', 10958, '43'), ('nuclear', 5855, '23'), ('gas', 4905, '19')]
[2022-04-21 00:00:07,890] {bash.py:173} INFO - Finland
[2022-04-21 00:00:07,890] {bash.py:173} INFO - 8344
[2022-04-21 00:00:07,890] {bash.py:173} INFO - Denmark
[2022-04-21 00:00:07,890] {bash.py:173} INFO - 4759
[2022-04-21 00:00:07,890] {bash.py:173} INFO - Finland: CO2 177, mix [('nuclear', 3387, '41'), ('wind', 1394, '17'), ('hydro', 988, '12')]
[2022-04-21 00:00:07,890] {bash.py:173} INFO - Denmark: CO2 114, mix [('wind', 2578, '54'), ('hydro', 848, '18'), ('biomass', 493, '10')]
[2022-04-21 00:00:07,890] {bash.py:173} INFO - Germany
[2022-04-21 00:00:07,890] {bash.py:173} INFO - 57631
[2022-04-21 00:00:07,890] {bash.py:173} INFO - France
[2022-04-21 00:00:07,890] {bash.py:173} INFO - 49009
[2022-04-21 00:00:07,890] {bash.py:173} INFO - Germany: CO2 243, mix [('wind', 30442, '53'), ('coal', 12629, '22'), ('biomass', 4697, '8')]
[2022-04-21 00:00:07,890] {bash.py:173} INFO - France: CO2 69, mix [('nuclear', 30808, '63'), ('wind', 7441, '15'), ('gas', 4882, '10')]
[2022-04-21 00:00:07,926] {bash.py:177} INFO - Command exited with return code 0
[2022-04-21 00:00:07,946] {taskinstance.py:1159} INFO - Marking task as SUCCESS. dag_id=matchup, task_id=run_script, execution_date=20220420T180000, start_date=20220421T000003, end_date=20220421T000007
[2022-04-21 00:00:07,958] {taskinstance.py:1220} INFO - 0 downstream tasks scheduled from follow-on schedule check
[2022-04-21 00:00:07,969] {local_task_job.py:146} INFO - Task exited with return code 0
