[2022-02-25 18:00:04,487] {taskinstance.py:851} INFO - Dependencies all met for <TaskInstance: matchup.run_script 2022-02-25T12:00:00+00:00 [queued]>
[2022-02-25 18:00:04,495] {taskinstance.py:851} INFO - Dependencies all met for <TaskInstance: matchup.run_script 2022-02-25T12:00:00+00:00 [queued]>
[2022-02-25 18:00:04,495] {taskinstance.py:1042} INFO - 
--------------------------------------------------------------------------------
[2022-02-25 18:00:04,495] {taskinstance.py:1043} INFO - Starting attempt 1 of 6
[2022-02-25 18:00:04,495] {taskinstance.py:1044} INFO - 
--------------------------------------------------------------------------------
[2022-02-25 18:00:04,507] {taskinstance.py:1063} INFO - Executing <Task(BashOperator): run_script> on 2022-02-25T12:00:00+00:00
[2022-02-25 18:00:04,511] {standard_task_runner.py:52} INFO - Started process 102632 to run task
[2022-02-25 18:00:04,519] {standard_task_runner.py:76} INFO - Running: ['airflow', 'tasks', 'run', 'matchup', 'run_script', '2022-02-25T12:00:00+00:00', '--job-id', '80', '--pool', 'default_pool', '--raw', '--subdir', 'DAGS_FOLDER/matchup.py', '--cfg-path', '/tmp/tmpex39mbg8', '--error-file', '/tmp/tmpf386cvmw']
[2022-02-25 18:00:04,519] {standard_task_runner.py:77} INFO - Job 80: Subtask run_script
[2022-02-25 18:00:04,563] {logging_mixin.py:104} INFO - Running <TaskInstance: matchup.run_script 2022-02-25T12:00:00+00:00 [running]> on host 531edfb863fc
[2022-02-25 18:00:04,609] {taskinstance.py:1255} INFO - Exporting the following env vars:
AIRFLOW_CTX_DAG_EMAIL=r.chesne@gmail.com
AIRFLOW_CTX_DAG_OWNER=Robin
AIRFLOW_CTX_DAG_ID=matchup
AIRFLOW_CTX_TASK_ID=run_script
AIRFLOW_CTX_EXECUTION_DATE=2022-02-25T12:00:00+00:00
AIRFLOW_CTX_DAG_RUN_ID=scheduled__2022-02-25T12:00:00+00:00
[2022-02-25 18:00:04,610] {bash.py:135} INFO - Tmp dir root location: 
 /tmp
[2022-02-25 18:00:04,611] {bash.py:158} INFO - Running command: python /app/scripts/main.py
[2022-02-25 18:00:04,622] {bash.py:169} INFO - Output:
[2022-02-25 18:00:09,739] {bash.py:173} INFO - Spain: CO2 134, mix [('wind', 10927, '36'), ('nuclear', 7045, '23'), ('gas', 5278, '17')]
[2022-02-25 18:00:09,740] {bash.py:173} INFO - Portugal: CO2 243, mix [('gas', 2568, '41'), ('wind', 1894, '30'), ('hydro', 512, '8')]
[2022-02-25 18:00:09,740] {bash.py:173} INFO - Norway: CO2 30, mix [('hydro', 13455, '79'), ('wind', 2862, '17'), ('hydro discharge', 268, '2')]
[2022-02-25 18:00:09,740] {bash.py:173} INFO - Denmark: CO2 132, mix [('wind', 3423, '58'), ('biomass', 738, '13'), ('coal', 492, '8')]
[2022-02-25 18:00:09,740] {bash.py:173} INFO - Hungary: CO2 288, mix [('gas', 1451, '36'), ('nuclear', 1435, '36'), ('coal', 403, '10')]
[2022-02-25 18:00:09,740] {bash.py:173} INFO - France: CO2 78, mix [('nuclear', 43174, '69'), ('hydro', 7510, '12'), ('gas', 5629, '9')]
[2022-02-25 18:00:09,806] {bash.py:177} INFO - Command exited with return code 0
[2022-02-25 18:00:09,829] {taskinstance.py:1159} INFO - Marking task as SUCCESS. dag_id=matchup, task_id=run_script, execution_date=20220225T120000, start_date=20220225T180004, end_date=20220225T180009
[2022-02-25 18:00:09,847] {taskinstance.py:1220} INFO - 0 downstream tasks scheduled from follow-on schedule check
[2022-02-25 18:00:09,874] {local_task_job.py:146} INFO - Task exited with return code 0
