[2022-06-26 12:00:04,099] {taskinstance.py:851} INFO - Dependencies all met for <TaskInstance: matchup.run_script 2022-06-26T06:00:00+00:00 [queued]>
[2022-06-26 12:00:04,104] {taskinstance.py:851} INFO - Dependencies all met for <TaskInstance: matchup.run_script 2022-06-26T06:00:00+00:00 [queued]>
[2022-06-26 12:00:04,104] {taskinstance.py:1042} INFO - 
--------------------------------------------------------------------------------
[2022-06-26 12:00:04,104] {taskinstance.py:1043} INFO - Starting attempt 1 of 6
[2022-06-26 12:00:04,104] {taskinstance.py:1044} INFO - 
--------------------------------------------------------------------------------
[2022-06-26 12:00:04,117] {taskinstance.py:1063} INFO - Executing <Task(BashOperator): run_script> on 2022-06-26T06:00:00+00:00
[2022-06-26 12:00:04,120] {standard_task_runner.py:52} INFO - Started process 72030 to run task
[2022-06-26 12:00:04,123] {standard_task_runner.py:76} INFO - Running: ['airflow', 'tasks', 'run', 'matchup', 'run_script', '2022-06-26T06:00:00+00:00', '--job-id', '1451', '--pool', 'default_pool', '--raw', '--subdir', 'DAGS_FOLDER/matchup.py', '--cfg-path', '/tmp/tmplcgidsc9', '--error-file', '/tmp/tmpmduwxowq']
[2022-06-26 12:00:04,124] {standard_task_runner.py:77} INFO - Job 1451: Subtask run_script
[2022-06-26 12:00:04,144] {logging_mixin.py:104} INFO - Running <TaskInstance: matchup.run_script 2022-06-26T06:00:00+00:00 [running]> on host b5b34dd97903
[2022-06-26 12:00:04,170] {taskinstance.py:1255} INFO - Exporting the following env vars:
AIRFLOW_CTX_DAG_EMAIL=r.chesne@gmail.com
AIRFLOW_CTX_DAG_OWNER=Robin
AIRFLOW_CTX_DAG_ID=matchup
AIRFLOW_CTX_TASK_ID=run_script
AIRFLOW_CTX_EXECUTION_DATE=2022-06-26T06:00:00+00:00
AIRFLOW_CTX_DAG_RUN_ID=scheduled__2022-06-26T06:00:00+00:00
[2022-06-26 12:00:04,170] {bash.py:135} INFO - Tmp dir root location: 
 /tmp
[2022-06-26 12:00:04,170] {bash.py:158} INFO - Running command: python /app/scripts/main.py
[2022-06-26 12:00:04,176] {bash.py:169} INFO - Output:
[2022-06-26 12:00:08,708] {bash.py:173} INFO - Italy
[2022-06-26 12:00:08,708] {bash.py:173} INFO - 30074
[2022-06-26 12:00:08,708] {bash.py:173} INFO - Greece
[2022-06-26 12:00:08,708] {bash.py:173} INFO - 5386
[2022-06-26 12:00:08,708] {bash.py:173} INFO - Italy: CO2 229, mix [('solar', 10676, '35'), ('gas', 6490, '22'), ('hydro', 4006, '13')]
[2022-06-26 12:00:08,708] {bash.py:173} INFO - Greece: CO2 186, mix [('solar', 2379, '44'), ('wind', 1236, '23'), ('gas', 1083, '20')]
[2022-06-26 12:00:08,708] {bash.py:173} INFO - Norway
[2022-06-26 12:00:08,708] {bash.py:173} INFO - 13116
[2022-06-26 12:00:08,708] {bash.py:173} INFO - Denmark
[2022-06-26 12:00:08,708] {bash.py:173} INFO - 3950
[2022-06-26 12:00:08,708] {bash.py:173} INFO - Norway: CO2 32, mix [('hydro', 10906, '83'), ('wind', 1520, '12'), ('nuclear', 338, '3')]
[2022-06-26 12:00:08,709] {bash.py:173} INFO - Denmark: CO2 159, mix [('solar', 1278, '32'), ('wind', 1011, '26'), ('coal', 448, '11')]
[2022-06-26 12:00:08,709] {bash.py:173} INFO - France
[2022-06-26 12:00:08,709] {bash.py:173} INFO - 43278
[2022-06-26 12:00:08,709] {bash.py:173} INFO - Hungary
[2022-06-26 12:00:08,709] {bash.py:173} INFO - 4090
[2022-06-26 12:00:08,709] {bash.py:173} INFO - France: CO2 49, mix [('nuclear', 28229, '65'), ('solar', 5788, '13'), ('hydro', 4447, '10')]
[2022-06-26 12:00:08,709] {bash.py:173} INFO - Hungary: CO2 162, mix [('nuclear', 1723, '42'), ('solar', 1356, '33'), ('gas', 484, '12')]
[2022-06-26 12:00:08,751] {bash.py:177} INFO - Command exited with return code 0
[2022-06-26 12:00:08,765] {taskinstance.py:1159} INFO - Marking task as SUCCESS. dag_id=matchup, task_id=run_script, execution_date=20220626T060000, start_date=20220626T120004, end_date=20220626T120008
[2022-06-26 12:00:08,781] {taskinstance.py:1220} INFO - 0 downstream tasks scheduled from follow-on schedule check
[2022-06-26 12:00:08,803] {local_task_job.py:146} INFO - Task exited with return code 0
