[2022-04-07 12:00:03,576] {taskinstance.py:851} INFO - Dependencies all met for <TaskInstance: matchup.run_script 2022-04-07T06:00:00+00:00 [queued]>
[2022-04-07 12:00:03,580] {taskinstance.py:851} INFO - Dependencies all met for <TaskInstance: matchup.run_script 2022-04-07T06:00:00+00:00 [queued]>
[2022-04-07 12:00:03,581] {taskinstance.py:1042} INFO - 
--------------------------------------------------------------------------------
[2022-04-07 12:00:03,581] {taskinstance.py:1043} INFO - Starting attempt 1 of 6
[2022-04-07 12:00:03,581] {taskinstance.py:1044} INFO - 
--------------------------------------------------------------------------------
[2022-04-07 12:00:03,587] {taskinstance.py:1063} INFO - Executing <Task(BashOperator): run_script> on 2022-04-07T06:00:00+00:00
[2022-04-07 12:00:03,589] {standard_task_runner.py:52} INFO - Started process 57435 to run task
[2022-04-07 12:00:03,595] {standard_task_runner.py:76} INFO - Running: ['airflow', 'tasks', 'run', 'matchup', 'run_script', '2022-04-07T06:00:00+00:00', '--job-id', '84', '--pool', 'default_pool', '--raw', '--subdir', 'DAGS_FOLDER/matchup.py', '--cfg-path', '/tmp/tmpr0e2ea6u', '--error-file', '/tmp/tmpq3pratbj']
[2022-04-07 12:00:03,595] {standard_task_runner.py:77} INFO - Job 84: Subtask run_script
[2022-04-07 12:00:03,621] {logging_mixin.py:104} INFO - Running <TaskInstance: matchup.run_script 2022-04-07T06:00:00+00:00 [running]> on host 193e33218975
[2022-04-07 12:00:03,638] {taskinstance.py:1255} INFO - Exporting the following env vars:
AIRFLOW_CTX_DAG_EMAIL=r.chesne@gmail.com
AIRFLOW_CTX_DAG_OWNER=Robin
AIRFLOW_CTX_DAG_ID=matchup
AIRFLOW_CTX_TASK_ID=run_script
AIRFLOW_CTX_EXECUTION_DATE=2022-04-07T06:00:00+00:00
AIRFLOW_CTX_DAG_RUN_ID=scheduled__2022-04-07T06:00:00+00:00
[2022-04-07 12:00:03,639] {bash.py:135} INFO - Tmp dir root location: 
 /tmp
[2022-04-07 12:00:03,639] {bash.py:158} INFO - Running command: python /app/scripts/main.py
[2022-04-07 12:00:03,646] {bash.py:169} INFO - Output:
[2022-04-07 12:00:07,534] {bash.py:173} INFO - Italy
[2022-04-07 12:00:07,534] {bash.py:173} INFO - 39560
[2022-04-07 12:00:07,534] {bash.py:173} INFO - Spain
[2022-04-07 12:00:07,534] {bash.py:173} INFO - 31270
[2022-04-07 12:00:07,535] {bash.py:173} INFO - Italy: CO2 298, mix [('gas', 15134, '38'), ('solar', 8869, '22'), ('wind', 4720, '12')]
[2022-04-07 12:00:07,535] {bash.py:173} INFO - Spain: CO2 109, mix [('wind', 10608, '34'), ('solar', 8668, '28'), ('nuclear', 5128, '16')]
[2022-04-07 12:00:07,535] {bash.py:173} INFO - Sweden
[2022-04-07 12:00:07,535] {bash.py:173} INFO - 20753
[2022-04-07 12:00:07,535] {bash.py:173} INFO - Finland
[2022-04-07 12:00:07,535] {bash.py:173} INFO - 9644
[2022-04-07 12:00:07,535] {bash.py:173} INFO - Sweden: CO2 49, mix [('hydro', 9098, '44'), ('nuclear', 6253, '30'), ('wind', 3315, '16')]
[2022-04-07 12:00:07,535] {bash.py:173} INFO - Finland: CO2 168, mix [('nuclear', 3763, '39'), ('hydro', 2344, '24'), ('unknown', 995, '10')]
[2022-04-07 12:00:07,535] {bash.py:173} INFO - France
[2022-04-07 12:00:07,535] {bash.py:173} INFO - 59910
[2022-04-07 12:00:07,535] {bash.py:173} INFO - Germany
[2022-04-07 12:00:07,535] {bash.py:173} INFO - 73558
[2022-04-07 12:00:07,535] {bash.py:173} INFO - France: CO2 50, mix [('nuclear', 31196, '52'), ('wind', 14030, '23'), ('hydro', 5421, '9')]
[2022-04-07 12:00:07,535] {bash.py:173} INFO - Germany: CO2 180, mix [('wind', 37345, '51'), ('solar', 11787, '16'), ('coal', 10647, '14')]
[2022-04-07 12:00:07,567] {bash.py:177} INFO - Command exited with return code 0
[2022-04-07 12:00:07,585] {taskinstance.py:1159} INFO - Marking task as SUCCESS. dag_id=matchup, task_id=run_script, execution_date=20220407T060000, start_date=20220407T120003, end_date=20220407T120007
[2022-04-07 12:00:07,598] {taskinstance.py:1220} INFO - 0 downstream tasks scheduled from follow-on schedule check
[2022-04-07 12:00:07,620] {local_task_job.py:146} INFO - Task exited with return code 0
