[2022-07-15 00:00:04,834] {taskinstance.py:851} INFO - Dependencies all met for <TaskInstance: matchup.run_script 2022-07-14T18:00:00+00:00 [queued]>
[2022-07-15 00:00:04,841] {taskinstance.py:851} INFO - Dependencies all met for <TaskInstance: matchup.run_script 2022-07-14T18:00:00+00:00 [queued]>
[2022-07-15 00:00:04,841] {taskinstance.py:1042} INFO - 
--------------------------------------------------------------------------------
[2022-07-15 00:00:04,841] {taskinstance.py:1043} INFO - Starting attempt 1 of 6
[2022-07-15 00:00:04,842] {taskinstance.py:1044} INFO - 
--------------------------------------------------------------------------------
[2022-07-15 00:00:04,853] {taskinstance.py:1063} INFO - Executing <Task(BashOperator): run_script> on 2022-07-14T18:00:00+00:00
[2022-07-15 00:00:04,856] {standard_task_runner.py:52} INFO - Started process 33813 to run task
[2022-07-15 00:00:04,864] {standard_task_runner.py:76} INFO - Running: ['airflow', 'tasks', 'run', 'matchup', 'run_script', '2022-07-14T18:00:00+00:00', '--job-id', '1592', '--pool', 'default_pool', '--raw', '--subdir', 'DAGS_FOLDER/matchup.py', '--cfg-path', '/tmp/tmp3_y_zq4g', '--error-file', '/tmp/tmpaw65nsia']
[2022-07-15 00:00:04,865] {standard_task_runner.py:77} INFO - Job 1592: Subtask run_script
[2022-07-15 00:00:04,905] {logging_mixin.py:104} INFO - Running <TaskInstance: matchup.run_script 2022-07-14T18:00:00+00:00 [running]> on host a41a09215c15
[2022-07-15 00:00:04,944] {taskinstance.py:1255} INFO - Exporting the following env vars:
AIRFLOW_CTX_DAG_EMAIL=r.chesne@gmail.com
AIRFLOW_CTX_DAG_OWNER=Robin
AIRFLOW_CTX_DAG_ID=matchup
AIRFLOW_CTX_TASK_ID=run_script
AIRFLOW_CTX_EXECUTION_DATE=2022-07-14T18:00:00+00:00
AIRFLOW_CTX_DAG_RUN_ID=scheduled__2022-07-14T18:00:00+00:00
[2022-07-15 00:00:04,944] {bash.py:135} INFO - Tmp dir root location: 
 /tmp
[2022-07-15 00:00:04,945] {bash.py:158} INFO - Running command: python /app/scripts/main.py
[2022-07-15 00:00:04,955] {bash.py:169} INFO - Output:
[2022-07-15 00:00:09,771] {bash.py:173} INFO - Italy
[2022-07-15 00:00:09,771] {bash.py:173} INFO - 30934
[2022-07-15 00:00:09,771] {bash.py:173} INFO - Greece
[2022-07-15 00:00:09,771] {bash.py:173} INFO - 5723
[2022-07-15 00:00:09,771] {bash.py:173} INFO - Italy: CO2 395, mix [('gas', 15294, '49'), ('hydro', 4654, '15'), ('coal', 3130, '10')]
[2022-07-15 00:00:09,771] {bash.py:173} INFO - Greece: CO2 452, mix [('gas', 3589, '63'), ('coal', 988, '17'), ('wind', 966, '17')]
[2022-07-15 00:00:09,771] {bash.py:173} INFO - Germany
[2022-07-15 00:00:09,771] {bash.py:173} INFO - 47857
[2022-07-15 00:00:09,771] {bash.py:173} INFO - UK
[2022-07-15 00:00:09,771] {bash.py:173} INFO - 26333
[2022-07-15 00:00:09,771] {bash.py:173} INFO - Germany: CO2 363, mix [('coal', 16835, '35'), ('wind', 16117, '34'), ('biomass', 4584, '10')]
[2022-07-15 00:00:09,771] {bash.py:173} INFO - UK: CO2 232, mix [('gas', 10301, '39'), ('wind', 7339, '28'), ('nuclear', 5039, '19')]
[2022-07-15 00:00:09,771] {bash.py:173} INFO - Sweden
[2022-07-15 00:00:09,771] {bash.py:173} INFO - 11219
[2022-07-15 00:00:09,771] {bash.py:173} INFO - Denmark
[2022-07-15 00:00:09,771] {bash.py:173} INFO - 1834
[2022-07-15 00:00:09,771] {bash.py:173} INFO - Sweden: CO2 22, mix [('hydro', 4521, '40'), ('nuclear', 3974, '35'), ('wind', 2472, '22')]
[2022-07-15 00:00:09,771] {bash.py:173} INFO - Denmark: CO2 114, mix [('wind', 1172, '64'), ('biomass', 166, '9'), ('hydro', 151, '8')]
[2022-07-15 00:00:09,808] {bash.py:177} INFO - Command exited with return code 0
[2022-07-15 00:00:09,821] {taskinstance.py:1159} INFO - Marking task as SUCCESS. dag_id=matchup, task_id=run_script, execution_date=20220714T180000, start_date=20220715T000004, end_date=20220715T000009
[2022-07-15 00:00:09,834] {taskinstance.py:1220} INFO - 0 downstream tasks scheduled from follow-on schedule check
[2022-07-15 00:00:09,853] {local_task_job.py:146} INFO - Task exited with return code 0
