[2022-03-06 00:04:31,104] {taskinstance.py:851} INFO - Dependencies all met for <TaskInstance: matchup.run_script 2022-03-05T18:00:00+00:00 [queued]>
[2022-03-06 00:04:31,110] {taskinstance.py:851} INFO - Dependencies all met for <TaskInstance: matchup.run_script 2022-03-05T18:00:00+00:00 [queued]>
[2022-03-06 00:04:31,110] {taskinstance.py:1042} INFO - 
--------------------------------------------------------------------------------
[2022-03-06 00:04:31,110] {taskinstance.py:1043} INFO - Starting attempt 5 of 6
[2022-03-06 00:04:31,110] {taskinstance.py:1044} INFO - 
--------------------------------------------------------------------------------
[2022-03-06 00:04:31,120] {taskinstance.py:1063} INFO - Executing <Task(BashOperator): run_script> on 2022-03-05T18:00:00+00:00
[2022-03-06 00:04:31,124] {standard_task_runner.py:52} INFO - Started process 219274 to run task
[2022-03-06 00:04:31,131] {standard_task_runner.py:76} INFO - Running: ['airflow', 'tasks', 'run', 'matchup', 'run_script', '2022-03-05T18:00:00+00:00', '--job-id', '160', '--pool', 'default_pool', '--raw', '--subdir', 'DAGS_FOLDER/matchup.py', '--cfg-path', '/tmp/tmp6ins1vsw', '--error-file', '/tmp/tmpwzsme0ox']
[2022-03-06 00:04:31,132] {standard_task_runner.py:77} INFO - Job 160: Subtask run_script
[2022-03-06 00:04:31,170] {logging_mixin.py:104} INFO - Running <TaskInstance: matchup.run_script 2022-03-05T18:00:00+00:00 [running]> on host 531edfb863fc
[2022-03-06 00:04:31,198] {taskinstance.py:1255} INFO - Exporting the following env vars:
AIRFLOW_CTX_DAG_EMAIL=r.chesne@gmail.com
AIRFLOW_CTX_DAG_OWNER=Robin
AIRFLOW_CTX_DAG_ID=matchup
AIRFLOW_CTX_TASK_ID=run_script
AIRFLOW_CTX_EXECUTION_DATE=2022-03-05T18:00:00+00:00
AIRFLOW_CTX_DAG_RUN_ID=scheduled__2022-03-05T18:00:00+00:00
[2022-03-06 00:04:31,199] {bash.py:135} INFO - Tmp dir root location: 
 /tmp
[2022-03-06 00:04:31,200] {bash.py:158} INFO - Running command: python /app/scripts/main.py
[2022-03-06 00:04:31,211] {bash.py:169} INFO - Output:
[2022-03-06 00:04:34,807] {bash.py:173} INFO - Italy: CO2 349, mix [('gas', 11536, '38'), ('wind', 5186, '17'), ('hydro', 3619, '12')]
[2022-03-06 00:04:34,807] {bash.py:173} INFO - Spain: CO2 171, mix [('nuclear', 8353, '31'), ('wind', 7308, '27'), ('gas', 6109, '22')]
[2022-03-06 00:04:34,807] {bash.py:173} INFO - Sweden: CO2 41, mix [('hydro', 5631, '32'), ('nuclear', 5470, '31'), ('wind', 4974, '28')]
[2022-03-06 00:04:34,807] {bash.py:173} INFO - Denmark: CO2 306, mix [('coal', 871, '23'), ('hydro', 851, '22'), ('biomass', 674, '17')]
[2022-03-06 00:04:34,807] {bash.py:173} INFO - Germany: CO2 483, mix [('coal', 21640, '47'), ('wind', 6806, '15'), ('gas', 5294, '11')]
[2022-03-06 00:04:34,807] {bash.py:173} INFO - UK: CO2 253, mix [('gas', 12729, '39'), ('nuclear', 6956, '21'), ('wind', 6800, '21')]
[2022-03-06 00:04:34,867] {bash.py:177} INFO - Command exited with return code 0
[2022-03-06 00:04:34,888] {taskinstance.py:1159} INFO - Marking task as SUCCESS. dag_id=matchup, task_id=run_script, execution_date=20220305T180000, start_date=20220306T000431, end_date=20220306T000434
[2022-03-06 00:04:34,905] {taskinstance.py:1220} INFO - 0 downstream tasks scheduled from follow-on schedule check
[2022-03-06 00:04:34,916] {local_task_job.py:146} INFO - Task exited with return code 0
