[2022-04-28 18:01:04,899] {taskinstance.py:851} INFO - Dependencies all met for <TaskInstance: matchup.run_script 2022-04-28T12:00:00+00:00 [queued]>
[2022-04-28 18:01:04,903] {taskinstance.py:851} INFO - Dependencies all met for <TaskInstance: matchup.run_script 2022-04-28T12:00:00+00:00 [queued]>
[2022-04-28 18:01:04,903] {taskinstance.py:1042} INFO - 
--------------------------------------------------------------------------------
[2022-04-28 18:01:04,903] {taskinstance.py:1043} INFO - Starting attempt 2 of 6
[2022-04-28 18:01:04,903] {taskinstance.py:1044} INFO - 
--------------------------------------------------------------------------------
[2022-04-28 18:01:04,910] {taskinstance.py:1063} INFO - Executing <Task(BashOperator): run_script> on 2022-04-28T12:00:00+00:00
[2022-04-28 18:01:04,912] {standard_task_runner.py:52} INFO - Started process 360240 to run task
[2022-04-28 18:01:04,917] {standard_task_runner.py:76} INFO - Running: ['airflow', 'tasks', 'run', 'matchup', 'run_script', '2022-04-28T12:00:00+00:00', '--job-id', '319', '--pool', 'default_pool', '--raw', '--subdir', 'DAGS_FOLDER/matchup.py', '--cfg-path', '/tmp/tmp14wnc47j', '--error-file', '/tmp/tmpm4toamcu']
[2022-04-28 18:01:04,918] {standard_task_runner.py:77} INFO - Job 319: Subtask run_script
[2022-04-28 18:01:04,940] {logging_mixin.py:104} INFO - Running <TaskInstance: matchup.run_script 2022-04-28T12:00:00+00:00 [running]> on host 193e33218975
[2022-04-28 18:01:04,955] {taskinstance.py:1255} INFO - Exporting the following env vars:
AIRFLOW_CTX_DAG_EMAIL=r.chesne@gmail.com
AIRFLOW_CTX_DAG_OWNER=Robin
AIRFLOW_CTX_DAG_ID=matchup
AIRFLOW_CTX_TASK_ID=run_script
AIRFLOW_CTX_EXECUTION_DATE=2022-04-28T12:00:00+00:00
AIRFLOW_CTX_DAG_RUN_ID=scheduled__2022-04-28T12:00:00+00:00
[2022-04-28 18:01:04,955] {bash.py:135} INFO - Tmp dir root location: 
 /tmp
[2022-04-28 18:01:04,955] {bash.py:158} INFO - Running command: python /app/scripts/main.py
[2022-04-28 18:01:04,960] {bash.py:169} INFO - Output:
[2022-04-28 18:01:08,877] {bash.py:173} INFO - Portugal
[2022-04-28 18:01:08,877] {bash.py:173} INFO - 5891
[2022-04-28 18:01:08,878] {bash.py:173} INFO - Italy
[2022-04-28 18:01:08,878] {bash.py:173} INFO - 34909
[2022-04-28 18:01:08,878] {bash.py:173} INFO - Portugal: CO2 252, mix [('gas', 2675, '45'), ('hydro', 1177, '20'), ('wind', 1096, '19')]
[2022-04-28 18:01:08,878] {bash.py:173} INFO - Italy: CO2 419, mix [('gas', 20782, '60'), ('hydro', 3723, '11'), ('wind', 3370, '10')]
[2022-04-28 18:01:08,878] {bash.py:173} INFO - Finland
[2022-04-28 18:01:08,878] {bash.py:173} INFO - 10399
[2022-04-28 18:01:08,878] {bash.py:173} INFO - Denmark
[2022-04-28 18:01:08,878] {bash.py:173} INFO - 5904
[2022-04-28 18:01:08,878] {bash.py:173} INFO - Finland: CO2 155, mix [('nuclear', 3729, '36'), ('hydro', 2340, '23'), ('wind', 1642, '16')]
[2022-04-28 18:01:08,878] {bash.py:173} INFO - Denmark: CO2 117, mix [('wind', 2842, '48'), ('hydro', 1252, '21'), ('biomass', 611, '10')]
[2022-04-28 18:01:08,878] {bash.py:173} INFO - France
[2022-04-28 18:01:08,878] {bash.py:173} INFO - 57854
[2022-04-28 18:01:08,878] {bash.py:173} INFO - UK
[2022-04-28 18:01:08,878] {bash.py:173} INFO - 33942
[2022-04-28 18:01:08,878] {bash.py:173} INFO - France: CO2 73, mix [('nuclear', 31531, '55'), ('wind', 9606, '17'), ('hydro', 7915, '14')]
[2022-04-28 18:01:08,878] {bash.py:173} INFO - UK: CO2 254, mix [('gas', 13495, '40'), ('wind', 10039, '30'), ('nuclear', 5282, '16')]
[2022-04-28 18:01:08,911] {bash.py:177} INFO - Command exited with return code 0
[2022-04-28 18:01:08,928] {taskinstance.py:1159} INFO - Marking task as SUCCESS. dag_id=matchup, task_id=run_script, execution_date=20220428T120000, start_date=20220428T180104, end_date=20220428T180108
[2022-04-28 18:01:08,941] {taskinstance.py:1220} INFO - 0 downstream tasks scheduled from follow-on schedule check
[2022-04-28 18:01:08,982] {local_task_job.py:146} INFO - Task exited with return code 0
