[2022-03-07 07:13:13,268] {taskinstance.py:851} INFO - Dependencies all met for <TaskInstance: matchup.run_script 2022-03-07T07:13:08.107270+00:00 [queued]>
[2022-03-07 07:13:13,276] {taskinstance.py:851} INFO - Dependencies all met for <TaskInstance: matchup.run_script 2022-03-07T07:13:08.107270+00:00 [queued]>
[2022-03-07 07:13:13,276] {taskinstance.py:1042} INFO - 
--------------------------------------------------------------------------------
[2022-03-07 07:13:13,276] {taskinstance.py:1043} INFO - Starting attempt 1 of 6
[2022-03-07 07:13:13,276] {taskinstance.py:1044} INFO - 
--------------------------------------------------------------------------------
[2022-03-07 07:13:13,286] {taskinstance.py:1063} INFO - Executing <Task(BashOperator): run_script> on 2022-03-07T07:13:08.107270+00:00
[2022-03-07 07:13:13,290] {standard_task_runner.py:52} INFO - Started process 237716 to run task
[2022-03-07 07:13:13,295] {standard_task_runner.py:76} INFO - Running: ['airflow', 'tasks', 'run', 'matchup', 'run_script', '2022-03-07T07:13:08.107270+00:00', '--job-id', '177', '--pool', 'default_pool', '--raw', '--subdir', 'DAGS_FOLDER/matchup.py', '--cfg-path', '/tmp/tmpac92r4m8', '--error-file', '/tmp/tmprqp5h5q1']
[2022-03-07 07:13:13,296] {standard_task_runner.py:77} INFO - Job 177: Subtask run_script
[2022-03-07 07:13:13,326] {logging_mixin.py:104} INFO - Running <TaskInstance: matchup.run_script 2022-03-07T07:13:08.107270+00:00 [running]> on host 531edfb863fc
[2022-03-07 07:13:13,355] {taskinstance.py:1255} INFO - Exporting the following env vars:
AIRFLOW_CTX_DAG_EMAIL=r.chesne@gmail.com
AIRFLOW_CTX_DAG_OWNER=Robin
AIRFLOW_CTX_DAG_ID=matchup
AIRFLOW_CTX_TASK_ID=run_script
AIRFLOW_CTX_EXECUTION_DATE=2022-03-07T07:13:08.107270+00:00
AIRFLOW_CTX_DAG_RUN_ID=manual__2022-03-07T07:13:08.107270+00:00
[2022-03-07 07:13:13,355] {bash.py:135} INFO - Tmp dir root location: 
 /tmp
[2022-03-07 07:13:13,356] {bash.py:158} INFO - Running command: python /app/scripts/main.py
[2022-03-07 07:13:13,369] {bash.py:169} INFO - Output:
[2022-03-07 07:13:17,960] {bash.py:173} INFO - Portugal: CO2 304, mix [('gas', 2345, '53'), ('wind', 988, '22'), ('biomass', 422, '10')]
[2022-03-07 07:13:17,960] {bash.py:173} INFO - Italy: CO2 429, mix [('gas', 11903, '47'), ('coal', 3639, '14'), ('hydro', 2686, '11')]
[2022-03-07 07:13:17,960] {bash.py:173} INFO - Norway: CO2 28, mix [('hydro', 13945, '83'), ('wind', 2202, '13'), ('hydro discharge', 405, '2')]
[2022-03-07 07:13:17,960] {bash.py:173} INFO - Denmark: CO2 291, mix [('hydro', 1054, '28'), ('coal', 853, '22'), ('biomass', 693, '18')]
[2022-03-07 07:13:17,960] {bash.py:173} INFO - Germany: CO2 494, mix [('coal', 22185, '46'), ('gas', 7038, '15'), ('wind', 5010, '10')]
[2022-03-07 07:13:17,960] {bash.py:173} INFO - France: CO2 91, mix [('nuclear', 40598, '68'), ('gas', 7045, '12'), ('wind', 5861, '10')]
[2022-03-07 07:13:18,015] {bash.py:177} INFO - Command exited with return code 0
[2022-03-07 07:13:18,033] {taskinstance.py:1159} INFO - Marking task as SUCCESS. dag_id=matchup, task_id=run_script, execution_date=20220307T071308, start_date=20220307T071313, end_date=20220307T071318
[2022-03-07 07:13:18,057] {taskinstance.py:1220} INFO - 0 downstream tasks scheduled from follow-on schedule check
[2022-03-07 07:13:18,086] {local_task_job.py:146} INFO - Task exited with return code 0
