[2022-03-27 00:00:03,890] {taskinstance.py:851} INFO - Dependencies all met for <TaskInstance: matchup.run_script 2022-03-26T18:00:00+00:00 [queued]>
[2022-03-27 00:00:03,897] {taskinstance.py:851} INFO - Dependencies all met for <TaskInstance: matchup.run_script 2022-03-26T18:00:00+00:00 [queued]>
[2022-03-27 00:00:03,897] {taskinstance.py:1042} INFO - 
--------------------------------------------------------------------------------
[2022-03-27 00:00:03,897] {taskinstance.py:1043} INFO - Starting attempt 1 of 6
[2022-03-27 00:00:03,897] {taskinstance.py:1044} INFO - 
--------------------------------------------------------------------------------
[2022-03-27 00:00:03,906] {taskinstance.py:1063} INFO - Executing <Task(BashOperator): run_script> on 2022-03-26T18:00:00+00:00
[2022-03-27 00:00:03,911] {standard_task_runner.py:52} INFO - Started process 518347 to run task
[2022-03-27 00:00:03,918] {standard_task_runner.py:76} INFO - Running: ['airflow', 'tasks', 'run', 'matchup', 'run_script', '2022-03-26T18:00:00+00:00', '--job-id', '503', '--pool', 'default_pool', '--raw', '--subdir', 'DAGS_FOLDER/matchup.py', '--cfg-path', '/tmp/tmpixy93_lp', '--error-file', '/tmp/tmpyokijpsy']
[2022-03-27 00:00:03,919] {standard_task_runner.py:77} INFO - Job 503: Subtask run_script
[2022-03-27 00:00:03,951] {logging_mixin.py:104} INFO - Running <TaskInstance: matchup.run_script 2022-03-26T18:00:00+00:00 [running]> on host 531edfb863fc
[2022-03-27 00:00:03,979] {taskinstance.py:1255} INFO - Exporting the following env vars:
AIRFLOW_CTX_DAG_EMAIL=r.chesne@gmail.com
AIRFLOW_CTX_DAG_OWNER=Robin
AIRFLOW_CTX_DAG_ID=matchup
AIRFLOW_CTX_TASK_ID=run_script
AIRFLOW_CTX_EXECUTION_DATE=2022-03-26T18:00:00+00:00
AIRFLOW_CTX_DAG_RUN_ID=scheduled__2022-03-26T18:00:00+00:00
[2022-03-27 00:00:03,979] {bash.py:135} INFO - Tmp dir root location: 
 /tmp
[2022-03-27 00:00:03,980] {bash.py:158} INFO - Running command: python /app/scripts/main.py
[2022-03-27 00:00:03,991] {bash.py:169} INFO - Output:
[2022-03-27 00:00:08,936] {bash.py:173} INFO - Spain
[2022-03-27 00:00:08,937] {bash.py:173} INFO - 26410
[2022-03-27 00:00:08,937] {bash.py:173} INFO - Italy
[2022-03-27 00:00:08,937] {bash.py:173} INFO - 28339
[2022-03-27 00:00:08,937] {bash.py:173} INFO - Spain: CO2 204, mix [('gas', 8808, '33'), ('nuclear', 7658, '29'), ('wind', 4587, '17')]
[2022-03-27 00:00:08,937] {bash.py:173} INFO - Italy: CO2 416, mix [('gas', 14019, '49'), ('coal', 3761, '13'), ('wind', 2870, '10')]
[2022-03-27 00:00:08,937] {bash.py:173} INFO - Finland
[2022-03-27 00:00:08,937] {bash.py:173} INFO - 9161
[2022-03-27 00:00:08,937] {bash.py:173} INFO - Norway
[2022-03-27 00:00:08,937] {bash.py:173} INFO - 15842
[2022-03-27 00:00:08,937] {bash.py:173} INFO - Finland: CO2 137, mix [('nuclear', 3016, '33'), ('wind', 2091, '23'), ('hydro', 1927, '21')]
[2022-03-27 00:00:08,937] {bash.py:173} INFO - Norway: CO2 29, mix [('hydro', 14323, '90'), ('wind', 793, '5'), ('nuclear', 267, '2')]
[2022-03-27 00:00:08,938] {bash.py:173} INFO - France
[2022-03-27 00:00:08,938] {bash.py:173} INFO - 46787
[2022-03-27 00:00:08,938] {bash.py:173} INFO - UK
[2022-03-27 00:00:08,938] {bash.py:173} INFO - 29083
[2022-03-27 00:00:08,938] {bash.py:173} INFO - France: CO2 79, mix [('nuclear', 28544, '61'), ('wind', 7263, '16'), ('gas', 5772, '12')]
[2022-03-27 00:00:08,938] {bash.py:173} INFO - UK: CO2 330, mix [('gas', 16927, '58'), ('nuclear', 5706, '20'), ('wind', 3266, '11')]
[2022-03-27 00:00:08,979] {bash.py:177} INFO - Command exited with return code 0
[2022-03-27 00:00:09,000] {taskinstance.py:1159} INFO - Marking task as SUCCESS. dag_id=matchup, task_id=run_script, execution_date=20220326T180000, start_date=20220327T000003, end_date=20220327T000009
[2022-03-27 00:00:09,011] {taskinstance.py:1220} INFO - 0 downstream tasks scheduled from follow-on schedule check
[2022-03-27 00:00:09,025] {local_task_job.py:146} INFO - Task exited with return code 0
