[2022-03-05 00:00:03,868] {taskinstance.py:851} INFO - Dependencies all met for <TaskInstance: matchup.run_script 2022-03-04T18:00:00+00:00 [queued]>
[2022-03-05 00:00:03,872] {taskinstance.py:851} INFO - Dependencies all met for <TaskInstance: matchup.run_script 2022-03-04T18:00:00+00:00 [queued]>
[2022-03-05 00:00:03,872] {taskinstance.py:1042} INFO - 
--------------------------------------------------------------------------------
[2022-03-05 00:00:03,872] {taskinstance.py:1043} INFO - Starting attempt 1 of 6
[2022-03-05 00:00:03,872] {taskinstance.py:1044} INFO - 
--------------------------------------------------------------------------------
[2022-03-05 00:00:03,879] {taskinstance.py:1063} INFO - Executing <Task(BashOperator): run_script> on 2022-03-04T18:00:00+00:00
[2022-03-05 00:00:03,884] {standard_task_runner.py:52} INFO - Started process 205073 to run task
[2022-03-05 00:00:03,892] {standard_task_runner.py:76} INFO - Running: ['airflow', 'tasks', 'run', 'matchup', 'run_script', '2022-03-04T18:00:00+00:00', '--job-id', '148', '--pool', 'default_pool', '--raw', '--subdir', 'DAGS_FOLDER/matchup.py', '--cfg-path', '/tmp/tmptamj3w6m', '--error-file', '/tmp/tmphnwwkje_']
[2022-03-05 00:00:03,893] {standard_task_runner.py:77} INFO - Job 148: Subtask run_script
[2022-03-05 00:00:03,932] {logging_mixin.py:104} INFO - Running <TaskInstance: matchup.run_script 2022-03-04T18:00:00+00:00 [running]> on host 531edfb863fc
[2022-03-05 00:00:03,967] {taskinstance.py:1255} INFO - Exporting the following env vars:
AIRFLOW_CTX_DAG_EMAIL=r.chesne@gmail.com
AIRFLOW_CTX_DAG_OWNER=Robin
AIRFLOW_CTX_DAG_ID=matchup
AIRFLOW_CTX_TASK_ID=run_script
AIRFLOW_CTX_EXECUTION_DATE=2022-03-04T18:00:00+00:00
AIRFLOW_CTX_DAG_RUN_ID=scheduled__2022-03-04T18:00:00+00:00
[2022-03-05 00:00:03,967] {bash.py:135} INFO - Tmp dir root location: 
 /tmp
[2022-03-05 00:00:03,968] {bash.py:158} INFO - Running command: python /app/scripts/main.py
[2022-03-05 00:00:03,977] {bash.py:169} INFO - Output:
[2022-03-05 00:00:07,402] {bash.py:173} INFO - Italy: CO2 451, mix [('gas', 20331, '59'), ('coal', 3817, '11'), ('unknown', 3073, '9')]
[2022-03-05 00:00:07,402] {bash.py:173} INFO - Spain: CO2 177, mix [('wind', 8194, '28'), ('nuclear', 7607, '26'), ('gas', 7134, '24')]
[2022-03-05 00:00:07,402] {bash.py:173} INFO - Finland: CO2 201, mix [('nuclear', 3172, '33'), ('hydro', 1902, '20'), ('wind', 1431, '15')]
[2022-03-05 00:00:07,402] {bash.py:173} INFO - Sweden: CO2 44, mix [('hydro', 7989, '45'), ('nuclear', 5740, '32'), ('wind', 2305, '13')]
[2022-03-05 00:00:07,402] {bash.py:173} INFO - Germany: CO2 434, mix [('coal', 22047, '42'), ('wind', 12324, '23'), ('gas', 5679, '11')]
[2022-03-05 00:00:07,402] {bash.py:173} INFO - UK: CO2 289, mix [('gas', 15062, '44'), ('nuclear', 7814, '23'), ('wind', 3930, '12')]
[2022-03-05 00:00:07,492] {bash.py:177} INFO - Command exited with return code 0
[2022-03-05 00:00:07,516] {taskinstance.py:1159} INFO - Marking task as SUCCESS. dag_id=matchup, task_id=run_script, execution_date=20220304T180000, start_date=20220305T000003, end_date=20220305T000007
[2022-03-05 00:00:07,535] {taskinstance.py:1220} INFO - 0 downstream tasks scheduled from follow-on schedule check
[2022-03-05 00:00:07,558] {local_task_job.py:146} INFO - Task exited with return code 0
