[2022-04-09 00:00:03,221] {taskinstance.py:851} INFO - Dependencies all met for <TaskInstance: matchup.run_script 2022-04-08T18:00:00+00:00 [queued]>
[2022-04-09 00:00:03,227] {taskinstance.py:851} INFO - Dependencies all met for <TaskInstance: matchup.run_script 2022-04-08T18:00:00+00:00 [queued]>
[2022-04-09 00:00:03,227] {taskinstance.py:1042} INFO - 
--------------------------------------------------------------------------------
[2022-04-09 00:00:03,227] {taskinstance.py:1043} INFO - Starting attempt 1 of 6
[2022-04-09 00:00:03,227] {taskinstance.py:1044} INFO - 
--------------------------------------------------------------------------------
[2022-04-09 00:00:03,235] {taskinstance.py:1063} INFO - Executing <Task(BashOperator): run_script> on 2022-04-08T18:00:00+00:00
[2022-04-09 00:00:03,238] {standard_task_runner.py:52} INFO - Started process 78799 to run task
[2022-04-09 00:00:03,245] {standard_task_runner.py:76} INFO - Running: ['airflow', 'tasks', 'run', 'matchup', 'run_script', '2022-04-08T18:00:00+00:00', '--job-id', '100', '--pool', 'default_pool', '--raw', '--subdir', 'DAGS_FOLDER/matchup.py', '--cfg-path', '/tmp/tmp_jtypho7', '--error-file', '/tmp/tmpwdbw1xpj']
[2022-04-09 00:00:03,245] {standard_task_runner.py:77} INFO - Job 100: Subtask run_script
[2022-04-09 00:00:03,274] {logging_mixin.py:104} INFO - Running <TaskInstance: matchup.run_script 2022-04-08T18:00:00+00:00 [running]> on host 193e33218975
[2022-04-09 00:00:03,299] {taskinstance.py:1255} INFO - Exporting the following env vars:
AIRFLOW_CTX_DAG_EMAIL=r.chesne@gmail.com
AIRFLOW_CTX_DAG_OWNER=Robin
AIRFLOW_CTX_DAG_ID=matchup
AIRFLOW_CTX_TASK_ID=run_script
AIRFLOW_CTX_EXECUTION_DATE=2022-04-08T18:00:00+00:00
AIRFLOW_CTX_DAG_RUN_ID=scheduled__2022-04-08T18:00:00+00:00
[2022-04-09 00:00:03,299] {bash.py:135} INFO - Tmp dir root location: 
 /tmp
[2022-04-09 00:00:03,299] {bash.py:158} INFO - Running command: python /app/scripts/main.py
[2022-04-09 00:00:03,307] {bash.py:169} INFO - Output:
[2022-04-09 00:00:07,254] {bash.py:173} INFO - Spain
[2022-04-09 00:00:07,255] {bash.py:173} INFO - 26218
[2022-04-09 00:00:07,255] {bash.py:173} INFO - Italy
[2022-04-09 00:00:07,255] {bash.py:173} INFO - 29350
[2022-04-09 00:00:07,255] {bash.py:173} INFO - Spain: CO2 154, mix [('wind', 10414, '40'), ('nuclear', 5431, '21'), ('gas', 4401, '17')]
[2022-04-09 00:00:07,255] {bash.py:173} INFO - Italy: CO2 352, mix [('gas', 12329, '42'), ('wind', 5506, '19'), ('unknown', 2839, '10')]
[2022-04-09 00:00:07,255] {bash.py:173} INFO - Sweden
[2022-04-09 00:00:07,255] {bash.py:173} INFO - 16330
[2022-04-09 00:00:07,255] {bash.py:173} INFO - Finland
[2022-04-09 00:00:07,255] {bash.py:173} INFO - 8543
[2022-04-09 00:00:07,255] {bash.py:173} INFO - Sweden: CO2 38, mix [('nuclear', 5614, '34'), ('hydro', 4875, '30'), ('wind', 4490, '27')]
[2022-04-09 00:00:07,255] {bash.py:173} INFO - Finland: CO2 149, mix [('nuclear', 2934, '34'), ('wind', 2213, '26'), ('hydro', 1127, '13')]
[2022-04-09 00:00:07,255] {bash.py:173} INFO - Germany
[2022-04-09 00:00:07,255] {bash.py:173} INFO - 48064
[2022-04-09 00:00:07,255] {bash.py:173} INFO - France
[2022-04-09 00:00:07,255] {bash.py:173} INFO - 54955
[2022-04-09 00:00:07,255] {bash.py:173} INFO - Germany: CO2 342, mix [('wind', 16970, '35'), ('coal', 15316, '32'), ('biomass', 4243, '9')]
[2022-04-09 00:00:07,255] {bash.py:173} INFO - France: CO2 91, mix [('nuclear', 30838, '56'), ('hydro', 7855, '14'), ('wind', 6724, '12')]
[2022-04-09 00:00:07,296] {bash.py:177} INFO - Command exited with return code 0
[2022-04-09 00:00:07,311] {taskinstance.py:1159} INFO - Marking task as SUCCESS. dag_id=matchup, task_id=run_script, execution_date=20220408T180000, start_date=20220409T000003, end_date=20220409T000007
[2022-04-09 00:00:07,339] {taskinstance.py:1220} INFO - 0 downstream tasks scheduled from follow-on schedule check
[2022-04-09 00:00:07,348] {local_task_job.py:146} INFO - Task exited with return code 0
