[2022-03-19 18:02:08,684] {taskinstance.py:851} INFO - Dependencies all met for <TaskInstance: matchup.run_script 2022-03-19T12:00:00+00:00 [queued]>
[2022-03-19 18:02:08,688] {taskinstance.py:851} INFO - Dependencies all met for <TaskInstance: matchup.run_script 2022-03-19T12:00:00+00:00 [queued]>
[2022-03-19 18:02:08,688] {taskinstance.py:1042} INFO - 
--------------------------------------------------------------------------------
[2022-03-19 18:02:08,688] {taskinstance.py:1043} INFO - Starting attempt 3 of 6
[2022-03-19 18:02:08,688] {taskinstance.py:1044} INFO - 
--------------------------------------------------------------------------------
[2022-03-19 18:02:08,695] {taskinstance.py:1063} INFO - Executing <Task(BashOperator): run_script> on 2022-03-19T12:00:00+00:00
[2022-03-19 18:02:08,698] {standard_task_runner.py:52} INFO - Started process 415094 to run task
[2022-03-19 18:02:08,706] {standard_task_runner.py:76} INFO - Running: ['airflow', 'tasks', 'run', 'matchup', 'run_script', '2022-03-19T12:00:00+00:00', '--job-id', '386', '--pool', 'default_pool', '--raw', '--subdir', 'DAGS_FOLDER/matchup.py', '--cfg-path', '/tmp/tmpi1u4m_vt', '--error-file', '/tmp/tmpbhtdhl_m']
[2022-03-19 18:02:08,707] {standard_task_runner.py:77} INFO - Job 386: Subtask run_script
[2022-03-19 18:02:08,735] {logging_mixin.py:104} INFO - Running <TaskInstance: matchup.run_script 2022-03-19T12:00:00+00:00 [running]> on host 531edfb863fc
[2022-03-19 18:02:08,754] {taskinstance.py:1255} INFO - Exporting the following env vars:
AIRFLOW_CTX_DAG_EMAIL=r.chesne@gmail.com
AIRFLOW_CTX_DAG_OWNER=Robin
AIRFLOW_CTX_DAG_ID=matchup
AIRFLOW_CTX_TASK_ID=run_script
AIRFLOW_CTX_EXECUTION_DATE=2022-03-19T12:00:00+00:00
AIRFLOW_CTX_DAG_RUN_ID=scheduled__2022-03-19T12:00:00+00:00
[2022-03-19 18:02:08,754] {bash.py:135} INFO - Tmp dir root location: 
 /tmp
[2022-03-19 18:02:08,755] {bash.py:158} INFO - Running command: python /app/scripts/main.py
[2022-03-19 18:02:08,761] {bash.py:169} INFO - Output:
[2022-03-19 18:02:12,936] {bash.py:173} INFO - Italy
[2022-03-19 18:02:12,936] {bash.py:173} INFO - 28982
[2022-03-19 18:02:12,936] {bash.py:173} INFO - Portugal
[2022-03-19 18:02:12,936] {bash.py:173} INFO - 2848
[2022-03-19 18:02:12,936] {bash.py:173} INFO - Italy: CO2 333, mix [('gas', 11026, '38'), ('wind', 4790, '17'), ('coal', 3258, '11')]
[2022-03-19 18:02:12,936] {bash.py:173} INFO - Portugal: CO2 209, mix [('wind', 1105, '39'), ('gas', 983, '35'), ('biomass', 294, '10')]
[2022-03-19 18:02:12,936] {bash.py:173} INFO - Denmark
[2022-03-19 18:02:12,936] {bash.py:173} INFO - 3962
[2022-03-19 18:02:12,936] {bash.py:173} INFO - Sweden
[2022-03-19 18:02:12,936] {bash.py:173} INFO - 16777
[2022-03-19 18:02:12,937] {bash.py:173} INFO - Denmark: CO2 186, mix [('wind', 1518, '38'), ('solar', 640, '16'), ('coal', 475, '12')]
[2022-03-19 18:02:12,937] {bash.py:173} INFO - Sweden: CO2 41, mix [('nuclear', 5637, '34'), ('wind', 4774, '28'), ('hydro', 4734, '28')]
[2022-03-19 18:02:12,937] {bash.py:173} INFO - Germany
[2022-03-19 18:02:12,937] {bash.py:173} INFO - 54012
[2022-03-19 18:02:12,937] {bash.py:173} INFO - France
[2022-03-19 18:02:12,937] {bash.py:173} INFO - 48771
[2022-03-19 18:02:12,937] {bash.py:173} INFO - Germany: CO2 237, mix [('wind', 27037, '50'), ('coal', 11433, '21'), ('biomass', 4394, '8')]
[2022-03-19 18:02:12,937] {bash.py:173} INFO - France: CO2 62, mix [('nuclear', 31880, '65'), ('wind', 7017, '14'), ('hydro', 3826, '8')]
[2022-03-19 18:02:12,977] {bash.py:177} INFO - Command exited with return code 0
[2022-03-19 18:02:12,995] {taskinstance.py:1159} INFO - Marking task as SUCCESS. dag_id=matchup, task_id=run_script, execution_date=20220319T120000, start_date=20220319T180208, end_date=20220319T180212
[2022-03-19 18:02:13,009] {taskinstance.py:1220} INFO - 0 downstream tasks scheduled from follow-on schedule check
[2022-03-19 18:02:13,053] {local_task_job.py:146} INFO - Task exited with return code 0
