[2022-07-15 06:00:04,448] {taskinstance.py:851} INFO - Dependencies all met for <TaskInstance: matchup.run_script 2022-07-15T00:00:00+00:00 [queued]>
[2022-07-15 06:00:04,455] {taskinstance.py:851} INFO - Dependencies all met for <TaskInstance: matchup.run_script 2022-07-15T00:00:00+00:00 [queued]>
[2022-07-15 06:00:04,456] {taskinstance.py:1042} INFO - 
--------------------------------------------------------------------------------
[2022-07-15 06:00:04,456] {taskinstance.py:1043} INFO - Starting attempt 1 of 6
[2022-07-15 06:00:04,456] {taskinstance.py:1044} INFO - 
--------------------------------------------------------------------------------
[2022-07-15 06:00:04,466] {taskinstance.py:1063} INFO - Executing <Task(BashOperator): run_script> on 2022-07-15T00:00:00+00:00
[2022-07-15 06:00:04,470] {standard_task_runner.py:52} INFO - Started process 34546 to run task
[2022-07-15 06:00:04,476] {standard_task_runner.py:76} INFO - Running: ['airflow', 'tasks', 'run', 'matchup', 'run_script', '2022-07-15T00:00:00+00:00', '--job-id', '1594', '--pool', 'default_pool', '--raw', '--subdir', 'DAGS_FOLDER/matchup.py', '--cfg-path', '/tmp/tmpl1p262r8', '--error-file', '/tmp/tmp7zt67ui6']
[2022-07-15 06:00:04,476] {standard_task_runner.py:77} INFO - Job 1594: Subtask run_script
[2022-07-15 06:00:04,510] {logging_mixin.py:104} INFO - Running <TaskInstance: matchup.run_script 2022-07-15T00:00:00+00:00 [running]> on host a41a09215c15
[2022-07-15 06:00:04,549] {taskinstance.py:1255} INFO - Exporting the following env vars:
AIRFLOW_CTX_DAG_EMAIL=r.chesne@gmail.com
AIRFLOW_CTX_DAG_OWNER=Robin
AIRFLOW_CTX_DAG_ID=matchup
AIRFLOW_CTX_TASK_ID=run_script
AIRFLOW_CTX_EXECUTION_DATE=2022-07-15T00:00:00+00:00
AIRFLOW_CTX_DAG_RUN_ID=scheduled__2022-07-15T00:00:00+00:00
[2022-07-15 06:00:04,550] {bash.py:135} INFO - Tmp dir root location: 
 /tmp
[2022-07-15 06:00:04,551] {bash.py:158} INFO - Running command: python /app/scripts/main.py
[2022-07-15 06:00:04,563] {bash.py:169} INFO - Output:
[2022-07-15 06:00:08,464] {bash.py:173} INFO - Portugal
[2022-07-15 06:00:08,464] {bash.py:173} INFO - 3784
[2022-07-15 06:00:08,464] {bash.py:173} INFO - Spain
[2022-07-15 06:00:08,465] {bash.py:173} INFO - 30362
[2022-07-15 06:00:08,465] {bash.py:173} INFO - Portugal: CO2 297, mix [('gas', 2101, '56'), ('wind', 1347, '36'), ('biomass', 313, '8')]
[2022-07-15 06:00:08,465] {bash.py:173} INFO - Spain: CO2 250, mix [('gas', 13438, '44'), ('wind', 7612, '25'), ('nuclear', 6533, '22')]
[2022-07-15 06:00:08,465] {bash.py:173} INFO - Germany
[2022-07-15 06:00:08,465] {bash.py:173} INFO - 50970
[2022-07-15 06:00:08,465] {bash.py:173} INFO - Hungary
[2022-07-15 06:00:08,465] {bash.py:173} INFO - 3852
[2022-07-15 06:00:08,465] {bash.py:173} INFO - Germany: CO2 377, mix [('coal', 17709, '35'), ('wind', 13439, '26'), ('gas', 5519, '11')]
[2022-07-15 06:00:08,465] {bash.py:173} INFO - Hungary: CO2 263, mix [('nuclear', 1837, '48'), ('gas', 1117, '29'), ('coal', 424, '11')]
[2022-07-15 06:00:08,465] {bash.py:173} INFO - Norway
[2022-07-15 06:00:08,465] {bash.py:173} INFO - 14122
[2022-07-15 06:00:08,465] {bash.py:173} INFO - Finland
[2022-07-15 06:00:08,465] {bash.py:173} INFO - 7658
[2022-07-15 06:00:08,465] {bash.py:173} INFO - Norway: CO2 36, mix [('hydro', 12328, '87'), ('wind', 1368, '10'), ('gas', 185, '1')]
[2022-07-15 06:00:08,465] {bash.py:173} INFO - Finland: CO2 90, mix [('hydro', 2848, '37'), ('nuclear', 2522, '33'), ('wind', 988, '13')]
[2022-07-15 06:00:08,540] {bash.py:177} INFO - Command exited with return code 0
[2022-07-15 06:00:08,559] {taskinstance.py:1159} INFO - Marking task as SUCCESS. dag_id=matchup, task_id=run_script, execution_date=20220715T000000, start_date=20220715T060004, end_date=20220715T060008
[2022-07-15 06:00:08,576] {taskinstance.py:1220} INFO - 0 downstream tasks scheduled from follow-on schedule check
[2022-07-15 06:00:08,621] {local_task_job.py:146} INFO - Task exited with return code 0
