[2022-04-30 12:00:04,053] {taskinstance.py:851} INFO - Dependencies all met for <TaskInstance: matchup.run_script 2022-04-30T06:00:00+00:00 [queued]>
[2022-04-30 12:00:04,058] {taskinstance.py:851} INFO - Dependencies all met for <TaskInstance: matchup.run_script 2022-04-30T06:00:00+00:00 [queued]>
[2022-04-30 12:00:04,058] {taskinstance.py:1042} INFO - 
--------------------------------------------------------------------------------
[2022-04-30 12:00:04,058] {taskinstance.py:1043} INFO - Starting attempt 1 of 6
[2022-04-30 12:00:04,058] {taskinstance.py:1044} INFO - 
--------------------------------------------------------------------------------
[2022-04-30 12:00:04,064] {taskinstance.py:1063} INFO - Executing <Task(BashOperator): run_script> on 2022-04-30T06:00:00+00:00
[2022-04-30 12:00:04,067] {standard_task_runner.py:52} INFO - Started process 385127 to run task
[2022-04-30 12:00:04,071] {standard_task_runner.py:76} INFO - Running: ['airflow', 'tasks', 'run', 'matchup', 'run_script', '2022-04-30T06:00:00+00:00', '--job-id', '333', '--pool', 'default_pool', '--raw', '--subdir', 'DAGS_FOLDER/matchup.py', '--cfg-path', '/tmp/tmp3h9em7ul', '--error-file', '/tmp/tmp6sbjiu74']
[2022-04-30 12:00:04,071] {standard_task_runner.py:77} INFO - Job 333: Subtask run_script
[2022-04-30 12:00:04,099] {logging_mixin.py:104} INFO - Running <TaskInstance: matchup.run_script 2022-04-30T06:00:00+00:00 [running]> on host 193e33218975
[2022-04-30 12:00:04,119] {taskinstance.py:1255} INFO - Exporting the following env vars:
AIRFLOW_CTX_DAG_EMAIL=r.chesne@gmail.com
AIRFLOW_CTX_DAG_OWNER=Robin
AIRFLOW_CTX_DAG_ID=matchup
AIRFLOW_CTX_TASK_ID=run_script
AIRFLOW_CTX_EXECUTION_DATE=2022-04-30T06:00:00+00:00
AIRFLOW_CTX_DAG_RUN_ID=scheduled__2022-04-30T06:00:00+00:00
[2022-04-30 12:00:04,119] {bash.py:135} INFO - Tmp dir root location: 
 /tmp
[2022-04-30 12:00:04,120] {bash.py:158} INFO - Running command: python /app/scripts/main.py
[2022-04-30 12:00:04,125] {bash.py:169} INFO - Output:
[2022-04-30 12:00:08,031] {bash.py:173} INFO - Spain
[2022-04-30 12:00:08,031] {bash.py:173} INFO - 33726
[2022-04-30 12:00:08,031] {bash.py:173} INFO - Italy
[2022-04-30 12:00:08,031] {bash.py:173} INFO - 33070
[2022-04-30 12:00:08,031] {bash.py:173} INFO - Spain: CO2 121, mix [('solar', 9786, '29'), ('wind', 9328, '28'), ('nuclear', 5792, '17')]
[2022-04-30 12:00:08,031] {bash.py:173} INFO - Italy: CO2 329, mix [('gas', 14916, '45'), ('solar', 7909, '24'), ('wind', 3373, '10')]
[2022-04-30 12:00:08,031] {bash.py:173} INFO - Sweden
[2022-04-30 12:00:08,032] {bash.py:173} INFO - 18026
[2022-04-30 12:00:08,032] {bash.py:173} INFO - Denmark
[2022-04-30 12:00:08,032] {bash.py:173} INFO - 6220
[2022-04-30 12:00:08,032] {bash.py:173} INFO - Sweden: CO2 45, mix [('hydro', 7197, '40'), ('nuclear', 5719, '32'), ('wind', 3302, '18')]
[2022-04-30 12:00:08,032] {bash.py:173} INFO - Denmark: CO2 138, mix [('wind', 3022, '49'), ('solar', 843, '14'), ('biomass', 598, '10')]
[2022-04-30 12:00:08,032] {bash.py:173} INFO - UK
[2022-04-30 12:00:08,032] {bash.py:173} INFO - 31005
[2022-04-30 12:00:08,032] {bash.py:173} INFO - Germany
[2022-04-30 12:00:08,032] {bash.py:173} INFO - 67320
[2022-04-30 12:00:08,032] {bash.py:173} INFO - UK: CO2 220, mix [('gas', 10886, '35'), ('wind', 8358, '27'), ('nuclear', 4813, '16')]
[2022-04-30 12:00:08,032] {bash.py:173} INFO - Germany: CO2 243, mix [('wind', 26554, '39'), ('coal', 14425, '21'), ('solar', 11963, '18')]
[2022-04-30 12:00:08,069] {bash.py:177} INFO - Command exited with return code 0
[2022-04-30 12:00:08,084] {taskinstance.py:1159} INFO - Marking task as SUCCESS. dag_id=matchup, task_id=run_script, execution_date=20220430T060000, start_date=20220430T120004, end_date=20220430T120008
[2022-04-30 12:00:08,096] {taskinstance.py:1220} INFO - 0 downstream tasks scheduled from follow-on schedule check
[2022-04-30 12:00:08,136] {local_task_job.py:146} INFO - Task exited with return code 0
