[2022-03-09 06:00:05,189] {taskinstance.py:851} INFO - Dependencies all met for <TaskInstance: matchup.run_script 2022-03-09T00:00:00+00:00 [queued]>
[2022-03-09 06:00:05,196] {taskinstance.py:851} INFO - Dependencies all met for <TaskInstance: matchup.run_script 2022-03-09T00:00:00+00:00 [queued]>
[2022-03-09 06:00:05,196] {taskinstance.py:1042} INFO - 
--------------------------------------------------------------------------------
[2022-03-09 06:00:05,196] {taskinstance.py:1043} INFO - Starting attempt 1 of 6
[2022-03-09 06:00:05,196] {taskinstance.py:1044} INFO - 
--------------------------------------------------------------------------------
[2022-03-09 06:00:05,207] {taskinstance.py:1063} INFO - Executing <Task(BashOperator): run_script> on 2022-03-09T00:00:00+00:00
[2022-03-09 06:00:05,210] {standard_task_runner.py:52} INFO - Started process 265722 to run task
[2022-03-09 06:00:05,215] {standard_task_runner.py:76} INFO - Running: ['airflow', 'tasks', 'run', 'matchup', 'run_script', '2022-03-09T00:00:00+00:00', '--job-id', '229', '--pool', 'default_pool', '--raw', '--subdir', 'DAGS_FOLDER/matchup.py', '--cfg-path', '/tmp/tmp8sobnug6', '--error-file', '/tmp/tmpzohb6bbw']
[2022-03-09 06:00:05,215] {standard_task_runner.py:77} INFO - Job 229: Subtask run_script
[2022-03-09 06:00:05,245] {logging_mixin.py:104} INFO - Running <TaskInstance: matchup.run_script 2022-03-09T00:00:00+00:00 [running]> on host 531edfb863fc
[2022-03-09 06:00:05,273] {taskinstance.py:1255} INFO - Exporting the following env vars:
AIRFLOW_CTX_DAG_EMAIL=r.chesne@gmail.com
AIRFLOW_CTX_DAG_OWNER=Robin
AIRFLOW_CTX_DAG_ID=matchup
AIRFLOW_CTX_TASK_ID=run_script
AIRFLOW_CTX_EXECUTION_DATE=2022-03-09T00:00:00+00:00
AIRFLOW_CTX_DAG_RUN_ID=scheduled__2022-03-09T00:00:00+00:00
[2022-03-09 06:00:05,273] {bash.py:135} INFO - Tmp dir root location: 
 /tmp
[2022-03-09 06:00:05,274] {bash.py:158} INFO - Running command: python /app/scripts/main.py
[2022-03-09 06:00:05,282] {bash.py:169} INFO - Output:
[2022-03-09 06:00:09,611] {bash.py:173} INFO - Spain
[2022-03-09 06:00:09,612] {bash.py:173} INFO - 22326
[2022-03-09 06:00:09,612] {bash.py:173} INFO - Italy
[2022-03-09 06:00:09,612] {bash.py:173} INFO - 26447
[2022-03-09 06:00:09,612] {bash.py:173} INFO - Spain: CO2 195, mix [('nuclear', 7872, '35'), ('gas', 6080, '27'), ('wind', 5132, '23')]
[2022-03-09 06:00:09,612] {bash.py:173} INFO - Italy: CO2 375, mix [('gas', 10366, '39'), ('wind', 5020, '19'), ('coal', 3223, '12')]
[2022-03-09 06:00:09,612] {bash.py:173} INFO - Sweden
[2022-03-09 06:00:09,612] {bash.py:173} INFO - 17747
[2022-03-09 06:00:09,612] {bash.py:173} INFO - Finland
[2022-03-09 06:00:09,612] {bash.py:173} INFO - 10280
[2022-03-09 06:00:09,612] {bash.py:173} INFO - Sweden: CO2 48, mix [('hydro', 8731, '49'), ('nuclear', 5695, '32'), ('unknown', 1914, '11')]
[2022-03-09 06:00:09,612] {bash.py:173} INFO - Finland: CO2 226, mix [('nuclear', 3349, '33'), ('hydro', 2742, '27'), ('coal', 1488, '14')]
[2022-03-09 06:00:09,612] {bash.py:173} INFO - UK
[2022-03-09 06:00:09,612] {bash.py:173} INFO - 23385
[2022-03-09 06:00:09,612] {bash.py:173} INFO - Germany
[2022-03-09 06:00:09,612] {bash.py:173} INFO - 48291
[2022-03-09 06:00:09,612] {bash.py:173} INFO - UK: CO2 127, mix [('wind', 10528, '45'), ('nuclear', 5557, '24'), ('gas', 3992, '17')]
[2022-03-09 06:00:09,612] {bash.py:173} INFO - Germany: CO2 477, mix [('coal', 22153, '46'), ('wind', 7565, '16'), ('gas', 5861, '12')]
[2022-03-09 06:00:09,659] {bash.py:177} INFO - Command exited with return code 0
[2022-03-09 06:00:09,677] {taskinstance.py:1159} INFO - Marking task as SUCCESS. dag_id=matchup, task_id=run_script, execution_date=20220309T000000, start_date=20220309T060005, end_date=20220309T060009
[2022-03-09 06:00:09,695] {taskinstance.py:1220} INFO - 0 downstream tasks scheduled from follow-on schedule check
[2022-03-09 06:00:09,725] {local_task_job.py:146} INFO - Task exited with return code 0
