[2022-02-19 18:00:04,777] {taskinstance.py:851} INFO - Dependencies all met for <TaskInstance: matchup.run_script 2022-02-19T12:00:00+00:00 [queued]>
[2022-02-19 18:00:04,786] {taskinstance.py:851} INFO - Dependencies all met for <TaskInstance: matchup.run_script 2022-02-19T12:00:00+00:00 [queued]>
[2022-02-19 18:00:04,786] {taskinstance.py:1042} INFO - 
--------------------------------------------------------------------------------
[2022-02-19 18:00:04,786] {taskinstance.py:1043} INFO - Starting attempt 1 of 6
[2022-02-19 18:00:04,786] {taskinstance.py:1044} INFO - 
--------------------------------------------------------------------------------
[2022-02-19 18:00:04,798] {taskinstance.py:1063} INFO - Executing <Task(BashOperator): run_script> on 2022-02-19T12:00:00+00:00
[2022-02-19 18:00:04,802] {standard_task_runner.py:52} INFO - Started process 17427 to run task
[2022-02-19 18:00:04,808] {standard_task_runner.py:76} INFO - Running: ['airflow', 'tasks', 'run', 'matchup', 'run_script', '2022-02-19T12:00:00+00:00', '--job-id', '20', '--pool', 'default_pool', '--raw', '--subdir', 'DAGS_FOLDER/matchup.py', '--cfg-path', '/tmp/tmp3z59eaoe', '--error-file', '/tmp/tmp8ieh2sms']
[2022-02-19 18:00:04,809] {standard_task_runner.py:77} INFO - Job 20: Subtask run_script
[2022-02-19 18:00:04,849] {logging_mixin.py:104} INFO - Running <TaskInstance: matchup.run_script 2022-02-19T12:00:00+00:00 [running]> on host 531edfb863fc
[2022-02-19 18:00:04,884] {taskinstance.py:1255} INFO - Exporting the following env vars:
AIRFLOW_CTX_DAG_EMAIL=r.chesne@gmail.com
AIRFLOW_CTX_DAG_OWNER=Robin
AIRFLOW_CTX_DAG_ID=matchup
AIRFLOW_CTX_TASK_ID=run_script
AIRFLOW_CTX_EXECUTION_DATE=2022-02-19T12:00:00+00:00
AIRFLOW_CTX_DAG_RUN_ID=scheduled__2022-02-19T12:00:00+00:00
[2022-02-19 18:00:04,885] {bash.py:135} INFO - Tmp dir root location: 
 /tmp
[2022-02-19 18:00:04,886] {bash.py:158} INFO - Running command: python /app/scripts/main.py
[2022-02-19 18:00:04,894] {bash.py:169} INFO - Output:
[2022-02-19 18:00:07,411] {bash.py:173} INFO - Spain: CO2 113, mix [('wind', 8234, '30'), ('nuclear', 7103, '25'), ('solar', 5488, '20')]
[2022-02-19 18:00:07,411] {bash.py:173} INFO - Portugal: CO2 114, mix [('wind', 2495, '56'), ('solar', 793, '18'), ('gas', 663, '15')]
[2022-02-19 18:00:07,411] {bash.py:173} INFO - Sweden: CO2 43, mix [('hydro', 9363, '43'), ('nuclear', 5585, '26'), ('wind', 4697, '22')]
[2022-02-19 18:00:07,412] {bash.py:173} INFO - Finland: CO2 188, mix [('nuclear', 2800, '37'), ('hydro', 1600, '21'), ('coal', 1247, '16')]
[2022-02-19 18:00:07,412] {bash.py:173} INFO - Germany: CO2 184, mix [('wind', 37444, '57'), ('coal', 8673, '13'), ('biomass', 5228, '8')]
[2022-02-19 18:00:07,412] {bash.py:173} INFO - UK: CO2 263, mix [('gas', 13414, '46'), ('nuclear', 5274, '18'), ('wind', 4617, '16')]
[2022-02-19 18:00:07,503] {bash.py:177} INFO - Command exited with return code 0
[2022-02-19 18:00:07,530] {taskinstance.py:1159} INFO - Marking task as SUCCESS. dag_id=matchup, task_id=run_script, execution_date=20220219T120000, start_date=20220219T180004, end_date=20220219T180007
[2022-02-19 18:00:07,553] {taskinstance.py:1220} INFO - 0 downstream tasks scheduled from follow-on schedule check
[2022-02-19 18:00:07,592] {local_task_job.py:146} INFO - Task exited with return code 0
