[2022-04-14 06:02:08,163] {taskinstance.py:851} INFO - Dependencies all met for <TaskInstance: matchup.run_script 2022-04-14T00:00:00+00:00 [queued]>
[2022-04-14 06:02:08,167] {taskinstance.py:851} INFO - Dependencies all met for <TaskInstance: matchup.run_script 2022-04-14T00:00:00+00:00 [queued]>
[2022-04-14 06:02:08,168] {taskinstance.py:1042} INFO - 
--------------------------------------------------------------------------------
[2022-04-14 06:02:08,168] {taskinstance.py:1043} INFO - Starting attempt 3 of 6
[2022-04-14 06:02:08,168] {taskinstance.py:1044} INFO - 
--------------------------------------------------------------------------------
[2022-04-14 06:02:08,174] {taskinstance.py:1063} INFO - Executing <Task(BashOperator): run_script> on 2022-04-14T00:00:00+00:00
[2022-04-14 06:02:08,177] {standard_task_runner.py:52} INFO - Started process 153627 to run task
[2022-04-14 06:02:08,182] {standard_task_runner.py:76} INFO - Running: ['airflow', 'tasks', 'run', 'matchup', 'run_script', '2022-04-14T00:00:00+00:00', '--job-id', '157', '--pool', 'default_pool', '--raw', '--subdir', 'DAGS_FOLDER/matchup.py', '--cfg-path', '/tmp/tmpmtgncj0s', '--error-file', '/tmp/tmpmhcsve0p']
[2022-04-14 06:02:08,183] {standard_task_runner.py:77} INFO - Job 157: Subtask run_script
[2022-04-14 06:02:08,210] {logging_mixin.py:104} INFO - Running <TaskInstance: matchup.run_script 2022-04-14T00:00:00+00:00 [running]> on host 193e33218975
[2022-04-14 06:02:08,225] {taskinstance.py:1255} INFO - Exporting the following env vars:
AIRFLOW_CTX_DAG_EMAIL=r.chesne@gmail.com
AIRFLOW_CTX_DAG_OWNER=Robin
AIRFLOW_CTX_DAG_ID=matchup
AIRFLOW_CTX_TASK_ID=run_script
AIRFLOW_CTX_EXECUTION_DATE=2022-04-14T00:00:00+00:00
AIRFLOW_CTX_DAG_RUN_ID=scheduled__2022-04-14T00:00:00+00:00
[2022-04-14 06:02:08,225] {bash.py:135} INFO - Tmp dir root location: 
 /tmp
[2022-04-14 06:02:08,226] {bash.py:158} INFO - Running command: python /app/scripts/main.py
[2022-04-14 06:02:08,232] {bash.py:169} INFO - Output:
[2022-04-14 06:02:11,602] {bash.py:173} INFO - Portugal
[2022-04-14 06:02:11,602] {bash.py:173} INFO - 4380
[2022-04-14 06:02:11,602] {bash.py:173} INFO - Spain
[2022-04-14 06:02:11,602] {bash.py:173} INFO - 19802
[2022-04-14 06:02:11,602] {bash.py:173} INFO - Portugal: CO2 297, mix [('gas', 2379, '54'), ('wind', 928, '21'), ('hydro', 623, '14')]
[2022-04-14 06:02:11,602] {bash.py:173} INFO - Spain: CO2 190, mix [('nuclear', 6154, '31'), ('wind', 5545, '28'), ('gas', 4292, '22')]
[2022-04-14 06:02:11,602] {bash.py:173} INFO - Norway
[2022-04-14 06:02:11,602] {bash.py:173} INFO - 15194
[2022-04-14 06:02:11,603] {bash.py:173} INFO - Finland
[2022-04-14 06:02:11,603] {bash.py:173} INFO - 9200
[2022-04-14 06:02:11,603] {bash.py:173} INFO - Norway: CO2 29, mix [('hydro', 14065, '93'), ('wind', 497, '3'), ('hydro discharge', 321, '2')]
[2022-04-14 06:02:11,603] {bash.py:173} INFO - Finland: CO2 165, mix [('nuclear', 3808, '41'), ('hydro', 2036, '22'), ('unknown', 963, '10')]
[2022-04-14 06:02:11,603] {bash.py:173} INFO - France
[2022-04-14 06:02:11,603] {bash.py:173} INFO - 46977
[2022-04-14 06:02:11,603] {bash.py:173} INFO - Germany
[2022-04-14 06:02:11,603] {bash.py:173} INFO - 50011
[2022-04-14 06:02:11,603] {bash.py:173} INFO - France: CO2 83, mix [('nuclear', 31314, '67'), ('gas', 6064, '13'), ('hydro', 5909, '13')]
[2022-04-14 06:02:11,603] {bash.py:173} INFO - Germany: CO2 434, mix [('coal', 19625, '39'), ('wind', 8725, '17'), ('gas', 7347, '15')]
[2022-04-14 06:02:11,638] {bash.py:177} INFO - Command exited with return code 0
[2022-04-14 06:02:11,655] {taskinstance.py:1159} INFO - Marking task as SUCCESS. dag_id=matchup, task_id=run_script, execution_date=20220414T000000, start_date=20220414T060208, end_date=20220414T060211
[2022-04-14 06:02:11,666] {taskinstance.py:1220} INFO - 0 downstream tasks scheduled from follow-on schedule check
[2022-04-14 06:02:11,685] {local_task_job.py:146} INFO - Task exited with return code 0
