[2022-03-05 18:00:04,107] {taskinstance.py:851} INFO - Dependencies all met for <TaskInstance: matchup.run_script 2022-03-05T12:00:00+00:00 [queued]>
[2022-03-05 18:00:04,115] {taskinstance.py:851} INFO - Dependencies all met for <TaskInstance: matchup.run_script 2022-03-05T12:00:00+00:00 [queued]>
[2022-03-05 18:00:04,115] {taskinstance.py:1042} INFO - 
--------------------------------------------------------------------------------
[2022-03-05 18:00:04,115] {taskinstance.py:1043} INFO - Starting attempt 1 of 6
[2022-03-05 18:00:04,115] {taskinstance.py:1044} INFO - 
--------------------------------------------------------------------------------
[2022-03-05 18:00:04,125] {taskinstance.py:1063} INFO - Executing <Task(BashOperator): run_script> on 2022-03-05T12:00:00+00:00
[2022-03-05 18:00:04,130] {standard_task_runner.py:52} INFO - Started process 215665 to run task
[2022-03-05 18:00:04,137] {standard_task_runner.py:76} INFO - Running: ['airflow', 'tasks', 'run', 'matchup', 'run_script', '2022-03-05T12:00:00+00:00', '--job-id', '154', '--pool', 'default_pool', '--raw', '--subdir', 'DAGS_FOLDER/matchup.py', '--cfg-path', '/tmp/tmpth1oplw9', '--error-file', '/tmp/tmpjv5x8zew']
[2022-03-05 18:00:04,138] {standard_task_runner.py:77} INFO - Job 154: Subtask run_script
[2022-03-05 18:00:04,176] {logging_mixin.py:104} INFO - Running <TaskInstance: matchup.run_script 2022-03-05T12:00:00+00:00 [running]> on host 531edfb863fc
[2022-03-05 18:00:04,212] {taskinstance.py:1255} INFO - Exporting the following env vars:
AIRFLOW_CTX_DAG_EMAIL=r.chesne@gmail.com
AIRFLOW_CTX_DAG_OWNER=Robin
AIRFLOW_CTX_DAG_ID=matchup
AIRFLOW_CTX_TASK_ID=run_script
AIRFLOW_CTX_EXECUTION_DATE=2022-03-05T12:00:00+00:00
AIRFLOW_CTX_DAG_RUN_ID=scheduled__2022-03-05T12:00:00+00:00
[2022-03-05 18:00:04,213] {bash.py:135} INFO - Tmp dir root location: 
 /tmp
[2022-03-05 18:00:04,213] {bash.py:158} INFO - Running command: python /app/scripts/main.py
[2022-03-05 18:00:04,223] {bash.py:169} INFO - Output:
[2022-03-05 18:00:08,611] {bash.py:173} INFO - Italy: CO2 308, mix [('gas', 9803, '32'), ('wind', 5500, '18'), ('solar', 3040, '10')]
[2022-03-05 18:00:08,612] {bash.py:173} INFO - Portugal: CO2 263, mix [('gas', 2529, '43'), ('wind', 915, '16'), ('solar', 759, '13')]
[2022-03-05 18:00:08,612] {bash.py:173} INFO - Sweden: CO2 42, mix [('hydro', 6735, '37'), ('nuclear', 5344, '30'), ('wind', 4345, '24')]
[2022-03-05 18:00:08,612] {bash.py:173} INFO - Norway: CO2 28, mix [('hydro', 15576, '90'), ('wind', 1078, '6'), ('hydro discharge', 412, '2')]
[2022-03-05 18:00:08,612] {bash.py:173} INFO - UK: CO2 242, mix [('gas', 11912, '36'), ('nuclear', 7550, '23'), ('wind', 5504, '17')]
[2022-03-05 18:00:08,612] {bash.py:173} INFO - France: CO2 69, mix [('nuclear', 42185, '69'), ('hydro', 8080, '13'), ('gas', 5352, '9')]
[2022-03-05 18:00:08,663] {bash.py:177} INFO - Command exited with return code 0
[2022-03-05 18:00:08,684] {taskinstance.py:1159} INFO - Marking task as SUCCESS. dag_id=matchup, task_id=run_script, execution_date=20220305T120000, start_date=20220305T180004, end_date=20220305T180008
[2022-03-05 18:00:08,704] {taskinstance.py:1220} INFO - 0 downstream tasks scheduled from follow-on schedule check
[2022-03-05 18:00:08,738] {local_task_job.py:146} INFO - Task exited with return code 0
