[2022-07-05 00:00:04,406] {taskinstance.py:851} INFO - Dependencies all met for <TaskInstance: matchup.run_script 2022-07-04T18:00:00+00:00 [queued]>
[2022-07-05 00:00:04,413] {taskinstance.py:851} INFO - Dependencies all met for <TaskInstance: matchup.run_script 2022-07-04T18:00:00+00:00 [queued]>
[2022-07-05 00:00:04,413] {taskinstance.py:1042} INFO - 
--------------------------------------------------------------------------------
[2022-07-05 00:00:04,413] {taskinstance.py:1043} INFO - Starting attempt 1 of 6
[2022-07-05 00:00:04,413] {taskinstance.py:1044} INFO - 
--------------------------------------------------------------------------------
[2022-07-05 00:00:04,423] {taskinstance.py:1063} INFO - Executing <Task(BashOperator): run_script> on 2022-07-04T18:00:00+00:00
[2022-07-05 00:00:04,426] {standard_task_runner.py:52} INFO - Started process 4332 to run task
[2022-07-05 00:00:04,431] {standard_task_runner.py:76} INFO - Running: ['airflow', 'tasks', 'run', 'matchup', 'run_script', '2022-07-04T18:00:00+00:00', '--job-id', '1507', '--pool', 'default_pool', '--raw', '--subdir', 'DAGS_FOLDER/matchup.py', '--cfg-path', '/tmp/tmpt2kon0wo', '--error-file', '/tmp/tmp9u8wnivk']
[2022-07-05 00:00:04,431] {standard_task_runner.py:77} INFO - Job 1507: Subtask run_script
[2022-07-05 00:00:04,462] {logging_mixin.py:104} INFO - Running <TaskInstance: matchup.run_script 2022-07-04T18:00:00+00:00 [running]> on host a41a09215c15
[2022-07-05 00:00:04,494] {taskinstance.py:1255} INFO - Exporting the following env vars:
AIRFLOW_CTX_DAG_EMAIL=r.chesne@gmail.com
AIRFLOW_CTX_DAG_OWNER=Robin
AIRFLOW_CTX_DAG_ID=matchup
AIRFLOW_CTX_TASK_ID=run_script
AIRFLOW_CTX_EXECUTION_DATE=2022-07-04T18:00:00+00:00
AIRFLOW_CTX_DAG_RUN_ID=scheduled__2022-07-04T18:00:00+00:00
[2022-07-05 00:00:04,494] {bash.py:135} INFO - Tmp dir root location: 
 /tmp
[2022-07-05 00:00:04,495] {bash.py:158} INFO - Running command: python /app/scripts/main.py
[2022-07-05 00:00:04,500] {bash.py:169} INFO - Output:
[2022-07-05 00:00:10,263] {bash.py:173} INFO - Italy
[2022-07-05 00:00:10,263] {bash.py:173} INFO - 23669
[2022-07-05 00:00:10,263] {bash.py:173} INFO - Spain
[2022-07-05 00:00:10,263] {bash.py:173} INFO - 30054
[2022-07-05 00:00:10,263] {bash.py:173} INFO - Italy: CO2 430, mix [('gas', 13937, '59'), ('hydro', 3294, '14'), ('coal', 2462, '10')]
[2022-07-05 00:00:10,263] {bash.py:173} INFO - Spain: CO2 200, mix [('wind', 9490, '32'), ('gas', 9116, '30'), ('nuclear', 6903, '23')]
[2022-07-05 00:00:10,264] {bash.py:173} INFO - Denmark
[2022-07-05 00:00:10,264] {bash.py:173} INFO - 2024
[2022-07-05 00:00:10,264] {bash.py:173} INFO - Norway
[2022-07-05 00:00:10,264] {bash.py:173} INFO - 11871
[2022-07-05 00:00:10,264] {bash.py:173} INFO - Denmark: CO2 119, mix [('hydro', 666, '33'), ('wind', 649, '32'), ('nuclear', 328, '16')]
[2022-07-05 00:00:10,264] {bash.py:173} INFO - Norway: CO2 32, mix [('hydro', 10525, '89'), ('wind', 1050, '9'), ('gas', 144, '1')]
[2022-07-05 00:00:10,264] {bash.py:173} INFO - France
[2022-07-05 00:00:10,264] {bash.py:173} INFO - 37841
[2022-07-05 00:00:10,264] {bash.py:173} INFO - UK
[2022-07-05 00:00:10,264] {bash.py:173} INFO - 24628
[2022-07-05 00:00:10,264] {bash.py:173} INFO - France: CO2 66, mix [('nuclear', 25177, '67'), ('hydro', 4835, '13'), ('gas', 3559, '9')]
[2022-07-05 00:00:10,264] {bash.py:173} INFO - UK: CO2 239, mix [('gas', 10095, '41'), ('wind', 6896, '28'), ('nuclear', 5014, '20')]
[2022-07-05 00:00:10,314] {bash.py:177} INFO - Command exited with return code 0
[2022-07-05 00:00:10,332] {taskinstance.py:1159} INFO - Marking task as SUCCESS. dag_id=matchup, task_id=run_script, execution_date=20220704T180000, start_date=20220705T000004, end_date=20220705T000010
[2022-07-05 00:00:10,348] {taskinstance.py:1220} INFO - 0 downstream tasks scheduled from follow-on schedule check
[2022-07-05 00:00:10,370] {local_task_job.py:146} INFO - Task exited with return code 0
