[2022-03-10 18:00:05,320] {taskinstance.py:851} INFO - Dependencies all met for <TaskInstance: matchup.run_script 2022-03-10T12:00:00+00:00 [queued]>
[2022-03-10 18:00:05,325] {taskinstance.py:851} INFO - Dependencies all met for <TaskInstance: matchup.run_script 2022-03-10T12:00:00+00:00 [queued]>
[2022-03-10 18:00:05,325] {taskinstance.py:1042} INFO - 
--------------------------------------------------------------------------------
[2022-03-10 18:00:05,325] {taskinstance.py:1043} INFO - Starting attempt 1 of 6
[2022-03-10 18:00:05,325] {taskinstance.py:1044} INFO - 
--------------------------------------------------------------------------------
[2022-03-10 18:00:05,333] {taskinstance.py:1063} INFO - Executing <Task(BashOperator): run_script> on 2022-03-10T12:00:00+00:00
[2022-03-10 18:00:05,337] {standard_task_runner.py:52} INFO - Started process 287050 to run task
[2022-03-10 18:00:05,343] {standard_task_runner.py:76} INFO - Running: ['airflow', 'tasks', 'run', 'matchup', 'run_script', '2022-03-10T12:00:00+00:00', '--job-id', '250', '--pool', 'default_pool', '--raw', '--subdir', 'DAGS_FOLDER/matchup.py', '--cfg-path', '/tmp/tmp4m1wl0vh', '--error-file', '/tmp/tmp494vf7a9']
[2022-03-10 18:00:05,344] {standard_task_runner.py:77} INFO - Job 250: Subtask run_script
[2022-03-10 18:00:05,382] {logging_mixin.py:104} INFO - Running <TaskInstance: matchup.run_script 2022-03-10T12:00:00+00:00 [running]> on host 531edfb863fc
[2022-03-10 18:00:05,421] {taskinstance.py:1255} INFO - Exporting the following env vars:
AIRFLOW_CTX_DAG_EMAIL=r.chesne@gmail.com
AIRFLOW_CTX_DAG_OWNER=Robin
AIRFLOW_CTX_DAG_ID=matchup
AIRFLOW_CTX_TASK_ID=run_script
AIRFLOW_CTX_EXECUTION_DATE=2022-03-10T12:00:00+00:00
AIRFLOW_CTX_DAG_RUN_ID=scheduled__2022-03-10T12:00:00+00:00
[2022-03-10 18:00:05,422] {bash.py:135} INFO - Tmp dir root location: 
 /tmp
[2022-03-10 18:00:05,423] {bash.py:158} INFO - Running command: python /app/scripts/main.py
[2022-03-10 18:00:05,431] {bash.py:169} INFO - Output:
[2022-03-10 18:00:10,169] {bash.py:173} INFO - Spain
[2022-03-10 18:00:10,169] {bash.py:173} INFO - 29381
[2022-03-10 18:00:10,169] {bash.py:173} INFO - Italy
[2022-03-10 18:00:10,169] {bash.py:173} INFO - 40582
[2022-03-10 18:00:10,169] {bash.py:173} INFO - Spain: CO2 131, mix [('wind', 9472, '32'), ('nuclear', 6192, '21'), ('solar', 5999, '20')]
[2022-03-10 18:00:10,169] {bash.py:173} INFO - Italy: CO2 358, mix [('gas', 18819, '46'), ('wind', 5083, '13'), ('solar', 4375, '11')]
[2022-03-10 18:00:10,169] {bash.py:173} INFO - Denmark
[2022-03-10 18:00:10,169] {bash.py:173} INFO - 5352
[2022-03-10 18:00:10,169] {bash.py:173} INFO - Sweden
[2022-03-10 18:00:10,170] {bash.py:173} INFO - 19344
[2022-03-10 18:00:10,170] {bash.py:173} INFO - Denmark: CO2 163, mix [('wind', 2794, '52'), ('biomass', 740, '14'), ('coal', 635, '12')]
[2022-03-10 18:00:10,170] {bash.py:173} INFO - Sweden: CO2 42, mix [('hydro', 6648, '34'), ('nuclear', 5830, '30'), ('wind', 4996, '26')]
[2022-03-10 18:00:10,170] {bash.py:173} INFO - Germany
[2022-03-10 18:00:10,170] {bash.py:173} INFO - 63047
[2022-03-10 18:00:10,170] {bash.py:173} INFO - France
[2022-03-10 18:00:10,170] {bash.py:173} INFO - 58604
[2022-03-10 18:00:10,170] {bash.py:173} INFO - Germany: CO2 353, mix [('coal', 20506, '33'), ('wind', 20272, '32'), ('biomass', 4943, '8')]
[2022-03-10 18:00:10,170] {bash.py:173} INFO - France: CO2 88, mix [('nuclear', 39279, '67'), ('gas', 6859, '12'), ('hydro', 5440, '9')]
[2022-03-10 18:00:10,223] {bash.py:177} INFO - Command exited with return code 0
[2022-03-10 18:00:10,245] {taskinstance.py:1159} INFO - Marking task as SUCCESS. dag_id=matchup, task_id=run_script, execution_date=20220310T120000, start_date=20220310T180005, end_date=20220310T180010
[2022-03-10 18:00:10,262] {taskinstance.py:1220} INFO - 0 downstream tasks scheduled from follow-on schedule check
[2022-03-10 18:00:10,292] {local_task_job.py:146} INFO - Task exited with return code 0
