[2022-02-18 12:59:25,583] {taskinstance.py:851} INFO - Dependencies all met for <TaskInstance: matchup.run_script 2022-02-18T06:00:00+00:00 [queued]>
[2022-02-18 12:59:25,591] {taskinstance.py:851} INFO - Dependencies all met for <TaskInstance: matchup.run_script 2022-02-18T06:00:00+00:00 [queued]>
[2022-02-18 12:59:25,591] {taskinstance.py:1042} INFO - 
--------------------------------------------------------------------------------
[2022-02-18 12:59:25,591] {taskinstance.py:1043} INFO - Starting attempt 1 of 6
[2022-02-18 12:59:25,591] {taskinstance.py:1044} INFO - 
--------------------------------------------------------------------------------
[2022-02-18 12:59:25,603] {taskinstance.py:1063} INFO - Executing <Task(BashOperator): run_script> on 2022-02-18T06:00:00+00:00
[2022-02-18 12:59:25,607] {standard_task_runner.py:52} INFO - Started process 96 to run task
[2022-02-18 12:59:25,613] {standard_task_runner.py:76} INFO - Running: ['airflow', 'tasks', 'run', 'matchup', 'run_script', '2022-02-18T06:00:00+00:00', '--job-id', '4', '--pool', 'default_pool', '--raw', '--subdir', 'DAGS_FOLDER/matchup.py', '--cfg-path', '/tmp/tmptco3m22p', '--error-file', '/tmp/tmpz5tq_lsk']
[2022-02-18 12:59:25,614] {standard_task_runner.py:77} INFO - Job 4: Subtask run_script
[2022-02-18 12:59:25,648] {logging_mixin.py:104} INFO - Running <TaskInstance: matchup.run_script 2022-02-18T06:00:00+00:00 [running]> on host 531edfb863fc
[2022-02-18 12:59:25,685] {taskinstance.py:1255} INFO - Exporting the following env vars:
AIRFLOW_CTX_DAG_EMAIL=r.chesne@gmail.com
AIRFLOW_CTX_DAG_OWNER=Robin
AIRFLOW_CTX_DAG_ID=matchup
AIRFLOW_CTX_TASK_ID=run_script
AIRFLOW_CTX_EXECUTION_DATE=2022-02-18T06:00:00+00:00
AIRFLOW_CTX_DAG_RUN_ID=scheduled__2022-02-18T06:00:00+00:00
[2022-02-18 12:59:25,685] {bash.py:135} INFO - Tmp dir root location: 
 /tmp
[2022-02-18 12:59:25,686] {bash.py:158} INFO - Running command: python /app/scripts/main.py
[2022-02-18 12:59:25,693] {bash.py:169} INFO - Output:
[2022-02-18 12:59:29,228] {bash.py:173} INFO - Italy: CO2 345, mix [('gas', 18122, '51'), ('solar', 6837, '19'), ('coal', 3099, '9')]
[2022-02-18 12:59:29,229] {bash.py:173} INFO - Spain: CO2 151, mix [('solar', 9235, '29'), ('nuclear', 7105, '22'), ('gas', 6849, '22')]
[2022-02-18 12:59:29,229] {bash.py:173} INFO - UK: CO2 167, mix [('wind', 12155, '38'), ('gas', 8635, '27'), ('nuclear', 5780, '18')]
[2022-02-18 12:59:29,229] {bash.py:173} INFO - Germany: CO2 225, mix [('wind', 37963, '49'), ('coal', 14361, '19'), ('gas', 5961, '8')]
[2022-02-18 12:59:29,229] {bash.py:173} INFO - Sweden: CO2 42, mix [('hydro', 9851, '41'), ('nuclear', 6988, '29'), ('wind', 4854, '20')]
[2022-02-18 12:59:29,229] {bash.py:173} INFO - Finland: CO2 173, mix [('nuclear', 2799, '33'), ('wind', 1885, '22'), ('hydro', 1664, '19')]
[2022-02-18 12:59:29,281] {bash.py:177} INFO - Command exited with return code 0
[2022-02-18 12:59:29,301] {taskinstance.py:1159} INFO - Marking task as SUCCESS. dag_id=matchup, task_id=run_script, execution_date=20220218T060000, start_date=20220218T125925, end_date=20220218T125929
[2022-02-18 12:59:29,328] {taskinstance.py:1220} INFO - 1 downstream tasks scheduled from follow-on schedule check
[2022-02-18 12:59:29,360] {local_task_job.py:146} INFO - Task exited with return code 0
