[2022-06-27 00:00:04,122] {taskinstance.py:851} INFO - Dependencies all met for <TaskInstance: matchup.run_script 2022-06-26T18:00:00+00:00 [queued]>
[2022-06-27 00:00:04,127] {taskinstance.py:851} INFO - Dependencies all met for <TaskInstance: matchup.run_script 2022-06-26T18:00:00+00:00 [queued]>
[2022-06-27 00:00:04,127] {taskinstance.py:1042} INFO - 
--------------------------------------------------------------------------------
[2022-06-27 00:00:04,127] {taskinstance.py:1043} INFO - Starting attempt 1 of 6
[2022-06-27 00:00:04,127] {taskinstance.py:1044} INFO - 
--------------------------------------------------------------------------------
[2022-06-27 00:00:04,138] {taskinstance.py:1063} INFO - Executing <Task(BashOperator): run_script> on 2022-06-26T18:00:00+00:00
[2022-06-27 00:00:04,140] {standard_task_runner.py:52} INFO - Started process 79156 to run task
[2022-06-27 00:00:04,143] {standard_task_runner.py:76} INFO - Running: ['airflow', 'tasks', 'run', 'matchup', 'run_script', '2022-06-26T18:00:00+00:00', '--job-id', '1455', '--pool', 'default_pool', '--raw', '--subdir', 'DAGS_FOLDER/matchup.py', '--cfg-path', '/tmp/tmp92yvtmls', '--error-file', '/tmp/tmpyud4lcvz']
[2022-06-27 00:00:04,144] {standard_task_runner.py:77} INFO - Job 1455: Subtask run_script
[2022-06-27 00:00:04,168] {logging_mixin.py:104} INFO - Running <TaskInstance: matchup.run_script 2022-06-26T18:00:00+00:00 [running]> on host b5b34dd97903
[2022-06-27 00:00:04,216] {taskinstance.py:1255} INFO - Exporting the following env vars:
AIRFLOW_CTX_DAG_EMAIL=r.chesne@gmail.com
AIRFLOW_CTX_DAG_OWNER=Robin
AIRFLOW_CTX_DAG_ID=matchup
AIRFLOW_CTX_TASK_ID=run_script
AIRFLOW_CTX_EXECUTION_DATE=2022-06-26T18:00:00+00:00
AIRFLOW_CTX_DAG_RUN_ID=scheduled__2022-06-26T18:00:00+00:00
[2022-06-27 00:00:04,216] {bash.py:135} INFO - Tmp dir root location: 
 /tmp
[2022-06-27 00:00:04,217] {bash.py:158} INFO - Running command: python /app/scripts/main.py
[2022-06-27 00:00:04,223] {bash.py:169} INFO - Output:
[2022-06-27 00:00:08,010] {bash.py:173} INFO - Italy
[2022-06-27 00:00:08,010] {bash.py:173} INFO - 25714
[2022-06-27 00:00:08,010] {bash.py:173} INFO - Greece
[2022-06-27 00:00:08,010] {bash.py:173} INFO - 4045
[2022-06-27 00:00:08,010] {bash.py:173} INFO - Italy: CO2 353, mix [('gas', 10324, '40'), ('hydro', 5080, '20'), ('coal', 2784, '11')]
[2022-06-27 00:00:08,010] {bash.py:173} INFO - Greece: CO2 373, mix [('gas', 2398, '59'), ('wind', 1129, '28'), ('coal', 389, '10')]
[2022-06-27 00:00:08,010] {bash.py:173} INFO - Denmark
[2022-06-27 00:00:08,010] {bash.py:173} INFO - 3600
[2022-06-27 00:00:08,010] {bash.py:173} INFO - Sweden
[2022-06-27 00:00:08,010] {bash.py:173} INFO - 10117
[2022-06-27 00:00:08,010] {bash.py:173} INFO - Denmark: CO2 101, mix [('hydro', 1433, '40'), ('wind', 1141, '32'), ('nuclear', 412, '11')]
[2022-06-27 00:00:08,010] {bash.py:173} INFO - Sweden: CO2 24, mix [('hydro', 4154, '41'), ('nuclear', 3240, '32'), ('wind', 2419, '24')]
[2022-06-27 00:00:08,010] {bash.py:173} INFO - UK
[2022-06-27 00:00:08,010] {bash.py:173} INFO - 19584
[2022-06-27 00:00:08,010] {bash.py:173} INFO - Germany
[2022-06-27 00:00:08,010] {bash.py:173} INFO - 43402
[2022-06-27 00:00:08,010] {bash.py:173} INFO - UK: CO2 218, mix [('gas', 7490, '38'), ('wind', 5635, '29'), ('nuclear', 4687, '24')]
[2022-06-27 00:00:08,010] {bash.py:173} INFO - Germany: CO2 436, mix [('coal', 17095, '39'), ('wind', 7686, '18'), ('gas', 6972, '16')]
[2022-06-27 00:00:08,040] {bash.py:177} INFO - Command exited with return code 0
[2022-06-27 00:00:08,074] {taskinstance.py:1159} INFO - Marking task as SUCCESS. dag_id=matchup, task_id=run_script, execution_date=20220626T180000, start_date=20220627T000004, end_date=20220627T000008
[2022-06-27 00:00:08,084] {taskinstance.py:1220} INFO - 0 downstream tasks scheduled from follow-on schedule check
[2022-06-27 00:00:08,090] {local_task_job.py:146} INFO - Task exited with return code 0
