[2022-07-14 00:00:04,796] {taskinstance.py:851} INFO - Dependencies all met for <TaskInstance: matchup.run_script 2022-07-13T18:00:00+00:00 [queued]>
[2022-07-14 00:00:04,803] {taskinstance.py:851} INFO - Dependencies all met for <TaskInstance: matchup.run_script 2022-07-13T18:00:00+00:00 [queued]>
[2022-07-14 00:00:04,803] {taskinstance.py:1042} INFO - 
--------------------------------------------------------------------------------
[2022-07-14 00:00:04,803] {taskinstance.py:1043} INFO - Starting attempt 1 of 6
[2022-07-14 00:00:04,803] {taskinstance.py:1044} INFO - 
--------------------------------------------------------------------------------
[2022-07-14 00:00:04,812] {taskinstance.py:1063} INFO - Executing <Task(BashOperator): run_script> on 2022-07-13T18:00:00+00:00
[2022-07-14 00:00:04,815] {standard_task_runner.py:52} INFO - Started process 30884 to run task
[2022-07-14 00:00:04,821] {standard_task_runner.py:76} INFO - Running: ['airflow', 'tasks', 'run', 'matchup', 'run_script', '2022-07-13T18:00:00+00:00', '--job-id', '1584', '--pool', 'default_pool', '--raw', '--subdir', 'DAGS_FOLDER/matchup.py', '--cfg-path', '/tmp/tmpe5u2q6eu', '--error-file', '/tmp/tmpnigqja4a']
[2022-07-14 00:00:04,822] {standard_task_runner.py:77} INFO - Job 1584: Subtask run_script
[2022-07-14 00:00:04,855] {logging_mixin.py:104} INFO - Running <TaskInstance: matchup.run_script 2022-07-13T18:00:00+00:00 [running]> on host a41a09215c15
[2022-07-14 00:00:04,885] {taskinstance.py:1255} INFO - Exporting the following env vars:
AIRFLOW_CTX_DAG_EMAIL=r.chesne@gmail.com
AIRFLOW_CTX_DAG_OWNER=Robin
AIRFLOW_CTX_DAG_ID=matchup
AIRFLOW_CTX_TASK_ID=run_script
AIRFLOW_CTX_EXECUTION_DATE=2022-07-13T18:00:00+00:00
AIRFLOW_CTX_DAG_RUN_ID=scheduled__2022-07-13T18:00:00+00:00
[2022-07-14 00:00:04,886] {bash.py:135} INFO - Tmp dir root location: 
 /tmp
[2022-07-14 00:00:04,886] {bash.py:158} INFO - Running command: python /app/scripts/main.py
[2022-07-14 00:00:04,895] {bash.py:169} INFO - Output:
[2022-07-14 00:00:08,108] {bash.py:173} INFO - Portugal
[2022-07-14 00:00:08,109] {bash.py:173} INFO - 3986
[2022-07-14 00:00:08,109] {bash.py:173} INFO - Spain
[2022-07-14 00:00:08,109] {bash.py:173} INFO - 34558
[2022-07-14 00:00:08,109] {bash.py:173} INFO - Portugal: CO2 314, mix [('gas', 2287, '57'), ('wind', 1026, '26'), ('biomass', 333, '8')]
[2022-07-14 00:00:08,109] {bash.py:173} INFO - Spain: CO2 262, mix [('gas', 16862, '49'), ('nuclear', 6907, '20'), ('wind', 5520, '16')]
[2022-07-14 00:00:08,109] {bash.py:173} INFO - UK
[2022-07-14 00:00:08,109] {bash.py:173} INFO - 26284
[2022-07-14 00:00:08,109] {bash.py:173} INFO - France
[2022-07-14 00:00:08,109] {bash.py:173} INFO - 39255
[2022-07-14 00:00:08,110] {bash.py:173} INFO - UK: CO2 230, mix [('gas', 10259, '39'), ('wind', 7201, '27'), ('nuclear', 5035, '19')]
[2022-07-14 00:00:08,110] {bash.py:173} INFO - France: CO2 84, mix [('nuclear', 26039, '66'), ('hydro', 5172, '13'), ('gas', 5111, '13')]
[2022-07-14 00:00:08,110] {bash.py:173} INFO - Denmark
[2022-07-14 00:00:08,110] {bash.py:173} INFO - 2052
[2022-07-14 00:00:08,110] {bash.py:173} INFO - Finland
[2022-07-14 00:00:08,110] {bash.py:173} INFO - 6842
[2022-07-14 00:00:08,110] {bash.py:173} INFO - Denmark: CO2 103, mix [('wind', 1108, '54'), ('hydro', 319, '16'), ('nuclear', 244, '12')]
[2022-07-14 00:00:08,110] {bash.py:173} INFO - Finland: CO2 92, mix [('nuclear', 2586, '38'), ('hydro', 2172, '32'), ('wind', 958, '14')]
[2022-07-14 00:00:08,151] {bash.py:177} INFO - Command exited with return code 0
[2022-07-14 00:00:08,172] {taskinstance.py:1159} INFO - Marking task as SUCCESS. dag_id=matchup, task_id=run_script, execution_date=20220713T180000, start_date=20220714T000004, end_date=20220714T000008
[2022-07-14 00:00:08,189] {taskinstance.py:1220} INFO - 0 downstream tasks scheduled from follow-on schedule check
[2022-07-14 00:00:08,205] {local_task_job.py:146} INFO - Task exited with return code 0
