[2022-06-26 18:00:03,919] {taskinstance.py:851} INFO - Dependencies all met for <TaskInstance: matchup.run_script 2022-06-26T12:00:00+00:00 [queued]>
[2022-06-26 18:00:03,924] {taskinstance.py:851} INFO - Dependencies all met for <TaskInstance: matchup.run_script 2022-06-26T12:00:00+00:00 [queued]>
[2022-06-26 18:00:03,924] {taskinstance.py:1042} INFO - 
--------------------------------------------------------------------------------
[2022-06-26 18:00:03,924] {taskinstance.py:1043} INFO - Starting attempt 1 of 6
[2022-06-26 18:00:03,924] {taskinstance.py:1044} INFO - 
--------------------------------------------------------------------------------
[2022-06-26 18:00:03,933] {taskinstance.py:1063} INFO - Executing <Task(BashOperator): run_script> on 2022-06-26T12:00:00+00:00
[2022-06-26 18:00:03,936] {standard_task_runner.py:52} INFO - Started process 75591 to run task
[2022-06-26 18:00:03,939] {standard_task_runner.py:76} INFO - Running: ['airflow', 'tasks', 'run', 'matchup', 'run_script', '2022-06-26T12:00:00+00:00', '--job-id', '1453', '--pool', 'default_pool', '--raw', '--subdir', 'DAGS_FOLDER/matchup.py', '--cfg-path', '/tmp/tmp7bihno_l', '--error-file', '/tmp/tmpfbq54dst']
[2022-06-26 18:00:03,939] {standard_task_runner.py:77} INFO - Job 1453: Subtask run_script
[2022-06-26 18:00:03,959] {logging_mixin.py:104} INFO - Running <TaskInstance: matchup.run_script 2022-06-26T12:00:00+00:00 [running]> on host b5b34dd97903
[2022-06-26 18:00:03,991] {taskinstance.py:1255} INFO - Exporting the following env vars:
AIRFLOW_CTX_DAG_EMAIL=r.chesne@gmail.com
AIRFLOW_CTX_DAG_OWNER=Robin
AIRFLOW_CTX_DAG_ID=matchup
AIRFLOW_CTX_TASK_ID=run_script
AIRFLOW_CTX_EXECUTION_DATE=2022-06-26T12:00:00+00:00
AIRFLOW_CTX_DAG_RUN_ID=scheduled__2022-06-26T12:00:00+00:00
[2022-06-26 18:00:03,992] {bash.py:135} INFO - Tmp dir root location: 
 /tmp
[2022-06-26 18:00:03,992] {bash.py:158} INFO - Running command: python /app/scripts/main.py
[2022-06-26 18:00:03,998] {bash.py:169} INFO - Output:
[2022-06-26 18:00:07,412] {bash.py:173} INFO - Spain
[2022-06-26 18:00:07,412] {bash.py:173} INFO - 26364
[2022-06-26 18:00:07,412] {bash.py:173} INFO - Italy
[2022-06-26 18:00:07,412] {bash.py:173} INFO - 31534
[2022-06-26 18:00:07,412] {bash.py:173} INFO - Spain: CO2 123, mix [('solar', 9692, '37'), ('nuclear', 6395, '24'), ('wind', 4072, '15')]
[2022-06-26 18:00:07,412] {bash.py:173} INFO - Italy: CO2 292, mix [('gas', 10303, '33'), ('hydro', 6083, '19'), ('solar', 3627, '12')]
[2022-06-26 18:00:07,412] {bash.py:173} INFO - Finland
[2022-06-26 18:00:07,412] {bash.py:173} INFO - 7285
[2022-06-26 18:00:07,412] {bash.py:173} INFO - Sweden
[2022-06-26 18:00:07,412] {bash.py:173} INFO - 11900
[2022-06-26 18:00:07,412] {bash.py:173} INFO - Finland: CO2 55, mix [('nuclear', 3051, '42'), ('hydro', 2407, '33'), ('wind', 948, '13')]
[2022-06-26 18:00:07,412] {bash.py:173} INFO - Sweden: CO2 25, mix [('hydro', 5128, '43'), ('nuclear', 3627, '30'), ('wind', 2635, '22')]
[2022-06-26 18:00:07,412] {bash.py:173} INFO - France
[2022-06-26 18:00:07,412] {bash.py:173} INFO - 43517
[2022-06-26 18:00:07,412] {bash.py:173} INFO - Germany
[2022-06-26 18:00:07,412] {bash.py:173} INFO - 49450
[2022-06-26 18:00:07,412] {bash.py:173} INFO - France: CO2 70, mix [('nuclear', 28467, '65'), ('hydro', 5538, '13'), ('gas', 3520, '8')]
[2022-06-26 18:00:07,412] {bash.py:173} INFO - Germany: CO2 386, mix [('coal', 16888, '34'), ('solar', 9884, '20'), ('gas', 5495, '11')]
[2022-06-26 18:00:07,445] {bash.py:177} INFO - Command exited with return code 0
[2022-06-26 18:00:07,454] {taskinstance.py:1159} INFO - Marking task as SUCCESS. dag_id=matchup, task_id=run_script, execution_date=20220626T120000, start_date=20220626T180003, end_date=20220626T180007
[2022-06-26 18:00:07,465] {taskinstance.py:1220} INFO - 0 downstream tasks scheduled from follow-on schedule check
[2022-06-26 18:00:07,484] {local_task_job.py:146} INFO - Task exited with return code 0
