[2022-07-04 12:00:04,072] {taskinstance.py:851} INFO - Dependencies all met for <TaskInstance: matchup.run_script 2022-07-04T06:00:00+00:00 [queued]>
[2022-07-04 12:00:04,076] {taskinstance.py:851} INFO - Dependencies all met for <TaskInstance: matchup.run_script 2022-07-04T06:00:00+00:00 [queued]>
[2022-07-04 12:00:04,077] {taskinstance.py:1042} INFO - 
--------------------------------------------------------------------------------
[2022-07-04 12:00:04,077] {taskinstance.py:1043} INFO - Starting attempt 1 of 6
[2022-07-04 12:00:04,077] {taskinstance.py:1044} INFO - 
--------------------------------------------------------------------------------
[2022-07-04 12:00:04,083] {taskinstance.py:1063} INFO - Executing <Task(BashOperator): run_script> on 2022-07-04T06:00:00+00:00
[2022-07-04 12:00:04,084] {standard_task_runner.py:52} INFO - Started process 2867 to run task
[2022-07-04 12:00:04,089] {standard_task_runner.py:76} INFO - Running: ['airflow', 'tasks', 'run', 'matchup', 'run_script', '2022-07-04T06:00:00+00:00', '--job-id', '1503', '--pool', 'default_pool', '--raw', '--subdir', 'DAGS_FOLDER/matchup.py', '--cfg-path', '/tmp/tmp8edobfq7', '--error-file', '/tmp/tmpviemj0va']
[2022-07-04 12:00:04,090] {standard_task_runner.py:77} INFO - Job 1503: Subtask run_script
[2022-07-04 12:00:04,121] {logging_mixin.py:104} INFO - Running <TaskInstance: matchup.run_script 2022-07-04T06:00:00+00:00 [running]> on host a41a09215c15
[2022-07-04 12:00:04,151] {taskinstance.py:1255} INFO - Exporting the following env vars:
AIRFLOW_CTX_DAG_EMAIL=r.chesne@gmail.com
AIRFLOW_CTX_DAG_OWNER=Robin
AIRFLOW_CTX_DAG_ID=matchup
AIRFLOW_CTX_TASK_ID=run_script
AIRFLOW_CTX_EXECUTION_DATE=2022-07-04T06:00:00+00:00
AIRFLOW_CTX_DAG_RUN_ID=scheduled__2022-07-04T06:00:00+00:00
[2022-07-04 12:00:04,152] {bash.py:135} INFO - Tmp dir root location: 
 /tmp
[2022-07-04 12:00:04,152] {bash.py:158} INFO - Running command: python /app/scripts/main.py
[2022-07-04 12:00:04,157] {bash.py:169} INFO - Output:
[2022-07-04 12:00:09,060] {bash.py:173} INFO - Italy
[2022-07-04 12:00:09,060] {bash.py:173} INFO - 32730
[2022-07-04 12:00:09,060] {bash.py:173} INFO - Portugal
[2022-07-04 12:00:09,060] {bash.py:173} INFO - 6774
[2022-07-04 12:00:09,060] {bash.py:173} INFO - Italy: CO2 303, mix [('gas', 11820, '36'), ('solar', 10591, '32'), ('hydro', 3182, '10')]
[2022-07-04 12:00:09,060] {bash.py:173} INFO - Portugal: CO2 237, mix [('gas', 2517, '37'), ('solar', 2056, '30'), ('nuclear', 567, '8')]
[2022-07-04 12:00:09,060] {bash.py:173} INFO - Sweden
[2022-07-04 12:00:09,060] {bash.py:173} INFO - 12386
[2022-07-04 12:00:09,061] {bash.py:173} INFO - Norway
[2022-07-04 12:00:09,061] {bash.py:173} INFO - 12641
[2022-07-04 12:00:09,061] {bash.py:173} INFO - Sweden: CO2 24, mix [('hydro', 5129, '41'), ('nuclear', 4178, '34'), ('wind', 2398, '19')]
[2022-07-04 12:00:09,061] {bash.py:173} INFO - Norway: CO2 42, mix [('hydro', 10760, '85'), ('wind', 1186, '9'), ('gas', 380, '3')]
[2022-07-04 12:00:09,061] {bash.py:173} INFO - France
[2022-07-04 12:00:09,061] {bash.py:173} INFO - 49419
[2022-07-04 12:00:09,061] {bash.py:173} INFO - UK
[2022-07-04 12:00:09,061] {bash.py:173} INFO - 29505
[2022-07-04 12:00:09,061] {bash.py:173} INFO - France: CO2 64, mix [('nuclear', 27370, '55'), ('solar', 10141, '21'), ('hydro', 4677, '9')]
[2022-07-04 12:00:09,061] {bash.py:173} INFO - UK: CO2 246, mix [('gas', 11895, '40'), ('wind', 6328, '21'), ('nuclear', 4829, '16')]
[2022-07-04 12:00:09,106] {bash.py:177} INFO - Command exited with return code 0
[2022-07-04 12:00:09,122] {taskinstance.py:1159} INFO - Marking task as SUCCESS. dag_id=matchup, task_id=run_script, execution_date=20220704T060000, start_date=20220704T120004, end_date=20220704T120009
[2022-07-04 12:00:09,135] {local_task_job.py:187} WARNING - State of this instance has been externally set to success. Terminating instance.
[2022-07-04 12:00:09,136] {process_utils.py:100} INFO - Sending Signals.SIGTERM to GPID 2867
[2022-07-04 12:00:09,136] {taskinstance.py:1239} ERROR - Received SIGTERM. Terminating subprocesses.
[2022-07-04 12:00:09,136] {bash.py:185} INFO - Sending SIGTERM signal to bash process group
[2022-07-04 12:00:09,143] {process_utils.py:66} INFO - Process psutil.Process(pid=2867, status='terminated', exitcode=1, started='12:00:03') (2867) terminated with exit code 1
