[2022-03-20 00:01:05,745] {taskinstance.py:851} INFO - Dependencies all met for <TaskInstance: matchup.run_script 2022-03-19T18:00:00+00:00 [queued]>
[2022-03-20 00:01:05,750] {taskinstance.py:851} INFO - Dependencies all met for <TaskInstance: matchup.run_script 2022-03-19T18:00:00+00:00 [queued]>
[2022-03-20 00:01:05,750] {taskinstance.py:1042} INFO - 
--------------------------------------------------------------------------------
[2022-03-20 00:01:05,750] {taskinstance.py:1043} INFO - Starting attempt 2 of 6
[2022-03-20 00:01:05,750] {taskinstance.py:1044} INFO - 
--------------------------------------------------------------------------------
[2022-03-20 00:01:05,759] {taskinstance.py:1063} INFO - Executing <Task(BashOperator): run_script> on 2022-03-19T18:00:00+00:00
[2022-03-20 00:01:05,762] {standard_task_runner.py:52} INFO - Started process 418635 to run task
[2022-03-20 00:01:05,770] {standard_task_runner.py:76} INFO - Running: ['airflow', 'tasks', 'run', 'matchup', 'run_script', '2022-03-19T18:00:00+00:00', '--job-id', '389', '--pool', 'default_pool', '--raw', '--subdir', 'DAGS_FOLDER/matchup.py', '--cfg-path', '/tmp/tmp6tex07th', '--error-file', '/tmp/tmpm9p6xtoq']
[2022-03-20 00:01:05,770] {standard_task_runner.py:77} INFO - Job 389: Subtask run_script
[2022-03-20 00:01:05,805] {logging_mixin.py:104} INFO - Running <TaskInstance: matchup.run_script 2022-03-19T18:00:00+00:00 [running]> on host 531edfb863fc
[2022-03-20 00:01:05,823] {taskinstance.py:1255} INFO - Exporting the following env vars:
AIRFLOW_CTX_DAG_EMAIL=r.chesne@gmail.com
AIRFLOW_CTX_DAG_OWNER=Robin
AIRFLOW_CTX_DAG_ID=matchup
AIRFLOW_CTX_TASK_ID=run_script
AIRFLOW_CTX_EXECUTION_DATE=2022-03-19T18:00:00+00:00
AIRFLOW_CTX_DAG_RUN_ID=scheduled__2022-03-19T18:00:00+00:00
[2022-03-20 00:01:05,824] {bash.py:135} INFO - Tmp dir root location: 
 /tmp
[2022-03-20 00:01:05,824] {bash.py:158} INFO - Running command: python /app/scripts/main.py
[2022-03-20 00:01:05,832] {bash.py:169} INFO - Output:
[2022-03-20 00:01:09,975] {bash.py:173} INFO - Italy
[2022-03-20 00:01:09,975] {bash.py:173} INFO - 28546
[2022-03-20 00:01:09,975] {bash.py:173} INFO - Spain
[2022-03-20 00:01:09,976] {bash.py:173} INFO - 26088
[2022-03-20 00:01:09,976] {bash.py:173} INFO - Italy: CO2 407, mix [('gas', 14814, '52'), ('wind', 3424, '12'), ('coal', 3397, '12')]
[2022-03-20 00:01:09,976] {bash.py:173} INFO - Spain: CO2 162, mix [('wind', 7599, '29'), ('nuclear', 7473, '29'), ('gas', 5549, '21')]
[2022-03-20 00:01:09,976] {bash.py:173} INFO - Denmark
[2022-03-20 00:01:09,976] {bash.py:173} INFO - 3899
[2022-03-20 00:01:09,976] {bash.py:173} INFO - Finland
[2022-03-20 00:01:09,976] {bash.py:173} INFO - 9081
[2022-03-20 00:01:09,976] {bash.py:173} INFO - Denmark: CO2 170, mix [('wind', 1809, '46'), ('biomass', 548, '14'), ('nuclear', 445, '11')]
[2022-03-20 00:01:09,976] {bash.py:173} INFO - Finland: CO2 116, mix [('nuclear', 3242, '36'), ('wind', 2967, '33'), ('hydro', 1014, '11')]
[2022-03-20 00:01:09,976] {bash.py:173} INFO - Germany
[2022-03-20 00:01:09,977] {bash.py:173} INFO - 48870
[2022-03-20 00:01:09,977] {bash.py:173} INFO - UK
[2022-03-20 00:01:09,977] {bash.py:173} INFO - 29057
[2022-03-20 00:01:09,977] {bash.py:173} INFO - Germany: CO2 252, mix [('wind', 24563, '50'), ('coal', 10723, '22'), ('biomass', 4157, '9')]
[2022-03-20 00:01:09,977] {bash.py:173} INFO - UK: CO2 131, mix [('wind', 14397, '50'), ('nuclear', 6149, '21'), ('gas', 6007, '21')]
[2022-03-20 00:01:10,044] {bash.py:177} INFO - Command exited with return code 0
[2022-03-20 00:01:10,060] {taskinstance.py:1159} INFO - Marking task as SUCCESS. dag_id=matchup, task_id=run_script, execution_date=20220319T180000, start_date=20220320T000105, end_date=20220320T000110
[2022-03-20 00:01:10,078] {taskinstance.py:1220} INFO - 0 downstream tasks scheduled from follow-on schedule check
[2022-03-20 00:01:10,121] {local_task_job.py:146} INFO - Task exited with return code 0
