[2022-03-29 06:04:11,002] {taskinstance.py:851} INFO - Dependencies all met for <TaskInstance: matchup.run_script 2022-03-29T00:00:00+00:00 [queued]>
[2022-03-29 06:04:11,008] {taskinstance.py:851} INFO - Dependencies all met for <TaskInstance: matchup.run_script 2022-03-29T00:00:00+00:00 [queued]>
[2022-03-29 06:04:11,008] {taskinstance.py:1042} INFO - 
--------------------------------------------------------------------------------
[2022-03-29 06:04:11,008] {taskinstance.py:1043} INFO - Starting attempt 5 of 6
[2022-03-29 06:04:11,008] {taskinstance.py:1044} INFO - 
--------------------------------------------------------------------------------
[2022-03-29 06:04:11,017] {taskinstance.py:1063} INFO - Executing <Task(BashOperator): run_script> on 2022-03-29T00:00:00+00:00
[2022-03-29 06:04:11,020] {standard_task_runner.py:52} INFO - Started process 550525 to run task
[2022-03-29 06:04:11,027] {standard_task_runner.py:76} INFO - Running: ['airflow', 'tasks', 'run', 'matchup', 'run_script', '2022-03-29T00:00:00+00:00', '--job-id', '544', '--pool', 'default_pool', '--raw', '--subdir', 'DAGS_FOLDER/matchup.py', '--cfg-path', '/tmp/tmpq6cfs07p', '--error-file', '/tmp/tmpmzryj9hv']
[2022-03-29 06:04:11,028] {standard_task_runner.py:77} INFO - Job 544: Subtask run_script
[2022-03-29 06:04:11,053] {logging_mixin.py:104} INFO - Running <TaskInstance: matchup.run_script 2022-03-29T00:00:00+00:00 [running]> on host 531edfb863fc
[2022-03-29 06:04:11,068] {taskinstance.py:1255} INFO - Exporting the following env vars:
AIRFLOW_CTX_DAG_EMAIL=r.chesne@gmail.com
AIRFLOW_CTX_DAG_OWNER=Robin
AIRFLOW_CTX_DAG_ID=matchup
AIRFLOW_CTX_TASK_ID=run_script
AIRFLOW_CTX_EXECUTION_DATE=2022-03-29T00:00:00+00:00
AIRFLOW_CTX_DAG_RUN_ID=scheduled__2022-03-29T00:00:00+00:00
[2022-03-29 06:04:11,069] {bash.py:135} INFO - Tmp dir root location: 
 /tmp
[2022-03-29 06:04:11,069] {bash.py:158} INFO - Running command: python /app/scripts/main.py
[2022-03-29 06:04:11,075] {bash.py:169} INFO - Output:
[2022-03-29 06:04:15,884] {bash.py:173} INFO - Italy
[2022-03-29 06:04:15,885] {bash.py:173} INFO - 26603
[2022-03-29 06:04:15,885] {bash.py:173} INFO - Portugal
[2022-03-29 06:04:15,885] {bash.py:173} INFO - 4286
[2022-03-29 06:04:15,885] {bash.py:173} INFO - Italy: CO2 467, mix [('gas', 15716, '59'), ('coal', 3610, '14'), ('unknown', 2374, '9')]
[2022-03-29 06:04:15,885] {bash.py:173} INFO - Portugal: CO2 299, mix [('gas', 2168, '51'), ('hydro discharge', 719, '17'), ('hydro', 580, '14')]
[2022-03-29 06:04:15,885] {bash.py:173} INFO - Norway
[2022-03-29 06:04:15,885] {bash.py:173} INFO - 16085
[2022-03-29 06:04:15,886] {bash.py:173} INFO - Denmark
[2022-03-29 06:04:15,886] {bash.py:173} INFO - 3655
[2022-03-29 06:04:15,886] {bash.py:173} INFO - Norway: CO2 29, mix [('hydro', 14214, '88'), ('wind', 1005, '6'), ('nuclear', 335, '2')]
[2022-03-29 06:04:15,886] {bash.py:173} INFO - Denmark: CO2 215, mix [('wind', 1339, '37'), ('coal', 648, '18'), ('hydro', 619, '17')]
[2022-03-29 06:04:15,886] {bash.py:173} INFO - Germany
[2022-03-29 06:04:15,886] {bash.py:173} INFO - 55550
[2022-03-29 06:04:15,886] {bash.py:173} INFO - France
[2022-03-29 06:04:15,886] {bash.py:173} INFO - 47891
[2022-03-29 06:04:15,886] {bash.py:173} INFO - Germany: CO2 478, mix [('coal', 24044, '43'), ('gas', 9084, '16'), ('wind', 7623, '14')]
[2022-03-29 06:04:15,886] {bash.py:173} INFO - France: CO2 104, mix [('nuclear', 30596, '64'), ('gas', 7371, '15'), ('hydro', 4671, '10')]
[2022-03-29 06:04:15,917] {bash.py:177} INFO - Command exited with return code 0
[2022-03-29 06:04:15,931] {taskinstance.py:1159} INFO - Marking task as SUCCESS. dag_id=matchup, task_id=run_script, execution_date=20220329T000000, start_date=20220329T060411, end_date=20220329T060415
[2022-03-29 06:04:15,942] {taskinstance.py:1220} INFO - 0 downstream tasks scheduled from follow-on schedule check
[2022-03-29 06:04:15,974] {local_task_job.py:146} INFO - Task exited with return code 0
