[2022-02-26 06:00:05,184] {taskinstance.py:851} INFO - Dependencies all met for <TaskInstance: matchup.run_script 2022-02-26T00:00:00+00:00 [queued]>
[2022-02-26 06:00:05,190] {taskinstance.py:851} INFO - Dependencies all met for <TaskInstance: matchup.run_script 2022-02-26T00:00:00+00:00 [queued]>
[2022-02-26 06:00:05,190] {taskinstance.py:1042} INFO - 
--------------------------------------------------------------------------------
[2022-02-26 06:00:05,190] {taskinstance.py:1043} INFO - Starting attempt 1 of 6
[2022-02-26 06:00:05,190] {taskinstance.py:1044} INFO - 
--------------------------------------------------------------------------------
[2022-02-26 06:00:05,199] {taskinstance.py:1063} INFO - Executing <Task(BashOperator): run_script> on 2022-02-26T00:00:00+00:00
[2022-02-26 06:00:05,203] {standard_task_runner.py:52} INFO - Started process 109692 to run task
[2022-02-26 06:00:05,209] {standard_task_runner.py:76} INFO - Running: ['airflow', 'tasks', 'run', 'matchup', 'run_script', '2022-02-26T00:00:00+00:00', '--job-id', '84', '--pool', 'default_pool', '--raw', '--subdir', 'DAGS_FOLDER/matchup.py', '--cfg-path', '/tmp/tmp1qyvomym', '--error-file', '/tmp/tmpsz4w5pql']
[2022-02-26 06:00:05,210] {standard_task_runner.py:77} INFO - Job 84: Subtask run_script
[2022-02-26 06:00:05,248] {logging_mixin.py:104} INFO - Running <TaskInstance: matchup.run_script 2022-02-26T00:00:00+00:00 [running]> on host 531edfb863fc
[2022-02-26 06:00:05,285] {taskinstance.py:1255} INFO - Exporting the following env vars:
AIRFLOW_CTX_DAG_EMAIL=r.chesne@gmail.com
AIRFLOW_CTX_DAG_OWNER=Robin
AIRFLOW_CTX_DAG_ID=matchup
AIRFLOW_CTX_TASK_ID=run_script
AIRFLOW_CTX_EXECUTION_DATE=2022-02-26T00:00:00+00:00
AIRFLOW_CTX_DAG_RUN_ID=scheduled__2022-02-26T00:00:00+00:00
[2022-02-26 06:00:05,286] {bash.py:135} INFO - Tmp dir root location: 
 /tmp
[2022-02-26 06:00:05,287] {bash.py:158} INFO - Running command: python /app/scripts/main.py
[2022-02-26 06:00:05,296] {bash.py:169} INFO - Output:
[2022-02-26 06:00:08,528] {bash.py:173} INFO - Spain: CO2 182, mix [('nuclear', 7482, '34'), ('gas', 5794, '26'), ('wind', 5762, '26')]
[2022-02-26 06:00:08,529] {bash.py:173} INFO - Portugal: CO2 205, mix [('wind', 2009, '43'), ('gas', 1549, '33'), ('nuclear', 378, '8')]
[2022-02-26 06:00:08,529] {bash.py:173} INFO - Norway: CO2 28, mix [('hydro', 15732, '93'), ('wind', 777, '5'), ('hydro discharge', 245, '1')]
[2022-02-26 06:00:08,529] {bash.py:173} INFO - Denmark: CO2 222, mix [('hydro', 1047, '27'), ('wind', 974, '25'), ('biomass', 672, '17')]
[2022-02-26 06:00:08,529] {bash.py:173} INFO - Germany: CO2 320, mix [('wind', 9384, '30'), ('coal', 8077, '26'), ('gas', 4278, '14')]
[2022-02-26 06:00:08,529] {bash.py:173} INFO - France: CO2 80, mix [('nuclear', 42494, '71'), ('gas', 6402, '11'), ('hydro', 5578, '9')]
[2022-02-26 06:00:08,619] {bash.py:177} INFO - Command exited with return code 0
[2022-02-26 06:00:08,645] {taskinstance.py:1159} INFO - Marking task as SUCCESS. dag_id=matchup, task_id=run_script, execution_date=20220226T000000, start_date=20220226T060005, end_date=20220226T060008
[2022-02-26 06:00:08,664] {taskinstance.py:1220} INFO - 0 downstream tasks scheduled from follow-on schedule check
[2022-02-26 06:00:08,717] {local_task_job.py:146} INFO - Task exited with return code 0
