[2022-02-26 18:00:04,226] {taskinstance.py:851} INFO - Dependencies all met for <TaskInstance: matchup.run_script 2022-02-26T12:00:00+00:00 [queued]>
[2022-02-26 18:00:04,235] {taskinstance.py:851} INFO - Dependencies all met for <TaskInstance: matchup.run_script 2022-02-26T12:00:00+00:00 [queued]>
[2022-02-26 18:00:04,235] {taskinstance.py:1042} INFO - 
--------------------------------------------------------------------------------
[2022-02-26 18:00:04,235] {taskinstance.py:1043} INFO - Starting attempt 1 of 6
[2022-02-26 18:00:04,235] {taskinstance.py:1044} INFO - 
--------------------------------------------------------------------------------
[2022-02-26 18:00:04,249] {taskinstance.py:1063} INFO - Executing <Task(BashOperator): run_script> on 2022-02-26T12:00:00+00:00
[2022-02-26 18:00:04,253] {standard_task_runner.py:52} INFO - Started process 116757 to run task
[2022-02-26 18:00:04,262] {standard_task_runner.py:76} INFO - Running: ['airflow', 'tasks', 'run', 'matchup', 'run_script', '2022-02-26T12:00:00+00:00', '--job-id', '88', '--pool', 'default_pool', '--raw', '--subdir', 'DAGS_FOLDER/matchup.py', '--cfg-path', '/tmp/tmp037xwazm', '--error-file', '/tmp/tmpqxs2ya86']
[2022-02-26 18:00:04,263] {standard_task_runner.py:77} INFO - Job 88: Subtask run_script
[2022-02-26 18:00:04,306] {logging_mixin.py:104} INFO - Running <TaskInstance: matchup.run_script 2022-02-26T12:00:00+00:00 [running]> on host 531edfb863fc
[2022-02-26 18:00:04,357] {taskinstance.py:1255} INFO - Exporting the following env vars:
AIRFLOW_CTX_DAG_EMAIL=r.chesne@gmail.com
AIRFLOW_CTX_DAG_OWNER=Robin
AIRFLOW_CTX_DAG_ID=matchup
AIRFLOW_CTX_TASK_ID=run_script
AIRFLOW_CTX_EXECUTION_DATE=2022-02-26T12:00:00+00:00
AIRFLOW_CTX_DAG_RUN_ID=scheduled__2022-02-26T12:00:00+00:00
[2022-02-26 18:00:04,358] {bash.py:135} INFO - Tmp dir root location: 
 /tmp
[2022-02-26 18:00:04,359] {bash.py:158} INFO - Running command: python /app/scripts/main.py
[2022-02-26 18:00:04,369] {bash.py:169} INFO - Output:
[2022-02-26 18:00:09,489] {bash.py:173} INFO - Portugal: CO2 262, mix [('gas', 2417, '42'), ('hydro', 790, '14'), ('nuclear', 726, '13')]
[2022-02-26 18:00:09,489] {bash.py:173} INFO - Spain: CO2 185, mix [('gas', 7442, '28'), ('wind', 7146, '27'), ('nuclear', 6873, '26')]
[2022-02-26 18:00:09,490] {bash.py:173} INFO - Denmark: CO2 265, mix [('hydro', 1062, '24'), ('coal', 814, '19'), ('biomass', 812, '19')]
[2022-02-26 18:00:09,490] {bash.py:173} INFO - Norway: CO2 27, mix [('hydro', 15488, '84'), ('wind', 2441, '13'), ('hydro discharge', 342, '2')]
[2022-02-26 18:00:09,490] {bash.py:173} INFO - France: CO2 66, mix [('nuclear', 32385, '65'), ('wind', 4563, '9'), ('solar', 4127, '8')]
[2022-02-26 18:00:09,491] {bash.py:173} INFO - Germany: CO2 518, mix [('coal', 23473, '49'), ('gas', 6396, '13'), ('biomass', 5035, '10')]
[2022-02-26 18:00:09,536] {bash.py:177} INFO - Command exited with return code 0
[2022-02-26 18:00:09,560] {taskinstance.py:1159} INFO - Marking task as SUCCESS. dag_id=matchup, task_id=run_script, execution_date=20220226T120000, start_date=20220226T180004, end_date=20220226T180009
[2022-02-26 18:00:09,584] {taskinstance.py:1220} INFO - 0 downstream tasks scheduled from follow-on schedule check
[2022-02-26 18:00:09,605] {local_task_job.py:146} INFO - Task exited with return code 0
