[2022-04-11 00:02:09,695] {taskinstance.py:851} INFO - Dependencies all met for <TaskInstance: matchup.run_script 2022-04-10T18:00:00+00:00 [queued]>
[2022-04-11 00:02:09,699] {taskinstance.py:851} INFO - Dependencies all met for <TaskInstance: matchup.run_script 2022-04-10T18:00:00+00:00 [queued]>
[2022-04-11 00:02:09,700] {taskinstance.py:1042} INFO - 
--------------------------------------------------------------------------------
[2022-04-11 00:02:09,700] {taskinstance.py:1043} INFO - Starting attempt 3 of 6
[2022-04-11 00:02:09,700] {taskinstance.py:1044} INFO - 
--------------------------------------------------------------------------------
[2022-04-11 00:02:09,707] {taskinstance.py:1063} INFO - Executing <Task(BashOperator): run_script> on 2022-04-10T18:00:00+00:00
[2022-04-11 00:02:09,710] {standard_task_runner.py:52} INFO - Started process 107316 to run task
[2022-04-11 00:02:09,716] {standard_task_runner.py:76} INFO - Running: ['airflow', 'tasks', 'run', 'matchup', 'run_script', '2022-04-10T18:00:00+00:00', '--job-id', '121', '--pool', 'default_pool', '--raw', '--subdir', 'DAGS_FOLDER/matchup.py', '--cfg-path', '/tmp/tmpf0mzni88', '--error-file', '/tmp/tmpowfpz62e']
[2022-04-11 00:02:09,717] {standard_task_runner.py:77} INFO - Job 121: Subtask run_script
[2022-04-11 00:02:09,739] {logging_mixin.py:104} INFO - Running <TaskInstance: matchup.run_script 2022-04-10T18:00:00+00:00 [running]> on host 193e33218975
[2022-04-11 00:02:09,754] {taskinstance.py:1255} INFO - Exporting the following env vars:
AIRFLOW_CTX_DAG_EMAIL=r.chesne@gmail.com
AIRFLOW_CTX_DAG_OWNER=Robin
AIRFLOW_CTX_DAG_ID=matchup
AIRFLOW_CTX_TASK_ID=run_script
AIRFLOW_CTX_EXECUTION_DATE=2022-04-10T18:00:00+00:00
AIRFLOW_CTX_DAG_RUN_ID=scheduled__2022-04-10T18:00:00+00:00
[2022-04-11 00:02:09,754] {bash.py:135} INFO - Tmp dir root location: 
 /tmp
[2022-04-11 00:02:09,755] {bash.py:158} INFO - Running command: python /app/scripts/main.py
[2022-04-11 00:02:09,763] {bash.py:169} INFO - Output:
[2022-04-11 00:02:13,425] {bash.py:173} INFO - Portugal
[2022-04-11 00:02:13,425] {bash.py:173} INFO - 3593
[2022-04-11 00:02:13,425] {bash.py:173} INFO - Spain
[2022-04-11 00:02:13,425] {bash.py:173} INFO - 23739
[2022-04-11 00:02:13,425] {bash.py:173} INFO - Portugal: CO2 79, mix [('wind', 2351, '65'), ('hydro', 573, '16'), ('biomass', 335, '9')]
[2022-04-11 00:02:13,425] {bash.py:173} INFO - Spain: CO2 107, mix [('wind', 12249, '52'), ('nuclear', 4983, '21'), ('gas', 3015, '13')]
[2022-04-11 00:02:13,425] {bash.py:173} INFO - Norway
[2022-04-11 00:02:13,425] {bash.py:173} INFO - 16213
[2022-04-11 00:02:13,426] {bash.py:173} INFO - Sweden
[2022-04-11 00:02:13,426] {bash.py:173} INFO - 14634
[2022-04-11 00:02:13,426] {bash.py:173} INFO - Norway: CO2 29, mix [('hydro', 12440, '77'), ('wind', 2857, '18'), ('nuclear', 482, '3')]
[2022-04-11 00:02:13,426] {bash.py:173} INFO - Sweden: CO2 38, mix [('hydro', 4503, '31'), ('nuclear', 4475, '31'), ('wind', 4434, '30')]
[2022-04-11 00:02:13,426] {bash.py:173} INFO - France
[2022-04-11 00:02:13,426] {bash.py:173} INFO - 49620
[2022-04-11 00:02:13,426] {bash.py:173} INFO - UK
[2022-04-11 00:02:13,426] {bash.py:173} INFO - 26859
[2022-04-11 00:02:13,426] {bash.py:173} INFO - France: CO2 69, mix [('nuclear', 29917, '60'), ('wind', 8145, '16'), ('hydro', 5722, '12')]
[2022-04-11 00:02:13,426] {bash.py:173} INFO - UK: CO2 303, mix [('gas', 13478, '50'), ('nuclear', 5301, '20'), ('wind', 4361, '16')]
[2022-04-11 00:02:13,459] {bash.py:177} INFO - Command exited with return code 0
[2022-04-11 00:02:13,479] {taskinstance.py:1159} INFO - Marking task as SUCCESS. dag_id=matchup, task_id=run_script, execution_date=20220410T180000, start_date=20220411T000209, end_date=20220411T000213
[2022-04-11 00:02:13,494] {taskinstance.py:1220} INFO - 0 downstream tasks scheduled from follow-on schedule check
[2022-04-11 00:02:13,539] {local_task_job.py:146} INFO - Task exited with return code 0
