[2022-06-26 06:00:03,750] {taskinstance.py:851} INFO - Dependencies all met for <TaskInstance: matchup.run_script 2022-06-26T00:00:00+00:00 [queued]>
[2022-06-26 06:00:03,755] {taskinstance.py:851} INFO - Dependencies all met for <TaskInstance: matchup.run_script 2022-06-26T00:00:00+00:00 [queued]>
[2022-06-26 06:00:03,755] {taskinstance.py:1042} INFO - 
--------------------------------------------------------------------------------
[2022-06-26 06:00:03,755] {taskinstance.py:1043} INFO - Starting attempt 1 of 6
[2022-06-26 06:00:03,755] {taskinstance.py:1044} INFO - 
--------------------------------------------------------------------------------
[2022-06-26 06:00:03,764] {taskinstance.py:1063} INFO - Executing <Task(BashOperator): run_script> on 2022-06-26T00:00:00+00:00
[2022-06-26 06:00:03,766] {standard_task_runner.py:52} INFO - Started process 68469 to run task
[2022-06-26 06:00:03,770] {standard_task_runner.py:76} INFO - Running: ['airflow', 'tasks', 'run', 'matchup', 'run_script', '2022-06-26T00:00:00+00:00', '--job-id', '1449', '--pool', 'default_pool', '--raw', '--subdir', 'DAGS_FOLDER/matchup.py', '--cfg-path', '/tmp/tmpfoxt0txk', '--error-file', '/tmp/tmp3zrlok5q']
[2022-06-26 06:00:03,770] {standard_task_runner.py:77} INFO - Job 1449: Subtask run_script
[2022-06-26 06:00:03,796] {logging_mixin.py:104} INFO - Running <TaskInstance: matchup.run_script 2022-06-26T00:00:00+00:00 [running]> on host b5b34dd97903
[2022-06-26 06:00:03,823] {taskinstance.py:1255} INFO - Exporting the following env vars:
AIRFLOW_CTX_DAG_EMAIL=r.chesne@gmail.com
AIRFLOW_CTX_DAG_OWNER=Robin
AIRFLOW_CTX_DAG_ID=matchup
AIRFLOW_CTX_TASK_ID=run_script
AIRFLOW_CTX_EXECUTION_DATE=2022-06-26T00:00:00+00:00
AIRFLOW_CTX_DAG_RUN_ID=scheduled__2022-06-26T00:00:00+00:00
[2022-06-26 06:00:03,823] {bash.py:135} INFO - Tmp dir root location: 
 /tmp
[2022-06-26 06:00:03,824] {bash.py:158} INFO - Running command: python /app/scripts/main.py
[2022-06-26 06:00:03,829] {bash.py:169} INFO - Output:
[2022-06-26 06:00:07,502] {bash.py:173} INFO - Italy
[2022-06-26 06:00:07,502] {bash.py:173} INFO - 23678
[2022-06-26 06:00:07,502] {bash.py:173} INFO - Portugal
[2022-06-26 06:00:07,503] {bash.py:173} INFO - 3492
[2022-06-26 06:00:07,503] {bash.py:173} INFO - Italy: CO2 326, mix [('gas', 8028, '34'), ('hydro', 4628, '20'), ('wind', 2785, '12')]
[2022-06-26 06:00:07,503] {bash.py:173} INFO - Portugal: CO2 209, mix [('wind', 1776, '51'), ('gas', 1250, '36'), ('biomass', 369, '11')]
[2022-06-26 06:00:07,503] {bash.py:173} INFO - Denmark
[2022-06-26 06:00:07,503] {bash.py:173} INFO - 2465
[2022-06-26 06:00:07,503] {bash.py:173} INFO - Sweden
[2022-06-26 06:00:07,503] {bash.py:173} INFO - 9764
[2022-06-26 06:00:07,503] {bash.py:173} INFO - Denmark: CO2 116, mix [('wind', 779, '32'), ('hydro', 738, '30'), ('nuclear', 403, '16')]
[2022-06-26 06:00:07,503] {bash.py:173} INFO - Sweden: CO2 24, mix [('hydro', 3935, '40'), ('nuclear', 3195, '33'), ('wind', 2263, '23')]
[2022-06-26 06:00:07,503] {bash.py:173} INFO - France
[2022-06-26 06:00:07,503] {bash.py:173} INFO - 34158
[2022-06-26 06:00:07,503] {bash.py:173} INFO - UK
[2022-06-26 06:00:07,503] {bash.py:173} INFO - 15328
[2022-06-26 06:00:07,503] {bash.py:173} INFO - France: CO2 45, mix [('nuclear', 26002, '76'), ('hydro', 3242, '9'), ('wind', 1878, '5')]
[2022-06-26 06:00:07,503] {bash.py:173} INFO - UK: CO2 168, mix [('wind', 5413, '35'), ('gas', 4395, '29'), ('nuclear', 4304, '28')]
[2022-06-26 06:00:07,540] {bash.py:177} INFO - Command exited with return code 0
[2022-06-26 06:00:07,556] {taskinstance.py:1159} INFO - Marking task as SUCCESS. dag_id=matchup, task_id=run_script, execution_date=20220626T000000, start_date=20220626T060003, end_date=20220626T060007
[2022-06-26 06:00:07,568] {taskinstance.py:1220} INFO - 0 downstream tasks scheduled from follow-on schedule check
[2022-06-26 06:00:07,598] {local_task_job.py:146} INFO - Task exited with return code 0
