[2022-03-07 00:00:06,371] {taskinstance.py:851} INFO - Dependencies all met for <TaskInstance: matchup.run_script 2022-03-06T18:00:00+00:00 [queued]>
[2022-03-07 00:00:06,378] {taskinstance.py:851} INFO - Dependencies all met for <TaskInstance: matchup.run_script 2022-03-06T18:00:00+00:00 [queued]>
[2022-03-07 00:00:06,378] {taskinstance.py:1042} INFO - 
--------------------------------------------------------------------------------
[2022-03-07 00:00:06,378] {taskinstance.py:1043} INFO - Starting attempt 1 of 6
[2022-03-07 00:00:06,378] {taskinstance.py:1044} INFO - 
--------------------------------------------------------------------------------
[2022-03-07 00:00:06,443] {taskinstance.py:1063} INFO - Executing <Task(BashOperator): run_script> on 2022-03-06T18:00:00+00:00
[2022-03-07 00:00:06,448] {standard_task_runner.py:52} INFO - Started process 233407 to run task
[2022-03-07 00:00:06,454] {standard_task_runner.py:76} INFO - Running: ['airflow', 'tasks', 'run', 'matchup', 'run_script', '2022-03-06T18:00:00+00:00', '--job-id', '168', '--pool', 'default_pool', '--raw', '--subdir', 'DAGS_FOLDER/matchup.py', '--cfg-path', '/tmp/tmp9leb4v67', '--error-file', '/tmp/tmpldhkok9w']
[2022-03-07 00:00:06,455] {standard_task_runner.py:77} INFO - Job 168: Subtask run_script
[2022-03-07 00:00:06,661] {logging_mixin.py:104} INFO - Running <TaskInstance: matchup.run_script 2022-03-06T18:00:00+00:00 [running]> on host 531edfb863fc
[2022-03-07 00:00:06,757] {taskinstance.py:1255} INFO - Exporting the following env vars:
AIRFLOW_CTX_DAG_EMAIL=r.chesne@gmail.com
AIRFLOW_CTX_DAG_OWNER=Robin
AIRFLOW_CTX_DAG_ID=matchup
AIRFLOW_CTX_TASK_ID=run_script
AIRFLOW_CTX_EXECUTION_DATE=2022-03-06T18:00:00+00:00
AIRFLOW_CTX_DAG_RUN_ID=scheduled__2022-03-06T18:00:00+00:00
[2022-03-07 00:00:06,757] {bash.py:135} INFO - Tmp dir root location: 
 /tmp
[2022-03-07 00:00:06,758] {bash.py:158} INFO - Running command: python /app/scripts/main.py
[2022-03-07 00:00:06,767] {bash.py:169} INFO - Output:
[2022-03-07 00:00:13,163] {bash.py:173} INFO - Spain: CO2 185, mix [('nuclear', 8525, '31'), ('gas', 6975, '25'), ('hydro', 5116, '19')]
[2022-03-07 00:00:13,164] {bash.py:173} INFO - Italy: CO2 429, mix [('gas', 15778, '54'), ('hydro', 4034, '14'), ('coal', 3039, '10')]
[2022-03-07 00:00:13,164] {bash.py:173} INFO - Denmark: CO2 314, mix [('coal', 893, '25'), ('hydro', 892, '25'), ('biomass', 698, '19')]
[2022-03-07 00:00:13,164] {bash.py:173} INFO - Sweden: CO2 41, mix [('hydro', 6289, '37'), ('nuclear', 5304, '31'), ('wind', 3945, '23')]
[2022-03-07 00:00:13,164] {bash.py:173} INFO - UK: CO2 284, mix [('gas', 14806, '44'), ('nuclear', 7305, '22'), ('wind', 5286, '16')]
[2022-03-07 00:00:13,164] {bash.py:173} INFO - Germany: CO2 499, mix [('coal', 23043, '48'), ('gas', 6236, '13'), ('wind', 5161, '11')]
[2022-03-07 00:00:13,255] {bash.py:177} INFO - Command exited with return code 0
[2022-03-07 00:00:13,384] {taskinstance.py:1159} INFO - Marking task as SUCCESS. dag_id=matchup, task_id=run_script, execution_date=20220306T180000, start_date=20220307T000006, end_date=20220307T000013
[2022-03-07 00:00:13,617] {taskinstance.py:1220} INFO - 0 downstream tasks scheduled from follow-on schedule check
[2022-03-07 00:00:13,649] {local_task_job.py:146} INFO - Task exited with return code 0
