[2022-03-07 20:59:10,262] {taskinstance.py:851} INFO - Dependencies all met for <TaskInstance: matchup.run_script 2022-03-07T20:53:51.361476+00:00 [queued]>
[2022-03-07 20:59:10,271] {taskinstance.py:851} INFO - Dependencies all met for <TaskInstance: matchup.run_script 2022-03-07T20:53:51.361476+00:00 [queued]>
[2022-03-07 20:59:10,271] {taskinstance.py:1042} INFO - 
--------------------------------------------------------------------------------
[2022-03-07 20:59:10,271] {taskinstance.py:1043} INFO - Starting attempt 6 of 6
[2022-03-07 20:59:10,272] {taskinstance.py:1044} INFO - 
--------------------------------------------------------------------------------
[2022-03-07 20:59:10,286] {taskinstance.py:1063} INFO - Executing <Task(BashOperator): run_script> on 2022-03-07T20:53:51.361476+00:00
[2022-03-07 20:59:10,290] {standard_task_runner.py:52} INFO - Started process 245998 to run task
[2022-03-07 20:59:10,296] {standard_task_runner.py:76} INFO - Running: ['airflow', 'tasks', 'run', 'matchup', 'run_script', '2022-03-07T20:53:51.361476+00:00', '--job-id', '200', '--pool', 'default_pool', '--raw', '--subdir', 'DAGS_FOLDER/matchup.py', '--cfg-path', '/tmp/tmp6bdaly4n', '--error-file', '/tmp/tmpgcisf0r0']
[2022-03-07 20:59:10,297] {standard_task_runner.py:77} INFO - Job 200: Subtask run_script
[2022-03-07 20:59:10,328] {logging_mixin.py:104} INFO - Running <TaskInstance: matchup.run_script 2022-03-07T20:53:51.361476+00:00 [running]> on host 531edfb863fc
[2022-03-07 20:59:10,352] {taskinstance.py:1255} INFO - Exporting the following env vars:
AIRFLOW_CTX_DAG_EMAIL=r.chesne@gmail.com
AIRFLOW_CTX_DAG_OWNER=Robin
AIRFLOW_CTX_DAG_ID=matchup
AIRFLOW_CTX_TASK_ID=run_script
AIRFLOW_CTX_EXECUTION_DATE=2022-03-07T20:53:51.361476+00:00
AIRFLOW_CTX_DAG_RUN_ID=manual__2022-03-07T20:53:51.361476+00:00
[2022-03-07 20:59:10,352] {bash.py:135} INFO - Tmp dir root location: 
 /tmp
[2022-03-07 20:59:10,353] {bash.py:158} INFO - Running command: python /app/scripts/main.py
[2022-03-07 20:59:10,363] {bash.py:169} INFO - Output:
[2022-03-07 20:59:13,798] {bash.py:173} INFO - {'nuclear': 82, 'geothermal': 621, 'biomass': 31, 'coal': 88, 'wind': 120, 'solar': 0, 'hydro': 411, 'gas': 2022, 'oil': 21, 'unknown': 389, 'hydro discharge': 180, 'battery discharge': 0}
[2022-03-07 20:59:13,798] {bash.py:173} INFO - {'nuclear': 0, 'geothermal': 0, 'biomass': 203, 'coal': 1188, 'wind': 1394, 'solar': 0, 'hydro': 720, 'gas': 3633, 'oil': 0, 'unknown': 498, 'hydro discharge': 451, 'battery discharge': 0}
[2022-03-07 20:59:13,799] {bash.py:173} INFO - {'nuclear': 1442, 'geothermal': 0, 'biomass': 325, 'coal': 274, 'wind': 186, 'solar': 3, 'hydro': 3322, 'gas': 13781, 'oil': 73, 'unknown': 2767, 'hydro discharge': 2690, 'battery discharge': 0}
[2022-03-07 20:59:13,799] {bash.py:173} INFO - {'nuclear': 0, 'geothermal': 0, 'biomass': 70, 'coal': 480, 'wind': 99, 'solar': 0, 'hydro': 45, 'gas': 416, 'oil': 20, 'unknown': 75, 'hydro discharge': 197, 'battery discharge': 0}
[2022-03-07 20:59:13,799] {bash.py:173} INFO - {'nuclear': 0, 'geothermal': 0, 'biomass': 42, 'coal': 94, 'wind': 376, 'solar': 0, 'hydro': 42, 'gas': 1560, 'oil': 398, 'unknown': 71, 'hydro discharge': 63, 'battery discharge': 0}
[2022-03-07 20:59:13,799] {bash.py:173} INFO - {'nuclear': 0, 'geothermal': 0, 'biomass': 131, 'coal': 459, 'wind': 816, 'solar': 0, 'hydro': 168, 'gas': 2091, 'oil': 0, 'unknown': 145, 'hydro discharge': 0, 'battery discharge': 0}
[2022-03-07 20:59:13,799] {bash.py:173} INFO - {'nuclear': 6694, 'geothermal': 0, 'biomass': 852, 'coal': 1179, 'wind': 6244, 'solar': 128, 'hydro': 5954, 'gas': 11334, 'oil': 179, 'unknown': 124, 'hydro discharge': 128, 'battery discharge': 0}
[2022-03-07 20:59:13,799] {bash.py:173} INFO - Italy: CO2 399, mix [('gas', 23503, '52'), ('hydro', 4708, '11'), ('unknown', 3945, '9')]
[2022-03-07 20:59:13,799] {bash.py:173} INFO - Spain: CO2 221, mix [('gas', 11334, '35'), ('nuclear', 6694, '20'), ('wind', 6244, '19')]
[2022-03-07 20:59:13,799] {bash.py:173} INFO - {'nuclear': 3065, 'geothermal': 0, 'biomass': 682, 'coal': 1272, 'wind': 1796, 'solar': 1, 'hydro': 1842, 'gas': 293, 'oil': 10, 'unknown': 1050, 'hydro discharge': 0, 'battery discharge': 0}
[2022-03-07 20:59:13,799] {bash.py:173} INFO - {'nuclear': 5892, 'geothermal': 0, 'biomass': 0, 'coal': 0, 'wind': 3581, 'solar': 0, 'hydro': 7518, 'gas': 1, 'oil': 0, 'unknown': 1900, 'hydro discharge': 2, 'battery discharge': 0}
[2022-03-07 20:59:13,799] {bash.py:173} INFO - Finland: CO2 200, mix [('nuclear', 3065, '31'), ('hydro', 1842, '18'), ('wind', 1796, '18')]
[2022-03-07 20:59:13,800] {bash.py:173} INFO - Sweden: CO2 45, mix [('hydro', 7518, '40'), ('nuclear', 5892, '31'), ('wind', 3581, '19')]
[2022-03-07 20:59:13,800] {bash.py:173} INFO - {'nuclear': 6546, 'geothermal': 0, 'biomass': 2353, 'coal': 2014, 'wind': 11218, 'solar': 3, 'hydro': 1999, 'gas': 15517, 'oil': 35, 'unknown': 567, 'hydro discharge': 1684, 'battery discharge': 0}
[2022-03-07 20:59:13,800] {bash.py:173} INFO - {'nuclear': 4380, 'geothermal': 21, 'biomass': 5394, 'coal': 24373, 'wind': 8749, 'solar': 19, 'hydro': 3013, 'gas': 11636, 'oil': 459, 'unknown': 1030, 'hydro discharge': 3254, 'battery discharge': 0}
[2022-03-07 20:59:13,800] {bash.py:173} INFO - UK: CO2 261, mix [('gas', 15517, '37'), ('wind', 11218, '27'), ('nuclear', 6546, '16')]
[2022-03-07 20:59:13,800] {bash.py:173} INFO - Germany: CO2 464, mix [('coal', 24373, '39'), ('gas', 11636, '19'), ('wind', 8749, '14')]
[2022-03-07 20:59:13,848] {bash.py:177} INFO - Command exited with return code 0
[2022-03-07 20:59:13,871] {taskinstance.py:1159} INFO - Marking task as SUCCESS. dag_id=matchup, task_id=run_script, execution_date=20220307T205351, start_date=20220307T205910, end_date=20220307T205913
[2022-03-07 20:59:13,893] {taskinstance.py:1220} INFO - 0 downstream tasks scheduled from follow-on schedule check
[2022-03-07 20:59:13,921] {local_task_job.py:146} INFO - Task exited with return code 0
