[2022-02-27 06:00:05,293] {taskinstance.py:851} INFO - Dependencies all met for <TaskInstance: matchup.run_script 2022-02-27T00:00:00+00:00 [queued]>
[2022-02-27 06:00:05,301] {taskinstance.py:851} INFO - Dependencies all met for <TaskInstance: matchup.run_script 2022-02-27T00:00:00+00:00 [queued]>
[2022-02-27 06:00:05,301] {taskinstance.py:1042} INFO - 
--------------------------------------------------------------------------------
[2022-02-27 06:00:05,301] {taskinstance.py:1043} INFO - Starting attempt 1 of 6
[2022-02-27 06:00:05,301] {taskinstance.py:1044} INFO - 
--------------------------------------------------------------------------------
[2022-02-27 06:00:05,308] {taskinstance.py:1063} INFO - Executing <Task(BashOperator): run_script> on 2022-02-27T00:00:00+00:00
[2022-02-27 06:00:05,312] {standard_task_runner.py:52} INFO - Started process 123820 to run task
[2022-02-27 06:00:05,319] {standard_task_runner.py:76} INFO - Running: ['airflow', 'tasks', 'run', 'matchup', 'run_script', '2022-02-27T00:00:00+00:00', '--job-id', '92', '--pool', 'default_pool', '--raw', '--subdir', 'DAGS_FOLDER/matchup.py', '--cfg-path', '/tmp/tmp8z8vkz9i', '--error-file', '/tmp/tmp453v_fam']
[2022-02-27 06:00:05,320] {standard_task_runner.py:77} INFO - Job 92: Subtask run_script
[2022-02-27 06:00:05,362] {logging_mixin.py:104} INFO - Running <TaskInstance: matchup.run_script 2022-02-27T00:00:00+00:00 [running]> on host 531edfb863fc
[2022-02-27 06:00:05,404] {taskinstance.py:1255} INFO - Exporting the following env vars:
AIRFLOW_CTX_DAG_EMAIL=r.chesne@gmail.com
AIRFLOW_CTX_DAG_OWNER=Robin
AIRFLOW_CTX_DAG_ID=matchup
AIRFLOW_CTX_TASK_ID=run_script
AIRFLOW_CTX_EXECUTION_DATE=2022-02-27T00:00:00+00:00
AIRFLOW_CTX_DAG_RUN_ID=scheduled__2022-02-27T00:00:00+00:00
[2022-02-27 06:00:05,405] {bash.py:135} INFO - Tmp dir root location: 
 /tmp
[2022-02-27 06:00:05,406] {bash.py:158} INFO - Running command: python /app/scripts/main.py
[2022-02-27 06:00:05,416] {bash.py:169} INFO - Output:
[2022-02-27 06:00:08,625] {bash.py:173} INFO - Italy: CO2 298, mix [('wind', 6776, '29'), ('gas', 5680, '25'), ('coal', 3159, '14')]
[2022-02-27 06:00:08,625] {bash.py:173} INFO - Spain: CO2 220, mix [('nuclear', 7581, '36'), ('gas', 6341, '30'), ('wind', 3722, '18')]
[2022-02-27 06:00:08,625] {bash.py:173} INFO - Finland: CO2 138, mix [('nuclear', 2969, '32'), ('wind', 2868, '31'), ('hydro', 1244, '13')]
[2022-02-27 06:00:08,626] {bash.py:173} INFO - Sweden: CO2 42, mix [('hydro', 5989, '35'), ('wind', 5181, '30'), ('nuclear', 4529, '26')]
[2022-02-27 06:00:08,626] {bash.py:173} INFO - UK: CO2 104, mix [('wind', 11156, '48'), ('nuclear', 5594, '24'), ('gas', 2797, '12')]
[2022-02-27 06:00:08,626] {bash.py:173} INFO - France: CO2 60, mix [('nuclear', 39567, '70'), ('wind', 7594, '13'), ('hydro', 3430, '6')]
[2022-02-27 06:00:08,656] {bash.py:177} INFO - Command exited with return code 0
[2022-02-27 06:00:08,674] {taskinstance.py:1159} INFO - Marking task as SUCCESS. dag_id=matchup, task_id=run_script, execution_date=20220227T000000, start_date=20220227T060005, end_date=20220227T060008
[2022-02-27 06:00:08,690] {taskinstance.py:1220} INFO - 0 downstream tasks scheduled from follow-on schedule check
[2022-02-27 06:00:08,708] {local_task_job.py:146} INFO - Task exited with return code 0
