[2022-02-24 00:00:05,289] {taskinstance.py:851} INFO - Dependencies all met for <TaskInstance: matchup.run_script 2022-02-23T18:00:00+00:00 [queued]>
[2022-02-24 00:00:05,295] {taskinstance.py:851} INFO - Dependencies all met for <TaskInstance: matchup.run_script 2022-02-23T18:00:00+00:00 [queued]>
[2022-02-24 00:00:05,296] {taskinstance.py:1042} INFO - 
--------------------------------------------------------------------------------
[2022-02-24 00:00:05,296] {taskinstance.py:1043} INFO - Starting attempt 1 of 6
[2022-02-24 00:00:05,296] {taskinstance.py:1044} INFO - 
--------------------------------------------------------------------------------
[2022-02-24 00:00:05,302] {taskinstance.py:1063} INFO - Executing <Task(BashOperator): run_script> on 2022-02-23T18:00:00+00:00
[2022-02-24 00:00:05,305] {standard_task_runner.py:52} INFO - Started process 77830 to run task
[2022-02-24 00:00:05,313] {standard_task_runner.py:76} INFO - Running: ['airflow', 'tasks', 'run', 'matchup', 'run_script', '2022-02-23T18:00:00+00:00', '--job-id', '66', '--pool', 'default_pool', '--raw', '--subdir', 'DAGS_FOLDER/matchup.py', '--cfg-path', '/tmp/tmpex9h1qla', '--error-file', '/tmp/tmpjwcxy3yg']
[2022-02-24 00:00:05,314] {standard_task_runner.py:77} INFO - Job 66: Subtask run_script
[2022-02-24 00:00:05,353] {logging_mixin.py:104} INFO - Running <TaskInstance: matchup.run_script 2022-02-23T18:00:00+00:00 [running]> on host 531edfb863fc
[2022-02-24 00:00:05,388] {taskinstance.py:1255} INFO - Exporting the following env vars:
AIRFLOW_CTX_DAG_EMAIL=r.chesne@gmail.com
AIRFLOW_CTX_DAG_OWNER=Robin
AIRFLOW_CTX_DAG_ID=matchup
AIRFLOW_CTX_TASK_ID=run_script
AIRFLOW_CTX_EXECUTION_DATE=2022-02-23T18:00:00+00:00
AIRFLOW_CTX_DAG_RUN_ID=scheduled__2022-02-23T18:00:00+00:00
[2022-02-24 00:00:05,389] {bash.py:135} INFO - Tmp dir root location: 
 /tmp
[2022-02-24 00:00:05,390] {bash.py:158} INFO - Running command: python /app/scripts/main.py
[2022-02-24 00:00:05,404] {bash.py:169} INFO - Output:
[2022-02-24 00:00:13,107] {bash.py:173} INFO - Spain: CO2 233, mix [('gas', 12351, '42'), ('nuclear', 7080, '24'), ('wind', 4133, '14')]
[2022-02-24 00:00:13,108] {bash.py:173} INFO - Portugal: CO2 317, mix [('gas', 2735, '64'), ('hydro_discharge', 731, '17'), ('biomass', 379, '9')]
[2022-02-24 00:00:13,108] {bash.py:173} INFO - Denmark: CO2 124, mix [('wind', 5142, '78'), ('biomass', 860, '13'), ('coal', 385, '6')]
[2022-02-24 00:00:13,108] {bash.py:173} INFO - Norway: CO2 35, mix [('hydro', 14456, '78'), ('wind', 3547, '19'), ('hydro_discharge', 259, '1')]
[2022-02-24 00:00:13,108] {bash.py:173} INFO - Germany: CO2 343, mix [('wind', 26814, '41'), ('coal', 21104, '32'), ('gas', 6505, '10')]
[2022-02-24 00:00:13,108] {bash.py:173} INFO - France: CO2 88, mix [('nuclear', 43743, '69'), ('hydro', 7145, '11'), ('gas', 6163, '10')]
[2022-02-24 00:00:13,153] {bash.py:177} INFO - Command exited with return code 0
[2022-02-24 00:00:13,180] {taskinstance.py:1159} INFO - Marking task as SUCCESS. dag_id=matchup, task_id=run_script, execution_date=20220223T180000, start_date=20220224T000005, end_date=20220224T000013
[2022-02-24 00:00:13,199] {taskinstance.py:1220} INFO - 0 downstream tasks scheduled from follow-on schedule check
[2022-02-24 00:00:13,238] {local_task_job.py:146} INFO - Task exited with return code 0
