[2022-07-07 00:00:04,463] {taskinstance.py:851} INFO - Dependencies all met for <TaskInstance: matchup.run_script 2022-07-06T18:00:00+00:00 [queued]>
[2022-07-07 00:00:04,469] {taskinstance.py:851} INFO - Dependencies all met for <TaskInstance: matchup.run_script 2022-07-06T18:00:00+00:00 [queued]>
[2022-07-07 00:00:04,469] {taskinstance.py:1042} INFO - 
--------------------------------------------------------------------------------
[2022-07-07 00:00:04,469] {taskinstance.py:1043} INFO - Starting attempt 1 of 6
[2022-07-07 00:00:04,469] {taskinstance.py:1044} INFO - 
--------------------------------------------------------------------------------
[2022-07-07 00:00:04,478] {taskinstance.py:1063} INFO - Executing <Task(BashOperator): run_script> on 2022-07-06T18:00:00+00:00
[2022-07-07 00:00:04,481] {standard_task_runner.py:52} INFO - Started process 10377 to run task
[2022-07-07 00:00:04,489] {standard_task_runner.py:76} INFO - Running: ['airflow', 'tasks', 'run', 'matchup', 'run_script', '2022-07-06T18:00:00+00:00', '--job-id', '1528', '--pool', 'default_pool', '--raw', '--subdir', 'DAGS_FOLDER/matchup.py', '--cfg-path', '/tmp/tmp14swwxyp', '--error-file', '/tmp/tmpdk5hkiwl']
[2022-07-07 00:00:04,489] {standard_task_runner.py:77} INFO - Job 1528: Subtask run_script
[2022-07-07 00:00:04,530] {logging_mixin.py:104} INFO - Running <TaskInstance: matchup.run_script 2022-07-06T18:00:00+00:00 [running]> on host a41a09215c15
[2022-07-07 00:00:04,570] {taskinstance.py:1255} INFO - Exporting the following env vars:
AIRFLOW_CTX_DAG_EMAIL=r.chesne@gmail.com
AIRFLOW_CTX_DAG_OWNER=Robin
AIRFLOW_CTX_DAG_ID=matchup
AIRFLOW_CTX_TASK_ID=run_script
AIRFLOW_CTX_EXECUTION_DATE=2022-07-06T18:00:00+00:00
AIRFLOW_CTX_DAG_RUN_ID=scheduled__2022-07-06T18:00:00+00:00
[2022-07-07 00:00:04,571] {bash.py:135} INFO - Tmp dir root location: 
 /tmp
[2022-07-07 00:00:04,572] {bash.py:158} INFO - Running command: python /app/scripts/main.py
[2022-07-07 00:00:04,583] {bash.py:169} INFO - Output:
[2022-07-07 00:00:08,446] {bash.py:173} INFO - Spain
[2022-07-07 00:00:08,447] {bash.py:173} INFO - 28716
[2022-07-07 00:00:08,447] {bash.py:173} INFO - Portugal
[2022-07-07 00:00:08,447] {bash.py:173} INFO - 5543
[2022-07-07 00:00:08,447] {bash.py:173} INFO - Spain: CO2 181, mix [('wind', 10291, '36'), ('gas', 7285, '25'), ('nuclear', 6874, '24')]
[2022-07-07 00:00:08,447] {bash.py:173} INFO - Portugal: CO2 232, mix [('gas', 2167, '39'), ('wind', 1991, '36'), ('hydro discharge', 667, '12')]
[2022-07-07 00:00:08,447] {bash.py:173} INFO - UK
[2022-07-07 00:00:08,447] {bash.py:173} INFO - 25408
[2022-07-07 00:00:08,447] {bash.py:173} INFO - France
[2022-07-07 00:00:08,447] {bash.py:173} INFO - 40582
[2022-07-07 00:00:08,447] {bash.py:173} INFO - UK: CO2 262, mix [('gas', 11315, '45'), ('wind', 6432, '25'), ('nuclear', 4696, '18')]
[2022-07-07 00:00:08,447] {bash.py:173} INFO - France: CO2 86, mix [('nuclear', 25914, '64'), ('gas', 4747, '12'), ('hydro', 4523, '11')]
[2022-07-07 00:00:08,447] {bash.py:173} INFO - Norway
[2022-07-07 00:00:08,447] {bash.py:173} INFO - 13349
[2022-07-07 00:00:08,447] {bash.py:173} INFO - Sweden
[2022-07-07 00:00:08,447] {bash.py:173} INFO - 11403
[2022-07-07 00:00:08,447] {bash.py:173} INFO - Norway: CO2 32, mix [('hydro', 11680, '87'), ('wind', 1017, '8'), ('nuclear', 387, '3')]
[2022-07-07 00:00:08,448] {bash.py:173} INFO - Sweden: CO2 22, mix [('hydro', 5042, '44'), ('nuclear', 3995, '35'), ('wind', 2117, '19')]
[2022-07-07 00:00:08,494] {bash.py:177} INFO - Command exited with return code 0
[2022-07-07 00:00:08,510] {taskinstance.py:1159} INFO - Marking task as SUCCESS. dag_id=matchup, task_id=run_script, execution_date=20220706T180000, start_date=20220707T000004, end_date=20220707T000008
[2022-07-07 00:00:08,529] {taskinstance.py:1220} INFO - 0 downstream tasks scheduled from follow-on schedule check
[2022-07-07 00:00:08,551] {local_task_job.py:146} INFO - Task exited with return code 0
