[2022-04-22 12:02:06,422] {taskinstance.py:851} INFO - Dependencies all met for <TaskInstance: matchup.run_script 2022-04-22T06:00:00+00:00 [queued]>
[2022-04-22 12:02:06,426] {taskinstance.py:851} INFO - Dependencies all met for <TaskInstance: matchup.run_script 2022-04-22T06:00:00+00:00 [queued]>
[2022-04-22 12:02:06,426] {taskinstance.py:1042} INFO - 
--------------------------------------------------------------------------------
[2022-04-22 12:02:06,426] {taskinstance.py:1043} INFO - Starting attempt 3 of 6
[2022-04-22 12:02:06,426] {taskinstance.py:1044} INFO - 
--------------------------------------------------------------------------------
[2022-04-22 12:02:06,437] {taskinstance.py:1063} INFO - Executing <Task(BashOperator): run_script> on 2022-04-22T06:00:00+00:00
[2022-04-22 12:02:06,440] {standard_task_runner.py:52} INFO - Started process 271192 to run task
[2022-04-22 12:02:06,443] {standard_task_runner.py:76} INFO - Running: ['airflow', 'tasks', 'run', 'matchup', 'run_script', '2022-04-22T06:00:00+00:00', '--job-id', '249', '--pool', 'default_pool', '--raw', '--subdir', 'DAGS_FOLDER/matchup.py', '--cfg-path', '/tmp/tmpl9yjqhv_', '--error-file', '/tmp/tmpzf2v3skg']
[2022-04-22 12:02:06,444] {standard_task_runner.py:77} INFO - Job 249: Subtask run_script
[2022-04-22 12:02:06,472] {logging_mixin.py:104} INFO - Running <TaskInstance: matchup.run_script 2022-04-22T06:00:00+00:00 [running]> on host 193e33218975
[2022-04-22 12:02:06,486] {taskinstance.py:1255} INFO - Exporting the following env vars:
AIRFLOW_CTX_DAG_EMAIL=r.chesne@gmail.com
AIRFLOW_CTX_DAG_OWNER=Robin
AIRFLOW_CTX_DAG_ID=matchup
AIRFLOW_CTX_TASK_ID=run_script
AIRFLOW_CTX_EXECUTION_DATE=2022-04-22T06:00:00+00:00
AIRFLOW_CTX_DAG_RUN_ID=scheduled__2022-04-22T06:00:00+00:00
[2022-04-22 12:02:06,486] {bash.py:135} INFO - Tmp dir root location: 
 /tmp
[2022-04-22 12:02:06,487] {bash.py:158} INFO - Running command: python /app/scripts/main.py
[2022-04-22 12:02:06,491] {bash.py:169} INFO - Output:
[2022-04-22 12:02:11,121] {bash.py:173} INFO - Italy
[2022-04-22 12:02:11,121] {bash.py:173} INFO - 35491
[2022-04-22 12:02:11,121] {bash.py:173} INFO - Portugal
[2022-04-22 12:02:11,121] {bash.py:173} INFO - 5025
[2022-04-22 12:02:11,121] {bash.py:173} INFO - Italy: CO2 341, mix [('gas', 17259, '49'), ('solar', 8199, '23'), ('wind', 3116, '9')]
[2022-04-22 12:02:11,121] {bash.py:173} INFO - Portugal: CO2 180, mix [('hydro', 1325, '26'), ('gas', 1267, '25'), ('hydro discharge', 792, '16')]
[2022-04-22 12:02:11,121] {bash.py:173} INFO - Norway
[2022-04-22 12:02:11,121] {bash.py:173} INFO - 16832
[2022-04-22 12:02:11,121] {bash.py:173} INFO - Denmark
[2022-04-22 12:02:11,121] {bash.py:173} INFO - 4450
[2022-04-22 12:02:11,121] {bash.py:173} INFO - Norway: CO2 44, mix [('hydro', 13598, '81'), ('wind', 2111, '13'), ('gas', 308, '2')]
[2022-04-22 12:02:11,121] {bash.py:173} INFO - Denmark: CO2 116, mix [('wind', 2813, '63'), ('biomass', 505, '11'), ('solar', 446, '10')]
[2022-04-22 12:02:11,121] {bash.py:173} INFO - France
[2022-04-22 12:02:11,122] {bash.py:173} INFO - 58386
[2022-04-22 12:02:11,122] {bash.py:173} INFO - UK
[2022-04-22 12:02:11,122] {bash.py:173} INFO - 34228
[2022-04-22 12:02:11,122] {bash.py:173} INFO - France: CO2 72, mix [('nuclear', 31374, '54'), ('wind', 9550, '16'), ('gas', 5682, '10')]
[2022-04-22 12:02:11,122] {bash.py:173} INFO - UK: CO2 193, mix [('wind', 11270, '33'), ('gas', 10228, '30'), ('nuclear', 5303, '15')]
[2022-04-22 12:02:11,155] {bash.py:177} INFO - Command exited with return code 0
[2022-04-22 12:02:11,169] {taskinstance.py:1159} INFO - Marking task as SUCCESS. dag_id=matchup, task_id=run_script, execution_date=20220422T060000, start_date=20220422T120206, end_date=20220422T120211
[2022-04-22 12:02:11,182] {taskinstance.py:1220} INFO - 0 downstream tasks scheduled from follow-on schedule check
[2022-04-22 12:02:11,189] {local_task_job.py:146} INFO - Task exited with return code 0
