[2022-04-10 00:01:05,778] {taskinstance.py:851} INFO - Dependencies all met for <TaskInstance: matchup.run_script 2022-04-09T18:00:00+00:00 [queued]>
[2022-04-10 00:01:05,782] {taskinstance.py:851} INFO - Dependencies all met for <TaskInstance: matchup.run_script 2022-04-09T18:00:00+00:00 [queued]>
[2022-04-10 00:01:05,782] {taskinstance.py:1042} INFO - 
--------------------------------------------------------------------------------
[2022-04-10 00:01:05,783] {taskinstance.py:1043} INFO - Starting attempt 2 of 6
[2022-04-10 00:01:05,783] {taskinstance.py:1044} INFO - 
--------------------------------------------------------------------------------
[2022-04-10 00:01:05,788] {taskinstance.py:1063} INFO - Executing <Task(BashOperator): run_script> on 2022-04-09T18:00:00+00:00
[2022-04-10 00:01:05,791] {standard_task_runner.py:52} INFO - Started process 93047 to run task
[2022-04-10 00:01:05,797] {standard_task_runner.py:76} INFO - Running: ['airflow', 'tasks', 'run', 'matchup', 'run_script', '2022-04-09T18:00:00+00:00', '--job-id', '109', '--pool', 'default_pool', '--raw', '--subdir', 'DAGS_FOLDER/matchup.py', '--cfg-path', '/tmp/tmp3dsyizmk', '--error-file', '/tmp/tmpaz4jlw5a']
[2022-04-10 00:01:05,798] {standard_task_runner.py:77} INFO - Job 109: Subtask run_script
[2022-04-10 00:01:05,826] {logging_mixin.py:104} INFO - Running <TaskInstance: matchup.run_script 2022-04-09T18:00:00+00:00 [running]> on host 193e33218975
[2022-04-10 00:01:05,841] {taskinstance.py:1255} INFO - Exporting the following env vars:
AIRFLOW_CTX_DAG_EMAIL=r.chesne@gmail.com
AIRFLOW_CTX_DAG_OWNER=Robin
AIRFLOW_CTX_DAG_ID=matchup
AIRFLOW_CTX_TASK_ID=run_script
AIRFLOW_CTX_EXECUTION_DATE=2022-04-09T18:00:00+00:00
AIRFLOW_CTX_DAG_RUN_ID=scheduled__2022-04-09T18:00:00+00:00
[2022-04-10 00:01:05,841] {bash.py:135} INFO - Tmp dir root location: 
 /tmp
[2022-04-10 00:01:05,842] {bash.py:158} INFO - Running command: python /app/scripts/main.py
[2022-04-10 00:01:05,847] {bash.py:169} INFO - Output:
[2022-04-10 00:01:09,779] {bash.py:173} INFO - Portugal
[2022-04-10 00:01:09,779] {bash.py:173} INFO - 6390
[2022-04-10 00:01:09,779] {bash.py:173} INFO - Italy
[2022-04-10 00:01:09,780] {bash.py:173} INFO - 26554
[2022-04-10 00:01:09,780] {bash.py:173} INFO - Portugal: CO2 223, mix [('gas', 2160, '34'), ('hydro', 1582, '25'), ('hydro discharge', 1545, '24')]
[2022-04-10 00:01:09,780] {bash.py:173} INFO - Italy: CO2 364, mix [('gas', 10792, '41'), ('wind', 5560, '21'), ('hydro', 2606, '10')]
[2022-04-10 00:01:09,780] {bash.py:173} INFO - Sweden
[2022-04-10 00:01:09,780] {bash.py:173} INFO - 15003
[2022-04-10 00:01:09,780] {bash.py:173} INFO - Denmark
[2022-04-10 00:01:09,780] {bash.py:173} INFO - 3814
[2022-04-10 00:01:09,780] {bash.py:173} INFO - Sweden: CO2 40, mix [('hydro', 5382, '36'), ('nuclear', 4795, '32'), ('wind', 3574, '24')]
[2022-04-10 00:01:09,780] {bash.py:173} INFO - Denmark: CO2 94, mix [('wind', 2961, '78'), ('coal', 268, '7'), ('biomass', 226, '6')]
[2022-04-10 00:01:09,780] {bash.py:173} INFO - UK
[2022-04-10 00:01:09,780] {bash.py:173} INFO - 28246
[2022-04-10 00:01:09,780] {bash.py:173} INFO - France
[2022-04-10 00:01:09,780] {bash.py:173} INFO - 56393
[2022-04-10 00:01:09,780] {bash.py:173} INFO - UK: CO2 350, mix [('gas', 16977, '60'), ('nuclear', 5510, '20'), ('wind', 2104, '7')]
[2022-04-10 00:01:09,780] {bash.py:173} INFO - France: CO2 93, mix [('nuclear', 32220, '57'), ('hydro', 8371, '15'), ('gas', 7069, '13')]
[2022-04-10 00:01:09,813] {bash.py:177} INFO - Command exited with return code 0
[2022-04-10 00:01:09,830] {taskinstance.py:1159} INFO - Marking task as SUCCESS. dag_id=matchup, task_id=run_script, execution_date=20220409T180000, start_date=20220410T000105, end_date=20220410T000109
[2022-04-10 00:01:09,841] {taskinstance.py:1220} INFO - 0 downstream tasks scheduled from follow-on schedule check
[2022-04-10 00:01:09,859] {local_task_job.py:146} INFO - Task exited with return code 0
