[2022-04-16 18:02:07,278] {taskinstance.py:851} INFO - Dependencies all met for <TaskInstance: matchup.run_script 2022-04-16T12:00:00+00:00 [queued]>
[2022-04-16 18:02:07,282] {taskinstance.py:851} INFO - Dependencies all met for <TaskInstance: matchup.run_script 2022-04-16T12:00:00+00:00 [queued]>
[2022-04-16 18:02:07,282] {taskinstance.py:1042} INFO - 
--------------------------------------------------------------------------------
[2022-04-16 18:02:07,283] {taskinstance.py:1043} INFO - Starting attempt 3 of 6
[2022-04-16 18:02:07,283] {taskinstance.py:1044} INFO - 
--------------------------------------------------------------------------------
[2022-04-16 18:02:07,290] {taskinstance.py:1063} INFO - Executing <Task(BashOperator): run_script> on 2022-04-16T12:00:00+00:00
[2022-04-16 18:02:07,293] {standard_task_runner.py:52} INFO - Started process 189257 to run task
[2022-04-16 18:02:07,298] {standard_task_runner.py:76} INFO - Running: ['airflow', 'tasks', 'run', 'matchup', 'run_script', '2022-04-16T12:00:00+00:00', '--job-id', '185', '--pool', 'default_pool', '--raw', '--subdir', 'DAGS_FOLDER/matchup.py', '--cfg-path', '/tmp/tmpy7cbkh0c', '--error-file', '/tmp/tmpedobiedp']
[2022-04-16 18:02:07,299] {standard_task_runner.py:77} INFO - Job 185: Subtask run_script
[2022-04-16 18:02:07,326] {logging_mixin.py:104} INFO - Running <TaskInstance: matchup.run_script 2022-04-16T12:00:00+00:00 [running]> on host 193e33218975
[2022-04-16 18:02:07,341] {taskinstance.py:1255} INFO - Exporting the following env vars:
AIRFLOW_CTX_DAG_EMAIL=r.chesne@gmail.com
AIRFLOW_CTX_DAG_OWNER=Robin
AIRFLOW_CTX_DAG_ID=matchup
AIRFLOW_CTX_TASK_ID=run_script
AIRFLOW_CTX_EXECUTION_DATE=2022-04-16T12:00:00+00:00
AIRFLOW_CTX_DAG_RUN_ID=scheduled__2022-04-16T12:00:00+00:00
[2022-04-16 18:02:07,341] {bash.py:135} INFO - Tmp dir root location: 
 /tmp
[2022-04-16 18:02:07,341] {bash.py:158} INFO - Running command: python /app/scripts/main.py
[2022-04-16 18:02:07,347] {bash.py:169} INFO - Output:
[2022-04-16 18:02:11,160] {bash.py:173} INFO - Portugal
[2022-04-16 18:02:11,160] {bash.py:173} INFO - 1014
[2022-04-16 18:02:11,160] {bash.py:173} INFO - Italy
[2022-04-16 18:02:11,160] {bash.py:173} INFO - 27278
[2022-04-16 18:02:11,160] {bash.py:173} INFO - Portugal: CO2 185, mix [('solar', 289, '29'), ('gas', 255, '25'), ('wind', 219, '22')]
[2022-04-16 18:02:11,160] {bash.py:173} INFO - Italy: CO2 240, mix [('gas', 6976, '26'), ('solar', 5522, '20'), ('wind', 4379, '16')]
[2022-04-16 18:02:11,160] {bash.py:173} INFO - Denmark
[2022-04-16 18:02:11,160] {bash.py:173} INFO - 3965
[2022-04-16 18:02:11,160] {bash.py:173} INFO - Finland
[2022-04-16 18:02:11,160] {bash.py:173} INFO - 8630
[2022-04-16 18:02:11,161] {bash.py:173} INFO - Denmark: CO2 218, mix [('solar', 941, '24'), ('coal', 597, '15'), ('nuclear', 534, '13')]
[2022-04-16 18:02:11,161] {bash.py:173} INFO - Finland: CO2 153, mix [('nuclear', 3940, '46'), ('hydro', 1635, '19'), ('unknown', 979, '11')]
[2022-04-16 18:02:11,161] {bash.py:173} INFO - UK
[2022-04-16 18:02:11,161] {bash.py:173} INFO - 25274
[2022-04-16 18:02:11,161] {bash.py:173} INFO - Germany
[2022-04-16 18:02:11,161] {bash.py:173} INFO - 44405
[2022-04-16 18:02:11,161] {bash.py:173} INFO - UK: CO2 145, mix [('nuclear', 6734, '27'), ('wind', 6062, '24'), ('gas', 5695, '23')]
[2022-04-16 18:02:11,161] {bash.py:173} INFO - Germany: CO2 334, mix [('coal', 13426, '30'), ('solar', 8486, '19'), ('wind', 7301, '16')]
[2022-04-16 18:02:11,190] {bash.py:177} INFO - Command exited with return code 0
[2022-04-16 18:02:11,207] {taskinstance.py:1159} INFO - Marking task as SUCCESS. dag_id=matchup, task_id=run_script, execution_date=20220416T120000, start_date=20220416T180207, end_date=20220416T180211
[2022-04-16 18:02:11,218] {taskinstance.py:1220} INFO - 0 downstream tasks scheduled from follow-on schedule check
[2022-04-16 18:02:11,242] {local_task_job.py:146} INFO - Task exited with return code 0
