[2022-04-04 12:01:05,238] {taskinstance.py:851} INFO - Dependencies all met for <TaskInstance: matchup.run_script 2022-04-04T06:00:00+00:00 [queued]>
[2022-04-04 12:01:05,245] {taskinstance.py:851} INFO - Dependencies all met for <TaskInstance: matchup.run_script 2022-04-04T06:00:00+00:00 [queued]>
[2022-04-04 12:01:05,245] {taskinstance.py:1042} INFO - 
--------------------------------------------------------------------------------
[2022-04-04 12:01:05,245] {taskinstance.py:1043} INFO - Starting attempt 2 of 6
[2022-04-04 12:01:05,245] {taskinstance.py:1044} INFO - 
--------------------------------------------------------------------------------
[2022-04-04 12:01:05,251] {taskinstance.py:1063} INFO - Executing <Task(BashOperator): run_script> on 2022-04-04T06:00:00+00:00
[2022-04-04 12:01:05,254] {standard_task_runner.py:52} INFO - Started process 14672 to run task
[2022-04-04 12:01:05,258] {standard_task_runner.py:76} INFO - Running: ['airflow', 'tasks', 'run', 'matchup', 'run_script', '2022-04-04T06:00:00+00:00', '--job-id', '46', '--pool', 'default_pool', '--raw', '--subdir', 'DAGS_FOLDER/matchup.py', '--cfg-path', '/tmp/tmphvlcq1jc', '--error-file', '/tmp/tmpnw9f8sjy']
[2022-04-04 12:01:05,259] {standard_task_runner.py:77} INFO - Job 46: Subtask run_script
[2022-04-04 12:01:05,282] {logging_mixin.py:104} INFO - Running <TaskInstance: matchup.run_script 2022-04-04T06:00:00+00:00 [running]> on host 193e33218975
[2022-04-04 12:01:05,297] {taskinstance.py:1255} INFO - Exporting the following env vars:
AIRFLOW_CTX_DAG_EMAIL=r.chesne@gmail.com
AIRFLOW_CTX_DAG_OWNER=Robin
AIRFLOW_CTX_DAG_ID=matchup
AIRFLOW_CTX_TASK_ID=run_script
AIRFLOW_CTX_EXECUTION_DATE=2022-04-04T06:00:00+00:00
AIRFLOW_CTX_DAG_RUN_ID=scheduled__2022-04-04T06:00:00+00:00
[2022-04-04 12:01:05,297] {bash.py:135} INFO - Tmp dir root location: 
 /tmp
[2022-04-04 12:01:05,298] {bash.py:158} INFO - Running command: python /app/scripts/main.py
[2022-04-04 12:01:05,303] {bash.py:169} INFO - Output:
[2022-04-04 12:01:08,026] {bash.py:173} INFO - Spain
[2022-04-04 12:01:08,027] {bash.py:173} INFO - 33399
[2022-04-04 12:01:08,027] {bash.py:173} INFO - Portugal
[2022-04-04 12:01:08,027] {bash.py:173} INFO - 7183
[2022-04-04 12:01:08,027] {bash.py:173} INFO - Spain: CO2 122, mix [('wind', 11998, '36'), ('solar', 6380, '19'), ('nuclear', 5754, '17')]
[2022-04-04 12:01:08,027] {bash.py:173} INFO - Portugal: CO2 154, mix [('wind', 3717, '52'), ('gas', 1833, '26'), ('solar', 1001, '14')]
[2022-04-04 12:01:08,027] {bash.py:173} INFO - Denmark
[2022-04-04 12:01:08,027] {bash.py:173} INFO - 5887
[2022-04-04 12:01:08,027] {bash.py:173} INFO - Finland
[2022-04-04 12:01:08,027] {bash.py:173} INFO - 9809
[2022-04-04 12:01:08,027] {bash.py:173} INFO - Denmark: CO2 115, mix [('wind', 4119, '70'), ('solar', 499, '8'), ('biomass', 479, '8')]
[2022-04-04 12:01:08,027] {bash.py:173} INFO - Finland: CO2 159, mix [('nuclear', 3851, '39'), ('hydro', 2407, '25'), ('coal', 924, '9')]
[2022-04-04 12:01:08,027] {bash.py:173} INFO - UK
[2022-04-04 12:01:08,027] {bash.py:173} INFO - 36110
[2022-04-04 12:01:08,027] {bash.py:173} INFO - Hungary
[2022-04-04 12:01:08,027] {bash.py:173} INFO - 4471
[2022-04-04 12:01:08,028] {bash.py:173} INFO - UK: CO2 201, mix [('wind', 13761, '38'), ('gas', 10931, '30'), ('nuclear', 5356, '15')]
[2022-04-04 12:01:08,028] {bash.py:173} INFO - Hungary: CO2 189, mix [('nuclear', 1851, '41'), ('solar', 1012, '23'), ('gas', 776, '17')]
[2022-04-04 12:01:08,068] {bash.py:177} INFO - Command exited with return code 0
[2022-04-04 12:01:08,086] {taskinstance.py:1159} INFO - Marking task as SUCCESS. dag_id=matchup, task_id=run_script, execution_date=20220404T060000, start_date=20220404T120105, end_date=20220404T120108
[2022-04-04 12:01:08,102] {taskinstance.py:1220} INFO - 0 downstream tasks scheduled from follow-on schedule check
[2022-04-04 12:01:08,117] {local_task_job.py:146} INFO - Task exited with return code 0
