[2022-07-12 18:00:03,234] {taskinstance.py:851} INFO - Dependencies all met for <TaskInstance: matchup.enter_virtual_env 2022-07-12T12:00:00+00:00 [queued]>
[2022-07-12 18:00:03,241] {taskinstance.py:851} INFO - Dependencies all met for <TaskInstance: matchup.enter_virtual_env 2022-07-12T12:00:00+00:00 [queued]>
[2022-07-12 18:00:03,241] {taskinstance.py:1042} INFO - 
--------------------------------------------------------------------------------
[2022-07-12 18:00:03,241] {taskinstance.py:1043} INFO - Starting attempt 1 of 2
[2022-07-12 18:00:03,241] {taskinstance.py:1044} INFO - 
--------------------------------------------------------------------------------
[2022-07-12 18:00:03,254] {taskinstance.py:1063} INFO - Executing <Task(BashOperator): enter_virtual_env> on 2022-07-12T12:00:00+00:00
[2022-07-12 18:00:03,257] {standard_task_runner.py:52} INFO - Started process 27215 to run task
[2022-07-12 18:00:03,265] {standard_task_runner.py:76} INFO - Running: ['airflow', 'tasks', 'run', 'matchup', 'enter_virtual_env', '2022-07-12T12:00:00+00:00', '--job-id', '1573', '--pool', 'default_pool', '--raw', '--subdir', 'DAGS_FOLDER/matchup.py', '--cfg-path', '/tmp/tmpyzp68vi2', '--error-file', '/tmp/tmpung6rq3_']
[2022-07-12 18:00:03,266] {standard_task_runner.py:77} INFO - Job 1573: Subtask enter_virtual_env
[2022-07-12 18:00:03,304] {logging_mixin.py:104} INFO - Running <TaskInstance: matchup.enter_virtual_env 2022-07-12T12:00:00+00:00 [running]> on host a41a09215c15
[2022-07-12 18:00:03,339] {taskinstance.py:1255} INFO - Exporting the following env vars:
AIRFLOW_CTX_DAG_EMAIL=r.chesne@gmail.com
AIRFLOW_CTX_DAG_OWNER=Robin
AIRFLOW_CTX_DAG_ID=matchup
AIRFLOW_CTX_TASK_ID=enter_virtual_env
AIRFLOW_CTX_EXECUTION_DATE=2022-07-12T12:00:00+00:00
AIRFLOW_CTX_DAG_RUN_ID=scheduled__2022-07-12T12:00:00+00:00
[2022-07-12 18:00:03,340] {bash.py:135} INFO - Tmp dir root location: 
 /tmp
[2022-07-12 18:00:03,341] {bash.py:158} INFO - Running command: . /app/env/bin/activate
[2022-07-12 18:00:03,352] {bash.py:169} INFO - Output:
[2022-07-12 18:00:03,360] {bash.py:177} INFO - Command exited with return code 0
[2022-07-12 18:00:03,383] {taskinstance.py:1159} INFO - Marking task as SUCCESS. dag_id=matchup, task_id=enter_virtual_env, execution_date=20220712T120000, start_date=20220712T180003, end_date=20220712T180003
[2022-07-12 18:00:03,407] {taskinstance.py:1220} INFO - 1 downstream tasks scheduled from follow-on schedule check
[2022-07-12 18:00:03,432] {local_task_job.py:146} INFO - Task exited with return code 0
