[2022-03-31 18:01:06,055] {taskinstance.py:851} INFO - Dependencies all met for <TaskInstance: matchup.run_script 2022-03-31T12:00:00+00:00 [queued]>
[2022-03-31 18:01:06,061] {taskinstance.py:851} INFO - Dependencies all met for <TaskInstance: matchup.run_script 2022-03-31T12:00:00+00:00 [queued]>
[2022-03-31 18:01:06,061] {taskinstance.py:1042} INFO - 
--------------------------------------------------------------------------------
[2022-03-31 18:01:06,061] {taskinstance.py:1043} INFO - Starting attempt 2 of 6
[2022-03-31 18:01:06,061] {taskinstance.py:1044} INFO - 
--------------------------------------------------------------------------------
[2022-03-31 18:01:06,068] {taskinstance.py:1063} INFO - Executing <Task(BashOperator): run_script> on 2022-03-31T12:00:00+00:00
[2022-03-31 18:01:06,071] {standard_task_runner.py:52} INFO - Started process 586189 to run task
[2022-03-31 18:01:06,077] {standard_task_runner.py:76} INFO - Running: ['airflow', 'tasks', 'run', 'matchup', 'run_script', '2022-03-31T12:00:00+00:00', '--job-id', '585', '--pool', 'default_pool', '--raw', '--subdir', 'DAGS_FOLDER/matchup.py', '--cfg-path', '/tmp/tmprtwsltbw', '--error-file', '/tmp/tmpnn3_owtd']
[2022-03-31 18:01:06,077] {standard_task_runner.py:77} INFO - Job 585: Subtask run_script
[2022-03-31 18:01:06,104] {logging_mixin.py:104} INFO - Running <TaskInstance: matchup.run_script 2022-03-31T12:00:00+00:00 [running]> on host 531edfb863fc
[2022-03-31 18:01:06,120] {taskinstance.py:1255} INFO - Exporting the following env vars:
AIRFLOW_CTX_DAG_EMAIL=r.chesne@gmail.com
AIRFLOW_CTX_DAG_OWNER=Robin
AIRFLOW_CTX_DAG_ID=matchup
AIRFLOW_CTX_TASK_ID=run_script
AIRFLOW_CTX_EXECUTION_DATE=2022-03-31T12:00:00+00:00
AIRFLOW_CTX_DAG_RUN_ID=scheduled__2022-03-31T12:00:00+00:00
[2022-03-31 18:01:06,120] {bash.py:135} INFO - Tmp dir root location: 
 /tmp
[2022-03-31 18:01:06,120] {bash.py:158} INFO - Running command: python /app/scripts/main.py
[2022-03-31 18:01:06,128] {bash.py:169} INFO - Output:
[2022-03-31 18:01:10,060] {bash.py:173} INFO - Spain
[2022-03-31 18:01:10,060] {bash.py:173} INFO - 28432
[2022-03-31 18:01:10,060] {bash.py:173} INFO - Italy
[2022-03-31 18:01:10,060] {bash.py:173} INFO - 37125
[2022-03-31 18:01:10,060] {bash.py:173} INFO - Spain: CO2 98, mix [('wind', 12106, '43'), ('solar', 5395, '19'), ('nuclear', 4952, '17')]
[2022-03-31 18:01:10,060] {bash.py:173} INFO - Italy: CO2 383, mix [('gas', 18907, '51'), ('wind', 5157, '14'), ('coal', 3552, '10')]
[2022-03-31 18:01:10,060] {bash.py:173} INFO - Sweden
[2022-03-31 18:01:10,060] {bash.py:173} INFO - 17767
[2022-03-31 18:01:10,060] {bash.py:173} INFO - Denmark
[2022-03-31 18:01:10,060] {bash.py:173} INFO - 4620
[2022-03-31 18:01:10,060] {bash.py:173} INFO - Sweden: CO2 48, mix [('hydro', 9440, '53'), ('nuclear', 5832, '33'), ('unknown', 1950, '11')]
[2022-03-31 18:01:10,060] {bash.py:173} INFO - Denmark: CO2 261, mix [('wind', 1717, '37'), ('coal', 1039, '22'), ('biomass', 565, '12')]
[2022-03-31 18:01:10,061] {bash.py:173} INFO - UK
[2022-03-31 18:01:10,061] {bash.py:173} INFO - 35991
[2022-03-31 18:01:10,061] {bash.py:173} INFO - Germany
[2022-03-31 18:01:10,061] {bash.py:173} INFO - 63360
[2022-03-31 18:01:10,061] {bash.py:173} INFO - UK: CO2 191, mix [('wind', 11617, '32'), ('gas', 10416, '29'), ('nuclear', 5505, '15')]
[2022-03-31 18:01:10,061] {bash.py:173} INFO - Germany: CO2 341, mix [('wind', 23875, '38'), ('coal', 19938, '31'), ('gas', 6465, '10')]
[2022-03-31 18:01:10,090] {bash.py:177} INFO - Command exited with return code 0
[2022-03-31 18:01:10,104] {taskinstance.py:1159} INFO - Marking task as SUCCESS. dag_id=matchup, task_id=run_script, execution_date=20220331T120000, start_date=20220331T180106, end_date=20220331T180110
[2022-03-31 18:01:10,116] {taskinstance.py:1220} INFO - 0 downstream tasks scheduled from follow-on schedule check
[2022-03-31 18:01:10,144] {local_task_job.py:146} INFO - Task exited with return code 0
