[2022-04-21 06:00:03,463] {taskinstance.py:851} INFO - Dependencies all met for <TaskInstance: matchup.run_script 2022-04-21T00:00:00+00:00 [queued]>
[2022-04-21 06:00:03,468] {taskinstance.py:851} INFO - Dependencies all met for <TaskInstance: matchup.run_script 2022-04-21T00:00:00+00:00 [queued]>
[2022-04-21 06:00:03,468] {taskinstance.py:1042} INFO - 
--------------------------------------------------------------------------------
[2022-04-21 06:00:03,468] {taskinstance.py:1043} INFO - Starting attempt 1 of 6
[2022-04-21 06:00:03,468] {taskinstance.py:1044} INFO - 
--------------------------------------------------------------------------------
[2022-04-21 06:00:03,477] {taskinstance.py:1063} INFO - Executing <Task(BashOperator): run_script> on 2022-04-21T00:00:00+00:00
[2022-04-21 06:00:03,480] {standard_task_runner.py:52} INFO - Started process 253329 to run task
[2022-04-21 06:00:03,486] {standard_task_runner.py:76} INFO - Running: ['airflow', 'tasks', 'run', 'matchup', 'run_script', '2022-04-21T00:00:00+00:00', '--job-id', '230', '--pool', 'default_pool', '--raw', '--subdir', 'DAGS_FOLDER/matchup.py', '--cfg-path', '/tmp/tmp5i2044xq', '--error-file', '/tmp/tmptrh8fgpo']
[2022-04-21 06:00:03,486] {standard_task_runner.py:77} INFO - Job 230: Subtask run_script
[2022-04-21 06:00:03,509] {logging_mixin.py:104} INFO - Running <TaskInstance: matchup.run_script 2022-04-21T00:00:00+00:00 [running]> on host 193e33218975
[2022-04-21 06:00:03,531] {taskinstance.py:1255} INFO - Exporting the following env vars:
AIRFLOW_CTX_DAG_EMAIL=r.chesne@gmail.com
AIRFLOW_CTX_DAG_OWNER=Robin
AIRFLOW_CTX_DAG_ID=matchup
AIRFLOW_CTX_TASK_ID=run_script
AIRFLOW_CTX_EXECUTION_DATE=2022-04-21T00:00:00+00:00
AIRFLOW_CTX_DAG_RUN_ID=scheduled__2022-04-21T00:00:00+00:00
[2022-04-21 06:00:03,531] {bash.py:135} INFO - Tmp dir root location: 
 /tmp
[2022-04-21 06:00:03,532] {bash.py:158} INFO - Running command: python /app/scripts/main.py
[2022-04-21 06:00:03,539] {bash.py:169} INFO - Output:
[2022-04-21 06:00:07,238] {bash.py:173} INFO - Italy
[2022-04-21 06:00:07,238] {bash.py:173} INFO - 36350
[2022-04-21 06:00:07,238] {bash.py:173} INFO - Portugal
[2022-04-21 06:00:07,239] {bash.py:173} INFO - 4533
[2022-04-21 06:00:07,239] {bash.py:173} INFO - Italy: CO2 382, mix [('gas', 19287, '53'), ('hydro', 4500, '12'), ('solar', 2782, '8')]
[2022-04-21 06:00:07,239] {bash.py:173} INFO - Portugal: CO2 122, mix [('wind', 1838, '41'), ('hydro discharge', 793, '17'), ('hydro', 678, '15')]
[2022-04-21 06:00:07,239] {bash.py:173} INFO - Finland
[2022-04-21 06:00:07,239] {bash.py:173} INFO - 10006
[2022-04-21 06:00:07,239] {bash.py:173} INFO - Sweden
[2022-04-21 06:00:07,239] {bash.py:173} INFO - 19158
[2022-04-21 06:00:07,239] {bash.py:173} INFO - Finland: CO2 164, mix [('nuclear', 3472, '35'), ('hydro', 2507, '25'), ('wind', 1322, '13')]
[2022-04-21 06:00:07,239] {bash.py:173} INFO - Sweden: CO2 40, mix [('hydro', 7858, '41'), ('nuclear', 5897, '31'), ('wind', 3750, '20')]
[2022-04-21 06:00:07,239] {bash.py:173} INFO - Germany
[2022-04-21 06:00:07,239] {bash.py:173} INFO - 78340
[2022-04-21 06:00:07,239] {bash.py:173} INFO - UK
[2022-04-21 06:00:07,239] {bash.py:173} INFO - 29129
[2022-04-21 06:00:07,239] {bash.py:173} INFO - Germany: CO2 269, mix [('wind', 34384, '44'), ('coal', 18267, '23'), ('gas', 5556, '7')]
[2022-04-21 06:00:07,239] {bash.py:173} INFO - UK: CO2 235, mix [('gas', 10886, '37'), ('wind', 9487, '33'), ('nuclear', 4964, '17')]
[2022-04-21 06:00:07,278] {bash.py:177} INFO - Command exited with return code 0
[2022-04-21 06:00:07,293] {taskinstance.py:1159} INFO - Marking task as SUCCESS. dag_id=matchup, task_id=run_script, execution_date=20220421T000000, start_date=20220421T060003, end_date=20220421T060007
[2022-04-21 06:00:07,310] {taskinstance.py:1220} INFO - 0 downstream tasks scheduled from follow-on schedule check
[2022-04-21 06:00:07,353] {local_task_job.py:146} INFO - Task exited with return code 0
