[2022-06-21 12:00:04,069] {taskinstance.py:851} INFO - Dependencies all met for <TaskInstance: matchup.run_script 2022-06-21T06:00:00+00:00 [queued]>
[2022-06-21 12:00:04,073] {taskinstance.py:851} INFO - Dependencies all met for <TaskInstance: matchup.run_script 2022-06-21T06:00:00+00:00 [queued]>
[2022-06-21 12:00:04,073] {taskinstance.py:1042} INFO - 
--------------------------------------------------------------------------------
[2022-06-21 12:00:04,073] {taskinstance.py:1043} INFO - Starting attempt 1 of 6
[2022-06-21 12:00:04,073] {taskinstance.py:1044} INFO - 
--------------------------------------------------------------------------------
[2022-06-21 12:00:04,084] {taskinstance.py:1063} INFO - Executing <Task(BashOperator): run_script> on 2022-06-21T06:00:00+00:00
[2022-06-21 12:00:04,086] {standard_task_runner.py:52} INFO - Started process 807 to run task
[2022-06-21 12:00:04,090] {standard_task_runner.py:76} INFO - Running: ['airflow', 'tasks', 'run', 'matchup', 'run_script', '2022-06-21T06:00:00+00:00', '--job-id', '1411', '--pool', 'default_pool', '--raw', '--subdir', 'DAGS_FOLDER/matchup.py', '--cfg-path', '/tmp/tmpo0jn7uf2', '--error-file', '/tmp/tmpzme63r9m']
[2022-06-21 12:00:04,090] {standard_task_runner.py:77} INFO - Job 1411: Subtask run_script
[2022-06-21 12:00:04,119] {logging_mixin.py:104} INFO - Running <TaskInstance: matchup.run_script 2022-06-21T06:00:00+00:00 [running]> on host b5b34dd97903
[2022-06-21 12:00:04,148] {taskinstance.py:1255} INFO - Exporting the following env vars:
AIRFLOW_CTX_DAG_EMAIL=r.chesne@gmail.com
AIRFLOW_CTX_DAG_OWNER=Robin
AIRFLOW_CTX_DAG_ID=matchup
AIRFLOW_CTX_TASK_ID=run_script
AIRFLOW_CTX_EXECUTION_DATE=2022-06-21T06:00:00+00:00
AIRFLOW_CTX_DAG_RUN_ID=scheduled__2022-06-21T06:00:00+00:00
[2022-06-21 12:00:04,149] {bash.py:135} INFO - Tmp dir root location: 
 /tmp
[2022-06-21 12:00:04,149] {bash.py:158} INFO - Running command: python /app/scripts/main.py
[2022-06-21 12:00:04,154] {bash.py:169} INFO - Output:
[2022-06-21 12:00:10,906] {bash.py:173} INFO - Italy
[2022-06-21 12:00:10,907] {bash.py:173} INFO - 36731
[2022-06-21 12:00:10,907] {bash.py:173} INFO - Portugal
[2022-06-21 12:00:10,907] {bash.py:173} INFO - 6735
[2022-06-21 12:00:10,907] {bash.py:173} INFO - Italy: CO2 309, mix [('gas', 14663, '40'), ('solar', 10407, '28'), ('hydro', 4013, '11')]
[2022-06-21 12:00:10,907] {bash.py:173} INFO - Portugal: CO2 271, mix [('gas', 3236, '48'), ('solar', 1402, '21'), ('wind', 1101, '16')]
[2022-06-21 12:00:10,907] {bash.py:173} INFO - Norway
[2022-06-21 12:00:10,907] {bash.py:173} INFO - 12540
[2022-06-21 12:00:10,907] {bash.py:173} INFO - Sweden
[2022-06-21 12:00:10,907] {bash.py:173} INFO - 12723
[2022-06-21 12:00:10,907] {bash.py:173} INFO - Norway: CO2 31, mix [('hydro', 11720, '93'), ('wind', 614, '5'), ('gas', 116, '1')]
[2022-06-21 12:00:10,907] {bash.py:173} INFO - Sweden: CO2 28, mix [('hydro', 6669, '52'), ('nuclear', 3837, '30'), ('wind', 1384, '11')]
[2022-06-21 12:00:10,907] {bash.py:173} INFO - France
[2022-06-21 12:00:10,907] {bash.py:173} INFO - 54467
[2022-06-21 12:00:10,907] {bash.py:173} INFO - UK
[2022-06-21 12:00:10,907] {bash.py:173} INFO - 31580
[2022-06-21 12:00:10,907] {bash.py:173} INFO - France: CO2 76, mix [('nuclear', 30120, '55'), ('solar', 9240, '17'), ('gas', 5367, '10')]
[2022-06-21 12:00:10,907] {bash.py:173} INFO - UK: CO2 253, mix [('gas', 13968, '44'), ('nuclear', 5434, '17'), ('solar', 5187, '16')]
[2022-06-21 12:00:10,937] {bash.py:177} INFO - Command exited with return code 0
[2022-06-21 12:00:10,948] {taskinstance.py:1159} INFO - Marking task as SUCCESS. dag_id=matchup, task_id=run_script, execution_date=20220621T060000, start_date=20220621T120004, end_date=20220621T120010
[2022-06-21 12:00:10,958] {taskinstance.py:1220} INFO - 0 downstream tasks scheduled from follow-on schedule check
[2022-06-21 12:00:11,000] {local_task_job.py:146} INFO - Task exited with return code 0
