[2022-03-04 00:00:03,026] {taskinstance.py:851} INFO - Dependencies all met for <TaskInstance: matchup.enter_virtual_env 2022-03-03T18:00:00+00:00 [queued]>
[2022-03-04 00:00:03,037] {taskinstance.py:851} INFO - Dependencies all met for <TaskInstance: matchup.enter_virtual_env 2022-03-03T18:00:00+00:00 [queued]>
[2022-03-04 00:00:03,038] {taskinstance.py:1042} INFO - 
--------------------------------------------------------------------------------
[2022-03-04 00:00:03,038] {taskinstance.py:1043} INFO - Starting attempt 1 of 2
[2022-03-04 00:00:03,038] {taskinstance.py:1044} INFO - 
--------------------------------------------------------------------------------
[2022-03-04 00:00:03,050] {taskinstance.py:1063} INFO - Executing <Task(BashOperator): enter_virtual_env> on 2022-03-03T18:00:00+00:00
[2022-03-04 00:00:03,054] {standard_task_runner.py:52} INFO - Started process 190939 to run task
[2022-03-04 00:00:03,063] {standard_task_runner.py:76} INFO - Running: ['airflow', 'tasks', 'run', 'matchup', 'enter_virtual_env', '2022-03-03T18:00:00+00:00', '--job-id', '139', '--pool', 'default_pool', '--raw', '--subdir', 'DAGS_FOLDER/matchup.py', '--cfg-path', '/tmp/tmpihmq5fmz', '--error-file', '/tmp/tmpzz37deuw']
[2022-03-04 00:00:03,063] {standard_task_runner.py:77} INFO - Job 139: Subtask enter_virtual_env
[2022-03-04 00:00:03,118] {logging_mixin.py:104} INFO - Running <TaskInstance: matchup.enter_virtual_env 2022-03-03T18:00:00+00:00 [running]> on host 531edfb863fc
[2022-03-04 00:00:03,162] {taskinstance.py:1255} INFO - Exporting the following env vars:
AIRFLOW_CTX_DAG_EMAIL=r.chesne@gmail.com
AIRFLOW_CTX_DAG_OWNER=Robin
AIRFLOW_CTX_DAG_ID=matchup
AIRFLOW_CTX_TASK_ID=enter_virtual_env
AIRFLOW_CTX_EXECUTION_DATE=2022-03-03T18:00:00+00:00
AIRFLOW_CTX_DAG_RUN_ID=scheduled__2022-03-03T18:00:00+00:00
[2022-03-04 00:00:03,162] {bash.py:135} INFO - Tmp dir root location: 
 /tmp
[2022-03-04 00:00:03,163] {bash.py:158} INFO - Running command: . /app/env/bin/activate
[2022-03-04 00:00:03,173] {bash.py:169} INFO - Output:
[2022-03-04 00:00:03,180] {bash.py:177} INFO - Command exited with return code 0
[2022-03-04 00:00:03,204] {taskinstance.py:1159} INFO - Marking task as SUCCESS. dag_id=matchup, task_id=enter_virtual_env, execution_date=20220303T180000, start_date=20220304T000003, end_date=20220304T000003
[2022-03-04 00:00:03,231] {taskinstance.py:1220} INFO - 1 downstream tasks scheduled from follow-on schedule check
[2022-03-04 00:00:03,272] {local_task_job.py:146} INFO - Task exited with return code 0
