[2022-06-28 18:00:03,320] {taskinstance.py:851} INFO - Dependencies all met for <TaskInstance: matchup.run_script 2022-06-28T12:00:00+00:00 [queued]>
[2022-06-28 18:00:03,324] {taskinstance.py:851} INFO - Dependencies all met for <TaskInstance: matchup.run_script 2022-06-28T12:00:00+00:00 [queued]>
[2022-06-28 18:00:03,324] {taskinstance.py:1042} INFO - 
--------------------------------------------------------------------------------
[2022-06-28 18:00:03,325] {taskinstance.py:1043} INFO - Starting attempt 1 of 6
[2022-06-28 18:00:03,325] {taskinstance.py:1044} INFO - 
--------------------------------------------------------------------------------
[2022-06-28 18:00:03,332] {taskinstance.py:1063} INFO - Executing <Task(BashOperator): run_script> on 2022-06-28T12:00:00+00:00
[2022-06-28 18:00:03,334] {standard_task_runner.py:52} INFO - Started process 104092 to run task
[2022-06-28 18:00:03,338] {standard_task_runner.py:76} INFO - Running: ['airflow', 'tasks', 'run', 'matchup', 'run_script', '2022-06-28T12:00:00+00:00', '--job-id', '1469', '--pool', 'default_pool', '--raw', '--subdir', 'DAGS_FOLDER/matchup.py', '--cfg-path', '/tmp/tmpyym3fad8', '--error-file', '/tmp/tmpq7e6yr81']
[2022-06-28 18:00:03,339] {standard_task_runner.py:77} INFO - Job 1469: Subtask run_script
[2022-06-28 18:00:03,365] {logging_mixin.py:104} INFO - Running <TaskInstance: matchup.run_script 2022-06-28T12:00:00+00:00 [running]> on host b5b34dd97903
[2022-06-28 18:00:03,393] {taskinstance.py:1255} INFO - Exporting the following env vars:
AIRFLOW_CTX_DAG_EMAIL=r.chesne@gmail.com
AIRFLOW_CTX_DAG_OWNER=Robin
AIRFLOW_CTX_DAG_ID=matchup
AIRFLOW_CTX_TASK_ID=run_script
AIRFLOW_CTX_EXECUTION_DATE=2022-06-28T12:00:00+00:00
AIRFLOW_CTX_DAG_RUN_ID=scheduled__2022-06-28T12:00:00+00:00
[2022-06-28 18:00:03,393] {bash.py:135} INFO - Tmp dir root location: 
 /tmp
[2022-06-28 18:00:03,394] {bash.py:158} INFO - Running command: python /app/scripts/main.py
[2022-06-28 18:00:03,399] {bash.py:169} INFO - Output:
[2022-06-28 18:00:06,877] {bash.py:173} INFO - Italy
[2022-06-28 18:00:06,877] {bash.py:173} INFO - 39120
[2022-06-28 18:00:06,877] {bash.py:173} INFO - Spain
[2022-06-28 18:00:06,877] {bash.py:173} INFO - 32856
[2022-06-28 18:00:06,877] {bash.py:173} INFO - Italy: CO2 349, mix [('gas', 17836, '46'), ('hydro', 6955, '18'), ('solar', 3088, '8')]
[2022-06-28 18:00:06,877] {bash.py:173} INFO - Spain: CO2 222, mix [('gas', 11007, '34'), ('solar', 9577, '29'), ('nuclear', 6530, '20')]
[2022-06-28 18:00:06,877] {bash.py:173} INFO - Sweden
[2022-06-28 18:00:06,877] {bash.py:173} INFO - 13221
[2022-06-28 18:00:06,877] {bash.py:173} INFO - Finland
[2022-06-28 18:00:06,878] {bash.py:173} INFO - 8252
[2022-06-28 18:00:06,878] {bash.py:173} INFO - Sweden: CO2 26, mix [('hydro', 7027, '53'), ('nuclear', 3869, '29'), ('wind', 1759, '13')]
[2022-06-28 18:00:06,878] {bash.py:173} INFO - Finland: CO2 73, mix [('nuclear', 2960, '36'), ('hydro', 2826, '34'), ('wind', 1319, '16')]
[2022-06-28 18:00:06,878] {bash.py:173} INFO - France
[2022-06-28 18:00:06,878] {bash.py:173} INFO - 46252
[2022-06-28 18:00:06,878] {bash.py:173} INFO - UK
[2022-06-28 18:00:06,878] {bash.py:173} INFO - 29026
[2022-06-28 18:00:06,878] {bash.py:173} INFO - France: CO2 66, mix [('nuclear', 25603, '55'), ('hydro', 6987, '15'), ('solar', 4345, '9')]
[2022-06-28 18:00:06,878] {bash.py:173} INFO - UK: CO2 273, mix [('gas', 14042, '48'), ('nuclear', 5351, '18'), ('wind', 3994, '14')]
[2022-06-28 18:00:06,905] {bash.py:177} INFO - Command exited with return code 0
[2022-06-28 18:00:06,915] {taskinstance.py:1159} INFO - Marking task as SUCCESS. dag_id=matchup, task_id=run_script, execution_date=20220628T120000, start_date=20220628T180003, end_date=20220628T180006
[2022-06-28 18:00:06,927] {taskinstance.py:1220} INFO - 0 downstream tasks scheduled from follow-on schedule check
[2022-06-28 18:00:06,960] {local_task_job.py:146} INFO - Task exited with return code 0
