[2022-04-12 00:00:03,303] {taskinstance.py:851} INFO - Dependencies all met for <TaskInstance: matchup.run_script 2022-04-11T18:00:00+00:00 [queued]>
[2022-04-12 00:00:03,307] {taskinstance.py:851} INFO - Dependencies all met for <TaskInstance: matchup.run_script 2022-04-11T18:00:00+00:00 [queued]>
[2022-04-12 00:00:03,308] {taskinstance.py:1042} INFO - 
--------------------------------------------------------------------------------
[2022-04-12 00:00:03,308] {taskinstance.py:1043} INFO - Starting attempt 1 of 6
[2022-04-12 00:00:03,308] {taskinstance.py:1044} INFO - 
--------------------------------------------------------------------------------
[2022-04-12 00:00:03,316] {taskinstance.py:1063} INFO - Executing <Task(BashOperator): run_script> on 2022-04-11T18:00:00+00:00
[2022-04-12 00:00:03,319] {standard_task_runner.py:52} INFO - Started process 121557 to run task
[2022-04-12 00:00:03,323] {standard_task_runner.py:76} INFO - Running: ['airflow', 'tasks', 'run', 'matchup', 'run_script', '2022-04-11T18:00:00+00:00', '--job-id', '134', '--pool', 'default_pool', '--raw', '--subdir', 'DAGS_FOLDER/matchup.py', '--cfg-path', '/tmp/tmpmkpq2eng', '--error-file', '/tmp/tmpe352rc3h']
[2022-04-12 00:00:03,323] {standard_task_runner.py:77} INFO - Job 134: Subtask run_script
[2022-04-12 00:00:03,352] {logging_mixin.py:104} INFO - Running <TaskInstance: matchup.run_script 2022-04-11T18:00:00+00:00 [running]> on host 193e33218975
[2022-04-12 00:00:03,379] {taskinstance.py:1255} INFO - Exporting the following env vars:
AIRFLOW_CTX_DAG_EMAIL=r.chesne@gmail.com
AIRFLOW_CTX_DAG_OWNER=Robin
AIRFLOW_CTX_DAG_ID=matchup
AIRFLOW_CTX_TASK_ID=run_script
AIRFLOW_CTX_EXECUTION_DATE=2022-04-11T18:00:00+00:00
AIRFLOW_CTX_DAG_RUN_ID=scheduled__2022-04-11T18:00:00+00:00
[2022-04-12 00:00:03,379] {bash.py:135} INFO - Tmp dir root location: 
 /tmp
[2022-04-12 00:00:03,380] {bash.py:158} INFO - Running command: python /app/scripts/main.py
[2022-04-12 00:00:03,389] {bash.py:169} INFO - Output:
[2022-04-12 00:00:07,142] {bash.py:173} INFO - Spain
[2022-04-12 00:00:07,143] {bash.py:173} INFO - 25796
[2022-04-12 00:00:07,143] {bash.py:173} INFO - Italy
[2022-04-12 00:00:07,143] {bash.py:173} INFO - 29704
[2022-04-12 00:00:07,143] {bash.py:173} INFO - Spain: CO2 135, mix [('wind', 10849, '42'), ('nuclear', 5646, '22'), ('gas', 4351, '17')]
[2022-04-12 00:00:07,143] {bash.py:173} INFO - Italy: CO2 437, mix [('gas', 15709, '53'), ('coal', 4092, '14'), ('unknown', 2379, '8')]
[2022-04-12 00:00:07,143] {bash.py:173} INFO - Finland
[2022-04-12 00:00:07,143] {bash.py:173} INFO - 8412
[2022-04-12 00:00:07,143] {bash.py:173} INFO - Sweden
[2022-04-12 00:00:07,143] {bash.py:173} INFO - 15528
[2022-04-12 00:00:07,143] {bash.py:173} INFO - Finland: CO2 156, mix [('nuclear', 3747, '45'), ('hydro', 1285, '15'), ('wind', 1045, '12')]
[2022-04-12 00:00:07,143] {bash.py:173} INFO - Sweden: CO2 40, mix [('hydro', 5979, '39'), ('nuclear', 5086, '33'), ('wind', 3081, '20')]
[2022-04-12 00:00:07,143] {bash.py:173} INFO - Germany
[2022-04-12 00:00:07,143] {bash.py:173} INFO - 46219
[2022-04-12 00:00:07,143] {bash.py:173} INFO - UK
[2022-04-12 00:00:07,143] {bash.py:173} INFO - 27262
[2022-04-12 00:00:07,143] {bash.py:173} INFO - Germany: CO2 393, mix [('coal', 17566, '38'), ('wind', 13235, '29'), ('biomass', 4458, '10')]
[2022-04-12 00:00:07,143] {bash.py:173} INFO - UK: CO2 169, mix [('wind', 11363, '42'), ('gas', 8149, '30'), ('nuclear', 5447, '20')]
[2022-04-12 00:00:07,175] {bash.py:177} INFO - Command exited with return code 0
[2022-04-12 00:00:07,189] {taskinstance.py:1159} INFO - Marking task as SUCCESS. dag_id=matchup, task_id=run_script, execution_date=20220411T180000, start_date=20220412T000003, end_date=20220412T000007
[2022-04-12 00:00:07,201] {taskinstance.py:1220} INFO - 0 downstream tasks scheduled from follow-on schedule check
[2022-04-12 00:00:07,228] {local_task_job.py:146} INFO - Task exited with return code 0
