[2022-03-26 06:05:10,872] {taskinstance.py:851} INFO - Dependencies all met for <TaskInstance: matchup.run_script 2022-03-26T00:00:00+00:00 [queued]>
[2022-03-26 06:05:10,876] {taskinstance.py:851} INFO - Dependencies all met for <TaskInstance: matchup.run_script 2022-03-26T00:00:00+00:00 [queued]>
[2022-03-26 06:05:10,876] {taskinstance.py:1042} INFO - 
--------------------------------------------------------------------------------
[2022-03-26 06:05:10,876] {taskinstance.py:1043} INFO - Starting attempt 6 of 6
[2022-03-26 06:05:10,876] {taskinstance.py:1044} INFO - 
--------------------------------------------------------------------------------
[2022-03-26 06:05:10,884] {taskinstance.py:1063} INFO - Executing <Task(BashOperator): run_script> on 2022-03-26T00:00:00+00:00
[2022-03-26 06:05:10,887] {standard_task_runner.py:52} INFO - Started process 507717 to run task
[2022-03-26 06:05:10,893] {standard_task_runner.py:76} INFO - Running: ['airflow', 'tasks', 'run', 'matchup', 'run_script', '2022-03-26T00:00:00+00:00', '--job-id', '492', '--pool', 'default_pool', '--raw', '--subdir', 'DAGS_FOLDER/matchup.py', '--cfg-path', '/tmp/tmprtc761rm', '--error-file', '/tmp/tmpfxqk6m4k']
[2022-03-26 06:05:10,894] {standard_task_runner.py:77} INFO - Job 492: Subtask run_script
[2022-03-26 06:05:10,922] {logging_mixin.py:104} INFO - Running <TaskInstance: matchup.run_script 2022-03-26T00:00:00+00:00 [running]> on host 531edfb863fc
[2022-03-26 06:05:10,939] {taskinstance.py:1255} INFO - Exporting the following env vars:
AIRFLOW_CTX_DAG_EMAIL=r.chesne@gmail.com
AIRFLOW_CTX_DAG_OWNER=Robin
AIRFLOW_CTX_DAG_ID=matchup
AIRFLOW_CTX_TASK_ID=run_script
AIRFLOW_CTX_EXECUTION_DATE=2022-03-26T00:00:00+00:00
AIRFLOW_CTX_DAG_RUN_ID=scheduled__2022-03-26T00:00:00+00:00
[2022-03-26 06:05:10,939] {bash.py:135} INFO - Tmp dir root location: 
 /tmp
[2022-03-26 06:05:10,940] {bash.py:158} INFO - Running command: python /app/scripts/main.py
[2022-03-26 06:05:10,947] {bash.py:169} INFO - Output:
[2022-03-26 06:05:14,587] {bash.py:173} INFO - Italy
[2022-03-26 06:05:14,587] {bash.py:173} INFO - 24624
[2022-03-26 06:05:14,588] {bash.py:173} INFO - Portugal
[2022-03-26 06:05:14,588] {bash.py:173} INFO - 4139
[2022-03-26 06:05:14,588] {bash.py:173} INFO - Italy: CO2 424, mix [('gas', 11313, '46'), ('coal', 4047, '16'), ('unknown', 2400, '10')]
[2022-03-26 06:05:14,588] {bash.py:173} INFO - Portugal: CO2 193, mix [('wind', 1883, '45'), ('gas', 1343, '32'), ('hydro', 502, '12')]
[2022-03-26 06:05:14,588] {bash.py:173} INFO - Sweden
[2022-03-26 06:05:14,588] {bash.py:173} INFO - 16357
[2022-03-26 06:05:14,588] {bash.py:173} INFO - Finland
[2022-03-26 06:05:14,588] {bash.py:173} INFO - 8332
[2022-03-26 06:05:14,588] {bash.py:173} INFO - Sweden: CO2 30, mix [('wind', 6888, '42'), ('nuclear', 5476, '33'), ('hydro', 2978, '18')]
[2022-03-26 06:05:14,588] {bash.py:173} INFO - Finland: CO2 123, mix [('wind', 2883, '35'), ('nuclear', 2869, '34'), ('hydro', 796, '10')]
[2022-03-26 06:05:14,589] {bash.py:173} INFO - France
[2022-03-26 06:05:14,589] {bash.py:173} INFO - 42424
[2022-03-26 06:05:14,589] {bash.py:173} INFO - UK
[2022-03-26 06:05:14,589] {bash.py:173} INFO - 24621
[2022-03-26 06:05:14,589] {bash.py:173} INFO - France: CO2 67, mix [('nuclear', 28529, '67'), ('wind', 5870, '14'), ('gas', 4215, '10')]
[2022-03-26 06:05:14,589] {bash.py:173} INFO - UK: CO2 219, mix [('gas', 9363, '38'), ('nuclear', 6993, '28'), ('wind', 5674, '23')]
[2022-03-26 06:05:14,621] {bash.py:177} INFO - Command exited with return code 0
[2022-03-26 06:05:14,637] {taskinstance.py:1159} INFO - Marking task as SUCCESS. dag_id=matchup, task_id=run_script, execution_date=20220326T000000, start_date=20220326T060510, end_date=20220326T060514
[2022-03-26 06:05:14,649] {taskinstance.py:1220} INFO - 0 downstream tasks scheduled from follow-on schedule check
[2022-03-26 06:05:14,677] {local_task_job.py:146} INFO - Task exited with return code 0
