[2022-04-18 00:02:10,350] {taskinstance.py:851} INFO - Dependencies all met for <TaskInstance: matchup.run_script 2022-04-17T18:00:00+00:00 [queued]>
[2022-04-18 00:02:10,354] {taskinstance.py:851} INFO - Dependencies all met for <TaskInstance: matchup.run_script 2022-04-17T18:00:00+00:00 [queued]>
[2022-04-18 00:02:10,354] {taskinstance.py:1042} INFO - 
--------------------------------------------------------------------------------
[2022-04-18 00:02:10,354] {taskinstance.py:1043} INFO - Starting attempt 3 of 6
[2022-04-18 00:02:10,354] {taskinstance.py:1044} INFO - 
--------------------------------------------------------------------------------
[2022-04-18 00:02:10,362] {taskinstance.py:1063} INFO - Executing <Task(BashOperator): run_script> on 2022-04-17T18:00:00+00:00
[2022-04-18 00:02:10,365] {standard_task_runner.py:52} INFO - Started process 207093 to run task
[2022-04-18 00:02:10,371] {standard_task_runner.py:76} INFO - Running: ['airflow', 'tasks', 'run', 'matchup', 'run_script', '2022-04-17T18:00:00+00:00', '--job-id', '202', '--pool', 'default_pool', '--raw', '--subdir', 'DAGS_FOLDER/matchup.py', '--cfg-path', '/tmp/tmp1598m7x6', '--error-file', '/tmp/tmpeum1znoh']
[2022-04-18 00:02:10,371] {standard_task_runner.py:77} INFO - Job 202: Subtask run_script
[2022-04-18 00:02:10,396] {logging_mixin.py:104} INFO - Running <TaskInstance: matchup.run_script 2022-04-17T18:00:00+00:00 [running]> on host 193e33218975
[2022-04-18 00:02:10,411] {taskinstance.py:1255} INFO - Exporting the following env vars:
AIRFLOW_CTX_DAG_EMAIL=r.chesne@gmail.com
AIRFLOW_CTX_DAG_OWNER=Robin
AIRFLOW_CTX_DAG_ID=matchup
AIRFLOW_CTX_TASK_ID=run_script
AIRFLOW_CTX_EXECUTION_DATE=2022-04-17T18:00:00+00:00
AIRFLOW_CTX_DAG_RUN_ID=scheduled__2022-04-17T18:00:00+00:00
[2022-04-18 00:02:10,411] {bash.py:135} INFO - Tmp dir root location: 
 /tmp
[2022-04-18 00:02:10,412] {bash.py:158} INFO - Running command: python /app/scripts/main.py
[2022-04-18 00:02:10,418] {bash.py:169} INFO - Output:
[2022-04-18 00:02:13,097] {bash.py:173} INFO - Spain
[2022-04-18 00:02:13,098] {bash.py:173} INFO - 21783
[2022-04-18 00:02:13,098] {bash.py:173} INFO - Portugal
[2022-04-18 00:02:13,098] {bash.py:173} INFO - 4747
[2022-04-18 00:02:13,098] {bash.py:173} INFO - Spain: CO2 123, mix [('wind', 7808, '36'), ('nuclear', 5948, '27'), ('gas', 3330, '15')]
[2022-04-18 00:02:13,098] {bash.py:173} INFO - Portugal: CO2 117, mix [('wind', 2427, '51'), ('gas', 682, '14'), ('hydro', 612, '13')]
[2022-04-18 00:02:13,098] {bash.py:173} INFO - Finland
[2022-04-18 00:02:13,098] {bash.py:173} INFO - 7919
[2022-04-18 00:02:13,098] {bash.py:173} INFO - Denmark
[2022-04-18 00:02:13,098] {bash.py:173} INFO - 3309
[2022-04-18 00:02:13,098] {bash.py:173} INFO - Finland: CO2 172, mix [('nuclear', 3706, '47'), ('hydro', 1411, '18'), ('unknown', 915, '12')]
[2022-04-18 00:02:13,098] {bash.py:173} INFO - Denmark: CO2 263, mix [('coal', 634, '19'), ('wind', 617, '19'), ('biomass', 598, '18')]
[2022-04-18 00:02:13,099] {bash.py:173} INFO - UK
[2022-04-18 00:02:13,099] {bash.py:173} INFO - 24374
[2022-04-18 00:02:13,099] {bash.py:173} INFO - France
[2022-04-18 00:02:13,099] {bash.py:173} INFO - 42092
[2022-04-18 00:02:13,099] {bash.py:173} INFO - UK: CO2 158, mix [('wind', 9262, '38'), ('nuclear', 6420, '26'), ('gas', 6125, '25')]
[2022-04-18 00:02:13,099] {bash.py:173} INFO - France: CO2 45, mix [('nuclear', 26336, '63'), ('wind', 5658, '13'), ('hydro', 5550, '13')]
[2022-04-18 00:02:13,130] {bash.py:177} INFO - Command exited with return code 0
[2022-04-18 00:02:13,144] {taskinstance.py:1159} INFO - Marking task as SUCCESS. dag_id=matchup, task_id=run_script, execution_date=20220417T180000, start_date=20220418T000210, end_date=20220418T000213
[2022-04-18 00:02:13,157] {taskinstance.py:1220} INFO - 0 downstream tasks scheduled from follow-on schedule check
[2022-04-18 00:02:13,190] {local_task_job.py:146} INFO - Task exited with return code 0
