[2022-06-24 00:00:04,258] {taskinstance.py:851} INFO - Dependencies all met for <TaskInstance: matchup.run_script 2022-06-23T18:00:00+00:00 [queued]>
[2022-06-24 00:00:04,265] {taskinstance.py:851} INFO - Dependencies all met for <TaskInstance: matchup.run_script 2022-06-23T18:00:00+00:00 [queued]>
[2022-06-24 00:00:04,265] {taskinstance.py:1042} INFO - 
--------------------------------------------------------------------------------
[2022-06-24 00:00:04,265] {taskinstance.py:1043} INFO - Starting attempt 1 of 6
[2022-06-24 00:00:04,265] {taskinstance.py:1044} INFO - 
--------------------------------------------------------------------------------
[2022-06-24 00:00:04,278] {taskinstance.py:1063} INFO - Executing <Task(BashOperator): run_script> on 2022-06-23T18:00:00+00:00
[2022-06-24 00:00:04,279] {standard_task_runner.py:52} INFO - Started process 36418 to run task
[2022-06-24 00:00:04,283] {standard_task_runner.py:76} INFO - Running: ['airflow', 'tasks', 'run', 'matchup', 'run_script', '2022-06-23T18:00:00+00:00', '--job-id', '1431', '--pool', 'default_pool', '--raw', '--subdir', 'DAGS_FOLDER/matchup.py', '--cfg-path', '/tmp/tmpvonhoe4q', '--error-file', '/tmp/tmpkk9j5t6a']
[2022-06-24 00:00:04,283] {standard_task_runner.py:77} INFO - Job 1431: Subtask run_script
[2022-06-24 00:00:04,313] {logging_mixin.py:104} INFO - Running <TaskInstance: matchup.run_script 2022-06-23T18:00:00+00:00 [running]> on host b5b34dd97903
[2022-06-24 00:00:04,345] {taskinstance.py:1255} INFO - Exporting the following env vars:
AIRFLOW_CTX_DAG_EMAIL=r.chesne@gmail.com
AIRFLOW_CTX_DAG_OWNER=Robin
AIRFLOW_CTX_DAG_ID=matchup
AIRFLOW_CTX_TASK_ID=run_script
AIRFLOW_CTX_EXECUTION_DATE=2022-06-23T18:00:00+00:00
AIRFLOW_CTX_DAG_RUN_ID=scheduled__2022-06-23T18:00:00+00:00
[2022-06-24 00:00:04,345] {bash.py:135} INFO - Tmp dir root location: 
 /tmp
[2022-06-24 00:00:04,346] {bash.py:158} INFO - Running command: python /app/scripts/main.py
[2022-06-24 00:00:04,352] {bash.py:169} INFO - Output:
[2022-06-24 00:00:08,141] {bash.py:173} INFO - Spain
[2022-06-24 00:00:08,141] {bash.py:173} INFO - 27281
[2022-06-24 00:00:08,141] {bash.py:173} INFO - Italy
[2022-06-24 00:00:08,141] {bash.py:173} INFO - 27456
[2022-06-24 00:00:08,141] {bash.py:173} INFO - Spain: CO2 249, mix [('gas', 10317, '38'), ('nuclear', 6687, '25'), ('wind', 5615, '21')]
[2022-06-24 00:00:08,141] {bash.py:173} INFO - Italy: CO2 398, mix [('gas', 14099, '51'), ('hydro', 4461, '16'), ('coal', 2738, '10')]
[2022-06-24 00:00:08,141] {bash.py:173} INFO - Sweden
[2022-06-24 00:00:08,141] {bash.py:173} INFO - 11109
[2022-06-24 00:00:08,141] {bash.py:173} INFO - Finland
[2022-06-24 00:00:08,141] {bash.py:173} INFO - 6534
[2022-06-24 00:00:08,141] {bash.py:173} INFO - Sweden: CO2 24, mix [('hydro', 4758, '43'), ('nuclear', 3633, '33'), ('wind', 2364, '21')]
[2022-06-24 00:00:08,141] {bash.py:173} INFO - Finland: CO2 55, mix [('nuclear', 2656, '41'), ('wind', 2009, '31'), ('hydro', 1042, '16')]
[2022-06-24 00:00:08,141] {bash.py:173} INFO - Germany
[2022-06-24 00:00:08,141] {bash.py:173} INFO - 48795
[2022-06-24 00:00:08,141] {bash.py:173} INFO - UK
[2022-06-24 00:00:08,141] {bash.py:173} INFO - 23775
[2022-06-24 00:00:08,141] {bash.py:173} INFO - Germany: CO2 346, mix [('wind', 19255, '39'), ('coal', 16641, '34'), ('biomass', 4195, '9')]
[2022-06-24 00:00:08,141] {bash.py:173} INFO - UK: CO2 275, mix [('gas', 11973, '50'), ('nuclear', 5137, '22'), ('wind', 3918, '16')]
[2022-06-24 00:00:08,180] {bash.py:177} INFO - Command exited with return code 0
[2022-06-24 00:00:08,189] {taskinstance.py:1159} INFO - Marking task as SUCCESS. dag_id=matchup, task_id=run_script, execution_date=20220623T180000, start_date=20220624T000004, end_date=20220624T000008
[2022-06-24 00:00:08,200] {taskinstance.py:1220} INFO - 0 downstream tasks scheduled from follow-on schedule check
[2022-06-24 00:00:08,203] {local_task_job.py:146} INFO - Task exited with return code 0
