[2022-03-26 12:01:05,954] {taskinstance.py:851} INFO - Dependencies all met for <TaskInstance: matchup.run_script 2022-03-26T06:00:00+00:00 [queued]>
[2022-03-26 12:01:05,958] {taskinstance.py:851} INFO - Dependencies all met for <TaskInstance: matchup.run_script 2022-03-26T06:00:00+00:00 [queued]>
[2022-03-26 12:01:05,958] {taskinstance.py:1042} INFO - 
--------------------------------------------------------------------------------
[2022-03-26 12:01:05,958] {taskinstance.py:1043} INFO - Starting attempt 2 of 6
[2022-03-26 12:01:05,958] {taskinstance.py:1044} INFO - 
--------------------------------------------------------------------------------
[2022-03-26 12:01:05,964] {taskinstance.py:1063} INFO - Executing <Task(BashOperator): run_script> on 2022-03-26T06:00:00+00:00
[2022-03-26 12:01:05,967] {standard_task_runner.py:52} INFO - Started process 511233 to run task
[2022-03-26 12:01:05,974] {standard_task_runner.py:76} INFO - Running: ['airflow', 'tasks', 'run', 'matchup', 'run_script', '2022-03-26T06:00:00+00:00', '--job-id', '495', '--pool', 'default_pool', '--raw', '--subdir', 'DAGS_FOLDER/matchup.py', '--cfg-path', '/tmp/tmpkjwat4kj', '--error-file', '/tmp/tmpm3wqxch0']
[2022-03-26 12:01:05,974] {standard_task_runner.py:77} INFO - Job 495: Subtask run_script
[2022-03-26 12:01:05,998] {logging_mixin.py:104} INFO - Running <TaskInstance: matchup.run_script 2022-03-26T06:00:00+00:00 [running]> on host 531edfb863fc
[2022-03-26 12:01:06,013] {taskinstance.py:1255} INFO - Exporting the following env vars:
AIRFLOW_CTX_DAG_EMAIL=r.chesne@gmail.com
AIRFLOW_CTX_DAG_OWNER=Robin
AIRFLOW_CTX_DAG_ID=matchup
AIRFLOW_CTX_TASK_ID=run_script
AIRFLOW_CTX_EXECUTION_DATE=2022-03-26T06:00:00+00:00
AIRFLOW_CTX_DAG_RUN_ID=scheduled__2022-03-26T06:00:00+00:00
[2022-03-26 12:01:06,013] {bash.py:135} INFO - Tmp dir root location: 
 /tmp
[2022-03-26 12:01:06,013] {bash.py:158} INFO - Running command: python /app/scripts/main.py
[2022-03-26 12:01:06,018] {bash.py:169} INFO - Output:
[2022-03-26 12:01:10,058] {bash.py:173} INFO - Italy
[2022-03-26 12:01:10,058] {bash.py:173} INFO - 31469
[2022-03-26 12:01:10,058] {bash.py:173} INFO - Spain
[2022-03-26 12:01:10,058] {bash.py:173} INFO - 27160
[2022-03-26 12:01:10,058] {bash.py:173} INFO - Italy: CO2 303, mix [('solar', 9683, '31'), ('gas', 9288, '30'), ('coal', 3614, '11')]
[2022-03-26 12:01:10,058] {bash.py:173} INFO - Spain: CO2 161, mix [('nuclear', 7376, '27'), ('gas', 6347, '23'), ('solar', 4684, '17')]
[2022-03-26 12:01:10,058] {bash.py:173} INFO - Denmark
[2022-03-26 12:01:10,058] {bash.py:173} INFO - 3923
[2022-03-26 12:01:10,058] {bash.py:173} INFO - Sweden
[2022-03-26 12:01:10,059] {bash.py:173} INFO - 16179
[2022-03-26 12:01:10,059] {bash.py:173} INFO - Denmark: CO2 122, mix [('wind', 1939, '49'), ('solar', 641, '16'), ('coal', 334, '9')]
[2022-03-26 12:01:10,059] {bash.py:173} INFO - Sweden: CO2 32, mix [('wind', 6325, '39'), ('nuclear', 5310, '33'), ('hydro', 3479, '22')]
[2022-03-26 12:01:10,059] {bash.py:173} INFO - UK
[2022-03-26 12:01:10,059] {bash.py:173} INFO - 30842
[2022-03-26 12:01:10,059] {bash.py:173} INFO - Germany
[2022-03-26 12:01:10,059] {bash.py:173} INFO - 57368
[2022-03-26 12:01:10,059] {bash.py:173} INFO - UK: CO2 267, mix [('gas', 12574, '41'), ('nuclear', 6650, '22'), ('solar', 6576, '21')]
[2022-03-26 12:01:10,059] {bash.py:173} INFO - Germany: CO2 249, mix [('solar', 22644, '39'), ('coal', 12552, '22'), ('wind', 10095, '18')]
[2022-03-26 12:01:10,092] {bash.py:177} INFO - Command exited with return code 0
[2022-03-26 12:01:10,111] {taskinstance.py:1159} INFO - Marking task as SUCCESS. dag_id=matchup, task_id=run_script, execution_date=20220326T060000, start_date=20220326T120105, end_date=20220326T120110
[2022-03-26 12:01:10,125] {taskinstance.py:1220} INFO - 0 downstream tasks scheduled from follow-on schedule check
[2022-03-26 12:01:10,158] {local_task_job.py:146} INFO - Task exited with return code 0
