[2022-06-25 12:00:04,207] {taskinstance.py:851} INFO - Dependencies all met for <TaskInstance: matchup.run_script 2022-06-25T06:00:00+00:00 [queued]>
[2022-06-25 12:00:04,215] {taskinstance.py:851} INFO - Dependencies all met for <TaskInstance: matchup.run_script 2022-06-25T06:00:00+00:00 [queued]>
[2022-06-25 12:00:04,215] {taskinstance.py:1042} INFO - 
--------------------------------------------------------------------------------
[2022-06-25 12:00:04,215] {taskinstance.py:1043} INFO - Starting attempt 1 of 6
[2022-06-25 12:00:04,215] {taskinstance.py:1044} INFO - 
--------------------------------------------------------------------------------
[2022-06-25 12:00:04,222] {taskinstance.py:1063} INFO - Executing <Task(BashOperator): run_script> on 2022-06-25T06:00:00+00:00
[2022-06-25 12:00:04,224] {standard_task_runner.py:52} INFO - Started process 57785 to run task
[2022-06-25 12:00:04,228] {standard_task_runner.py:76} INFO - Running: ['airflow', 'tasks', 'run', 'matchup', 'run_script', '2022-06-25T06:00:00+00:00', '--job-id', '1443', '--pool', 'default_pool', '--raw', '--subdir', 'DAGS_FOLDER/matchup.py', '--cfg-path', '/tmp/tmpcbey7u7o', '--error-file', '/tmp/tmp_31c88lg']
[2022-06-25 12:00:04,228] {standard_task_runner.py:77} INFO - Job 1443: Subtask run_script
[2022-06-25 12:00:04,250] {logging_mixin.py:104} INFO - Running <TaskInstance: matchup.run_script 2022-06-25T06:00:00+00:00 [running]> on host b5b34dd97903
[2022-06-25 12:00:04,278] {taskinstance.py:1255} INFO - Exporting the following env vars:
AIRFLOW_CTX_DAG_EMAIL=r.chesne@gmail.com
AIRFLOW_CTX_DAG_OWNER=Robin
AIRFLOW_CTX_DAG_ID=matchup
AIRFLOW_CTX_TASK_ID=run_script
AIRFLOW_CTX_EXECUTION_DATE=2022-06-25T06:00:00+00:00
AIRFLOW_CTX_DAG_RUN_ID=scheduled__2022-06-25T06:00:00+00:00
[2022-06-25 12:00:04,278] {bash.py:135} INFO - Tmp dir root location: 
 /tmp
[2022-06-25 12:00:04,279] {bash.py:158} INFO - Running command: python /app/scripts/main.py
[2022-06-25 12:00:04,284] {bash.py:169} INFO - Output:
[2022-06-25 12:00:08,560] {bash.py:173} INFO - Spain
[2022-06-25 12:00:08,561] {bash.py:173} INFO - 30644
[2022-06-25 12:00:08,561] {bash.py:173} INFO - Italy
[2022-06-25 12:00:08,561] {bash.py:173} INFO - 30083
[2022-06-25 12:00:08,561] {bash.py:173} INFO - Spain: CO2 143, mix [('solar', 11524, '38'), ('nuclear', 6559, '21'), ('gas', 4912, '16')]
[2022-06-25 12:00:08,561] {bash.py:173} INFO - Italy: CO2 220, mix [('solar', 10724, '36'), ('gas', 6158, '20'), ('hydro', 4115, '14')]
[2022-06-25 12:00:08,561] {bash.py:173} INFO - Sweden
[2022-06-25 12:00:08,561] {bash.py:173} INFO - 10983
[2022-06-25 12:00:08,561] {bash.py:173} INFO - Norway
[2022-06-25 12:00:08,561] {bash.py:173} INFO - 10340
[2022-06-25 12:00:08,561] {bash.py:173} INFO - Sweden: CO2 26, mix [('hydro', 4211, '38'), ('nuclear', 3296, '30'), ('wind', 2688, '24')]
[2022-06-25 12:00:08,561] {bash.py:173} INFO - Norway: CO2 33, mix [('hydro', 9005, '87'), ('wind', 1123, '11'), ('gas', 120, '1')]
[2022-06-25 12:00:08,561] {bash.py:173} INFO - France
[2022-06-25 12:00:08,561] {bash.py:173} INFO - 44867
[2022-06-25 12:00:08,561] {bash.py:173} INFO - Hungary
[2022-06-25 12:00:08,561] {bash.py:173} INFO - 4614
[2022-06-25 12:00:08,561] {bash.py:173} INFO - France: CO2 49, mix [('nuclear', 27138, '60'), ('solar', 6233, '14'), ('hydro', 4946, '11')]
[2022-06-25 12:00:08,561] {bash.py:173} INFO - Hungary: CO2 176, mix [('nuclear', 1861, '40'), ('solar', 1311, '28'), ('gas', 704, '15')]
[2022-06-25 12:00:08,596] {bash.py:177} INFO - Command exited with return code 0
[2022-06-25 12:00:08,607] {taskinstance.py:1159} INFO - Marking task as SUCCESS. dag_id=matchup, task_id=run_script, execution_date=20220625T060000, start_date=20220625T120004, end_date=20220625T120008
[2022-06-25 12:00:08,619] {taskinstance.py:1220} INFO - 0 downstream tasks scheduled from follow-on schedule check
[2022-06-25 12:00:08,652] {local_task_job.py:146} INFO - Task exited with return code 0
