[2022-04-05 12:00:03,248] {taskinstance.py:851} INFO - Dependencies all met for <TaskInstance: matchup.run_script 2022-04-05T06:00:00+00:00 [queued]>
[2022-04-05 12:00:03,253] {taskinstance.py:851} INFO - Dependencies all met for <TaskInstance: matchup.run_script 2022-04-05T06:00:00+00:00 [queued]>
[2022-04-05 12:00:03,253] {taskinstance.py:1042} INFO - 
--------------------------------------------------------------------------------
[2022-04-05 12:00:03,253] {taskinstance.py:1043} INFO - Starting attempt 1 of 6
[2022-04-05 12:00:03,253] {taskinstance.py:1044} INFO - 
--------------------------------------------------------------------------------
[2022-04-05 12:00:03,260] {taskinstance.py:1063} INFO - Executing <Task(BashOperator): run_script> on 2022-04-05T06:00:00+00:00
[2022-04-05 12:00:03,263] {standard_task_runner.py:52} INFO - Started process 28896 to run task
[2022-04-05 12:00:03,269] {standard_task_runner.py:76} INFO - Running: ['airflow', 'tasks', 'run', 'matchup', 'run_script', '2022-04-05T06:00:00+00:00', '--job-id', '55', '--pool', 'default_pool', '--raw', '--subdir', 'DAGS_FOLDER/matchup.py', '--cfg-path', '/tmp/tmpucs3mt3o', '--error-file', '/tmp/tmp3h0t3in4']
[2022-04-05 12:00:03,269] {standard_task_runner.py:77} INFO - Job 55: Subtask run_script
[2022-04-05 12:00:03,294] {logging_mixin.py:104} INFO - Running <TaskInstance: matchup.run_script 2022-04-05T06:00:00+00:00 [running]> on host 193e33218975
[2022-04-05 12:00:03,315] {taskinstance.py:1255} INFO - Exporting the following env vars:
AIRFLOW_CTX_DAG_EMAIL=r.chesne@gmail.com
AIRFLOW_CTX_DAG_OWNER=Robin
AIRFLOW_CTX_DAG_ID=matchup
AIRFLOW_CTX_TASK_ID=run_script
AIRFLOW_CTX_EXECUTION_DATE=2022-04-05T06:00:00+00:00
AIRFLOW_CTX_DAG_RUN_ID=scheduled__2022-04-05T06:00:00+00:00
[2022-04-05 12:00:03,315] {bash.py:135} INFO - Tmp dir root location: 
 /tmp
[2022-04-05 12:00:03,316] {bash.py:158} INFO - Running command: python /app/scripts/main.py
[2022-04-05 12:00:03,324] {bash.py:169} INFO - Output:
[2022-04-05 12:00:08,512] {bash.py:173} INFO - Italy
[2022-04-05 12:00:08,512] {bash.py:173} INFO - 39925
[2022-04-05 12:00:08,513] {bash.py:173} INFO - Portugal
[2022-04-05 12:00:08,514] {bash.py:173} INFO - 8870
[2022-04-05 12:00:08,514] {bash.py:173} INFO - Italy: CO2 361, mix [('gas', 19575, '49'), ('solar', 10230, '26'), ('coal', 3235, '8')]
[2022-04-05 12:00:08,514] {bash.py:173} INFO - Portugal: CO2 207, mix [('gas', 3122, '35'), ('wind', 2499, '28'), ('hydro', 1473, '17')]
[2022-04-05 12:00:08,514] {bash.py:173} INFO - Norway
[2022-04-05 12:00:08,514] {bash.py:173} INFO - 18256
[2022-04-05 12:00:08,514] {bash.py:173} INFO - Denmark
[2022-04-05 12:00:08,514] {bash.py:173} INFO - 4914
[2022-04-05 12:00:08,514] {bash.py:173} INFO - Norway: CO2 29, mix [('hydro', 15582, '85'), ('wind', 1626, '9'), ('nuclear', 408, '2')]
[2022-04-05 12:00:08,514] {bash.py:173} INFO - Denmark: CO2 157, mix [('wind', 2362, '48'), ('solar', 610, '12'), ('coal', 598, '12')]
[2022-04-05 12:00:08,514] {bash.py:173} INFO - UK
[2022-04-05 12:00:08,514] {bash.py:173} INFO - 34457
[2022-04-05 12:00:08,514] {bash.py:173} INFO - France
[2022-04-05 12:00:08,515] {bash.py:173} INFO - 58136
[2022-04-05 12:00:08,515] {bash.py:173} INFO - UK: CO2 211, mix [('gas', 11727, '34'), ('wind', 11224, '33'), ('nuclear', 5208, '15')]
[2022-04-05 12:00:08,515] {bash.py:173} INFO - France: CO2 81, mix [('nuclear', 32151, '55'), ('gas', 7138, '12'), ('hydro', 6319, '11')]
[2022-04-05 12:00:08,553] {bash.py:177} INFO - Command exited with return code 0
[2022-04-05 12:00:08,569] {taskinstance.py:1159} INFO - Marking task as SUCCESS. dag_id=matchup, task_id=run_script, execution_date=20220405T060000, start_date=20220405T120003, end_date=20220405T120008
[2022-04-05 12:00:08,581] {taskinstance.py:1220} INFO - 0 downstream tasks scheduled from follow-on schedule check
[2022-04-05 12:00:08,604] {local_task_job.py:146} INFO - Task exited with return code 0
