[2022-06-29 00:00:04,235] {taskinstance.py:851} INFO - Dependencies all met for <TaskInstance: matchup.run_script 2022-06-28T18:00:00+00:00 [queued]>
[2022-06-29 00:00:04,243] {taskinstance.py:851} INFO - Dependencies all met for <TaskInstance: matchup.run_script 2022-06-28T18:00:00+00:00 [queued]>
[2022-06-29 00:00:04,243] {taskinstance.py:1042} INFO - 
--------------------------------------------------------------------------------
[2022-06-29 00:00:04,243] {taskinstance.py:1043} INFO - Starting attempt 1 of 6
[2022-06-29 00:00:04,243] {taskinstance.py:1044} INFO - 
--------------------------------------------------------------------------------
[2022-06-29 00:00:04,252] {taskinstance.py:1063} INFO - Executing <Task(BashOperator): run_script> on 2022-06-28T18:00:00+00:00
[2022-06-29 00:00:04,255] {standard_task_runner.py:52} INFO - Started process 107657 to run task
[2022-06-29 00:00:04,258] {standard_task_runner.py:76} INFO - Running: ['airflow', 'tasks', 'run', 'matchup', 'run_script', '2022-06-28T18:00:00+00:00', '--job-id', '1471', '--pool', 'default_pool', '--raw', '--subdir', 'DAGS_FOLDER/matchup.py', '--cfg-path', '/tmp/tmp2p2hxvgt', '--error-file', '/tmp/tmpa_lifaj5']
[2022-06-29 00:00:04,258] {standard_task_runner.py:77} INFO - Job 1471: Subtask run_script
[2022-06-29 00:00:04,280] {logging_mixin.py:104} INFO - Running <TaskInstance: matchup.run_script 2022-06-28T18:00:00+00:00 [running]> on host b5b34dd97903
[2022-06-29 00:00:04,309] {taskinstance.py:1255} INFO - Exporting the following env vars:
AIRFLOW_CTX_DAG_EMAIL=r.chesne@gmail.com
AIRFLOW_CTX_DAG_OWNER=Robin
AIRFLOW_CTX_DAG_ID=matchup
AIRFLOW_CTX_TASK_ID=run_script
AIRFLOW_CTX_EXECUTION_DATE=2022-06-28T18:00:00+00:00
AIRFLOW_CTX_DAG_RUN_ID=scheduled__2022-06-28T18:00:00+00:00
[2022-06-29 00:00:04,310] {bash.py:135} INFO - Tmp dir root location: 
 /tmp
[2022-06-29 00:00:04,310] {bash.py:158} INFO - Running command: python /app/scripts/main.py
[2022-06-29 00:00:04,316] {bash.py:169} INFO - Output:
[2022-06-29 00:00:08,858] {bash.py:173} INFO - Italy
[2022-06-29 00:00:08,858] {bash.py:173} INFO - 28385
[2022-06-29 00:00:08,859] {bash.py:173} INFO - Greece
[2022-06-29 00:00:08,859] {bash.py:173} INFO - 4255
[2022-06-29 00:00:08,859] {bash.py:173} INFO - Italy: CO2 396, mix [('gas', 14426, '51'), ('hydro', 4565, '16'), ('coal', 2875, '10')]
[2022-06-29 00:00:08,859] {bash.py:173} INFO - Greece: CO2 452, mix [('gas', 2688, '63'), ('wind', 728, '17'), ('coal', 720, '17')]
[2022-06-29 00:00:08,859] {bash.py:173} INFO - Sweden
[2022-06-29 00:00:08,859] {bash.py:173} INFO - 11452
[2022-06-29 00:00:08,859] {bash.py:173} INFO - Norway
[2022-06-29 00:00:08,859] {bash.py:173} INFO - 13376
[2022-06-29 00:00:08,859] {bash.py:173} INFO - Sweden: CO2 24, mix [('hydro', 4881, '43'), ('nuclear', 3755, '33'), ('wind', 2456, '21')]
[2022-06-29 00:00:08,859] {bash.py:173} INFO - Norway: CO2 40, mix [('hydro', 11718, '88'), ('wind', 968, '7'), ('gas', 365, '3')]
[2022-06-29 00:00:08,859] {bash.py:173} INFO - UK
[2022-06-29 00:00:08,859] {bash.py:173} INFO - 21600
[2022-06-29 00:00:08,859] {bash.py:173} INFO - Hungary
[2022-06-29 00:00:08,859] {bash.py:173} INFO - 3428
[2022-06-29 00:00:08,859] {bash.py:173} INFO - UK: CO2 282, mix [('gas', 11190, '52'), ('nuclear', 4802, '22'), ('wind', 3632, '17')]
[2022-06-29 00:00:08,859] {bash.py:173} INFO - Hungary: CO2 231, mix [('nuclear', 1875, '55'), ('gas', 789, '23'), ('coal', 364, '11')]
[2022-06-29 00:00:08,893] {bash.py:177} INFO - Command exited with return code 0
[2022-06-29 00:00:08,904] {taskinstance.py:1159} INFO - Marking task as SUCCESS. dag_id=matchup, task_id=run_script, execution_date=20220628T180000, start_date=20220629T000004, end_date=20220629T000008
[2022-06-29 00:00:08,915] {taskinstance.py:1220} INFO - 0 downstream tasks scheduled from follow-on schedule check
[2022-06-29 00:00:08,929] {local_task_job.py:146} INFO - Task exited with return code 0
