[2022-04-22 00:01:05,635] {taskinstance.py:851} INFO - Dependencies all met for <TaskInstance: matchup.run_script 2022-04-21T18:00:00+00:00 [queued]>
[2022-04-22 00:01:05,642] {taskinstance.py:851} INFO - Dependencies all met for <TaskInstance: matchup.run_script 2022-04-21T18:00:00+00:00 [queued]>
[2022-04-22 00:01:05,642] {taskinstance.py:1042} INFO - 
--------------------------------------------------------------------------------
[2022-04-22 00:01:05,642] {taskinstance.py:1043} INFO - Starting attempt 2 of 6
[2022-04-22 00:01:05,642] {taskinstance.py:1044} INFO - 
--------------------------------------------------------------------------------
[2022-04-22 00:01:05,650] {taskinstance.py:1063} INFO - Executing <Task(BashOperator): run_script> on 2022-04-21T18:00:00+00:00
[2022-04-22 00:01:05,653] {standard_task_runner.py:52} INFO - Started process 264019 to run task
[2022-04-22 00:01:05,658] {standard_task_runner.py:76} INFO - Running: ['airflow', 'tasks', 'run', 'matchup', 'run_script', '2022-04-21T18:00:00+00:00', '--job-id', '238', '--pool', 'default_pool', '--raw', '--subdir', 'DAGS_FOLDER/matchup.py', '--cfg-path', '/tmp/tmpgfl1cqae', '--error-file', '/tmp/tmp5h7sxewj']
[2022-04-22 00:01:05,659] {standard_task_runner.py:77} INFO - Job 238: Subtask run_script
[2022-04-22 00:01:05,684] {logging_mixin.py:104} INFO - Running <TaskInstance: matchup.run_script 2022-04-21T18:00:00+00:00 [running]> on host 193e33218975
[2022-04-22 00:01:05,699] {taskinstance.py:1255} INFO - Exporting the following env vars:
AIRFLOW_CTX_DAG_EMAIL=r.chesne@gmail.com
AIRFLOW_CTX_DAG_OWNER=Robin
AIRFLOW_CTX_DAG_ID=matchup
AIRFLOW_CTX_TASK_ID=run_script
AIRFLOW_CTX_EXECUTION_DATE=2022-04-21T18:00:00+00:00
AIRFLOW_CTX_DAG_RUN_ID=scheduled__2022-04-21T18:00:00+00:00
[2022-04-22 00:01:05,699] {bash.py:135} INFO - Tmp dir root location: 
 /tmp
[2022-04-22 00:01:05,700] {bash.py:158} INFO - Running command: python /app/scripts/main.py
[2022-04-22 00:01:05,706] {bash.py:169} INFO - Output:
[2022-04-22 00:01:10,714] {bash.py:173} INFO - Italy
[2022-04-22 00:01:10,714] {bash.py:173} INFO - 22278
[2022-04-22 00:01:10,715] {bash.py:173} INFO - Spain
[2022-04-22 00:01:10,715] {bash.py:173} INFO - 25446
[2022-04-22 00:01:10,715] {bash.py:173} INFO - Italy: CO2 429, mix [('gas', 12822, '58'), ('wind', 2874, '13'), ('coal', 2185, '10')]
[2022-04-22 00:01:10,715] {bash.py:173} INFO - Spain: CO2 151, mix [('wind', 10958, '43'), ('nuclear', 5855, '23'), ('gas', 4905, '19')]
[2022-04-22 00:01:10,715] {bash.py:173} INFO - Finland
[2022-04-22 00:01:10,715] {bash.py:173} INFO - 8087
[2022-04-22 00:01:10,715] {bash.py:173} INFO - Norway
[2022-04-22 00:01:10,715] {bash.py:173} INFO - 12070
[2022-04-22 00:01:10,715] {bash.py:173} INFO - Finland: CO2 155, mix [('nuclear', 3338, '41'), ('wind', 1469, '18'), ('hydro', 1127, '14')]
[2022-04-22 00:01:10,715] {bash.py:173} INFO - Norway: CO2 31, mix [('hydro', 10666, '88'), ('wind', 1047, '9'), ('hydro discharge', 112, '1')]
[2022-04-22 00:01:10,715] {bash.py:173} INFO - Germany
[2022-04-22 00:01:10,715] {bash.py:173} INFO - 56725
[2022-04-22 00:01:10,715] {bash.py:173} INFO - UK
[2022-04-22 00:01:10,716] {bash.py:173} INFO - 23178
[2022-04-22 00:01:10,716] {bash.py:173} INFO - Germany: CO2 244, mix [('wind', 30026, '53'), ('coal', 12442, '22'), ('biomass', 4657, '8')]
[2022-04-22 00:01:10,716] {bash.py:173} INFO - UK: CO2 141, mix [('wind', 10828, '47'), ('nuclear', 5246, '23'), ('gas', 5042, '22')]
[2022-04-22 00:01:10,748] {bash.py:177} INFO - Command exited with return code 0
[2022-04-22 00:01:10,761] {taskinstance.py:1159} INFO - Marking task as SUCCESS. dag_id=matchup, task_id=run_script, execution_date=20220421T180000, start_date=20220422T000105, end_date=20220422T000110
[2022-04-22 00:01:10,775] {taskinstance.py:1220} INFO - 0 downstream tasks scheduled from follow-on schedule check
[2022-04-22 00:01:10,794] {local_task_job.py:146} INFO - Task exited with return code 0
