[2022-02-18 13:15:07,896] {taskinstance.py:851} INFO - Dependencies all met for <TaskInstance: matchup.run_script 2022-02-18T13:13:59.355148+00:00 [queued]>
[2022-02-18 13:15:07,912] {taskinstance.py:851} INFO - Dependencies all met for <TaskInstance: matchup.run_script 2022-02-18T13:13:59.355148+00:00 [queued]>
[2022-02-18 13:15:07,913] {taskinstance.py:1042} INFO - 
--------------------------------------------------------------------------------
[2022-02-18 13:15:07,913] {taskinstance.py:1043} INFO - Starting attempt 2 of 6
[2022-02-18 13:15:07,913] {taskinstance.py:1044} INFO - 
--------------------------------------------------------------------------------
[2022-02-18 13:15:07,939] {taskinstance.py:1063} INFO - Executing <Task(BashOperator): run_script> on 2022-02-18T13:13:59.355148+00:00
[2022-02-18 13:15:07,944] {standard_task_runner.py:52} INFO - Started process 275 to run task
[2022-02-18 13:15:07,951] {standard_task_runner.py:76} INFO - Running: ['airflow', 'tasks', 'run', 'matchup', 'run_script', '2022-02-18T13:13:59.355148+00:00', '--job-id', '8', '--pool', 'default_pool', '--raw', '--subdir', 'DAGS_FOLDER/matchup.py', '--cfg-path', '/tmp/tmpxqvtjjj_', '--error-file', '/tmp/tmpna9nzxnu']
[2022-02-18 13:15:07,951] {standard_task_runner.py:77} INFO - Job 8: Subtask run_script
[2022-02-18 13:15:07,978] {logging_mixin.py:104} INFO - Running <TaskInstance: matchup.run_script 2022-02-18T13:13:59.355148+00:00 [running]> on host 531edfb863fc
[2022-02-18 13:15:08,005] {taskinstance.py:1255} INFO - Exporting the following env vars:
AIRFLOW_CTX_DAG_EMAIL=r.chesne@gmail.com
AIRFLOW_CTX_DAG_OWNER=Robin
AIRFLOW_CTX_DAG_ID=matchup
AIRFLOW_CTX_TASK_ID=run_script
AIRFLOW_CTX_EXECUTION_DATE=2022-02-18T13:13:59.355148+00:00
AIRFLOW_CTX_DAG_RUN_ID=manual__2022-02-18T13:13:59.355148+00:00
[2022-02-18 13:15:08,005] {bash.py:135} INFO - Tmp dir root location: 
 /tmp
[2022-02-18 13:15:08,006] {bash.py:158} INFO - Running command: python /app/scripts/main.py
[2022-02-18 13:15:08,019] {bash.py:169} INFO - Output:
[2022-02-18 13:15:10,240] {bash.py:173} INFO - Italy: CO2 345, mix [('gas', 18122, '51'), ('solar', 6837, '19'), ('coal', 3099, '9')]
[2022-02-18 13:15:10,240] {bash.py:173} INFO - Spain: CO2 151, mix [('solar', 9235, '29'), ('nuclear', 7105, '22'), ('gas', 6849, '22')]
[2022-02-18 13:15:10,241] {bash.py:173} INFO - Traceback (most recent call last):
[2022-02-18 13:15:10,241] {bash.py:173} INFO -   File "/app/scripts/main.py", line 224, in <module>
[2022-02-18 13:15:10,241] {bash.py:173} INFO -     get_matchups()
[2022-02-18 13:15:10,241] {bash.py:173} INFO -   File "/app/scripts/main.py", line 43, in get_matchups
[2022-02-18 13:15:10,241] {bash.py:173} INFO -     get_data(division, country1, country2)
[2022-02-18 13:15:10,241] {bash.py:173} INFO -   File "/app/scripts/main.py", line 221, in get_data
[2022-02-18 13:15:10,241] {bash.py:173} INFO -     send_tweet(country1, country2, co2_country1,co2_country2, mix_country1, mix_country2)
[2022-02-18 13:15:10,241] {bash.py:173} INFO -   File "/app/scripts/main.py", line 175, in send_tweet
[2022-02-18 13:15:10,242] {bash.py:173} INFO -     client.create_tweet(text=f"""{country1_emoji} {country1.upper()}: {co2_country1}g CO2/kWh {co2_country1_emoji} using {mix_country1[0][2]}% {mix_country1[0][0].capitalize()}, {mix_country1[1][2]}% {mix_country1[1][0].capitalize()} and {mix_country1[2][2]}% {mix_country1[2][0].capitalize()}
[2022-02-18 13:15:10,242] {bash.py:173} INFO -   File "/app/env/lib/python3.8/site-packages/tweepy/client.py", line 563, in create_tweet
[2022-02-18 13:15:10,242] {bash.py:173} INFO -     return self._make_request(
[2022-02-18 13:15:10,242] {bash.py:173} INFO -   File "/app/env/lib/python3.8/site-packages/tweepy/client.py", line 168, in _make_request
[2022-02-18 13:15:10,242] {bash.py:173} INFO -     response = self.request(method, route, params=request_params,
[2022-02-18 13:15:10,242] {bash.py:173} INFO -   File "/app/env/lib/python3.8/site-packages/tweepy/client.py", line 120, in request
[2022-02-18 13:15:10,242] {bash.py:173} INFO -     raise BadRequest(response)
[2022-02-18 13:15:10,242] {bash.py:173} INFO - tweepy.errors.BadRequest: 400 Bad Request
[2022-02-18 13:15:10,242] {bash.py:173} INFO - Your Tweet text is too long. For more information on how Twitter determines text length see https://github.com/twitter/twitter-text.
[2022-02-18 13:15:10,301] {bash.py:177} INFO - Command exited with return code 1
[2022-02-18 13:15:10,310] {taskinstance.py:1455} ERROR - Bash command failed. The command returned a non-zero exit code.
Traceback (most recent call last):
  File "/app/env/lib/python3.8/site-packages/airflow/models/taskinstance.py", line 1112, in _run_raw_task
    self._prepare_and_execute_task_with_callbacks(context, task)
  File "/app/env/lib/python3.8/site-packages/airflow/models/taskinstance.py", line 1285, in _prepare_and_execute_task_with_callbacks
    result = self._execute_task(context, task_copy)
  File "/app/env/lib/python3.8/site-packages/airflow/models/taskinstance.py", line 1315, in _execute_task
    result = task_copy.execute(context=context)
  File "/app/env/lib/python3.8/site-packages/airflow/operators/bash.py", line 180, in execute
    raise AirflowException('Bash command failed. The command returned a non-zero exit code.')
airflow.exceptions.AirflowException: Bash command failed. The command returned a non-zero exit code.
[2022-02-18 13:15:10,313] {taskinstance.py:1496} INFO - Marking task as UP_FOR_RETRY. dag_id=matchup, task_id=run_script, execution_date=20220218T131359, start_date=20220218T131507, end_date=20220218T131510
[2022-02-18 13:15:10,371] {local_task_job.py:146} INFO - Task exited with return code 1
