[2022-02-18 13:16:12,172] {taskinstance.py:851} INFO - Dependencies all met for <TaskInstance: matchup.run_script 2022-02-18T13:13:59.355148+00:00 [queued]>
[2022-02-18 13:16:12,179] {taskinstance.py:851} INFO - Dependencies all met for <TaskInstance: matchup.run_script 2022-02-18T13:13:59.355148+00:00 [queued]>
[2022-02-18 13:16:12,179] {taskinstance.py:1042} INFO - 
--------------------------------------------------------------------------------
[2022-02-18 13:16:12,180] {taskinstance.py:1043} INFO - Starting attempt 3 of 6
[2022-02-18 13:16:12,180] {taskinstance.py:1044} INFO - 
--------------------------------------------------------------------------------
[2022-02-18 13:16:12,191] {taskinstance.py:1063} INFO - Executing <Task(BashOperator): run_script> on 2022-02-18T13:13:59.355148+00:00
[2022-02-18 13:16:12,194] {standard_task_runner.py:52} INFO - Started process 292 to run task
[2022-02-18 13:16:12,199] {standard_task_runner.py:76} INFO - Running: ['airflow', 'tasks', 'run', 'matchup', 'run_script', '2022-02-18T13:13:59.355148+00:00', '--job-id', '9', '--pool', 'default_pool', '--raw', '--subdir', 'DAGS_FOLDER/matchup.py', '--cfg-path', '/tmp/tmpujf4elbz', '--error-file', '/tmp/tmp7qbuy5n0']
[2022-02-18 13:16:12,200] {standard_task_runner.py:77} INFO - Job 9: Subtask run_script
[2022-02-18 13:16:12,230] {logging_mixin.py:104} INFO - Running <TaskInstance: matchup.run_script 2022-02-18T13:13:59.355148+00:00 [running]> on host 531edfb863fc
[2022-02-18 13:16:12,252] {taskinstance.py:1255} INFO - Exporting the following env vars:
AIRFLOW_CTX_DAG_EMAIL=r.chesne@gmail.com
AIRFLOW_CTX_DAG_OWNER=Robin
AIRFLOW_CTX_DAG_ID=matchup
AIRFLOW_CTX_TASK_ID=run_script
AIRFLOW_CTX_EXECUTION_DATE=2022-02-18T13:13:59.355148+00:00
AIRFLOW_CTX_DAG_RUN_ID=manual__2022-02-18T13:13:59.355148+00:00
[2022-02-18 13:16:12,253] {bash.py:135} INFO - Tmp dir root location: 
 /tmp
[2022-02-18 13:16:12,253] {bash.py:158} INFO - Running command: python /app/scripts/main.py
[2022-02-18 13:16:12,261] {bash.py:169} INFO - Output:
[2022-02-18 13:16:16,024] {bash.py:173} INFO - Italy: CO2 345, mix [('gas', 18122, '51'), ('solar', 6837, '19'), ('coal', 3099, '9')]
[2022-02-18 13:16:16,024] {bash.py:173} INFO - Spain: CO2 151, mix [('solar', 9235, '29'), ('nuclear', 7105, '22'), ('gas', 6849, '22')]
[2022-02-18 13:16:16,024] {bash.py:173} INFO - France: CO2 45, mix [('nuclear', 44120, '60'), ('wind', 13475, '18'), ('hydro', 6479, '9')]
[2022-02-18 13:16:16,024] {bash.py:173} INFO - UK: CO2 167, mix [('wind', 12155, '38'), ('gas', 8635, '27'), ('nuclear', 5780, '18')]
[2022-02-18 13:16:16,024] {bash.py:173} INFO - Denmark: CO2 242, mix [('wind', 2375, '47'), ('coal', 1294, '26'), ('biomass', 770, '15')]
[2022-02-18 13:16:16,024] {bash.py:173} INFO - Finland: CO2 173, mix [('nuclear', 2799, '33'), ('wind', 1885, '22'), ('hydro', 1664, '19')]
[2022-02-18 13:16:16,072] {bash.py:177} INFO - Command exited with return code 0
[2022-02-18 13:16:16,094] {taskinstance.py:1159} INFO - Marking task as SUCCESS. dag_id=matchup, task_id=run_script, execution_date=20220218T131359, start_date=20220218T131612, end_date=20220218T131616
[2022-02-18 13:16:16,113] {taskinstance.py:1220} INFO - 0 downstream tasks scheduled from follow-on schedule check
[2022-02-18 13:16:16,153] {local_task_job.py:146} INFO - Task exited with return code 0
