[2022-04-10 12:01:06,565] {taskinstance.py:851} INFO - Dependencies all met for <TaskInstance: matchup.run_script 2022-04-10T06:00:00+00:00 [queued]>
[2022-04-10 12:01:06,568] {taskinstance.py:851} INFO - Dependencies all met for <TaskInstance: matchup.run_script 2022-04-10T06:00:00+00:00 [queued]>
[2022-04-10 12:01:06,568] {taskinstance.py:1042} INFO - 
--------------------------------------------------------------------------------
[2022-04-10 12:01:06,569] {taskinstance.py:1043} INFO - Starting attempt 2 of 6
[2022-04-10 12:01:06,569] {taskinstance.py:1044} INFO - 
--------------------------------------------------------------------------------
[2022-04-10 12:01:06,575] {taskinstance.py:1063} INFO - Executing <Task(BashOperator): run_script> on 2022-04-10T06:00:00+00:00
[2022-04-10 12:01:06,578] {standard_task_runner.py:52} INFO - Started process 100167 to run task
[2022-04-10 12:01:06,583] {standard_task_runner.py:76} INFO - Running: ['airflow', 'tasks', 'run', 'matchup', 'run_script', '2022-04-10T06:00:00+00:00', '--job-id', '114', '--pool', 'default_pool', '--raw', '--subdir', 'DAGS_FOLDER/matchup.py', '--cfg-path', '/tmp/tmpair_o_9f', '--error-file', '/tmp/tmpa7dw0yo3']
[2022-04-10 12:01:06,583] {standard_task_runner.py:77} INFO - Job 114: Subtask run_script
[2022-04-10 12:01:06,609] {logging_mixin.py:104} INFO - Running <TaskInstance: matchup.run_script 2022-04-10T06:00:00+00:00 [running]> on host 193e33218975
[2022-04-10 12:01:06,623] {taskinstance.py:1255} INFO - Exporting the following env vars:
AIRFLOW_CTX_DAG_EMAIL=r.chesne@gmail.com
AIRFLOW_CTX_DAG_OWNER=Robin
AIRFLOW_CTX_DAG_ID=matchup
AIRFLOW_CTX_TASK_ID=run_script
AIRFLOW_CTX_EXECUTION_DATE=2022-04-10T06:00:00+00:00
AIRFLOW_CTX_DAG_RUN_ID=scheduled__2022-04-10T06:00:00+00:00
[2022-04-10 12:01:06,623] {bash.py:135} INFO - Tmp dir root location: 
 /tmp
[2022-04-10 12:01:06,624] {bash.py:158} INFO - Running command: python /app/scripts/main.py
[2022-04-10 12:01:06,632] {bash.py:169} INFO - Output:
[2022-04-10 12:01:11,578] {bash.py:173} INFO - Portugal
[2022-04-10 12:01:11,578] {bash.py:173} INFO - 3586
[2022-04-10 12:01:11,578] {bash.py:173} INFO - Italy
[2022-04-10 12:01:11,578] {bash.py:173} INFO - 27049
[2022-04-10 12:01:11,579] {bash.py:173} INFO - Portugal: CO2 61, mix [('wind', 2408, '67'), ('solar', 497, '14'), ('biomass', 261, '7')]
[2022-04-10 12:01:11,579] {bash.py:173} INFO - Italy: CO2 208, mix [('solar', 10528, '39'), ('wind', 4827, '18'), ('gas', 4627, '17')]
[2022-04-10 12:01:11,579] {bash.py:173} INFO - Sweden
[2022-04-10 12:01:11,579] {bash.py:173} INFO - 16970
[2022-04-10 12:01:11,579] {bash.py:173} INFO - Norway
[2022-04-10 12:01:11,579] {bash.py:173} INFO - 16248
[2022-04-10 12:01:11,579] {bash.py:173} INFO - Sweden: CO2 54, mix [('wind', 5885, '35'), ('nuclear', 5140, '30'), ('hydro', 3715, '22')]
[2022-04-10 12:01:11,579] {bash.py:173} INFO - Norway: CO2 43, mix [('hydro', 9106, '56'), ('wind', 5005, '31'), ('nuclear', 704, '4')]
[2022-04-10 12:01:11,579] {bash.py:173} INFO - France
[2022-04-10 12:01:11,579] {bash.py:173} INFO - 52648
[2022-04-10 12:01:11,579] {bash.py:173} INFO - UK
[2022-04-10 12:01:11,579] {bash.py:173} INFO - 30254
[2022-04-10 12:01:11,579] {bash.py:173} INFO - France: CO2 54, mix [('nuclear', 29692, '56'), ('solar', 9852, '19'), ('hydro', 5559, '11')]
[2022-04-10 12:01:11,579] {bash.py:173} INFO - UK: CO2 229, mix [('gas', 12278, '41'), ('solar', 6959, '23'), ('nuclear', 6794, '22')]
[2022-04-10 12:01:11,618] {bash.py:177} INFO - Command exited with return code 0
[2022-04-10 12:01:11,640] {taskinstance.py:1159} INFO - Marking task as SUCCESS. dag_id=matchup, task_id=run_script, execution_date=20220410T060000, start_date=20220410T120106, end_date=20220410T120111
[2022-04-10 12:01:11,652] {taskinstance.py:1220} INFO - 0 downstream tasks scheduled from follow-on schedule check
[2022-04-10 12:01:11,679] {local_task_job.py:146} INFO - Task exited with return code 0
