[2022-02-21 12:00:04,900] {taskinstance.py:851} INFO - Dependencies all met for <TaskInstance: matchup.run_script 2022-02-21T06:00:00+00:00 [queued]>
[2022-02-21 12:00:04,906] {taskinstance.py:851} INFO - Dependencies all met for <TaskInstance: matchup.run_script 2022-02-21T06:00:00+00:00 [queued]>
[2022-02-21 12:00:04,906] {taskinstance.py:1042} INFO - 
--------------------------------------------------------------------------------
[2022-02-21 12:00:04,906] {taskinstance.py:1043} INFO - Starting attempt 1 of 6
[2022-02-21 12:00:04,906] {taskinstance.py:1044} INFO - 
--------------------------------------------------------------------------------
[2022-02-21 12:00:04,916] {taskinstance.py:1063} INFO - Executing <Task(BashOperator): run_script> on 2022-02-21T06:00:00+00:00
[2022-02-21 12:00:04,920] {standard_task_runner.py:52} INFO - Started process 42265 to run task
[2022-02-21 12:00:04,929] {standard_task_runner.py:76} INFO - Running: ['airflow', 'tasks', 'run', 'matchup', 'run_script', '2022-02-21T06:00:00+00:00', '--job-id', '41', '--pool', 'default_pool', '--raw', '--subdir', 'DAGS_FOLDER/matchup.py', '--cfg-path', '/tmp/tmpr8wrceov', '--error-file', '/tmp/tmp06bmywdp']
[2022-02-21 12:00:04,930] {standard_task_runner.py:77} INFO - Job 41: Subtask run_script
[2022-02-21 12:00:04,978] {logging_mixin.py:104} INFO - Running <TaskInstance: matchup.run_script 2022-02-21T06:00:00+00:00 [running]> on host 531edfb863fc
[2022-02-21 12:00:05,019] {taskinstance.py:1255} INFO - Exporting the following env vars:
AIRFLOW_CTX_DAG_EMAIL=r.chesne@gmail.com
AIRFLOW_CTX_DAG_OWNER=Robin
AIRFLOW_CTX_DAG_ID=matchup
AIRFLOW_CTX_TASK_ID=run_script
AIRFLOW_CTX_EXECUTION_DATE=2022-02-21T06:00:00+00:00
AIRFLOW_CTX_DAG_RUN_ID=scheduled__2022-02-21T06:00:00+00:00
[2022-02-21 12:00:05,019] {bash.py:135} INFO - Tmp dir root location: 
 /tmp
[2022-02-21 12:00:05,020] {bash.py:158} INFO - Running command: python /app/scripts/main.py
[2022-02-21 12:00:05,031] {bash.py:169} INFO - Output:
[2022-02-21 12:00:09,489] {bash.py:173} INFO - ---
[2022-02-21 12:00:09,490] {bash.py:173} INFO - sending...
[2022-02-21 12:00:09,490] {bash.py:173} INFO - Southern Europe Italy Spain
[2022-02-21 12:00:09,490] {bash.py:173} INFO - ---
[2022-02-21 12:00:09,490] {bash.py:173} INFO - Italy: CO2 294, mix [('gas', 16402, '43'), ('solar', 6580, '17'), ('wind', 6184, '16')]
[2022-02-21 12:00:09,490] {bash.py:173} INFO - Spain: CO2 135, mix [('solar', 9347, '28'), ('wind', 7234, '22'), ('nuclear', 7095, '21')]
[2022-02-21 12:00:09,490] {bash.py:173} INFO - ---
[2022-02-21 12:00:09,490] {bash.py:173} INFO - sending...
[2022-02-21 12:00:09,490] {bash.py:173} INFO - Northern Europe Sweden Norway
[2022-02-21 12:00:09,490] {bash.py:173} INFO - ---
[2022-02-21 12:00:09,490] {bash.py:173} INFO - Sweden: CO2 45, mix [('hydro', 10462, '44'), ('nuclear', 5580, '24'), ('wind', 5448, '23')]
[2022-02-21 12:00:09,490] {bash.py:173} INFO - Norway: CO2 40, mix [('hydro', 17238, '86'), ('wind', 2287, '11'), ('hydro_discharge', 382, '2')]
[2022-02-21 12:00:09,491] {bash.py:173} INFO - ---
[2022-02-21 12:00:09,491] {bash.py:173} INFO - sending...
[2022-02-21 12:00:09,491] {bash.py:173} INFO - Central Europe Germany UK
[2022-02-21 12:00:09,491] {bash.py:173} INFO - ---
[2022-02-21 12:00:09,491] {bash.py:173} INFO - Germany: CO2 170, mix [('wind', 44946, '54'), ('solar', 10992, '13'), ('coal', 10730, '13')]
[2022-02-21 12:00:09,491] {bash.py:173} INFO - UK: CO2 199, mix [('wind', 12497, '38'), ('gas', 8420, '26'), ('nuclear', 4778, '15')]
[2022-02-21 12:00:09,532] {bash.py:177} INFO - Command exited with return code 0
[2022-02-21 12:00:09,558] {taskinstance.py:1159} INFO - Marking task as SUCCESS. dag_id=matchup, task_id=run_script, execution_date=20220221T060000, start_date=20220221T120004, end_date=20220221T120009
[2022-02-21 12:00:09,572] {taskinstance.py:1220} INFO - 0 downstream tasks scheduled from follow-on schedule check
[2022-02-21 12:00:09,600] {local_task_job.py:146} INFO - Task exited with return code 0
