[2022-06-26 00:00:04,095] {taskinstance.py:851} INFO - Dependencies all met for <TaskInstance: matchup.run_script 2022-06-25T18:00:00+00:00 [queued]>
[2022-06-26 00:00:04,100] {taskinstance.py:851} INFO - Dependencies all met for <TaskInstance: matchup.run_script 2022-06-25T18:00:00+00:00 [queued]>
[2022-06-26 00:00:04,100] {taskinstance.py:1042} INFO - 
--------------------------------------------------------------------------------
[2022-06-26 00:00:04,100] {taskinstance.py:1043} INFO - Starting attempt 1 of 6
[2022-06-26 00:00:04,103] {taskinstance.py:1044} INFO - 
--------------------------------------------------------------------------------
[2022-06-26 00:00:04,108] {taskinstance.py:1063} INFO - Executing <Task(BashOperator): run_script> on 2022-06-25T18:00:00+00:00
[2022-06-26 00:00:04,111] {standard_task_runner.py:52} INFO - Started process 64908 to run task
[2022-06-26 00:00:04,114] {standard_task_runner.py:76} INFO - Running: ['airflow', 'tasks', 'run', 'matchup', 'run_script', '2022-06-25T18:00:00+00:00', '--job-id', '1447', '--pool', 'default_pool', '--raw', '--subdir', 'DAGS_FOLDER/matchup.py', '--cfg-path', '/tmp/tmp6dn0lgww', '--error-file', '/tmp/tmp1o5o6_0x']
[2022-06-26 00:00:04,114] {standard_task_runner.py:77} INFO - Job 1447: Subtask run_script
[2022-06-26 00:00:04,140] {logging_mixin.py:104} INFO - Running <TaskInstance: matchup.run_script 2022-06-25T18:00:00+00:00 [running]> on host b5b34dd97903
[2022-06-26 00:00:04,166] {taskinstance.py:1255} INFO - Exporting the following env vars:
AIRFLOW_CTX_DAG_EMAIL=r.chesne@gmail.com
AIRFLOW_CTX_DAG_OWNER=Robin
AIRFLOW_CTX_DAG_ID=matchup
AIRFLOW_CTX_TASK_ID=run_script
AIRFLOW_CTX_EXECUTION_DATE=2022-06-25T18:00:00+00:00
AIRFLOW_CTX_DAG_RUN_ID=scheduled__2022-06-25T18:00:00+00:00
[2022-06-26 00:00:04,167] {bash.py:135} INFO - Tmp dir root location: 
 /tmp
[2022-06-26 00:00:04,167] {bash.py:158} INFO - Running command: python /app/scripts/main.py
[2022-06-26 00:00:04,173] {bash.py:169} INFO - Output:
[2022-06-26 00:00:07,980] {bash.py:173} INFO - Spain
[2022-06-26 00:00:07,980] {bash.py:173} INFO - 25076
[2022-06-26 00:00:07,980] {bash.py:173} INFO - Italy
[2022-06-26 00:00:07,980] {bash.py:173} INFO - 25847
[2022-06-26 00:00:07,980] {bash.py:173} INFO - Spain: CO2 188, mix [('nuclear', 6824, '27'), ('wind', 6606, '26'), ('gas', 6291, '25')]
[2022-06-26 00:00:07,980] {bash.py:173} INFO - Italy: CO2 346, mix [('gas', 10354, '40'), ('hydro', 5117, '20'), ('coal', 2642, '10')]
[2022-06-26 00:00:07,980] {bash.py:173} INFO - Sweden
[2022-06-26 00:00:07,980] {bash.py:173} INFO - 9989
[2022-06-26 00:00:07,980] {bash.py:173} INFO - Finland
[2022-06-26 00:00:07,980] {bash.py:173} INFO - 6129
[2022-06-26 00:00:07,980] {bash.py:173} INFO - Sweden: CO2 24, mix [('hydro', 3967, '40'), ('nuclear', 3250, '33'), ('wind', 2463, '25')]
[2022-06-26 00:00:07,980] {bash.py:173} INFO - Finland: CO2 56, mix [('nuclear', 2745, '45'), ('wind', 1481, '24'), ('hydro', 1141, '19')]
[2022-06-26 00:00:07,980] {bash.py:173} INFO - Germany
[2022-06-26 00:00:07,981] {bash.py:173} INFO - 39366
[2022-06-26 00:00:07,981] {bash.py:173} INFO - France
[2022-06-26 00:00:07,981] {bash.py:173} INFO - 39576
[2022-06-26 00:00:07,981] {bash.py:173} INFO - Germany: CO2 452, mix [('coal', 16806, '43'), ('wind', 4950, '13'), ('gas', 4686, '12')]
[2022-06-26 00:00:07,981] {bash.py:173} INFO - France: CO2 57, mix [('nuclear', 27842, '70'), ('hydro', 4630, '12'), ('wind', 3007, '8')]
[2022-06-26 00:00:08,013] {bash.py:177} INFO - Command exited with return code 0
[2022-06-26 00:00:08,030] {taskinstance.py:1159} INFO - Marking task as SUCCESS. dag_id=matchup, task_id=run_script, execution_date=20220625T180000, start_date=20220626T000004, end_date=20220626T000008
[2022-06-26 00:00:08,042] {taskinstance.py:1220} INFO - 0 downstream tasks scheduled from follow-on schedule check
[2022-06-26 00:00:08,061] {local_task_job.py:146} INFO - Task exited with return code 0
