[2022-04-27 18:00:03,575] {taskinstance.py:851} INFO - Dependencies all met for <TaskInstance: matchup.run_script 2022-04-27T12:00:00+00:00 [queued]>
[2022-04-27 18:00:03,579] {taskinstance.py:851} INFO - Dependencies all met for <TaskInstance: matchup.run_script 2022-04-27T12:00:00+00:00 [queued]>
[2022-04-27 18:00:03,579] {taskinstance.py:1042} INFO - 
--------------------------------------------------------------------------------
[2022-04-27 18:00:03,579] {taskinstance.py:1043} INFO - Starting attempt 1 of 6
[2022-04-27 18:00:03,579] {taskinstance.py:1044} INFO - 
--------------------------------------------------------------------------------
[2022-04-27 18:00:03,587] {taskinstance.py:1063} INFO - Executing <Task(BashOperator): run_script> on 2022-04-27T12:00:00+00:00
[2022-04-27 18:00:03,591] {standard_task_runner.py:52} INFO - Started process 345989 to run task
[2022-04-27 18:00:03,595] {standard_task_runner.py:76} INFO - Running: ['airflow', 'tasks', 'run', 'matchup', 'run_script', '2022-04-27T12:00:00+00:00', '--job-id', '309', '--pool', 'default_pool', '--raw', '--subdir', 'DAGS_FOLDER/matchup.py', '--cfg-path', '/tmp/tmpa42ukihv', '--error-file', '/tmp/tmpmxkx6zg5']
[2022-04-27 18:00:03,595] {standard_task_runner.py:77} INFO - Job 309: Subtask run_script
[2022-04-27 18:00:03,622] {logging_mixin.py:104} INFO - Running <TaskInstance: matchup.run_script 2022-04-27T12:00:00+00:00 [running]> on host 193e33218975
[2022-04-27 18:00:03,647] {taskinstance.py:1255} INFO - Exporting the following env vars:
AIRFLOW_CTX_DAG_EMAIL=r.chesne@gmail.com
AIRFLOW_CTX_DAG_OWNER=Robin
AIRFLOW_CTX_DAG_ID=matchup
AIRFLOW_CTX_TASK_ID=run_script
AIRFLOW_CTX_EXECUTION_DATE=2022-04-27T12:00:00+00:00
AIRFLOW_CTX_DAG_RUN_ID=scheduled__2022-04-27T12:00:00+00:00
[2022-04-27 18:00:03,647] {bash.py:135} INFO - Tmp dir root location: 
 /tmp
[2022-04-27 18:00:03,648] {bash.py:158} INFO - Running command: python /app/scripts/main.py
[2022-04-27 18:00:03,656] {bash.py:169} INFO - Output:
[2022-04-27 18:00:08,819] {bash.py:173} INFO - Italy
[2022-04-27 18:00:08,820] {bash.py:173} INFO - 34909
[2022-04-27 18:00:08,821] {bash.py:173} INFO - Portugal
[2022-04-27 18:00:08,821] {bash.py:173} INFO - 5806
[2022-04-27 18:00:08,821] {bash.py:173} INFO - Italy: CO2 419, mix [('gas', 20782, '60'), ('hydro', 3723, '11'), ('wind', 3370, '10')]
[2022-04-27 18:00:08,821] {bash.py:173} INFO - Portugal: CO2 251, mix [('gas', 2591, '45'), ('wind', 1653, '28'), ('hydro', 539, '9')]
[2022-04-27 18:00:08,821] {bash.py:173} INFO - Norway
[2022-04-27 18:00:08,821] {bash.py:173} INFO - 14851
[2022-04-27 18:00:08,821] {bash.py:173} INFO - Sweden
[2022-04-27 18:00:08,821] {bash.py:173} INFO - 19328
[2022-04-27 18:00:08,821] {bash.py:173} INFO - Norway: CO2 30, mix [('hydro', 13434, '90'), ('wind', 1023, '7'), ('hydro discharge', 203, '1')]
[2022-04-27 18:00:08,821] {bash.py:173} INFO - Sweden: CO2 40, mix [('hydro', 8190, '42'), ('nuclear', 5967, '31'), ('wind', 3520, '18')]
[2022-04-27 18:00:08,822] {bash.py:173} INFO - Germany
[2022-04-27 18:00:08,822] {bash.py:173} INFO - 75501
[2022-04-27 18:00:08,822] {bash.py:173} INFO - UK
[2022-04-27 18:00:08,822] {bash.py:173} INFO - 33802
[2022-04-27 18:00:08,822] {bash.py:173} INFO - Germany: CO2 271, mix [('wind', 36068, '48'), ('coal', 17347, '23'), ('gas', 6811, '9')]
[2022-04-27 18:00:08,822] {bash.py:173} INFO - UK: CO2 254, mix [('gas', 13476, '40'), ('wind', 9995, '30'), ('nuclear', 5232, '15')]
[2022-04-27 18:00:08,857] {bash.py:177} INFO - Command exited with return code 0
[2022-04-27 18:00:08,870] {taskinstance.py:1159} INFO - Marking task as SUCCESS. dag_id=matchup, task_id=run_script, execution_date=20220427T120000, start_date=20220427T180003, end_date=20220427T180008
[2022-04-27 18:00:08,885] {taskinstance.py:1220} INFO - 0 downstream tasks scheduled from follow-on schedule check
[2022-04-27 18:00:08,893] {local_task_job.py:146} INFO - Task exited with return code 0
