[2022-02-22 18:00:04,856] {taskinstance.py:851} INFO - Dependencies all met for <TaskInstance: matchup.run_script 2022-02-22T12:00:00+00:00 [queued]>
[2022-02-22 18:00:04,864] {taskinstance.py:851} INFO - Dependencies all met for <TaskInstance: matchup.run_script 2022-02-22T12:00:00+00:00 [queued]>
[2022-02-22 18:00:04,864] {taskinstance.py:1042} INFO - 
--------------------------------------------------------------------------------
[2022-02-22 18:00:04,864] {taskinstance.py:1043} INFO - Starting attempt 1 of 6
[2022-02-22 18:00:04,864] {taskinstance.py:1044} INFO - 
--------------------------------------------------------------------------------
[2022-02-22 18:00:04,876] {taskinstance.py:1063} INFO - Executing <Task(BashOperator): run_script> on 2022-02-22T12:00:00+00:00
[2022-02-22 18:00:04,881] {standard_task_runner.py:52} INFO - Started process 60089 to run task
[2022-02-22 18:00:04,889] {standard_task_runner.py:76} INFO - Running: ['airflow', 'tasks', 'run', 'matchup', 'run_script', '2022-02-22T12:00:00+00:00', '--job-id', '56', '--pool', 'default_pool', '--raw', '--subdir', 'DAGS_FOLDER/matchup.py', '--cfg-path', '/tmp/tmpakreotok', '--error-file', '/tmp/tmpyot8vssg']
[2022-02-22 18:00:04,889] {standard_task_runner.py:77} INFO - Job 56: Subtask run_script
[2022-02-22 18:00:04,935] {logging_mixin.py:104} INFO - Running <TaskInstance: matchup.run_script 2022-02-22T12:00:00+00:00 [running]> on host 531edfb863fc
[2022-02-22 18:00:04,976] {taskinstance.py:1255} INFO - Exporting the following env vars:
AIRFLOW_CTX_DAG_EMAIL=r.chesne@gmail.com
AIRFLOW_CTX_DAG_OWNER=Robin
AIRFLOW_CTX_DAG_ID=matchup
AIRFLOW_CTX_TASK_ID=run_script
AIRFLOW_CTX_EXECUTION_DATE=2022-02-22T12:00:00+00:00
AIRFLOW_CTX_DAG_RUN_ID=scheduled__2022-02-22T12:00:00+00:00
[2022-02-22 18:00:04,977] {bash.py:135} INFO - Tmp dir root location: 
 /tmp
[2022-02-22 18:00:04,978] {bash.py:158} INFO - Running command: python /app/scripts/main.py
[2022-02-22 18:00:04,988] {bash.py:169} INFO - Output:
[2022-02-22 18:00:09,009] {bash.py:173} INFO - ---
[2022-02-22 18:00:09,009] {bash.py:173} INFO - sending...
[2022-02-22 18:00:09,009] {bash.py:173} INFO - Southern Europe Italy Spain
[2022-02-22 18:00:09,009] {bash.py:173} INFO - ---
[2022-02-22 18:00:09,009] {bash.py:173} INFO - Italy: CO2 308, mix [('gas', 15619, '46'), ('wind', 7090, '21'), ('solar', 2716, '8')]
[2022-02-22 18:00:09,010] {bash.py:173} INFO - Spain: CO2 135, mix [('solar', 10683, '31'), ('nuclear', 7088, '21'), ('wind', 6754, '20')]
[2022-02-22 18:00:09,010] {bash.py:173} INFO - ---
[2022-02-22 18:00:09,010] {bash.py:173} INFO - sending...
[2022-02-22 18:00:09,010] {bash.py:173} INFO - Northern Europe Sweden Denmark
[2022-02-22 18:00:09,010] {bash.py:173} INFO - ---
[2022-02-22 18:00:09,010] {bash.py:173} INFO - Sweden: CO2 59, mix [('hydro', 12394, '59'), ('nuclear', 5576, '26'), ('unknown', 2278, '11')]
[2022-02-22 18:00:09,010] {bash.py:173} INFO - Denmark: CO2 176, mix [('wind', 3617, '64'), ('biomass', 793, '14'), ('coal', 677, '12')]
[2022-02-22 18:00:09,010] {bash.py:173} INFO - ---
[2022-02-22 18:00:09,010] {bash.py:173} INFO - sending...
[2022-02-22 18:00:09,010] {bash.py:173} INFO - Central Europe UK France
[2022-02-22 18:00:09,010] {bash.py:173} INFO - ---
[2022-02-22 18:00:09,010] {bash.py:173} INFO - UK: CO2 159, mix [('wind', 12825, '42'), ('gas', 5950, '19'), ('nuclear', 4681, '15')]
[2022-02-22 18:00:09,010] {bash.py:173} INFO - France: CO2 66, mix [('nuclear', 43475, '64'), ('wind', 10175, '15'), ('hydro', 5549, '8')]
[2022-02-22 18:00:09,098] {bash.py:177} INFO - Command exited with return code 0
[2022-02-22 18:00:09,121] {taskinstance.py:1159} INFO - Marking task as SUCCESS. dag_id=matchup, task_id=run_script, execution_date=20220222T120000, start_date=20220222T180004, end_date=20220222T180009
[2022-02-22 18:00:09,140] {taskinstance.py:1220} INFO - 0 downstream tasks scheduled from follow-on schedule check
[2022-02-22 18:00:09,159] {local_task_job.py:146} INFO - Task exited with return code 0
