[2022-03-03 06:00:04,687] {taskinstance.py:851} INFO - Dependencies all met for <TaskInstance: matchup.run_script 2022-03-03T00:00:00+00:00 [queued]>
[2022-03-03 06:00:04,695] {taskinstance.py:851} INFO - Dependencies all met for <TaskInstance: matchup.run_script 2022-03-03T00:00:00+00:00 [queued]>
[2022-03-03 06:00:04,695] {taskinstance.py:1042} INFO - 
--------------------------------------------------------------------------------
[2022-03-03 06:00:04,695] {taskinstance.py:1043} INFO - Starting attempt 1 of 6
[2022-03-03 06:00:04,695] {taskinstance.py:1044} INFO - 
--------------------------------------------------------------------------------
[2022-03-03 06:00:04,707] {taskinstance.py:1063} INFO - Executing <Task(BashOperator): run_script> on 2022-03-03T00:00:00+00:00
[2022-03-03 06:00:04,712] {standard_task_runner.py:52} INFO - Started process 180346 to run task
[2022-03-03 06:00:04,720] {standard_task_runner.py:76} INFO - Running: ['airflow', 'tasks', 'run', 'matchup', 'run_script', '2022-03-03T00:00:00+00:00', '--job-id', '134', '--pool', 'default_pool', '--raw', '--subdir', 'DAGS_FOLDER/matchup.py', '--cfg-path', '/tmp/tmp4d75xdvy', '--error-file', '/tmp/tmpma5u96wa']
[2022-03-03 06:00:04,721] {standard_task_runner.py:77} INFO - Job 134: Subtask run_script
[2022-03-03 06:00:04,764] {logging_mixin.py:104} INFO - Running <TaskInstance: matchup.run_script 2022-03-03T00:00:00+00:00 [running]> on host 531edfb863fc
[2022-03-03 06:00:04,800] {taskinstance.py:1255} INFO - Exporting the following env vars:
AIRFLOW_CTX_DAG_EMAIL=r.chesne@gmail.com
AIRFLOW_CTX_DAG_OWNER=Robin
AIRFLOW_CTX_DAG_ID=matchup
AIRFLOW_CTX_TASK_ID=run_script
AIRFLOW_CTX_EXECUTION_DATE=2022-03-03T00:00:00+00:00
AIRFLOW_CTX_DAG_RUN_ID=scheduled__2022-03-03T00:00:00+00:00
[2022-03-03 06:00:04,800] {bash.py:135} INFO - Tmp dir root location: 
 /tmp
[2022-03-03 06:00:04,801] {bash.py:158} INFO - Running command: python /app/scripts/main.py
[2022-03-03 06:00:04,814] {bash.py:169} INFO - Output:
[2022-03-03 06:00:10,557] {bash.py:173} INFO - Portugal: CO2 269, mix [('gas', 2272, '48'), ('wind', 1765, '37'), ('biomass', 357, '8')]
[2022-03-03 06:00:10,558] {bash.py:173} INFO - Italy: CO2 425, mix [('gas', 12628, '47'), ('coal', 3760, '14'), ('nuclear', 2578, '10')]
[2022-03-03 06:00:10,558] {bash.py:173} INFO - Norway: CO2 29, mix [('hydro', 14226, '87'), ('wind', 1158, '7'), ('nuclear', 434, '3')]
[2022-03-03 06:00:10,558] {bash.py:173} INFO - Denmark: CO2 287, mix [('hydro', 1023, '28'), ('coal', 860, '23'), ('biomass', 752, '20')]
[2022-03-03 06:00:10,558] {bash.py:173} INFO - Germany: CO2 508, mix [('coal', 22254, '48'), ('gas', 7904, '17'), ('biomass', 5011, '11')]
[2022-03-03 06:00:10,558] {bash.py:173} INFO - France: CO2 80, mix [('nuclear', 39820, '75'), ('gas', 5552, '10'), ('hydro', 3716, '7')]
[2022-03-03 06:00:10,614] {bash.py:177} INFO - Command exited with return code 0
[2022-03-03 06:00:10,637] {taskinstance.py:1159} INFO - Marking task as SUCCESS. dag_id=matchup, task_id=run_script, execution_date=20220303T000000, start_date=20220303T060004, end_date=20220303T060010
[2022-03-03 06:00:10,656] {taskinstance.py:1220} INFO - 0 downstream tasks scheduled from follow-on schedule check
[2022-03-03 06:00:10,668] {local_task_job.py:146} INFO - Task exited with return code 0
