[2022-07-15 12:00:04,995] {taskinstance.py:851} INFO - Dependencies all met for <TaskInstance: matchup.run_script 2022-07-15T06:00:00+00:00 [queued]>
[2022-07-15 12:00:05,003] {taskinstance.py:851} INFO - Dependencies all met for <TaskInstance: matchup.run_script 2022-07-15T06:00:00+00:00 [queued]>
[2022-07-15 12:00:05,003] {taskinstance.py:1042} INFO - 
--------------------------------------------------------------------------------
[2022-07-15 12:00:05,003] {taskinstance.py:1043} INFO - Starting attempt 1 of 6
[2022-07-15 12:00:05,003] {taskinstance.py:1044} INFO - 
--------------------------------------------------------------------------------
[2022-07-15 12:00:05,013] {taskinstance.py:1063} INFO - Executing <Task(BashOperator): run_script> on 2022-07-15T06:00:00+00:00
[2022-07-15 12:00:05,016] {standard_task_runner.py:52} INFO - Started process 35278 to run task
[2022-07-15 12:00:05,021] {standard_task_runner.py:76} INFO - Running: ['airflow', 'tasks', 'run', 'matchup', 'run_script', '2022-07-15T06:00:00+00:00', '--job-id', '1596', '--pool', 'default_pool', '--raw', '--subdir', 'DAGS_FOLDER/matchup.py', '--cfg-path', '/tmp/tmp20rynj8o', '--error-file', '/tmp/tmpgbyto10a']
[2022-07-15 12:00:05,021] {standard_task_runner.py:77} INFO - Job 1596: Subtask run_script
[2022-07-15 12:00:05,054] {logging_mixin.py:104} INFO - Running <TaskInstance: matchup.run_script 2022-07-15T06:00:00+00:00 [running]> on host a41a09215c15
[2022-07-15 12:00:05,087] {taskinstance.py:1255} INFO - Exporting the following env vars:
AIRFLOW_CTX_DAG_EMAIL=r.chesne@gmail.com
AIRFLOW_CTX_DAG_OWNER=Robin
AIRFLOW_CTX_DAG_ID=matchup
AIRFLOW_CTX_TASK_ID=run_script
AIRFLOW_CTX_EXECUTION_DATE=2022-07-15T06:00:00+00:00
AIRFLOW_CTX_DAG_RUN_ID=scheduled__2022-07-15T06:00:00+00:00
[2022-07-15 12:00:05,087] {bash.py:135} INFO - Tmp dir root location: 
 /tmp
[2022-07-15 12:00:05,088] {bash.py:158} INFO - Running command: python /app/scripts/main.py
[2022-07-15 12:00:05,097] {bash.py:169} INFO - Output:
[2022-07-15 12:00:11,016] {bash.py:173} INFO - Italy
[2022-07-15 12:00:11,016] {bash.py:173} INFO - 43230
[2022-07-15 12:00:11,016] {bash.py:173} INFO - Spain
[2022-07-15 12:00:11,016] {bash.py:173} INFO - 40643
[2022-07-15 12:00:11,016] {bash.py:173} INFO - Italy: CO2 312, mix [('gas', 16843, '39'), ('solar', 10777, '25'), ('hydro', 4866, '11')]
[2022-07-15 12:00:11,016] {bash.py:173} INFO - Spain: CO2 239, mix [('gas', 15894, '39'), ('solar', 10460, '26'), ('nuclear', 6784, '17')]
[2022-07-15 12:00:11,016] {bash.py:173} INFO - France
[2022-07-15 12:00:11,016] {bash.py:173} INFO - 48954
[2022-07-15 12:00:11,016] {bash.py:173} INFO - Netherlands
[2022-07-15 12:00:11,016] {bash.py:173} INFO - 8976
[2022-07-15 12:00:11,017] {bash.py:173} INFO - France: CO2 77, mix [('nuclear', 25923, '53'), ('solar', 9868, '20'), ('gas', 5037, '10')]
[2022-07-15 12:00:11,017] {bash.py:173} INFO - Netherlands: CO2 309, mix [('gas', 4099, '46'), ('solar', 3113, '35'), ('coal', 666, '7')]
[2022-07-15 12:00:11,017] {bash.py:173} INFO - Denmark
[2022-07-15 12:00:11,017] {bash.py:173} INFO - 2854
[2022-07-15 12:00:11,017] {bash.py:173} INFO - Sweden
[2022-07-15 12:00:11,017] {bash.py:173} INFO - 12370
[2022-07-15 12:00:11,017] {bash.py:173} INFO - Denmark: CO2 103, mix [('wind', 1256, '44'), ('solar', 543, '19'), ('hydro', 335, '12')]
[2022-07-15 12:00:11,017] {bash.py:173} INFO - Sweden: CO2 25, mix [('hydro', 5768, '47'), ('nuclear', 4048, '33'), ('wind', 1823, '15')]
[2022-07-15 12:00:11,072] {bash.py:177} INFO - Command exited with return code 0
[2022-07-15 12:00:11,094] {taskinstance.py:1159} INFO - Marking task as SUCCESS. dag_id=matchup, task_id=run_script, execution_date=20220715T060000, start_date=20220715T120004, end_date=20220715T120011
[2022-07-15 12:00:11,110] {taskinstance.py:1220} INFO - 0 downstream tasks scheduled from follow-on schedule check
[2022-07-15 12:00:11,121] {local_task_job.py:146} INFO - Task exited with return code 0
