[2022-03-03 12:00:03,592] {taskinstance.py:851} INFO - Dependencies all met for <TaskInstance: matchup.enter_virtual_env 2022-03-03T06:00:00+00:00 [queued]>
[2022-03-03 12:00:03,603] {taskinstance.py:851} INFO - Dependencies all met for <TaskInstance: matchup.enter_virtual_env 2022-03-03T06:00:00+00:00 [queued]>
[2022-03-03 12:00:03,603] {taskinstance.py:1042} INFO - 
--------------------------------------------------------------------------------
[2022-03-03 12:00:03,604] {taskinstance.py:1043} INFO - Starting attempt 1 of 2
[2022-03-03 12:00:03,604] {taskinstance.py:1044} INFO - 
--------------------------------------------------------------------------------
[2022-03-03 12:00:03,615] {taskinstance.py:1063} INFO - Executing <Task(BashOperator): enter_virtual_env> on 2022-03-03T06:00:00+00:00
[2022-03-03 12:00:03,619] {standard_task_runner.py:52} INFO - Started process 183872 to run task
[2022-03-03 12:00:03,626] {standard_task_runner.py:76} INFO - Running: ['airflow', 'tasks', 'run', 'matchup', 'enter_virtual_env', '2022-03-03T06:00:00+00:00', '--job-id', '135', '--pool', 'default_pool', '--raw', '--subdir', 'DAGS_FOLDER/matchup.py', '--cfg-path', '/tmp/tmp36tkl41c', '--error-file', '/tmp/tmpsd6s27rv']
[2022-03-03 12:00:03,627] {standard_task_runner.py:77} INFO - Job 135: Subtask enter_virtual_env
[2022-03-03 12:00:03,670] {logging_mixin.py:104} INFO - Running <TaskInstance: matchup.enter_virtual_env 2022-03-03T06:00:00+00:00 [running]> on host 531edfb863fc
[2022-03-03 12:00:03,721] {taskinstance.py:1255} INFO - Exporting the following env vars:
AIRFLOW_CTX_DAG_EMAIL=r.chesne@gmail.com
AIRFLOW_CTX_DAG_OWNER=Robin
AIRFLOW_CTX_DAG_ID=matchup
AIRFLOW_CTX_TASK_ID=enter_virtual_env
AIRFLOW_CTX_EXECUTION_DATE=2022-03-03T06:00:00+00:00
AIRFLOW_CTX_DAG_RUN_ID=scheduled__2022-03-03T06:00:00+00:00
[2022-03-03 12:00:03,722] {bash.py:135} INFO - Tmp dir root location: 
 /tmp
[2022-03-03 12:00:03,723] {bash.py:158} INFO - Running command: . /app/env/bin/activate
[2022-03-03 12:00:03,732] {bash.py:169} INFO - Output:
[2022-03-03 12:00:03,741] {bash.py:177} INFO - Command exited with return code 0
[2022-03-03 12:00:03,759] {taskinstance.py:1159} INFO - Marking task as SUCCESS. dag_id=matchup, task_id=enter_virtual_env, execution_date=20220303T060000, start_date=20220303T120003, end_date=20220303T120003
[2022-03-03 12:00:03,780] {taskinstance.py:1220} INFO - 1 downstream tasks scheduled from follow-on schedule check
[2022-03-03 12:00:03,796] {local_task_job.py:146} INFO - Task exited with return code 0
