[2022-07-01 06:00:03,606] {taskinstance.py:851} INFO - Dependencies all met for <TaskInstance: matchup.run_script 2022-07-01T00:00:00+00:00 [queued]>
[2022-07-01 06:00:03,610] {taskinstance.py:851} INFO - Dependencies all met for <TaskInstance: matchup.run_script 2022-07-01T00:00:00+00:00 [queued]>
[2022-07-01 06:00:03,611] {taskinstance.py:1042} INFO - 
--------------------------------------------------------------------------------
[2022-07-01 06:00:03,611] {taskinstance.py:1043} INFO - Starting attempt 1 of 6
[2022-07-01 06:00:03,611] {taskinstance.py:1044} INFO - 
--------------------------------------------------------------------------------
[2022-07-01 06:00:03,615] {taskinstance.py:1063} INFO - Executing <Task(BashOperator): run_script> on 2022-07-01T00:00:00+00:00
[2022-07-01 06:00:03,617] {standard_task_runner.py:52} INFO - Started process 7946 to run task
[2022-07-01 06:00:03,620] {standard_task_runner.py:76} INFO - Running: ['airflow', 'tasks', 'run', 'matchup', 'run_script', '2022-07-01T00:00:00+00:00', '--job-id', '1490', '--pool', 'default_pool', '--raw', '--subdir', 'DAGS_FOLDER/matchup.py', '--cfg-path', '/tmp/tmpbg8s7d80', '--error-file', '/tmp/tmpkf_c625b']
[2022-07-01 06:00:03,620] {standard_task_runner.py:77} INFO - Job 1490: Subtask run_script
[2022-07-01 06:00:03,637] {logging_mixin.py:104} INFO - Running <TaskInstance: matchup.run_script 2022-07-01T00:00:00+00:00 [running]> on host a41a09215c15
[2022-07-01 06:00:03,654] {taskinstance.py:1255} INFO - Exporting the following env vars:
AIRFLOW_CTX_DAG_EMAIL=r.chesne@gmail.com
AIRFLOW_CTX_DAG_OWNER=Robin
AIRFLOW_CTX_DAG_ID=matchup
AIRFLOW_CTX_TASK_ID=run_script
AIRFLOW_CTX_EXECUTION_DATE=2022-07-01T00:00:00+00:00
AIRFLOW_CTX_DAG_RUN_ID=scheduled__2022-07-01T00:00:00+00:00
[2022-07-01 06:00:03,654] {bash.py:135} INFO - Tmp dir root location: 
 /tmp
[2022-07-01 06:00:03,654] {bash.py:158} INFO - Running command: python /app/scripts/main.py
[2022-07-01 06:00:03,659] {bash.py:169} INFO - Output:
[2022-07-01 06:00:06,958] {bash.py:173} INFO - Italy
[2022-07-01 06:00:06,958] {bash.py:173} INFO - 23357
[2022-07-01 06:00:06,958] {bash.py:173} INFO - Portugal
[2022-07-01 06:00:06,958] {bash.py:173} INFO - 4455
[2022-07-01 06:00:06,958] {bash.py:173} INFO - Italy: CO2 412, mix [('gas', 12233, '52'), ('wind', 2614, '11'), ('coal', 2395, '10')]
[2022-07-01 06:00:06,958] {bash.py:173} INFO - Portugal: CO2 259, mix [('gas', 2129, '48'), ('wind', 1683, '38'), ('biomass', 343, '8')]
[2022-07-01 06:00:06,958] {bash.py:173} INFO - Sweden
[2022-07-01 06:00:06,958] {bash.py:173} INFO - 15603
[2022-07-01 06:00:06,958] {bash.py:173} INFO - Finland
[2022-07-01 06:00:06,958] {bash.py:173} INFO - 7713
[2022-07-01 06:00:06,958] {bash.py:173} INFO - Sweden: CO2 34, mix [('hydro', 6520, '42'), ('nuclear', 4627, '30'), ('wind', 3273, '21')]
[2022-07-01 06:00:06,958] {bash.py:173} INFO - Finland: CO2 86, mix [('nuclear', 3254, '42'), ('hydro', 2357, '31'), ('wind', 833, '11')]
[2022-07-01 06:00:06,958] {bash.py:173} INFO - France
[2022-07-01 06:00:06,958] {bash.py:173} INFO - 43261
[2022-07-01 06:00:06,958] {bash.py:173} INFO - Germany
[2022-07-01 06:00:06,959] {bash.py:173} INFO - 55392
[2022-07-01 06:00:06,959] {bash.py:173} INFO - France: CO2 76, mix [('nuclear', 28607, '66'), ('hydro', 5086, '12'), ('gas', 4736, '11')]
[2022-07-01 06:00:06,959] {bash.py:173} INFO - Germany: CO2 393, mix [('coal', 19970, '36'), ('wind', 14371, '26'), ('gas', 7674, '14')]
[2022-07-01 06:00:06,989] {bash.py:177} INFO - Command exited with return code 0
[2022-07-01 06:00:06,999] {taskinstance.py:1159} INFO - Marking task as SUCCESS. dag_id=matchup, task_id=run_script, execution_date=20220701T000000, start_date=20220701T060003, end_date=20220701T060006
[2022-07-01 06:00:07,007] {taskinstance.py:1220} INFO - 0 downstream tasks scheduled from follow-on schedule check
[2022-07-01 06:00:07,039] {local_task_job.py:146} INFO - Task exited with return code 0
