[2022-04-09 06:00:03,747] {taskinstance.py:851} INFO - Dependencies all met for <TaskInstance: matchup.run_script 2022-04-09T00:00:00+00:00 [queued]>
[2022-04-09 06:00:03,752] {taskinstance.py:851} INFO - Dependencies all met for <TaskInstance: matchup.run_script 2022-04-09T00:00:00+00:00 [queued]>
[2022-04-09 06:00:03,752] {taskinstance.py:1042} INFO - 
--------------------------------------------------------------------------------
[2022-04-09 06:00:03,752] {taskinstance.py:1043} INFO - Starting attempt 1 of 6
[2022-04-09 06:00:03,752] {taskinstance.py:1044} INFO - 
--------------------------------------------------------------------------------
[2022-04-09 06:00:03,758] {taskinstance.py:1063} INFO - Executing <Task(BashOperator): run_script> on 2022-04-09T00:00:00+00:00
[2022-04-09 06:00:03,762] {standard_task_runner.py:52} INFO - Started process 82360 to run task
[2022-04-09 06:00:03,767] {standard_task_runner.py:76} INFO - Running: ['airflow', 'tasks', 'run', 'matchup', 'run_script', '2022-04-09T00:00:00+00:00', '--job-id', '102', '--pool', 'default_pool', '--raw', '--subdir', 'DAGS_FOLDER/matchup.py', '--cfg-path', '/tmp/tmp6wi31b34', '--error-file', '/tmp/tmpddz6unin']
[2022-04-09 06:00:03,768] {standard_task_runner.py:77} INFO - Job 102: Subtask run_script
[2022-04-09 06:00:03,794] {logging_mixin.py:104} INFO - Running <TaskInstance: matchup.run_script 2022-04-09T00:00:00+00:00 [running]> on host 193e33218975
[2022-04-09 06:00:03,818] {taskinstance.py:1255} INFO - Exporting the following env vars:
AIRFLOW_CTX_DAG_EMAIL=r.chesne@gmail.com
AIRFLOW_CTX_DAG_OWNER=Robin
AIRFLOW_CTX_DAG_ID=matchup
AIRFLOW_CTX_TASK_ID=run_script
AIRFLOW_CTX_EXECUTION_DATE=2022-04-09T00:00:00+00:00
AIRFLOW_CTX_DAG_RUN_ID=scheduled__2022-04-09T00:00:00+00:00
[2022-04-09 06:00:03,818] {bash.py:135} INFO - Tmp dir root location: 
 /tmp
[2022-04-09 06:00:03,818] {bash.py:158} INFO - Running command: python /app/scripts/main.py
[2022-04-09 06:00:03,825] {bash.py:169} INFO - Output:
[2022-04-09 06:00:06,574] {bash.py:173} INFO - Spain
[2022-04-09 06:00:06,574] {bash.py:173} INFO - 21151
[2022-04-09 06:00:06,574] {bash.py:173} INFO - Portugal
[2022-04-09 06:00:06,574] {bash.py:173} INFO - 4309
[2022-04-09 06:00:06,575] {bash.py:173} INFO - Spain: CO2 194, mix [('wind', 6480, '31'), ('nuclear', 5223, '25'), ('gas', 4876, '23')]
[2022-04-09 06:00:06,575] {bash.py:173} INFO - Portugal: CO2 281, mix [('gas', 2128, '49'), ('wind', 1003, '23'), ('hydro', 501, '12')]
[2022-04-09 06:00:06,575] {bash.py:173} INFO - Denmark
[2022-04-09 06:00:06,575] {bash.py:173} INFO - 3880
[2022-04-09 06:00:06,575] {bash.py:173} INFO - Sweden
[2022-04-09 06:00:06,575] {bash.py:173} INFO - 16276
[2022-04-09 06:00:06,575] {bash.py:173} INFO - Denmark: CO2 107, mix [('wind', 2875, '74'), ('biomass', 403, '10'), ('coal', 247, '6')]
[2022-04-09 06:00:06,575] {bash.py:173} INFO - Sweden: CO2 42, mix [('hydro', 5849, '36'), ('nuclear', 5196, '32'), ('wind', 3852, '24')]
[2022-04-09 06:00:06,575] {bash.py:173} INFO - Germany
[2022-04-09 06:00:06,575] {bash.py:173} INFO - 45979
[2022-04-09 06:00:06,575] {bash.py:173} INFO - UK
[2022-04-09 06:00:06,575] {bash.py:173} INFO - 24108
[2022-04-09 06:00:06,575] {bash.py:173} INFO - Germany: CO2 257, mix [('wind', 23139, '50'), ('coal', 10813, '24'), ('biomass', 3853, '8')]
[2022-04-09 06:00:06,575] {bash.py:173} INFO - UK: CO2 173, mix [('wind', 9552, '40'), ('gas', 6756, '28'), ('nuclear', 5715, '24')]
[2022-04-09 06:00:06,622] {bash.py:177} INFO - Command exited with return code 0
[2022-04-09 06:00:06,637] {taskinstance.py:1159} INFO - Marking task as SUCCESS. dag_id=matchup, task_id=run_script, execution_date=20220409T000000, start_date=20220409T060003, end_date=20220409T060006
[2022-04-09 06:00:06,671] {taskinstance.py:1220} INFO - 0 downstream tasks scheduled from follow-on schedule check
[2022-04-09 06:00:06,709] {local_task_job.py:146} INFO - Task exited with return code 0
