[2022-02-24 18:00:04,611] {taskinstance.py:851} INFO - Dependencies all met for <TaskInstance: matchup.run_script 2022-02-24T12:00:00+00:00 [queued]>
[2022-02-24 18:00:04,616] {taskinstance.py:851} INFO - Dependencies all met for <TaskInstance: matchup.run_script 2022-02-24T12:00:00+00:00 [queued]>
[2022-02-24 18:00:04,616] {taskinstance.py:1042} INFO - 
--------------------------------------------------------------------------------
[2022-02-24 18:00:04,616] {taskinstance.py:1043} INFO - Starting attempt 1 of 6
[2022-02-24 18:00:04,616] {taskinstance.py:1044} INFO - 
--------------------------------------------------------------------------------
[2022-02-24 18:00:04,624] {taskinstance.py:1063} INFO - Executing <Task(BashOperator): run_script> on 2022-02-24T12:00:00+00:00
[2022-02-24 18:00:04,628] {standard_task_runner.py:52} INFO - Started process 88438 to run task
[2022-02-24 18:00:04,635] {standard_task_runner.py:76} INFO - Running: ['airflow', 'tasks', 'run', 'matchup', 'run_script', '2022-02-24T12:00:00+00:00', '--job-id', '72', '--pool', 'default_pool', '--raw', '--subdir', 'DAGS_FOLDER/matchup.py', '--cfg-path', '/tmp/tmper3mnn2d', '--error-file', '/tmp/tmpam_12tev']
[2022-02-24 18:00:04,636] {standard_task_runner.py:77} INFO - Job 72: Subtask run_script
[2022-02-24 18:00:04,680] {logging_mixin.py:104} INFO - Running <TaskInstance: matchup.run_script 2022-02-24T12:00:00+00:00 [running]> on host 531edfb863fc
[2022-02-24 18:00:04,724] {taskinstance.py:1255} INFO - Exporting the following env vars:
AIRFLOW_CTX_DAG_EMAIL=r.chesne@gmail.com
AIRFLOW_CTX_DAG_OWNER=Robin
AIRFLOW_CTX_DAG_ID=matchup
AIRFLOW_CTX_TASK_ID=run_script
AIRFLOW_CTX_EXECUTION_DATE=2022-02-24T12:00:00+00:00
AIRFLOW_CTX_DAG_RUN_ID=scheduled__2022-02-24T12:00:00+00:00
[2022-02-24 18:00:04,724] {bash.py:135} INFO - Tmp dir root location: 
 /tmp
[2022-02-24 18:00:04,725] {bash.py:158} INFO - Running command: python /app/scripts/main.py
[2022-02-24 18:00:04,736] {bash.py:169} INFO - Output:
[2022-02-24 18:00:08,896] {bash.py:173} INFO - Italy: CO2 397, mix [('gas', 18873, '59'), ('coal', 3158, '10'), ('unknown', 2597, '8')]
[2022-02-24 18:00:08,897] {bash.py:173} INFO - Spain: CO2 154, mix [('wind', 8433, '27'), ('gas', 7280, '23'), ('nuclear', 7089, '23')]
[2022-02-24 18:00:08,897] {bash.py:173} INFO - Sweden: CO2 42, mix [('hydro', 8575, '36'), ('wind', 7600, '32'), ('nuclear', 5582, '23')]
[2022-02-24 18:00:08,897] {bash.py:173} INFO - Denmark: CO2 229, mix [('wind', 1809, '45'), ('biomass', 986, '24'), ('coal', 787, '20')]
[2022-02-24 18:00:08,897] {bash.py:173} INFO - UK: CO2 150, mix [('wind', 14236, '45'), ('nuclear', 4761, '15'), ('gas', 4359, '14')]
[2022-02-24 18:00:08,897] {bash.py:173} INFO - Germany: CO2 263, mix [('wind', 39415, '51'), ('coal', 18605, '24'), ('gas', 5403, '7')]
[2022-02-24 18:00:08,948] {bash.py:177} INFO - Command exited with return code 0
[2022-02-24 18:00:08,969] {taskinstance.py:1159} INFO - Marking task as SUCCESS. dag_id=matchup, task_id=run_script, execution_date=20220224T120000, start_date=20220224T180004, end_date=20220224T180008
[2022-02-24 18:00:08,991] {taskinstance.py:1220} INFO - 0 downstream tasks scheduled from follow-on schedule check
[2022-02-24 18:00:09,029] {local_task_job.py:146} INFO - Task exited with return code 0
