[2022-03-14 18:02:07,144] {taskinstance.py:851} INFO - Dependencies all met for <TaskInstance: matchup.run_script 2022-03-14T12:00:00+00:00 [queued]>
[2022-03-14 18:02:07,150] {taskinstance.py:851} INFO - Dependencies all met for <TaskInstance: matchup.run_script 2022-03-14T12:00:00+00:00 [queued]>
[2022-03-14 18:02:07,150] {taskinstance.py:1042} INFO - 
--------------------------------------------------------------------------------
[2022-03-14 18:02:07,150] {taskinstance.py:1043} INFO - Starting attempt 3 of 6
[2022-03-14 18:02:07,150] {taskinstance.py:1044} INFO - 
--------------------------------------------------------------------------------
[2022-03-14 18:02:07,156] {taskinstance.py:1063} INFO - Executing <Task(BashOperator): run_script> on 2022-03-14T12:00:00+00:00
[2022-03-14 18:02:07,159] {standard_task_runner.py:52} INFO - Started process 343944 to run task
[2022-03-14 18:02:07,167] {standard_task_runner.py:76} INFO - Running: ['airflow', 'tasks', 'run', 'matchup', 'run_script', '2022-03-14T12:00:00+00:00', '--job-id', '306', '--pool', 'default_pool', '--raw', '--subdir', 'DAGS_FOLDER/matchup.py', '--cfg-path', '/tmp/tmpoz7qr7s5', '--error-file', '/tmp/tmp_8a0pps5']
[2022-03-14 18:02:07,167] {standard_task_runner.py:77} INFO - Job 306: Subtask run_script
[2022-03-14 18:02:07,196] {logging_mixin.py:104} INFO - Running <TaskInstance: matchup.run_script 2022-03-14T12:00:00+00:00 [running]> on host 531edfb863fc
[2022-03-14 18:02:07,214] {taskinstance.py:1255} INFO - Exporting the following env vars:
AIRFLOW_CTX_DAG_EMAIL=r.chesne@gmail.com
AIRFLOW_CTX_DAG_OWNER=Robin
AIRFLOW_CTX_DAG_ID=matchup
AIRFLOW_CTX_TASK_ID=run_script
AIRFLOW_CTX_EXECUTION_DATE=2022-03-14T12:00:00+00:00
AIRFLOW_CTX_DAG_RUN_ID=scheduled__2022-03-14T12:00:00+00:00
[2022-03-14 18:02:07,214] {bash.py:135} INFO - Tmp dir root location: 
 /tmp
[2022-03-14 18:02:07,215] {bash.py:158} INFO - Running command: python /app/scripts/main.py
[2022-03-14 18:02:07,222] {bash.py:169} INFO - Output:
[2022-03-14 18:02:14,723] {bash.py:173} INFO - Portugal
[2022-03-14 18:02:14,724] {bash.py:173} INFO - 5520
[2022-03-14 18:02:14,724] {bash.py:173} INFO - Italy
[2022-03-14 18:02:14,724] {bash.py:173} INFO - 40285
[2022-03-14 18:02:14,724] {bash.py:173} INFO - Portugal: CO2 151, mix [('wind', 2353, '43'), ('gas', 1239, '22'), ('hydro', 866, '16')]
[2022-03-14 18:02:14,724] {bash.py:173} INFO - Italy: CO2 392, mix [('gas', 23274, '58'), ('solar', 3725, '9'), ('unknown', 3141, '8')]
[2022-03-14 18:02:14,724] {bash.py:173} INFO - Sweden
[2022-03-14 18:02:14,724] {bash.py:173} INFO - 18243
[2022-03-14 18:02:14,724] {bash.py:173} INFO - Norway
[2022-03-14 18:02:14,724] {bash.py:173} INFO - 17241
[2022-03-14 18:02:14,724] {bash.py:173} INFO - Sweden: CO2 44, mix [('hydro', 7994, '44'), ('nuclear', 5874, '32'), ('wind', 2585, '14')]
[2022-03-14 18:02:14,724] {bash.py:173} INFO - Norway: CO2 28, mix [('hydro', 15844, '92'), ('wind', 816, '5'), ('hydro discharge', 306, '2')]
[2022-03-14 18:02:14,724] {bash.py:173} INFO - Germany
[2022-03-14 18:02:14,724] {bash.py:173} INFO - 43311
[2022-03-14 18:02:14,724] {bash.py:173} INFO - France
[2022-03-14 18:02:14,724] {bash.py:173} INFO - 56316
[2022-03-14 18:02:14,724] {bash.py:173} INFO - Germany: CO2 323, mix [('coal', 10222, '24'), ('gas', 8605, '20'), ('solar', 8339, '19')]
[2022-03-14 18:02:14,724] {bash.py:173} INFO - France: CO2 93, mix [('nuclear', 35091, '62'), ('gas', 7511, '13'), ('hydro', 6581, '12')]
[2022-03-14 18:02:14,761] {bash.py:177} INFO - Command exited with return code 0
[2022-03-14 18:02:14,778] {taskinstance.py:1159} INFO - Marking task as SUCCESS. dag_id=matchup, task_id=run_script, execution_date=20220314T120000, start_date=20220314T180207, end_date=20220314T180214
[2022-03-14 18:02:14,791] {taskinstance.py:1220} INFO - 0 downstream tasks scheduled from follow-on schedule check
[2022-03-14 18:02:14,801] {local_task_job.py:146} INFO - Task exited with return code 0
