[2022-03-03 18:00:04,550] {taskinstance.py:851} INFO - Dependencies all met for <TaskInstance: matchup.run_script 2022-03-03T12:00:00+00:00 [queued]>
[2022-03-03 18:00:04,560] {taskinstance.py:851} INFO - Dependencies all met for <TaskInstance: matchup.run_script 2022-03-03T12:00:00+00:00 [queued]>
[2022-03-03 18:00:04,560] {taskinstance.py:1042} INFO - 
--------------------------------------------------------------------------------
[2022-03-03 18:00:04,560] {taskinstance.py:1043} INFO - Starting attempt 1 of 6
[2022-03-03 18:00:04,561] {taskinstance.py:1044} INFO - 
--------------------------------------------------------------------------------
[2022-03-03 18:00:04,572] {taskinstance.py:1063} INFO - Executing <Task(BashOperator): run_script> on 2022-03-03T12:00:00+00:00
[2022-03-03 18:00:04,575] {standard_task_runner.py:52} INFO - Started process 187409 to run task
[2022-03-03 18:00:04,582] {standard_task_runner.py:76} INFO - Running: ['airflow', 'tasks', 'run', 'matchup', 'run_script', '2022-03-03T12:00:00+00:00', '--job-id', '138', '--pool', 'default_pool', '--raw', '--subdir', 'DAGS_FOLDER/matchup.py', '--cfg-path', '/tmp/tmpdl1t7mk9', '--error-file', '/tmp/tmp76utvd15']
[2022-03-03 18:00:04,583] {standard_task_runner.py:77} INFO - Job 138: Subtask run_script
[2022-03-03 18:00:04,623] {logging_mixin.py:104} INFO - Running <TaskInstance: matchup.run_script 2022-03-03T12:00:00+00:00 [running]> on host 531edfb863fc
[2022-03-03 18:00:04,668] {taskinstance.py:1255} INFO - Exporting the following env vars:
AIRFLOW_CTX_DAG_EMAIL=r.chesne@gmail.com
AIRFLOW_CTX_DAG_OWNER=Robin
AIRFLOW_CTX_DAG_ID=matchup
AIRFLOW_CTX_TASK_ID=run_script
AIRFLOW_CTX_EXECUTION_DATE=2022-03-03T12:00:00+00:00
AIRFLOW_CTX_DAG_RUN_ID=scheduled__2022-03-03T12:00:00+00:00
[2022-03-03 18:00:04,668] {bash.py:135} INFO - Tmp dir root location: 
 /tmp
[2022-03-03 18:00:04,669] {bash.py:158} INFO - Running command: python /app/scripts/main.py
[2022-03-03 18:00:04,679] {bash.py:169} INFO - Output:
[2022-03-03 18:00:09,079] {bash.py:173} INFO - Portugal: CO2 186, mix [('wind', 3495, '52'), ('gas', 2207, '33'), ('solar', 537, '8')]
[2022-03-03 18:00:09,079] {bash.py:173} INFO - Spain: CO2 173, mix [('wind', 9106, '29'), ('gas', 7240, '23'), ('nuclear', 6875, '22')]
[2022-03-03 18:00:09,079] {bash.py:173} INFO - Denmark: CO2 274, mix [('hydro', 1307, '28'), ('coal', 908, '20'), ('biomass', 797, '17')]
[2022-03-03 18:00:09,079] {bash.py:173} INFO - Sweden: CO2 44, mix [('hydro', 9385, '52'), ('nuclear', 5659, '31'), ('unknown', 1659, '9')]
[2022-03-03 18:00:09,079] {bash.py:173} INFO - Hungary: CO2 276, mix [('nuclear', 1611, '36'), ('gas', 1489, '33'), ('coal', 431, '10')]
[2022-03-03 18:00:09,079] {bash.py:173} INFO - UK: CO2 279, mix [('gas', 16874, '44'), ('nuclear', 7620, '20'), ('wind', 5801, '15')]
[2022-03-03 18:00:09,128] {bash.py:177} INFO - Command exited with return code 0
[2022-03-03 18:00:09,151] {taskinstance.py:1159} INFO - Marking task as SUCCESS. dag_id=matchup, task_id=run_script, execution_date=20220303T120000, start_date=20220303T180004, end_date=20220303T180009
[2022-03-03 18:00:09,169] {taskinstance.py:1220} INFO - 0 downstream tasks scheduled from follow-on schedule check
[2022-03-03 18:00:09,174] {local_task_job.py:146} INFO - Task exited with return code 0
