[2022-02-22 00:00:05,126] {taskinstance.py:851} INFO - Dependencies all met for <TaskInstance: matchup.run_script 2022-02-21T18:00:00+00:00 [queued]>
[2022-02-22 00:00:05,133] {taskinstance.py:851} INFO - Dependencies all met for <TaskInstance: matchup.run_script 2022-02-21T18:00:00+00:00 [queued]>
[2022-02-22 00:00:05,134] {taskinstance.py:1042} INFO - 
--------------------------------------------------------------------------------
[2022-02-22 00:00:05,134] {taskinstance.py:1043} INFO - Starting attempt 1 of 6
[2022-02-22 00:00:05,134] {taskinstance.py:1044} INFO - 
--------------------------------------------------------------------------------
[2022-02-22 00:00:05,145] {taskinstance.py:1063} INFO - Executing <Task(BashOperator): run_script> on 2022-02-21T18:00:00+00:00
[2022-02-22 00:00:05,150] {standard_task_runner.py:52} INFO - Started process 49494 to run task
[2022-02-22 00:00:05,159] {standard_task_runner.py:76} INFO - Running: ['airflow', 'tasks', 'run', 'matchup', 'run_script', '2022-02-21T18:00:00+00:00', '--job-id', '50', '--pool', 'default_pool', '--raw', '--subdir', 'DAGS_FOLDER/matchup.py', '--cfg-path', '/tmp/tmpsb0pp8z1', '--error-file', '/tmp/tmp_s8mxi0t']
[2022-02-22 00:00:05,160] {standard_task_runner.py:77} INFO - Job 50: Subtask run_script
[2022-02-22 00:00:05,207] {logging_mixin.py:104} INFO - Running <TaskInstance: matchup.run_script 2022-02-21T18:00:00+00:00 [running]> on host 531edfb863fc
[2022-02-22 00:00:05,247] {taskinstance.py:1255} INFO - Exporting the following env vars:
AIRFLOW_CTX_DAG_EMAIL=r.chesne@gmail.com
AIRFLOW_CTX_DAG_OWNER=Robin
AIRFLOW_CTX_DAG_ID=matchup
AIRFLOW_CTX_TASK_ID=run_script
AIRFLOW_CTX_EXECUTION_DATE=2022-02-21T18:00:00+00:00
AIRFLOW_CTX_DAG_RUN_ID=scheduled__2022-02-21T18:00:00+00:00
[2022-02-22 00:00:05,248] {bash.py:135} INFO - Tmp dir root location: 
 /tmp
[2022-02-22 00:00:05,249] {bash.py:158} INFO - Running command: python /app/scripts/main.py
[2022-02-22 00:00:05,259] {bash.py:169} INFO - Output:
[2022-02-22 00:00:12,319] {bash.py:173} INFO - ---
[2022-02-22 00:00:12,320] {bash.py:173} INFO - sending...
[2022-02-22 00:00:12,320] {bash.py:173} INFO - Southern Europe Italy Greece
[2022-02-22 00:00:12,320] {bash.py:173} INFO - ---
[2022-02-22 00:00:12,320] {bash.py:173} INFO - ---
[2022-02-22 00:00:12,320] {bash.py:173} INFO - sending...
[2022-02-22 00:00:12,320] {bash.py:173} INFO - Southern Europe Portugal Spain
[2022-02-22 00:00:12,320] {bash.py:173} INFO - ---
[2022-02-22 00:00:12,320] {bash.py:173} INFO - Portugal: CO2 186, mix [('wind', 1844, '44'), ('gas', 1246, '29'), ('biomass', 406, '10')]
[2022-02-22 00:00:12,320] {bash.py:173} INFO - Spain: CO2 173, mix [('wind', 10074, '33'), ('gas', 8666, '28'), ('nuclear', 7099, '23')]
[2022-02-22 00:00:12,320] {bash.py:173} INFO - problem here
[2022-02-22 00:00:12,320] {bash.py:173} INFO - ---
[2022-02-22 00:00:12,320] {bash.py:173} INFO - sending...
[2022-02-22 00:00:12,321] {bash.py:173} INFO - Southern Europe Spain Italy
[2022-02-22 00:00:12,321] {bash.py:173} INFO - ---
[2022-02-22 00:00:12,321] {bash.py:173} INFO - Spain: CO2 173, mix [('wind', 10074, '33'), ('gas', 8666, '28'), ('nuclear', 7099, '23')]
[2022-02-22 00:00:12,321] {bash.py:173} INFO - Italy: CO2 380, mix [('gas', 15648, '52'), ('wind', 5950, '20'), ('coal', 3409, '11')]
[2022-02-22 00:00:12,321] {bash.py:173} INFO - ---
[2022-02-22 00:00:12,321] {bash.py:173} INFO - sending...
[2022-02-22 00:00:12,321] {bash.py:173} INFO - Northern Europe Sweden Finland
[2022-02-22 00:00:12,321] {bash.py:173} INFO - ---
[2022-02-22 00:00:12,321] {bash.py:173} INFO - Sweden: CO2 40, mix [('hydro', 9791, '43'), ('wind', 5679, '25'), ('nuclear', 5586, '24')]
[2022-02-22 00:00:12,321] {bash.py:173} INFO - Finland: CO2 168, mix [('nuclear', 2799, '38'), ('hydro', 1209, '17'), ('wind', 1187, '16')]
[2022-02-22 00:00:12,321] {bash.py:173} INFO - ---
[2022-02-22 00:00:12,321] {bash.py:173} INFO - sending...
[2022-02-22 00:00:12,321] {bash.py:173} INFO - Central Europe UK France
[2022-02-22 00:00:12,321] {bash.py:173} INFO - ---
[2022-02-22 00:00:12,322] {bash.py:173} INFO - UK: CO2 288, mix [('gas', 13455, '46'), ('wind', 5558, '19'), ('nuclear', 4712, '16')]
[2022-02-22 00:00:12,322] {bash.py:173} INFO - France: CO2 61, mix [('nuclear', 42612, '64'), ('wind', 9240, '14'), ('hydro', 7332, '11')]
[2022-02-22 00:00:12,376] {bash.py:177} INFO - Command exited with return code 0
[2022-02-22 00:00:12,402] {taskinstance.py:1159} INFO - Marking task as SUCCESS. dag_id=matchup, task_id=run_script, execution_date=20220221T180000, start_date=20220222T000005, end_date=20220222T000012
[2022-02-22 00:00:12,423] {taskinstance.py:1220} INFO - 0 downstream tasks scheduled from follow-on schedule check
[2022-02-22 00:00:12,441] {local_task_job.py:146} INFO - Task exited with return code 0
