[2022-07-13 12:00:04,687] {taskinstance.py:851} INFO - Dependencies all met for <TaskInstance: matchup.run_script 2022-07-13T06:00:00+00:00 [queued]>
[2022-07-13 12:00:04,694] {taskinstance.py:851} INFO - Dependencies all met for <TaskInstance: matchup.run_script 2022-07-13T06:00:00+00:00 [queued]>
[2022-07-13 12:00:04,694] {taskinstance.py:1042} INFO - 
--------------------------------------------------------------------------------
[2022-07-13 12:00:04,694] {taskinstance.py:1043} INFO - Starting attempt 1 of 6
[2022-07-13 12:00:04,694] {taskinstance.py:1044} INFO - 
--------------------------------------------------------------------------------
[2022-07-13 12:00:04,701] {taskinstance.py:1063} INFO - Executing <Task(BashOperator): run_script> on 2022-07-13T06:00:00+00:00
[2022-07-13 12:00:04,703] {standard_task_runner.py:52} INFO - Started process 29419 to run task
[2022-07-13 12:00:04,710] {standard_task_runner.py:76} INFO - Running: ['airflow', 'tasks', 'run', 'matchup', 'run_script', '2022-07-13T06:00:00+00:00', '--job-id', '1580', '--pool', 'default_pool', '--raw', '--subdir', 'DAGS_FOLDER/matchup.py', '--cfg-path', '/tmp/tmptb9d11y4', '--error-file', '/tmp/tmpmqlih41t']
[2022-07-13 12:00:04,711] {standard_task_runner.py:77} INFO - Job 1580: Subtask run_script
[2022-07-13 12:00:04,747] {logging_mixin.py:104} INFO - Running <TaskInstance: matchup.run_script 2022-07-13T06:00:00+00:00 [running]> on host a41a09215c15
[2022-07-13 12:00:04,785] {taskinstance.py:1255} INFO - Exporting the following env vars:
AIRFLOW_CTX_DAG_EMAIL=r.chesne@gmail.com
AIRFLOW_CTX_DAG_OWNER=Robin
AIRFLOW_CTX_DAG_ID=matchup
AIRFLOW_CTX_TASK_ID=run_script
AIRFLOW_CTX_EXECUTION_DATE=2022-07-13T06:00:00+00:00
AIRFLOW_CTX_DAG_RUN_ID=scheduled__2022-07-13T06:00:00+00:00
[2022-07-13 12:00:04,786] {bash.py:135} INFO - Tmp dir root location: 
 /tmp
[2022-07-13 12:00:04,787] {bash.py:158} INFO - Running command: python /app/scripts/main.py
[2022-07-13 12:00:04,794] {bash.py:169} INFO - Output:
[2022-07-13 12:00:10,193] {bash.py:173} INFO - Greece
[2022-07-13 12:00:10,193] {bash.py:173} INFO - 8520
[2022-07-13 12:00:10,193] {bash.py:173} INFO - Italy
[2022-07-13 12:00:10,193] {bash.py:173} INFO - 40164
[2022-07-13 12:00:10,193] {bash.py:173} INFO - Greece: CO2 310, mix [('gas', 3344, '39'), ('solar', 2700, '32'), ('wind', 1112, '13')]
[2022-07-13 12:00:10,193] {bash.py:173} INFO - Italy: CO2 326, mix [('gas', 16875, '42'), ('solar', 10471, '26'), ('hydro', 3966, '10')]
[2022-07-13 12:00:10,193] {bash.py:173} INFO - UK
[2022-07-13 12:00:10,193] {bash.py:173} INFO - 32245
[2022-07-13 12:00:10,194] {bash.py:173} INFO - France
[2022-07-13 12:00:10,194] {bash.py:173} INFO - 50966
[2022-07-13 12:00:10,194] {bash.py:173} INFO - UK: CO2 238, mix [('gas', 12554, '39'), ('wind', 6786, '21'), ('nuclear', 5107, '16')]
[2022-07-13 12:00:10,194] {bash.py:173} INFO - France: CO2 89, mix [('nuclear', 27261, '53'), ('solar', 9819, '19'), ('gas', 5853, '11')]
[2022-07-13 12:00:10,194] {bash.py:173} INFO - Denmark
[2022-07-13 12:00:10,194] {bash.py:173} INFO - 3507
[2022-07-13 12:00:10,194] {bash.py:173} INFO - Norway
[2022-07-13 12:00:10,194] {bash.py:173} INFO - 14610
[2022-07-13 12:00:10,194] {bash.py:173} INFO - Denmark: CO2 112, mix [('wind', 1414, '40'), ('solar', 694, '20'), ('hydro', 441, '13')]
[2022-07-13 12:00:10,194] {bash.py:173} INFO - Norway: CO2 33, mix [('hydro', 12963, '89'), ('wind', 1285, '9'), ('gas', 175, '1')]
[2022-07-13 12:00:10,267] {bash.py:177} INFO - Command exited with return code 0
[2022-07-13 12:00:10,290] {taskinstance.py:1159} INFO - Marking task as SUCCESS. dag_id=matchup, task_id=run_script, execution_date=20220713T060000, start_date=20220713T120004, end_date=20220713T120010
[2022-07-13 12:00:10,311] {taskinstance.py:1220} INFO - 0 downstream tasks scheduled from follow-on schedule check
[2022-07-13 12:00:10,327] {local_task_job.py:146} INFO - Task exited with return code 0
