[2022-04-03 06:01:04,718] {taskinstance.py:851} INFO - Dependencies all met for <TaskInstance: matchup.run_script 2022-04-03T00:00:00+00:00 [queued]>
[2022-04-03 06:01:04,721] {taskinstance.py:851} INFO - Dependencies all met for <TaskInstance: matchup.run_script 2022-04-03T00:00:00+00:00 [queued]>
[2022-04-03 06:01:04,722] {taskinstance.py:1042} INFO - 
--------------------------------------------------------------------------------
[2022-04-03 06:01:04,722] {taskinstance.py:1043} INFO - Starting attempt 2 of 6
[2022-04-03 06:01:04,722] {taskinstance.py:1044} INFO - 
--------------------------------------------------------------------------------
[2022-04-03 06:01:04,729] {taskinstance.py:1063} INFO - Executing <Task(BashOperator): run_script> on 2022-04-03T00:00:00+00:00
[2022-04-03 06:01:04,732] {standard_task_runner.py:52} INFO - Started process 622056 to run task
[2022-04-03 06:01:04,738] {standard_task_runner.py:76} INFO - Running: ['airflow', 'tasks', 'run', 'matchup', 'run_script', '2022-04-03T00:00:00+00:00', '--job-id', '651', '--pool', 'default_pool', '--raw', '--subdir', 'DAGS_FOLDER/matchup.py', '--cfg-path', '/tmp/tmpjeivswrh', '--error-file', '/tmp/tmp5edpt9_s']
[2022-04-03 06:01:04,739] {standard_task_runner.py:77} INFO - Job 651: Subtask run_script
[2022-04-03 06:01:04,763] {logging_mixin.py:104} INFO - Running <TaskInstance: matchup.run_script 2022-04-03T00:00:00+00:00 [running]> on host 531edfb863fc
[2022-04-03 06:01:04,778] {taskinstance.py:1255} INFO - Exporting the following env vars:
AIRFLOW_CTX_DAG_EMAIL=r.chesne@gmail.com
AIRFLOW_CTX_DAG_OWNER=Robin
AIRFLOW_CTX_DAG_ID=matchup
AIRFLOW_CTX_TASK_ID=run_script
AIRFLOW_CTX_EXECUTION_DATE=2022-04-03T00:00:00+00:00
AIRFLOW_CTX_DAG_RUN_ID=scheduled__2022-04-03T00:00:00+00:00
[2022-04-03 06:01:04,778] {bash.py:135} INFO - Tmp dir root location: 
 /tmp
[2022-04-03 06:01:04,778] {bash.py:158} INFO - Running command: python /app/scripts/main.py
[2022-04-03 06:01:04,785] {bash.py:169} INFO - Output:
[2022-04-03 06:01:05,062] {bash.py:173} INFO - Traceback (most recent call last):
[2022-04-03 06:01:05,062] {bash.py:173} INFO -   File "/app/scripts/main.py", line 241, in <module>
[2022-04-03 06:01:05,063] {bash.py:173} INFO -     get_matchups()
[2022-04-03 06:01:05,063] {bash.py:173} INFO -   File "/app/scripts/main.py", line 51, in get_matchups
[2022-04-03 06:01:05,063] {bash.py:173} INFO -     get_data(division, country1, country2)
[2022-04-03 06:01:05,063] {bash.py:173} INFO -   File "/app/scripts/main.py", line 198, in get_data
[2022-04-03 06:01:05,063] {bash.py:173} INFO -     co2_country1 = get_co2(country1)
[2022-04-03 06:01:05,063] {bash.py:173} INFO -   File "/app/scripts/main.py", line 73, in get_co2
[2022-04-03 06:01:05,063] {bash.py:173} INFO -     country_consumption_total = get_total_consumption(country)
[2022-04-03 06:01:05,063] {bash.py:173} INFO -   File "/app/scripts/main.py", line 66, in get_total_consumption
[2022-04-03 06:01:05,063] {bash.py:173} INFO -     country_consumption_total.append(sum(res.get('powerConsumptionBreakdown').values()))
[2022-04-03 06:01:05,063] {bash.py:173} INFO - AttributeError: 'NoneType' object has no attribute 'values'
[2022-04-03 06:01:05,092] {bash.py:177} INFO - Command exited with return code 1
[2022-04-03 06:01:05,101] {taskinstance.py:1455} ERROR - Bash command failed. The command returned a non-zero exit code.
Traceback (most recent call last):
  File "/app/env/lib/python3.8/site-packages/airflow/models/taskinstance.py", line 1112, in _run_raw_task
    self._prepare_and_execute_task_with_callbacks(context, task)
  File "/app/env/lib/python3.8/site-packages/airflow/models/taskinstance.py", line 1285, in _prepare_and_execute_task_with_callbacks
    result = self._execute_task(context, task_copy)
  File "/app/env/lib/python3.8/site-packages/airflow/models/taskinstance.py", line 1315, in _execute_task
    result = task_copy.execute(context=context)
  File "/app/env/lib/python3.8/site-packages/airflow/operators/bash.py", line 180, in execute
    raise AirflowException('Bash command failed. The command returned a non-zero exit code.')
airflow.exceptions.AirflowException: Bash command failed. The command returned a non-zero exit code.
[2022-04-03 06:01:05,102] {taskinstance.py:1496} INFO - Marking task as UP_FOR_RETRY. dag_id=matchup, task_id=run_script, execution_date=20220403T000000, start_date=20220403T060104, end_date=20220403T060105
[2022-04-03 06:01:05,147] {local_task_job.py:146} INFO - Task exited with return code 1
[2022-04-03 11:50:50,513] {taskinstance.py:851} INFO - Dependencies all met for <TaskInstance: matchup.run_script 2022-04-03T00:00:00+00:00 [queued]>
[2022-04-03 11:50:50,517] {taskinstance.py:851} INFO - Dependencies all met for <TaskInstance: matchup.run_script 2022-04-03T00:00:00+00:00 [queued]>
[2022-04-03 11:50:50,518] {taskinstance.py:1042} INFO - 
--------------------------------------------------------------------------------
[2022-04-03 11:50:50,518] {taskinstance.py:1043} INFO - Starting attempt 2 of 6
[2022-04-03 11:50:50,518] {taskinstance.py:1044} INFO - 
--------------------------------------------------------------------------------
[2022-04-03 11:50:50,526] {taskinstance.py:1063} INFO - Executing <Task(BashOperator): run_script> on 2022-04-03T00:00:00+00:00
[2022-04-03 11:50:50,529] {standard_task_runner.py:52} INFO - Started process 97 to run task
[2022-04-03 11:50:50,534] {standard_task_runner.py:76} INFO - Running: ['airflow', 'tasks', 'run', 'matchup', 'run_script', '2022-04-03T00:00:00+00:00', '--job-id', '6', '--pool', 'default_pool', '--raw', '--subdir', 'DAGS_FOLDER/matchup.py', '--cfg-path', '/tmp/tmpivhl43zw', '--error-file', '/tmp/tmpcne8sr9z']
[2022-04-03 11:50:50,535] {standard_task_runner.py:77} INFO - Job 6: Subtask run_script
[2022-04-03 11:50:50,559] {logging_mixin.py:104} INFO - Running <TaskInstance: matchup.run_script 2022-04-03T00:00:00+00:00 [running]> on host 193e33218975
[2022-04-03 11:50:50,574] {taskinstance.py:1255} INFO - Exporting the following env vars:
AIRFLOW_CTX_DAG_EMAIL=r.chesne@gmail.com
AIRFLOW_CTX_DAG_OWNER=Robin
AIRFLOW_CTX_DAG_ID=matchup
AIRFLOW_CTX_TASK_ID=run_script
AIRFLOW_CTX_EXECUTION_DATE=2022-04-03T00:00:00+00:00
AIRFLOW_CTX_DAG_RUN_ID=scheduled__2022-04-03T00:00:00+00:00
[2022-04-03 11:50:50,574] {bash.py:135} INFO - Tmp dir root location: 
 /tmp
[2022-04-03 11:50:50,574] {bash.py:158} INFO - Running command: python /app/scripts/main.py
[2022-04-03 11:50:50,580] {bash.py:169} INFO - Output:
[2022-04-03 11:50:50,865] {bash.py:173} INFO - Traceback (most recent call last):
[2022-04-03 11:50:50,865] {bash.py:173} INFO -   File "/app/scripts/main.py", line 241, in <module>
[2022-04-03 11:50:50,865] {bash.py:173} INFO -     get_matchups()
[2022-04-03 11:50:50,865] {bash.py:173} INFO -   File "/app/scripts/main.py", line 51, in get_matchups
[2022-04-03 11:50:50,865] {bash.py:173} INFO -     get_data(division, country1, country2)
[2022-04-03 11:50:50,865] {bash.py:173} INFO -   File "/app/scripts/main.py", line 198, in get_data
[2022-04-03 11:50:50,866] {bash.py:173} INFO -     co2_country1 = get_co2(country1)
[2022-04-03 11:50:50,866] {bash.py:173} INFO -   File "/app/scripts/main.py", line 73, in get_co2
[2022-04-03 11:50:50,866] {bash.py:173} INFO -     country_consumption_total = get_total_consumption(country)
[2022-04-03 11:50:50,866] {bash.py:173} INFO -   File "/app/scripts/main.py", line 66, in get_total_consumption
[2022-04-03 11:50:50,866] {bash.py:173} INFO -     country_consumption_total.append(sum(res.get('powerConsumptionBreakdown').values()))
[2022-04-03 11:50:50,866] {bash.py:173} INFO - AttributeError: 'NoneType' object has no attribute 'values'
[2022-04-03 11:50:50,900] {bash.py:177} INFO - Command exited with return code 1
[2022-04-03 11:50:50,906] {taskinstance.py:1455} ERROR - Bash command failed. The command returned a non-zero exit code.
Traceback (most recent call last):
  File "/app/env/lib/python3.8/site-packages/airflow/models/taskinstance.py", line 1112, in _run_raw_task
    self._prepare_and_execute_task_with_callbacks(context, task)
  File "/app/env/lib/python3.8/site-packages/airflow/models/taskinstance.py", line 1285, in _prepare_and_execute_task_with_callbacks
    result = self._execute_task(context, task_copy)
  File "/app/env/lib/python3.8/site-packages/airflow/models/taskinstance.py", line 1315, in _execute_task
    result = task_copy.execute(context=context)
  File "/app/env/lib/python3.8/site-packages/airflow/operators/bash.py", line 180, in execute
    raise AirflowException('Bash command failed. The command returned a non-zero exit code.')
airflow.exceptions.AirflowException: Bash command failed. The command returned a non-zero exit code.
[2022-04-03 11:50:50,907] {taskinstance.py:1496} INFO - Marking task as UP_FOR_RETRY. dag_id=matchup, task_id=run_script, execution_date=20220403T000000, start_date=20220403T115050, end_date=20220403T115050
[2022-04-03 11:50:50,946] {local_task_job.py:146} INFO - Task exited with return code 1
