[2022-06-21 10:46:59,233] {taskinstance.py:851} INFO - Dependencies all met for <TaskInstance: matchup.enter_virtual_env 2022-06-21T10:46:57.055927+00:00 [queued]>
[2022-06-21 10:46:59,237] {taskinstance.py:851} INFO - Dependencies all met for <TaskInstance: matchup.enter_virtual_env 2022-06-21T10:46:57.055927+00:00 [queued]>
[2022-06-21 10:46:59,237] {taskinstance.py:1042} INFO - 
--------------------------------------------------------------------------------
[2022-06-21 10:46:59,237] {taskinstance.py:1043} INFO - Starting attempt 1 of 2
[2022-06-21 10:46:59,237] {taskinstance.py:1044} INFO - 
--------------------------------------------------------------------------------
[2022-06-21 10:46:59,245] {taskinstance.py:1063} INFO - Executing <Task(BashOperator): enter_virtual_env> on 2022-06-21T10:46:57.055927+00:00
[2022-06-21 10:46:59,247] {standard_task_runner.py:52} INFO - Started process 67 to run task
[2022-06-21 10:46:59,250] {standard_task_runner.py:76} INFO - Running: ['airflow', 'tasks', 'run', 'matchup', 'enter_virtual_env', '2022-06-21T10:46:57.055927+00:00', '--job-id', '1408', '--pool', 'default_pool', '--raw', '--subdir', 'DAGS_FOLDER/matchup.py', '--cfg-path', '/tmp/tmpoaqpbsrt', '--error-file', '/tmp/tmph8go6_js']
[2022-06-21 10:46:59,250] {standard_task_runner.py:77} INFO - Job 1408: Subtask enter_virtual_env
[2022-06-21 10:46:59,268] {logging_mixin.py:104} INFO - Running <TaskInstance: matchup.enter_virtual_env 2022-06-21T10:46:57.055927+00:00 [running]> on host b5b34dd97903
[2022-06-21 10:46:59,293] {taskinstance.py:1255} INFO - Exporting the following env vars:
AIRFLOW_CTX_DAG_EMAIL=r.chesne@gmail.com
AIRFLOW_CTX_DAG_OWNER=Robin
AIRFLOW_CTX_DAG_ID=matchup
AIRFLOW_CTX_TASK_ID=enter_virtual_env
AIRFLOW_CTX_EXECUTION_DATE=2022-06-21T10:46:57.055927+00:00
AIRFLOW_CTX_DAG_RUN_ID=manual__2022-06-21T10:46:57.055927+00:00
[2022-06-21 10:46:59,293] {bash.py:135} INFO - Tmp dir root location: 
 /tmp
[2022-06-21 10:46:59,293] {bash.py:158} INFO - Running command: . /app/env/bin/activate
[2022-06-21 10:46:59,299] {bash.py:169} INFO - Output:
[2022-06-21 10:46:59,305] {bash.py:177} INFO - Command exited with return code 0
[2022-06-21 10:46:59,330] {taskinstance.py:1159} INFO - Marking task as SUCCESS. dag_id=matchup, task_id=enter_virtual_env, execution_date=20220621T104657, start_date=20220621T104659, end_date=20220621T104659
[2022-06-21 10:46:59,349] {taskinstance.py:1220} INFO - 1 downstream tasks scheduled from follow-on schedule check
[2022-06-21 10:46:59,383] {local_task_job.py:146} INFO - Task exited with return code 0
