[2022-03-21 00:00:04,221] {taskinstance.py:851} INFO - Dependencies all met for <TaskInstance: matchup.run_script 2022-03-20T18:00:00+00:00 [queued]>
[2022-03-21 00:00:04,228] {taskinstance.py:851} INFO - Dependencies all met for <TaskInstance: matchup.run_script 2022-03-20T18:00:00+00:00 [queued]>
[2022-03-21 00:00:04,229] {taskinstance.py:1042} INFO - 
--------------------------------------------------------------------------------
[2022-03-21 00:00:04,229] {taskinstance.py:1043} INFO - Starting attempt 1 of 6
[2022-03-21 00:00:04,229] {taskinstance.py:1044} INFO - 
--------------------------------------------------------------------------------
[2022-03-21 00:00:04,297] {taskinstance.py:1063} INFO - Executing <Task(BashOperator): run_script> on 2022-03-20T18:00:00+00:00
[2022-03-21 00:00:04,301] {standard_task_runner.py:52} INFO - Started process 432853 to run task
[2022-03-21 00:00:04,307] {standard_task_runner.py:76} INFO - Running: ['airflow', 'tasks', 'run', 'matchup', 'run_script', '2022-03-20T18:00:00+00:00', '--job-id', '403', '--pool', 'default_pool', '--raw', '--subdir', 'DAGS_FOLDER/matchup.py', '--cfg-path', '/tmp/tmpdvtf79or', '--error-file', '/tmp/tmpkzv96sb9']
[2022-03-21 00:00:04,308] {standard_task_runner.py:77} INFO - Job 403: Subtask run_script
[2022-03-21 00:00:04,348] {logging_mixin.py:104} INFO - Running <TaskInstance: matchup.run_script 2022-03-20T18:00:00+00:00 [running]> on host 531edfb863fc
[2022-03-21 00:00:04,435] {taskinstance.py:1255} INFO - Exporting the following env vars:
AIRFLOW_CTX_DAG_EMAIL=r.chesne@gmail.com
AIRFLOW_CTX_DAG_OWNER=Robin
AIRFLOW_CTX_DAG_ID=matchup
AIRFLOW_CTX_TASK_ID=run_script
AIRFLOW_CTX_EXECUTION_DATE=2022-03-20T18:00:00+00:00
AIRFLOW_CTX_DAG_RUN_ID=scheduled__2022-03-20T18:00:00+00:00
[2022-03-21 00:00:04,436] {bash.py:135} INFO - Tmp dir root location: 
 /tmp
[2022-03-21 00:00:04,437] {bash.py:158} INFO - Running command: python /app/scripts/main.py
[2022-03-21 00:00:04,443] {bash.py:169} INFO - Output:
[2022-03-21 00:00:06,558] {bash.py:173} INFO - Spain
[2022-03-21 00:00:06,559] {bash.py:173} INFO - 25986
[2022-03-21 00:00:06,559] {bash.py:173} INFO - Portugal
[2022-03-21 00:00:06,559] {bash.py:173} INFO - 6188
[2022-03-21 00:00:06,560] {bash.py:173} INFO - Spain: CO2 142, mix [('wind', 11096, '43'), ('nuclear', 5430, '21'), ('gas', 4803, '18')]
[2022-03-21 00:00:06,560] {bash.py:173} INFO - Portugal: CO2 133, mix [('wind', 2942, '48'), ('hydro', 1244, '20'), ('gas', 1218, '20')]
[2022-03-21 00:00:06,560] {bash.py:173} INFO - Sweden
[2022-03-21 00:00:06,560] {bash.py:173} INFO - 16322
[2022-03-21 00:00:06,560] {bash.py:173} INFO - Finland
[2022-03-21 00:00:06,561] {bash.py:173} INFO - 8841
[2022-03-21 00:00:06,561] {bash.py:173} INFO - Sweden: CO2 38, mix [('nuclear', 5472, '34'), ('hydro', 4873, '30'), ('wind', 4581, '28')]
[2022-03-21 00:00:06,561] {bash.py:173} INFO - Finland: CO2 113, mix [('nuclear', 3047, '34'), ('wind', 2580, '29'), ('hydro', 1409, '16')]
[2022-03-21 00:00:06,561] {bash.py:173} INFO - Traceback (most recent call last):
[2022-03-21 00:00:06,561] {bash.py:173} INFO -   File "/app/scripts/main.py", line 241, in <module>
[2022-03-21 00:00:06,562] {bash.py:173} INFO -     get_matchups()
[2022-03-21 00:00:06,562] {bash.py:173} INFO -   File "/app/scripts/main.py", line 51, in get_matchups
[2022-03-21 00:00:06,562] {bash.py:173} INFO -     get_data(division, country1, country2)
[2022-03-21 00:00:06,563] {bash.py:173} INFO -   File "/app/scripts/main.py", line 199, in get_data
[2022-03-21 00:00:06,563] {bash.py:173} INFO -     co2_country2 = get_co2(country2)
[2022-03-21 00:00:06,563] {bash.py:173} INFO -   File "/app/scripts/main.py", line 73, in get_co2
[2022-03-21 00:00:06,563] {bash.py:173} INFO -     country_consumption_total = get_total_consumption(country)
[2022-03-21 00:00:06,563] {bash.py:173} INFO -   File "/app/scripts/main.py", line 66, in get_total_consumption
[2022-03-21 00:00:06,563] {bash.py:173} INFO -     country_consumption_total.append(sum(res.get('powerConsumptionBreakdown').values()))
[2022-03-21 00:00:06,564] {bash.py:173} INFO - AttributeError: 'NoneType' object has no attribute 'values'
[2022-03-21 00:00:06,598] {bash.py:177} INFO - Command exited with return code 1
[2022-03-21 00:00:06,608] {taskinstance.py:1455} ERROR - Bash command failed. The command returned a non-zero exit code.
Traceback (most recent call last):
  File "/app/env/lib/python3.8/site-packages/airflow/models/taskinstance.py", line 1112, in _run_raw_task
    self._prepare_and_execute_task_with_callbacks(context, task)
  File "/app/env/lib/python3.8/site-packages/airflow/models/taskinstance.py", line 1285, in _prepare_and_execute_task_with_callbacks
    result = self._execute_task(context, task_copy)
  File "/app/env/lib/python3.8/site-packages/airflow/models/taskinstance.py", line 1315, in _execute_task
    result = task_copy.execute(context=context)
  File "/app/env/lib/python3.8/site-packages/airflow/operators/bash.py", line 180, in execute
    raise AirflowException('Bash command failed. The command returned a non-zero exit code.')
airflow.exceptions.AirflowException: Bash command failed. The command returned a non-zero exit code.
[2022-03-21 00:00:06,610] {taskinstance.py:1496} INFO - Marking task as UP_FOR_RETRY. dag_id=matchup, task_id=run_script, execution_date=20220320T180000, start_date=20220321T000004, end_date=20220321T000006
[2022-03-21 00:00:06,687] {local_task_job.py:146} INFO - Task exited with return code 1
