[2022-02-27 12:00:05,347] {taskinstance.py:851} INFO - Dependencies all met for <TaskInstance: matchup.run_script 2022-02-27T06:00:00+00:00 [queued]>
[2022-02-27 12:00:05,357] {taskinstance.py:851} INFO - Dependencies all met for <TaskInstance: matchup.run_script 2022-02-27T06:00:00+00:00 [queued]>
[2022-02-27 12:00:05,357] {taskinstance.py:1042} INFO - 
--------------------------------------------------------------------------------
[2022-02-27 12:00:05,357] {taskinstance.py:1043} INFO - Starting attempt 1 of 6
[2022-02-27 12:00:05,357] {taskinstance.py:1044} INFO - 
--------------------------------------------------------------------------------
[2022-02-27 12:00:05,369] {taskinstance.py:1063} INFO - Executing <Task(BashOperator): run_script> on 2022-02-27T06:00:00+00:00
[2022-02-27 12:00:05,372] {standard_task_runner.py:52} INFO - Started process 127356 to run task
[2022-02-27 12:00:05,378] {standard_task_runner.py:76} INFO - Running: ['airflow', 'tasks', 'run', 'matchup', 'run_script', '2022-02-27T06:00:00+00:00', '--job-id', '94', '--pool', 'default_pool', '--raw', '--subdir', 'DAGS_FOLDER/matchup.py', '--cfg-path', '/tmp/tmp0l3_nwmu', '--error-file', '/tmp/tmp_r05chji']
[2022-02-27 12:00:05,378] {standard_task_runner.py:77} INFO - Job 94: Subtask run_script
[2022-02-27 12:00:05,418] {logging_mixin.py:104} INFO - Running <TaskInstance: matchup.run_script 2022-02-27T06:00:00+00:00 [running]> on host 531edfb863fc
[2022-02-27 12:00:05,458] {taskinstance.py:1255} INFO - Exporting the following env vars:
AIRFLOW_CTX_DAG_EMAIL=r.chesne@gmail.com
AIRFLOW_CTX_DAG_OWNER=Robin
AIRFLOW_CTX_DAG_ID=matchup
AIRFLOW_CTX_TASK_ID=run_script
AIRFLOW_CTX_EXECUTION_DATE=2022-02-27T06:00:00+00:00
AIRFLOW_CTX_DAG_RUN_ID=scheduled__2022-02-27T06:00:00+00:00
[2022-02-27 12:00:05,459] {bash.py:135} INFO - Tmp dir root location: 
 /tmp
[2022-02-27 12:00:05,460] {bash.py:158} INFO - Running command: python /app/scripts/main.py
[2022-02-27 12:00:05,469] {bash.py:169} INFO - Output:
[2022-02-27 12:00:09,126] {bash.py:173} INFO - Portugal: CO2 228, mix [('gas', 1599, '33'), ('nuclear', 907, '19'), ('solar', 851, '18')]
[2022-02-27 12:00:09,126] {bash.py:173} INFO - Italy: CO2 255, mix [('solar', 8035, '26'), ('gas', 6075, '20'), ('wind', 5257, '17')]
[2022-02-27 12:00:09,126] {bash.py:173} INFO - Denmark: CO2 222, mix [('wind', 1074, '25'), ('biomass', 832, '20'), ('solar', 587, '14')]
[2022-02-27 12:00:09,126] {bash.py:173} INFO - Finland: CO2 146, mix [('nuclear', 3162, '33'), ('wind', 2353, '24'), ('hydro', 1775, '18')]
[2022-02-27 12:00:09,126] {bash.py:173} INFO - Germany: CO2 294, mix [('solar', 17833, '34'), ('coal', 14662, '28'), ('wind', 8951, '17')]
[2022-02-27 12:00:09,126] {bash.py:173} INFO - UK: CO2 100, mix [('wind', 12743, '42'), ('nuclear', 6574, '22'), ('solar', 3619, '12')]
[2022-02-27 12:00:09,190] {bash.py:177} INFO - Command exited with return code 0
[2022-02-27 12:00:09,210] {taskinstance.py:1159} INFO - Marking task as SUCCESS. dag_id=matchup, task_id=run_script, execution_date=20220227T060000, start_date=20220227T120005, end_date=20220227T120009
[2022-02-27 12:00:09,227] {taskinstance.py:1220} INFO - 0 downstream tasks scheduled from follow-on schedule check
[2022-02-27 12:00:09,244] {local_task_job.py:146} INFO - Task exited with return code 0
