[2022-03-24 06:03:22,191] {taskinstance.py:851} INFO - Dependencies all met for <TaskInstance: matchup.run_script 2022-03-24T00:00:00+00:00 [queued]>
[2022-03-24 06:03:22,196] {taskinstance.py:851} INFO - Dependencies all met for <TaskInstance: matchup.run_script 2022-03-24T00:00:00+00:00 [queued]>
[2022-03-24 06:03:22,197] {taskinstance.py:1042} INFO - 
--------------------------------------------------------------------------------
[2022-03-24 06:03:22,197] {taskinstance.py:1043} INFO - Starting attempt 4 of 6
[2022-03-24 06:03:22,197] {taskinstance.py:1044} INFO - 
--------------------------------------------------------------------------------
[2022-03-24 06:03:22,204] {taskinstance.py:1063} INFO - Executing <Task(BashOperator): run_script> on 2022-03-24T00:00:00+00:00
[2022-03-24 06:03:22,208] {standard_task_runner.py:52} INFO - Started process 479155 to run task
[2022-03-24 06:03:22,215] {standard_task_runner.py:76} INFO - Running: ['airflow', 'tasks', 'run', 'matchup', 'run_script', '2022-03-24T00:00:00+00:00', '--job-id', '452', '--pool', 'default_pool', '--raw', '--subdir', 'DAGS_FOLDER/matchup.py', '--cfg-path', '/tmp/tmp_rum26hk', '--error-file', '/tmp/tmppj6pwitm']
[2022-03-24 06:03:22,215] {standard_task_runner.py:77} INFO - Job 452: Subtask run_script
[2022-03-24 06:03:22,245] {logging_mixin.py:104} INFO - Running <TaskInstance: matchup.run_script 2022-03-24T00:00:00+00:00 [running]> on host 531edfb863fc
[2022-03-24 06:03:22,263] {taskinstance.py:1255} INFO - Exporting the following env vars:
AIRFLOW_CTX_DAG_EMAIL=r.chesne@gmail.com
AIRFLOW_CTX_DAG_OWNER=Robin
AIRFLOW_CTX_DAG_ID=matchup
AIRFLOW_CTX_TASK_ID=run_script
AIRFLOW_CTX_EXECUTION_DATE=2022-03-24T00:00:00+00:00
AIRFLOW_CTX_DAG_RUN_ID=scheduled__2022-03-24T00:00:00+00:00
[2022-03-24 06:03:22,263] {bash.py:135} INFO - Tmp dir root location: 
 /tmp
[2022-03-24 06:03:22,263] {bash.py:158} INFO - Running command: python /app/scripts/main.py
[2022-03-24 06:03:22,271] {bash.py:169} INFO - Output:
[2022-03-24 06:03:25,160] {bash.py:173} INFO - Spain
[2022-03-24 06:03:25,160] {bash.py:173} INFO - 21630
[2022-03-24 06:03:25,161] {bash.py:173} INFO - Portugal
[2022-03-24 06:03:25,161] {bash.py:173} INFO - 4764
[2022-03-24 06:03:25,161] {bash.py:173} INFO - Spain: CO2 160, mix [('wind', 8510, '39'), ('nuclear', 5169, '24'), ('gas', 4903, '23')]
[2022-03-24 06:03:25,161] {bash.py:173} INFO - Portugal: CO2 151, mix [('wind', 3122, '66'), ('gas', 1205, '25'), ('biomass', 325, '7')]
[2022-03-24 06:03:25,161] {bash.py:173} INFO - Finland
[2022-03-24 06:03:25,161] {bash.py:173} INFO - 8640
[2022-03-24 06:03:25,161] {bash.py:173} INFO - Norway
[2022-03-24 06:03:25,161] {bash.py:173} INFO - 15035
[2022-03-24 06:03:25,161] {bash.py:173} INFO - Finland: CO2 130, mix [('nuclear', 3222, '37'), ('wind', 2753, '32'), ('hydro', 716, '8')]
[2022-03-24 06:03:25,161] {bash.py:173} INFO - Norway: CO2 28, mix [('hydro', 12109, '81'), ('wind', 2138, '14'), ('hydro discharge', 311, '2')]
[2022-03-24 06:03:25,161] {bash.py:173} INFO - Traceback (most recent call last):
[2022-03-24 06:03:25,161] {bash.py:173} INFO -   File "/app/scripts/main.py", line 241, in <module>
[2022-03-24 06:03:25,161] {bash.py:173} INFO -     get_matchups()
[2022-03-24 06:03:25,161] {bash.py:173} INFO -   File "/app/scripts/main.py", line 51, in get_matchups
[2022-03-24 06:03:25,162] {bash.py:173} INFO -     get_data(division, country1, country2)
[2022-03-24 06:03:25,162] {bash.py:173} INFO -   File "/app/scripts/main.py", line 199, in get_data
[2022-03-24 06:03:25,162] {bash.py:173} INFO -     co2_country2 = get_co2(country2)
[2022-03-24 06:03:25,162] {bash.py:173} INFO -   File "/app/scripts/main.py", line 73, in get_co2
[2022-03-24 06:03:25,162] {bash.py:173} INFO -     country_consumption_total = get_total_consumption(country)
[2022-03-24 06:03:25,162] {bash.py:173} INFO -   File "/app/scripts/main.py", line 66, in get_total_consumption
[2022-03-24 06:03:25,162] {bash.py:173} INFO -     country_consumption_total.append(sum(res.get('powerConsumptionBreakdown').values()))
[2022-03-24 06:03:25,162] {bash.py:173} INFO - AttributeError: 'NoneType' object has no attribute 'values'
[2022-03-24 06:03:25,197] {bash.py:177} INFO - Command exited with return code 1
[2022-03-24 06:03:25,207] {taskinstance.py:1455} ERROR - Bash command failed. The command returned a non-zero exit code.
Traceback (most recent call last):
  File "/app/env/lib/python3.8/site-packages/airflow/models/taskinstance.py", line 1112, in _run_raw_task
    self._prepare_and_execute_task_with_callbacks(context, task)
  File "/app/env/lib/python3.8/site-packages/airflow/models/taskinstance.py", line 1285, in _prepare_and_execute_task_with_callbacks
    result = self._execute_task(context, task_copy)
  File "/app/env/lib/python3.8/site-packages/airflow/models/taskinstance.py", line 1315, in _execute_task
    result = task_copy.execute(context=context)
  File "/app/env/lib/python3.8/site-packages/airflow/operators/bash.py", line 180, in execute
    raise AirflowException('Bash command failed. The command returned a non-zero exit code.')
airflow.exceptions.AirflowException: Bash command failed. The command returned a non-zero exit code.
[2022-03-24 06:03:25,209] {taskinstance.py:1496} INFO - Marking task as UP_FOR_RETRY. dag_id=matchup, task_id=run_script, execution_date=20220324T000000, start_date=20220324T060322, end_date=20220324T060325
[2022-03-24 06:03:25,236] {local_task_job.py:146} INFO - Task exited with return code 1
