[2022-04-12 06:00:03,453] {taskinstance.py:851} INFO - Dependencies all met for <TaskInstance: matchup.run_script 2022-04-12T00:00:00+00:00 [queued]>
[2022-04-12 06:00:03,457] {taskinstance.py:851} INFO - Dependencies all met for <TaskInstance: matchup.run_script 2022-04-12T00:00:00+00:00 [queued]>
[2022-04-12 06:00:03,457] {taskinstance.py:1042} INFO - 
--------------------------------------------------------------------------------
[2022-04-12 06:00:03,458] {taskinstance.py:1043} INFO - Starting attempt 1 of 6
[2022-04-12 06:00:03,458] {taskinstance.py:1044} INFO - 
--------------------------------------------------------------------------------
[2022-04-12 06:00:03,465] {taskinstance.py:1063} INFO - Executing <Task(BashOperator): run_script> on 2022-04-12T00:00:00+00:00
[2022-04-12 06:00:03,468] {standard_task_runner.py:52} INFO - Started process 125114 to run task
[2022-04-12 06:00:03,474] {standard_task_runner.py:76} INFO - Running: ['airflow', 'tasks', 'run', 'matchup', 'run_script', '2022-04-12T00:00:00+00:00', '--job-id', '136', '--pool', 'default_pool', '--raw', '--subdir', 'DAGS_FOLDER/matchup.py', '--cfg-path', '/tmp/tmp9lhu1bgm', '--error-file', '/tmp/tmpynkfew41']
[2022-04-12 06:00:03,474] {standard_task_runner.py:77} INFO - Job 136: Subtask run_script
[2022-04-12 06:00:03,499] {logging_mixin.py:104} INFO - Running <TaskInstance: matchup.run_script 2022-04-12T00:00:00+00:00 [running]> on host 193e33218975
[2022-04-12 06:00:03,539] {taskinstance.py:1255} INFO - Exporting the following env vars:
AIRFLOW_CTX_DAG_EMAIL=r.chesne@gmail.com
AIRFLOW_CTX_DAG_OWNER=Robin
AIRFLOW_CTX_DAG_ID=matchup
AIRFLOW_CTX_TASK_ID=run_script
AIRFLOW_CTX_EXECUTION_DATE=2022-04-12T00:00:00+00:00
AIRFLOW_CTX_DAG_RUN_ID=scheduled__2022-04-12T00:00:00+00:00
[2022-04-12 06:00:03,540] {bash.py:135} INFO - Tmp dir root location: 
 /tmp
[2022-04-12 06:00:03,541] {bash.py:158} INFO - Running command: python /app/scripts/main.py
[2022-04-12 06:00:03,550] {bash.py:169} INFO - Output:
[2022-04-12 06:00:06,998] {bash.py:173} INFO - Spain
[2022-04-12 06:00:06,998] {bash.py:173} INFO - 21875
[2022-04-12 06:00:06,999] {bash.py:173} INFO - Portugal
[2022-04-12 06:00:06,999] {bash.py:173} INFO - 3658
[2022-04-12 06:00:06,999] {bash.py:173} INFO - Spain: CO2 161, mix [('wind', 8349, '38'), ('nuclear', 5409, '25'), ('gas', 4476, '20')]
[2022-04-12 06:00:06,999] {bash.py:173} INFO - Portugal: CO2 225, mix [('wind', 1659, '45'), ('gas', 1439, '39'), ('biomass', 355, '10')]
[2022-04-12 06:00:06,999] {bash.py:173} INFO - Norway
[2022-04-12 06:00:06,999] {bash.py:173} INFO - 16393
[2022-04-12 06:00:06,999] {bash.py:173} INFO - Sweden
[2022-04-12 06:00:06,999] {bash.py:173} INFO - 16720
[2022-04-12 06:00:06,999] {bash.py:173} INFO - Norway: CO2 28, mix [('hydro', 14580, '89'), ('wind', 1308, '8'), ('hydro discharge', 257, '2')]
[2022-04-12 06:00:07,000] {bash.py:173} INFO - Sweden: CO2 43, mix [('hydro', 7214, '43'), ('nuclear', 5721, '34'), ('wind', 2155, '13')]
[2022-04-12 06:00:07,000] {bash.py:173} INFO - UK
[2022-04-12 06:00:07,000] {bash.py:173} INFO - 21811
[2022-04-12 06:00:07,000] {bash.py:173} INFO - France
[2022-04-12 06:00:07,000] {bash.py:173} INFO - 48919
[2022-04-12 06:00:07,000] {bash.py:173} INFO - UK: CO2 152, mix [('wind', 8464, '39'), ('nuclear', 5905, '27'), ('gas', 5699, '26')]
[2022-04-12 06:00:07,000] {bash.py:173} INFO - France: CO2 60, mix [('nuclear', 29872, '61'), ('wind', 7544, '15'), ('hydro', 6247, '13')]
[2022-04-12 06:00:07,031] {bash.py:177} INFO - Command exited with return code 0
[2022-04-12 06:00:07,050] {taskinstance.py:1159} INFO - Marking task as SUCCESS. dag_id=matchup, task_id=run_script, execution_date=20220412T000000, start_date=20220412T060003, end_date=20220412T060007
[2022-04-12 06:00:07,063] {taskinstance.py:1220} INFO - 0 downstream tasks scheduled from follow-on schedule check
[2022-04-12 06:00:07,101] {local_task_job.py:146} INFO - Task exited with return code 0
