[2022-06-22 18:00:04,235] {taskinstance.py:851} INFO - Dependencies all met for <TaskInstance: matchup.run_script 2022-06-22T12:00:00+00:00 [queued]>
[2022-06-22 18:00:04,239] {taskinstance.py:851} INFO - Dependencies all met for <TaskInstance: matchup.run_script 2022-06-22T12:00:00+00:00 [queued]>
[2022-06-22 18:00:04,239] {taskinstance.py:1042} INFO - 
--------------------------------------------------------------------------------
[2022-06-22 18:00:04,239] {taskinstance.py:1043} INFO - Starting attempt 1 of 6
[2022-06-22 18:00:04,239] {taskinstance.py:1044} INFO - 
--------------------------------------------------------------------------------
[2022-06-22 18:00:04,250] {taskinstance.py:1063} INFO - Executing <Task(BashOperator): run_script> on 2022-06-22T12:00:00+00:00
[2022-06-22 18:00:04,252] {standard_task_runner.py:52} INFO - Started process 18613 to run task
[2022-06-22 18:00:04,255] {standard_task_runner.py:76} INFO - Running: ['airflow', 'tasks', 'run', 'matchup', 'run_script', '2022-06-22T12:00:00+00:00', '--job-id', '1421', '--pool', 'default_pool', '--raw', '--subdir', 'DAGS_FOLDER/matchup.py', '--cfg-path', '/tmp/tmpvf6633mr', '--error-file', '/tmp/tmp9rfbxp_8']
[2022-06-22 18:00:04,256] {standard_task_runner.py:77} INFO - Job 1421: Subtask run_script
[2022-06-22 18:00:04,288] {logging_mixin.py:104} INFO - Running <TaskInstance: matchup.run_script 2022-06-22T12:00:00+00:00 [running]> on host b5b34dd97903
[2022-06-22 18:00:04,315] {taskinstance.py:1255} INFO - Exporting the following env vars:
AIRFLOW_CTX_DAG_EMAIL=r.chesne@gmail.com
AIRFLOW_CTX_DAG_OWNER=Robin
AIRFLOW_CTX_DAG_ID=matchup
AIRFLOW_CTX_TASK_ID=run_script
AIRFLOW_CTX_EXECUTION_DATE=2022-06-22T12:00:00+00:00
AIRFLOW_CTX_DAG_RUN_ID=scheduled__2022-06-22T12:00:00+00:00
[2022-06-22 18:00:04,316] {bash.py:135} INFO - Tmp dir root location: 
 /tmp
[2022-06-22 18:00:04,316] {bash.py:158} INFO - Running command: python /app/scripts/main.py
[2022-06-22 18:00:04,322] {bash.py:169} INFO - Output:
[2022-06-22 18:00:08,029] {bash.py:173} INFO - Spain
[2022-06-22 18:00:08,029] {bash.py:173} INFO - 34824
[2022-06-22 18:00:08,030] {bash.py:173} INFO - Italy
[2022-06-22 18:00:08,030] {bash.py:173} INFO - 37957
[2022-06-22 18:00:08,030] {bash.py:173} INFO - Spain: CO2 251, mix [('gas', 14421, '41'), ('solar', 6785, '19'), ('nuclear', 6696, '19')]
[2022-06-22 18:00:08,030] {bash.py:173} INFO - Italy: CO2 348, mix [('gas', 17394, '46'), ('hydro', 6798, '18'), ('solar', 3099, '8')]
[2022-06-22 18:00:08,030] {bash.py:173} INFO - Denmark
[2022-06-22 18:00:08,030] {bash.py:173} INFO - 5046
[2022-06-22 18:00:08,030] {bash.py:173} INFO - Sweden
[2022-06-22 18:00:08,030] {bash.py:173} INFO - 13046
[2022-06-22 18:00:08,030] {bash.py:173} INFO - Denmark: CO2 145, mix [('hydro', 1547, '31'), ('wind', 1512, '30'), ('gas', 414, '8')]
[2022-06-22 18:00:08,030] {bash.py:173} INFO - Sweden: CO2 26, mix [('hydro', 7155, '55'), ('nuclear', 3671, '28'), ('wind', 1688, '13')]
[2022-06-22 18:00:08,030] {bash.py:173} INFO - UK
[2022-06-22 18:00:08,030] {bash.py:173} INFO - 30871
[2022-06-22 18:00:08,030] {bash.py:173} INFO - France
[2022-06-22 18:00:08,030] {bash.py:173} INFO - 48932
[2022-06-22 18:00:08,030] {bash.py:173} INFO - UK: CO2 269, mix [('gas', 14640, '47'), ('nuclear', 5512, '18'), ('wind', 4167, '13')]
[2022-06-22 18:00:08,030] {bash.py:173} INFO - France: CO2 75, mix [('nuclear', 29442, '60'), ('hydro', 6279, '13'), ('gas', 4094, '8')]
[2022-06-22 18:00:08,057] {bash.py:177} INFO - Command exited with return code 0
[2022-06-22 18:00:08,068] {taskinstance.py:1159} INFO - Marking task as SUCCESS. dag_id=matchup, task_id=run_script, execution_date=20220622T120000, start_date=20220622T180004, end_date=20220622T180008
[2022-06-22 18:00:08,079] {taskinstance.py:1220} INFO - 0 downstream tasks scheduled from follow-on schedule check
[2022-06-22 18:00:08,121] {local_task_job.py:146} INFO - Task exited with return code 0
