[2022-07-09 06:00:04,662] {taskinstance.py:851} INFO - Dependencies all met for <TaskInstance: matchup.run_script 2022-07-09T00:00:00+00:00 [queued]>
[2022-07-09 06:00:04,668] {taskinstance.py:851} INFO - Dependencies all met for <TaskInstance: matchup.run_script 2022-07-09T00:00:00+00:00 [queued]>
[2022-07-09 06:00:04,668] {taskinstance.py:1042} INFO - 
--------------------------------------------------------------------------------
[2022-07-09 06:00:04,668] {taskinstance.py:1043} INFO - Starting attempt 1 of 6
[2022-07-09 06:00:04,668] {taskinstance.py:1044} INFO - 
--------------------------------------------------------------------------------
[2022-07-09 06:00:04,677] {taskinstance.py:1063} INFO - Executing <Task(BashOperator): run_script> on 2022-07-09T00:00:00+00:00
[2022-07-09 06:00:04,680] {standard_task_runner.py:52} INFO - Started process 16969 to run task
[2022-07-09 06:00:04,686] {standard_task_runner.py:76} INFO - Running: ['airflow', 'tasks', 'run', 'matchup', 'run_script', '2022-07-09T00:00:00+00:00', '--job-id', '1546', '--pool', 'default_pool', '--raw', '--subdir', 'DAGS_FOLDER/matchup.py', '--cfg-path', '/tmp/tmps6fh4b3o', '--error-file', '/tmp/tmph6_ad0gg']
[2022-07-09 06:00:04,687] {standard_task_runner.py:77} INFO - Job 1546: Subtask run_script
[2022-07-09 06:00:04,722] {logging_mixin.py:104} INFO - Running <TaskInstance: matchup.run_script 2022-07-09T00:00:00+00:00 [running]> on host a41a09215c15
[2022-07-09 06:00:04,755] {taskinstance.py:1255} INFO - Exporting the following env vars:
AIRFLOW_CTX_DAG_EMAIL=r.chesne@gmail.com
AIRFLOW_CTX_DAG_OWNER=Robin
AIRFLOW_CTX_DAG_ID=matchup
AIRFLOW_CTX_TASK_ID=run_script
AIRFLOW_CTX_EXECUTION_DATE=2022-07-09T00:00:00+00:00
AIRFLOW_CTX_DAG_RUN_ID=scheduled__2022-07-09T00:00:00+00:00
[2022-07-09 06:00:04,756] {bash.py:135} INFO - Tmp dir root location: 
 /tmp
[2022-07-09 06:00:04,756] {bash.py:158} INFO - Running command: python /app/scripts/main.py
[2022-07-09 06:00:04,765] {bash.py:169} INFO - Output:
[2022-07-09 06:00:09,763] {bash.py:173} INFO - Spain
[2022-07-09 06:00:09,763] {bash.py:173} INFO - 24792
[2022-07-09 06:00:09,764] {bash.py:173} INFO - Italy
[2022-07-09 06:00:09,764] {bash.py:173} INFO - 29360
[2022-07-09 06:00:09,764] {bash.py:173} INFO - Spain: CO2 230, mix [('gas', 8474, '34'), ('nuclear', 6963, '28'), ('wind', 5285, '21')]
[2022-07-09 06:00:09,764] {bash.py:173} INFO - Italy: CO2 394, mix [('gas', 14546, '50'), ('hydro', 4499, '15'), ('coal', 2988, '10')]
[2022-07-09 06:00:09,764] {bash.py:173} INFO - Germany
[2022-07-09 06:00:09,764] {bash.py:173} INFO - 41425
[2022-07-09 06:00:09,765] {bash.py:173} INFO - France
[2022-07-09 06:00:09,765] {bash.py:173} INFO - 36762
[2022-07-09 06:00:09,765] {bash.py:173} INFO - Germany: CO2 405, mix [('coal', 16802, '41'), ('wind', 8906, '21'), ('biomass', 4675, '11')]
[2022-07-09 06:00:09,765] {bash.py:173} INFO - France: CO2 67, mix [('nuclear', 25261, '69'), ('hydro', 3874, '11'), ('gas', 3361, '9')]
[2022-07-09 06:00:09,765] {bash.py:173} INFO - Norway
[2022-07-09 06:00:09,765] {bash.py:173} INFO - 12833
[2022-07-09 06:00:09,765] {bash.py:173} INFO - Sweden
[2022-07-09 06:00:09,765] {bash.py:173} INFO - 10504
[2022-07-09 06:00:09,765] {bash.py:173} INFO - Norway: CO2 38, mix [('hydro', 10847, '85'), ('wind', 1519, '12'), ('gas', 186, '1')]
[2022-07-09 06:00:09,765] {bash.py:173} INFO - Sweden: CO2 23, mix [('hydro', 4752, '45'), ('nuclear', 3869, '37'), ('wind', 1593, '15')]
[2022-07-09 06:00:09,814] {bash.py:177} INFO - Command exited with return code 0
[2022-07-09 06:00:09,833] {taskinstance.py:1159} INFO - Marking task as SUCCESS. dag_id=matchup, task_id=run_script, execution_date=20220709T000000, start_date=20220709T060004, end_date=20220709T060009
[2022-07-09 06:00:09,850] {taskinstance.py:1220} INFO - 0 downstream tasks scheduled from follow-on schedule check
[2022-07-09 06:00:09,866] {local_task_job.py:146} INFO - Task exited with return code 0
