[2022-04-23 18:00:04,401] {taskinstance.py:851} INFO - Dependencies all met for <TaskInstance: matchup.run_script 2022-04-23T12:00:00+00:00 [queued]>
[2022-04-23 18:00:04,405] {taskinstance.py:851} INFO - Dependencies all met for <TaskInstance: matchup.run_script 2022-04-23T12:00:00+00:00 [queued]>
[2022-04-23 18:00:04,405] {taskinstance.py:1042} INFO - 
--------------------------------------------------------------------------------
[2022-04-23 18:00:04,405] {taskinstance.py:1043} INFO - Starting attempt 1 of 6
[2022-04-23 18:00:04,405] {taskinstance.py:1044} INFO - 
--------------------------------------------------------------------------------
[2022-04-23 18:00:04,413] {taskinstance.py:1063} INFO - Executing <Task(BashOperator): run_script> on 2022-04-23T12:00:00+00:00
[2022-04-23 18:00:04,417] {standard_task_runner.py:52} INFO - Started process 288977 to run task
[2022-04-23 18:00:04,422] {standard_task_runner.py:76} INFO - Running: ['airflow', 'tasks', 'run', 'matchup', 'run_script', '2022-04-23T12:00:00+00:00', '--job-id', '262', '--pool', 'default_pool', '--raw', '--subdir', 'DAGS_FOLDER/matchup.py', '--cfg-path', '/tmp/tmpelk84sdl', '--error-file', '/tmp/tmpp0fc8ssb']
[2022-04-23 18:00:04,422] {standard_task_runner.py:77} INFO - Job 262: Subtask run_script
[2022-04-23 18:00:04,449] {logging_mixin.py:104} INFO - Running <TaskInstance: matchup.run_script 2022-04-23T12:00:00+00:00 [running]> on host 193e33218975
[2022-04-23 18:00:04,482] {taskinstance.py:1255} INFO - Exporting the following env vars:
AIRFLOW_CTX_DAG_EMAIL=r.chesne@gmail.com
AIRFLOW_CTX_DAG_OWNER=Robin
AIRFLOW_CTX_DAG_ID=matchup
AIRFLOW_CTX_TASK_ID=run_script
AIRFLOW_CTX_EXECUTION_DATE=2022-04-23T12:00:00+00:00
AIRFLOW_CTX_DAG_RUN_ID=scheduled__2022-04-23T12:00:00+00:00
[2022-04-23 18:00:04,483] {bash.py:135} INFO - Tmp dir root location: 
 /tmp
[2022-04-23 18:00:04,483] {bash.py:158} INFO - Running command: python /app/scripts/main.py
[2022-04-23 18:00:04,490] {bash.py:169} INFO - Output:
[2022-04-23 18:00:09,122] {bash.py:173} INFO - Spain
[2022-04-23 18:00:09,123] {bash.py:173} INFO - 31638
[2022-04-23 18:00:09,123] {bash.py:173} INFO - Italy
[2022-04-23 18:00:09,123] {bash.py:173} INFO - 33555
[2022-04-23 18:00:09,123] {bash.py:173} INFO - Spain: CO2 158, mix [('wind', 10481, '33'), ('gas', 7158, '23'), ('nuclear', 6049, '19')]
[2022-04-23 18:00:09,123] {bash.py:173} INFO - Italy: CO2 412, mix [('gas', 19143, '57'), ('hydro', 3997, '12'), ('wind', 3235, '10')]
[2022-04-23 18:00:09,123] {bash.py:173} INFO - Norway
[2022-04-23 18:00:09,123] {bash.py:173} INFO - 18670
[2022-04-23 18:00:09,123] {bash.py:173} INFO - Sweden
[2022-04-23 18:00:09,123] {bash.py:173} INFO - 18799
[2022-04-23 18:00:09,123] {bash.py:173} INFO - Norway: CO2 44, mix [('hydro', 15543, '83'), ('wind', 2063, '11'), ('hydro discharge', 291, '2')]
[2022-04-23 18:00:09,124] {bash.py:173} INFO - Sweden: CO2 40, mix [('hydro', 7968, '42'), ('nuclear', 5850, '31'), ('wind', 3384, '18')]
[2022-04-23 18:00:09,124] {bash.py:173} INFO - France
[2022-04-23 18:00:09,124] {bash.py:173} INFO - 56363
[2022-04-23 18:00:09,124] {bash.py:173} INFO - UK
[2022-04-23 18:00:09,124] {bash.py:173} INFO - 34076
[2022-04-23 18:00:09,124] {bash.py:173} INFO - France: CO2 78, mix [('nuclear', 31329, '56'), ('wind', 7846, '14'), ('hydro', 7837, '14')]
[2022-04-23 18:00:09,124] {bash.py:173} INFO - UK: CO2 274, mix [('gas', 14775, '43'), ('wind', 8814, '26'), ('nuclear', 5525, '16')]
[2022-04-23 18:00:09,160] {bash.py:177} INFO - Command exited with return code 0
[2022-04-23 18:00:09,172] {taskinstance.py:1159} INFO - Marking task as SUCCESS. dag_id=matchup, task_id=run_script, execution_date=20220423T120000, start_date=20220423T180004, end_date=20220423T180009
[2022-04-23 18:00:09,183] {taskinstance.py:1220} INFO - 0 downstream tasks scheduled from follow-on schedule check
[2022-04-23 18:00:09,208] {local_task_job.py:146} INFO - Task exited with return code 0
