[2022-02-21 18:01:19,496] {taskinstance.py:851} INFO - Dependencies all met for <TaskInstance: matchup.run_script 2022-02-21T12:00:00+00:00 [queued]>
[2022-02-21 18:01:19,502] {taskinstance.py:851} INFO - Dependencies all met for <TaskInstance: matchup.run_script 2022-02-21T12:00:00+00:00 [queued]>
[2022-02-21 18:01:19,502] {taskinstance.py:1042} INFO - 
--------------------------------------------------------------------------------
[2022-02-21 18:01:19,502] {taskinstance.py:1043} INFO - Starting attempt 2 of 6
[2022-02-21 18:01:19,502] {taskinstance.py:1044} INFO - 
--------------------------------------------------------------------------------
[2022-02-21 18:01:19,510] {taskinstance.py:1063} INFO - Executing <Task(BashOperator): run_script> on 2022-02-21T12:00:00+00:00
[2022-02-21 18:01:19,515] {standard_task_runner.py:52} INFO - Started process 45946 to run task
[2022-02-21 18:01:19,523] {standard_task_runner.py:76} INFO - Running: ['airflow', 'tasks', 'run', 'matchup', 'run_script', '2022-02-21T12:00:00+00:00', '--job-id', '44', '--pool', 'default_pool', '--raw', '--subdir', 'DAGS_FOLDER/matchup.py', '--cfg-path', '/tmp/tmp3608n1pz', '--error-file', '/tmp/tmpym_qspv2']
[2022-02-21 18:01:19,524] {standard_task_runner.py:77} INFO - Job 44: Subtask run_script
[2022-02-21 18:01:19,560] {logging_mixin.py:104} INFO - Running <TaskInstance: matchup.run_script 2022-02-21T12:00:00+00:00 [running]> on host 531edfb863fc
[2022-02-21 18:01:19,584] {taskinstance.py:1255} INFO - Exporting the following env vars:
AIRFLOW_CTX_DAG_EMAIL=r.chesne@gmail.com
AIRFLOW_CTX_DAG_OWNER=Robin
AIRFLOW_CTX_DAG_ID=matchup
AIRFLOW_CTX_TASK_ID=run_script
AIRFLOW_CTX_EXECUTION_DATE=2022-02-21T12:00:00+00:00
AIRFLOW_CTX_DAG_RUN_ID=scheduled__2022-02-21T12:00:00+00:00
[2022-02-21 18:01:19,585] {bash.py:135} INFO - Tmp dir root location: 
 /tmp
[2022-02-21 18:01:19,585] {bash.py:158} INFO - Running command: python /app/scripts/main.py
[2022-02-21 18:01:19,595] {bash.py:169} INFO - Output:
[2022-02-21 18:01:23,090] {bash.py:173} INFO - ---
[2022-02-21 18:01:23,090] {bash.py:173} INFO - sending...
[2022-02-21 18:01:23,090] {bash.py:173} INFO - Southern Europe Spain Italy
[2022-02-21 18:01:23,091] {bash.py:173} INFO - ---
[2022-02-21 18:01:23,091] {bash.py:173} INFO - Spain: CO2 121, mix [('solar', 10599, '31'), ('wind', 8675, '25'), ('nuclear', 7085, '20')]
[2022-02-21 18:01:23,091] {bash.py:173} INFO - Italy: CO2 334, mix [('gas', 17972, '50'), ('wind', 6902, '19'), ('coal', 3121, '9')]
[2022-02-21 18:01:23,091] {bash.py:173} INFO - ---
[2022-02-21 18:01:23,091] {bash.py:173} INFO - sending...
[2022-02-21 18:01:23,091] {bash.py:173} INFO - Northern Europe Sweden Finland
[2022-02-21 18:01:23,091] {bash.py:173} INFO - ---
[2022-02-21 18:01:23,091] {bash.py:173} INFO - Sweden: CO2 42, mix [('hydro', 10665, '43'), ('wind', 6206, '25'), ('nuclear', 5580, '23')]
[2022-02-21 18:01:23,091] {bash.py:173} INFO - Finland: CO2 183, mix [('nuclear', 2799, '32'), ('hydro', 2176, '25'), ('coal', 1414, '16')]
[2022-02-21 18:01:23,091] {bash.py:173} INFO - ---
[2022-02-21 18:01:23,091] {bash.py:173} INFO - sending...
[2022-02-21 18:01:23,091] {bash.py:173} INFO - Central Europe UK France
[2022-02-21 18:01:23,091] {bash.py:173} INFO - ---
[2022-02-21 18:01:23,092] {bash.py:173} INFO - UK: CO2 177, mix [('wind', 12783, '39'), ('gas', 7949, '24'), ('nuclear', 4793, '15')]
[2022-02-21 18:01:23,092] {bash.py:173} INFO - France: CO2 54, mix [('nuclear', 42527, '61'), ('wind', 14015, '20'), ('hydro', 5935, '8')]
[2022-02-21 18:01:23,135] {bash.py:177} INFO - Command exited with return code 0
[2022-02-21 18:01:23,157] {taskinstance.py:1159} INFO - Marking task as SUCCESS. dag_id=matchup, task_id=run_script, execution_date=20220221T120000, start_date=20220221T180119, end_date=20220221T180123
[2022-02-21 18:01:23,179] {taskinstance.py:1220} INFO - 0 downstream tasks scheduled from follow-on schedule check
[2022-02-21 18:01:23,191] {local_task_job.py:146} INFO - Task exited with return code 0
