[2022-02-18 12:43:38,738] {scheduler_job.py:182} INFO - Started process (PID=29) to work on /app/env/lib/python3.8/site-packages/airflow/example_dags/example_kubernetes_executor.py
[2022-02-18 12:43:38,740] {scheduler_job.py:629} INFO - Processing file /app/env/lib/python3.8/site-packages/airflow/example_dags/example_kubernetes_executor.py for tasks to queue
[2022-02-18 12:43:38,740] {logging_mixin.py:104} INFO - [2022-02-18 12:43:38,740] {dagbag.py:448} INFO - Filling up the DagBag from /app/env/lib/python3.8/site-packages/airflow/example_dags/example_kubernetes_executor.py
[2022-02-18 12:43:38,754] {scheduler_job.py:639} INFO - DAG(s) dict_keys(['example_kubernetes_executor']) retrieved from /app/env/lib/python3.8/site-packages/airflow/example_dags/example_kubernetes_executor.py
[2022-02-18 12:43:38,763] {logging_mixin.py:104} INFO - [2022-02-18 12:43:38,763] {dag.py:1818} INFO - Sync 1 DAGs
[2022-02-18 12:43:38,776] {logging_mixin.py:104} INFO - [2022-02-18 12:43:38,776] {dag.py:2273} INFO - Setting next_dagrun for example_kubernetes_executor to None
[2022-02-18 12:43:38,784] {scheduler_job.py:190} INFO - Processing /app/env/lib/python3.8/site-packages/airflow/example_dags/example_kubernetes_executor.py took 0.050 seconds
[2022-02-18 12:44:09,370] {scheduler_job.py:182} INFO - Started process (PID=88) to work on /app/env/lib/python3.8/site-packages/airflow/example_dags/example_kubernetes_executor.py
[2022-02-18 12:44:09,372] {scheduler_job.py:629} INFO - Processing file /app/env/lib/python3.8/site-packages/airflow/example_dags/example_kubernetes_executor.py for tasks to queue
[2022-02-18 12:44:09,372] {logging_mixin.py:104} INFO - [2022-02-18 12:44:09,372] {dagbag.py:448} INFO - Filling up the DagBag from /app/env/lib/python3.8/site-packages/airflow/example_dags/example_kubernetes_executor.py
[2022-02-18 12:44:09,388] {scheduler_job.py:639} INFO - DAG(s) dict_keys(['example_kubernetes_executor']) retrieved from /app/env/lib/python3.8/site-packages/airflow/example_dags/example_kubernetes_executor.py
[2022-02-18 12:44:09,407] {logging_mixin.py:104} INFO - [2022-02-18 12:44:09,407] {dag.py:1818} INFO - Sync 1 DAGs
[2022-02-18 12:44:09,421] {logging_mixin.py:104} INFO - [2022-02-18 12:44:09,421] {dag.py:2273} INFO - Setting next_dagrun for example_kubernetes_executor to None
[2022-02-18 12:44:09,433] {scheduler_job.py:190} INFO - Processing /app/env/lib/python3.8/site-packages/airflow/example_dags/example_kubernetes_executor.py took 0.067 seconds
[2022-02-18 12:44:40,017] {scheduler_job.py:182} INFO - Started process (PID=123) to work on /app/env/lib/python3.8/site-packages/airflow/example_dags/example_kubernetes_executor.py
[2022-02-18 12:44:40,020] {scheduler_job.py:629} INFO - Processing file /app/env/lib/python3.8/site-packages/airflow/example_dags/example_kubernetes_executor.py for tasks to queue
[2022-02-18 12:44:40,020] {logging_mixin.py:104} INFO - [2022-02-18 12:44:40,020] {dagbag.py:448} INFO - Filling up the DagBag from /app/env/lib/python3.8/site-packages/airflow/example_dags/example_kubernetes_executor.py
[2022-02-18 12:44:40,035] {scheduler_job.py:639} INFO - DAG(s) dict_keys(['example_kubernetes_executor']) retrieved from /app/env/lib/python3.8/site-packages/airflow/example_dags/example_kubernetes_executor.py
[2022-02-18 12:44:40,054] {logging_mixin.py:104} INFO - [2022-02-18 12:44:40,054] {dag.py:1818} INFO - Sync 1 DAGs
[2022-02-18 12:44:40,067] {logging_mixin.py:104} INFO - [2022-02-18 12:44:40,067] {dag.py:2273} INFO - Setting next_dagrun for example_kubernetes_executor to None
[2022-02-18 12:44:40,078] {scheduler_job.py:190} INFO - Processing /app/env/lib/python3.8/site-packages/airflow/example_dags/example_kubernetes_executor.py took 0.065 seconds
[2022-02-18 12:45:11,017] {scheduler_job.py:182} INFO - Started process (PID=153) to work on /app/env/lib/python3.8/site-packages/airflow/example_dags/example_kubernetes_executor.py
[2022-02-18 12:45:11,018] {scheduler_job.py:629} INFO - Processing file /app/env/lib/python3.8/site-packages/airflow/example_dags/example_kubernetes_executor.py for tasks to queue
[2022-02-18 12:45:11,019] {logging_mixin.py:104} INFO - [2022-02-18 12:45:11,019] {dagbag.py:448} INFO - Filling up the DagBag from /app/env/lib/python3.8/site-packages/airflow/example_dags/example_kubernetes_executor.py
[2022-02-18 12:45:11,034] {scheduler_job.py:639} INFO - DAG(s) dict_keys(['example_kubernetes_executor']) retrieved from /app/env/lib/python3.8/site-packages/airflow/example_dags/example_kubernetes_executor.py
[2022-02-18 12:45:11,052] {logging_mixin.py:104} INFO - [2022-02-18 12:45:11,052] {dag.py:1818} INFO - Sync 1 DAGs
[2022-02-18 12:45:11,066] {logging_mixin.py:104} INFO - [2022-02-18 12:45:11,066] {dag.py:2273} INFO - Setting next_dagrun for example_kubernetes_executor to None
[2022-02-18 12:45:11,077] {scheduler_job.py:190} INFO - Processing /app/env/lib/python3.8/site-packages/airflow/example_dags/example_kubernetes_executor.py took 0.064 seconds
[2022-02-18 12:45:41,336] {scheduler_job.py:182} INFO - Started process (PID=183) to work on /app/env/lib/python3.8/site-packages/airflow/example_dags/example_kubernetes_executor.py
[2022-02-18 12:45:41,337] {scheduler_job.py:629} INFO - Processing file /app/env/lib/python3.8/site-packages/airflow/example_dags/example_kubernetes_executor.py for tasks to queue
[2022-02-18 12:45:41,338] {logging_mixin.py:104} INFO - [2022-02-18 12:45:41,338] {dagbag.py:448} INFO - Filling up the DagBag from /app/env/lib/python3.8/site-packages/airflow/example_dags/example_kubernetes_executor.py
[2022-02-18 12:45:41,354] {scheduler_job.py:639} INFO - DAG(s) dict_keys(['example_kubernetes_executor']) retrieved from /app/env/lib/python3.8/site-packages/airflow/example_dags/example_kubernetes_executor.py
[2022-02-18 12:45:41,369] {logging_mixin.py:104} INFO - [2022-02-18 12:45:41,369] {dag.py:1818} INFO - Sync 1 DAGs
[2022-02-18 12:45:41,379] {logging_mixin.py:104} INFO - [2022-02-18 12:45:41,379] {dag.py:2273} INFO - Setting next_dagrun for example_kubernetes_executor to None
[2022-02-18 12:45:41,385] {scheduler_job.py:190} INFO - Processing /app/env/lib/python3.8/site-packages/airflow/example_dags/example_kubernetes_executor.py took 0.053 seconds
[2022-02-18 12:46:11,534] {scheduler_job.py:182} INFO - Started process (PID=213) to work on /app/env/lib/python3.8/site-packages/airflow/example_dags/example_kubernetes_executor.py
[2022-02-18 12:46:11,536] {scheduler_job.py:629} INFO - Processing file /app/env/lib/python3.8/site-packages/airflow/example_dags/example_kubernetes_executor.py for tasks to queue
[2022-02-18 12:46:11,536] {logging_mixin.py:104} INFO - [2022-02-18 12:46:11,536] {dagbag.py:448} INFO - Filling up the DagBag from /app/env/lib/python3.8/site-packages/airflow/example_dags/example_kubernetes_executor.py
[2022-02-18 12:46:11,552] {scheduler_job.py:639} INFO - DAG(s) dict_keys(['example_kubernetes_executor']) retrieved from /app/env/lib/python3.8/site-packages/airflow/example_dags/example_kubernetes_executor.py
[2022-02-18 12:46:11,571] {logging_mixin.py:104} INFO - [2022-02-18 12:46:11,571] {dag.py:1818} INFO - Sync 1 DAGs
[2022-02-18 12:46:11,586] {logging_mixin.py:104} INFO - [2022-02-18 12:46:11,586] {dag.py:2273} INFO - Setting next_dagrun for example_kubernetes_executor to None
[2022-02-18 12:46:11,600] {scheduler_job.py:190} INFO - Processing /app/env/lib/python3.8/site-packages/airflow/example_dags/example_kubernetes_executor.py took 0.069 seconds
[2022-02-18 12:46:41,729] {scheduler_job.py:182} INFO - Started process (PID=243) to work on /app/env/lib/python3.8/site-packages/airflow/example_dags/example_kubernetes_executor.py
[2022-02-18 12:46:41,731] {scheduler_job.py:629} INFO - Processing file /app/env/lib/python3.8/site-packages/airflow/example_dags/example_kubernetes_executor.py for tasks to queue
[2022-02-18 12:46:41,732] {logging_mixin.py:104} INFO - [2022-02-18 12:46:41,731] {dagbag.py:448} INFO - Filling up the DagBag from /app/env/lib/python3.8/site-packages/airflow/example_dags/example_kubernetes_executor.py
[2022-02-18 12:46:41,747] {scheduler_job.py:639} INFO - DAG(s) dict_keys(['example_kubernetes_executor']) retrieved from /app/env/lib/python3.8/site-packages/airflow/example_dags/example_kubernetes_executor.py
[2022-02-18 12:46:41,767] {logging_mixin.py:104} INFO - [2022-02-18 12:46:41,767] {dag.py:1818} INFO - Sync 1 DAGs
[2022-02-18 12:46:41,781] {logging_mixin.py:104} INFO - [2022-02-18 12:46:41,780] {dag.py:2273} INFO - Setting next_dagrun for example_kubernetes_executor to None
[2022-02-18 12:46:41,790] {scheduler_job.py:190} INFO - Processing /app/env/lib/python3.8/site-packages/airflow/example_dags/example_kubernetes_executor.py took 0.065 seconds
[2022-02-18 12:47:12,092] {scheduler_job.py:182} INFO - Started process (PID=273) to work on /app/env/lib/python3.8/site-packages/airflow/example_dags/example_kubernetes_executor.py
[2022-02-18 12:47:12,094] {scheduler_job.py:629} INFO - Processing file /app/env/lib/python3.8/site-packages/airflow/example_dags/example_kubernetes_executor.py for tasks to queue
[2022-02-18 12:47:12,095] {logging_mixin.py:104} INFO - [2022-02-18 12:47:12,095] {dagbag.py:448} INFO - Filling up the DagBag from /app/env/lib/python3.8/site-packages/airflow/example_dags/example_kubernetes_executor.py
[2022-02-18 12:47:12,115] {scheduler_job.py:639} INFO - DAG(s) dict_keys(['example_kubernetes_executor']) retrieved from /app/env/lib/python3.8/site-packages/airflow/example_dags/example_kubernetes_executor.py
[2022-02-18 12:47:12,136] {logging_mixin.py:104} INFO - [2022-02-18 12:47:12,136] {dag.py:1818} INFO - Sync 1 DAGs
[2022-02-18 12:47:12,149] {logging_mixin.py:104} INFO - [2022-02-18 12:47:12,149] {dag.py:2273} INFO - Setting next_dagrun for example_kubernetes_executor to None
[2022-02-18 12:47:12,159] {scheduler_job.py:190} INFO - Processing /app/env/lib/python3.8/site-packages/airflow/example_dags/example_kubernetes_executor.py took 0.072 seconds
[2022-02-18 12:47:42,396] {scheduler_job.py:182} INFO - Started process (PID=303) to work on /app/env/lib/python3.8/site-packages/airflow/example_dags/example_kubernetes_executor.py
[2022-02-18 12:47:42,398] {scheduler_job.py:629} INFO - Processing file /app/env/lib/python3.8/site-packages/airflow/example_dags/example_kubernetes_executor.py for tasks to queue
[2022-02-18 12:47:42,399] {logging_mixin.py:104} INFO - [2022-02-18 12:47:42,399] {dagbag.py:448} INFO - Filling up the DagBag from /app/env/lib/python3.8/site-packages/airflow/example_dags/example_kubernetes_executor.py
[2022-02-18 12:47:42,416] {scheduler_job.py:639} INFO - DAG(s) dict_keys(['example_kubernetes_executor']) retrieved from /app/env/lib/python3.8/site-packages/airflow/example_dags/example_kubernetes_executor.py
[2022-02-18 12:47:42,438] {logging_mixin.py:104} INFO - [2022-02-18 12:47:42,438] {dag.py:1818} INFO - Sync 1 DAGs
[2022-02-18 12:47:42,457] {logging_mixin.py:104} INFO - [2022-02-18 12:47:42,456] {dag.py:2273} INFO - Setting next_dagrun for example_kubernetes_executor to None
[2022-02-18 12:47:42,469] {scheduler_job.py:190} INFO - Processing /app/env/lib/python3.8/site-packages/airflow/example_dags/example_kubernetes_executor.py took 0.077 seconds
[2022-02-18 12:48:12,691] {scheduler_job.py:182} INFO - Started process (PID=333) to work on /app/env/lib/python3.8/site-packages/airflow/example_dags/example_kubernetes_executor.py
[2022-02-18 12:48:12,692] {scheduler_job.py:629} INFO - Processing file /app/env/lib/python3.8/site-packages/airflow/example_dags/example_kubernetes_executor.py for tasks to queue
[2022-02-18 12:48:12,693] {logging_mixin.py:104} INFO - [2022-02-18 12:48:12,693] {dagbag.py:448} INFO - Filling up the DagBag from /app/env/lib/python3.8/site-packages/airflow/example_dags/example_kubernetes_executor.py
[2022-02-18 12:48:12,709] {scheduler_job.py:639} INFO - DAG(s) dict_keys(['example_kubernetes_executor']) retrieved from /app/env/lib/python3.8/site-packages/airflow/example_dags/example_kubernetes_executor.py
[2022-02-18 12:48:12,726] {logging_mixin.py:104} INFO - [2022-02-18 12:48:12,726] {dag.py:1818} INFO - Sync 1 DAGs
[2022-02-18 12:48:12,741] {logging_mixin.py:104} INFO - [2022-02-18 12:48:12,741] {dag.py:2273} INFO - Setting next_dagrun for example_kubernetes_executor to None
[2022-02-18 12:48:12,750] {scheduler_job.py:190} INFO - Processing /app/env/lib/python3.8/site-packages/airflow/example_dags/example_kubernetes_executor.py took 0.063 seconds
[2022-02-18 12:48:43,350] {scheduler_job.py:182} INFO - Started process (PID=363) to work on /app/env/lib/python3.8/site-packages/airflow/example_dags/example_kubernetes_executor.py
[2022-02-18 12:48:43,351] {scheduler_job.py:629} INFO - Processing file /app/env/lib/python3.8/site-packages/airflow/example_dags/example_kubernetes_executor.py for tasks to queue
[2022-02-18 12:48:43,352] {logging_mixin.py:104} INFO - [2022-02-18 12:48:43,352] {dagbag.py:448} INFO - Filling up the DagBag from /app/env/lib/python3.8/site-packages/airflow/example_dags/example_kubernetes_executor.py
[2022-02-18 12:48:43,367] {scheduler_job.py:639} INFO - DAG(s) dict_keys(['example_kubernetes_executor']) retrieved from /app/env/lib/python3.8/site-packages/airflow/example_dags/example_kubernetes_executor.py
[2022-02-18 12:48:43,385] {logging_mixin.py:104} INFO - [2022-02-18 12:48:43,385] {dag.py:1818} INFO - Sync 1 DAGs
[2022-02-18 12:48:43,398] {logging_mixin.py:104} INFO - [2022-02-18 12:48:43,398] {dag.py:2273} INFO - Setting next_dagrun for example_kubernetes_executor to None
[2022-02-18 12:48:43,408] {scheduler_job.py:190} INFO - Processing /app/env/lib/python3.8/site-packages/airflow/example_dags/example_kubernetes_executor.py took 0.071 seconds
[2022-02-18 12:49:14,196] {scheduler_job.py:182} INFO - Started process (PID=393) to work on /app/env/lib/python3.8/site-packages/airflow/example_dags/example_kubernetes_executor.py
[2022-02-18 12:49:14,198] {scheduler_job.py:629} INFO - Processing file /app/env/lib/python3.8/site-packages/airflow/example_dags/example_kubernetes_executor.py for tasks to queue
[2022-02-18 12:49:14,199] {logging_mixin.py:104} INFO - [2022-02-18 12:49:14,198] {dagbag.py:448} INFO - Filling up the DagBag from /app/env/lib/python3.8/site-packages/airflow/example_dags/example_kubernetes_executor.py
[2022-02-18 12:49:14,215] {scheduler_job.py:639} INFO - DAG(s) dict_keys(['example_kubernetes_executor']) retrieved from /app/env/lib/python3.8/site-packages/airflow/example_dags/example_kubernetes_executor.py
[2022-02-18 12:49:14,235] {logging_mixin.py:104} INFO - [2022-02-18 12:49:14,235] {dag.py:1818} INFO - Sync 1 DAGs
[2022-02-18 12:49:14,250] {logging_mixin.py:104} INFO - [2022-02-18 12:49:14,250] {dag.py:2273} INFO - Setting next_dagrun for example_kubernetes_executor to None
[2022-02-18 12:49:14,260] {scheduler_job.py:190} INFO - Processing /app/env/lib/python3.8/site-packages/airflow/example_dags/example_kubernetes_executor.py took 0.068 seconds
[2022-02-18 12:49:44,868] {scheduler_job.py:182} INFO - Started process (PID=423) to work on /app/env/lib/python3.8/site-packages/airflow/example_dags/example_kubernetes_executor.py
[2022-02-18 12:49:44,870] {scheduler_job.py:629} INFO - Processing file /app/env/lib/python3.8/site-packages/airflow/example_dags/example_kubernetes_executor.py for tasks to queue
[2022-02-18 12:49:44,870] {logging_mixin.py:104} INFO - [2022-02-18 12:49:44,870] {dagbag.py:448} INFO - Filling up the DagBag from /app/env/lib/python3.8/site-packages/airflow/example_dags/example_kubernetes_executor.py
[2022-02-18 12:49:44,886] {scheduler_job.py:639} INFO - DAG(s) dict_keys(['example_kubernetes_executor']) retrieved from /app/env/lib/python3.8/site-packages/airflow/example_dags/example_kubernetes_executor.py
[2022-02-18 12:49:44,904] {logging_mixin.py:104} INFO - [2022-02-18 12:49:44,904] {dag.py:1818} INFO - Sync 1 DAGs
[2022-02-18 12:49:44,921] {logging_mixin.py:104} INFO - [2022-02-18 12:49:44,921] {dag.py:2273} INFO - Setting next_dagrun for example_kubernetes_executor to None
[2022-02-18 12:49:44,931] {scheduler_job.py:190} INFO - Processing /app/env/lib/python3.8/site-packages/airflow/example_dags/example_kubernetes_executor.py took 0.067 seconds
[2022-02-18 12:50:15,394] {scheduler_job.py:182} INFO - Started process (PID=453) to work on /app/env/lib/python3.8/site-packages/airflow/example_dags/example_kubernetes_executor.py
[2022-02-18 12:50:15,395] {scheduler_job.py:629} INFO - Processing file /app/env/lib/python3.8/site-packages/airflow/example_dags/example_kubernetes_executor.py for tasks to queue
[2022-02-18 12:50:15,396] {logging_mixin.py:104} INFO - [2022-02-18 12:50:15,396] {dagbag.py:448} INFO - Filling up the DagBag from /app/env/lib/python3.8/site-packages/airflow/example_dags/example_kubernetes_executor.py
[2022-02-18 12:50:15,411] {scheduler_job.py:639} INFO - DAG(s) dict_keys(['example_kubernetes_executor']) retrieved from /app/env/lib/python3.8/site-packages/airflow/example_dags/example_kubernetes_executor.py
[2022-02-18 12:50:15,428] {logging_mixin.py:104} INFO - [2022-02-18 12:50:15,428] {dag.py:1818} INFO - Sync 1 DAGs
[2022-02-18 12:50:15,442] {logging_mixin.py:104} INFO - [2022-02-18 12:50:15,442] {dag.py:2273} INFO - Setting next_dagrun for example_kubernetes_executor to None
[2022-02-18 12:50:15,451] {scheduler_job.py:190} INFO - Processing /app/env/lib/python3.8/site-packages/airflow/example_dags/example_kubernetes_executor.py took 0.060 seconds
[2022-02-18 12:50:45,974] {scheduler_job.py:182} INFO - Started process (PID=483) to work on /app/env/lib/python3.8/site-packages/airflow/example_dags/example_kubernetes_executor.py
[2022-02-18 12:50:45,975] {scheduler_job.py:629} INFO - Processing file /app/env/lib/python3.8/site-packages/airflow/example_dags/example_kubernetes_executor.py for tasks to queue
[2022-02-18 12:50:45,976] {logging_mixin.py:104} INFO - [2022-02-18 12:50:45,975] {dagbag.py:448} INFO - Filling up the DagBag from /app/env/lib/python3.8/site-packages/airflow/example_dags/example_kubernetes_executor.py
[2022-02-18 12:50:45,990] {scheduler_job.py:639} INFO - DAG(s) dict_keys(['example_kubernetes_executor']) retrieved from /app/env/lib/python3.8/site-packages/airflow/example_dags/example_kubernetes_executor.py
[2022-02-18 12:50:46,008] {logging_mixin.py:104} INFO - [2022-02-18 12:50:46,008] {dag.py:1818} INFO - Sync 1 DAGs
[2022-02-18 12:50:46,021] {logging_mixin.py:104} INFO - [2022-02-18 12:50:46,021] {dag.py:2273} INFO - Setting next_dagrun for example_kubernetes_executor to None
[2022-02-18 12:50:46,031] {scheduler_job.py:190} INFO - Processing /app/env/lib/python3.8/site-packages/airflow/example_dags/example_kubernetes_executor.py took 0.061 seconds
[2022-02-18 12:51:16,751] {scheduler_job.py:182} INFO - Started process (PID=513) to work on /app/env/lib/python3.8/site-packages/airflow/example_dags/example_kubernetes_executor.py
[2022-02-18 12:51:16,752] {scheduler_job.py:629} INFO - Processing file /app/env/lib/python3.8/site-packages/airflow/example_dags/example_kubernetes_executor.py for tasks to queue
[2022-02-18 12:51:16,752] {logging_mixin.py:104} INFO - [2022-02-18 12:51:16,752] {dagbag.py:448} INFO - Filling up the DagBag from /app/env/lib/python3.8/site-packages/airflow/example_dags/example_kubernetes_executor.py
[2022-02-18 12:51:16,766] {scheduler_job.py:639} INFO - DAG(s) dict_keys(['example_kubernetes_executor']) retrieved from /app/env/lib/python3.8/site-packages/airflow/example_dags/example_kubernetes_executor.py
[2022-02-18 12:51:16,782] {logging_mixin.py:104} INFO - [2022-02-18 12:51:16,782] {dag.py:1818} INFO - Sync 1 DAGs
[2022-02-18 12:51:16,794] {logging_mixin.py:104} INFO - [2022-02-18 12:51:16,794] {dag.py:2273} INFO - Setting next_dagrun for example_kubernetes_executor to None
[2022-02-18 12:51:16,803] {scheduler_job.py:190} INFO - Processing /app/env/lib/python3.8/site-packages/airflow/example_dags/example_kubernetes_executor.py took 0.056 seconds
[2022-02-18 12:51:47,553] {scheduler_job.py:182} INFO - Started process (PID=543) to work on /app/env/lib/python3.8/site-packages/airflow/example_dags/example_kubernetes_executor.py
[2022-02-18 12:51:47,554] {scheduler_job.py:629} INFO - Processing file /app/env/lib/python3.8/site-packages/airflow/example_dags/example_kubernetes_executor.py for tasks to queue
[2022-02-18 12:51:47,555] {logging_mixin.py:104} INFO - [2022-02-18 12:51:47,555] {dagbag.py:448} INFO - Filling up the DagBag from /app/env/lib/python3.8/site-packages/airflow/example_dags/example_kubernetes_executor.py
[2022-02-18 12:51:47,570] {scheduler_job.py:639} INFO - DAG(s) dict_keys(['example_kubernetes_executor']) retrieved from /app/env/lib/python3.8/site-packages/airflow/example_dags/example_kubernetes_executor.py
[2022-02-18 12:51:47,587] {logging_mixin.py:104} INFO - [2022-02-18 12:51:47,586] {dag.py:1818} INFO - Sync 1 DAGs
[2022-02-18 12:51:47,599] {logging_mixin.py:104} INFO - [2022-02-18 12:51:47,598] {dag.py:2273} INFO - Setting next_dagrun for example_kubernetes_executor to None
[2022-02-18 12:51:47,608] {scheduler_job.py:190} INFO - Processing /app/env/lib/python3.8/site-packages/airflow/example_dags/example_kubernetes_executor.py took 0.059 seconds
[2022-02-18 12:52:18,213] {scheduler_job.py:182} INFO - Started process (PID=573) to work on /app/env/lib/python3.8/site-packages/airflow/example_dags/example_kubernetes_executor.py
[2022-02-18 12:52:18,214] {scheduler_job.py:629} INFO - Processing file /app/env/lib/python3.8/site-packages/airflow/example_dags/example_kubernetes_executor.py for tasks to queue
[2022-02-18 12:52:18,215] {logging_mixin.py:104} INFO - [2022-02-18 12:52:18,215] {dagbag.py:448} INFO - Filling up the DagBag from /app/env/lib/python3.8/site-packages/airflow/example_dags/example_kubernetes_executor.py
[2022-02-18 12:52:18,231] {scheduler_job.py:639} INFO - DAG(s) dict_keys(['example_kubernetes_executor']) retrieved from /app/env/lib/python3.8/site-packages/airflow/example_dags/example_kubernetes_executor.py
[2022-02-18 12:52:18,253] {logging_mixin.py:104} INFO - [2022-02-18 12:52:18,253] {dag.py:1818} INFO - Sync 1 DAGs
[2022-02-18 12:52:18,269] {logging_mixin.py:104} INFO - [2022-02-18 12:52:18,268] {dag.py:2273} INFO - Setting next_dagrun for example_kubernetes_executor to None
[2022-02-18 12:52:18,279] {scheduler_job.py:190} INFO - Processing /app/env/lib/python3.8/site-packages/airflow/example_dags/example_kubernetes_executor.py took 0.071 seconds
[2022-02-18 12:52:48,900] {scheduler_job.py:182} INFO - Started process (PID=603) to work on /app/env/lib/python3.8/site-packages/airflow/example_dags/example_kubernetes_executor.py
[2022-02-18 12:52:48,903] {scheduler_job.py:629} INFO - Processing file /app/env/lib/python3.8/site-packages/airflow/example_dags/example_kubernetes_executor.py for tasks to queue
[2022-02-18 12:52:48,904] {logging_mixin.py:104} INFO - [2022-02-18 12:52:48,904] {dagbag.py:448} INFO - Filling up the DagBag from /app/env/lib/python3.8/site-packages/airflow/example_dags/example_kubernetes_executor.py
[2022-02-18 12:52:48,917] {scheduler_job.py:639} INFO - DAG(s) dict_keys(['example_kubernetes_executor']) retrieved from /app/env/lib/python3.8/site-packages/airflow/example_dags/example_kubernetes_executor.py
[2022-02-18 12:52:48,934] {logging_mixin.py:104} INFO - [2022-02-18 12:52:48,934] {dag.py:1818} INFO - Sync 1 DAGs
[2022-02-18 12:52:48,946] {logging_mixin.py:104} INFO - [2022-02-18 12:52:48,946] {dag.py:2273} INFO - Setting next_dagrun for example_kubernetes_executor to None
[2022-02-18 12:52:48,955] {scheduler_job.py:190} INFO - Processing /app/env/lib/python3.8/site-packages/airflow/example_dags/example_kubernetes_executor.py took 0.059 seconds
[2022-02-18 12:53:19,538] {scheduler_job.py:182} INFO - Started process (PID=633) to work on /app/env/lib/python3.8/site-packages/airflow/example_dags/example_kubernetes_executor.py
[2022-02-18 12:53:19,539] {scheduler_job.py:629} INFO - Processing file /app/env/lib/python3.8/site-packages/airflow/example_dags/example_kubernetes_executor.py for tasks to queue
[2022-02-18 12:53:19,540] {logging_mixin.py:104} INFO - [2022-02-18 12:53:19,540] {dagbag.py:448} INFO - Filling up the DagBag from /app/env/lib/python3.8/site-packages/airflow/example_dags/example_kubernetes_executor.py
[2022-02-18 12:53:19,560] {scheduler_job.py:639} INFO - DAG(s) dict_keys(['example_kubernetes_executor']) retrieved from /app/env/lib/python3.8/site-packages/airflow/example_dags/example_kubernetes_executor.py
[2022-02-18 12:53:19,586] {logging_mixin.py:104} INFO - [2022-02-18 12:53:19,586] {dag.py:1818} INFO - Sync 1 DAGs
[2022-02-18 12:53:19,605] {logging_mixin.py:104} INFO - [2022-02-18 12:53:19,605] {dag.py:2273} INFO - Setting next_dagrun for example_kubernetes_executor to None
[2022-02-18 12:53:19,618] {scheduler_job.py:190} INFO - Processing /app/env/lib/python3.8/site-packages/airflow/example_dags/example_kubernetes_executor.py took 0.084 seconds
