[2022-02-18 12:43:56,176] {scheduler_job.py:182} INFO - Started process (PID=64) to work on /app/env/lib/python3.8/site-packages/airflow/example_dags/example_complex.py
[2022-02-18 12:43:56,177] {scheduler_job.py:629} INFO - Processing file /app/env/lib/python3.8/site-packages/airflow/example_dags/example_complex.py for tasks to queue
[2022-02-18 12:43:56,178] {logging_mixin.py:104} INFO - [2022-02-18 12:43:56,178] {dagbag.py:448} INFO - Filling up the DagBag from /app/env/lib/python3.8/site-packages/airflow/example_dags/example_complex.py
[2022-02-18 12:43:56,200] {scheduler_job.py:639} INFO - DAG(s) dict_keys(['example_complex']) retrieved from /app/env/lib/python3.8/site-packages/airflow/example_dags/example_complex.py
[2022-02-18 12:43:56,212] {logging_mixin.py:104} INFO - [2022-02-18 12:43:56,212] {dag.py:1818} INFO - Sync 1 DAGs
[2022-02-18 12:43:56,226] {logging_mixin.py:104} INFO - [2022-02-18 12:43:56,226] {dag.py:2273} INFO - Setting next_dagrun for example_complex to None
[2022-02-18 12:43:56,236] {scheduler_job.py:190} INFO - Processing /app/env/lib/python3.8/site-packages/airflow/example_dags/example_complex.py took 0.064 seconds
[2022-02-18 12:44:28,247] {scheduler_job.py:182} INFO - Started process (PID=114) to work on /app/env/lib/python3.8/site-packages/airflow/example_dags/example_complex.py
[2022-02-18 12:44:28,248] {scheduler_job.py:629} INFO - Processing file /app/env/lib/python3.8/site-packages/airflow/example_dags/example_complex.py for tasks to queue
[2022-02-18 12:44:28,249] {logging_mixin.py:104} INFO - [2022-02-18 12:44:28,249] {dagbag.py:448} INFO - Filling up the DagBag from /app/env/lib/python3.8/site-packages/airflow/example_dags/example_complex.py
[2022-02-18 12:44:28,265] {scheduler_job.py:639} INFO - DAG(s) dict_keys(['example_complex']) retrieved from /app/env/lib/python3.8/site-packages/airflow/example_dags/example_complex.py
[2022-02-18 12:44:28,293] {logging_mixin.py:104} INFO - [2022-02-18 12:44:28,293] {dag.py:1818} INFO - Sync 1 DAGs
[2022-02-18 12:44:28,306] {logging_mixin.py:104} INFO - [2022-02-18 12:44:28,306] {dag.py:2273} INFO - Setting next_dagrun for example_complex to None
[2022-02-18 12:44:28,322] {scheduler_job.py:190} INFO - Processing /app/env/lib/python3.8/site-packages/airflow/example_dags/example_complex.py took 0.078 seconds
[2022-02-18 12:44:58,987] {scheduler_job.py:182} INFO - Started process (PID=144) to work on /app/env/lib/python3.8/site-packages/airflow/example_dags/example_complex.py
[2022-02-18 12:44:58,989] {scheduler_job.py:629} INFO - Processing file /app/env/lib/python3.8/site-packages/airflow/example_dags/example_complex.py for tasks to queue
[2022-02-18 12:44:58,990] {logging_mixin.py:104} INFO - [2022-02-18 12:44:58,990] {dagbag.py:448} INFO - Filling up the DagBag from /app/env/lib/python3.8/site-packages/airflow/example_dags/example_complex.py
[2022-02-18 12:44:59,012] {scheduler_job.py:639} INFO - DAG(s) dict_keys(['example_complex']) retrieved from /app/env/lib/python3.8/site-packages/airflow/example_dags/example_complex.py
[2022-02-18 12:44:59,039] {logging_mixin.py:104} INFO - [2022-02-18 12:44:59,039] {dag.py:1818} INFO - Sync 1 DAGs
[2022-02-18 12:44:59,053] {logging_mixin.py:104} INFO - [2022-02-18 12:44:59,052] {dag.py:2273} INFO - Setting next_dagrun for example_complex to None
[2022-02-18 12:44:59,063] {scheduler_job.py:190} INFO - Processing /app/env/lib/python3.8/site-packages/airflow/example_dags/example_complex.py took 0.080 seconds
[2022-02-18 12:45:29,839] {scheduler_job.py:182} INFO - Started process (PID=174) to work on /app/env/lib/python3.8/site-packages/airflow/example_dags/example_complex.py
[2022-02-18 12:45:29,841] {scheduler_job.py:629} INFO - Processing file /app/env/lib/python3.8/site-packages/airflow/example_dags/example_complex.py for tasks to queue
[2022-02-18 12:45:29,842] {logging_mixin.py:104} INFO - [2022-02-18 12:45:29,841] {dagbag.py:448} INFO - Filling up the DagBag from /app/env/lib/python3.8/site-packages/airflow/example_dags/example_complex.py
[2022-02-18 12:45:29,872] {scheduler_job.py:639} INFO - DAG(s) dict_keys(['example_complex']) retrieved from /app/env/lib/python3.8/site-packages/airflow/example_dags/example_complex.py
[2022-02-18 12:45:29,901] {logging_mixin.py:104} INFO - [2022-02-18 12:45:29,901] {dag.py:1818} INFO - Sync 1 DAGs
[2022-02-18 12:45:29,914] {logging_mixin.py:104} INFO - [2022-02-18 12:45:29,914] {dag.py:2273} INFO - Setting next_dagrun for example_complex to None
[2022-02-18 12:45:29,923] {scheduler_job.py:190} INFO - Processing /app/env/lib/python3.8/site-packages/airflow/example_dags/example_complex.py took 0.090 seconds
[2022-02-18 12:46:00,596] {scheduler_job.py:182} INFO - Started process (PID=204) to work on /app/env/lib/python3.8/site-packages/airflow/example_dags/example_complex.py
[2022-02-18 12:46:00,597] {scheduler_job.py:629} INFO - Processing file /app/env/lib/python3.8/site-packages/airflow/example_dags/example_complex.py for tasks to queue
[2022-02-18 12:46:00,598] {logging_mixin.py:104} INFO - [2022-02-18 12:46:00,598] {dagbag.py:448} INFO - Filling up the DagBag from /app/env/lib/python3.8/site-packages/airflow/example_dags/example_complex.py
[2022-02-18 12:46:00,620] {scheduler_job.py:639} INFO - DAG(s) dict_keys(['example_complex']) retrieved from /app/env/lib/python3.8/site-packages/airflow/example_dags/example_complex.py
[2022-02-18 12:46:00,644] {logging_mixin.py:104} INFO - [2022-02-18 12:46:00,644] {dag.py:1818} INFO - Sync 1 DAGs
[2022-02-18 12:46:00,658] {logging_mixin.py:104} INFO - [2022-02-18 12:46:00,658] {dag.py:2273} INFO - Setting next_dagrun for example_complex to None
[2022-02-18 12:46:00,667] {scheduler_job.py:190} INFO - Processing /app/env/lib/python3.8/site-packages/airflow/example_dags/example_complex.py took 0.076 seconds
[2022-02-18 12:46:31,352] {scheduler_job.py:182} INFO - Started process (PID=234) to work on /app/env/lib/python3.8/site-packages/airflow/example_dags/example_complex.py
[2022-02-18 12:46:31,353] {scheduler_job.py:629} INFO - Processing file /app/env/lib/python3.8/site-packages/airflow/example_dags/example_complex.py for tasks to queue
[2022-02-18 12:46:31,354] {logging_mixin.py:104} INFO - [2022-02-18 12:46:31,354] {dagbag.py:448} INFO - Filling up the DagBag from /app/env/lib/python3.8/site-packages/airflow/example_dags/example_complex.py
[2022-02-18 12:46:31,377] {scheduler_job.py:639} INFO - DAG(s) dict_keys(['example_complex']) retrieved from /app/env/lib/python3.8/site-packages/airflow/example_dags/example_complex.py
[2022-02-18 12:46:31,411] {logging_mixin.py:104} INFO - [2022-02-18 12:46:31,411] {dag.py:1818} INFO - Sync 1 DAGs
[2022-02-18 12:46:31,426] {logging_mixin.py:104} INFO - [2022-02-18 12:46:31,426] {dag.py:2273} INFO - Setting next_dagrun for example_complex to None
[2022-02-18 12:46:31,436] {scheduler_job.py:190} INFO - Processing /app/env/lib/python3.8/site-packages/airflow/example_dags/example_complex.py took 0.088 seconds
[2022-02-18 12:47:02,089] {scheduler_job.py:182} INFO - Started process (PID=264) to work on /app/env/lib/python3.8/site-packages/airflow/example_dags/example_complex.py
[2022-02-18 12:47:02,090] {scheduler_job.py:629} INFO - Processing file /app/env/lib/python3.8/site-packages/airflow/example_dags/example_complex.py for tasks to queue
[2022-02-18 12:47:02,090] {logging_mixin.py:104} INFO - [2022-02-18 12:47:02,090] {dagbag.py:448} INFO - Filling up the DagBag from /app/env/lib/python3.8/site-packages/airflow/example_dags/example_complex.py
[2022-02-18 12:47:02,104] {scheduler_job.py:639} INFO - DAG(s) dict_keys(['example_complex']) retrieved from /app/env/lib/python3.8/site-packages/airflow/example_dags/example_complex.py
[2022-02-18 12:47:02,121] {logging_mixin.py:104} INFO - [2022-02-18 12:47:02,121] {dag.py:1818} INFO - Sync 1 DAGs
[2022-02-18 12:47:02,129] {logging_mixin.py:104} INFO - [2022-02-18 12:47:02,129] {dag.py:2273} INFO - Setting next_dagrun for example_complex to None
[2022-02-18 12:47:02,135] {scheduler_job.py:190} INFO - Processing /app/env/lib/python3.8/site-packages/airflow/example_dags/example_complex.py took 0.050 seconds
[2022-02-18 12:47:32,828] {scheduler_job.py:182} INFO - Started process (PID=294) to work on /app/env/lib/python3.8/site-packages/airflow/example_dags/example_complex.py
[2022-02-18 12:47:32,830] {scheduler_job.py:629} INFO - Processing file /app/env/lib/python3.8/site-packages/airflow/example_dags/example_complex.py for tasks to queue
[2022-02-18 12:47:32,832] {logging_mixin.py:104} INFO - [2022-02-18 12:47:32,832] {dagbag.py:448} INFO - Filling up the DagBag from /app/env/lib/python3.8/site-packages/airflow/example_dags/example_complex.py
[2022-02-18 12:47:32,859] {scheduler_job.py:639} INFO - DAG(s) dict_keys(['example_complex']) retrieved from /app/env/lib/python3.8/site-packages/airflow/example_dags/example_complex.py
[2022-02-18 12:47:32,891] {logging_mixin.py:104} INFO - [2022-02-18 12:47:32,891] {dag.py:1818} INFO - Sync 1 DAGs
[2022-02-18 12:47:32,907] {logging_mixin.py:104} INFO - [2022-02-18 12:47:32,907] {dag.py:2273} INFO - Setting next_dagrun for example_complex to None
[2022-02-18 12:47:32,920] {scheduler_job.py:190} INFO - Processing /app/env/lib/python3.8/site-packages/airflow/example_dags/example_complex.py took 0.097 seconds
[2022-02-18 12:48:03,618] {scheduler_job.py:182} INFO - Started process (PID=324) to work on /app/env/lib/python3.8/site-packages/airflow/example_dags/example_complex.py
[2022-02-18 12:48:03,619] {scheduler_job.py:629} INFO - Processing file /app/env/lib/python3.8/site-packages/airflow/example_dags/example_complex.py for tasks to queue
[2022-02-18 12:48:03,620] {logging_mixin.py:104} INFO - [2022-02-18 12:48:03,619] {dagbag.py:448} INFO - Filling up the DagBag from /app/env/lib/python3.8/site-packages/airflow/example_dags/example_complex.py
[2022-02-18 12:48:03,641] {scheduler_job.py:639} INFO - DAG(s) dict_keys(['example_complex']) retrieved from /app/env/lib/python3.8/site-packages/airflow/example_dags/example_complex.py
[2022-02-18 12:48:03,665] {logging_mixin.py:104} INFO - [2022-02-18 12:48:03,665] {dag.py:1818} INFO - Sync 1 DAGs
[2022-02-18 12:48:03,679] {logging_mixin.py:104} INFO - [2022-02-18 12:48:03,679] {dag.py:2273} INFO - Setting next_dagrun for example_complex to None
[2022-02-18 12:48:03,690] {scheduler_job.py:190} INFO - Processing /app/env/lib/python3.8/site-packages/airflow/example_dags/example_complex.py took 0.078 seconds
[2022-02-18 12:48:34,192] {scheduler_job.py:182} INFO - Started process (PID=354) to work on /app/env/lib/python3.8/site-packages/airflow/example_dags/example_complex.py
[2022-02-18 12:48:34,193] {scheduler_job.py:629} INFO - Processing file /app/env/lib/python3.8/site-packages/airflow/example_dags/example_complex.py for tasks to queue
[2022-02-18 12:48:34,194] {logging_mixin.py:104} INFO - [2022-02-18 12:48:34,194] {dagbag.py:448} INFO - Filling up the DagBag from /app/env/lib/python3.8/site-packages/airflow/example_dags/example_complex.py
[2022-02-18 12:48:34,216] {scheduler_job.py:639} INFO - DAG(s) dict_keys(['example_complex']) retrieved from /app/env/lib/python3.8/site-packages/airflow/example_dags/example_complex.py
[2022-02-18 12:48:34,241] {logging_mixin.py:104} INFO - [2022-02-18 12:48:34,241] {dag.py:1818} INFO - Sync 1 DAGs
[2022-02-18 12:48:34,254] {logging_mixin.py:104} INFO - [2022-02-18 12:48:34,254] {dag.py:2273} INFO - Setting next_dagrun for example_complex to None
[2022-02-18 12:48:34,264] {scheduler_job.py:190} INFO - Processing /app/env/lib/python3.8/site-packages/airflow/example_dags/example_complex.py took 0.077 seconds
[2022-02-18 12:49:04,925] {scheduler_job.py:182} INFO - Started process (PID=384) to work on /app/env/lib/python3.8/site-packages/airflow/example_dags/example_complex.py
[2022-02-18 12:49:04,927] {scheduler_job.py:629} INFO - Processing file /app/env/lib/python3.8/site-packages/airflow/example_dags/example_complex.py for tasks to queue
[2022-02-18 12:49:04,929] {logging_mixin.py:104} INFO - [2022-02-18 12:49:04,928] {dagbag.py:448} INFO - Filling up the DagBag from /app/env/lib/python3.8/site-packages/airflow/example_dags/example_complex.py
[2022-02-18 12:49:04,957] {scheduler_job.py:639} INFO - DAG(s) dict_keys(['example_complex']) retrieved from /app/env/lib/python3.8/site-packages/airflow/example_dags/example_complex.py
[2022-02-18 12:49:04,986] {logging_mixin.py:104} INFO - [2022-02-18 12:49:04,986] {dag.py:1818} INFO - Sync 1 DAGs
[2022-02-18 12:49:05,000] {logging_mixin.py:104} INFO - [2022-02-18 12:49:05,000] {dag.py:2273} INFO - Setting next_dagrun for example_complex to None
[2022-02-18 12:49:05,011] {scheduler_job.py:190} INFO - Processing /app/env/lib/python3.8/site-packages/airflow/example_dags/example_complex.py took 0.091 seconds
[2022-02-18 12:49:35,691] {scheduler_job.py:182} INFO - Started process (PID=414) to work on /app/env/lib/python3.8/site-packages/airflow/example_dags/example_complex.py
[2022-02-18 12:49:35,693] {scheduler_job.py:629} INFO - Processing file /app/env/lib/python3.8/site-packages/airflow/example_dags/example_complex.py for tasks to queue
[2022-02-18 12:49:35,695] {logging_mixin.py:104} INFO - [2022-02-18 12:49:35,694] {dagbag.py:448} INFO - Filling up the DagBag from /app/env/lib/python3.8/site-packages/airflow/example_dags/example_complex.py
[2022-02-18 12:49:35,718] {scheduler_job.py:639} INFO - DAG(s) dict_keys(['example_complex']) retrieved from /app/env/lib/python3.8/site-packages/airflow/example_dags/example_complex.py
[2022-02-18 12:49:35,745] {logging_mixin.py:104} INFO - [2022-02-18 12:49:35,745] {dag.py:1818} INFO - Sync 1 DAGs
[2022-02-18 12:49:35,758] {logging_mixin.py:104} INFO - [2022-02-18 12:49:35,758] {dag.py:2273} INFO - Setting next_dagrun for example_complex to None
[2022-02-18 12:49:35,769] {scheduler_job.py:190} INFO - Processing /app/env/lib/python3.8/site-packages/airflow/example_dags/example_complex.py took 0.084 seconds
[2022-02-18 12:50:06,212] {scheduler_job.py:182} INFO - Started process (PID=444) to work on /app/env/lib/python3.8/site-packages/airflow/example_dags/example_complex.py
[2022-02-18 12:50:06,214] {scheduler_job.py:629} INFO - Processing file /app/env/lib/python3.8/site-packages/airflow/example_dags/example_complex.py for tasks to queue
[2022-02-18 12:50:06,215] {logging_mixin.py:104} INFO - [2022-02-18 12:50:06,215] {dagbag.py:448} INFO - Filling up the DagBag from /app/env/lib/python3.8/site-packages/airflow/example_dags/example_complex.py
[2022-02-18 12:50:06,238] {scheduler_job.py:639} INFO - DAG(s) dict_keys(['example_complex']) retrieved from /app/env/lib/python3.8/site-packages/airflow/example_dags/example_complex.py
[2022-02-18 12:50:06,263] {logging_mixin.py:104} INFO - [2022-02-18 12:50:06,262] {dag.py:1818} INFO - Sync 1 DAGs
[2022-02-18 12:50:06,276] {logging_mixin.py:104} INFO - [2022-02-18 12:50:06,276] {dag.py:2273} INFO - Setting next_dagrun for example_complex to None
[2022-02-18 12:50:06,287] {scheduler_job.py:190} INFO - Processing /app/env/lib/python3.8/site-packages/airflow/example_dags/example_complex.py took 0.080 seconds
[2022-02-18 12:50:36,772] {scheduler_job.py:182} INFO - Started process (PID=474) to work on /app/env/lib/python3.8/site-packages/airflow/example_dags/example_complex.py
[2022-02-18 12:50:36,773] {scheduler_job.py:629} INFO - Processing file /app/env/lib/python3.8/site-packages/airflow/example_dags/example_complex.py for tasks to queue
[2022-02-18 12:50:36,774] {logging_mixin.py:104} INFO - [2022-02-18 12:50:36,774] {dagbag.py:448} INFO - Filling up the DagBag from /app/env/lib/python3.8/site-packages/airflow/example_dags/example_complex.py
[2022-02-18 12:50:36,796] {scheduler_job.py:639} INFO - DAG(s) dict_keys(['example_complex']) retrieved from /app/env/lib/python3.8/site-packages/airflow/example_dags/example_complex.py
[2022-02-18 12:50:36,821] {logging_mixin.py:104} INFO - [2022-02-18 12:50:36,821] {dag.py:1818} INFO - Sync 1 DAGs
[2022-02-18 12:50:36,835] {logging_mixin.py:104} INFO - [2022-02-18 12:50:36,835] {dag.py:2273} INFO - Setting next_dagrun for example_complex to None
[2022-02-18 12:50:36,845] {scheduler_job.py:190} INFO - Processing /app/env/lib/python3.8/site-packages/airflow/example_dags/example_complex.py took 0.077 seconds
[2022-02-18 12:51:07,565] {scheduler_job.py:182} INFO - Started process (PID=504) to work on /app/env/lib/python3.8/site-packages/airflow/example_dags/example_complex.py
[2022-02-18 12:51:07,566] {scheduler_job.py:629} INFO - Processing file /app/env/lib/python3.8/site-packages/airflow/example_dags/example_complex.py for tasks to queue
[2022-02-18 12:51:07,567] {logging_mixin.py:104} INFO - [2022-02-18 12:51:07,566] {dagbag.py:448} INFO - Filling up the DagBag from /app/env/lib/python3.8/site-packages/airflow/example_dags/example_complex.py
[2022-02-18 12:51:07,586] {scheduler_job.py:639} INFO - DAG(s) dict_keys(['example_complex']) retrieved from /app/env/lib/python3.8/site-packages/airflow/example_dags/example_complex.py
[2022-02-18 12:51:07,609] {logging_mixin.py:104} INFO - [2022-02-18 12:51:07,608] {dag.py:1818} INFO - Sync 1 DAGs
[2022-02-18 12:51:07,618] {logging_mixin.py:104} INFO - [2022-02-18 12:51:07,617] {dag.py:2273} INFO - Setting next_dagrun for example_complex to None
[2022-02-18 12:51:07,624] {scheduler_job.py:190} INFO - Processing /app/env/lib/python3.8/site-packages/airflow/example_dags/example_complex.py took 0.062 seconds
[2022-02-18 12:51:38,361] {scheduler_job.py:182} INFO - Started process (PID=534) to work on /app/env/lib/python3.8/site-packages/airflow/example_dags/example_complex.py
[2022-02-18 12:51:38,363] {scheduler_job.py:629} INFO - Processing file /app/env/lib/python3.8/site-packages/airflow/example_dags/example_complex.py for tasks to queue
[2022-02-18 12:51:38,364] {logging_mixin.py:104} INFO - [2022-02-18 12:51:38,364] {dagbag.py:448} INFO - Filling up the DagBag from /app/env/lib/python3.8/site-packages/airflow/example_dags/example_complex.py
[2022-02-18 12:51:38,394] {scheduler_job.py:639} INFO - DAG(s) dict_keys(['example_complex']) retrieved from /app/env/lib/python3.8/site-packages/airflow/example_dags/example_complex.py
[2022-02-18 12:51:38,419] {logging_mixin.py:104} INFO - [2022-02-18 12:51:38,419] {dag.py:1818} INFO - Sync 1 DAGs
[2022-02-18 12:51:38,433] {logging_mixin.py:104} INFO - [2022-02-18 12:51:38,433] {dag.py:2273} INFO - Setting next_dagrun for example_complex to None
[2022-02-18 12:51:38,444] {scheduler_job.py:190} INFO - Processing /app/env/lib/python3.8/site-packages/airflow/example_dags/example_complex.py took 0.088 seconds
[2022-02-18 12:52:08,943] {scheduler_job.py:182} INFO - Started process (PID=564) to work on /app/env/lib/python3.8/site-packages/airflow/example_dags/example_complex.py
[2022-02-18 12:52:08,944] {scheduler_job.py:629} INFO - Processing file /app/env/lib/python3.8/site-packages/airflow/example_dags/example_complex.py for tasks to queue
[2022-02-18 12:52:08,945] {logging_mixin.py:104} INFO - [2022-02-18 12:52:08,945] {dagbag.py:448} INFO - Filling up the DagBag from /app/env/lib/python3.8/site-packages/airflow/example_dags/example_complex.py
[2022-02-18 12:52:08,968] {scheduler_job.py:639} INFO - DAG(s) dict_keys(['example_complex']) retrieved from /app/env/lib/python3.8/site-packages/airflow/example_dags/example_complex.py
[2022-02-18 12:52:08,993] {logging_mixin.py:104} INFO - [2022-02-18 12:52:08,993] {dag.py:1818} INFO - Sync 1 DAGs
[2022-02-18 12:52:09,008] {logging_mixin.py:104} INFO - [2022-02-18 12:52:09,008] {dag.py:2273} INFO - Setting next_dagrun for example_complex to None
[2022-02-18 12:52:09,020] {scheduler_job.py:190} INFO - Processing /app/env/lib/python3.8/site-packages/airflow/example_dags/example_complex.py took 0.082 seconds
[2022-02-18 12:52:39,711] {scheduler_job.py:182} INFO - Started process (PID=594) to work on /app/env/lib/python3.8/site-packages/airflow/example_dags/example_complex.py
[2022-02-18 12:52:39,713] {scheduler_job.py:629} INFO - Processing file /app/env/lib/python3.8/site-packages/airflow/example_dags/example_complex.py for tasks to queue
[2022-02-18 12:52:39,715] {logging_mixin.py:104} INFO - [2022-02-18 12:52:39,715] {dagbag.py:448} INFO - Filling up the DagBag from /app/env/lib/python3.8/site-packages/airflow/example_dags/example_complex.py
[2022-02-18 12:52:39,741] {scheduler_job.py:639} INFO - DAG(s) dict_keys(['example_complex']) retrieved from /app/env/lib/python3.8/site-packages/airflow/example_dags/example_complex.py
[2022-02-18 12:52:39,768] {logging_mixin.py:104} INFO - [2022-02-18 12:52:39,768] {dag.py:1818} INFO - Sync 1 DAGs
[2022-02-18 12:52:39,782] {logging_mixin.py:104} INFO - [2022-02-18 12:52:39,782] {dag.py:2273} INFO - Setting next_dagrun for example_complex to None
[2022-02-18 12:52:39,801] {scheduler_job.py:190} INFO - Processing /app/env/lib/python3.8/site-packages/airflow/example_dags/example_complex.py took 0.096 seconds
[2022-02-18 12:53:10,479] {scheduler_job.py:182} INFO - Started process (PID=624) to work on /app/env/lib/python3.8/site-packages/airflow/example_dags/example_complex.py
[2022-02-18 12:53:10,481] {scheduler_job.py:629} INFO - Processing file /app/env/lib/python3.8/site-packages/airflow/example_dags/example_complex.py for tasks to queue
[2022-02-18 12:53:10,481] {logging_mixin.py:104} INFO - [2022-02-18 12:53:10,481] {dagbag.py:448} INFO - Filling up the DagBag from /app/env/lib/python3.8/site-packages/airflow/example_dags/example_complex.py
[2022-02-18 12:53:10,504] {scheduler_job.py:639} INFO - DAG(s) dict_keys(['example_complex']) retrieved from /app/env/lib/python3.8/site-packages/airflow/example_dags/example_complex.py
[2022-02-18 12:53:10,532] {logging_mixin.py:104} INFO - [2022-02-18 12:53:10,532] {dag.py:1818} INFO - Sync 1 DAGs
[2022-02-18 12:53:10,547] {logging_mixin.py:104} INFO - [2022-02-18 12:53:10,547] {dag.py:2273} INFO - Setting next_dagrun for example_complex to None
[2022-02-18 12:53:10,556] {scheduler_job.py:190} INFO - Processing /app/env/lib/python3.8/site-packages/airflow/example_dags/example_complex.py took 0.081 seconds
[2022-02-18 12:53:41,002] {scheduler_job.py:182} INFO - Started process (PID=654) to work on /app/env/lib/python3.8/site-packages/airflow/example_dags/example_complex.py
[2022-02-18 12:53:41,004] {scheduler_job.py:629} INFO - Processing file /app/env/lib/python3.8/site-packages/airflow/example_dags/example_complex.py for tasks to queue
[2022-02-18 12:53:41,005] {logging_mixin.py:104} INFO - [2022-02-18 12:53:41,004] {dagbag.py:448} INFO - Filling up the DagBag from /app/env/lib/python3.8/site-packages/airflow/example_dags/example_complex.py
[2022-02-18 12:53:41,029] {scheduler_job.py:639} INFO - DAG(s) dict_keys(['example_complex']) retrieved from /app/env/lib/python3.8/site-packages/airflow/example_dags/example_complex.py
[2022-02-18 12:53:41,060] {logging_mixin.py:104} INFO - [2022-02-18 12:53:41,060] {dag.py:1818} INFO - Sync 1 DAGs
[2022-02-18 12:53:41,078] {logging_mixin.py:104} INFO - [2022-02-18 12:53:41,078] {dag.py:2273} INFO - Setting next_dagrun for example_complex to None
[2022-02-18 12:53:41,089] {scheduler_job.py:190} INFO - Processing /app/env/lib/python3.8/site-packages/airflow/example_dags/example_complex.py took 0.090 seconds
