[2022-02-18 12:43:57,321] {scheduler_job.py:182} INFO - Started process (PID=65) to work on /app/env/lib/python3.8/site-packages/airflow/example_dags/example_latest_only.py
[2022-02-18 12:43:57,322] {scheduler_job.py:629} INFO - Processing file /app/env/lib/python3.8/site-packages/airflow/example_dags/example_latest_only.py for tasks to queue
[2022-02-18 12:43:57,323] {logging_mixin.py:104} INFO - [2022-02-18 12:43:57,323] {dagbag.py:448} INFO - Filling up the DagBag from /app/env/lib/python3.8/site-packages/airflow/example_dags/example_latest_only.py
[2022-02-18 12:43:57,338] {scheduler_job.py:639} INFO - DAG(s) dict_keys(['latest_only']) retrieved from /app/env/lib/python3.8/site-packages/airflow/example_dags/example_latest_only.py
[2022-02-18 12:43:57,351] {logging_mixin.py:104} INFO - [2022-02-18 12:43:57,350] {dag.py:1818} INFO - Sync 1 DAGs
[2022-02-18 12:43:57,369] {logging_mixin.py:104} INFO - [2022-02-18 12:43:57,369] {dag.py:2273} INFO - Setting next_dagrun for latest_only to 2022-02-16 00:00:00+00:00
[2022-02-18 12:43:57,381] {scheduler_job.py:190} INFO - Processing /app/env/lib/python3.8/site-packages/airflow/example_dags/example_latest_only.py took 0.065 seconds
[2022-02-18 12:44:29,387] {scheduler_job.py:182} INFO - Started process (PID=115) to work on /app/env/lib/python3.8/site-packages/airflow/example_dags/example_latest_only.py
[2022-02-18 12:44:29,389] {scheduler_job.py:629} INFO - Processing file /app/env/lib/python3.8/site-packages/airflow/example_dags/example_latest_only.py for tasks to queue
[2022-02-18 12:44:29,390] {logging_mixin.py:104} INFO - [2022-02-18 12:44:29,389] {dagbag.py:448} INFO - Filling up the DagBag from /app/env/lib/python3.8/site-packages/airflow/example_dags/example_latest_only.py
[2022-02-18 12:44:29,404] {scheduler_job.py:639} INFO - DAG(s) dict_keys(['latest_only']) retrieved from /app/env/lib/python3.8/site-packages/airflow/example_dags/example_latest_only.py
[2022-02-18 12:44:29,429] {logging_mixin.py:104} INFO - [2022-02-18 12:44:29,428] {dag.py:1818} INFO - Sync 1 DAGs
[2022-02-18 12:44:29,447] {logging_mixin.py:104} INFO - [2022-02-18 12:44:29,447] {dag.py:2273} INFO - Setting next_dagrun for latest_only to 2022-02-16 00:00:00+00:00
[2022-02-18 12:44:29,460] {scheduler_job.py:190} INFO - Processing /app/env/lib/python3.8/site-packages/airflow/example_dags/example_latest_only.py took 0.078 seconds
[2022-02-18 12:45:00,695] {scheduler_job.py:182} INFO - Started process (PID=146) to work on /app/env/lib/python3.8/site-packages/airflow/example_dags/example_latest_only.py
[2022-02-18 12:45:00,697] {scheduler_job.py:629} INFO - Processing file /app/env/lib/python3.8/site-packages/airflow/example_dags/example_latest_only.py for tasks to queue
[2022-02-18 12:45:00,698] {logging_mixin.py:104} INFO - [2022-02-18 12:45:00,698] {dagbag.py:448} INFO - Filling up the DagBag from /app/env/lib/python3.8/site-packages/airflow/example_dags/example_latest_only.py
[2022-02-18 12:45:00,719] {scheduler_job.py:639} INFO - DAG(s) dict_keys(['latest_only']) retrieved from /app/env/lib/python3.8/site-packages/airflow/example_dags/example_latest_only.py
[2022-02-18 12:45:00,740] {logging_mixin.py:104} INFO - [2022-02-18 12:45:00,740] {dag.py:1818} INFO - Sync 1 DAGs
[2022-02-18 12:45:00,757] {logging_mixin.py:104} INFO - [2022-02-18 12:45:00,757] {dag.py:2273} INFO - Setting next_dagrun for latest_only to 2022-02-16 00:00:00+00:00
[2022-02-18 12:45:00,770] {scheduler_job.py:190} INFO - Processing /app/env/lib/python3.8/site-packages/airflow/example_dags/example_latest_only.py took 0.079 seconds
[2022-02-18 12:45:31,549] {scheduler_job.py:182} INFO - Started process (PID=176) to work on /app/env/lib/python3.8/site-packages/airflow/example_dags/example_latest_only.py
[2022-02-18 12:45:31,550] {scheduler_job.py:629} INFO - Processing file /app/env/lib/python3.8/site-packages/airflow/example_dags/example_latest_only.py for tasks to queue
[2022-02-18 12:45:31,551] {logging_mixin.py:104} INFO - [2022-02-18 12:45:31,551] {dagbag.py:448} INFO - Filling up the DagBag from /app/env/lib/python3.8/site-packages/airflow/example_dags/example_latest_only.py
[2022-02-18 12:45:31,565] {scheduler_job.py:639} INFO - DAG(s) dict_keys(['latest_only']) retrieved from /app/env/lib/python3.8/site-packages/airflow/example_dags/example_latest_only.py
[2022-02-18 12:45:31,584] {logging_mixin.py:104} INFO - [2022-02-18 12:45:31,584] {dag.py:1818} INFO - Sync 1 DAGs
[2022-02-18 12:45:31,605] {logging_mixin.py:104} INFO - [2022-02-18 12:45:31,605] {dag.py:2273} INFO - Setting next_dagrun for latest_only to 2022-02-16 00:00:00+00:00
[2022-02-18 12:45:31,620] {scheduler_job.py:190} INFO - Processing /app/env/lib/python3.8/site-packages/airflow/example_dags/example_latest_only.py took 0.075 seconds
[2022-02-18 12:46:02,305] {scheduler_job.py:182} INFO - Started process (PID=206) to work on /app/env/lib/python3.8/site-packages/airflow/example_dags/example_latest_only.py
[2022-02-18 12:46:02,306] {scheduler_job.py:629} INFO - Processing file /app/env/lib/python3.8/site-packages/airflow/example_dags/example_latest_only.py for tasks to queue
[2022-02-18 12:46:02,307] {logging_mixin.py:104} INFO - [2022-02-18 12:46:02,307] {dagbag.py:448} INFO - Filling up the DagBag from /app/env/lib/python3.8/site-packages/airflow/example_dags/example_latest_only.py
[2022-02-18 12:46:02,319] {scheduler_job.py:639} INFO - DAG(s) dict_keys(['latest_only']) retrieved from /app/env/lib/python3.8/site-packages/airflow/example_dags/example_latest_only.py
[2022-02-18 12:46:02,335] {logging_mixin.py:104} INFO - [2022-02-18 12:46:02,335] {dag.py:1818} INFO - Sync 1 DAGs
[2022-02-18 12:46:02,348] {logging_mixin.py:104} INFO - [2022-02-18 12:46:02,348] {dag.py:2273} INFO - Setting next_dagrun for latest_only to 2022-02-16 00:00:00+00:00
[2022-02-18 12:46:02,357] {scheduler_job.py:190} INFO - Processing /app/env/lib/python3.8/site-packages/airflow/example_dags/example_latest_only.py took 0.056 seconds
[2022-02-18 12:46:33,059] {scheduler_job.py:182} INFO - Started process (PID=236) to work on /app/env/lib/python3.8/site-packages/airflow/example_dags/example_latest_only.py
[2022-02-18 12:46:33,061] {scheduler_job.py:629} INFO - Processing file /app/env/lib/python3.8/site-packages/airflow/example_dags/example_latest_only.py for tasks to queue
[2022-02-18 12:46:33,062] {logging_mixin.py:104} INFO - [2022-02-18 12:46:33,062] {dagbag.py:448} INFO - Filling up the DagBag from /app/env/lib/python3.8/site-packages/airflow/example_dags/example_latest_only.py
[2022-02-18 12:46:33,074] {scheduler_job.py:639} INFO - DAG(s) dict_keys(['latest_only']) retrieved from /app/env/lib/python3.8/site-packages/airflow/example_dags/example_latest_only.py
[2022-02-18 12:46:33,091] {logging_mixin.py:104} INFO - [2022-02-18 12:46:33,091] {dag.py:1818} INFO - Sync 1 DAGs
[2022-02-18 12:46:33,104] {logging_mixin.py:104} INFO - [2022-02-18 12:46:33,104] {dag.py:2273} INFO - Setting next_dagrun for latest_only to 2022-02-16 00:00:00+00:00
[2022-02-18 12:46:33,114] {scheduler_job.py:190} INFO - Processing /app/env/lib/python3.8/site-packages/airflow/example_dags/example_latest_only.py took 0.059 seconds
[2022-02-18 12:47:03,794] {scheduler_job.py:182} INFO - Started process (PID=266) to work on /app/env/lib/python3.8/site-packages/airflow/example_dags/example_latest_only.py
[2022-02-18 12:47:03,796] {scheduler_job.py:629} INFO - Processing file /app/env/lib/python3.8/site-packages/airflow/example_dags/example_latest_only.py for tasks to queue
[2022-02-18 12:47:03,797] {logging_mixin.py:104} INFO - [2022-02-18 12:47:03,796] {dagbag.py:448} INFO - Filling up the DagBag from /app/env/lib/python3.8/site-packages/airflow/example_dags/example_latest_only.py
[2022-02-18 12:47:03,810] {scheduler_job.py:639} INFO - DAG(s) dict_keys(['latest_only']) retrieved from /app/env/lib/python3.8/site-packages/airflow/example_dags/example_latest_only.py
[2022-02-18 12:47:03,828] {logging_mixin.py:104} INFO - [2022-02-18 12:47:03,828] {dag.py:1818} INFO - Sync 1 DAGs
[2022-02-18 12:47:03,842] {logging_mixin.py:104} INFO - [2022-02-18 12:47:03,842] {dag.py:2273} INFO - Setting next_dagrun for latest_only to 2022-02-16 00:00:00+00:00
[2022-02-18 12:47:03,854] {scheduler_job.py:190} INFO - Processing /app/env/lib/python3.8/site-packages/airflow/example_dags/example_latest_only.py took 0.064 seconds
[2022-02-18 12:47:34,543] {scheduler_job.py:182} INFO - Started process (PID=296) to work on /app/env/lib/python3.8/site-packages/airflow/example_dags/example_latest_only.py
[2022-02-18 12:47:34,544] {scheduler_job.py:629} INFO - Processing file /app/env/lib/python3.8/site-packages/airflow/example_dags/example_latest_only.py for tasks to queue
[2022-02-18 12:47:34,546] {logging_mixin.py:104} INFO - [2022-02-18 12:47:34,546] {dagbag.py:448} INFO - Filling up the DagBag from /app/env/lib/python3.8/site-packages/airflow/example_dags/example_latest_only.py
[2022-02-18 12:47:34,558] {scheduler_job.py:639} INFO - DAG(s) dict_keys(['latest_only']) retrieved from /app/env/lib/python3.8/site-packages/airflow/example_dags/example_latest_only.py
[2022-02-18 12:47:34,576] {logging_mixin.py:104} INFO - [2022-02-18 12:47:34,576] {dag.py:1818} INFO - Sync 1 DAGs
[2022-02-18 12:47:34,590] {logging_mixin.py:104} INFO - [2022-02-18 12:47:34,590] {dag.py:2273} INFO - Setting next_dagrun for latest_only to 2022-02-16 00:00:00+00:00
[2022-02-18 12:47:34,601] {scheduler_job.py:190} INFO - Processing /app/env/lib/python3.8/site-packages/airflow/example_dags/example_latest_only.py took 0.062 seconds
[2022-02-18 12:48:05,216] {scheduler_job.py:182} INFO - Started process (PID=326) to work on /app/env/lib/python3.8/site-packages/airflow/example_dags/example_latest_only.py
[2022-02-18 12:48:05,216] {scheduler_job.py:629} INFO - Processing file /app/env/lib/python3.8/site-packages/airflow/example_dags/example_latest_only.py for tasks to queue
[2022-02-18 12:48:05,217] {logging_mixin.py:104} INFO - [2022-02-18 12:48:05,217] {dagbag.py:448} INFO - Filling up the DagBag from /app/env/lib/python3.8/site-packages/airflow/example_dags/example_latest_only.py
[2022-02-18 12:48:05,226] {scheduler_job.py:639} INFO - DAG(s) dict_keys(['latest_only']) retrieved from /app/env/lib/python3.8/site-packages/airflow/example_dags/example_latest_only.py
[2022-02-18 12:48:05,238] {logging_mixin.py:104} INFO - [2022-02-18 12:48:05,238] {dag.py:1818} INFO - Sync 1 DAGs
[2022-02-18 12:48:05,248] {logging_mixin.py:104} INFO - [2022-02-18 12:48:05,248] {dag.py:2273} INFO - Setting next_dagrun for latest_only to 2022-02-16 00:00:00+00:00
[2022-02-18 12:48:05,255] {scheduler_job.py:190} INFO - Processing /app/env/lib/python3.8/site-packages/airflow/example_dags/example_latest_only.py took 0.042 seconds
[2022-02-18 12:48:35,891] {scheduler_job.py:182} INFO - Started process (PID=356) to work on /app/env/lib/python3.8/site-packages/airflow/example_dags/example_latest_only.py
[2022-02-18 12:48:35,893] {scheduler_job.py:629} INFO - Processing file /app/env/lib/python3.8/site-packages/airflow/example_dags/example_latest_only.py for tasks to queue
[2022-02-18 12:48:35,895] {logging_mixin.py:104} INFO - [2022-02-18 12:48:35,894] {dagbag.py:448} INFO - Filling up the DagBag from /app/env/lib/python3.8/site-packages/airflow/example_dags/example_latest_only.py
[2022-02-18 12:48:35,914] {scheduler_job.py:639} INFO - DAG(s) dict_keys(['latest_only']) retrieved from /app/env/lib/python3.8/site-packages/airflow/example_dags/example_latest_only.py
[2022-02-18 12:48:35,938] {logging_mixin.py:104} INFO - [2022-02-18 12:48:35,937] {dag.py:1818} INFO - Sync 1 DAGs
[2022-02-18 12:48:35,958] {logging_mixin.py:104} INFO - [2022-02-18 12:48:35,957] {dag.py:2273} INFO - Setting next_dagrun for latest_only to 2022-02-16 00:00:00+00:00
[2022-02-18 12:48:35,971] {scheduler_job.py:190} INFO - Processing /app/env/lib/python3.8/site-packages/airflow/example_dags/example_latest_only.py took 0.086 seconds
[2022-02-18 12:49:06,636] {scheduler_job.py:182} INFO - Started process (PID=386) to work on /app/env/lib/python3.8/site-packages/airflow/example_dags/example_latest_only.py
[2022-02-18 12:49:06,638] {scheduler_job.py:629} INFO - Processing file /app/env/lib/python3.8/site-packages/airflow/example_dags/example_latest_only.py for tasks to queue
[2022-02-18 12:49:06,638] {logging_mixin.py:104} INFO - [2022-02-18 12:49:06,638] {dagbag.py:448} INFO - Filling up the DagBag from /app/env/lib/python3.8/site-packages/airflow/example_dags/example_latest_only.py
[2022-02-18 12:49:06,651] {scheduler_job.py:639} INFO - DAG(s) dict_keys(['latest_only']) retrieved from /app/env/lib/python3.8/site-packages/airflow/example_dags/example_latest_only.py
[2022-02-18 12:49:06,669] {logging_mixin.py:104} INFO - [2022-02-18 12:49:06,669] {dag.py:1818} INFO - Sync 1 DAGs
[2022-02-18 12:49:06,685] {logging_mixin.py:104} INFO - [2022-02-18 12:49:06,685] {dag.py:2273} INFO - Setting next_dagrun for latest_only to 2022-02-16 00:00:00+00:00
[2022-02-18 12:49:06,695] {scheduler_job.py:190} INFO - Processing /app/env/lib/python3.8/site-packages/airflow/example_dags/example_latest_only.py took 0.063 seconds
[2022-02-18 12:49:37,401] {scheduler_job.py:182} INFO - Started process (PID=416) to work on /app/env/lib/python3.8/site-packages/airflow/example_dags/example_latest_only.py
[2022-02-18 12:49:37,403] {scheduler_job.py:629} INFO - Processing file /app/env/lib/python3.8/site-packages/airflow/example_dags/example_latest_only.py for tasks to queue
[2022-02-18 12:49:37,405] {logging_mixin.py:104} INFO - [2022-02-18 12:49:37,404] {dagbag.py:448} INFO - Filling up the DagBag from /app/env/lib/python3.8/site-packages/airflow/example_dags/example_latest_only.py
[2022-02-18 12:49:37,421] {scheduler_job.py:639} INFO - DAG(s) dict_keys(['latest_only']) retrieved from /app/env/lib/python3.8/site-packages/airflow/example_dags/example_latest_only.py
[2022-02-18 12:49:37,444] {logging_mixin.py:104} INFO - [2022-02-18 12:49:37,443] {dag.py:1818} INFO - Sync 1 DAGs
[2022-02-18 12:49:37,460] {logging_mixin.py:104} INFO - [2022-02-18 12:49:37,460] {dag.py:2273} INFO - Setting next_dagrun for latest_only to 2022-02-16 00:00:00+00:00
[2022-02-18 12:49:37,469] {scheduler_job.py:190} INFO - Processing /app/env/lib/python3.8/site-packages/airflow/example_dags/example_latest_only.py took 0.073 seconds
[2022-02-18 12:50:07,930] {scheduler_job.py:182} INFO - Started process (PID=446) to work on /app/env/lib/python3.8/site-packages/airflow/example_dags/example_latest_only.py
[2022-02-18 12:50:07,931] {scheduler_job.py:629} INFO - Processing file /app/env/lib/python3.8/site-packages/airflow/example_dags/example_latest_only.py for tasks to queue
[2022-02-18 12:50:07,932] {logging_mixin.py:104} INFO - [2022-02-18 12:50:07,932] {dagbag.py:448} INFO - Filling up the DagBag from /app/env/lib/python3.8/site-packages/airflow/example_dags/example_latest_only.py
[2022-02-18 12:50:07,943] {scheduler_job.py:639} INFO - DAG(s) dict_keys(['latest_only']) retrieved from /app/env/lib/python3.8/site-packages/airflow/example_dags/example_latest_only.py
[2022-02-18 12:50:07,962] {logging_mixin.py:104} INFO - [2022-02-18 12:50:07,962] {dag.py:1818} INFO - Sync 1 DAGs
[2022-02-18 12:50:07,977] {logging_mixin.py:104} INFO - [2022-02-18 12:50:07,977] {dag.py:2273} INFO - Setting next_dagrun for latest_only to 2022-02-16 00:00:00+00:00
[2022-02-18 12:50:07,987] {scheduler_job.py:190} INFO - Processing /app/env/lib/python3.8/site-packages/airflow/example_dags/example_latest_only.py took 0.061 seconds
[2022-02-18 12:50:38,486] {scheduler_job.py:182} INFO - Started process (PID=476) to work on /app/env/lib/python3.8/site-packages/airflow/example_dags/example_latest_only.py
[2022-02-18 12:50:38,488] {scheduler_job.py:629} INFO - Processing file /app/env/lib/python3.8/site-packages/airflow/example_dags/example_latest_only.py for tasks to queue
[2022-02-18 12:50:38,489] {logging_mixin.py:104} INFO - [2022-02-18 12:50:38,489] {dagbag.py:448} INFO - Filling up the DagBag from /app/env/lib/python3.8/site-packages/airflow/example_dags/example_latest_only.py
[2022-02-18 12:50:38,507] {scheduler_job.py:639} INFO - DAG(s) dict_keys(['latest_only']) retrieved from /app/env/lib/python3.8/site-packages/airflow/example_dags/example_latest_only.py
[2022-02-18 12:50:38,529] {logging_mixin.py:104} INFO - [2022-02-18 12:50:38,529] {dag.py:1818} INFO - Sync 1 DAGs
[2022-02-18 12:50:38,549] {logging_mixin.py:104} INFO - [2022-02-18 12:50:38,548] {dag.py:2273} INFO - Setting next_dagrun for latest_only to 2022-02-16 00:00:00+00:00
[2022-02-18 12:50:38,559] {scheduler_job.py:190} INFO - Processing /app/env/lib/python3.8/site-packages/airflow/example_dags/example_latest_only.py took 0.078 seconds
[2022-02-18 12:51:09,278] {scheduler_job.py:182} INFO - Started process (PID=506) to work on /app/env/lib/python3.8/site-packages/airflow/example_dags/example_latest_only.py
[2022-02-18 12:51:09,279] {scheduler_job.py:629} INFO - Processing file /app/env/lib/python3.8/site-packages/airflow/example_dags/example_latest_only.py for tasks to queue
[2022-02-18 12:51:09,280] {logging_mixin.py:104} INFO - [2022-02-18 12:51:09,280] {dagbag.py:448} INFO - Filling up the DagBag from /app/env/lib/python3.8/site-packages/airflow/example_dags/example_latest_only.py
[2022-02-18 12:51:09,290] {scheduler_job.py:639} INFO - DAG(s) dict_keys(['latest_only']) retrieved from /app/env/lib/python3.8/site-packages/airflow/example_dags/example_latest_only.py
[2022-02-18 12:51:09,304] {logging_mixin.py:104} INFO - [2022-02-18 12:51:09,304] {dag.py:1818} INFO - Sync 1 DAGs
[2022-02-18 12:51:09,314] {logging_mixin.py:104} INFO - [2022-02-18 12:51:09,313] {dag.py:2273} INFO - Setting next_dagrun for latest_only to 2022-02-16 00:00:00+00:00
[2022-02-18 12:51:09,319] {scheduler_job.py:190} INFO - Processing /app/env/lib/python3.8/site-packages/airflow/example_dags/example_latest_only.py took 0.045 seconds
[2022-02-18 12:51:40,064] {scheduler_job.py:182} INFO - Started process (PID=536) to work on /app/env/lib/python3.8/site-packages/airflow/example_dags/example_latest_only.py
[2022-02-18 12:51:40,065] {scheduler_job.py:629} INFO - Processing file /app/env/lib/python3.8/site-packages/airflow/example_dags/example_latest_only.py for tasks to queue
[2022-02-18 12:51:40,066] {logging_mixin.py:104} INFO - [2022-02-18 12:51:40,066] {dagbag.py:448} INFO - Filling up the DagBag from /app/env/lib/python3.8/site-packages/airflow/example_dags/example_latest_only.py
[2022-02-18 12:51:40,078] {scheduler_job.py:639} INFO - DAG(s) dict_keys(['latest_only']) retrieved from /app/env/lib/python3.8/site-packages/airflow/example_dags/example_latest_only.py
[2022-02-18 12:51:40,095] {logging_mixin.py:104} INFO - [2022-02-18 12:51:40,095] {dag.py:1818} INFO - Sync 1 DAGs
[2022-02-18 12:51:40,109] {logging_mixin.py:104} INFO - [2022-02-18 12:51:40,108] {dag.py:2273} INFO - Setting next_dagrun for latest_only to 2022-02-16 00:00:00+00:00
[2022-02-18 12:51:40,118] {scheduler_job.py:190} INFO - Processing /app/env/lib/python3.8/site-packages/airflow/example_dags/example_latest_only.py took 0.059 seconds
[2022-02-18 12:52:10,640] {scheduler_job.py:182} INFO - Started process (PID=566) to work on /app/env/lib/python3.8/site-packages/airflow/example_dags/example_latest_only.py
[2022-02-18 12:52:10,641] {scheduler_job.py:629} INFO - Processing file /app/env/lib/python3.8/site-packages/airflow/example_dags/example_latest_only.py for tasks to queue
[2022-02-18 12:52:10,642] {logging_mixin.py:104} INFO - [2022-02-18 12:52:10,642] {dagbag.py:448} INFO - Filling up the DagBag from /app/env/lib/python3.8/site-packages/airflow/example_dags/example_latest_only.py
[2022-02-18 12:52:10,658] {scheduler_job.py:639} INFO - DAG(s) dict_keys(['latest_only']) retrieved from /app/env/lib/python3.8/site-packages/airflow/example_dags/example_latest_only.py
[2022-02-18 12:52:10,677] {logging_mixin.py:104} INFO - [2022-02-18 12:52:10,677] {dag.py:1818} INFO - Sync 1 DAGs
[2022-02-18 12:52:10,690] {logging_mixin.py:104} INFO - [2022-02-18 12:52:10,690] {dag.py:2273} INFO - Setting next_dagrun for latest_only to 2022-02-16 00:00:00+00:00
[2022-02-18 12:52:10,699] {scheduler_job.py:190} INFO - Processing /app/env/lib/python3.8/site-packages/airflow/example_dags/example_latest_only.py took 0.064 seconds
[2022-02-18 12:52:41,419] {scheduler_job.py:182} INFO - Started process (PID=596) to work on /app/env/lib/python3.8/site-packages/airflow/example_dags/example_latest_only.py
[2022-02-18 12:52:41,420] {scheduler_job.py:629} INFO - Processing file /app/env/lib/python3.8/site-packages/airflow/example_dags/example_latest_only.py for tasks to queue
[2022-02-18 12:52:41,422] {logging_mixin.py:104} INFO - [2022-02-18 12:52:41,422] {dagbag.py:448} INFO - Filling up the DagBag from /app/env/lib/python3.8/site-packages/airflow/example_dags/example_latest_only.py
[2022-02-18 12:52:41,437] {scheduler_job.py:639} INFO - DAG(s) dict_keys(['latest_only']) retrieved from /app/env/lib/python3.8/site-packages/airflow/example_dags/example_latest_only.py
[2022-02-18 12:52:41,454] {logging_mixin.py:104} INFO - [2022-02-18 12:52:41,454] {dag.py:1818} INFO - Sync 1 DAGs
[2022-02-18 12:52:41,468] {logging_mixin.py:104} INFO - [2022-02-18 12:52:41,468] {dag.py:2273} INFO - Setting next_dagrun for latest_only to 2022-02-16 00:00:00+00:00
[2022-02-18 12:52:41,478] {scheduler_job.py:190} INFO - Processing /app/env/lib/python3.8/site-packages/airflow/example_dags/example_latest_only.py took 0.062 seconds
[2022-02-18 12:53:12,180] {scheduler_job.py:182} INFO - Started process (PID=626) to work on /app/env/lib/python3.8/site-packages/airflow/example_dags/example_latest_only.py
[2022-02-18 12:53:12,181] {scheduler_job.py:629} INFO - Processing file /app/env/lib/python3.8/site-packages/airflow/example_dags/example_latest_only.py for tasks to queue
[2022-02-18 12:53:12,182] {logging_mixin.py:104} INFO - [2022-02-18 12:53:12,182] {dagbag.py:448} INFO - Filling up the DagBag from /app/env/lib/python3.8/site-packages/airflow/example_dags/example_latest_only.py
[2022-02-18 12:53:12,194] {scheduler_job.py:639} INFO - DAG(s) dict_keys(['latest_only']) retrieved from /app/env/lib/python3.8/site-packages/airflow/example_dags/example_latest_only.py
[2022-02-18 12:53:12,212] {logging_mixin.py:104} INFO - [2022-02-18 12:53:12,212] {dag.py:1818} INFO - Sync 1 DAGs
[2022-02-18 12:53:12,226] {logging_mixin.py:104} INFO - [2022-02-18 12:53:12,226] {dag.py:2273} INFO - Setting next_dagrun for latest_only to 2022-02-16 00:00:00+00:00
[2022-02-18 12:53:12,235] {scheduler_job.py:190} INFO - Processing /app/env/lib/python3.8/site-packages/airflow/example_dags/example_latest_only.py took 0.059 seconds
[2022-02-18 12:53:42,754] {scheduler_job.py:182} INFO - Started process (PID=656) to work on /app/env/lib/python3.8/site-packages/airflow/example_dags/example_latest_only.py
[2022-02-18 12:53:42,756] {scheduler_job.py:629} INFO - Processing file /app/env/lib/python3.8/site-packages/airflow/example_dags/example_latest_only.py for tasks to queue
[2022-02-18 12:53:42,757] {logging_mixin.py:104} INFO - [2022-02-18 12:53:42,757] {dagbag.py:448} INFO - Filling up the DagBag from /app/env/lib/python3.8/site-packages/airflow/example_dags/example_latest_only.py
[2022-02-18 12:53:42,778] {scheduler_job.py:639} INFO - DAG(s) dict_keys(['latest_only']) retrieved from /app/env/lib/python3.8/site-packages/airflow/example_dags/example_latest_only.py
[2022-02-18 12:53:42,800] {logging_mixin.py:104} INFO - [2022-02-18 12:53:42,800] {dag.py:1818} INFO - Sync 1 DAGs
[2022-02-18 12:53:42,814] {logging_mixin.py:104} INFO - [2022-02-18 12:53:42,814] {dag.py:2273} INFO - Setting next_dagrun for latest_only to 2022-02-16 00:00:00+00:00
[2022-02-18 12:53:42,824] {scheduler_job.py:190} INFO - Processing /app/env/lib/python3.8/site-packages/airflow/example_dags/example_latest_only.py took 0.079 seconds
