[2022-02-18 12:43:45,926] {scheduler_job.py:182} INFO - Started process (PID=53) to work on /app/env/lib/python3.8/site-packages/airflow/example_dags/example_python_operator.py
[2022-02-18 12:43:45,927] {scheduler_job.py:629} INFO - Processing file /app/env/lib/python3.8/site-packages/airflow/example_dags/example_python_operator.py for tasks to queue
[2022-02-18 12:43:45,928] {logging_mixin.py:104} INFO - [2022-02-18 12:43:45,928] {dagbag.py:448} INFO - Filling up the DagBag from /app/env/lib/python3.8/site-packages/airflow/example_dags/example_python_operator.py
[2022-02-18 12:43:45,957] {scheduler_job.py:639} INFO - DAG(s) dict_keys(['example_python_operator']) retrieved from /app/env/lib/python3.8/site-packages/airflow/example_dags/example_python_operator.py
[2022-02-18 12:43:45,981] {logging_mixin.py:104} INFO - [2022-02-18 12:43:45,981] {dag.py:1818} INFO - Sync 1 DAGs
[2022-02-18 12:43:46,022] {logging_mixin.py:104} INFO - [2022-02-18 12:43:46,022] {dag.py:2273} INFO - Setting next_dagrun for example_python_operator to None
[2022-02-18 12:43:46,046] {scheduler_job.py:190} INFO - Processing /app/env/lib/python3.8/site-packages/airflow/example_dags/example_python_operator.py took 0.139 seconds
[2022-02-18 12:44:16,743] {scheduler_job.py:182} INFO - Started process (PID=101) to work on /app/env/lib/python3.8/site-packages/airflow/example_dags/example_python_operator.py
[2022-02-18 12:44:16,745] {scheduler_job.py:629} INFO - Processing file /app/env/lib/python3.8/site-packages/airflow/example_dags/example_python_operator.py for tasks to queue
[2022-02-18 12:44:16,746] {logging_mixin.py:104} INFO - [2022-02-18 12:44:16,746] {dagbag.py:448} INFO - Filling up the DagBag from /app/env/lib/python3.8/site-packages/airflow/example_dags/example_python_operator.py
[2022-02-18 12:44:16,764] {scheduler_job.py:639} INFO - DAG(s) dict_keys(['example_python_operator']) retrieved from /app/env/lib/python3.8/site-packages/airflow/example_dags/example_python_operator.py
[2022-02-18 12:44:16,788] {logging_mixin.py:104} INFO - [2022-02-18 12:44:16,788] {dag.py:1818} INFO - Sync 1 DAGs
[2022-02-18 12:44:16,804] {logging_mixin.py:104} INFO - [2022-02-18 12:44:16,804] {dag.py:2273} INFO - Setting next_dagrun for example_python_operator to None
[2022-02-18 12:44:16,819] {scheduler_job.py:190} INFO - Processing /app/env/lib/python3.8/site-packages/airflow/example_dags/example_python_operator.py took 0.081 seconds
[2022-02-18 12:44:47,516] {scheduler_job.py:182} INFO - Started process (PID=133) to work on /app/env/lib/python3.8/site-packages/airflow/example_dags/example_python_operator.py
[2022-02-18 12:44:47,517] {scheduler_job.py:629} INFO - Processing file /app/env/lib/python3.8/site-packages/airflow/example_dags/example_python_operator.py for tasks to queue
[2022-02-18 12:44:47,518] {logging_mixin.py:104} INFO - [2022-02-18 12:44:47,518] {dagbag.py:448} INFO - Filling up the DagBag from /app/env/lib/python3.8/site-packages/airflow/example_dags/example_python_operator.py
[2022-02-18 12:44:47,532] {scheduler_job.py:639} INFO - DAG(s) dict_keys(['example_python_operator']) retrieved from /app/env/lib/python3.8/site-packages/airflow/example_dags/example_python_operator.py
[2022-02-18 12:44:47,552] {logging_mixin.py:104} INFO - [2022-02-18 12:44:47,551] {dag.py:1818} INFO - Sync 1 DAGs
[2022-02-18 12:44:47,566] {logging_mixin.py:104} INFO - [2022-02-18 12:44:47,566] {dag.py:2273} INFO - Setting next_dagrun for example_python_operator to None
[2022-02-18 12:44:47,576] {scheduler_job.py:190} INFO - Processing /app/env/lib/python3.8/site-packages/airflow/example_dags/example_python_operator.py took 0.063 seconds
[2022-02-18 12:45:18,380] {scheduler_job.py:182} INFO - Started process (PID=163) to work on /app/env/lib/python3.8/site-packages/airflow/example_dags/example_python_operator.py
[2022-02-18 12:45:18,382] {scheduler_job.py:629} INFO - Processing file /app/env/lib/python3.8/site-packages/airflow/example_dags/example_python_operator.py for tasks to queue
[2022-02-18 12:45:18,383] {logging_mixin.py:104} INFO - [2022-02-18 12:45:18,382] {dagbag.py:448} INFO - Filling up the DagBag from /app/env/lib/python3.8/site-packages/airflow/example_dags/example_python_operator.py
[2022-02-18 12:45:18,400] {scheduler_job.py:639} INFO - DAG(s) dict_keys(['example_python_operator']) retrieved from /app/env/lib/python3.8/site-packages/airflow/example_dags/example_python_operator.py
[2022-02-18 12:45:18,421] {logging_mixin.py:104} INFO - [2022-02-18 12:45:18,421] {dag.py:1818} INFO - Sync 1 DAGs
[2022-02-18 12:45:18,437] {logging_mixin.py:104} INFO - [2022-02-18 12:45:18,437] {dag.py:2273} INFO - Setting next_dagrun for example_python_operator to None
[2022-02-18 12:45:18,447] {scheduler_job.py:190} INFO - Processing /app/env/lib/python3.8/site-packages/airflow/example_dags/example_python_operator.py took 0.071 seconds
[2022-02-18 12:45:49,126] {scheduler_job.py:182} INFO - Started process (PID=193) to work on /app/env/lib/python3.8/site-packages/airflow/example_dags/example_python_operator.py
[2022-02-18 12:45:49,127] {scheduler_job.py:629} INFO - Processing file /app/env/lib/python3.8/site-packages/airflow/example_dags/example_python_operator.py for tasks to queue
[2022-02-18 12:45:49,128] {logging_mixin.py:104} INFO - [2022-02-18 12:45:49,128] {dagbag.py:448} INFO - Filling up the DagBag from /app/env/lib/python3.8/site-packages/airflow/example_dags/example_python_operator.py
[2022-02-18 12:45:49,143] {scheduler_job.py:639} INFO - DAG(s) dict_keys(['example_python_operator']) retrieved from /app/env/lib/python3.8/site-packages/airflow/example_dags/example_python_operator.py
[2022-02-18 12:45:49,160] {logging_mixin.py:104} INFO - [2022-02-18 12:45:49,160] {dag.py:1818} INFO - Sync 1 DAGs
[2022-02-18 12:45:49,175] {logging_mixin.py:104} INFO - [2022-02-18 12:45:49,174] {dag.py:2273} INFO - Setting next_dagrun for example_python_operator to None
[2022-02-18 12:45:49,185] {scheduler_job.py:190} INFO - Processing /app/env/lib/python3.8/site-packages/airflow/example_dags/example_python_operator.py took 0.062 seconds
[2022-02-18 12:46:19,886] {scheduler_job.py:182} INFO - Started process (PID=223) to work on /app/env/lib/python3.8/site-packages/airflow/example_dags/example_python_operator.py
[2022-02-18 12:46:19,888] {scheduler_job.py:629} INFO - Processing file /app/env/lib/python3.8/site-packages/airflow/example_dags/example_python_operator.py for tasks to queue
[2022-02-18 12:46:19,888] {logging_mixin.py:104} INFO - [2022-02-18 12:46:19,888] {dagbag.py:448} INFO - Filling up the DagBag from /app/env/lib/python3.8/site-packages/airflow/example_dags/example_python_operator.py
[2022-02-18 12:46:19,905] {scheduler_job.py:639} INFO - DAG(s) dict_keys(['example_python_operator']) retrieved from /app/env/lib/python3.8/site-packages/airflow/example_dags/example_python_operator.py
[2022-02-18 12:46:19,924] {logging_mixin.py:104} INFO - [2022-02-18 12:46:19,923] {dag.py:1818} INFO - Sync 1 DAGs
[2022-02-18 12:46:19,935] {logging_mixin.py:104} INFO - [2022-02-18 12:46:19,935] {dag.py:2273} INFO - Setting next_dagrun for example_python_operator to None
[2022-02-18 12:46:19,944] {scheduler_job.py:190} INFO - Processing /app/env/lib/python3.8/site-packages/airflow/example_dags/example_python_operator.py took 0.062 seconds
[2022-02-18 12:46:50,630] {scheduler_job.py:182} INFO - Started process (PID=253) to work on /app/env/lib/python3.8/site-packages/airflow/example_dags/example_python_operator.py
[2022-02-18 12:46:50,631] {scheduler_job.py:629} INFO - Processing file /app/env/lib/python3.8/site-packages/airflow/example_dags/example_python_operator.py for tasks to queue
[2022-02-18 12:46:50,632] {logging_mixin.py:104} INFO - [2022-02-18 12:46:50,632] {dagbag.py:448} INFO - Filling up the DagBag from /app/env/lib/python3.8/site-packages/airflow/example_dags/example_python_operator.py
[2022-02-18 12:46:50,649] {scheduler_job.py:639} INFO - DAG(s) dict_keys(['example_python_operator']) retrieved from /app/env/lib/python3.8/site-packages/airflow/example_dags/example_python_operator.py
[2022-02-18 12:46:50,670] {logging_mixin.py:104} INFO - [2022-02-18 12:46:50,670] {dag.py:1818} INFO - Sync 1 DAGs
[2022-02-18 12:46:50,687] {logging_mixin.py:104} INFO - [2022-02-18 12:46:50,687] {dag.py:2273} INFO - Setting next_dagrun for example_python_operator to None
[2022-02-18 12:46:50,697] {scheduler_job.py:190} INFO - Processing /app/env/lib/python3.8/site-packages/airflow/example_dags/example_python_operator.py took 0.071 seconds
[2022-02-18 12:47:21,369] {scheduler_job.py:182} INFO - Started process (PID=283) to work on /app/env/lib/python3.8/site-packages/airflow/example_dags/example_python_operator.py
[2022-02-18 12:47:21,370] {scheduler_job.py:629} INFO - Processing file /app/env/lib/python3.8/site-packages/airflow/example_dags/example_python_operator.py for tasks to queue
[2022-02-18 12:47:21,371] {logging_mixin.py:104} INFO - [2022-02-18 12:47:21,371] {dagbag.py:448} INFO - Filling up the DagBag from /app/env/lib/python3.8/site-packages/airflow/example_dags/example_python_operator.py
[2022-02-18 12:47:21,387] {scheduler_job.py:639} INFO - DAG(s) dict_keys(['example_python_operator']) retrieved from /app/env/lib/python3.8/site-packages/airflow/example_dags/example_python_operator.py
[2022-02-18 12:47:21,405] {logging_mixin.py:104} INFO - [2022-02-18 12:47:21,404] {dag.py:1818} INFO - Sync 1 DAGs
[2022-02-18 12:47:21,418] {logging_mixin.py:104} INFO - [2022-02-18 12:47:21,418] {dag.py:2273} INFO - Setting next_dagrun for example_python_operator to None
[2022-02-18 12:47:21,426] {scheduler_job.py:190} INFO - Processing /app/env/lib/python3.8/site-packages/airflow/example_dags/example_python_operator.py took 0.062 seconds
[2022-02-18 12:47:52,130] {scheduler_job.py:182} INFO - Started process (PID=313) to work on /app/env/lib/python3.8/site-packages/airflow/example_dags/example_python_operator.py
[2022-02-18 12:47:52,131] {scheduler_job.py:629} INFO - Processing file /app/env/lib/python3.8/site-packages/airflow/example_dags/example_python_operator.py for tasks to queue
[2022-02-18 12:47:52,132] {logging_mixin.py:104} INFO - [2022-02-18 12:47:52,131] {dagbag.py:448} INFO - Filling up the DagBag from /app/env/lib/python3.8/site-packages/airflow/example_dags/example_python_operator.py
[2022-02-18 12:47:52,145] {scheduler_job.py:639} INFO - DAG(s) dict_keys(['example_python_operator']) retrieved from /app/env/lib/python3.8/site-packages/airflow/example_dags/example_python_operator.py
[2022-02-18 12:47:52,161] {logging_mixin.py:104} INFO - [2022-02-18 12:47:52,161] {dag.py:1818} INFO - Sync 1 DAGs
[2022-02-18 12:47:52,174] {logging_mixin.py:104} INFO - [2022-02-18 12:47:52,174] {dag.py:2273} INFO - Setting next_dagrun for example_python_operator to None
[2022-02-18 12:47:52,182] {scheduler_job.py:190} INFO - Processing /app/env/lib/python3.8/site-packages/airflow/example_dags/example_python_operator.py took 0.055 seconds
[2022-02-18 12:48:22,826] {scheduler_job.py:182} INFO - Started process (PID=343) to work on /app/env/lib/python3.8/site-packages/airflow/example_dags/example_python_operator.py
[2022-02-18 12:48:22,827] {scheduler_job.py:629} INFO - Processing file /app/env/lib/python3.8/site-packages/airflow/example_dags/example_python_operator.py for tasks to queue
[2022-02-18 12:48:22,828] {logging_mixin.py:104} INFO - [2022-02-18 12:48:22,828] {dagbag.py:448} INFO - Filling up the DagBag from /app/env/lib/python3.8/site-packages/airflow/example_dags/example_python_operator.py
[2022-02-18 12:48:22,855] {scheduler_job.py:639} INFO - DAG(s) dict_keys(['example_python_operator']) retrieved from /app/env/lib/python3.8/site-packages/airflow/example_dags/example_python_operator.py
[2022-02-18 12:48:22,881] {logging_mixin.py:104} INFO - [2022-02-18 12:48:22,881] {dag.py:1818} INFO - Sync 1 DAGs
[2022-02-18 12:48:22,900] {logging_mixin.py:104} INFO - [2022-02-18 12:48:22,900] {dag.py:2273} INFO - Setting next_dagrun for example_python_operator to None
[2022-02-18 12:48:22,911] {scheduler_job.py:190} INFO - Processing /app/env/lib/python3.8/site-packages/airflow/example_dags/example_python_operator.py took 0.099 seconds
[2022-02-18 12:48:53,438] {scheduler_job.py:182} INFO - Started process (PID=373) to work on /app/env/lib/python3.8/site-packages/airflow/example_dags/example_python_operator.py
[2022-02-18 12:48:53,439] {scheduler_job.py:629} INFO - Processing file /app/env/lib/python3.8/site-packages/airflow/example_dags/example_python_operator.py for tasks to queue
[2022-02-18 12:48:53,440] {logging_mixin.py:104} INFO - [2022-02-18 12:48:53,440] {dagbag.py:448} INFO - Filling up the DagBag from /app/env/lib/python3.8/site-packages/airflow/example_dags/example_python_operator.py
[2022-02-18 12:48:53,459] {scheduler_job.py:639} INFO - DAG(s) dict_keys(['example_python_operator']) retrieved from /app/env/lib/python3.8/site-packages/airflow/example_dags/example_python_operator.py
[2022-02-18 12:48:53,472] {logging_mixin.py:104} INFO - [2022-02-18 12:48:53,471] {dag.py:1818} INFO - Sync 1 DAGs
[2022-02-18 12:48:53,481] {logging_mixin.py:104} INFO - [2022-02-18 12:48:53,481] {dag.py:2273} INFO - Setting next_dagrun for example_python_operator to None
[2022-02-18 12:48:53,487] {scheduler_job.py:190} INFO - Processing /app/env/lib/python3.8/site-packages/airflow/example_dags/example_python_operator.py took 0.052 seconds
[2022-02-18 12:49:24,248] {scheduler_job.py:182} INFO - Started process (PID=403) to work on /app/env/lib/python3.8/site-packages/airflow/example_dags/example_python_operator.py
[2022-02-18 12:49:24,249] {scheduler_job.py:629} INFO - Processing file /app/env/lib/python3.8/site-packages/airflow/example_dags/example_python_operator.py for tasks to queue
[2022-02-18 12:49:24,250] {logging_mixin.py:104} INFO - [2022-02-18 12:49:24,249] {dagbag.py:448} INFO - Filling up the DagBag from /app/env/lib/python3.8/site-packages/airflow/example_dags/example_python_operator.py
[2022-02-18 12:49:24,268] {scheduler_job.py:639} INFO - DAG(s) dict_keys(['example_python_operator']) retrieved from /app/env/lib/python3.8/site-packages/airflow/example_dags/example_python_operator.py
[2022-02-18 12:49:24,286] {logging_mixin.py:104} INFO - [2022-02-18 12:49:24,286] {dag.py:1818} INFO - Sync 1 DAGs
[2022-02-18 12:49:24,299] {logging_mixin.py:104} INFO - [2022-02-18 12:49:24,299] {dag.py:2273} INFO - Setting next_dagrun for example_python_operator to None
[2022-02-18 12:49:24,309] {scheduler_job.py:190} INFO - Processing /app/env/lib/python3.8/site-packages/airflow/example_dags/example_python_operator.py took 0.066 seconds
[2022-02-18 12:49:54,877] {scheduler_job.py:182} INFO - Started process (PID=433) to work on /app/env/lib/python3.8/site-packages/airflow/example_dags/example_python_operator.py
[2022-02-18 12:49:54,878] {scheduler_job.py:629} INFO - Processing file /app/env/lib/python3.8/site-packages/airflow/example_dags/example_python_operator.py for tasks to queue
[2022-02-18 12:49:54,879] {logging_mixin.py:104} INFO - [2022-02-18 12:49:54,879] {dagbag.py:448} INFO - Filling up the DagBag from /app/env/lib/python3.8/site-packages/airflow/example_dags/example_python_operator.py
[2022-02-18 12:49:54,894] {scheduler_job.py:639} INFO - DAG(s) dict_keys(['example_python_operator']) retrieved from /app/env/lib/python3.8/site-packages/airflow/example_dags/example_python_operator.py
[2022-02-18 12:49:54,916] {logging_mixin.py:104} INFO - [2022-02-18 12:49:54,915] {dag.py:1818} INFO - Sync 1 DAGs
[2022-02-18 12:49:54,932] {logging_mixin.py:104} INFO - [2022-02-18 12:49:54,932] {dag.py:2273} INFO - Setting next_dagrun for example_python_operator to None
[2022-02-18 12:49:54,941] {scheduler_job.py:190} INFO - Processing /app/env/lib/python3.8/site-packages/airflow/example_dags/example_python_operator.py took 0.068 seconds
[2022-02-18 12:50:25,407] {scheduler_job.py:182} INFO - Started process (PID=463) to work on /app/env/lib/python3.8/site-packages/airflow/example_dags/example_python_operator.py
[2022-02-18 12:50:25,409] {scheduler_job.py:629} INFO - Processing file /app/env/lib/python3.8/site-packages/airflow/example_dags/example_python_operator.py for tasks to queue
[2022-02-18 12:50:25,409] {logging_mixin.py:104} INFO - [2022-02-18 12:50:25,409] {dagbag.py:448} INFO - Filling up the DagBag from /app/env/lib/python3.8/site-packages/airflow/example_dags/example_python_operator.py
[2022-02-18 12:50:25,423] {scheduler_job.py:639} INFO - DAG(s) dict_keys(['example_python_operator']) retrieved from /app/env/lib/python3.8/site-packages/airflow/example_dags/example_python_operator.py
[2022-02-18 12:50:25,441] {logging_mixin.py:104} INFO - [2022-02-18 12:50:25,441] {dag.py:1818} INFO - Sync 1 DAGs
[2022-02-18 12:50:25,454] {logging_mixin.py:104} INFO - [2022-02-18 12:50:25,454] {dag.py:2273} INFO - Setting next_dagrun for example_python_operator to None
[2022-02-18 12:50:25,462] {scheduler_job.py:190} INFO - Processing /app/env/lib/python3.8/site-packages/airflow/example_dags/example_python_operator.py took 0.059 seconds
[2022-02-18 12:50:56,087] {scheduler_job.py:182} INFO - Started process (PID=493) to work on /app/env/lib/python3.8/site-packages/airflow/example_dags/example_python_operator.py
[2022-02-18 12:50:56,088] {scheduler_job.py:629} INFO - Processing file /app/env/lib/python3.8/site-packages/airflow/example_dags/example_python_operator.py for tasks to queue
[2022-02-18 12:50:56,089] {logging_mixin.py:104} INFO - [2022-02-18 12:50:56,089] {dagbag.py:448} INFO - Filling up the DagBag from /app/env/lib/python3.8/site-packages/airflow/example_dags/example_python_operator.py
[2022-02-18 12:50:56,105] {scheduler_job.py:639} INFO - DAG(s) dict_keys(['example_python_operator']) retrieved from /app/env/lib/python3.8/site-packages/airflow/example_dags/example_python_operator.py
[2022-02-18 12:50:56,123] {logging_mixin.py:104} INFO - [2022-02-18 12:50:56,123] {dag.py:1818} INFO - Sync 1 DAGs
[2022-02-18 12:50:56,137] {logging_mixin.py:104} INFO - [2022-02-18 12:50:56,137] {dag.py:2273} INFO - Setting next_dagrun for example_python_operator to None
[2022-02-18 12:50:56,147] {scheduler_job.py:190} INFO - Processing /app/env/lib/python3.8/site-packages/airflow/example_dags/example_python_operator.py took 0.065 seconds
[2022-02-18 12:51:26,874] {scheduler_job.py:182} INFO - Started process (PID=523) to work on /app/env/lib/python3.8/site-packages/airflow/example_dags/example_python_operator.py
[2022-02-18 12:51:26,875] {scheduler_job.py:629} INFO - Processing file /app/env/lib/python3.8/site-packages/airflow/example_dags/example_python_operator.py for tasks to queue
[2022-02-18 12:51:26,876] {logging_mixin.py:104} INFO - [2022-02-18 12:51:26,876] {dagbag.py:448} INFO - Filling up the DagBag from /app/env/lib/python3.8/site-packages/airflow/example_dags/example_python_operator.py
[2022-02-18 12:51:26,898] {scheduler_job.py:639} INFO - DAG(s) dict_keys(['example_python_operator']) retrieved from /app/env/lib/python3.8/site-packages/airflow/example_dags/example_python_operator.py
[2022-02-18 12:51:26,927] {logging_mixin.py:104} INFO - [2022-02-18 12:51:26,927] {dag.py:1818} INFO - Sync 1 DAGs
[2022-02-18 12:51:26,945] {logging_mixin.py:104} INFO - [2022-02-18 12:51:26,945] {dag.py:2273} INFO - Setting next_dagrun for example_python_operator to None
[2022-02-18 12:51:26,956] {scheduler_job.py:190} INFO - Processing /app/env/lib/python3.8/site-packages/airflow/example_dags/example_python_operator.py took 0.087 seconds
[2022-02-18 12:51:57,568] {scheduler_job.py:182} INFO - Started process (PID=553) to work on /app/env/lib/python3.8/site-packages/airflow/example_dags/example_python_operator.py
[2022-02-18 12:51:57,569] {scheduler_job.py:629} INFO - Processing file /app/env/lib/python3.8/site-packages/airflow/example_dags/example_python_operator.py for tasks to queue
[2022-02-18 12:51:57,570] {logging_mixin.py:104} INFO - [2022-02-18 12:51:57,570] {dagbag.py:448} INFO - Filling up the DagBag from /app/env/lib/python3.8/site-packages/airflow/example_dags/example_python_operator.py
[2022-02-18 12:51:57,586] {scheduler_job.py:639} INFO - DAG(s) dict_keys(['example_python_operator']) retrieved from /app/env/lib/python3.8/site-packages/airflow/example_dags/example_python_operator.py
[2022-02-18 12:51:57,607] {logging_mixin.py:104} INFO - [2022-02-18 12:51:57,607] {dag.py:1818} INFO - Sync 1 DAGs
[2022-02-18 12:51:57,622] {logging_mixin.py:104} INFO - [2022-02-18 12:51:57,622] {dag.py:2273} INFO - Setting next_dagrun for example_python_operator to None
[2022-02-18 12:51:57,631] {scheduler_job.py:190} INFO - Processing /app/env/lib/python3.8/site-packages/airflow/example_dags/example_python_operator.py took 0.067 seconds
[2022-02-18 12:52:28,084] {scheduler_job.py:182} INFO - Started process (PID=583) to work on /app/env/lib/python3.8/site-packages/airflow/example_dags/example_python_operator.py
[2022-02-18 12:52:28,086] {scheduler_job.py:629} INFO - Processing file /app/env/lib/python3.8/site-packages/airflow/example_dags/example_python_operator.py for tasks to queue
[2022-02-18 12:52:28,086] {logging_mixin.py:104} INFO - [2022-02-18 12:52:28,086] {dagbag.py:448} INFO - Filling up the DagBag from /app/env/lib/python3.8/site-packages/airflow/example_dags/example_python_operator.py
[2022-02-18 12:52:28,102] {scheduler_job.py:639} INFO - DAG(s) dict_keys(['example_python_operator']) retrieved from /app/env/lib/python3.8/site-packages/airflow/example_dags/example_python_operator.py
[2022-02-18 12:52:28,125] {logging_mixin.py:104} INFO - [2022-02-18 12:52:28,125] {dag.py:1818} INFO - Sync 1 DAGs
[2022-02-18 12:52:28,139] {logging_mixin.py:104} INFO - [2022-02-18 12:52:28,139] {dag.py:2273} INFO - Setting next_dagrun for example_python_operator to None
[2022-02-18 12:52:28,149] {scheduler_job.py:190} INFO - Processing /app/env/lib/python3.8/site-packages/airflow/example_dags/example_python_operator.py took 0.068 seconds
[2022-02-18 12:52:58,401] {scheduler_job.py:182} INFO - Started process (PID=613) to work on /app/env/lib/python3.8/site-packages/airflow/example_dags/example_python_operator.py
[2022-02-18 12:52:58,402] {scheduler_job.py:629} INFO - Processing file /app/env/lib/python3.8/site-packages/airflow/example_dags/example_python_operator.py for tasks to queue
[2022-02-18 12:52:58,403] {logging_mixin.py:104} INFO - [2022-02-18 12:52:58,403] {dagbag.py:448} INFO - Filling up the DagBag from /app/env/lib/python3.8/site-packages/airflow/example_dags/example_python_operator.py
[2022-02-18 12:52:58,415] {scheduler_job.py:639} INFO - DAG(s) dict_keys(['example_python_operator']) retrieved from /app/env/lib/python3.8/site-packages/airflow/example_dags/example_python_operator.py
[2022-02-18 12:52:58,428] {logging_mixin.py:104} INFO - [2022-02-18 12:52:58,428] {dag.py:1818} INFO - Sync 1 DAGs
[2022-02-18 12:52:58,438] {logging_mixin.py:104} INFO - [2022-02-18 12:52:58,438] {dag.py:2273} INFO - Setting next_dagrun for example_python_operator to None
[2022-02-18 12:52:58,444] {scheduler_job.py:190} INFO - Processing /app/env/lib/python3.8/site-packages/airflow/example_dags/example_python_operator.py took 0.047 seconds
[2022-02-18 12:53:28,515] {scheduler_job.py:182} INFO - Started process (PID=642) to work on /app/env/lib/python3.8/site-packages/airflow/example_dags/example_python_operator.py
[2022-02-18 12:53:28,516] {scheduler_job.py:629} INFO - Processing file /app/env/lib/python3.8/site-packages/airflow/example_dags/example_python_operator.py for tasks to queue
[2022-02-18 12:53:28,516] {logging_mixin.py:104} INFO - [2022-02-18 12:53:28,516] {dagbag.py:448} INFO - Filling up the DagBag from /app/env/lib/python3.8/site-packages/airflow/example_dags/example_python_operator.py
[2022-02-18 12:53:28,529] {scheduler_job.py:639} INFO - DAG(s) dict_keys(['example_python_operator']) retrieved from /app/env/lib/python3.8/site-packages/airflow/example_dags/example_python_operator.py
[2022-02-18 12:53:28,544] {logging_mixin.py:104} INFO - [2022-02-18 12:53:28,543] {dag.py:1818} INFO - Sync 1 DAGs
[2022-02-18 12:53:28,554] {logging_mixin.py:104} INFO - [2022-02-18 12:53:28,553] {dag.py:2273} INFO - Setting next_dagrun for example_python_operator to None
[2022-02-18 12:53:28,561] {scheduler_job.py:190} INFO - Processing /app/env/lib/python3.8/site-packages/airflow/example_dags/example_python_operator.py took 0.050 seconds
