[2022-02-18 12:43:55,046] {scheduler_job.py:182} INFO - Started process (PID=63) to work on /app/env/lib/python3.8/site-packages/airflow/example_dags/example_task_group.py
[2022-02-18 12:43:55,048] {scheduler_job.py:629} INFO - Processing file /app/env/lib/python3.8/site-packages/airflow/example_dags/example_task_group.py for tasks to queue
[2022-02-18 12:43:55,049] {logging_mixin.py:104} INFO - [2022-02-18 12:43:55,049] {dagbag.py:448} INFO - Filling up the DagBag from /app/env/lib/python3.8/site-packages/airflow/example_dags/example_task_group.py
[2022-02-18 12:43:55,066] {scheduler_job.py:639} INFO - DAG(s) dict_keys(['example_task_group']) retrieved from /app/env/lib/python3.8/site-packages/airflow/example_dags/example_task_group.py
[2022-02-18 12:43:55,077] {logging_mixin.py:104} INFO - [2022-02-18 12:43:55,077] {dag.py:1818} INFO - Sync 1 DAGs
[2022-02-18 12:43:55,097] {logging_mixin.py:104} INFO - [2022-02-18 12:43:55,097] {dag.py:2273} INFO - Setting next_dagrun for example_task_group to 2022-02-16 00:00:00+00:00
[2022-02-18 12:43:55,110] {scheduler_job.py:190} INFO - Processing /app/env/lib/python3.8/site-packages/airflow/example_dags/example_task_group.py took 0.070 seconds
[2022-02-18 12:44:27,107] {scheduler_job.py:182} INFO - Started process (PID=113) to work on /app/env/lib/python3.8/site-packages/airflow/example_dags/example_task_group.py
[2022-02-18 12:44:27,109] {scheduler_job.py:629} INFO - Processing file /app/env/lib/python3.8/site-packages/airflow/example_dags/example_task_group.py for tasks to queue
[2022-02-18 12:44:27,110] {logging_mixin.py:104} INFO - [2022-02-18 12:44:27,110] {dagbag.py:448} INFO - Filling up the DagBag from /app/env/lib/python3.8/site-packages/airflow/example_dags/example_task_group.py
[2022-02-18 12:44:27,126] {scheduler_job.py:639} INFO - DAG(s) dict_keys(['example_task_group']) retrieved from /app/env/lib/python3.8/site-packages/airflow/example_dags/example_task_group.py
[2022-02-18 12:44:27,152] {logging_mixin.py:104} INFO - [2022-02-18 12:44:27,152] {dag.py:1818} INFO - Sync 1 DAGs
[2022-02-18 12:44:27,167] {logging_mixin.py:104} INFO - [2022-02-18 12:44:27,167] {dag.py:2273} INFO - Setting next_dagrun for example_task_group to 2022-02-16 00:00:00+00:00
[2022-02-18 12:44:27,185] {scheduler_job.py:190} INFO - Processing /app/env/lib/python3.8/site-packages/airflow/example_dags/example_task_group.py took 0.083 seconds
[2022-02-18 12:44:57,846] {scheduler_job.py:182} INFO - Started process (PID=143) to work on /app/env/lib/python3.8/site-packages/airflow/example_dags/example_task_group.py
[2022-02-18 12:44:57,847] {scheduler_job.py:629} INFO - Processing file /app/env/lib/python3.8/site-packages/airflow/example_dags/example_task_group.py for tasks to queue
[2022-02-18 12:44:57,847] {logging_mixin.py:104} INFO - [2022-02-18 12:44:57,847] {dagbag.py:448} INFO - Filling up the DagBag from /app/env/lib/python3.8/site-packages/airflow/example_dags/example_task_group.py
[2022-02-18 12:44:57,861] {scheduler_job.py:639} INFO - DAG(s) dict_keys(['example_task_group']) retrieved from /app/env/lib/python3.8/site-packages/airflow/example_dags/example_task_group.py
[2022-02-18 12:44:57,880] {logging_mixin.py:104} INFO - [2022-02-18 12:44:57,880] {dag.py:1818} INFO - Sync 1 DAGs
[2022-02-18 12:44:57,894] {logging_mixin.py:104} INFO - [2022-02-18 12:44:57,894] {dag.py:2273} INFO - Setting next_dagrun for example_task_group to 2022-02-16 00:00:00+00:00
[2022-02-18 12:44:57,903] {scheduler_job.py:190} INFO - Processing /app/env/lib/python3.8/site-packages/airflow/example_dags/example_task_group.py took 0.061 seconds
[2022-02-18 12:45:28,698] {scheduler_job.py:182} INFO - Started process (PID=173) to work on /app/env/lib/python3.8/site-packages/airflow/example_dags/example_task_group.py
[2022-02-18 12:45:28,700] {scheduler_job.py:629} INFO - Processing file /app/env/lib/python3.8/site-packages/airflow/example_dags/example_task_group.py for tasks to queue
[2022-02-18 12:45:28,700] {logging_mixin.py:104} INFO - [2022-02-18 12:45:28,700] {dagbag.py:448} INFO - Filling up the DagBag from /app/env/lib/python3.8/site-packages/airflow/example_dags/example_task_group.py
[2022-02-18 12:45:28,715] {scheduler_job.py:639} INFO - DAG(s) dict_keys(['example_task_group']) retrieved from /app/env/lib/python3.8/site-packages/airflow/example_dags/example_task_group.py
[2022-02-18 12:45:28,737] {logging_mixin.py:104} INFO - [2022-02-18 12:45:28,736] {dag.py:1818} INFO - Sync 1 DAGs
[2022-02-18 12:45:28,752] {logging_mixin.py:104} INFO - [2022-02-18 12:45:28,752] {dag.py:2273} INFO - Setting next_dagrun for example_task_group to 2022-02-16 00:00:00+00:00
[2022-02-18 12:45:28,762] {scheduler_job.py:190} INFO - Processing /app/env/lib/python3.8/site-packages/airflow/example_dags/example_task_group.py took 0.068 seconds
[2022-02-18 12:45:59,448] {scheduler_job.py:182} INFO - Started process (PID=203) to work on /app/env/lib/python3.8/site-packages/airflow/example_dags/example_task_group.py
[2022-02-18 12:45:59,449] {scheduler_job.py:629} INFO - Processing file /app/env/lib/python3.8/site-packages/airflow/example_dags/example_task_group.py for tasks to queue
[2022-02-18 12:45:59,450] {logging_mixin.py:104} INFO - [2022-02-18 12:45:59,450] {dagbag.py:448} INFO - Filling up the DagBag from /app/env/lib/python3.8/site-packages/airflow/example_dags/example_task_group.py
[2022-02-18 12:45:59,463] {scheduler_job.py:639} INFO - DAG(s) dict_keys(['example_task_group']) retrieved from /app/env/lib/python3.8/site-packages/airflow/example_dags/example_task_group.py
[2022-02-18 12:45:59,481] {logging_mixin.py:104} INFO - [2022-02-18 12:45:59,481] {dag.py:1818} INFO - Sync 1 DAGs
[2022-02-18 12:45:59,494] {logging_mixin.py:104} INFO - [2022-02-18 12:45:59,494] {dag.py:2273} INFO - Setting next_dagrun for example_task_group to 2022-02-16 00:00:00+00:00
[2022-02-18 12:45:59,503] {scheduler_job.py:190} INFO - Processing /app/env/lib/python3.8/site-packages/airflow/example_dags/example_task_group.py took 0.059 seconds
[2022-02-18 12:46:30,208] {scheduler_job.py:182} INFO - Started process (PID=233) to work on /app/env/lib/python3.8/site-packages/airflow/example_dags/example_task_group.py
[2022-02-18 12:46:30,209] {scheduler_job.py:629} INFO - Processing file /app/env/lib/python3.8/site-packages/airflow/example_dags/example_task_group.py for tasks to queue
[2022-02-18 12:46:30,210] {logging_mixin.py:104} INFO - [2022-02-18 12:46:30,210] {dagbag.py:448} INFO - Filling up the DagBag from /app/env/lib/python3.8/site-packages/airflow/example_dags/example_task_group.py
[2022-02-18 12:46:30,229] {scheduler_job.py:639} INFO - DAG(s) dict_keys(['example_task_group']) retrieved from /app/env/lib/python3.8/site-packages/airflow/example_dags/example_task_group.py
[2022-02-18 12:46:30,251] {logging_mixin.py:104} INFO - [2022-02-18 12:46:30,251] {dag.py:1818} INFO - Sync 1 DAGs
[2022-02-18 12:46:30,268] {logging_mixin.py:104} INFO - [2022-02-18 12:46:30,268] {dag.py:2273} INFO - Setting next_dagrun for example_task_group to 2022-02-16 00:00:00+00:00
[2022-02-18 12:46:30,279] {scheduler_job.py:190} INFO - Processing /app/env/lib/python3.8/site-packages/airflow/example_dags/example_task_group.py took 0.077 seconds
[2022-02-18 12:47:00,939] {scheduler_job.py:182} INFO - Started process (PID=263) to work on /app/env/lib/python3.8/site-packages/airflow/example_dags/example_task_group.py
[2022-02-18 12:47:00,941] {scheduler_job.py:629} INFO - Processing file /app/env/lib/python3.8/site-packages/airflow/example_dags/example_task_group.py for tasks to queue
[2022-02-18 12:47:00,941] {logging_mixin.py:104} INFO - [2022-02-18 12:47:00,941] {dagbag.py:448} INFO - Filling up the DagBag from /app/env/lib/python3.8/site-packages/airflow/example_dags/example_task_group.py
[2022-02-18 12:47:00,955] {scheduler_job.py:639} INFO - DAG(s) dict_keys(['example_task_group']) retrieved from /app/env/lib/python3.8/site-packages/airflow/example_dags/example_task_group.py
[2022-02-18 12:47:00,976] {logging_mixin.py:104} INFO - [2022-02-18 12:47:00,976] {dag.py:1818} INFO - Sync 1 DAGs
[2022-02-18 12:47:00,992] {logging_mixin.py:104} INFO - [2022-02-18 12:47:00,991] {dag.py:2273} INFO - Setting next_dagrun for example_task_group to 2022-02-16 00:00:00+00:00
[2022-02-18 12:47:01,002] {scheduler_job.py:190} INFO - Processing /app/env/lib/python3.8/site-packages/airflow/example_dags/example_task_group.py took 0.066 seconds
[2022-02-18 12:47:31,685] {scheduler_job.py:182} INFO - Started process (PID=293) to work on /app/env/lib/python3.8/site-packages/airflow/example_dags/example_task_group.py
[2022-02-18 12:47:31,686] {scheduler_job.py:629} INFO - Processing file /app/env/lib/python3.8/site-packages/airflow/example_dags/example_task_group.py for tasks to queue
[2022-02-18 12:47:31,687] {logging_mixin.py:104} INFO - [2022-02-18 12:47:31,687] {dagbag.py:448} INFO - Filling up the DagBag from /app/env/lib/python3.8/site-packages/airflow/example_dags/example_task_group.py
[2022-02-18 12:47:31,700] {scheduler_job.py:639} INFO - DAG(s) dict_keys(['example_task_group']) retrieved from /app/env/lib/python3.8/site-packages/airflow/example_dags/example_task_group.py
[2022-02-18 12:47:31,719] {logging_mixin.py:104} INFO - [2022-02-18 12:47:31,719] {dag.py:1818} INFO - Sync 1 DAGs
[2022-02-18 12:47:31,732] {logging_mixin.py:104} INFO - [2022-02-18 12:47:31,732] {dag.py:2273} INFO - Setting next_dagrun for example_task_group to 2022-02-16 00:00:00+00:00
[2022-02-18 12:47:31,741] {scheduler_job.py:190} INFO - Processing /app/env/lib/python3.8/site-packages/airflow/example_dags/example_task_group.py took 0.061 seconds
[2022-02-18 12:48:02,473] {scheduler_job.py:182} INFO - Started process (PID=323) to work on /app/env/lib/python3.8/site-packages/airflow/example_dags/example_task_group.py
[2022-02-18 12:48:02,474] {scheduler_job.py:629} INFO - Processing file /app/env/lib/python3.8/site-packages/airflow/example_dags/example_task_group.py for tasks to queue
[2022-02-18 12:48:02,475] {logging_mixin.py:104} INFO - [2022-02-18 12:48:02,475] {dagbag.py:448} INFO - Filling up the DagBag from /app/env/lib/python3.8/site-packages/airflow/example_dags/example_task_group.py
[2022-02-18 12:48:02,490] {scheduler_job.py:639} INFO - DAG(s) dict_keys(['example_task_group']) retrieved from /app/env/lib/python3.8/site-packages/airflow/example_dags/example_task_group.py
[2022-02-18 12:48:02,510] {logging_mixin.py:104} INFO - [2022-02-18 12:48:02,510] {dag.py:1818} INFO - Sync 1 DAGs
[2022-02-18 12:48:02,522] {logging_mixin.py:104} INFO - [2022-02-18 12:48:02,522] {dag.py:2273} INFO - Setting next_dagrun for example_task_group to 2022-02-16 00:00:00+00:00
[2022-02-18 12:48:02,532] {scheduler_job.py:190} INFO - Processing /app/env/lib/python3.8/site-packages/airflow/example_dags/example_task_group.py took 0.063 seconds
[2022-02-18 12:48:33,046] {scheduler_job.py:182} INFO - Started process (PID=353) to work on /app/env/lib/python3.8/site-packages/airflow/example_dags/example_task_group.py
[2022-02-18 12:48:33,047] {scheduler_job.py:629} INFO - Processing file /app/env/lib/python3.8/site-packages/airflow/example_dags/example_task_group.py for tasks to queue
[2022-02-18 12:48:33,048] {logging_mixin.py:104} INFO - [2022-02-18 12:48:33,047] {dagbag.py:448} INFO - Filling up the DagBag from /app/env/lib/python3.8/site-packages/airflow/example_dags/example_task_group.py
[2022-02-18 12:48:33,062] {scheduler_job.py:639} INFO - DAG(s) dict_keys(['example_task_group']) retrieved from /app/env/lib/python3.8/site-packages/airflow/example_dags/example_task_group.py
[2022-02-18 12:48:33,082] {logging_mixin.py:104} INFO - [2022-02-18 12:48:33,081] {dag.py:1818} INFO - Sync 1 DAGs
[2022-02-18 12:48:33,097] {logging_mixin.py:104} INFO - [2022-02-18 12:48:33,097] {dag.py:2273} INFO - Setting next_dagrun for example_task_group to 2022-02-16 00:00:00+00:00
[2022-02-18 12:48:33,107] {scheduler_job.py:190} INFO - Processing /app/env/lib/python3.8/site-packages/airflow/example_dags/example_task_group.py took 0.066 seconds
[2022-02-18 12:49:03,776] {scheduler_job.py:182} INFO - Started process (PID=383) to work on /app/env/lib/python3.8/site-packages/airflow/example_dags/example_task_group.py
[2022-02-18 12:49:03,777] {scheduler_job.py:629} INFO - Processing file /app/env/lib/python3.8/site-packages/airflow/example_dags/example_task_group.py for tasks to queue
[2022-02-18 12:49:03,778] {logging_mixin.py:104} INFO - [2022-02-18 12:49:03,778] {dagbag.py:448} INFO - Filling up the DagBag from /app/env/lib/python3.8/site-packages/airflow/example_dags/example_task_group.py
[2022-02-18 12:49:03,791] {scheduler_job.py:639} INFO - DAG(s) dict_keys(['example_task_group']) retrieved from /app/env/lib/python3.8/site-packages/airflow/example_dags/example_task_group.py
[2022-02-18 12:49:03,811] {logging_mixin.py:104} INFO - [2022-02-18 12:49:03,810] {dag.py:1818} INFO - Sync 1 DAGs
[2022-02-18 12:49:03,825] {logging_mixin.py:104} INFO - [2022-02-18 12:49:03,825] {dag.py:2273} INFO - Setting next_dagrun for example_task_group to 2022-02-16 00:00:00+00:00
[2022-02-18 12:49:03,834] {scheduler_job.py:190} INFO - Processing /app/env/lib/python3.8/site-packages/airflow/example_dags/example_task_group.py took 0.062 seconds
[2022-02-18 12:49:34,544] {scheduler_job.py:182} INFO - Started process (PID=413) to work on /app/env/lib/python3.8/site-packages/airflow/example_dags/example_task_group.py
[2022-02-18 12:49:34,545] {scheduler_job.py:629} INFO - Processing file /app/env/lib/python3.8/site-packages/airflow/example_dags/example_task_group.py for tasks to queue
[2022-02-18 12:49:34,546] {logging_mixin.py:104} INFO - [2022-02-18 12:49:34,545] {dagbag.py:448} INFO - Filling up the DagBag from /app/env/lib/python3.8/site-packages/airflow/example_dags/example_task_group.py
[2022-02-18 12:49:34,557] {scheduler_job.py:639} INFO - DAG(s) dict_keys(['example_task_group']) retrieved from /app/env/lib/python3.8/site-packages/airflow/example_dags/example_task_group.py
[2022-02-18 12:49:34,574] {logging_mixin.py:104} INFO - [2022-02-18 12:49:34,573] {dag.py:1818} INFO - Sync 1 DAGs
[2022-02-18 12:49:34,588] {logging_mixin.py:104} INFO - [2022-02-18 12:49:34,588] {dag.py:2273} INFO - Setting next_dagrun for example_task_group to 2022-02-16 00:00:00+00:00
[2022-02-18 12:49:34,600] {scheduler_job.py:190} INFO - Processing /app/env/lib/python3.8/site-packages/airflow/example_dags/example_task_group.py took 0.059 seconds
[2022-02-18 12:50:05,061] {scheduler_job.py:182} INFO - Started process (PID=443) to work on /app/env/lib/python3.8/site-packages/airflow/example_dags/example_task_group.py
[2022-02-18 12:50:05,063] {scheduler_job.py:629} INFO - Processing file /app/env/lib/python3.8/site-packages/airflow/example_dags/example_task_group.py for tasks to queue
[2022-02-18 12:50:05,063] {logging_mixin.py:104} INFO - [2022-02-18 12:50:05,063] {dagbag.py:448} INFO - Filling up the DagBag from /app/env/lib/python3.8/site-packages/airflow/example_dags/example_task_group.py
[2022-02-18 12:50:05,084] {scheduler_job.py:639} INFO - DAG(s) dict_keys(['example_task_group']) retrieved from /app/env/lib/python3.8/site-packages/airflow/example_dags/example_task_group.py
[2022-02-18 12:50:05,104] {logging_mixin.py:104} INFO - [2022-02-18 12:50:05,104] {dag.py:1818} INFO - Sync 1 DAGs
[2022-02-18 12:50:05,118] {logging_mixin.py:104} INFO - [2022-02-18 12:50:05,118] {dag.py:2273} INFO - Setting next_dagrun for example_task_group to 2022-02-16 00:00:00+00:00
[2022-02-18 12:50:05,128] {scheduler_job.py:190} INFO - Processing /app/env/lib/python3.8/site-packages/airflow/example_dags/example_task_group.py took 0.071 seconds
[2022-02-18 12:50:35,632] {scheduler_job.py:182} INFO - Started process (PID=473) to work on /app/env/lib/python3.8/site-packages/airflow/example_dags/example_task_group.py
[2022-02-18 12:50:35,634] {scheduler_job.py:629} INFO - Processing file /app/env/lib/python3.8/site-packages/airflow/example_dags/example_task_group.py for tasks to queue
[2022-02-18 12:50:35,635] {logging_mixin.py:104} INFO - [2022-02-18 12:50:35,635] {dagbag.py:448} INFO - Filling up the DagBag from /app/env/lib/python3.8/site-packages/airflow/example_dags/example_task_group.py
[2022-02-18 12:50:35,655] {scheduler_job.py:639} INFO - DAG(s) dict_keys(['example_task_group']) retrieved from /app/env/lib/python3.8/site-packages/airflow/example_dags/example_task_group.py
[2022-02-18 12:50:35,679] {logging_mixin.py:104} INFO - [2022-02-18 12:50:35,679] {dag.py:1818} INFO - Sync 1 DAGs
[2022-02-18 12:50:35,696] {logging_mixin.py:104} INFO - [2022-02-18 12:50:35,696] {dag.py:2273} INFO - Setting next_dagrun for example_task_group to 2022-02-16 00:00:00+00:00
[2022-02-18 12:50:35,706] {scheduler_job.py:190} INFO - Processing /app/env/lib/python3.8/site-packages/airflow/example_dags/example_task_group.py took 0.080 seconds
[2022-02-18 12:51:06,419] {scheduler_job.py:182} INFO - Started process (PID=503) to work on /app/env/lib/python3.8/site-packages/airflow/example_dags/example_task_group.py
[2022-02-18 12:51:06,420] {scheduler_job.py:629} INFO - Processing file /app/env/lib/python3.8/site-packages/airflow/example_dags/example_task_group.py for tasks to queue
[2022-02-18 12:51:06,420] {logging_mixin.py:104} INFO - [2022-02-18 12:51:06,420] {dagbag.py:448} INFO - Filling up the DagBag from /app/env/lib/python3.8/site-packages/airflow/example_dags/example_task_group.py
[2022-02-18 12:51:06,431] {scheduler_job.py:639} INFO - DAG(s) dict_keys(['example_task_group']) retrieved from /app/env/lib/python3.8/site-packages/airflow/example_dags/example_task_group.py
[2022-02-18 12:51:06,443] {logging_mixin.py:104} INFO - [2022-02-18 12:51:06,443] {dag.py:1818} INFO - Sync 1 DAGs
[2022-02-18 12:51:06,451] {logging_mixin.py:104} INFO - [2022-02-18 12:51:06,451] {dag.py:2273} INFO - Setting next_dagrun for example_task_group to 2022-02-16 00:00:00+00:00
[2022-02-18 12:51:06,458] {scheduler_job.py:190} INFO - Processing /app/env/lib/python3.8/site-packages/airflow/example_dags/example_task_group.py took 0.042 seconds
[2022-02-18 12:51:37,214] {scheduler_job.py:182} INFO - Started process (PID=533) to work on /app/env/lib/python3.8/site-packages/airflow/example_dags/example_task_group.py
[2022-02-18 12:51:37,215] {scheduler_job.py:629} INFO - Processing file /app/env/lib/python3.8/site-packages/airflow/example_dags/example_task_group.py for tasks to queue
[2022-02-18 12:51:37,216] {logging_mixin.py:104} INFO - [2022-02-18 12:51:37,216] {dagbag.py:448} INFO - Filling up the DagBag from /app/env/lib/python3.8/site-packages/airflow/example_dags/example_task_group.py
[2022-02-18 12:51:37,231] {scheduler_job.py:639} INFO - DAG(s) dict_keys(['example_task_group']) retrieved from /app/env/lib/python3.8/site-packages/airflow/example_dags/example_task_group.py
[2022-02-18 12:51:37,248] {logging_mixin.py:104} INFO - [2022-02-18 12:51:37,248] {dag.py:1818} INFO - Sync 1 DAGs
[2022-02-18 12:51:37,260] {logging_mixin.py:104} INFO - [2022-02-18 12:51:37,260] {dag.py:2273} INFO - Setting next_dagrun for example_task_group to 2022-02-16 00:00:00+00:00
[2022-02-18 12:51:37,270] {scheduler_job.py:190} INFO - Processing /app/env/lib/python3.8/site-packages/airflow/example_dags/example_task_group.py took 0.061 seconds
[2022-02-18 12:52:07,786] {scheduler_job.py:182} INFO - Started process (PID=563) to work on /app/env/lib/python3.8/site-packages/airflow/example_dags/example_task_group.py
[2022-02-18 12:52:07,788] {scheduler_job.py:629} INFO - Processing file /app/env/lib/python3.8/site-packages/airflow/example_dags/example_task_group.py for tasks to queue
[2022-02-18 12:52:07,788] {logging_mixin.py:104} INFO - [2022-02-18 12:52:07,788] {dagbag.py:448} INFO - Filling up the DagBag from /app/env/lib/python3.8/site-packages/airflow/example_dags/example_task_group.py
[2022-02-18 12:52:07,803] {scheduler_job.py:639} INFO - DAG(s) dict_keys(['example_task_group']) retrieved from /app/env/lib/python3.8/site-packages/airflow/example_dags/example_task_group.py
[2022-02-18 12:52:07,822] {logging_mixin.py:104} INFO - [2022-02-18 12:52:07,822] {dag.py:1818} INFO - Sync 1 DAGs
[2022-02-18 12:52:07,839] {logging_mixin.py:104} INFO - [2022-02-18 12:52:07,839] {dag.py:2273} INFO - Setting next_dagrun for example_task_group to 2022-02-16 00:00:00+00:00
[2022-02-18 12:52:07,849] {scheduler_job.py:190} INFO - Processing /app/env/lib/python3.8/site-packages/airflow/example_dags/example_task_group.py took 0.066 seconds
[2022-02-18 12:52:38,561] {scheduler_job.py:182} INFO - Started process (PID=593) to work on /app/env/lib/python3.8/site-packages/airflow/example_dags/example_task_group.py
[2022-02-18 12:52:38,562] {scheduler_job.py:629} INFO - Processing file /app/env/lib/python3.8/site-packages/airflow/example_dags/example_task_group.py for tasks to queue
[2022-02-18 12:52:38,564] {logging_mixin.py:104} INFO - [2022-02-18 12:52:38,564] {dagbag.py:448} INFO - Filling up the DagBag from /app/env/lib/python3.8/site-packages/airflow/example_dags/example_task_group.py
[2022-02-18 12:52:38,578] {scheduler_job.py:639} INFO - DAG(s) dict_keys(['example_task_group']) retrieved from /app/env/lib/python3.8/site-packages/airflow/example_dags/example_task_group.py
[2022-02-18 12:52:38,598] {logging_mixin.py:104} INFO - [2022-02-18 12:52:38,597] {dag.py:1818} INFO - Sync 1 DAGs
[2022-02-18 12:52:38,613] {logging_mixin.py:104} INFO - [2022-02-18 12:52:38,612] {dag.py:2273} INFO - Setting next_dagrun for example_task_group to 2022-02-16 00:00:00+00:00
[2022-02-18 12:52:38,621] {scheduler_job.py:190} INFO - Processing /app/env/lib/python3.8/site-packages/airflow/example_dags/example_task_group.py took 0.065 seconds
[2022-02-18 12:53:09,331] {scheduler_job.py:182} INFO - Started process (PID=623) to work on /app/env/lib/python3.8/site-packages/airflow/example_dags/example_task_group.py
[2022-02-18 12:53:09,333] {scheduler_job.py:629} INFO - Processing file /app/env/lib/python3.8/site-packages/airflow/example_dags/example_task_group.py for tasks to queue
[2022-02-18 12:53:09,334] {logging_mixin.py:104} INFO - [2022-02-18 12:53:09,334] {dagbag.py:448} INFO - Filling up the DagBag from /app/env/lib/python3.8/site-packages/airflow/example_dags/example_task_group.py
[2022-02-18 12:53:09,352] {scheduler_job.py:639} INFO - DAG(s) dict_keys(['example_task_group']) retrieved from /app/env/lib/python3.8/site-packages/airflow/example_dags/example_task_group.py
[2022-02-18 12:53:09,373] {logging_mixin.py:104} INFO - [2022-02-18 12:53:09,373] {dag.py:1818} INFO - Sync 1 DAGs
[2022-02-18 12:53:09,389] {logging_mixin.py:104} INFO - [2022-02-18 12:53:09,389] {dag.py:2273} INFO - Setting next_dagrun for example_task_group to 2022-02-16 00:00:00+00:00
[2022-02-18 12:53:09,402] {scheduler_job.py:190} INFO - Processing /app/env/lib/python3.8/site-packages/airflow/example_dags/example_task_group.py took 0.076 seconds
[2022-02-18 12:53:39,862] {scheduler_job.py:182} INFO - Started process (PID=653) to work on /app/env/lib/python3.8/site-packages/airflow/example_dags/example_task_group.py
[2022-02-18 12:53:39,863] {scheduler_job.py:629} INFO - Processing file /app/env/lib/python3.8/site-packages/airflow/example_dags/example_task_group.py for tasks to queue
[2022-02-18 12:53:39,863] {logging_mixin.py:104} INFO - [2022-02-18 12:53:39,863] {dagbag.py:448} INFO - Filling up the DagBag from /app/env/lib/python3.8/site-packages/airflow/example_dags/example_task_group.py
[2022-02-18 12:53:39,874] {scheduler_job.py:639} INFO - DAG(s) dict_keys(['example_task_group']) retrieved from /app/env/lib/python3.8/site-packages/airflow/example_dags/example_task_group.py
[2022-02-18 12:53:39,886] {logging_mixin.py:104} INFO - [2022-02-18 12:53:39,886] {dag.py:1818} INFO - Sync 1 DAGs
[2022-02-18 12:53:39,896] {logging_mixin.py:104} INFO - [2022-02-18 12:53:39,896] {dag.py:2273} INFO - Setting next_dagrun for example_task_group to 2022-02-16 00:00:00+00:00
[2022-02-18 12:53:39,904] {scheduler_job.py:190} INFO - Processing /app/env/lib/python3.8/site-packages/airflow/example_dags/example_task_group.py took 0.046 seconds
