[2022-02-18 12:43:49,886] {scheduler_job.py:182} INFO - Started process (PID=57) to work on /app/env/lib/python3.8/site-packages/airflow/example_dags/example_subdag_operator.py
[2022-02-18 12:43:49,887] {scheduler_job.py:629} INFO - Processing file /app/env/lib/python3.8/site-packages/airflow/example_dags/example_subdag_operator.py for tasks to queue
[2022-02-18 12:43:49,888] {logging_mixin.py:104} INFO - [2022-02-18 12:43:49,888] {dagbag.py:448} INFO - Filling up the DagBag from /app/env/lib/python3.8/site-packages/airflow/example_dags/example_subdag_operator.py
[2022-02-18 12:43:49,907] {scheduler_job.py:639} INFO - DAG(s) dict_keys(['example_subdag_operator.section-1', 'example_subdag_operator.section-2', 'example_subdag_operator']) retrieved from /app/env/lib/python3.8/site-packages/airflow/example_dags/example_subdag_operator.py
[2022-02-18 12:43:49,910] {logging_mixin.py:104} INFO - [2022-02-18 12:43:49,910] {dag.py:1818} INFO - Sync 3 DAGs
[2022-02-18 12:43:49,917] {logging_mixin.py:104} INFO - [2022-02-18 12:43:49,917] {dag.py:2273} INFO - Setting next_dagrun for example_subdag_operator to 2022-02-16 00:00:00+00:00
[2022-02-18 12:43:49,918] {logging_mixin.py:104} INFO - [2022-02-18 12:43:49,918] {dag.py:2273} INFO - Setting next_dagrun for example_subdag_operator.section-1 to None
[2022-02-18 12:43:49,918] {logging_mixin.py:104} INFO - [2022-02-18 12:43:49,918] {dag.py:2273} INFO - Setting next_dagrun for example_subdag_operator.section-2 to None
[2022-02-18 12:43:49,921] {logging_mixin.py:104} INFO - [2022-02-18 12:43:49,921] {dag.py:1818} INFO - Sync 2 DAGs
[2022-02-18 12:43:49,926] {logging_mixin.py:104} INFO - [2022-02-18 12:43:49,926] {dag.py:2273} INFO - Setting next_dagrun for example_subdag_operator.section-1 to None
[2022-02-18 12:43:49,926] {logging_mixin.py:104} INFO - [2022-02-18 12:43:49,926] {dag.py:2273} INFO - Setting next_dagrun for example_subdag_operator.section-2 to None
[2022-02-18 12:43:49,929] {scheduler_job.py:190} INFO - Processing /app/env/lib/python3.8/site-packages/airflow/example_dags/example_subdag_operator.py took 0.044 seconds
[2022-02-18 12:44:20,792] {scheduler_job.py:182} INFO - Started process (PID=107) to work on /app/env/lib/python3.8/site-packages/airflow/example_dags/example_subdag_operator.py
[2022-02-18 12:44:20,795] {scheduler_job.py:629} INFO - Processing file /app/env/lib/python3.8/site-packages/airflow/example_dags/example_subdag_operator.py for tasks to queue
[2022-02-18 12:44:20,796] {logging_mixin.py:104} INFO - [2022-02-18 12:44:20,795] {dagbag.py:448} INFO - Filling up the DagBag from /app/env/lib/python3.8/site-packages/airflow/example_dags/example_subdag_operator.py
[2022-02-18 12:44:20,840] {scheduler_job.py:639} INFO - DAG(s) dict_keys(['example_subdag_operator.section-1', 'example_subdag_operator.section-2', 'example_subdag_operator']) retrieved from /app/env/lib/python3.8/site-packages/airflow/example_dags/example_subdag_operator.py
[2022-02-18 12:44:20,858] {logging_mixin.py:104} INFO - [2022-02-18 12:44:20,858] {dag.py:1818} INFO - Sync 3 DAGs
[2022-02-18 12:44:20,878] {logging_mixin.py:104} INFO - [2022-02-18 12:44:20,877] {dag.py:2273} INFO - Setting next_dagrun for example_subdag_operator to 2022-02-16 00:00:00+00:00
[2022-02-18 12:44:20,879] {logging_mixin.py:104} INFO - [2022-02-18 12:44:20,879] {dag.py:2273} INFO - Setting next_dagrun for example_subdag_operator.section-1 to None
[2022-02-18 12:44:20,880] {logging_mixin.py:104} INFO - [2022-02-18 12:44:20,880] {dag.py:2273} INFO - Setting next_dagrun for example_subdag_operator.section-2 to None
[2022-02-18 12:44:20,888] {logging_mixin.py:104} INFO - [2022-02-18 12:44:20,888] {dag.py:1818} INFO - Sync 2 DAGs
[2022-02-18 12:44:20,900] {logging_mixin.py:104} INFO - [2022-02-18 12:44:20,900] {dag.py:2273} INFO - Setting next_dagrun for example_subdag_operator.section-1 to None
[2022-02-18 12:44:20,901] {logging_mixin.py:104} INFO - [2022-02-18 12:44:20,901] {dag.py:2273} INFO - Setting next_dagrun for example_subdag_operator.section-2 to None
[2022-02-18 12:44:20,908] {scheduler_job.py:190} INFO - Processing /app/env/lib/python3.8/site-packages/airflow/example_dags/example_subdag_operator.py took 0.122 seconds
[2022-02-18 12:44:51,542] {scheduler_job.py:182} INFO - Started process (PID=137) to work on /app/env/lib/python3.8/site-packages/airflow/example_dags/example_subdag_operator.py
[2022-02-18 12:44:51,543] {scheduler_job.py:629} INFO - Processing file /app/env/lib/python3.8/site-packages/airflow/example_dags/example_subdag_operator.py for tasks to queue
[2022-02-18 12:44:51,544] {logging_mixin.py:104} INFO - [2022-02-18 12:44:51,544] {dagbag.py:448} INFO - Filling up the DagBag from /app/env/lib/python3.8/site-packages/airflow/example_dags/example_subdag_operator.py
[2022-02-18 12:44:51,581] {scheduler_job.py:639} INFO - DAG(s) dict_keys(['example_subdag_operator.section-1', 'example_subdag_operator.section-2', 'example_subdag_operator']) retrieved from /app/env/lib/python3.8/site-packages/airflow/example_dags/example_subdag_operator.py
[2022-02-18 12:44:51,600] {logging_mixin.py:104} INFO - [2022-02-18 12:44:51,600] {dag.py:1818} INFO - Sync 3 DAGs
[2022-02-18 12:44:51,615] {logging_mixin.py:104} INFO - [2022-02-18 12:44:51,615] {dag.py:2273} INFO - Setting next_dagrun for example_subdag_operator to 2022-02-16 00:00:00+00:00
[2022-02-18 12:44:51,616] {logging_mixin.py:104} INFO - [2022-02-18 12:44:51,616] {dag.py:2273} INFO - Setting next_dagrun for example_subdag_operator.section-1 to None
[2022-02-18 12:44:51,616] {logging_mixin.py:104} INFO - [2022-02-18 12:44:51,616] {dag.py:2273} INFO - Setting next_dagrun for example_subdag_operator.section-2 to None
[2022-02-18 12:44:51,622] {logging_mixin.py:104} INFO - [2022-02-18 12:44:51,621] {dag.py:1818} INFO - Sync 2 DAGs
[2022-02-18 12:44:51,629] {logging_mixin.py:104} INFO - [2022-02-18 12:44:51,629] {dag.py:2273} INFO - Setting next_dagrun for example_subdag_operator.section-1 to None
[2022-02-18 12:44:51,630] {logging_mixin.py:104} INFO - [2022-02-18 12:44:51,630] {dag.py:2273} INFO - Setting next_dagrun for example_subdag_operator.section-2 to None
[2022-02-18 12:44:51,634] {scheduler_job.py:190} INFO - Processing /app/env/lib/python3.8/site-packages/airflow/example_dags/example_subdag_operator.py took 0.098 seconds
[2022-02-18 12:45:22,403] {scheduler_job.py:182} INFO - Started process (PID=167) to work on /app/env/lib/python3.8/site-packages/airflow/example_dags/example_subdag_operator.py
[2022-02-18 12:45:22,404] {scheduler_job.py:629} INFO - Processing file /app/env/lib/python3.8/site-packages/airflow/example_dags/example_subdag_operator.py for tasks to queue
[2022-02-18 12:45:22,405] {logging_mixin.py:104} INFO - [2022-02-18 12:45:22,405] {dagbag.py:448} INFO - Filling up the DagBag from /app/env/lib/python3.8/site-packages/airflow/example_dags/example_subdag_operator.py
[2022-02-18 12:45:22,434] {scheduler_job.py:639} INFO - DAG(s) dict_keys(['example_subdag_operator.section-1', 'example_subdag_operator.section-2', 'example_subdag_operator']) retrieved from /app/env/lib/python3.8/site-packages/airflow/example_dags/example_subdag_operator.py
[2022-02-18 12:45:22,452] {logging_mixin.py:104} INFO - [2022-02-18 12:45:22,451] {dag.py:1818} INFO - Sync 3 DAGs
[2022-02-18 12:45:22,468] {logging_mixin.py:104} INFO - [2022-02-18 12:45:22,467] {dag.py:2273} INFO - Setting next_dagrun for example_subdag_operator to 2022-02-16 00:00:00+00:00
[2022-02-18 12:45:22,469] {logging_mixin.py:104} INFO - [2022-02-18 12:45:22,469] {dag.py:2273} INFO - Setting next_dagrun for example_subdag_operator.section-1 to None
[2022-02-18 12:45:22,469] {logging_mixin.py:104} INFO - [2022-02-18 12:45:22,469] {dag.py:2273} INFO - Setting next_dagrun for example_subdag_operator.section-2 to None
[2022-02-18 12:45:22,475] {logging_mixin.py:104} INFO - [2022-02-18 12:45:22,475] {dag.py:1818} INFO - Sync 2 DAGs
[2022-02-18 12:45:22,485] {logging_mixin.py:104} INFO - [2022-02-18 12:45:22,485] {dag.py:2273} INFO - Setting next_dagrun for example_subdag_operator.section-1 to None
[2022-02-18 12:45:22,485] {logging_mixin.py:104} INFO - [2022-02-18 12:45:22,485] {dag.py:2273} INFO - Setting next_dagrun for example_subdag_operator.section-2 to None
[2022-02-18 12:45:22,495] {scheduler_job.py:190} INFO - Processing /app/env/lib/python3.8/site-packages/airflow/example_dags/example_subdag_operator.py took 0.096 seconds
[2022-02-18 12:45:53,159] {scheduler_job.py:182} INFO - Started process (PID=197) to work on /app/env/lib/python3.8/site-packages/airflow/example_dags/example_subdag_operator.py
[2022-02-18 12:45:53,160] {scheduler_job.py:629} INFO - Processing file /app/env/lib/python3.8/site-packages/airflow/example_dags/example_subdag_operator.py for tasks to queue
[2022-02-18 12:45:53,161] {logging_mixin.py:104} INFO - [2022-02-18 12:45:53,161] {dagbag.py:448} INFO - Filling up the DagBag from /app/env/lib/python3.8/site-packages/airflow/example_dags/example_subdag_operator.py
[2022-02-18 12:45:53,194] {scheduler_job.py:639} INFO - DAG(s) dict_keys(['example_subdag_operator.section-1', 'example_subdag_operator.section-2', 'example_subdag_operator']) retrieved from /app/env/lib/python3.8/site-packages/airflow/example_dags/example_subdag_operator.py
[2022-02-18 12:45:53,209] {logging_mixin.py:104} INFO - [2022-02-18 12:45:53,209] {dag.py:1818} INFO - Sync 3 DAGs
[2022-02-18 12:45:53,225] {logging_mixin.py:104} INFO - [2022-02-18 12:45:53,225] {dag.py:2273} INFO - Setting next_dagrun for example_subdag_operator to 2022-02-16 00:00:00+00:00
[2022-02-18 12:45:53,226] {logging_mixin.py:104} INFO - [2022-02-18 12:45:53,226] {dag.py:2273} INFO - Setting next_dagrun for example_subdag_operator.section-1 to None
[2022-02-18 12:45:53,227] {logging_mixin.py:104} INFO - [2022-02-18 12:45:53,226] {dag.py:2273} INFO - Setting next_dagrun for example_subdag_operator.section-2 to None
[2022-02-18 12:45:53,233] {logging_mixin.py:104} INFO - [2022-02-18 12:45:53,233] {dag.py:1818} INFO - Sync 2 DAGs
[2022-02-18 12:45:53,242] {logging_mixin.py:104} INFO - [2022-02-18 12:45:53,242] {dag.py:2273} INFO - Setting next_dagrun for example_subdag_operator.section-1 to None
[2022-02-18 12:45:53,242] {logging_mixin.py:104} INFO - [2022-02-18 12:45:53,242] {dag.py:2273} INFO - Setting next_dagrun for example_subdag_operator.section-2 to None
[2022-02-18 12:45:53,248] {scheduler_job.py:190} INFO - Processing /app/env/lib/python3.8/site-packages/airflow/example_dags/example_subdag_operator.py took 0.094 seconds
[2022-02-18 12:46:23,902] {scheduler_job.py:182} INFO - Started process (PID=227) to work on /app/env/lib/python3.8/site-packages/airflow/example_dags/example_subdag_operator.py
[2022-02-18 12:46:23,903] {scheduler_job.py:629} INFO - Processing file /app/env/lib/python3.8/site-packages/airflow/example_dags/example_subdag_operator.py for tasks to queue
[2022-02-18 12:46:23,904] {logging_mixin.py:104} INFO - [2022-02-18 12:46:23,904] {dagbag.py:448} INFO - Filling up the DagBag from /app/env/lib/python3.8/site-packages/airflow/example_dags/example_subdag_operator.py
[2022-02-18 12:46:23,931] {scheduler_job.py:639} INFO - DAG(s) dict_keys(['example_subdag_operator.section-1', 'example_subdag_operator.section-2', 'example_subdag_operator']) retrieved from /app/env/lib/python3.8/site-packages/airflow/example_dags/example_subdag_operator.py
[2022-02-18 12:46:23,943] {logging_mixin.py:104} INFO - [2022-02-18 12:46:23,943] {dag.py:1818} INFO - Sync 3 DAGs
[2022-02-18 12:46:23,956] {logging_mixin.py:104} INFO - [2022-02-18 12:46:23,956] {dag.py:2273} INFO - Setting next_dagrun for example_subdag_operator to 2022-02-16 00:00:00+00:00
[2022-02-18 12:46:23,957] {logging_mixin.py:104} INFO - [2022-02-18 12:46:23,957] {dag.py:2273} INFO - Setting next_dagrun for example_subdag_operator.section-1 to None
[2022-02-18 12:46:23,958] {logging_mixin.py:104} INFO - [2022-02-18 12:46:23,957] {dag.py:2273} INFO - Setting next_dagrun for example_subdag_operator.section-2 to None
[2022-02-18 12:46:23,963] {logging_mixin.py:104} INFO - [2022-02-18 12:46:23,963] {dag.py:1818} INFO - Sync 2 DAGs
[2022-02-18 12:46:23,971] {logging_mixin.py:104} INFO - [2022-02-18 12:46:23,971] {dag.py:2273} INFO - Setting next_dagrun for example_subdag_operator.section-1 to None
[2022-02-18 12:46:23,971] {logging_mixin.py:104} INFO - [2022-02-18 12:46:23,971] {dag.py:2273} INFO - Setting next_dagrun for example_subdag_operator.section-2 to None
[2022-02-18 12:46:23,976] {scheduler_job.py:190} INFO - Processing /app/env/lib/python3.8/site-packages/airflow/example_dags/example_subdag_operator.py took 0.079 seconds
[2022-02-18 12:46:55,796] {scheduler_job.py:182} INFO - Started process (PID=258) to work on /app/env/lib/python3.8/site-packages/airflow/example_dags/example_subdag_operator.py
[2022-02-18 12:46:55,797] {scheduler_job.py:629} INFO - Processing file /app/env/lib/python3.8/site-packages/airflow/example_dags/example_subdag_operator.py for tasks to queue
[2022-02-18 12:46:55,798] {logging_mixin.py:104} INFO - [2022-02-18 12:46:55,798] {dagbag.py:448} INFO - Filling up the DagBag from /app/env/lib/python3.8/site-packages/airflow/example_dags/example_subdag_operator.py
[2022-02-18 12:46:55,829] {scheduler_job.py:639} INFO - DAG(s) dict_keys(['example_subdag_operator.section-1', 'example_subdag_operator.section-2', 'example_subdag_operator']) retrieved from /app/env/lib/python3.8/site-packages/airflow/example_dags/example_subdag_operator.py
[2022-02-18 12:46:55,843] {logging_mixin.py:104} INFO - [2022-02-18 12:46:55,843] {dag.py:1818} INFO - Sync 3 DAGs
[2022-02-18 12:46:55,857] {logging_mixin.py:104} INFO - [2022-02-18 12:46:55,857] {dag.py:2273} INFO - Setting next_dagrun for example_subdag_operator to 2022-02-16 00:00:00+00:00
[2022-02-18 12:46:55,858] {logging_mixin.py:104} INFO - [2022-02-18 12:46:55,858] {dag.py:2273} INFO - Setting next_dagrun for example_subdag_operator.section-1 to None
[2022-02-18 12:46:55,858] {logging_mixin.py:104} INFO - [2022-02-18 12:46:55,858] {dag.py:2273} INFO - Setting next_dagrun for example_subdag_operator.section-2 to None
[2022-02-18 12:46:55,864] {logging_mixin.py:104} INFO - [2022-02-18 12:46:55,864] {dag.py:1818} INFO - Sync 2 DAGs
[2022-02-18 12:46:55,872] {logging_mixin.py:104} INFO - [2022-02-18 12:46:55,872] {dag.py:2273} INFO - Setting next_dagrun for example_subdag_operator.section-1 to None
[2022-02-18 12:46:55,872] {logging_mixin.py:104} INFO - [2022-02-18 12:46:55,872] {dag.py:2273} INFO - Setting next_dagrun for example_subdag_operator.section-2 to None
[2022-02-18 12:46:55,878] {scheduler_job.py:190} INFO - Processing /app/env/lib/python3.8/site-packages/airflow/example_dags/example_subdag_operator.py took 0.086 seconds
[2022-02-18 12:47:26,222] {scheduler_job.py:182} INFO - Started process (PID=288) to work on /app/env/lib/python3.8/site-packages/airflow/example_dags/example_subdag_operator.py
[2022-02-18 12:47:26,224] {scheduler_job.py:629} INFO - Processing file /app/env/lib/python3.8/site-packages/airflow/example_dags/example_subdag_operator.py for tasks to queue
[2022-02-18 12:47:26,228] {logging_mixin.py:104} INFO - [2022-02-18 12:47:26,228] {dagbag.py:448} INFO - Filling up the DagBag from /app/env/lib/python3.8/site-packages/airflow/example_dags/example_subdag_operator.py
[2022-02-18 12:47:26,266] {scheduler_job.py:639} INFO - DAG(s) dict_keys(['example_subdag_operator.section-1', 'example_subdag_operator.section-2', 'example_subdag_operator']) retrieved from /app/env/lib/python3.8/site-packages/airflow/example_dags/example_subdag_operator.py
[2022-02-18 12:47:26,282] {logging_mixin.py:104} INFO - [2022-02-18 12:47:26,282] {dag.py:1818} INFO - Sync 3 DAGs
[2022-02-18 12:47:26,296] {logging_mixin.py:104} INFO - [2022-02-18 12:47:26,296] {dag.py:2273} INFO - Setting next_dagrun for example_subdag_operator to 2022-02-16 00:00:00+00:00
[2022-02-18 12:47:26,298] {logging_mixin.py:104} INFO - [2022-02-18 12:47:26,298] {dag.py:2273} INFO - Setting next_dagrun for example_subdag_operator.section-1 to None
[2022-02-18 12:47:26,298] {logging_mixin.py:104} INFO - [2022-02-18 12:47:26,298] {dag.py:2273} INFO - Setting next_dagrun for example_subdag_operator.section-2 to None
[2022-02-18 12:47:26,304] {logging_mixin.py:104} INFO - [2022-02-18 12:47:26,303] {dag.py:1818} INFO - Sync 2 DAGs
[2022-02-18 12:47:26,313] {logging_mixin.py:104} INFO - [2022-02-18 12:47:26,313] {dag.py:2273} INFO - Setting next_dagrun for example_subdag_operator.section-1 to None
[2022-02-18 12:47:26,313] {logging_mixin.py:104} INFO - [2022-02-18 12:47:26,313] {dag.py:2273} INFO - Setting next_dagrun for example_subdag_operator.section-2 to None
[2022-02-18 12:47:26,319] {scheduler_job.py:190} INFO - Processing /app/env/lib/python3.8/site-packages/airflow/example_dags/example_subdag_operator.py took 0.101 seconds
[2022-02-18 12:47:56,518] {scheduler_job.py:182} INFO - Started process (PID=318) to work on /app/env/lib/python3.8/site-packages/airflow/example_dags/example_subdag_operator.py
[2022-02-18 12:47:56,520] {scheduler_job.py:629} INFO - Processing file /app/env/lib/python3.8/site-packages/airflow/example_dags/example_subdag_operator.py for tasks to queue
[2022-02-18 12:47:56,521] {logging_mixin.py:104} INFO - [2022-02-18 12:47:56,521] {dagbag.py:448} INFO - Filling up the DagBag from /app/env/lib/python3.8/site-packages/airflow/example_dags/example_subdag_operator.py
[2022-02-18 12:47:56,557] {scheduler_job.py:639} INFO - DAG(s) dict_keys(['example_subdag_operator.section-1', 'example_subdag_operator.section-2', 'example_subdag_operator']) retrieved from /app/env/lib/python3.8/site-packages/airflow/example_dags/example_subdag_operator.py
[2022-02-18 12:47:56,574] {logging_mixin.py:104} INFO - [2022-02-18 12:47:56,574] {dag.py:1818} INFO - Sync 3 DAGs
[2022-02-18 12:47:56,589] {logging_mixin.py:104} INFO - [2022-02-18 12:47:56,588] {dag.py:2273} INFO - Setting next_dagrun for example_subdag_operator to 2022-02-16 00:00:00+00:00
[2022-02-18 12:47:56,589] {logging_mixin.py:104} INFO - [2022-02-18 12:47:56,589] {dag.py:2273} INFO - Setting next_dagrun for example_subdag_operator.section-1 to None
[2022-02-18 12:47:56,590] {logging_mixin.py:104} INFO - [2022-02-18 12:47:56,590] {dag.py:2273} INFO - Setting next_dagrun for example_subdag_operator.section-2 to None
[2022-02-18 12:47:56,594] {logging_mixin.py:104} INFO - [2022-02-18 12:47:56,594] {dag.py:1818} INFO - Sync 2 DAGs
[2022-02-18 12:47:56,601] {logging_mixin.py:104} INFO - [2022-02-18 12:47:56,601] {dag.py:2273} INFO - Setting next_dagrun for example_subdag_operator.section-1 to None
[2022-02-18 12:47:56,602] {logging_mixin.py:104} INFO - [2022-02-18 12:47:56,602] {dag.py:2273} INFO - Setting next_dagrun for example_subdag_operator.section-2 to None
[2022-02-18 12:47:56,606] {scheduler_job.py:190} INFO - Processing /app/env/lib/python3.8/site-packages/airflow/example_dags/example_subdag_operator.py took 0.093 seconds
[2022-02-18 12:48:27,862] {scheduler_job.py:182} INFO - Started process (PID=348) to work on /app/env/lib/python3.8/site-packages/airflow/example_dags/example_subdag_operator.py
[2022-02-18 12:48:27,864] {scheduler_job.py:629} INFO - Processing file /app/env/lib/python3.8/site-packages/airflow/example_dags/example_subdag_operator.py for tasks to queue
[2022-02-18 12:48:27,864] {logging_mixin.py:104} INFO - [2022-02-18 12:48:27,864] {dagbag.py:448} INFO - Filling up the DagBag from /app/env/lib/python3.8/site-packages/airflow/example_dags/example_subdag_operator.py
[2022-02-18 12:48:27,898] {scheduler_job.py:639} INFO - DAG(s) dict_keys(['example_subdag_operator.section-1', 'example_subdag_operator.section-2', 'example_subdag_operator']) retrieved from /app/env/lib/python3.8/site-packages/airflow/example_dags/example_subdag_operator.py
[2022-02-18 12:48:27,914] {logging_mixin.py:104} INFO - [2022-02-18 12:48:27,914] {dag.py:1818} INFO - Sync 3 DAGs
[2022-02-18 12:48:27,928] {logging_mixin.py:104} INFO - [2022-02-18 12:48:27,928] {dag.py:2273} INFO - Setting next_dagrun for example_subdag_operator to 2022-02-16 00:00:00+00:00
[2022-02-18 12:48:27,929] {logging_mixin.py:104} INFO - [2022-02-18 12:48:27,929] {dag.py:2273} INFO - Setting next_dagrun for example_subdag_operator.section-1 to None
[2022-02-18 12:48:27,929] {logging_mixin.py:104} INFO - [2022-02-18 12:48:27,929] {dag.py:2273} INFO - Setting next_dagrun for example_subdag_operator.section-2 to None
[2022-02-18 12:48:27,935] {logging_mixin.py:104} INFO - [2022-02-18 12:48:27,934] {dag.py:1818} INFO - Sync 2 DAGs
[2022-02-18 12:48:27,943] {logging_mixin.py:104} INFO - [2022-02-18 12:48:27,943] {dag.py:2273} INFO - Setting next_dagrun for example_subdag_operator.section-1 to None
[2022-02-18 12:48:27,944] {logging_mixin.py:104} INFO - [2022-02-18 12:48:27,944] {dag.py:2273} INFO - Setting next_dagrun for example_subdag_operator.section-2 to None
[2022-02-18 12:48:27,949] {scheduler_job.py:190} INFO - Processing /app/env/lib/python3.8/site-packages/airflow/example_dags/example_subdag_operator.py took 0.091 seconds
[2022-02-18 12:48:58,625] {scheduler_job.py:182} INFO - Started process (PID=378) to work on /app/env/lib/python3.8/site-packages/airflow/example_dags/example_subdag_operator.py
[2022-02-18 12:48:58,626] {scheduler_job.py:629} INFO - Processing file /app/env/lib/python3.8/site-packages/airflow/example_dags/example_subdag_operator.py for tasks to queue
[2022-02-18 12:48:58,627] {logging_mixin.py:104} INFO - [2022-02-18 12:48:58,627] {dagbag.py:448} INFO - Filling up the DagBag from /app/env/lib/python3.8/site-packages/airflow/example_dags/example_subdag_operator.py
[2022-02-18 12:48:58,659] {scheduler_job.py:639} INFO - DAG(s) dict_keys(['example_subdag_operator.section-1', 'example_subdag_operator.section-2', 'example_subdag_operator']) retrieved from /app/env/lib/python3.8/site-packages/airflow/example_dags/example_subdag_operator.py
[2022-02-18 12:48:58,673] {logging_mixin.py:104} INFO - [2022-02-18 12:48:58,673] {dag.py:1818} INFO - Sync 3 DAGs
[2022-02-18 12:48:58,688] {logging_mixin.py:104} INFO - [2022-02-18 12:48:58,687] {dag.py:2273} INFO - Setting next_dagrun for example_subdag_operator to 2022-02-16 00:00:00+00:00
[2022-02-18 12:48:58,689] {logging_mixin.py:104} INFO - [2022-02-18 12:48:58,689] {dag.py:2273} INFO - Setting next_dagrun for example_subdag_operator.section-1 to None
[2022-02-18 12:48:58,689] {logging_mixin.py:104} INFO - [2022-02-18 12:48:58,689] {dag.py:2273} INFO - Setting next_dagrun for example_subdag_operator.section-2 to None
[2022-02-18 12:48:58,695] {logging_mixin.py:104} INFO - [2022-02-18 12:48:58,695] {dag.py:1818} INFO - Sync 2 DAGs
[2022-02-18 12:48:58,703] {logging_mixin.py:104} INFO - [2022-02-18 12:48:58,703] {dag.py:2273} INFO - Setting next_dagrun for example_subdag_operator.section-1 to None
[2022-02-18 12:48:58,703] {logging_mixin.py:104} INFO - [2022-02-18 12:48:58,703] {dag.py:2273} INFO - Setting next_dagrun for example_subdag_operator.section-2 to None
[2022-02-18 12:48:58,709] {scheduler_job.py:190} INFO - Processing /app/env/lib/python3.8/site-packages/airflow/example_dags/example_subdag_operator.py took 0.088 seconds
[2022-02-18 12:49:29,383] {scheduler_job.py:182} INFO - Started process (PID=408) to work on /app/env/lib/python3.8/site-packages/airflow/example_dags/example_subdag_operator.py
[2022-02-18 12:49:29,384] {scheduler_job.py:629} INFO - Processing file /app/env/lib/python3.8/site-packages/airflow/example_dags/example_subdag_operator.py for tasks to queue
[2022-02-18 12:49:29,385] {logging_mixin.py:104} INFO - [2022-02-18 12:49:29,385] {dagbag.py:448} INFO - Filling up the DagBag from /app/env/lib/python3.8/site-packages/airflow/example_dags/example_subdag_operator.py
[2022-02-18 12:49:29,417] {scheduler_job.py:639} INFO - DAG(s) dict_keys(['example_subdag_operator.section-1', 'example_subdag_operator.section-2', 'example_subdag_operator']) retrieved from /app/env/lib/python3.8/site-packages/airflow/example_dags/example_subdag_operator.py
[2022-02-18 12:49:29,432] {logging_mixin.py:104} INFO - [2022-02-18 12:49:29,432] {dag.py:1818} INFO - Sync 3 DAGs
[2022-02-18 12:49:29,448] {logging_mixin.py:104} INFO - [2022-02-18 12:49:29,448] {dag.py:2273} INFO - Setting next_dagrun for example_subdag_operator to 2022-02-16 00:00:00+00:00
[2022-02-18 12:49:29,450] {logging_mixin.py:104} INFO - [2022-02-18 12:49:29,450] {dag.py:2273} INFO - Setting next_dagrun for example_subdag_operator.section-1 to None
[2022-02-18 12:49:29,450] {logging_mixin.py:104} INFO - [2022-02-18 12:49:29,450] {dag.py:2273} INFO - Setting next_dagrun for example_subdag_operator.section-2 to None
[2022-02-18 12:49:29,456] {logging_mixin.py:104} INFO - [2022-02-18 12:49:29,456] {dag.py:1818} INFO - Sync 2 DAGs
[2022-02-18 12:49:29,466] {logging_mixin.py:104} INFO - [2022-02-18 12:49:29,465] {dag.py:2273} INFO - Setting next_dagrun for example_subdag_operator.section-1 to None
[2022-02-18 12:49:29,466] {logging_mixin.py:104} INFO - [2022-02-18 12:49:29,466] {dag.py:2273} INFO - Setting next_dagrun for example_subdag_operator.section-2 to None
[2022-02-18 12:49:29,473] {scheduler_job.py:190} INFO - Processing /app/env/lib/python3.8/site-packages/airflow/example_dags/example_subdag_operator.py took 0.094 seconds
[2022-02-18 12:49:59,896] {scheduler_job.py:182} INFO - Started process (PID=438) to work on /app/env/lib/python3.8/site-packages/airflow/example_dags/example_subdag_operator.py
[2022-02-18 12:49:59,897] {scheduler_job.py:629} INFO - Processing file /app/env/lib/python3.8/site-packages/airflow/example_dags/example_subdag_operator.py for tasks to queue
[2022-02-18 12:49:59,898] {logging_mixin.py:104} INFO - [2022-02-18 12:49:59,898] {dagbag.py:448} INFO - Filling up the DagBag from /app/env/lib/python3.8/site-packages/airflow/example_dags/example_subdag_operator.py
[2022-02-18 12:49:59,922] {scheduler_job.py:639} INFO - DAG(s) dict_keys(['example_subdag_operator.section-1', 'example_subdag_operator.section-2', 'example_subdag_operator']) retrieved from /app/env/lib/python3.8/site-packages/airflow/example_dags/example_subdag_operator.py
[2022-02-18 12:49:59,931] {logging_mixin.py:104} INFO - [2022-02-18 12:49:59,931] {dag.py:1818} INFO - Sync 3 DAGs
[2022-02-18 12:49:59,938] {logging_mixin.py:104} INFO - [2022-02-18 12:49:59,938] {dag.py:2273} INFO - Setting next_dagrun for example_subdag_operator to 2022-02-16 00:00:00+00:00
[2022-02-18 12:49:59,938] {logging_mixin.py:104} INFO - [2022-02-18 12:49:59,938] {dag.py:2273} INFO - Setting next_dagrun for example_subdag_operator.section-1 to None
[2022-02-18 12:49:59,939] {logging_mixin.py:104} INFO - [2022-02-18 12:49:59,939] {dag.py:2273} INFO - Setting next_dagrun for example_subdag_operator.section-2 to None
[2022-02-18 12:49:59,942] {logging_mixin.py:104} INFO - [2022-02-18 12:49:59,941] {dag.py:1818} INFO - Sync 2 DAGs
[2022-02-18 12:49:59,946] {logging_mixin.py:104} INFO - [2022-02-18 12:49:59,946] {dag.py:2273} INFO - Setting next_dagrun for example_subdag_operator.section-1 to None
[2022-02-18 12:49:59,946] {logging_mixin.py:104} INFO - [2022-02-18 12:49:59,946] {dag.py:2273} INFO - Setting next_dagrun for example_subdag_operator.section-2 to None
[2022-02-18 12:49:59,949] {scheduler_job.py:190} INFO - Processing /app/env/lib/python3.8/site-packages/airflow/example_dags/example_subdag_operator.py took 0.057 seconds
[2022-02-18 12:50:30,471] {scheduler_job.py:182} INFO - Started process (PID=468) to work on /app/env/lib/python3.8/site-packages/airflow/example_dags/example_subdag_operator.py
[2022-02-18 12:50:30,473] {scheduler_job.py:629} INFO - Processing file /app/env/lib/python3.8/site-packages/airflow/example_dags/example_subdag_operator.py for tasks to queue
[2022-02-18 12:50:30,474] {logging_mixin.py:104} INFO - [2022-02-18 12:50:30,473] {dagbag.py:448} INFO - Filling up the DagBag from /app/env/lib/python3.8/site-packages/airflow/example_dags/example_subdag_operator.py
[2022-02-18 12:50:30,511] {scheduler_job.py:639} INFO - DAG(s) dict_keys(['example_subdag_operator.section-1', 'example_subdag_operator.section-2', 'example_subdag_operator']) retrieved from /app/env/lib/python3.8/site-packages/airflow/example_dags/example_subdag_operator.py
[2022-02-18 12:50:30,527] {logging_mixin.py:104} INFO - [2022-02-18 12:50:30,527] {dag.py:1818} INFO - Sync 3 DAGs
[2022-02-18 12:50:30,543] {logging_mixin.py:104} INFO - [2022-02-18 12:50:30,543] {dag.py:2273} INFO - Setting next_dagrun for example_subdag_operator to 2022-02-16 00:00:00+00:00
[2022-02-18 12:50:30,545] {logging_mixin.py:104} INFO - [2022-02-18 12:50:30,544] {dag.py:2273} INFO - Setting next_dagrun for example_subdag_operator.section-1 to None
[2022-02-18 12:50:30,545] {logging_mixin.py:104} INFO - [2022-02-18 12:50:30,545] {dag.py:2273} INFO - Setting next_dagrun for example_subdag_operator.section-2 to None
[2022-02-18 12:50:30,551] {logging_mixin.py:104} INFO - [2022-02-18 12:50:30,550] {dag.py:1818} INFO - Sync 2 DAGs
[2022-02-18 12:50:30,559] {logging_mixin.py:104} INFO - [2022-02-18 12:50:30,559] {dag.py:2273} INFO - Setting next_dagrun for example_subdag_operator.section-1 to None
[2022-02-18 12:50:30,559] {logging_mixin.py:104} INFO - [2022-02-18 12:50:30,559] {dag.py:2273} INFO - Setting next_dagrun for example_subdag_operator.section-2 to None
[2022-02-18 12:50:30,564] {scheduler_job.py:190} INFO - Processing /app/env/lib/python3.8/site-packages/airflow/example_dags/example_subdag_operator.py took 0.098 seconds
[2022-02-18 12:51:01,243] {scheduler_job.py:182} INFO - Started process (PID=498) to work on /app/env/lib/python3.8/site-packages/airflow/example_dags/example_subdag_operator.py
[2022-02-18 12:51:01,245] {scheduler_job.py:629} INFO - Processing file /app/env/lib/python3.8/site-packages/airflow/example_dags/example_subdag_operator.py for tasks to queue
[2022-02-18 12:51:01,246] {logging_mixin.py:104} INFO - [2022-02-18 12:51:01,245] {dagbag.py:448} INFO - Filling up the DagBag from /app/env/lib/python3.8/site-packages/airflow/example_dags/example_subdag_operator.py
[2022-02-18 12:51:01,277] {scheduler_job.py:639} INFO - DAG(s) dict_keys(['example_subdag_operator.section-1', 'example_subdag_operator.section-2', 'example_subdag_operator']) retrieved from /app/env/lib/python3.8/site-packages/airflow/example_dags/example_subdag_operator.py
[2022-02-18 12:51:01,292] {logging_mixin.py:104} INFO - [2022-02-18 12:51:01,292] {dag.py:1818} INFO - Sync 3 DAGs
[2022-02-18 12:51:01,308] {logging_mixin.py:104} INFO - [2022-02-18 12:51:01,308] {dag.py:2273} INFO - Setting next_dagrun for example_subdag_operator to 2022-02-16 00:00:00+00:00
[2022-02-18 12:51:01,310] {logging_mixin.py:104} INFO - [2022-02-18 12:51:01,310] {dag.py:2273} INFO - Setting next_dagrun for example_subdag_operator.section-1 to None
[2022-02-18 12:51:01,310] {logging_mixin.py:104} INFO - [2022-02-18 12:51:01,310] {dag.py:2273} INFO - Setting next_dagrun for example_subdag_operator.section-2 to None
[2022-02-18 12:51:01,318] {logging_mixin.py:104} INFO - [2022-02-18 12:51:01,318] {dag.py:1818} INFO - Sync 2 DAGs
[2022-02-18 12:51:01,327] {logging_mixin.py:104} INFO - [2022-02-18 12:51:01,327] {dag.py:2273} INFO - Setting next_dagrun for example_subdag_operator.section-1 to None
[2022-02-18 12:51:01,327] {logging_mixin.py:104} INFO - [2022-02-18 12:51:01,327] {dag.py:2273} INFO - Setting next_dagrun for example_subdag_operator.section-2 to None
[2022-02-18 12:51:01,334] {scheduler_job.py:190} INFO - Processing /app/env/lib/python3.8/site-packages/airflow/example_dags/example_subdag_operator.py took 0.094 seconds
[2022-02-18 12:51:32,032] {scheduler_job.py:182} INFO - Started process (PID=528) to work on /app/env/lib/python3.8/site-packages/airflow/example_dags/example_subdag_operator.py
[2022-02-18 12:51:32,034] {scheduler_job.py:629} INFO - Processing file /app/env/lib/python3.8/site-packages/airflow/example_dags/example_subdag_operator.py for tasks to queue
[2022-02-18 12:51:32,035] {logging_mixin.py:104} INFO - [2022-02-18 12:51:32,035] {dagbag.py:448} INFO - Filling up the DagBag from /app/env/lib/python3.8/site-packages/airflow/example_dags/example_subdag_operator.py
[2022-02-18 12:51:32,069] {scheduler_job.py:639} INFO - DAG(s) dict_keys(['example_subdag_operator.section-1', 'example_subdag_operator.section-2', 'example_subdag_operator']) retrieved from /app/env/lib/python3.8/site-packages/airflow/example_dags/example_subdag_operator.py
[2022-02-18 12:51:32,084] {logging_mixin.py:104} INFO - [2022-02-18 12:51:32,084] {dag.py:1818} INFO - Sync 3 DAGs
[2022-02-18 12:51:32,101] {logging_mixin.py:104} INFO - [2022-02-18 12:51:32,101] {dag.py:2273} INFO - Setting next_dagrun for example_subdag_operator to 2022-02-16 00:00:00+00:00
[2022-02-18 12:51:32,102] {logging_mixin.py:104} INFO - [2022-02-18 12:51:32,102] {dag.py:2273} INFO - Setting next_dagrun for example_subdag_operator.section-1 to None
[2022-02-18 12:51:32,103] {logging_mixin.py:104} INFO - [2022-02-18 12:51:32,103] {dag.py:2273} INFO - Setting next_dagrun for example_subdag_operator.section-2 to None
[2022-02-18 12:51:32,109] {logging_mixin.py:104} INFO - [2022-02-18 12:51:32,109] {dag.py:1818} INFO - Sync 2 DAGs
[2022-02-18 12:51:32,119] {logging_mixin.py:104} INFO - [2022-02-18 12:51:32,119] {dag.py:2273} INFO - Setting next_dagrun for example_subdag_operator.section-1 to None
[2022-02-18 12:51:32,119] {logging_mixin.py:104} INFO - [2022-02-18 12:51:32,119] {dag.py:2273} INFO - Setting next_dagrun for example_subdag_operator.section-2 to None
[2022-02-18 12:51:32,126] {scheduler_job.py:190} INFO - Processing /app/env/lib/python3.8/site-packages/airflow/example_dags/example_subdag_operator.py took 0.098 seconds
[2022-02-18 12:52:02,623] {scheduler_job.py:182} INFO - Started process (PID=558) to work on /app/env/lib/python3.8/site-packages/airflow/example_dags/example_subdag_operator.py
[2022-02-18 12:52:02,625] {scheduler_job.py:629} INFO - Processing file /app/env/lib/python3.8/site-packages/airflow/example_dags/example_subdag_operator.py for tasks to queue
[2022-02-18 12:52:02,625] {logging_mixin.py:104} INFO - [2022-02-18 12:52:02,625] {dagbag.py:448} INFO - Filling up the DagBag from /app/env/lib/python3.8/site-packages/airflow/example_dags/example_subdag_operator.py
[2022-02-18 12:52:02,659] {scheduler_job.py:639} INFO - DAG(s) dict_keys(['example_subdag_operator.section-1', 'example_subdag_operator.section-2', 'example_subdag_operator']) retrieved from /app/env/lib/python3.8/site-packages/airflow/example_dags/example_subdag_operator.py
[2022-02-18 12:52:02,677] {logging_mixin.py:104} INFO - [2022-02-18 12:52:02,677] {dag.py:1818} INFO - Sync 3 DAGs
[2022-02-18 12:52:02,694] {logging_mixin.py:104} INFO - [2022-02-18 12:52:02,694] {dag.py:2273} INFO - Setting next_dagrun for example_subdag_operator to 2022-02-16 00:00:00+00:00
[2022-02-18 12:52:02,696] {logging_mixin.py:104} INFO - [2022-02-18 12:52:02,695] {dag.py:2273} INFO - Setting next_dagrun for example_subdag_operator.section-1 to None
[2022-02-18 12:52:02,696] {logging_mixin.py:104} INFO - [2022-02-18 12:52:02,696] {dag.py:2273} INFO - Setting next_dagrun for example_subdag_operator.section-2 to None
[2022-02-18 12:52:02,703] {logging_mixin.py:104} INFO - [2022-02-18 12:52:02,702] {dag.py:1818} INFO - Sync 2 DAGs
[2022-02-18 12:52:02,712] {logging_mixin.py:104} INFO - [2022-02-18 12:52:02,712] {dag.py:2273} INFO - Setting next_dagrun for example_subdag_operator.section-1 to None
[2022-02-18 12:52:02,712] {logging_mixin.py:104} INFO - [2022-02-18 12:52:02,712] {dag.py:2273} INFO - Setting next_dagrun for example_subdag_operator.section-2 to None
[2022-02-18 12:52:02,719] {scheduler_job.py:190} INFO - Processing /app/env/lib/python3.8/site-packages/airflow/example_dags/example_subdag_operator.py took 0.100 seconds
[2022-02-18 12:52:33,395] {scheduler_job.py:182} INFO - Started process (PID=588) to work on /app/env/lib/python3.8/site-packages/airflow/example_dags/example_subdag_operator.py
[2022-02-18 12:52:33,396] {scheduler_job.py:629} INFO - Processing file /app/env/lib/python3.8/site-packages/airflow/example_dags/example_subdag_operator.py for tasks to queue
[2022-02-18 12:52:33,397] {logging_mixin.py:104} INFO - [2022-02-18 12:52:33,397] {dagbag.py:448} INFO - Filling up the DagBag from /app/env/lib/python3.8/site-packages/airflow/example_dags/example_subdag_operator.py
[2022-02-18 12:52:33,421] {scheduler_job.py:639} INFO - DAG(s) dict_keys(['example_subdag_operator.section-1', 'example_subdag_operator.section-2', 'example_subdag_operator']) retrieved from /app/env/lib/python3.8/site-packages/airflow/example_dags/example_subdag_operator.py
[2022-02-18 12:52:33,432] {logging_mixin.py:104} INFO - [2022-02-18 12:52:33,432] {dag.py:1818} INFO - Sync 3 DAGs
[2022-02-18 12:52:33,443] {logging_mixin.py:104} INFO - [2022-02-18 12:52:33,443] {dag.py:2273} INFO - Setting next_dagrun for example_subdag_operator to 2022-02-16 00:00:00+00:00
[2022-02-18 12:52:33,444] {logging_mixin.py:104} INFO - [2022-02-18 12:52:33,444] {dag.py:2273} INFO - Setting next_dagrun for example_subdag_operator.section-1 to None
[2022-02-18 12:52:33,444] {logging_mixin.py:104} INFO - [2022-02-18 12:52:33,444] {dag.py:2273} INFO - Setting next_dagrun for example_subdag_operator.section-2 to None
[2022-02-18 12:52:33,449] {logging_mixin.py:104} INFO - [2022-02-18 12:52:33,449] {dag.py:1818} INFO - Sync 2 DAGs
[2022-02-18 12:52:33,456] {logging_mixin.py:104} INFO - [2022-02-18 12:52:33,456] {dag.py:2273} INFO - Setting next_dagrun for example_subdag_operator.section-1 to None
[2022-02-18 12:52:33,457] {logging_mixin.py:104} INFO - [2022-02-18 12:52:33,457] {dag.py:2273} INFO - Setting next_dagrun for example_subdag_operator.section-2 to None
[2022-02-18 12:52:33,461] {scheduler_job.py:190} INFO - Processing /app/env/lib/python3.8/site-packages/airflow/example_dags/example_subdag_operator.py took 0.069 seconds
[2022-02-18 12:53:04,157] {scheduler_job.py:182} INFO - Started process (PID=618) to work on /app/env/lib/python3.8/site-packages/airflow/example_dags/example_subdag_operator.py
[2022-02-18 12:53:04,159] {scheduler_job.py:629} INFO - Processing file /app/env/lib/python3.8/site-packages/airflow/example_dags/example_subdag_operator.py for tasks to queue
[2022-02-18 12:53:04,160] {logging_mixin.py:104} INFO - [2022-02-18 12:53:04,160] {dagbag.py:448} INFO - Filling up the DagBag from /app/env/lib/python3.8/site-packages/airflow/example_dags/example_subdag_operator.py
[2022-02-18 12:53:04,185] {scheduler_job.py:639} INFO - DAG(s) dict_keys(['example_subdag_operator.section-1', 'example_subdag_operator.section-2', 'example_subdag_operator']) retrieved from /app/env/lib/python3.8/site-packages/airflow/example_dags/example_subdag_operator.py
[2022-02-18 12:53:04,206] {logging_mixin.py:104} INFO - [2022-02-18 12:53:04,205] {dag.py:1818} INFO - Sync 3 DAGs
[2022-02-18 12:53:04,224] {logging_mixin.py:104} INFO - [2022-02-18 12:53:04,224] {dag.py:2273} INFO - Setting next_dagrun for example_subdag_operator to 2022-02-16 00:00:00+00:00
[2022-02-18 12:53:04,226] {logging_mixin.py:104} INFO - [2022-02-18 12:53:04,226] {dag.py:2273} INFO - Setting next_dagrun for example_subdag_operator.section-1 to None
[2022-02-18 12:53:04,226] {logging_mixin.py:104} INFO - [2022-02-18 12:53:04,226] {dag.py:2273} INFO - Setting next_dagrun for example_subdag_operator.section-2 to None
[2022-02-18 12:53:04,234] {logging_mixin.py:104} INFO - [2022-02-18 12:53:04,234] {dag.py:1818} INFO - Sync 2 DAGs
[2022-02-18 12:53:04,248] {logging_mixin.py:104} INFO - [2022-02-18 12:53:04,248] {dag.py:2273} INFO - Setting next_dagrun for example_subdag_operator.section-1 to None
[2022-02-18 12:53:04,248] {logging_mixin.py:104} INFO - [2022-02-18 12:53:04,248] {dag.py:2273} INFO - Setting next_dagrun for example_subdag_operator.section-2 to None
[2022-02-18 12:53:04,255] {scheduler_job.py:190} INFO - Processing /app/env/lib/python3.8/site-packages/airflow/example_dags/example_subdag_operator.py took 0.101 seconds
[2022-02-18 12:53:34,710] {scheduler_job.py:182} INFO - Started process (PID=648) to work on /app/env/lib/python3.8/site-packages/airflow/example_dags/example_subdag_operator.py
[2022-02-18 12:53:34,712] {scheduler_job.py:629} INFO - Processing file /app/env/lib/python3.8/site-packages/airflow/example_dags/example_subdag_operator.py for tasks to queue
[2022-02-18 12:53:34,712] {logging_mixin.py:104} INFO - [2022-02-18 12:53:34,712] {dagbag.py:448} INFO - Filling up the DagBag from /app/env/lib/python3.8/site-packages/airflow/example_dags/example_subdag_operator.py
[2022-02-18 12:53:34,736] {scheduler_job.py:639} INFO - DAG(s) dict_keys(['example_subdag_operator.section-1', 'example_subdag_operator.section-2', 'example_subdag_operator']) retrieved from /app/env/lib/python3.8/site-packages/airflow/example_dags/example_subdag_operator.py
[2022-02-18 12:53:34,746] {logging_mixin.py:104} INFO - [2022-02-18 12:53:34,746] {dag.py:1818} INFO - Sync 3 DAGs
[2022-02-18 12:53:34,755] {logging_mixin.py:104} INFO - [2022-02-18 12:53:34,755] {dag.py:2273} INFO - Setting next_dagrun for example_subdag_operator to 2022-02-16 00:00:00+00:00
[2022-02-18 12:53:34,756] {logging_mixin.py:104} INFO - [2022-02-18 12:53:34,756] {dag.py:2273} INFO - Setting next_dagrun for example_subdag_operator.section-1 to None
[2022-02-18 12:53:34,756] {logging_mixin.py:104} INFO - [2022-02-18 12:53:34,756] {dag.py:2273} INFO - Setting next_dagrun for example_subdag_operator.section-2 to None
[2022-02-18 12:53:34,760] {logging_mixin.py:104} INFO - [2022-02-18 12:53:34,760] {dag.py:1818} INFO - Sync 2 DAGs
[2022-02-18 12:53:34,766] {logging_mixin.py:104} INFO - [2022-02-18 12:53:34,766] {dag.py:2273} INFO - Setting next_dagrun for example_subdag_operator.section-1 to None
[2022-02-18 12:53:34,766] {logging_mixin.py:104} INFO - [2022-02-18 12:53:34,766] {dag.py:2273} INFO - Setting next_dagrun for example_subdag_operator.section-2 to None
[2022-02-18 12:53:34,770] {scheduler_job.py:190} INFO - Processing /app/env/lib/python3.8/site-packages/airflow/example_dags/example_subdag_operator.py took 0.063 seconds
