[2022-02-18 12:44:03,753] {scheduler_job.py:182} INFO - Started process (PID=71) to work on /app/env/lib/python3.8/site-packages/airflow/example_dags/example_branch_operator.py
[2022-02-18 12:44:03,755] {scheduler_job.py:629} INFO - Processing file /app/env/lib/python3.8/site-packages/airflow/example_dags/example_branch_operator.py for tasks to queue
[2022-02-18 12:44:03,755] {logging_mixin.py:104} INFO - [2022-02-18 12:44:03,755] {dagbag.py:448} INFO - Filling up the DagBag from /app/env/lib/python3.8/site-packages/airflow/example_dags/example_branch_operator.py
[2022-02-18 12:44:03,772] {scheduler_job.py:639} INFO - DAG(s) dict_keys(['example_branch_operator']) retrieved from /app/env/lib/python3.8/site-packages/airflow/example_dags/example_branch_operator.py
[2022-02-18 12:44:03,789] {logging_mixin.py:104} INFO - [2022-02-18 12:44:03,789] {dag.py:1818} INFO - Sync 1 DAGs
[2022-02-18 12:44:03,812] {logging_mixin.py:104} INFO - [2022-02-18 12:44:03,812] {dag.py:2273} INFO - Setting next_dagrun for example_branch_operator to 2022-02-16 00:00:00+00:00
[2022-02-18 12:44:03,821] {scheduler_job.py:190} INFO - Processing /app/env/lib/python3.8/site-packages/airflow/example_dags/example_branch_operator.py took 0.071 seconds
[2022-02-18 12:44:34,519] {scheduler_job.py:182} INFO - Started process (PID=120) to work on /app/env/lib/python3.8/site-packages/airflow/example_dags/example_branch_operator.py
[2022-02-18 12:44:34,521] {scheduler_job.py:629} INFO - Processing file /app/env/lib/python3.8/site-packages/airflow/example_dags/example_branch_operator.py for tasks to queue
[2022-02-18 12:44:34,521] {logging_mixin.py:104} INFO - [2022-02-18 12:44:34,521] {dagbag.py:448} INFO - Filling up the DagBag from /app/env/lib/python3.8/site-packages/airflow/example_dags/example_branch_operator.py
[2022-02-18 12:44:34,537] {scheduler_job.py:639} INFO - DAG(s) dict_keys(['example_branch_operator']) retrieved from /app/env/lib/python3.8/site-packages/airflow/example_dags/example_branch_operator.py
[2022-02-18 12:44:34,551] {logging_mixin.py:104} INFO - [2022-02-18 12:44:34,551] {dag.py:1818} INFO - Sync 1 DAGs
[2022-02-18 12:44:34,566] {logging_mixin.py:104} INFO - [2022-02-18 12:44:34,566] {dag.py:2273} INFO - Setting next_dagrun for example_branch_operator to 2022-02-16 00:00:00+00:00
[2022-02-18 12:44:34,573] {scheduler_job.py:190} INFO - Processing /app/env/lib/python3.8/site-packages/airflow/example_dags/example_branch_operator.py took 0.058 seconds
[2022-02-18 12:45:05,305] {scheduler_job.py:182} INFO - Started process (PID=150) to work on /app/env/lib/python3.8/site-packages/airflow/example_dags/example_branch_operator.py
[2022-02-18 12:45:05,306] {scheduler_job.py:629} INFO - Processing file /app/env/lib/python3.8/site-packages/airflow/example_dags/example_branch_operator.py for tasks to queue
[2022-02-18 12:45:05,307] {logging_mixin.py:104} INFO - [2022-02-18 12:45:05,307] {dagbag.py:448} INFO - Filling up the DagBag from /app/env/lib/python3.8/site-packages/airflow/example_dags/example_branch_operator.py
[2022-02-18 12:45:05,327] {scheduler_job.py:639} INFO - DAG(s) dict_keys(['example_branch_operator']) retrieved from /app/env/lib/python3.8/site-packages/airflow/example_dags/example_branch_operator.py
[2022-02-18 12:45:05,346] {logging_mixin.py:104} INFO - [2022-02-18 12:45:05,346] {dag.py:1818} INFO - Sync 1 DAGs
[2022-02-18 12:45:05,373] {logging_mixin.py:104} INFO - [2022-02-18 12:45:05,372] {dag.py:2273} INFO - Setting next_dagrun for example_branch_operator to 2022-02-16 00:00:00+00:00
[2022-02-18 12:45:05,382] {scheduler_job.py:190} INFO - Processing /app/env/lib/python3.8/site-packages/airflow/example_dags/example_branch_operator.py took 0.082 seconds
[2022-02-18 12:45:36,167] {scheduler_job.py:182} INFO - Started process (PID=180) to work on /app/env/lib/python3.8/site-packages/airflow/example_dags/example_branch_operator.py
[2022-02-18 12:45:36,168] {scheduler_job.py:629} INFO - Processing file /app/env/lib/python3.8/site-packages/airflow/example_dags/example_branch_operator.py for tasks to queue
[2022-02-18 12:45:36,169] {logging_mixin.py:104} INFO - [2022-02-18 12:45:36,169] {dagbag.py:448} INFO - Filling up the DagBag from /app/env/lib/python3.8/site-packages/airflow/example_dags/example_branch_operator.py
[2022-02-18 12:45:36,182] {scheduler_job.py:639} INFO - DAG(s) dict_keys(['example_branch_operator']) retrieved from /app/env/lib/python3.8/site-packages/airflow/example_dags/example_branch_operator.py
[2022-02-18 12:45:36,192] {logging_mixin.py:104} INFO - [2022-02-18 12:45:36,192] {dag.py:1818} INFO - Sync 1 DAGs
[2022-02-18 12:45:36,206] {logging_mixin.py:104} INFO - [2022-02-18 12:45:36,206] {dag.py:2273} INFO - Setting next_dagrun for example_branch_operator to 2022-02-16 00:00:00+00:00
[2022-02-18 12:45:36,212] {scheduler_job.py:190} INFO - Processing /app/env/lib/python3.8/site-packages/airflow/example_dags/example_branch_operator.py took 0.048 seconds
[2022-02-18 12:46:06,908] {scheduler_job.py:182} INFO - Started process (PID=210) to work on /app/env/lib/python3.8/site-packages/airflow/example_dags/example_branch_operator.py
[2022-02-18 12:46:06,910] {scheduler_job.py:629} INFO - Processing file /app/env/lib/python3.8/site-packages/airflow/example_dags/example_branch_operator.py for tasks to queue
[2022-02-18 12:46:06,910] {logging_mixin.py:104} INFO - [2022-02-18 12:46:06,910] {dagbag.py:448} INFO - Filling up the DagBag from /app/env/lib/python3.8/site-packages/airflow/example_dags/example_branch_operator.py
[2022-02-18 12:46:06,929] {scheduler_job.py:639} INFO - DAG(s) dict_keys(['example_branch_operator']) retrieved from /app/env/lib/python3.8/site-packages/airflow/example_dags/example_branch_operator.py
[2022-02-18 12:46:06,946] {logging_mixin.py:104} INFO - [2022-02-18 12:46:06,946] {dag.py:1818} INFO - Sync 1 DAGs
[2022-02-18 12:46:06,968] {logging_mixin.py:104} INFO - [2022-02-18 12:46:06,968] {dag.py:2273} INFO - Setting next_dagrun for example_branch_operator to 2022-02-16 00:00:00+00:00
[2022-02-18 12:46:06,977] {scheduler_job.py:190} INFO - Processing /app/env/lib/python3.8/site-packages/airflow/example_dags/example_branch_operator.py took 0.074 seconds
[2022-02-18 12:46:37,653] {scheduler_job.py:182} INFO - Started process (PID=240) to work on /app/env/lib/python3.8/site-packages/airflow/example_dags/example_branch_operator.py
[2022-02-18 12:46:37,655] {scheduler_job.py:629} INFO - Processing file /app/env/lib/python3.8/site-packages/airflow/example_dags/example_branch_operator.py for tasks to queue
[2022-02-18 12:46:37,655] {logging_mixin.py:104} INFO - [2022-02-18 12:46:37,655] {dagbag.py:448} INFO - Filling up the DagBag from /app/env/lib/python3.8/site-packages/airflow/example_dags/example_branch_operator.py
[2022-02-18 12:46:37,676] {scheduler_job.py:639} INFO - DAG(s) dict_keys(['example_branch_operator']) retrieved from /app/env/lib/python3.8/site-packages/airflow/example_dags/example_branch_operator.py
[2022-02-18 12:46:37,694] {logging_mixin.py:104} INFO - [2022-02-18 12:46:37,694] {dag.py:1818} INFO - Sync 1 DAGs
[2022-02-18 12:46:37,719] {logging_mixin.py:104} INFO - [2022-02-18 12:46:37,719] {dag.py:2273} INFO - Setting next_dagrun for example_branch_operator to 2022-02-16 00:00:00+00:00
[2022-02-18 12:46:37,729] {scheduler_job.py:190} INFO - Processing /app/env/lib/python3.8/site-packages/airflow/example_dags/example_branch_operator.py took 0.079 seconds
[2022-02-18 12:47:08,402] {scheduler_job.py:182} INFO - Started process (PID=270) to work on /app/env/lib/python3.8/site-packages/airflow/example_dags/example_branch_operator.py
[2022-02-18 12:47:08,404] {scheduler_job.py:629} INFO - Processing file /app/env/lib/python3.8/site-packages/airflow/example_dags/example_branch_operator.py for tasks to queue
[2022-02-18 12:47:08,404] {logging_mixin.py:104} INFO - [2022-02-18 12:47:08,404] {dagbag.py:448} INFO - Filling up the DagBag from /app/env/lib/python3.8/site-packages/airflow/example_dags/example_branch_operator.py
[2022-02-18 12:47:08,424] {scheduler_job.py:639} INFO - DAG(s) dict_keys(['example_branch_operator']) retrieved from /app/env/lib/python3.8/site-packages/airflow/example_dags/example_branch_operator.py
[2022-02-18 12:47:08,444] {logging_mixin.py:104} INFO - [2022-02-18 12:47:08,444] {dag.py:1818} INFO - Sync 1 DAGs
[2022-02-18 12:47:08,471] {logging_mixin.py:104} INFO - [2022-02-18 12:47:08,471] {dag.py:2273} INFO - Setting next_dagrun for example_branch_operator to 2022-02-16 00:00:00+00:00
[2022-02-18 12:47:08,483] {scheduler_job.py:190} INFO - Processing /app/env/lib/python3.8/site-packages/airflow/example_dags/example_branch_operator.py took 0.084 seconds
[2022-02-18 12:47:39,157] {scheduler_job.py:182} INFO - Started process (PID=300) to work on /app/env/lib/python3.8/site-packages/airflow/example_dags/example_branch_operator.py
[2022-02-18 12:47:39,159] {scheduler_job.py:629} INFO - Processing file /app/env/lib/python3.8/site-packages/airflow/example_dags/example_branch_operator.py for tasks to queue
[2022-02-18 12:47:39,160] {logging_mixin.py:104} INFO - [2022-02-18 12:47:39,160] {dagbag.py:448} INFO - Filling up the DagBag from /app/env/lib/python3.8/site-packages/airflow/example_dags/example_branch_operator.py
[2022-02-18 12:47:39,180] {scheduler_job.py:639} INFO - DAG(s) dict_keys(['example_branch_operator']) retrieved from /app/env/lib/python3.8/site-packages/airflow/example_dags/example_branch_operator.py
[2022-02-18 12:47:39,206] {logging_mixin.py:104} INFO - [2022-02-18 12:47:39,206] {dag.py:1818} INFO - Sync 1 DAGs
[2022-02-18 12:47:39,236] {logging_mixin.py:104} INFO - [2022-02-18 12:47:39,235] {dag.py:2273} INFO - Setting next_dagrun for example_branch_operator to 2022-02-16 00:00:00+00:00
[2022-02-18 12:47:39,247] {scheduler_job.py:190} INFO - Processing /app/env/lib/python3.8/site-packages/airflow/example_dags/example_branch_operator.py took 0.094 seconds
[2022-02-18 12:48:09,778] {scheduler_job.py:182} INFO - Started process (PID=330) to work on /app/env/lib/python3.8/site-packages/airflow/example_dags/example_branch_operator.py
[2022-02-18 12:48:09,780] {scheduler_job.py:629} INFO - Processing file /app/env/lib/python3.8/site-packages/airflow/example_dags/example_branch_operator.py for tasks to queue
[2022-02-18 12:48:09,781] {logging_mixin.py:104} INFO - [2022-02-18 12:48:09,781] {dagbag.py:448} INFO - Filling up the DagBag from /app/env/lib/python3.8/site-packages/airflow/example_dags/example_branch_operator.py
[2022-02-18 12:48:09,800] {scheduler_job.py:639} INFO - DAG(s) dict_keys(['example_branch_operator']) retrieved from /app/env/lib/python3.8/site-packages/airflow/example_dags/example_branch_operator.py
[2022-02-18 12:48:09,819] {logging_mixin.py:104} INFO - [2022-02-18 12:48:09,819] {dag.py:1818} INFO - Sync 1 DAGs
[2022-02-18 12:48:09,842] {logging_mixin.py:104} INFO - [2022-02-18 12:48:09,842] {dag.py:2273} INFO - Setting next_dagrun for example_branch_operator to 2022-02-16 00:00:00+00:00
[2022-02-18 12:48:09,852] {scheduler_job.py:190} INFO - Processing /app/env/lib/python3.8/site-packages/airflow/example_dags/example_branch_operator.py took 0.079 seconds
[2022-02-18 12:48:40,715] {scheduler_job.py:182} INFO - Started process (PID=360) to work on /app/env/lib/python3.8/site-packages/airflow/example_dags/example_branch_operator.py
[2022-02-18 12:48:40,716] {scheduler_job.py:629} INFO - Processing file /app/env/lib/python3.8/site-packages/airflow/example_dags/example_branch_operator.py for tasks to queue
[2022-02-18 12:48:40,717] {logging_mixin.py:104} INFO - [2022-02-18 12:48:40,717] {dagbag.py:448} INFO - Filling up the DagBag from /app/env/lib/python3.8/site-packages/airflow/example_dags/example_branch_operator.py
[2022-02-18 12:48:40,737] {scheduler_job.py:639} INFO - DAG(s) dict_keys(['example_branch_operator']) retrieved from /app/env/lib/python3.8/site-packages/airflow/example_dags/example_branch_operator.py
[2022-02-18 12:48:40,756] {logging_mixin.py:104} INFO - [2022-02-18 12:48:40,756] {dag.py:1818} INFO - Sync 1 DAGs
[2022-02-18 12:48:40,781] {logging_mixin.py:104} INFO - [2022-02-18 12:48:40,781] {dag.py:2273} INFO - Setting next_dagrun for example_branch_operator to 2022-02-16 00:00:00+00:00
[2022-02-18 12:48:40,791] {scheduler_job.py:190} INFO - Processing /app/env/lib/python3.8/site-packages/airflow/example_dags/example_branch_operator.py took 0.081 seconds
[2022-02-18 12:49:10,999] {scheduler_job.py:182} INFO - Started process (PID=390) to work on /app/env/lib/python3.8/site-packages/airflow/example_dags/example_branch_operator.py
[2022-02-18 12:49:11,000] {scheduler_job.py:629} INFO - Processing file /app/env/lib/python3.8/site-packages/airflow/example_dags/example_branch_operator.py for tasks to queue
[2022-02-18 12:49:11,001] {logging_mixin.py:104} INFO - [2022-02-18 12:49:11,001] {dagbag.py:448} INFO - Filling up the DagBag from /app/env/lib/python3.8/site-packages/airflow/example_dags/example_branch_operator.py
[2022-02-18 12:49:11,018] {scheduler_job.py:639} INFO - DAG(s) dict_keys(['example_branch_operator']) retrieved from /app/env/lib/python3.8/site-packages/airflow/example_dags/example_branch_operator.py
[2022-02-18 12:49:11,037] {logging_mixin.py:104} INFO - [2022-02-18 12:49:11,036] {dag.py:1818} INFO - Sync 1 DAGs
[2022-02-18 12:49:11,061] {logging_mixin.py:104} INFO - [2022-02-18 12:49:11,060] {dag.py:2273} INFO - Setting next_dagrun for example_branch_operator to 2022-02-16 00:00:00+00:00
[2022-02-18 12:49:11,071] {scheduler_job.py:190} INFO - Processing /app/env/lib/python3.8/site-packages/airflow/example_dags/example_branch_operator.py took 0.075 seconds
[2022-02-18 12:49:41,298] {scheduler_job.py:182} INFO - Started process (PID=420) to work on /app/env/lib/python3.8/site-packages/airflow/example_dags/example_branch_operator.py
[2022-02-18 12:49:41,299] {scheduler_job.py:629} INFO - Processing file /app/env/lib/python3.8/site-packages/airflow/example_dags/example_branch_operator.py for tasks to queue
[2022-02-18 12:49:41,301] {logging_mixin.py:104} INFO - [2022-02-18 12:49:41,300] {dagbag.py:448} INFO - Filling up the DagBag from /app/env/lib/python3.8/site-packages/airflow/example_dags/example_branch_operator.py
[2022-02-18 12:49:41,317] {scheduler_job.py:639} INFO - DAG(s) dict_keys(['example_branch_operator']) retrieved from /app/env/lib/python3.8/site-packages/airflow/example_dags/example_branch_operator.py
[2022-02-18 12:49:41,336] {logging_mixin.py:104} INFO - [2022-02-18 12:49:41,336] {dag.py:1818} INFO - Sync 1 DAGs
[2022-02-18 12:49:41,359] {logging_mixin.py:104} INFO - [2022-02-18 12:49:41,359] {dag.py:2273} INFO - Setting next_dagrun for example_branch_operator to 2022-02-16 00:00:00+00:00
[2022-02-18 12:49:41,369] {scheduler_job.py:190} INFO - Processing /app/env/lib/python3.8/site-packages/airflow/example_dags/example_branch_operator.py took 0.075 seconds
[2022-02-18 12:50:11,597] {scheduler_job.py:182} INFO - Started process (PID=450) to work on /app/env/lib/python3.8/site-packages/airflow/example_dags/example_branch_operator.py
[2022-02-18 12:50:11,599] {scheduler_job.py:629} INFO - Processing file /app/env/lib/python3.8/site-packages/airflow/example_dags/example_branch_operator.py for tasks to queue
[2022-02-18 12:50:11,599] {logging_mixin.py:104} INFO - [2022-02-18 12:50:11,599] {dagbag.py:448} INFO - Filling up the DagBag from /app/env/lib/python3.8/site-packages/airflow/example_dags/example_branch_operator.py
[2022-02-18 12:50:11,617] {scheduler_job.py:639} INFO - DAG(s) dict_keys(['example_branch_operator']) retrieved from /app/env/lib/python3.8/site-packages/airflow/example_dags/example_branch_operator.py
[2022-02-18 12:50:11,635] {logging_mixin.py:104} INFO - [2022-02-18 12:50:11,634] {dag.py:1818} INFO - Sync 1 DAGs
[2022-02-18 12:50:11,658] {logging_mixin.py:104} INFO - [2022-02-18 12:50:11,658] {dag.py:2273} INFO - Setting next_dagrun for example_branch_operator to 2022-02-16 00:00:00+00:00
[2022-02-18 12:50:11,669] {scheduler_job.py:190} INFO - Processing /app/env/lib/python3.8/site-packages/airflow/example_dags/example_branch_operator.py took 0.075 seconds
[2022-02-18 12:50:41,903] {scheduler_job.py:182} INFO - Started process (PID=479) to work on /app/env/lib/python3.8/site-packages/airflow/example_dags/example_branch_operator.py
[2022-02-18 12:50:41,904] {scheduler_job.py:629} INFO - Processing file /app/env/lib/python3.8/site-packages/airflow/example_dags/example_branch_operator.py for tasks to queue
[2022-02-18 12:50:41,905] {logging_mixin.py:104} INFO - [2022-02-18 12:50:41,905] {dagbag.py:448} INFO - Filling up the DagBag from /app/env/lib/python3.8/site-packages/airflow/example_dags/example_branch_operator.py
[2022-02-18 12:50:41,925] {scheduler_job.py:639} INFO - DAG(s) dict_keys(['example_branch_operator']) retrieved from /app/env/lib/python3.8/site-packages/airflow/example_dags/example_branch_operator.py
[2022-02-18 12:50:41,950] {logging_mixin.py:104} INFO - [2022-02-18 12:50:41,950] {dag.py:1818} INFO - Sync 1 DAGs
[2022-02-18 12:50:41,980] {logging_mixin.py:104} INFO - [2022-02-18 12:50:41,980] {dag.py:2273} INFO - Setting next_dagrun for example_branch_operator to 2022-02-16 00:00:00+00:00
[2022-02-18 12:50:41,991] {scheduler_job.py:190} INFO - Processing /app/env/lib/python3.8/site-packages/airflow/example_dags/example_branch_operator.py took 0.093 seconds
[2022-02-18 12:51:12,308] {scheduler_job.py:182} INFO - Started process (PID=509) to work on /app/env/lib/python3.8/site-packages/airflow/example_dags/example_branch_operator.py
[2022-02-18 12:51:12,309] {scheduler_job.py:629} INFO - Processing file /app/env/lib/python3.8/site-packages/airflow/example_dags/example_branch_operator.py for tasks to queue
[2022-02-18 12:51:12,310] {logging_mixin.py:104} INFO - [2022-02-18 12:51:12,310] {dagbag.py:448} INFO - Filling up the DagBag from /app/env/lib/python3.8/site-packages/airflow/example_dags/example_branch_operator.py
[2022-02-18 12:51:12,329] {scheduler_job.py:639} INFO - DAG(s) dict_keys(['example_branch_operator']) retrieved from /app/env/lib/python3.8/site-packages/airflow/example_dags/example_branch_operator.py
[2022-02-18 12:51:12,349] {logging_mixin.py:104} INFO - [2022-02-18 12:51:12,349] {dag.py:1818} INFO - Sync 1 DAGs
[2022-02-18 12:51:12,373] {logging_mixin.py:104} INFO - [2022-02-18 12:51:12,373] {dag.py:2273} INFO - Setting next_dagrun for example_branch_operator to 2022-02-16 00:00:00+00:00
[2022-02-18 12:51:12,384] {scheduler_job.py:190} INFO - Processing /app/env/lib/python3.8/site-packages/airflow/example_dags/example_branch_operator.py took 0.080 seconds
[2022-02-18 12:51:42,705] {scheduler_job.py:182} INFO - Started process (PID=539) to work on /app/env/lib/python3.8/site-packages/airflow/example_dags/example_branch_operator.py
[2022-02-18 12:51:42,706] {scheduler_job.py:629} INFO - Processing file /app/env/lib/python3.8/site-packages/airflow/example_dags/example_branch_operator.py for tasks to queue
[2022-02-18 12:51:42,707] {logging_mixin.py:104} INFO - [2022-02-18 12:51:42,707] {dagbag.py:448} INFO - Filling up the DagBag from /app/env/lib/python3.8/site-packages/airflow/example_dags/example_branch_operator.py
[2022-02-18 12:51:42,720] {scheduler_job.py:639} INFO - DAG(s) dict_keys(['example_branch_operator']) retrieved from /app/env/lib/python3.8/site-packages/airflow/example_dags/example_branch_operator.py
[2022-02-18 12:51:42,733] {logging_mixin.py:104} INFO - [2022-02-18 12:51:42,733] {dag.py:1818} INFO - Sync 1 DAGs
[2022-02-18 12:51:42,751] {logging_mixin.py:104} INFO - [2022-02-18 12:51:42,750] {dag.py:2273} INFO - Setting next_dagrun for example_branch_operator to 2022-02-16 00:00:00+00:00
[2022-02-18 12:51:42,758] {scheduler_job.py:190} INFO - Processing /app/env/lib/python3.8/site-packages/airflow/example_dags/example_branch_operator.py took 0.056 seconds
[2022-02-18 12:52:14,084] {scheduler_job.py:182} INFO - Started process (PID=569) to work on /app/env/lib/python3.8/site-packages/airflow/example_dags/example_branch_operator.py
[2022-02-18 12:52:14,086] {scheduler_job.py:629} INFO - Processing file /app/env/lib/python3.8/site-packages/airflow/example_dags/example_branch_operator.py for tasks to queue
[2022-02-18 12:52:14,086] {logging_mixin.py:104} INFO - [2022-02-18 12:52:14,086] {dagbag.py:448} INFO - Filling up the DagBag from /app/env/lib/python3.8/site-packages/airflow/example_dags/example_branch_operator.py
[2022-02-18 12:52:14,103] {scheduler_job.py:639} INFO - DAG(s) dict_keys(['example_branch_operator']) retrieved from /app/env/lib/python3.8/site-packages/airflow/example_dags/example_branch_operator.py
[2022-02-18 12:52:14,123] {logging_mixin.py:104} INFO - [2022-02-18 12:52:14,123] {dag.py:1818} INFO - Sync 1 DAGs
[2022-02-18 12:52:14,144] {logging_mixin.py:104} INFO - [2022-02-18 12:52:14,144] {dag.py:2273} INFO - Setting next_dagrun for example_branch_operator to 2022-02-16 00:00:00+00:00
[2022-02-18 12:52:14,153] {scheduler_job.py:190} INFO - Processing /app/env/lib/python3.8/site-packages/airflow/example_dags/example_branch_operator.py took 0.073 seconds
[2022-02-18 12:52:44,431] {scheduler_job.py:182} INFO - Started process (PID=599) to work on /app/env/lib/python3.8/site-packages/airflow/example_dags/example_branch_operator.py
[2022-02-18 12:52:44,432] {scheduler_job.py:629} INFO - Processing file /app/env/lib/python3.8/site-packages/airflow/example_dags/example_branch_operator.py for tasks to queue
[2022-02-18 12:52:44,434] {logging_mixin.py:104} INFO - [2022-02-18 12:52:44,434] {dagbag.py:448} INFO - Filling up the DagBag from /app/env/lib/python3.8/site-packages/airflow/example_dags/example_branch_operator.py
[2022-02-18 12:52:44,456] {scheduler_job.py:639} INFO - DAG(s) dict_keys(['example_branch_operator']) retrieved from /app/env/lib/python3.8/site-packages/airflow/example_dags/example_branch_operator.py
[2022-02-18 12:52:44,477] {logging_mixin.py:104} INFO - [2022-02-18 12:52:44,477] {dag.py:1818} INFO - Sync 1 DAGs
[2022-02-18 12:52:44,501] {logging_mixin.py:104} INFO - [2022-02-18 12:52:44,501] {dag.py:2273} INFO - Setting next_dagrun for example_branch_operator to 2022-02-16 00:00:00+00:00
[2022-02-18 12:52:44,510] {scheduler_job.py:190} INFO - Processing /app/env/lib/python3.8/site-packages/airflow/example_dags/example_branch_operator.py took 0.085 seconds
[2022-02-18 12:53:14,698] {scheduler_job.py:182} INFO - Started process (PID=629) to work on /app/env/lib/python3.8/site-packages/airflow/example_dags/example_branch_operator.py
[2022-02-18 12:53:14,700] {scheduler_job.py:629} INFO - Processing file /app/env/lib/python3.8/site-packages/airflow/example_dags/example_branch_operator.py for tasks to queue
[2022-02-18 12:53:14,700] {logging_mixin.py:104} INFO - [2022-02-18 12:53:14,700] {dagbag.py:448} INFO - Filling up the DagBag from /app/env/lib/python3.8/site-packages/airflow/example_dags/example_branch_operator.py
[2022-02-18 12:53:14,718] {scheduler_job.py:639} INFO - DAG(s) dict_keys(['example_branch_operator']) retrieved from /app/env/lib/python3.8/site-packages/airflow/example_dags/example_branch_operator.py
[2022-02-18 12:53:14,736] {logging_mixin.py:104} INFO - [2022-02-18 12:53:14,736] {dag.py:1818} INFO - Sync 1 DAGs
[2022-02-18 12:53:14,759] {logging_mixin.py:104} INFO - [2022-02-18 12:53:14,759] {dag.py:2273} INFO - Setting next_dagrun for example_branch_operator to 2022-02-16 00:00:00+00:00
[2022-02-18 12:53:14,771] {scheduler_job.py:190} INFO - Processing /app/env/lib/python3.8/site-packages/airflow/example_dags/example_branch_operator.py took 0.076 seconds
[2022-02-18 12:53:46,154] {scheduler_job.py:182} INFO - Started process (PID=659) to work on /app/env/lib/python3.8/site-packages/airflow/example_dags/example_branch_operator.py
[2022-02-18 12:53:46,156] {scheduler_job.py:629} INFO - Processing file /app/env/lib/python3.8/site-packages/airflow/example_dags/example_branch_operator.py for tasks to queue
[2022-02-18 12:53:46,156] {logging_mixin.py:104} INFO - [2022-02-18 12:53:46,156] {dagbag.py:448} INFO - Filling up the DagBag from /app/env/lib/python3.8/site-packages/airflow/example_dags/example_branch_operator.py
[2022-02-18 12:53:46,177] {scheduler_job.py:639} INFO - DAG(s) dict_keys(['example_branch_operator']) retrieved from /app/env/lib/python3.8/site-packages/airflow/example_dags/example_branch_operator.py
[2022-02-18 12:53:46,199] {logging_mixin.py:104} INFO - [2022-02-18 12:53:46,199] {dag.py:1818} INFO - Sync 1 DAGs
[2022-02-18 12:53:46,236] {logging_mixin.py:104} INFO - [2022-02-18 12:53:46,235] {dag.py:2273} INFO - Setting next_dagrun for example_branch_operator to 2022-02-16 00:00:00+00:00
[2022-02-18 12:53:46,246] {scheduler_job.py:190} INFO - Processing /app/env/lib/python3.8/site-packages/airflow/example_dags/example_branch_operator.py took 0.097 seconds
