[2022-02-18 12:43:39,901] {scheduler_job.py:182} INFO - Started process (PID=30) to work on /app/env/lib/python3.8/site-packages/airflow/example_dags/example_skip_dag.py
[2022-02-18 12:43:39,903] {scheduler_job.py:629} INFO - Processing file /app/env/lib/python3.8/site-packages/airflow/example_dags/example_skip_dag.py for tasks to queue
[2022-02-18 12:43:39,904] {logging_mixin.py:104} INFO - [2022-02-18 12:43:39,904] {dagbag.py:448} INFO - Filling up the DagBag from /app/env/lib/python3.8/site-packages/airflow/example_dags/example_skip_dag.py
[2022-02-18 12:43:39,923] {scheduler_job.py:639} INFO - DAG(s) dict_keys(['example_skip_dag']) retrieved from /app/env/lib/python3.8/site-packages/airflow/example_dags/example_skip_dag.py
[2022-02-18 12:43:39,939] {logging_mixin.py:104} INFO - [2022-02-18 12:43:39,938] {dag.py:1818} INFO - Sync 1 DAGs
[2022-02-18 12:43:39,956] {logging_mixin.py:104} INFO - [2022-02-18 12:43:39,956] {dag.py:2273} INFO - Setting next_dagrun for example_skip_dag to 2022-02-16 00:00:00+00:00
[2022-02-18 12:43:39,966] {scheduler_job.py:190} INFO - Processing /app/env/lib/python3.8/site-packages/airflow/example_dags/example_skip_dag.py took 0.072 seconds
[2022-02-18 12:44:10,555] {scheduler_job.py:182} INFO - Started process (PID=89) to work on /app/env/lib/python3.8/site-packages/airflow/example_dags/example_skip_dag.py
[2022-02-18 12:44:10,557] {scheduler_job.py:629} INFO - Processing file /app/env/lib/python3.8/site-packages/airflow/example_dags/example_skip_dag.py for tasks to queue
[2022-02-18 12:44:10,558] {logging_mixin.py:104} INFO - [2022-02-18 12:44:10,557] {dagbag.py:448} INFO - Filling up the DagBag from /app/env/lib/python3.8/site-packages/airflow/example_dags/example_skip_dag.py
[2022-02-18 12:44:10,570] {scheduler_job.py:639} INFO - DAG(s) dict_keys(['example_skip_dag']) retrieved from /app/env/lib/python3.8/site-packages/airflow/example_dags/example_skip_dag.py
[2022-02-18 12:44:10,590] {logging_mixin.py:104} INFO - [2022-02-18 12:44:10,590] {dag.py:1818} INFO - Sync 1 DAGs
[2022-02-18 12:44:10,604] {logging_mixin.py:104} INFO - [2022-02-18 12:44:10,604] {dag.py:2273} INFO - Setting next_dagrun for example_skip_dag to 2022-02-16 00:00:00+00:00
[2022-02-18 12:44:10,614] {scheduler_job.py:190} INFO - Processing /app/env/lib/python3.8/site-packages/airflow/example_dags/example_skip_dag.py took 0.062 seconds
[2022-02-18 12:44:41,298] {scheduler_job.py:182} INFO - Started process (PID=124) to work on /app/env/lib/python3.8/site-packages/airflow/example_dags/example_skip_dag.py
[2022-02-18 12:44:41,299] {scheduler_job.py:629} INFO - Processing file /app/env/lib/python3.8/site-packages/airflow/example_dags/example_skip_dag.py for tasks to queue
[2022-02-18 12:44:41,300] {logging_mixin.py:104} INFO - [2022-02-18 12:44:41,300] {dagbag.py:448} INFO - Filling up the DagBag from /app/env/lib/python3.8/site-packages/airflow/example_dags/example_skip_dag.py
[2022-02-18 12:44:41,313] {scheduler_job.py:639} INFO - DAG(s) dict_keys(['example_skip_dag']) retrieved from /app/env/lib/python3.8/site-packages/airflow/example_dags/example_skip_dag.py
[2022-02-18 12:44:41,332] {logging_mixin.py:104} INFO - [2022-02-18 12:44:41,332] {dag.py:1818} INFO - Sync 1 DAGs
[2022-02-18 12:44:41,347] {logging_mixin.py:104} INFO - [2022-02-18 12:44:41,347] {dag.py:2273} INFO - Setting next_dagrun for example_skip_dag to 2022-02-16 00:00:00+00:00
[2022-02-18 12:44:41,357] {scheduler_job.py:190} INFO - Processing /app/env/lib/python3.8/site-packages/airflow/example_dags/example_skip_dag.py took 0.063 seconds
[2022-02-18 12:45:12,191] {scheduler_job.py:182} INFO - Started process (PID=154) to work on /app/env/lib/python3.8/site-packages/airflow/example_dags/example_skip_dag.py
[2022-02-18 12:45:12,192] {scheduler_job.py:629} INFO - Processing file /app/env/lib/python3.8/site-packages/airflow/example_dags/example_skip_dag.py for tasks to queue
[2022-02-18 12:45:12,193] {logging_mixin.py:104} INFO - [2022-02-18 12:45:12,193] {dagbag.py:448} INFO - Filling up the DagBag from /app/env/lib/python3.8/site-packages/airflow/example_dags/example_skip_dag.py
[2022-02-18 12:45:12,206] {scheduler_job.py:639} INFO - DAG(s) dict_keys(['example_skip_dag']) retrieved from /app/env/lib/python3.8/site-packages/airflow/example_dags/example_skip_dag.py
[2022-02-18 12:45:12,225] {logging_mixin.py:104} INFO - [2022-02-18 12:45:12,225] {dag.py:1818} INFO - Sync 1 DAGs
[2022-02-18 12:45:12,245] {logging_mixin.py:104} INFO - [2022-02-18 12:45:12,245] {dag.py:2273} INFO - Setting next_dagrun for example_skip_dag to 2022-02-16 00:00:00+00:00
[2022-02-18 12:45:12,259] {scheduler_job.py:190} INFO - Processing /app/env/lib/python3.8/site-packages/airflow/example_dags/example_skip_dag.py took 0.072 seconds
[2022-02-18 12:45:42,947] {scheduler_job.py:182} INFO - Started process (PID=184) to work on /app/env/lib/python3.8/site-packages/airflow/example_dags/example_skip_dag.py
[2022-02-18 12:45:42,949] {scheduler_job.py:629} INFO - Processing file /app/env/lib/python3.8/site-packages/airflow/example_dags/example_skip_dag.py for tasks to queue
[2022-02-18 12:45:42,950] {logging_mixin.py:104} INFO - [2022-02-18 12:45:42,949] {dagbag.py:448} INFO - Filling up the DagBag from /app/env/lib/python3.8/site-packages/airflow/example_dags/example_skip_dag.py
[2022-02-18 12:45:42,963] {scheduler_job.py:639} INFO - DAG(s) dict_keys(['example_skip_dag']) retrieved from /app/env/lib/python3.8/site-packages/airflow/example_dags/example_skip_dag.py
[2022-02-18 12:45:42,983] {logging_mixin.py:104} INFO - [2022-02-18 12:45:42,982] {dag.py:1818} INFO - Sync 1 DAGs
[2022-02-18 12:45:42,997] {logging_mixin.py:104} INFO - [2022-02-18 12:45:42,996] {dag.py:2273} INFO - Setting next_dagrun for example_skip_dag to 2022-02-16 00:00:00+00:00
[2022-02-18 12:45:43,006] {scheduler_job.py:190} INFO - Processing /app/env/lib/python3.8/site-packages/airflow/example_dags/example_skip_dag.py took 0.063 seconds
[2022-02-18 12:46:13,695] {scheduler_job.py:182} INFO - Started process (PID=214) to work on /app/env/lib/python3.8/site-packages/airflow/example_dags/example_skip_dag.py
[2022-02-18 12:46:13,696] {scheduler_job.py:629} INFO - Processing file /app/env/lib/python3.8/site-packages/airflow/example_dags/example_skip_dag.py for tasks to queue
[2022-02-18 12:46:13,696] {logging_mixin.py:104} INFO - [2022-02-18 12:46:13,696] {dagbag.py:448} INFO - Filling up the DagBag from /app/env/lib/python3.8/site-packages/airflow/example_dags/example_skip_dag.py
[2022-02-18 12:46:13,707] {scheduler_job.py:639} INFO - DAG(s) dict_keys(['example_skip_dag']) retrieved from /app/env/lib/python3.8/site-packages/airflow/example_dags/example_skip_dag.py
[2022-02-18 12:46:13,719] {logging_mixin.py:104} INFO - [2022-02-18 12:46:13,719] {dag.py:1818} INFO - Sync 1 DAGs
[2022-02-18 12:46:13,727] {logging_mixin.py:104} INFO - [2022-02-18 12:46:13,727] {dag.py:2273} INFO - Setting next_dagrun for example_skip_dag to 2022-02-16 00:00:00+00:00
[2022-02-18 12:46:13,732] {scheduler_job.py:190} INFO - Processing /app/env/lib/python3.8/site-packages/airflow/example_dags/example_skip_dag.py took 0.042 seconds
[2022-02-18 12:46:44,431] {scheduler_job.py:182} INFO - Started process (PID=244) to work on /app/env/lib/python3.8/site-packages/airflow/example_dags/example_skip_dag.py
[2022-02-18 12:46:44,433] {scheduler_job.py:629} INFO - Processing file /app/env/lib/python3.8/site-packages/airflow/example_dags/example_skip_dag.py for tasks to queue
[2022-02-18 12:46:44,434] {logging_mixin.py:104} INFO - [2022-02-18 12:46:44,434] {dagbag.py:448} INFO - Filling up the DagBag from /app/env/lib/python3.8/site-packages/airflow/example_dags/example_skip_dag.py
[2022-02-18 12:46:44,447] {scheduler_job.py:639} INFO - DAG(s) dict_keys(['example_skip_dag']) retrieved from /app/env/lib/python3.8/site-packages/airflow/example_dags/example_skip_dag.py
[2022-02-18 12:46:44,465] {logging_mixin.py:104} INFO - [2022-02-18 12:46:44,465] {dag.py:1818} INFO - Sync 1 DAGs
[2022-02-18 12:46:44,480] {logging_mixin.py:104} INFO - [2022-02-18 12:46:44,480] {dag.py:2273} INFO - Setting next_dagrun for example_skip_dag to 2022-02-16 00:00:00+00:00
[2022-02-18 12:46:44,490] {scheduler_job.py:190} INFO - Processing /app/env/lib/python3.8/site-packages/airflow/example_dags/example_skip_dag.py took 0.063 seconds
[2022-02-18 12:47:15,182] {scheduler_job.py:182} INFO - Started process (PID=274) to work on /app/env/lib/python3.8/site-packages/airflow/example_dags/example_skip_dag.py
[2022-02-18 12:47:15,183] {scheduler_job.py:629} INFO - Processing file /app/env/lib/python3.8/site-packages/airflow/example_dags/example_skip_dag.py for tasks to queue
[2022-02-18 12:47:15,184] {logging_mixin.py:104} INFO - [2022-02-18 12:47:15,184] {dagbag.py:448} INFO - Filling up the DagBag from /app/env/lib/python3.8/site-packages/airflow/example_dags/example_skip_dag.py
[2022-02-18 12:47:15,197] {scheduler_job.py:639} INFO - DAG(s) dict_keys(['example_skip_dag']) retrieved from /app/env/lib/python3.8/site-packages/airflow/example_dags/example_skip_dag.py
[2022-02-18 12:47:15,216] {logging_mixin.py:104} INFO - [2022-02-18 12:47:15,216] {dag.py:1818} INFO - Sync 1 DAGs
[2022-02-18 12:47:15,230] {logging_mixin.py:104} INFO - [2022-02-18 12:47:15,230] {dag.py:2273} INFO - Setting next_dagrun for example_skip_dag to 2022-02-16 00:00:00+00:00
[2022-02-18 12:47:15,240] {scheduler_job.py:190} INFO - Processing /app/env/lib/python3.8/site-packages/airflow/example_dags/example_skip_dag.py took 0.063 seconds
[2022-02-18 12:47:45,925] {scheduler_job.py:182} INFO - Started process (PID=304) to work on /app/env/lib/python3.8/site-packages/airflow/example_dags/example_skip_dag.py
[2022-02-18 12:47:45,928] {scheduler_job.py:629} INFO - Processing file /app/env/lib/python3.8/site-packages/airflow/example_dags/example_skip_dag.py for tasks to queue
[2022-02-18 12:47:45,929] {logging_mixin.py:104} INFO - [2022-02-18 12:47:45,929] {dagbag.py:448} INFO - Filling up the DagBag from /app/env/lib/python3.8/site-packages/airflow/example_dags/example_skip_dag.py
[2022-02-18 12:47:45,942] {scheduler_job.py:639} INFO - DAG(s) dict_keys(['example_skip_dag']) retrieved from /app/env/lib/python3.8/site-packages/airflow/example_dags/example_skip_dag.py
[2022-02-18 12:47:45,962] {logging_mixin.py:104} INFO - [2022-02-18 12:47:45,962] {dag.py:1818} INFO - Sync 1 DAGs
[2022-02-18 12:47:45,975] {logging_mixin.py:104} INFO - [2022-02-18 12:47:45,975] {dag.py:2273} INFO - Setting next_dagrun for example_skip_dag to 2022-02-16 00:00:00+00:00
[2022-02-18 12:47:45,984] {scheduler_job.py:190} INFO - Processing /app/env/lib/python3.8/site-packages/airflow/example_dags/example_skip_dag.py took 0.063 seconds
[2022-02-18 12:48:16,614] {scheduler_job.py:182} INFO - Started process (PID=334) to work on /app/env/lib/python3.8/site-packages/airflow/example_dags/example_skip_dag.py
[2022-02-18 12:48:16,615] {scheduler_job.py:629} INFO - Processing file /app/env/lib/python3.8/site-packages/airflow/example_dags/example_skip_dag.py for tasks to queue
[2022-02-18 12:48:16,616] {logging_mixin.py:104} INFO - [2022-02-18 12:48:16,616] {dagbag.py:448} INFO - Filling up the DagBag from /app/env/lib/python3.8/site-packages/airflow/example_dags/example_skip_dag.py
[2022-02-18 12:48:16,631] {scheduler_job.py:639} INFO - DAG(s) dict_keys(['example_skip_dag']) retrieved from /app/env/lib/python3.8/site-packages/airflow/example_dags/example_skip_dag.py
[2022-02-18 12:48:16,652] {logging_mixin.py:104} INFO - [2022-02-18 12:48:16,652] {dag.py:1818} INFO - Sync 1 DAGs
[2022-02-18 12:48:16,669] {logging_mixin.py:104} INFO - [2022-02-18 12:48:16,668] {dag.py:2273} INFO - Setting next_dagrun for example_skip_dag to 2022-02-16 00:00:00+00:00
[2022-02-18 12:48:16,680] {scheduler_job.py:190} INFO - Processing /app/env/lib/python3.8/site-packages/airflow/example_dags/example_skip_dag.py took 0.071 seconds
[2022-02-18 12:48:47,250] {scheduler_job.py:182} INFO - Started process (PID=364) to work on /app/env/lib/python3.8/site-packages/airflow/example_dags/example_skip_dag.py
[2022-02-18 12:48:47,251] {scheduler_job.py:629} INFO - Processing file /app/env/lib/python3.8/site-packages/airflow/example_dags/example_skip_dag.py for tasks to queue
[2022-02-18 12:48:47,252] {logging_mixin.py:104} INFO - [2022-02-18 12:48:47,251] {dagbag.py:448} INFO - Filling up the DagBag from /app/env/lib/python3.8/site-packages/airflow/example_dags/example_skip_dag.py
[2022-02-18 12:48:47,265] {scheduler_job.py:639} INFO - DAG(s) dict_keys(['example_skip_dag']) retrieved from /app/env/lib/python3.8/site-packages/airflow/example_dags/example_skip_dag.py
[2022-02-18 12:48:47,285] {logging_mixin.py:104} INFO - [2022-02-18 12:48:47,285] {dag.py:1818} INFO - Sync 1 DAGs
[2022-02-18 12:48:47,300] {logging_mixin.py:104} INFO - [2022-02-18 12:48:47,299] {dag.py:2273} INFO - Setting next_dagrun for example_skip_dag to 2022-02-16 00:00:00+00:00
[2022-02-18 12:48:47,309] {scheduler_job.py:190} INFO - Processing /app/env/lib/python3.8/site-packages/airflow/example_dags/example_skip_dag.py took 0.064 seconds
[2022-02-18 12:49:18,004] {scheduler_job.py:182} INFO - Started process (PID=394) to work on /app/env/lib/python3.8/site-packages/airflow/example_dags/example_skip_dag.py
[2022-02-18 12:49:18,005] {scheduler_job.py:629} INFO - Processing file /app/env/lib/python3.8/site-packages/airflow/example_dags/example_skip_dag.py for tasks to queue
[2022-02-18 12:49:18,006] {logging_mixin.py:104} INFO - [2022-02-18 12:49:18,006] {dagbag.py:448} INFO - Filling up the DagBag from /app/env/lib/python3.8/site-packages/airflow/example_dags/example_skip_dag.py
[2022-02-18 12:49:18,019] {scheduler_job.py:639} INFO - DAG(s) dict_keys(['example_skip_dag']) retrieved from /app/env/lib/python3.8/site-packages/airflow/example_dags/example_skip_dag.py
[2022-02-18 12:49:18,039] {logging_mixin.py:104} INFO - [2022-02-18 12:49:18,039] {dag.py:1818} INFO - Sync 1 DAGs
[2022-02-18 12:49:18,053] {logging_mixin.py:104} INFO - [2022-02-18 12:49:18,053] {dag.py:2273} INFO - Setting next_dagrun for example_skip_dag to 2022-02-16 00:00:00+00:00
[2022-02-18 12:49:18,063] {scheduler_job.py:190} INFO - Processing /app/env/lib/python3.8/site-packages/airflow/example_dags/example_skip_dag.py took 0.062 seconds
[2022-02-18 12:49:48,671] {scheduler_job.py:182} INFO - Started process (PID=424) to work on /app/env/lib/python3.8/site-packages/airflow/example_dags/example_skip_dag.py
[2022-02-18 12:49:48,673] {scheduler_job.py:629} INFO - Processing file /app/env/lib/python3.8/site-packages/airflow/example_dags/example_skip_dag.py for tasks to queue
[2022-02-18 12:49:48,673] {logging_mixin.py:104} INFO - [2022-02-18 12:49:48,673] {dagbag.py:448} INFO - Filling up the DagBag from /app/env/lib/python3.8/site-packages/airflow/example_dags/example_skip_dag.py
[2022-02-18 12:49:48,686] {scheduler_job.py:639} INFO - DAG(s) dict_keys(['example_skip_dag']) retrieved from /app/env/lib/python3.8/site-packages/airflow/example_dags/example_skip_dag.py
[2022-02-18 12:49:48,704] {logging_mixin.py:104} INFO - [2022-02-18 12:49:48,704] {dag.py:1818} INFO - Sync 1 DAGs
[2022-02-18 12:49:48,718] {logging_mixin.py:104} INFO - [2022-02-18 12:49:48,717] {dag.py:2273} INFO - Setting next_dagrun for example_skip_dag to 2022-02-16 00:00:00+00:00
[2022-02-18 12:49:48,727] {scheduler_job.py:190} INFO - Processing /app/env/lib/python3.8/site-packages/airflow/example_dags/example_skip_dag.py took 0.060 seconds
[2022-02-18 12:50:19,204] {scheduler_job.py:182} INFO - Started process (PID=454) to work on /app/env/lib/python3.8/site-packages/airflow/example_dags/example_skip_dag.py
[2022-02-18 12:50:19,206] {scheduler_job.py:629} INFO - Processing file /app/env/lib/python3.8/site-packages/airflow/example_dags/example_skip_dag.py for tasks to queue
[2022-02-18 12:50:19,207] {logging_mixin.py:104} INFO - [2022-02-18 12:50:19,207] {dagbag.py:448} INFO - Filling up the DagBag from /app/env/lib/python3.8/site-packages/airflow/example_dags/example_skip_dag.py
[2022-02-18 12:50:19,227] {scheduler_job.py:639} INFO - DAG(s) dict_keys(['example_skip_dag']) retrieved from /app/env/lib/python3.8/site-packages/airflow/example_dags/example_skip_dag.py
[2022-02-18 12:50:19,251] {logging_mixin.py:104} INFO - [2022-02-18 12:50:19,250] {dag.py:1818} INFO - Sync 1 DAGs
[2022-02-18 12:50:19,266] {logging_mixin.py:104} INFO - [2022-02-18 12:50:19,266] {dag.py:2273} INFO - Setting next_dagrun for example_skip_dag to 2022-02-16 00:00:00+00:00
[2022-02-18 12:50:19,276] {scheduler_job.py:190} INFO - Processing /app/env/lib/python3.8/site-packages/airflow/example_dags/example_skip_dag.py took 0.078 seconds
[2022-02-18 12:50:49,884] {scheduler_job.py:182} INFO - Started process (PID=484) to work on /app/env/lib/python3.8/site-packages/airflow/example_dags/example_skip_dag.py
[2022-02-18 12:50:49,885] {scheduler_job.py:629} INFO - Processing file /app/env/lib/python3.8/site-packages/airflow/example_dags/example_skip_dag.py for tasks to queue
[2022-02-18 12:50:49,886] {logging_mixin.py:104} INFO - [2022-02-18 12:50:49,886] {dagbag.py:448} INFO - Filling up the DagBag from /app/env/lib/python3.8/site-packages/airflow/example_dags/example_skip_dag.py
[2022-02-18 12:50:49,900] {scheduler_job.py:639} INFO - DAG(s) dict_keys(['example_skip_dag']) retrieved from /app/env/lib/python3.8/site-packages/airflow/example_dags/example_skip_dag.py
[2022-02-18 12:50:49,922] {logging_mixin.py:104} INFO - [2022-02-18 12:50:49,922] {dag.py:1818} INFO - Sync 1 DAGs
[2022-02-18 12:50:49,937] {logging_mixin.py:104} INFO - [2022-02-18 12:50:49,937] {dag.py:2273} INFO - Setting next_dagrun for example_skip_dag to 2022-02-16 00:00:00+00:00
[2022-02-18 12:50:49,947] {scheduler_job.py:190} INFO - Processing /app/env/lib/python3.8/site-packages/airflow/example_dags/example_skip_dag.py took 0.068 seconds
[2022-02-18 12:51:20,663] {scheduler_job.py:182} INFO - Started process (PID=514) to work on /app/env/lib/python3.8/site-packages/airflow/example_dags/example_skip_dag.py
[2022-02-18 12:51:20,664] {scheduler_job.py:629} INFO - Processing file /app/env/lib/python3.8/site-packages/airflow/example_dags/example_skip_dag.py for tasks to queue
[2022-02-18 12:51:20,665] {logging_mixin.py:104} INFO - [2022-02-18 12:51:20,665] {dagbag.py:448} INFO - Filling up the DagBag from /app/env/lib/python3.8/site-packages/airflow/example_dags/example_skip_dag.py
[2022-02-18 12:51:20,678] {scheduler_job.py:639} INFO - DAG(s) dict_keys(['example_skip_dag']) retrieved from /app/env/lib/python3.8/site-packages/airflow/example_dags/example_skip_dag.py
[2022-02-18 12:51:20,697] {logging_mixin.py:104} INFO - [2022-02-18 12:51:20,697] {dag.py:1818} INFO - Sync 1 DAGs
[2022-02-18 12:51:20,710] {logging_mixin.py:104} INFO - [2022-02-18 12:51:20,710] {dag.py:2273} INFO - Setting next_dagrun for example_skip_dag to 2022-02-16 00:00:00+00:00
[2022-02-18 12:51:20,720] {scheduler_job.py:190} INFO - Processing /app/env/lib/python3.8/site-packages/airflow/example_dags/example_skip_dag.py took 0.061 seconds
[2022-02-18 12:51:51,342] {scheduler_job.py:182} INFO - Started process (PID=544) to work on /app/env/lib/python3.8/site-packages/airflow/example_dags/example_skip_dag.py
[2022-02-18 12:51:51,344] {scheduler_job.py:629} INFO - Processing file /app/env/lib/python3.8/site-packages/airflow/example_dags/example_skip_dag.py for tasks to queue
[2022-02-18 12:51:51,345] {logging_mixin.py:104} INFO - [2022-02-18 12:51:51,344] {dagbag.py:448} INFO - Filling up the DagBag from /app/env/lib/python3.8/site-packages/airflow/example_dags/example_skip_dag.py
[2022-02-18 12:51:51,364] {scheduler_job.py:639} INFO - DAG(s) dict_keys(['example_skip_dag']) retrieved from /app/env/lib/python3.8/site-packages/airflow/example_dags/example_skip_dag.py
[2022-02-18 12:51:51,389] {logging_mixin.py:104} INFO - [2022-02-18 12:51:51,389] {dag.py:1818} INFO - Sync 1 DAGs
[2022-02-18 12:51:51,403] {logging_mixin.py:104} INFO - [2022-02-18 12:51:51,403] {dag.py:2273} INFO - Setting next_dagrun for example_skip_dag to 2022-02-16 00:00:00+00:00
[2022-02-18 12:51:51,412] {scheduler_job.py:190} INFO - Processing /app/env/lib/python3.8/site-packages/airflow/example_dags/example_skip_dag.py took 0.076 seconds
[2022-02-18 12:52:22,025] {scheduler_job.py:182} INFO - Started process (PID=574) to work on /app/env/lib/python3.8/site-packages/airflow/example_dags/example_skip_dag.py
[2022-02-18 12:52:22,026] {scheduler_job.py:629} INFO - Processing file /app/env/lib/python3.8/site-packages/airflow/example_dags/example_skip_dag.py for tasks to queue
[2022-02-18 12:52:22,027] {logging_mixin.py:104} INFO - [2022-02-18 12:52:22,027] {dagbag.py:448} INFO - Filling up the DagBag from /app/env/lib/python3.8/site-packages/airflow/example_dags/example_skip_dag.py
[2022-02-18 12:52:22,041] {scheduler_job.py:639} INFO - DAG(s) dict_keys(['example_skip_dag']) retrieved from /app/env/lib/python3.8/site-packages/airflow/example_dags/example_skip_dag.py
[2022-02-18 12:52:22,063] {logging_mixin.py:104} INFO - [2022-02-18 12:52:22,063] {dag.py:1818} INFO - Sync 1 DAGs
[2022-02-18 12:52:22,081] {logging_mixin.py:104} INFO - [2022-02-18 12:52:22,081] {dag.py:2273} INFO - Setting next_dagrun for example_skip_dag to 2022-02-16 00:00:00+00:00
[2022-02-18 12:52:22,092] {scheduler_job.py:190} INFO - Processing /app/env/lib/python3.8/site-packages/airflow/example_dags/example_skip_dag.py took 0.072 seconds
[2022-02-18 12:52:52,794] {scheduler_job.py:182} INFO - Started process (PID=604) to work on /app/env/lib/python3.8/site-packages/airflow/example_dags/example_skip_dag.py
[2022-02-18 12:52:52,796] {scheduler_job.py:629} INFO - Processing file /app/env/lib/python3.8/site-packages/airflow/example_dags/example_skip_dag.py for tasks to queue
[2022-02-18 12:52:52,797] {logging_mixin.py:104} INFO - [2022-02-18 12:52:52,797] {dagbag.py:448} INFO - Filling up the DagBag from /app/env/lib/python3.8/site-packages/airflow/example_dags/example_skip_dag.py
[2022-02-18 12:52:52,810] {scheduler_job.py:639} INFO - DAG(s) dict_keys(['example_skip_dag']) retrieved from /app/env/lib/python3.8/site-packages/airflow/example_dags/example_skip_dag.py
[2022-02-18 12:52:52,829] {logging_mixin.py:104} INFO - [2022-02-18 12:52:52,829] {dag.py:1818} INFO - Sync 1 DAGs
[2022-02-18 12:52:52,842] {logging_mixin.py:104} INFO - [2022-02-18 12:52:52,842] {dag.py:2273} INFO - Setting next_dagrun for example_skip_dag to 2022-02-16 00:00:00+00:00
[2022-02-18 12:52:52,851] {scheduler_job.py:190} INFO - Processing /app/env/lib/python3.8/site-packages/airflow/example_dags/example_skip_dag.py took 0.060 seconds
[2022-02-18 12:53:23,456] {scheduler_job.py:182} INFO - Started process (PID=634) to work on /app/env/lib/python3.8/site-packages/airflow/example_dags/example_skip_dag.py
[2022-02-18 12:53:23,458] {scheduler_job.py:629} INFO - Processing file /app/env/lib/python3.8/site-packages/airflow/example_dags/example_skip_dag.py for tasks to queue
[2022-02-18 12:53:23,459] {logging_mixin.py:104} INFO - [2022-02-18 12:53:23,458] {dagbag.py:448} INFO - Filling up the DagBag from /app/env/lib/python3.8/site-packages/airflow/example_dags/example_skip_dag.py
[2022-02-18 12:53:23,473] {scheduler_job.py:639} INFO - DAG(s) dict_keys(['example_skip_dag']) retrieved from /app/env/lib/python3.8/site-packages/airflow/example_dags/example_skip_dag.py
[2022-02-18 12:53:23,493] {logging_mixin.py:104} INFO - [2022-02-18 12:53:23,493] {dag.py:1818} INFO - Sync 1 DAGs
[2022-02-18 12:53:23,507] {logging_mixin.py:104} INFO - [2022-02-18 12:53:23,507] {dag.py:2273} INFO - Setting next_dagrun for example_skip_dag to 2022-02-16 00:00:00+00:00
[2022-02-18 12:53:23,517] {scheduler_job.py:190} INFO - Processing /app/env/lib/python3.8/site-packages/airflow/example_dags/example_skip_dag.py took 0.066 seconds
