[2022-02-18 12:43:47,152] {scheduler_job.py:182} INFO - Started process (PID=54) to work on /app/env/lib/python3.8/site-packages/airflow/example_dags/example_branch_python_dop_operator_3.py
[2022-02-18 12:43:47,153] {scheduler_job.py:629} INFO - Processing file /app/env/lib/python3.8/site-packages/airflow/example_dags/example_branch_python_dop_operator_3.py for tasks to queue
[2022-02-18 12:43:47,153] {logging_mixin.py:104} INFO - [2022-02-18 12:43:47,153] {dagbag.py:448} INFO - Filling up the DagBag from /app/env/lib/python3.8/site-packages/airflow/example_dags/example_branch_python_dop_operator_3.py
[2022-02-18 12:43:47,180] {scheduler_job.py:639} INFO - DAG(s) dict_keys(['example_branch_dop_operator_v3']) retrieved from /app/env/lib/python3.8/site-packages/airflow/example_dags/example_branch_python_dop_operator_3.py
[2022-02-18 12:43:47,201] {logging_mixin.py:104} INFO - [2022-02-18 12:43:47,201] {dag.py:1818} INFO - Sync 1 DAGs
[2022-02-18 12:43:47,256] {logging_mixin.py:104} INFO - [2022-02-18 12:43:47,256] {dag.py:2273} INFO - Setting next_dagrun for example_branch_dop_operator_v3 to 2022-02-16 00:00:00+00:00
[2022-02-18 12:43:47,276] {scheduler_job.py:190} INFO - Processing /app/env/lib/python3.8/site-packages/airflow/example_dags/example_branch_python_dop_operator_3.py took 0.127 seconds
[2022-02-18 12:44:17,893] {scheduler_job.py:182} INFO - Started process (PID=103) to work on /app/env/lib/python3.8/site-packages/airflow/example_dags/example_branch_python_dop_operator_3.py
[2022-02-18 12:44:17,894] {scheduler_job.py:629} INFO - Processing file /app/env/lib/python3.8/site-packages/airflow/example_dags/example_branch_python_dop_operator_3.py for tasks to queue
[2022-02-18 12:44:17,895] {logging_mixin.py:104} INFO - [2022-02-18 12:44:17,895] {dagbag.py:448} INFO - Filling up the DagBag from /app/env/lib/python3.8/site-packages/airflow/example_dags/example_branch_python_dop_operator_3.py
[2022-02-18 12:44:17,915] {scheduler_job.py:639} INFO - DAG(s) dict_keys(['example_branch_dop_operator_v3']) retrieved from /app/env/lib/python3.8/site-packages/airflow/example_dags/example_branch_python_dop_operator_3.py
[2022-02-18 12:44:17,937] {logging_mixin.py:104} INFO - [2022-02-18 12:44:17,936] {dag.py:1818} INFO - Sync 1 DAGs
[2022-02-18 12:44:17,981] {logging_mixin.py:104} INFO - [2022-02-18 12:44:17,981] {dag.py:2273} INFO - Setting next_dagrun for example_branch_dop_operator_v3 to 2022-02-16 00:00:00+00:00
[2022-02-18 12:44:18,000] {scheduler_job.py:190} INFO - Processing /app/env/lib/python3.8/site-packages/airflow/example_dags/example_branch_python_dop_operator_3.py took 0.111 seconds
[2022-02-18 12:44:48,658] {scheduler_job.py:182} INFO - Started process (PID=134) to work on /app/env/lib/python3.8/site-packages/airflow/example_dags/example_branch_python_dop_operator_3.py
[2022-02-18 12:44:48,660] {scheduler_job.py:629} INFO - Processing file /app/env/lib/python3.8/site-packages/airflow/example_dags/example_branch_python_dop_operator_3.py for tasks to queue
[2022-02-18 12:44:48,660] {logging_mixin.py:104} INFO - [2022-02-18 12:44:48,660] {dagbag.py:448} INFO - Filling up the DagBag from /app/env/lib/python3.8/site-packages/airflow/example_dags/example_branch_python_dop_operator_3.py
[2022-02-18 12:44:48,679] {scheduler_job.py:639} INFO - DAG(s) dict_keys(['example_branch_dop_operator_v3']) retrieved from /app/env/lib/python3.8/site-packages/airflow/example_dags/example_branch_python_dop_operator_3.py
[2022-02-18 12:44:48,698] {logging_mixin.py:104} INFO - [2022-02-18 12:44:48,698] {dag.py:1818} INFO - Sync 1 DAGs
[2022-02-18 12:44:48,747] {logging_mixin.py:104} INFO - [2022-02-18 12:44:48,746] {dag.py:2273} INFO - Setting next_dagrun for example_branch_dop_operator_v3 to 2022-02-16 00:00:00+00:00
[2022-02-18 12:44:48,757] {scheduler_job.py:190} INFO - Processing /app/env/lib/python3.8/site-packages/airflow/example_dags/example_branch_python_dop_operator_3.py took 0.103 seconds
[2022-02-18 12:45:19,513] {scheduler_job.py:182} INFO - Started process (PID=164) to work on /app/env/lib/python3.8/site-packages/airflow/example_dags/example_branch_python_dop_operator_3.py
[2022-02-18 12:45:19,514] {scheduler_job.py:629} INFO - Processing file /app/env/lib/python3.8/site-packages/airflow/example_dags/example_branch_python_dop_operator_3.py for tasks to queue
[2022-02-18 12:45:19,515] {logging_mixin.py:104} INFO - [2022-02-18 12:45:19,514] {dagbag.py:448} INFO - Filling up the DagBag from /app/env/lib/python3.8/site-packages/airflow/example_dags/example_branch_python_dop_operator_3.py
[2022-02-18 12:45:19,533] {scheduler_job.py:639} INFO - DAG(s) dict_keys(['example_branch_dop_operator_v3']) retrieved from /app/env/lib/python3.8/site-packages/airflow/example_dags/example_branch_python_dop_operator_3.py
[2022-02-18 12:45:19,553] {logging_mixin.py:104} INFO - [2022-02-18 12:45:19,553] {dag.py:1818} INFO - Sync 1 DAGs
[2022-02-18 12:45:19,590] {logging_mixin.py:104} INFO - [2022-02-18 12:45:19,590] {dag.py:2273} INFO - Setting next_dagrun for example_branch_dop_operator_v3 to 2022-02-16 00:00:00+00:00
[2022-02-18 12:45:19,600] {scheduler_job.py:190} INFO - Processing /app/env/lib/python3.8/site-packages/airflow/example_dags/example_branch_python_dop_operator_3.py took 0.091 seconds
[2022-02-18 12:45:50,291] {scheduler_job.py:182} INFO - Started process (PID=194) to work on /app/env/lib/python3.8/site-packages/airflow/example_dags/example_branch_python_dop_operator_3.py
[2022-02-18 12:45:50,292] {scheduler_job.py:629} INFO - Processing file /app/env/lib/python3.8/site-packages/airflow/example_dags/example_branch_python_dop_operator_3.py for tasks to queue
[2022-02-18 12:45:50,293] {logging_mixin.py:104} INFO - [2022-02-18 12:45:50,293] {dagbag.py:448} INFO - Filling up the DagBag from /app/env/lib/python3.8/site-packages/airflow/example_dags/example_branch_python_dop_operator_3.py
[2022-02-18 12:45:50,315] {scheduler_job.py:639} INFO - DAG(s) dict_keys(['example_branch_dop_operator_v3']) retrieved from /app/env/lib/python3.8/site-packages/airflow/example_dags/example_branch_python_dop_operator_3.py
[2022-02-18 12:45:50,337] {logging_mixin.py:104} INFO - [2022-02-18 12:45:50,337] {dag.py:1818} INFO - Sync 1 DAGs
[2022-02-18 12:45:50,375] {logging_mixin.py:104} INFO - [2022-02-18 12:45:50,375] {dag.py:2273} INFO - Setting next_dagrun for example_branch_dop_operator_v3 to 2022-02-16 00:00:00+00:00
[2022-02-18 12:45:50,387] {scheduler_job.py:190} INFO - Processing /app/env/lib/python3.8/site-packages/airflow/example_dags/example_branch_python_dop_operator_3.py took 0.101 seconds
[2022-02-18 12:46:21,024] {scheduler_job.py:182} INFO - Started process (PID=224) to work on /app/env/lib/python3.8/site-packages/airflow/example_dags/example_branch_python_dop_operator_3.py
[2022-02-18 12:46:21,025] {scheduler_job.py:629} INFO - Processing file /app/env/lib/python3.8/site-packages/airflow/example_dags/example_branch_python_dop_operator_3.py for tasks to queue
[2022-02-18 12:46:21,026] {logging_mixin.py:104} INFO - [2022-02-18 12:46:21,026] {dagbag.py:448} INFO - Filling up the DagBag from /app/env/lib/python3.8/site-packages/airflow/example_dags/example_branch_python_dop_operator_3.py
[2022-02-18 12:46:21,046] {scheduler_job.py:639} INFO - DAG(s) dict_keys(['example_branch_dop_operator_v3']) retrieved from /app/env/lib/python3.8/site-packages/airflow/example_dags/example_branch_python_dop_operator_3.py
[2022-02-18 12:46:21,065] {logging_mixin.py:104} INFO - [2022-02-18 12:46:21,064] {dag.py:1818} INFO - Sync 1 DAGs
[2022-02-18 12:46:21,102] {logging_mixin.py:104} INFO - [2022-02-18 12:46:21,102] {dag.py:2273} INFO - Setting next_dagrun for example_branch_dop_operator_v3 to 2022-02-16 00:00:00+00:00
[2022-02-18 12:46:21,112] {scheduler_job.py:190} INFO - Processing /app/env/lib/python3.8/site-packages/airflow/example_dags/example_branch_python_dop_operator_3.py took 0.092 seconds
[2022-02-18 12:46:51,780] {scheduler_job.py:182} INFO - Started process (PID=254) to work on /app/env/lib/python3.8/site-packages/airflow/example_dags/example_branch_python_dop_operator_3.py
[2022-02-18 12:46:51,781] {scheduler_job.py:629} INFO - Processing file /app/env/lib/python3.8/site-packages/airflow/example_dags/example_branch_python_dop_operator_3.py for tasks to queue
[2022-02-18 12:46:51,782] {logging_mixin.py:104} INFO - [2022-02-18 12:46:51,782] {dagbag.py:448} INFO - Filling up the DagBag from /app/env/lib/python3.8/site-packages/airflow/example_dags/example_branch_python_dop_operator_3.py
[2022-02-18 12:46:51,804] {scheduler_job.py:639} INFO - DAG(s) dict_keys(['example_branch_dop_operator_v3']) retrieved from /app/env/lib/python3.8/site-packages/airflow/example_dags/example_branch_python_dop_operator_3.py
[2022-02-18 12:46:51,822] {logging_mixin.py:104} INFO - [2022-02-18 12:46:51,822] {dag.py:1818} INFO - Sync 1 DAGs
[2022-02-18 12:46:51,860] {logging_mixin.py:104} INFO - [2022-02-18 12:46:51,860] {dag.py:2273} INFO - Setting next_dagrun for example_branch_dop_operator_v3 to 2022-02-16 00:00:00+00:00
[2022-02-18 12:46:51,870] {scheduler_job.py:190} INFO - Processing /app/env/lib/python3.8/site-packages/airflow/example_dags/example_branch_python_dop_operator_3.py took 0.094 seconds
[2022-02-18 12:47:22,513] {scheduler_job.py:182} INFO - Started process (PID=284) to work on /app/env/lib/python3.8/site-packages/airflow/example_dags/example_branch_python_dop_operator_3.py
[2022-02-18 12:47:22,514] {scheduler_job.py:629} INFO - Processing file /app/env/lib/python3.8/site-packages/airflow/example_dags/example_branch_python_dop_operator_3.py for tasks to queue
[2022-02-18 12:47:22,515] {logging_mixin.py:104} INFO - [2022-02-18 12:47:22,514] {dagbag.py:448} INFO - Filling up the DagBag from /app/env/lib/python3.8/site-packages/airflow/example_dags/example_branch_python_dop_operator_3.py
[2022-02-18 12:47:22,535] {scheduler_job.py:639} INFO - DAG(s) dict_keys(['example_branch_dop_operator_v3']) retrieved from /app/env/lib/python3.8/site-packages/airflow/example_dags/example_branch_python_dop_operator_3.py
[2022-02-18 12:47:22,555] {logging_mixin.py:104} INFO - [2022-02-18 12:47:22,555] {dag.py:1818} INFO - Sync 1 DAGs
[2022-02-18 12:47:22,595] {logging_mixin.py:104} INFO - [2022-02-18 12:47:22,594] {dag.py:2273} INFO - Setting next_dagrun for example_branch_dop_operator_v3 to 2022-02-16 00:00:00+00:00
[2022-02-18 12:47:22,604] {scheduler_job.py:190} INFO - Processing /app/env/lib/python3.8/site-packages/airflow/example_dags/example_branch_python_dop_operator_3.py took 0.096 seconds
[2022-02-18 12:47:53,272] {scheduler_job.py:182} INFO - Started process (PID=314) to work on /app/env/lib/python3.8/site-packages/airflow/example_dags/example_branch_python_dop_operator_3.py
[2022-02-18 12:47:53,274] {scheduler_job.py:629} INFO - Processing file /app/env/lib/python3.8/site-packages/airflow/example_dags/example_branch_python_dop_operator_3.py for tasks to queue
[2022-02-18 12:47:53,274] {logging_mixin.py:104} INFO - [2022-02-18 12:47:53,274] {dagbag.py:448} INFO - Filling up the DagBag from /app/env/lib/python3.8/site-packages/airflow/example_dags/example_branch_python_dop_operator_3.py
[2022-02-18 12:47:53,296] {scheduler_job.py:639} INFO - DAG(s) dict_keys(['example_branch_dop_operator_v3']) retrieved from /app/env/lib/python3.8/site-packages/airflow/example_dags/example_branch_python_dop_operator_3.py
[2022-02-18 12:47:53,316] {logging_mixin.py:104} INFO - [2022-02-18 12:47:53,316] {dag.py:1818} INFO - Sync 1 DAGs
[2022-02-18 12:47:53,364] {logging_mixin.py:104} INFO - [2022-02-18 12:47:53,364] {dag.py:2273} INFO - Setting next_dagrun for example_branch_dop_operator_v3 to 2022-02-16 00:00:00+00:00
[2022-02-18 12:47:53,376] {scheduler_job.py:190} INFO - Processing /app/env/lib/python3.8/site-packages/airflow/example_dags/example_branch_python_dop_operator_3.py took 0.108 seconds
[2022-02-18 12:48:24,058] {scheduler_job.py:182} INFO - Started process (PID=344) to work on /app/env/lib/python3.8/site-packages/airflow/example_dags/example_branch_python_dop_operator_3.py
[2022-02-18 12:48:24,060] {scheduler_job.py:629} INFO - Processing file /app/env/lib/python3.8/site-packages/airflow/example_dags/example_branch_python_dop_operator_3.py for tasks to queue
[2022-02-18 12:48:24,060] {logging_mixin.py:104} INFO - [2022-02-18 12:48:24,060] {dagbag.py:448} INFO - Filling up the DagBag from /app/env/lib/python3.8/site-packages/airflow/example_dags/example_branch_python_dop_operator_3.py
[2022-02-18 12:48:24,077] {scheduler_job.py:639} INFO - DAG(s) dict_keys(['example_branch_dop_operator_v3']) retrieved from /app/env/lib/python3.8/site-packages/airflow/example_dags/example_branch_python_dop_operator_3.py
[2022-02-18 12:48:24,093] {logging_mixin.py:104} INFO - [2022-02-18 12:48:24,093] {dag.py:1818} INFO - Sync 1 DAGs
[2022-02-18 12:48:24,130] {logging_mixin.py:104} INFO - [2022-02-18 12:48:24,130] {dag.py:2273} INFO - Setting next_dagrun for example_branch_dop_operator_v3 to 2022-02-16 00:00:00+00:00
[2022-02-18 12:48:24,139] {scheduler_job.py:190} INFO - Processing /app/env/lib/python3.8/site-packages/airflow/example_dags/example_branch_python_dop_operator_3.py took 0.085 seconds
[2022-02-18 12:48:54,582] {scheduler_job.py:182} INFO - Started process (PID=374) to work on /app/env/lib/python3.8/site-packages/airflow/example_dags/example_branch_python_dop_operator_3.py
[2022-02-18 12:48:54,583] {scheduler_job.py:629} INFO - Processing file /app/env/lib/python3.8/site-packages/airflow/example_dags/example_branch_python_dop_operator_3.py for tasks to queue
[2022-02-18 12:48:54,584] {logging_mixin.py:104} INFO - [2022-02-18 12:48:54,584] {dagbag.py:448} INFO - Filling up the DagBag from /app/env/lib/python3.8/site-packages/airflow/example_dags/example_branch_python_dop_operator_3.py
[2022-02-18 12:48:54,603] {scheduler_job.py:639} INFO - DAG(s) dict_keys(['example_branch_dop_operator_v3']) retrieved from /app/env/lib/python3.8/site-packages/airflow/example_dags/example_branch_python_dop_operator_3.py
[2022-02-18 12:48:54,621] {logging_mixin.py:104} INFO - [2022-02-18 12:48:54,621] {dag.py:1818} INFO - Sync 1 DAGs
[2022-02-18 12:48:54,664] {logging_mixin.py:104} INFO - [2022-02-18 12:48:54,664] {dag.py:2273} INFO - Setting next_dagrun for example_branch_dop_operator_v3 to 2022-02-16 00:00:00+00:00
[2022-02-18 12:48:54,674] {scheduler_job.py:190} INFO - Processing /app/env/lib/python3.8/site-packages/airflow/example_dags/example_branch_python_dop_operator_3.py took 0.096 seconds
[2022-02-18 12:49:25,390] {scheduler_job.py:182} INFO - Started process (PID=404) to work on /app/env/lib/python3.8/site-packages/airflow/example_dags/example_branch_python_dop_operator_3.py
[2022-02-18 12:49:25,392] {scheduler_job.py:629} INFO - Processing file /app/env/lib/python3.8/site-packages/airflow/example_dags/example_branch_python_dop_operator_3.py for tasks to queue
[2022-02-18 12:49:25,392] {logging_mixin.py:104} INFO - [2022-02-18 12:49:25,392] {dagbag.py:448} INFO - Filling up the DagBag from /app/env/lib/python3.8/site-packages/airflow/example_dags/example_branch_python_dop_operator_3.py
[2022-02-18 12:49:25,411] {scheduler_job.py:639} INFO - DAG(s) dict_keys(['example_branch_dop_operator_v3']) retrieved from /app/env/lib/python3.8/site-packages/airflow/example_dags/example_branch_python_dop_operator_3.py
[2022-02-18 12:49:25,431] {logging_mixin.py:104} INFO - [2022-02-18 12:49:25,431] {dag.py:1818} INFO - Sync 1 DAGs
[2022-02-18 12:49:25,469] {logging_mixin.py:104} INFO - [2022-02-18 12:49:25,469] {dag.py:2273} INFO - Setting next_dagrun for example_branch_dop_operator_v3 to 2022-02-16 00:00:00+00:00
[2022-02-18 12:49:25,485] {scheduler_job.py:190} INFO - Processing /app/env/lib/python3.8/site-packages/airflow/example_dags/example_branch_python_dop_operator_3.py took 0.099 seconds
[2022-02-18 12:49:56,021] {scheduler_job.py:182} INFO - Started process (PID=434) to work on /app/env/lib/python3.8/site-packages/airflow/example_dags/example_branch_python_dop_operator_3.py
[2022-02-18 12:49:56,022] {scheduler_job.py:629} INFO - Processing file /app/env/lib/python3.8/site-packages/airflow/example_dags/example_branch_python_dop_operator_3.py for tasks to queue
[2022-02-18 12:49:56,023] {logging_mixin.py:104} INFO - [2022-02-18 12:49:56,023] {dagbag.py:448} INFO - Filling up the DagBag from /app/env/lib/python3.8/site-packages/airflow/example_dags/example_branch_python_dop_operator_3.py
[2022-02-18 12:49:56,041] {scheduler_job.py:639} INFO - DAG(s) dict_keys(['example_branch_dop_operator_v3']) retrieved from /app/env/lib/python3.8/site-packages/airflow/example_dags/example_branch_python_dop_operator_3.py
[2022-02-18 12:49:56,058] {logging_mixin.py:104} INFO - [2022-02-18 12:49:56,058] {dag.py:1818} INFO - Sync 1 DAGs
[2022-02-18 12:49:56,095] {logging_mixin.py:104} INFO - [2022-02-18 12:49:56,094] {dag.py:2273} INFO - Setting next_dagrun for example_branch_dop_operator_v3 to 2022-02-16 00:00:00+00:00
[2022-02-18 12:49:56,104] {scheduler_job.py:190} INFO - Processing /app/env/lib/python3.8/site-packages/airflow/example_dags/example_branch_python_dop_operator_3.py took 0.088 seconds
[2022-02-18 12:50:26,550] {scheduler_job.py:182} INFO - Started process (PID=464) to work on /app/env/lib/python3.8/site-packages/airflow/example_dags/example_branch_python_dop_operator_3.py
[2022-02-18 12:50:26,551] {scheduler_job.py:629} INFO - Processing file /app/env/lib/python3.8/site-packages/airflow/example_dags/example_branch_python_dop_operator_3.py for tasks to queue
[2022-02-18 12:50:26,552] {logging_mixin.py:104} INFO - [2022-02-18 12:50:26,552] {dagbag.py:448} INFO - Filling up the DagBag from /app/env/lib/python3.8/site-packages/airflow/example_dags/example_branch_python_dop_operator_3.py
[2022-02-18 12:50:26,570] {scheduler_job.py:639} INFO - DAG(s) dict_keys(['example_branch_dop_operator_v3']) retrieved from /app/env/lib/python3.8/site-packages/airflow/example_dags/example_branch_python_dop_operator_3.py
[2022-02-18 12:50:26,587] {logging_mixin.py:104} INFO - [2022-02-18 12:50:26,587] {dag.py:1818} INFO - Sync 1 DAGs
[2022-02-18 12:50:26,622] {logging_mixin.py:104} INFO - [2022-02-18 12:50:26,622] {dag.py:2273} INFO - Setting next_dagrun for example_branch_dop_operator_v3 to 2022-02-16 00:00:00+00:00
[2022-02-18 12:50:26,632] {scheduler_job.py:190} INFO - Processing /app/env/lib/python3.8/site-packages/airflow/example_dags/example_branch_python_dop_operator_3.py took 0.085 seconds
[2022-02-18 12:50:57,056] {scheduler_job.py:182} INFO - Started process (PID=494) to work on /app/env/lib/python3.8/site-packages/airflow/example_dags/example_branch_python_dop_operator_3.py
[2022-02-18 12:50:57,058] {scheduler_job.py:629} INFO - Processing file /app/env/lib/python3.8/site-packages/airflow/example_dags/example_branch_python_dop_operator_3.py for tasks to queue
[2022-02-18 12:50:57,058] {logging_mixin.py:104} INFO - [2022-02-18 12:50:57,058] {dagbag.py:448} INFO - Filling up the DagBag from /app/env/lib/python3.8/site-packages/airflow/example_dags/example_branch_python_dop_operator_3.py
[2022-02-18 12:50:57,079] {scheduler_job.py:639} INFO - DAG(s) dict_keys(['example_branch_dop_operator_v3']) retrieved from /app/env/lib/python3.8/site-packages/airflow/example_dags/example_branch_python_dop_operator_3.py
[2022-02-18 12:50:57,105] {logging_mixin.py:104} INFO - [2022-02-18 12:50:57,105] {dag.py:1818} INFO - Sync 1 DAGs
[2022-02-18 12:50:57,143] {logging_mixin.py:104} INFO - [2022-02-18 12:50:57,143] {dag.py:2273} INFO - Setting next_dagrun for example_branch_dop_operator_v3 to 2022-02-16 00:00:00+00:00
[2022-02-18 12:50:57,152] {scheduler_job.py:190} INFO - Processing /app/env/lib/python3.8/site-packages/airflow/example_dags/example_branch_python_dop_operator_3.py took 0.100 seconds
[2022-02-18 12:51:27,457] {scheduler_job.py:182} INFO - Started process (PID=524) to work on /app/env/lib/python3.8/site-packages/airflow/example_dags/example_branch_python_dop_operator_3.py
[2022-02-18 12:51:27,459] {scheduler_job.py:629} INFO - Processing file /app/env/lib/python3.8/site-packages/airflow/example_dags/example_branch_python_dop_operator_3.py for tasks to queue
[2022-02-18 12:51:27,459] {logging_mixin.py:104} INFO - [2022-02-18 12:51:27,459] {dagbag.py:448} INFO - Filling up the DagBag from /app/env/lib/python3.8/site-packages/airflow/example_dags/example_branch_python_dop_operator_3.py
[2022-02-18 12:51:27,479] {scheduler_job.py:639} INFO - DAG(s) dict_keys(['example_branch_dop_operator_v3']) retrieved from /app/env/lib/python3.8/site-packages/airflow/example_dags/example_branch_python_dop_operator_3.py
[2022-02-18 12:51:27,502] {logging_mixin.py:104} INFO - [2022-02-18 12:51:27,502] {dag.py:1818} INFO - Sync 1 DAGs
[2022-02-18 12:51:27,550] {logging_mixin.py:104} INFO - [2022-02-18 12:51:27,550] {dag.py:2273} INFO - Setting next_dagrun for example_branch_dop_operator_v3 to 2022-02-16 00:00:00+00:00
[2022-02-18 12:51:27,561] {scheduler_job.py:190} INFO - Processing /app/env/lib/python3.8/site-packages/airflow/example_dags/example_branch_python_dop_operator_3.py took 0.108 seconds
[2022-02-18 12:51:57,855] {scheduler_job.py:182} INFO - Started process (PID=554) to work on /app/env/lib/python3.8/site-packages/airflow/example_dags/example_branch_python_dop_operator_3.py
[2022-02-18 12:51:57,856] {scheduler_job.py:629} INFO - Processing file /app/env/lib/python3.8/site-packages/airflow/example_dags/example_branch_python_dop_operator_3.py for tasks to queue
[2022-02-18 12:51:57,856] {logging_mixin.py:104} INFO - [2022-02-18 12:51:57,856] {dagbag.py:448} INFO - Filling up the DagBag from /app/env/lib/python3.8/site-packages/airflow/example_dags/example_branch_python_dop_operator_3.py
[2022-02-18 12:51:57,872] {scheduler_job.py:639} INFO - DAG(s) dict_keys(['example_branch_dop_operator_v3']) retrieved from /app/env/lib/python3.8/site-packages/airflow/example_dags/example_branch_python_dop_operator_3.py
[2022-02-18 12:51:57,886] {logging_mixin.py:104} INFO - [2022-02-18 12:51:57,886] {dag.py:1818} INFO - Sync 1 DAGs
[2022-02-18 12:51:57,914] {logging_mixin.py:104} INFO - [2022-02-18 12:51:57,914] {dag.py:2273} INFO - Setting next_dagrun for example_branch_dop_operator_v3 to 2022-02-16 00:00:00+00:00
[2022-02-18 12:51:57,921] {scheduler_job.py:190} INFO - Processing /app/env/lib/python3.8/site-packages/airflow/example_dags/example_branch_python_dop_operator_3.py took 0.070 seconds
[2022-02-18 12:52:29,249] {scheduler_job.py:182} INFO - Started process (PID=584) to work on /app/env/lib/python3.8/site-packages/airflow/example_dags/example_branch_python_dop_operator_3.py
[2022-02-18 12:52:29,251] {scheduler_job.py:629} INFO - Processing file /app/env/lib/python3.8/site-packages/airflow/example_dags/example_branch_python_dop_operator_3.py for tasks to queue
[2022-02-18 12:52:29,252] {logging_mixin.py:104} INFO - [2022-02-18 12:52:29,252] {dagbag.py:448} INFO - Filling up the DagBag from /app/env/lib/python3.8/site-packages/airflow/example_dags/example_branch_python_dop_operator_3.py
[2022-02-18 12:52:29,270] {scheduler_job.py:639} INFO - DAG(s) dict_keys(['example_branch_dop_operator_v3']) retrieved from /app/env/lib/python3.8/site-packages/airflow/example_dags/example_branch_python_dop_operator_3.py
[2022-02-18 12:52:29,289] {logging_mixin.py:104} INFO - [2022-02-18 12:52:29,289] {dag.py:1818} INFO - Sync 1 DAGs
[2022-02-18 12:52:29,327] {logging_mixin.py:104} INFO - [2022-02-18 12:52:29,327] {dag.py:2273} INFO - Setting next_dagrun for example_branch_dop_operator_v3 to 2022-02-16 00:00:00+00:00
[2022-02-18 12:52:29,338] {scheduler_job.py:190} INFO - Processing /app/env/lib/python3.8/site-packages/airflow/example_dags/example_branch_python_dop_operator_3.py took 0.092 seconds
[2022-02-18 12:52:59,552] {scheduler_job.py:182} INFO - Started process (PID=614) to work on /app/env/lib/python3.8/site-packages/airflow/example_dags/example_branch_python_dop_operator_3.py
[2022-02-18 12:52:59,554] {scheduler_job.py:629} INFO - Processing file /app/env/lib/python3.8/site-packages/airflow/example_dags/example_branch_python_dop_operator_3.py for tasks to queue
[2022-02-18 12:52:59,554] {logging_mixin.py:104} INFO - [2022-02-18 12:52:59,554] {dagbag.py:448} INFO - Filling up the DagBag from /app/env/lib/python3.8/site-packages/airflow/example_dags/example_branch_python_dop_operator_3.py
[2022-02-18 12:52:59,575] {scheduler_job.py:639} INFO - DAG(s) dict_keys(['example_branch_dop_operator_v3']) retrieved from /app/env/lib/python3.8/site-packages/airflow/example_dags/example_branch_python_dop_operator_3.py
[2022-02-18 12:52:59,597] {logging_mixin.py:104} INFO - [2022-02-18 12:52:59,597] {dag.py:1818} INFO - Sync 1 DAGs
[2022-02-18 12:52:59,643] {logging_mixin.py:104} INFO - [2022-02-18 12:52:59,643] {dag.py:2273} INFO - Setting next_dagrun for example_branch_dop_operator_v3 to 2022-02-16 00:00:00+00:00
[2022-02-18 12:52:59,653] {scheduler_job.py:190} INFO - Processing /app/env/lib/python3.8/site-packages/airflow/example_dags/example_branch_python_dop_operator_3.py took 0.105 seconds
[2022-02-18 12:53:29,849] {scheduler_job.py:182} INFO - Started process (PID=644) to work on /app/env/lib/python3.8/site-packages/airflow/example_dags/example_branch_python_dop_operator_3.py
[2022-02-18 12:53:29,851] {scheduler_job.py:629} INFO - Processing file /app/env/lib/python3.8/site-packages/airflow/example_dags/example_branch_python_dop_operator_3.py for tasks to queue
[2022-02-18 12:53:29,852] {logging_mixin.py:104} INFO - [2022-02-18 12:53:29,851] {dagbag.py:448} INFO - Filling up the DagBag from /app/env/lib/python3.8/site-packages/airflow/example_dags/example_branch_python_dop_operator_3.py
[2022-02-18 12:53:29,870] {scheduler_job.py:639} INFO - DAG(s) dict_keys(['example_branch_dop_operator_v3']) retrieved from /app/env/lib/python3.8/site-packages/airflow/example_dags/example_branch_python_dop_operator_3.py
[2022-02-18 12:53:29,886] {logging_mixin.py:104} INFO - [2022-02-18 12:53:29,886] {dag.py:1818} INFO - Sync 1 DAGs
[2022-02-18 12:53:29,921] {logging_mixin.py:104} INFO - [2022-02-18 12:53:29,920] {dag.py:2273} INFO - Setting next_dagrun for example_branch_dop_operator_v3 to 2022-02-16 00:00:00+00:00
[2022-02-18 12:53:29,930] {scheduler_job.py:190} INFO - Processing /app/env/lib/python3.8/site-packages/airflow/example_dags/example_branch_python_dop_operator_3.py took 0.090 seconds
