[2022-02-18 12:43:53,333] {scheduler_job.py:182} INFO - Started process (PID=60) to work on /app/env/lib/python3.8/site-packages/airflow/example_dags/example_short_circuit_operator.py
[2022-02-18 12:43:53,334] {scheduler_job.py:629} INFO - Processing file /app/env/lib/python3.8/site-packages/airflow/example_dags/example_short_circuit_operator.py for tasks to queue
[2022-02-18 12:43:53,335] {logging_mixin.py:104} INFO - [2022-02-18 12:43:53,335] {dagbag.py:448} INFO - Filling up the DagBag from /app/env/lib/python3.8/site-packages/airflow/example_dags/example_short_circuit_operator.py
[2022-02-18 12:43:53,350] {scheduler_job.py:639} INFO - DAG(s) dict_keys(['example_short_circuit_operator']) retrieved from /app/env/lib/python3.8/site-packages/airflow/example_dags/example_short_circuit_operator.py
[2022-02-18 12:43:53,360] {logging_mixin.py:104} INFO - [2022-02-18 12:43:53,360] {dag.py:1818} INFO - Sync 1 DAGs
[2022-02-18 12:43:53,375] {logging_mixin.py:104} INFO - [2022-02-18 12:43:53,375] {dag.py:2273} INFO - Setting next_dagrun for example_short_circuit_operator to 2022-02-16 00:00:00+00:00
[2022-02-18 12:43:53,385] {scheduler_job.py:190} INFO - Processing /app/env/lib/python3.8/site-packages/airflow/example_dags/example_short_circuit_operator.py took 0.056 seconds
[2022-02-18 12:44:24,778] {scheduler_job.py:182} INFO - Started process (PID=111) to work on /app/env/lib/python3.8/site-packages/airflow/example_dags/example_short_circuit_operator.py
[2022-02-18 12:44:24,780] {scheduler_job.py:629} INFO - Processing file /app/env/lib/python3.8/site-packages/airflow/example_dags/example_short_circuit_operator.py for tasks to queue
[2022-02-18 12:44:24,781] {logging_mixin.py:104} INFO - [2022-02-18 12:44:24,781] {dagbag.py:448} INFO - Filling up the DagBag from /app/env/lib/python3.8/site-packages/airflow/example_dags/example_short_circuit_operator.py
[2022-02-18 12:44:24,796] {scheduler_job.py:639} INFO - DAG(s) dict_keys(['example_short_circuit_operator']) retrieved from /app/env/lib/python3.8/site-packages/airflow/example_dags/example_short_circuit_operator.py
[2022-02-18 12:44:24,816] {logging_mixin.py:104} INFO - [2022-02-18 12:44:24,816] {dag.py:1818} INFO - Sync 1 DAGs
[2022-02-18 12:44:24,830] {logging_mixin.py:104} INFO - [2022-02-18 12:44:24,830] {dag.py:2273} INFO - Setting next_dagrun for example_short_circuit_operator to 2022-02-16 00:00:00+00:00
[2022-02-18 12:44:24,840] {scheduler_job.py:190} INFO - Processing /app/env/lib/python3.8/site-packages/airflow/example_dags/example_short_circuit_operator.py took 0.065 seconds
[2022-02-18 12:44:55,526] {scheduler_job.py:182} INFO - Started process (PID=141) to work on /app/env/lib/python3.8/site-packages/airflow/example_dags/example_short_circuit_operator.py
[2022-02-18 12:44:55,527] {scheduler_job.py:629} INFO - Processing file /app/env/lib/python3.8/site-packages/airflow/example_dags/example_short_circuit_operator.py for tasks to queue
[2022-02-18 12:44:55,527] {logging_mixin.py:104} INFO - [2022-02-18 12:44:55,527] {dagbag.py:448} INFO - Filling up the DagBag from /app/env/lib/python3.8/site-packages/airflow/example_dags/example_short_circuit_operator.py
[2022-02-18 12:44:55,540] {scheduler_job.py:639} INFO - DAG(s) dict_keys(['example_short_circuit_operator']) retrieved from /app/env/lib/python3.8/site-packages/airflow/example_dags/example_short_circuit_operator.py
[2022-02-18 12:44:55,556] {logging_mixin.py:104} INFO - [2022-02-18 12:44:55,556] {dag.py:1818} INFO - Sync 1 DAGs
[2022-02-18 12:44:55,569] {logging_mixin.py:104} INFO - [2022-02-18 12:44:55,569] {dag.py:2273} INFO - Setting next_dagrun for example_short_circuit_operator to 2022-02-16 00:00:00+00:00
[2022-02-18 12:44:55,577] {scheduler_job.py:190} INFO - Processing /app/env/lib/python3.8/site-packages/airflow/example_dags/example_short_circuit_operator.py took 0.055 seconds
[2022-02-18 12:45:26,390] {scheduler_job.py:182} INFO - Started process (PID=171) to work on /app/env/lib/python3.8/site-packages/airflow/example_dags/example_short_circuit_operator.py
[2022-02-18 12:45:26,392] {scheduler_job.py:629} INFO - Processing file /app/env/lib/python3.8/site-packages/airflow/example_dags/example_short_circuit_operator.py for tasks to queue
[2022-02-18 12:45:26,393] {logging_mixin.py:104} INFO - [2022-02-18 12:45:26,392] {dagbag.py:448} INFO - Filling up the DagBag from /app/env/lib/python3.8/site-packages/airflow/example_dags/example_short_circuit_operator.py
[2022-02-18 12:45:26,409] {scheduler_job.py:639} INFO - DAG(s) dict_keys(['example_short_circuit_operator']) retrieved from /app/env/lib/python3.8/site-packages/airflow/example_dags/example_short_circuit_operator.py
[2022-02-18 12:45:26,426] {logging_mixin.py:104} INFO - [2022-02-18 12:45:26,426] {dag.py:1818} INFO - Sync 1 DAGs
[2022-02-18 12:45:26,442] {logging_mixin.py:104} INFO - [2022-02-18 12:45:26,442] {dag.py:2273} INFO - Setting next_dagrun for example_short_circuit_operator to 2022-02-16 00:00:00+00:00
[2022-02-18 12:45:26,452] {scheduler_job.py:190} INFO - Processing /app/env/lib/python3.8/site-packages/airflow/example_dags/example_short_circuit_operator.py took 0.066 seconds
[2022-02-18 12:45:57,149] {scheduler_job.py:182} INFO - Started process (PID=201) to work on /app/env/lib/python3.8/site-packages/airflow/example_dags/example_short_circuit_operator.py
[2022-02-18 12:45:57,150] {scheduler_job.py:629} INFO - Processing file /app/env/lib/python3.8/site-packages/airflow/example_dags/example_short_circuit_operator.py for tasks to queue
[2022-02-18 12:45:57,151] {logging_mixin.py:104} INFO - [2022-02-18 12:45:57,151] {dagbag.py:448} INFO - Filling up the DagBag from /app/env/lib/python3.8/site-packages/airflow/example_dags/example_short_circuit_operator.py
[2022-02-18 12:45:57,165] {scheduler_job.py:639} INFO - DAG(s) dict_keys(['example_short_circuit_operator']) retrieved from /app/env/lib/python3.8/site-packages/airflow/example_dags/example_short_circuit_operator.py
[2022-02-18 12:45:57,184] {logging_mixin.py:104} INFO - [2022-02-18 12:45:57,183] {dag.py:1818} INFO - Sync 1 DAGs
[2022-02-18 12:45:57,199] {logging_mixin.py:104} INFO - [2022-02-18 12:45:57,199] {dag.py:2273} INFO - Setting next_dagrun for example_short_circuit_operator to 2022-02-16 00:00:00+00:00
[2022-02-18 12:45:57,209] {scheduler_job.py:190} INFO - Processing /app/env/lib/python3.8/site-packages/airflow/example_dags/example_short_circuit_operator.py took 0.064 seconds
[2022-02-18 12:46:27,899] {scheduler_job.py:182} INFO - Started process (PID=231) to work on /app/env/lib/python3.8/site-packages/airflow/example_dags/example_short_circuit_operator.py
[2022-02-18 12:46:27,901] {scheduler_job.py:629} INFO - Processing file /app/env/lib/python3.8/site-packages/airflow/example_dags/example_short_circuit_operator.py for tasks to queue
[2022-02-18 12:46:27,902] {logging_mixin.py:104} INFO - [2022-02-18 12:46:27,902] {dagbag.py:448} INFO - Filling up the DagBag from /app/env/lib/python3.8/site-packages/airflow/example_dags/example_short_circuit_operator.py
[2022-02-18 12:46:27,924] {scheduler_job.py:639} INFO - DAG(s) dict_keys(['example_short_circuit_operator']) retrieved from /app/env/lib/python3.8/site-packages/airflow/example_dags/example_short_circuit_operator.py
[2022-02-18 12:46:27,944] {logging_mixin.py:104} INFO - [2022-02-18 12:46:27,944] {dag.py:1818} INFO - Sync 1 DAGs
[2022-02-18 12:46:27,959] {logging_mixin.py:104} INFO - [2022-02-18 12:46:27,959] {dag.py:2273} INFO - Setting next_dagrun for example_short_circuit_operator to 2022-02-16 00:00:00+00:00
[2022-02-18 12:46:27,970] {scheduler_job.py:190} INFO - Processing /app/env/lib/python3.8/site-packages/airflow/example_dags/example_short_circuit_operator.py took 0.076 seconds
[2022-02-18 12:46:58,632] {scheduler_job.py:182} INFO - Started process (PID=261) to work on /app/env/lib/python3.8/site-packages/airflow/example_dags/example_short_circuit_operator.py
[2022-02-18 12:46:58,633] {scheduler_job.py:629} INFO - Processing file /app/env/lib/python3.8/site-packages/airflow/example_dags/example_short_circuit_operator.py for tasks to queue
[2022-02-18 12:46:58,634] {logging_mixin.py:104} INFO - [2022-02-18 12:46:58,634] {dagbag.py:448} INFO - Filling up the DagBag from /app/env/lib/python3.8/site-packages/airflow/example_dags/example_short_circuit_operator.py
[2022-02-18 12:46:58,644] {scheduler_job.py:639} INFO - DAG(s) dict_keys(['example_short_circuit_operator']) retrieved from /app/env/lib/python3.8/site-packages/airflow/example_dags/example_short_circuit_operator.py
[2022-02-18 12:46:58,654] {logging_mixin.py:104} INFO - [2022-02-18 12:46:58,654] {dag.py:1818} INFO - Sync 1 DAGs
[2022-02-18 12:46:58,664] {logging_mixin.py:104} INFO - [2022-02-18 12:46:58,664] {dag.py:2273} INFO - Setting next_dagrun for example_short_circuit_operator to 2022-02-16 00:00:00+00:00
[2022-02-18 12:46:58,670] {scheduler_job.py:190} INFO - Processing /app/env/lib/python3.8/site-packages/airflow/example_dags/example_short_circuit_operator.py took 0.041 seconds
[2022-02-18 12:47:29,385] {scheduler_job.py:182} INFO - Started process (PID=291) to work on /app/env/lib/python3.8/site-packages/airflow/example_dags/example_short_circuit_operator.py
[2022-02-18 12:47:29,386] {scheduler_job.py:629} INFO - Processing file /app/env/lib/python3.8/site-packages/airflow/example_dags/example_short_circuit_operator.py for tasks to queue
[2022-02-18 12:47:29,388] {logging_mixin.py:104} INFO - [2022-02-18 12:47:29,388] {dagbag.py:448} INFO - Filling up the DagBag from /app/env/lib/python3.8/site-packages/airflow/example_dags/example_short_circuit_operator.py
[2022-02-18 12:47:29,402] {scheduler_job.py:639} INFO - DAG(s) dict_keys(['example_short_circuit_operator']) retrieved from /app/env/lib/python3.8/site-packages/airflow/example_dags/example_short_circuit_operator.py
[2022-02-18 12:47:29,418] {logging_mixin.py:104} INFO - [2022-02-18 12:47:29,418] {dag.py:1818} INFO - Sync 1 DAGs
[2022-02-18 12:47:29,432] {logging_mixin.py:104} INFO - [2022-02-18 12:47:29,432] {dag.py:2273} INFO - Setting next_dagrun for example_short_circuit_operator to 2022-02-16 00:00:00+00:00
[2022-02-18 12:47:29,441] {scheduler_job.py:190} INFO - Processing /app/env/lib/python3.8/site-packages/airflow/example_dags/example_short_circuit_operator.py took 0.059 seconds
[2022-02-18 12:48:00,060] {scheduler_job.py:182} INFO - Started process (PID=321) to work on /app/env/lib/python3.8/site-packages/airflow/example_dags/example_short_circuit_operator.py
[2022-02-18 12:48:00,061] {scheduler_job.py:629} INFO - Processing file /app/env/lib/python3.8/site-packages/airflow/example_dags/example_short_circuit_operator.py for tasks to queue
[2022-02-18 12:48:00,062] {logging_mixin.py:104} INFO - [2022-02-18 12:48:00,062] {dagbag.py:448} INFO - Filling up the DagBag from /app/env/lib/python3.8/site-packages/airflow/example_dags/example_short_circuit_operator.py
[2022-02-18 12:48:00,073] {scheduler_job.py:639} INFO - DAG(s) dict_keys(['example_short_circuit_operator']) retrieved from /app/env/lib/python3.8/site-packages/airflow/example_dags/example_short_circuit_operator.py
[2022-02-18 12:48:00,088] {logging_mixin.py:104} INFO - [2022-02-18 12:48:00,088] {dag.py:1818} INFO - Sync 1 DAGs
[2022-02-18 12:48:00,095] {logging_mixin.py:104} INFO - [2022-02-18 12:48:00,095] {dag.py:2273} INFO - Setting next_dagrun for example_short_circuit_operator to 2022-02-16 00:00:00+00:00
[2022-02-18 12:48:00,099] {scheduler_job.py:190} INFO - Processing /app/env/lib/python3.8/site-packages/airflow/example_dags/example_short_circuit_operator.py took 0.042 seconds
[2022-02-18 12:48:30,718] {scheduler_job.py:182} INFO - Started process (PID=351) to work on /app/env/lib/python3.8/site-packages/airflow/example_dags/example_short_circuit_operator.py
[2022-02-18 12:48:30,720] {scheduler_job.py:629} INFO - Processing file /app/env/lib/python3.8/site-packages/airflow/example_dags/example_short_circuit_operator.py for tasks to queue
[2022-02-18 12:48:30,721] {logging_mixin.py:104} INFO - [2022-02-18 12:48:30,721] {dagbag.py:448} INFO - Filling up the DagBag from /app/env/lib/python3.8/site-packages/airflow/example_dags/example_short_circuit_operator.py
[2022-02-18 12:48:30,742] {scheduler_job.py:639} INFO - DAG(s) dict_keys(['example_short_circuit_operator']) retrieved from /app/env/lib/python3.8/site-packages/airflow/example_dags/example_short_circuit_operator.py
[2022-02-18 12:48:30,768] {logging_mixin.py:104} INFO - [2022-02-18 12:48:30,767] {dag.py:1818} INFO - Sync 1 DAGs
[2022-02-18 12:48:30,785] {logging_mixin.py:104} INFO - [2022-02-18 12:48:30,785] {dag.py:2273} INFO - Setting next_dagrun for example_short_circuit_operator to 2022-02-16 00:00:00+00:00
[2022-02-18 12:48:30,796] {scheduler_job.py:190} INFO - Processing /app/env/lib/python3.8/site-packages/airflow/example_dags/example_short_circuit_operator.py took 0.082 seconds
[2022-02-18 12:49:01,472] {scheduler_job.py:182} INFO - Started process (PID=381) to work on /app/env/lib/python3.8/site-packages/airflow/example_dags/example_short_circuit_operator.py
[2022-02-18 12:49:01,474] {scheduler_job.py:629} INFO - Processing file /app/env/lib/python3.8/site-packages/airflow/example_dags/example_short_circuit_operator.py for tasks to queue
[2022-02-18 12:49:01,474] {logging_mixin.py:104} INFO - [2022-02-18 12:49:01,474] {dagbag.py:448} INFO - Filling up the DagBag from /app/env/lib/python3.8/site-packages/airflow/example_dags/example_short_circuit_operator.py
[2022-02-18 12:49:01,495] {scheduler_job.py:639} INFO - DAG(s) dict_keys(['example_short_circuit_operator']) retrieved from /app/env/lib/python3.8/site-packages/airflow/example_dags/example_short_circuit_operator.py
[2022-02-18 12:49:01,520] {logging_mixin.py:104} INFO - [2022-02-18 12:49:01,520] {dag.py:1818} INFO - Sync 1 DAGs
[2022-02-18 12:49:01,534] {logging_mixin.py:104} INFO - [2022-02-18 12:49:01,534] {dag.py:2273} INFO - Setting next_dagrun for example_short_circuit_operator to 2022-02-16 00:00:00+00:00
[2022-02-18 12:49:01,543] {scheduler_job.py:190} INFO - Processing /app/env/lib/python3.8/site-packages/airflow/example_dags/example_short_circuit_operator.py took 0.075 seconds
[2022-02-18 12:49:32,238] {scheduler_job.py:182} INFO - Started process (PID=411) to work on /app/env/lib/python3.8/site-packages/airflow/example_dags/example_short_circuit_operator.py
[2022-02-18 12:49:32,239] {scheduler_job.py:629} INFO - Processing file /app/env/lib/python3.8/site-packages/airflow/example_dags/example_short_circuit_operator.py for tasks to queue
[2022-02-18 12:49:32,241] {logging_mixin.py:104} INFO - [2022-02-18 12:49:32,240] {dagbag.py:448} INFO - Filling up the DagBag from /app/env/lib/python3.8/site-packages/airflow/example_dags/example_short_circuit_operator.py
[2022-02-18 12:49:32,254] {scheduler_job.py:639} INFO - DAG(s) dict_keys(['example_short_circuit_operator']) retrieved from /app/env/lib/python3.8/site-packages/airflow/example_dags/example_short_circuit_operator.py
[2022-02-18 12:49:32,272] {logging_mixin.py:104} INFO - [2022-02-18 12:49:32,272] {dag.py:1818} INFO - Sync 1 DAGs
[2022-02-18 12:49:32,287] {logging_mixin.py:104} INFO - [2022-02-18 12:49:32,287] {dag.py:2273} INFO - Setting next_dagrun for example_short_circuit_operator to 2022-02-16 00:00:00+00:00
[2022-02-18 12:49:32,297] {scheduler_job.py:190} INFO - Processing /app/env/lib/python3.8/site-packages/airflow/example_dags/example_short_circuit_operator.py took 0.063 seconds
[2022-02-18 12:50:02,765] {scheduler_job.py:182} INFO - Started process (PID=441) to work on /app/env/lib/python3.8/site-packages/airflow/example_dags/example_short_circuit_operator.py
[2022-02-18 12:50:02,767] {scheduler_job.py:629} INFO - Processing file /app/env/lib/python3.8/site-packages/airflow/example_dags/example_short_circuit_operator.py for tasks to queue
[2022-02-18 12:50:02,768] {logging_mixin.py:104} INFO - [2022-02-18 12:50:02,768] {dagbag.py:448} INFO - Filling up the DagBag from /app/env/lib/python3.8/site-packages/airflow/example_dags/example_short_circuit_operator.py
[2022-02-18 12:50:02,790] {scheduler_job.py:639} INFO - DAG(s) dict_keys(['example_short_circuit_operator']) retrieved from /app/env/lib/python3.8/site-packages/airflow/example_dags/example_short_circuit_operator.py
[2022-02-18 12:50:02,814] {logging_mixin.py:104} INFO - [2022-02-18 12:50:02,814] {dag.py:1818} INFO - Sync 1 DAGs
[2022-02-18 12:50:02,830] {logging_mixin.py:104} INFO - [2022-02-18 12:50:02,830] {dag.py:2273} INFO - Setting next_dagrun for example_short_circuit_operator to 2022-02-16 00:00:00+00:00
[2022-02-18 12:50:02,839] {scheduler_job.py:190} INFO - Processing /app/env/lib/python3.8/site-packages/airflow/example_dags/example_short_circuit_operator.py took 0.080 seconds
[2022-02-18 12:50:33,329] {scheduler_job.py:182} INFO - Started process (PID=471) to work on /app/env/lib/python3.8/site-packages/airflow/example_dags/example_short_circuit_operator.py
[2022-02-18 12:50:33,331] {scheduler_job.py:629} INFO - Processing file /app/env/lib/python3.8/site-packages/airflow/example_dags/example_short_circuit_operator.py for tasks to queue
[2022-02-18 12:50:33,331] {logging_mixin.py:104} INFO - [2022-02-18 12:50:33,331] {dagbag.py:448} INFO - Filling up the DagBag from /app/env/lib/python3.8/site-packages/airflow/example_dags/example_short_circuit_operator.py
[2022-02-18 12:50:33,346] {scheduler_job.py:639} INFO - DAG(s) dict_keys(['example_short_circuit_operator']) retrieved from /app/env/lib/python3.8/site-packages/airflow/example_dags/example_short_circuit_operator.py
[2022-02-18 12:50:33,369] {logging_mixin.py:104} INFO - [2022-02-18 12:50:33,369] {dag.py:1818} INFO - Sync 1 DAGs
[2022-02-18 12:50:33,388] {logging_mixin.py:104} INFO - [2022-02-18 12:50:33,388] {dag.py:2273} INFO - Setting next_dagrun for example_short_circuit_operator to 2022-02-16 00:00:00+00:00
[2022-02-18 12:50:33,397] {scheduler_job.py:190} INFO - Processing /app/env/lib/python3.8/site-packages/airflow/example_dags/example_short_circuit_operator.py took 0.072 seconds
[2022-02-18 12:51:04,123] {scheduler_job.py:182} INFO - Started process (PID=501) to work on /app/env/lib/python3.8/site-packages/airflow/example_dags/example_short_circuit_operator.py
[2022-02-18 12:51:04,124] {scheduler_job.py:629} INFO - Processing file /app/env/lib/python3.8/site-packages/airflow/example_dags/example_short_circuit_operator.py for tasks to queue
[2022-02-18 12:51:04,125] {logging_mixin.py:104} INFO - [2022-02-18 12:51:04,125] {dagbag.py:448} INFO - Filling up the DagBag from /app/env/lib/python3.8/site-packages/airflow/example_dags/example_short_circuit_operator.py
[2022-02-18 12:51:04,142] {scheduler_job.py:639} INFO - DAG(s) dict_keys(['example_short_circuit_operator']) retrieved from /app/env/lib/python3.8/site-packages/airflow/example_dags/example_short_circuit_operator.py
[2022-02-18 12:51:04,161] {logging_mixin.py:104} INFO - [2022-02-18 12:51:04,160] {dag.py:1818} INFO - Sync 1 DAGs
[2022-02-18 12:51:04,174] {logging_mixin.py:104} INFO - [2022-02-18 12:51:04,174] {dag.py:2273} INFO - Setting next_dagrun for example_short_circuit_operator to 2022-02-16 00:00:00+00:00
[2022-02-18 12:51:04,183] {scheduler_job.py:190} INFO - Processing /app/env/lib/python3.8/site-packages/airflow/example_dags/example_short_circuit_operator.py took 0.065 seconds
[2022-02-18 12:51:34,898] {scheduler_job.py:182} INFO - Started process (PID=531) to work on /app/env/lib/python3.8/site-packages/airflow/example_dags/example_short_circuit_operator.py
[2022-02-18 12:51:34,900] {scheduler_job.py:629} INFO - Processing file /app/env/lib/python3.8/site-packages/airflow/example_dags/example_short_circuit_operator.py for tasks to queue
[2022-02-18 12:51:34,901] {logging_mixin.py:104} INFO - [2022-02-18 12:51:34,900] {dagbag.py:448} INFO - Filling up the DagBag from /app/env/lib/python3.8/site-packages/airflow/example_dags/example_short_circuit_operator.py
[2022-02-18 12:51:34,923] {scheduler_job.py:639} INFO - DAG(s) dict_keys(['example_short_circuit_operator']) retrieved from /app/env/lib/python3.8/site-packages/airflow/example_dags/example_short_circuit_operator.py
[2022-02-18 12:51:34,941] {logging_mixin.py:104} INFO - [2022-02-18 12:51:34,941] {dag.py:1818} INFO - Sync 1 DAGs
[2022-02-18 12:51:34,954] {logging_mixin.py:104} INFO - [2022-02-18 12:51:34,954] {dag.py:2273} INFO - Setting next_dagrun for example_short_circuit_operator to 2022-02-16 00:00:00+00:00
[2022-02-18 12:51:34,962] {scheduler_job.py:190} INFO - Processing /app/env/lib/python3.8/site-packages/airflow/example_dags/example_short_circuit_operator.py took 0.069 seconds
[2022-02-18 12:52:05,484] {scheduler_job.py:182} INFO - Started process (PID=561) to work on /app/env/lib/python3.8/site-packages/airflow/example_dags/example_short_circuit_operator.py
[2022-02-18 12:52:05,486] {scheduler_job.py:629} INFO - Processing file /app/env/lib/python3.8/site-packages/airflow/example_dags/example_short_circuit_operator.py for tasks to queue
[2022-02-18 12:52:05,487] {logging_mixin.py:104} INFO - [2022-02-18 12:52:05,487] {dagbag.py:448} INFO - Filling up the DagBag from /app/env/lib/python3.8/site-packages/airflow/example_dags/example_short_circuit_operator.py
[2022-02-18 12:52:05,518] {scheduler_job.py:639} INFO - DAG(s) dict_keys(['example_short_circuit_operator']) retrieved from /app/env/lib/python3.8/site-packages/airflow/example_dags/example_short_circuit_operator.py
[2022-02-18 12:52:05,535] {logging_mixin.py:104} INFO - [2022-02-18 12:52:05,535] {dag.py:1818} INFO - Sync 1 DAGs
[2022-02-18 12:52:05,549] {logging_mixin.py:104} INFO - [2022-02-18 12:52:05,549] {dag.py:2273} INFO - Setting next_dagrun for example_short_circuit_operator to 2022-02-16 00:00:00+00:00
[2022-02-18 12:52:05,558] {scheduler_job.py:190} INFO - Processing /app/env/lib/python3.8/site-packages/airflow/example_dags/example_short_circuit_operator.py took 0.078 seconds
[2022-02-18 12:52:36,264] {scheduler_job.py:182} INFO - Started process (PID=591) to work on /app/env/lib/python3.8/site-packages/airflow/example_dags/example_short_circuit_operator.py
[2022-02-18 12:52:36,265] {scheduler_job.py:629} INFO - Processing file /app/env/lib/python3.8/site-packages/airflow/example_dags/example_short_circuit_operator.py for tasks to queue
[2022-02-18 12:52:36,266] {logging_mixin.py:104} INFO - [2022-02-18 12:52:36,266] {dagbag.py:448} INFO - Filling up the DagBag from /app/env/lib/python3.8/site-packages/airflow/example_dags/example_short_circuit_operator.py
[2022-02-18 12:52:36,280] {scheduler_job.py:639} INFO - DAG(s) dict_keys(['example_short_circuit_operator']) retrieved from /app/env/lib/python3.8/site-packages/airflow/example_dags/example_short_circuit_operator.py
[2022-02-18 12:52:36,298] {logging_mixin.py:104} INFO - [2022-02-18 12:52:36,298] {dag.py:1818} INFO - Sync 1 DAGs
[2022-02-18 12:52:36,311] {logging_mixin.py:104} INFO - [2022-02-18 12:52:36,311] {dag.py:2273} INFO - Setting next_dagrun for example_short_circuit_operator to 2022-02-16 00:00:00+00:00
[2022-02-18 12:52:36,319] {scheduler_job.py:190} INFO - Processing /app/env/lib/python3.8/site-packages/airflow/example_dags/example_short_circuit_operator.py took 0.060 seconds
[2022-02-18 12:53:07,030] {scheduler_job.py:182} INFO - Started process (PID=621) to work on /app/env/lib/python3.8/site-packages/airflow/example_dags/example_short_circuit_operator.py
[2022-02-18 12:53:07,032] {scheduler_job.py:629} INFO - Processing file /app/env/lib/python3.8/site-packages/airflow/example_dags/example_short_circuit_operator.py for tasks to queue
[2022-02-18 12:53:07,032] {logging_mixin.py:104} INFO - [2022-02-18 12:53:07,032] {dagbag.py:448} INFO - Filling up the DagBag from /app/env/lib/python3.8/site-packages/airflow/example_dags/example_short_circuit_operator.py
[2022-02-18 12:53:07,044] {scheduler_job.py:639} INFO - DAG(s) dict_keys(['example_short_circuit_operator']) retrieved from /app/env/lib/python3.8/site-packages/airflow/example_dags/example_short_circuit_operator.py
[2022-02-18 12:53:07,058] {logging_mixin.py:104} INFO - [2022-02-18 12:53:07,057] {dag.py:1818} INFO - Sync 1 DAGs
[2022-02-18 12:53:07,068] {logging_mixin.py:104} INFO - [2022-02-18 12:53:07,068] {dag.py:2273} INFO - Setting next_dagrun for example_short_circuit_operator to 2022-02-16 00:00:00+00:00
[2022-02-18 12:53:07,075] {scheduler_job.py:190} INFO - Processing /app/env/lib/python3.8/site-packages/airflow/example_dags/example_short_circuit_operator.py took 0.050 seconds
[2022-02-18 12:53:37,572] {scheduler_job.py:182} INFO - Started process (PID=651) to work on /app/env/lib/python3.8/site-packages/airflow/example_dags/example_short_circuit_operator.py
[2022-02-18 12:53:37,573] {scheduler_job.py:629} INFO - Processing file /app/env/lib/python3.8/site-packages/airflow/example_dags/example_short_circuit_operator.py for tasks to queue
[2022-02-18 12:53:37,574] {logging_mixin.py:104} INFO - [2022-02-18 12:53:37,574] {dagbag.py:448} INFO - Filling up the DagBag from /app/env/lib/python3.8/site-packages/airflow/example_dags/example_short_circuit_operator.py
[2022-02-18 12:53:37,583] {scheduler_job.py:639} INFO - DAG(s) dict_keys(['example_short_circuit_operator']) retrieved from /app/env/lib/python3.8/site-packages/airflow/example_dags/example_short_circuit_operator.py
[2022-02-18 12:53:37,595] {logging_mixin.py:104} INFO - [2022-02-18 12:53:37,595] {dag.py:1818} INFO - Sync 1 DAGs
[2022-02-18 12:53:37,604] {logging_mixin.py:104} INFO - [2022-02-18 12:53:37,604] {dag.py:2273} INFO - Setting next_dagrun for example_short_circuit_operator to 2022-02-16 00:00:00+00:00
[2022-02-18 12:53:37,610] {scheduler_job.py:190} INFO - Processing /app/env/lib/python3.8/site-packages/airflow/example_dags/example_short_circuit_operator.py took 0.040 seconds
