[2022-02-18 12:43:48,418] {scheduler_job.py:182} INFO - Started process (PID=55) to work on /app/env/lib/python3.8/site-packages/airflow/example_dags/example_latest_only_with_trigger.py
[2022-02-18 12:43:48,419] {scheduler_job.py:629} INFO - Processing file /app/env/lib/python3.8/site-packages/airflow/example_dags/example_latest_only_with_trigger.py for tasks to queue
[2022-02-18 12:43:48,420] {logging_mixin.py:104} INFO - [2022-02-18 12:43:48,420] {dagbag.py:448} INFO - Filling up the DagBag from /app/env/lib/python3.8/site-packages/airflow/example_dags/example_latest_only_with_trigger.py
[2022-02-18 12:43:48,429] {scheduler_job.py:639} INFO - DAG(s) dict_keys(['latest_only_with_trigger']) retrieved from /app/env/lib/python3.8/site-packages/airflow/example_dags/example_latest_only_with_trigger.py
[2022-02-18 12:43:48,437] {logging_mixin.py:104} INFO - [2022-02-18 12:43:48,437] {dag.py:1818} INFO - Sync 1 DAGs
[2022-02-18 12:43:48,448] {logging_mixin.py:104} INFO - [2022-02-18 12:43:48,447] {dag.py:2273} INFO - Setting next_dagrun for latest_only_with_trigger to 2022-02-16 00:00:00+00:00
[2022-02-18 12:43:48,453] {scheduler_job.py:190} INFO - Processing /app/env/lib/python3.8/site-packages/airflow/example_dags/example_latest_only_with_trigger.py took 0.038 seconds
[2022-02-18 12:44:19,600] {scheduler_job.py:182} INFO - Started process (PID=105) to work on /app/env/lib/python3.8/site-packages/airflow/example_dags/example_latest_only_with_trigger.py
[2022-02-18 12:44:19,601] {scheduler_job.py:629} INFO - Processing file /app/env/lib/python3.8/site-packages/airflow/example_dags/example_latest_only_with_trigger.py for tasks to queue
[2022-02-18 12:44:19,602] {logging_mixin.py:104} INFO - [2022-02-18 12:44:19,602] {dagbag.py:448} INFO - Filling up the DagBag from /app/env/lib/python3.8/site-packages/airflow/example_dags/example_latest_only_with_trigger.py
[2022-02-18 12:44:19,611] {scheduler_job.py:639} INFO - DAG(s) dict_keys(['latest_only_with_trigger']) retrieved from /app/env/lib/python3.8/site-packages/airflow/example_dags/example_latest_only_with_trigger.py
[2022-02-18 12:44:19,624] {logging_mixin.py:104} INFO - [2022-02-18 12:44:19,624] {dag.py:1818} INFO - Sync 1 DAGs
[2022-02-18 12:44:19,632] {logging_mixin.py:104} INFO - [2022-02-18 12:44:19,632] {dag.py:2273} INFO - Setting next_dagrun for latest_only_with_trigger to 2022-02-16 00:00:00+00:00
[2022-02-18 12:44:19,641] {scheduler_job.py:190} INFO - Processing /app/env/lib/python3.8/site-packages/airflow/example_dags/example_latest_only_with_trigger.py took 0.046 seconds
[2022-02-18 12:44:50,357] {scheduler_job.py:182} INFO - Started process (PID=136) to work on /app/env/lib/python3.8/site-packages/airflow/example_dags/example_latest_only_with_trigger.py
[2022-02-18 12:44:50,359] {scheduler_job.py:629} INFO - Processing file /app/env/lib/python3.8/site-packages/airflow/example_dags/example_latest_only_with_trigger.py for tasks to queue
[2022-02-18 12:44:50,359] {logging_mixin.py:104} INFO - [2022-02-18 12:44:50,359] {dagbag.py:448} INFO - Filling up the DagBag from /app/env/lib/python3.8/site-packages/airflow/example_dags/example_latest_only_with_trigger.py
[2022-02-18 12:44:50,371] {scheduler_job.py:639} INFO - DAG(s) dict_keys(['latest_only_with_trigger']) retrieved from /app/env/lib/python3.8/site-packages/airflow/example_dags/example_latest_only_with_trigger.py
[2022-02-18 12:44:50,386] {logging_mixin.py:104} INFO - [2022-02-18 12:44:50,386] {dag.py:1818} INFO - Sync 1 DAGs
[2022-02-18 12:44:50,398] {logging_mixin.py:104} INFO - [2022-02-18 12:44:50,398] {dag.py:2273} INFO - Setting next_dagrun for latest_only_with_trigger to 2022-02-16 00:00:00+00:00
[2022-02-18 12:44:50,407] {scheduler_job.py:190} INFO - Processing /app/env/lib/python3.8/site-packages/airflow/example_dags/example_latest_only_with_trigger.py took 0.053 seconds
[2022-02-18 12:45:21,231] {scheduler_job.py:182} INFO - Started process (PID=166) to work on /app/env/lib/python3.8/site-packages/airflow/example_dags/example_latest_only_with_trigger.py
[2022-02-18 12:45:21,233] {scheduler_job.py:629} INFO - Processing file /app/env/lib/python3.8/site-packages/airflow/example_dags/example_latest_only_with_trigger.py for tasks to queue
[2022-02-18 12:45:21,234] {logging_mixin.py:104} INFO - [2022-02-18 12:45:21,233] {dagbag.py:448} INFO - Filling up the DagBag from /app/env/lib/python3.8/site-packages/airflow/example_dags/example_latest_only_with_trigger.py
[2022-02-18 12:45:21,250] {scheduler_job.py:639} INFO - DAG(s) dict_keys(['latest_only_with_trigger']) retrieved from /app/env/lib/python3.8/site-packages/airflow/example_dags/example_latest_only_with_trigger.py
[2022-02-18 12:45:21,274] {logging_mixin.py:104} INFO - [2022-02-18 12:45:21,274] {dag.py:1818} INFO - Sync 1 DAGs
[2022-02-18 12:45:21,290] {logging_mixin.py:104} INFO - [2022-02-18 12:45:21,290] {dag.py:2273} INFO - Setting next_dagrun for latest_only_with_trigger to 2022-02-16 00:00:00+00:00
[2022-02-18 12:45:21,299] {scheduler_job.py:190} INFO - Processing /app/env/lib/python3.8/site-packages/airflow/example_dags/example_latest_only_with_trigger.py took 0.073 seconds
[2022-02-18 12:45:51,984] {scheduler_job.py:182} INFO - Started process (PID=196) to work on /app/env/lib/python3.8/site-packages/airflow/example_dags/example_latest_only_with_trigger.py
[2022-02-18 12:45:51,986] {scheduler_job.py:629} INFO - Processing file /app/env/lib/python3.8/site-packages/airflow/example_dags/example_latest_only_with_trigger.py for tasks to queue
[2022-02-18 12:45:51,987] {logging_mixin.py:104} INFO - [2022-02-18 12:45:51,987] {dagbag.py:448} INFO - Filling up the DagBag from /app/env/lib/python3.8/site-packages/airflow/example_dags/example_latest_only_with_trigger.py
[2022-02-18 12:45:52,005] {scheduler_job.py:639} INFO - DAG(s) dict_keys(['latest_only_with_trigger']) retrieved from /app/env/lib/python3.8/site-packages/airflow/example_dags/example_latest_only_with_trigger.py
[2022-02-18 12:45:52,027] {logging_mixin.py:104} INFO - [2022-02-18 12:45:52,027] {dag.py:1818} INFO - Sync 1 DAGs
[2022-02-18 12:45:52,047] {logging_mixin.py:104} INFO - [2022-02-18 12:45:52,047] {dag.py:2273} INFO - Setting next_dagrun for latest_only_with_trigger to 2022-02-16 00:00:00+00:00
[2022-02-18 12:45:52,058] {scheduler_job.py:190} INFO - Processing /app/env/lib/python3.8/site-packages/airflow/example_dags/example_latest_only_with_trigger.py took 0.080 seconds
[2022-02-18 12:46:22,741] {scheduler_job.py:182} INFO - Started process (PID=226) to work on /app/env/lib/python3.8/site-packages/airflow/example_dags/example_latest_only_with_trigger.py
[2022-02-18 12:46:22,742] {scheduler_job.py:629} INFO - Processing file /app/env/lib/python3.8/site-packages/airflow/example_dags/example_latest_only_with_trigger.py for tasks to queue
[2022-02-18 12:46:22,743] {logging_mixin.py:104} INFO - [2022-02-18 12:46:22,743] {dagbag.py:448} INFO - Filling up the DagBag from /app/env/lib/python3.8/site-packages/airflow/example_dags/example_latest_only_with_trigger.py
[2022-02-18 12:46:22,759] {scheduler_job.py:639} INFO - DAG(s) dict_keys(['latest_only_with_trigger']) retrieved from /app/env/lib/python3.8/site-packages/airflow/example_dags/example_latest_only_with_trigger.py
[2022-02-18 12:46:22,782] {logging_mixin.py:104} INFO - [2022-02-18 12:46:22,781] {dag.py:1818} INFO - Sync 1 DAGs
[2022-02-18 12:46:22,796] {logging_mixin.py:104} INFO - [2022-02-18 12:46:22,796] {dag.py:2273} INFO - Setting next_dagrun for latest_only_with_trigger to 2022-02-16 00:00:00+00:00
[2022-02-18 12:46:22,807] {scheduler_job.py:190} INFO - Processing /app/env/lib/python3.8/site-packages/airflow/example_dags/example_latest_only_with_trigger.py took 0.070 seconds
[2022-02-18 12:46:53,476] {scheduler_job.py:182} INFO - Started process (PID=256) to work on /app/env/lib/python3.8/site-packages/airflow/example_dags/example_latest_only_with_trigger.py
[2022-02-18 12:46:53,478] {scheduler_job.py:629} INFO - Processing file /app/env/lib/python3.8/site-packages/airflow/example_dags/example_latest_only_with_trigger.py for tasks to queue
[2022-02-18 12:46:53,479] {logging_mixin.py:104} INFO - [2022-02-18 12:46:53,478] {dagbag.py:448} INFO - Filling up the DagBag from /app/env/lib/python3.8/site-packages/airflow/example_dags/example_latest_only_with_trigger.py
[2022-02-18 12:46:53,494] {scheduler_job.py:639} INFO - DAG(s) dict_keys(['latest_only_with_trigger']) retrieved from /app/env/lib/python3.8/site-packages/airflow/example_dags/example_latest_only_with_trigger.py
[2022-02-18 12:46:53,521] {logging_mixin.py:104} INFO - [2022-02-18 12:46:53,520] {dag.py:1818} INFO - Sync 1 DAGs
[2022-02-18 12:46:53,539] {logging_mixin.py:104} INFO - [2022-02-18 12:46:53,538] {dag.py:2273} INFO - Setting next_dagrun for latest_only_with_trigger to 2022-02-16 00:00:00+00:00
[2022-02-18 12:46:53,548] {scheduler_job.py:190} INFO - Processing /app/env/lib/python3.8/site-packages/airflow/example_dags/example_latest_only_with_trigger.py took 0.076 seconds
[2022-02-18 12:47:24,221] {scheduler_job.py:182} INFO - Started process (PID=286) to work on /app/env/lib/python3.8/site-packages/airflow/example_dags/example_latest_only_with_trigger.py
[2022-02-18 12:47:24,222] {scheduler_job.py:629} INFO - Processing file /app/env/lib/python3.8/site-packages/airflow/example_dags/example_latest_only_with_trigger.py for tasks to queue
[2022-02-18 12:47:24,223] {logging_mixin.py:104} INFO - [2022-02-18 12:47:24,223] {dagbag.py:448} INFO - Filling up the DagBag from /app/env/lib/python3.8/site-packages/airflow/example_dags/example_latest_only_with_trigger.py
[2022-02-18 12:47:24,239] {scheduler_job.py:639} INFO - DAG(s) dict_keys(['latest_only_with_trigger']) retrieved from /app/env/lib/python3.8/site-packages/airflow/example_dags/example_latest_only_with_trigger.py
[2022-02-18 12:47:24,260] {logging_mixin.py:104} INFO - [2022-02-18 12:47:24,260] {dag.py:1818} INFO - Sync 1 DAGs
[2022-02-18 12:47:24,275] {logging_mixin.py:104} INFO - [2022-02-18 12:47:24,275] {dag.py:2273} INFO - Setting next_dagrun for latest_only_with_trigger to 2022-02-16 00:00:00+00:00
[2022-02-18 12:47:24,285] {scheduler_job.py:190} INFO - Processing /app/env/lib/python3.8/site-packages/airflow/example_dags/example_latest_only_with_trigger.py took 0.068 seconds
[2022-02-18 12:47:54,979] {scheduler_job.py:182} INFO - Started process (PID=316) to work on /app/env/lib/python3.8/site-packages/airflow/example_dags/example_latest_only_with_trigger.py
[2022-02-18 12:47:54,981] {scheduler_job.py:629} INFO - Processing file /app/env/lib/python3.8/site-packages/airflow/example_dags/example_latest_only_with_trigger.py for tasks to queue
[2022-02-18 12:47:54,982] {logging_mixin.py:104} INFO - [2022-02-18 12:47:54,982] {dagbag.py:448} INFO - Filling up the DagBag from /app/env/lib/python3.8/site-packages/airflow/example_dags/example_latest_only_with_trigger.py
[2022-02-18 12:47:54,997] {scheduler_job.py:639} INFO - DAG(s) dict_keys(['latest_only_with_trigger']) retrieved from /app/env/lib/python3.8/site-packages/airflow/example_dags/example_latest_only_with_trigger.py
[2022-02-18 12:47:55,016] {logging_mixin.py:104} INFO - [2022-02-18 12:47:55,016] {dag.py:1818} INFO - Sync 1 DAGs
[2022-02-18 12:47:55,033] {logging_mixin.py:104} INFO - [2022-02-18 12:47:55,033] {dag.py:2273} INFO - Setting next_dagrun for latest_only_with_trigger to 2022-02-16 00:00:00+00:00
[2022-02-18 12:47:55,042] {scheduler_job.py:190} INFO - Processing /app/env/lib/python3.8/site-packages/airflow/example_dags/example_latest_only_with_trigger.py took 0.068 seconds
[2022-02-18 12:48:25,553] {scheduler_job.py:182} INFO - Started process (PID=346) to work on /app/env/lib/python3.8/site-packages/airflow/example_dags/example_latest_only_with_trigger.py
[2022-02-18 12:48:25,555] {scheduler_job.py:629} INFO - Processing file /app/env/lib/python3.8/site-packages/airflow/example_dags/example_latest_only_with_trigger.py for tasks to queue
[2022-02-18 12:48:25,555] {logging_mixin.py:104} INFO - [2022-02-18 12:48:25,555] {dagbag.py:448} INFO - Filling up the DagBag from /app/env/lib/python3.8/site-packages/airflow/example_dags/example_latest_only_with_trigger.py
[2022-02-18 12:48:25,568] {scheduler_job.py:639} INFO - DAG(s) dict_keys(['latest_only_with_trigger']) retrieved from /app/env/lib/python3.8/site-packages/airflow/example_dags/example_latest_only_with_trigger.py
[2022-02-18 12:48:25,587] {logging_mixin.py:104} INFO - [2022-02-18 12:48:25,587] {dag.py:1818} INFO - Sync 1 DAGs
[2022-02-18 12:48:25,600] {logging_mixin.py:104} INFO - [2022-02-18 12:48:25,600] {dag.py:2273} INFO - Setting next_dagrun for latest_only_with_trigger to 2022-02-16 00:00:00+00:00
[2022-02-18 12:48:25,609] {scheduler_job.py:190} INFO - Processing /app/env/lib/python3.8/site-packages/airflow/example_dags/example_latest_only_with_trigger.py took 0.059 seconds
[2022-02-18 12:48:56,298] {scheduler_job.py:182} INFO - Started process (PID=376) to work on /app/env/lib/python3.8/site-packages/airflow/example_dags/example_latest_only_with_trigger.py
[2022-02-18 12:48:56,301] {scheduler_job.py:629} INFO - Processing file /app/env/lib/python3.8/site-packages/airflow/example_dags/example_latest_only_with_trigger.py for tasks to queue
[2022-02-18 12:48:56,302] {logging_mixin.py:104} INFO - [2022-02-18 12:48:56,302] {dagbag.py:448} INFO - Filling up the DagBag from /app/env/lib/python3.8/site-packages/airflow/example_dags/example_latest_only_with_trigger.py
[2022-02-18 12:48:56,320] {scheduler_job.py:639} INFO - DAG(s) dict_keys(['latest_only_with_trigger']) retrieved from /app/env/lib/python3.8/site-packages/airflow/example_dags/example_latest_only_with_trigger.py
[2022-02-18 12:48:56,344] {logging_mixin.py:104} INFO - [2022-02-18 12:48:56,344] {dag.py:1818} INFO - Sync 1 DAGs
[2022-02-18 12:48:56,362] {logging_mixin.py:104} INFO - [2022-02-18 12:48:56,362] {dag.py:2273} INFO - Setting next_dagrun for latest_only_with_trigger to 2022-02-16 00:00:00+00:00
[2022-02-18 12:48:56,373] {scheduler_job.py:190} INFO - Processing /app/env/lib/python3.8/site-packages/airflow/example_dags/example_latest_only_with_trigger.py took 0.080 seconds
[2022-02-18 12:49:27,081] {scheduler_job.py:182} INFO - Started process (PID=406) to work on /app/env/lib/python3.8/site-packages/airflow/example_dags/example_latest_only_with_trigger.py
[2022-02-18 12:49:27,082] {scheduler_job.py:629} INFO - Processing file /app/env/lib/python3.8/site-packages/airflow/example_dags/example_latest_only_with_trigger.py for tasks to queue
[2022-02-18 12:49:27,083] {logging_mixin.py:104} INFO - [2022-02-18 12:49:27,083] {dagbag.py:448} INFO - Filling up the DagBag from /app/env/lib/python3.8/site-packages/airflow/example_dags/example_latest_only_with_trigger.py
[2022-02-18 12:49:27,096] {scheduler_job.py:639} INFO - DAG(s) dict_keys(['latest_only_with_trigger']) retrieved from /app/env/lib/python3.8/site-packages/airflow/example_dags/example_latest_only_with_trigger.py
[2022-02-18 12:49:27,115] {logging_mixin.py:104} INFO - [2022-02-18 12:49:27,115] {dag.py:1818} INFO - Sync 1 DAGs
[2022-02-18 12:49:27,130] {logging_mixin.py:104} INFO - [2022-02-18 12:49:27,130] {dag.py:2273} INFO - Setting next_dagrun for latest_only_with_trigger to 2022-02-16 00:00:00+00:00
[2022-02-18 12:49:27,140] {scheduler_job.py:190} INFO - Processing /app/env/lib/python3.8/site-packages/airflow/example_dags/example_latest_only_with_trigger.py took 0.064 seconds
[2022-02-18 12:49:57,603] {scheduler_job.py:182} INFO - Started process (PID=436) to work on /app/env/lib/python3.8/site-packages/airflow/example_dags/example_latest_only_with_trigger.py
[2022-02-18 12:49:57,604] {scheduler_job.py:629} INFO - Processing file /app/env/lib/python3.8/site-packages/airflow/example_dags/example_latest_only_with_trigger.py for tasks to queue
[2022-02-18 12:49:57,605] {logging_mixin.py:104} INFO - [2022-02-18 12:49:57,605] {dagbag.py:448} INFO - Filling up the DagBag from /app/env/lib/python3.8/site-packages/airflow/example_dags/example_latest_only_with_trigger.py
[2022-02-18 12:49:57,620] {scheduler_job.py:639} INFO - DAG(s) dict_keys(['latest_only_with_trigger']) retrieved from /app/env/lib/python3.8/site-packages/airflow/example_dags/example_latest_only_with_trigger.py
[2022-02-18 12:49:57,639] {logging_mixin.py:104} INFO - [2022-02-18 12:49:57,639] {dag.py:1818} INFO - Sync 1 DAGs
[2022-02-18 12:49:57,654] {logging_mixin.py:104} INFO - [2022-02-18 12:49:57,654] {dag.py:2273} INFO - Setting next_dagrun for latest_only_with_trigger to 2022-02-16 00:00:00+00:00
[2022-02-18 12:49:57,663] {scheduler_job.py:190} INFO - Processing /app/env/lib/python3.8/site-packages/airflow/example_dags/example_latest_only_with_trigger.py took 0.065 seconds
[2022-02-18 12:50:27,905] {scheduler_job.py:182} INFO - Started process (PID=466) to work on /app/env/lib/python3.8/site-packages/airflow/example_dags/example_latest_only_with_trigger.py
[2022-02-18 12:50:27,906] {scheduler_job.py:629} INFO - Processing file /app/env/lib/python3.8/site-packages/airflow/example_dags/example_latest_only_with_trigger.py for tasks to queue
[2022-02-18 12:50:27,907] {logging_mixin.py:104} INFO - [2022-02-18 12:50:27,907] {dagbag.py:448} INFO - Filling up the DagBag from /app/env/lib/python3.8/site-packages/airflow/example_dags/example_latest_only_with_trigger.py
[2022-02-18 12:50:27,923] {scheduler_job.py:639} INFO - DAG(s) dict_keys(['latest_only_with_trigger']) retrieved from /app/env/lib/python3.8/site-packages/airflow/example_dags/example_latest_only_with_trigger.py
[2022-02-18 12:50:27,946] {logging_mixin.py:104} INFO - [2022-02-18 12:50:27,946] {dag.py:1818} INFO - Sync 1 DAGs
[2022-02-18 12:50:27,962] {logging_mixin.py:104} INFO - [2022-02-18 12:50:27,962] {dag.py:2273} INFO - Setting next_dagrun for latest_only_with_trigger to 2022-02-16 00:00:00+00:00
[2022-02-18 12:50:27,971] {scheduler_job.py:190} INFO - Processing /app/env/lib/python3.8/site-packages/airflow/example_dags/example_latest_only_with_trigger.py took 0.072 seconds
[2022-02-18 12:50:58,942] {scheduler_job.py:182} INFO - Started process (PID=496) to work on /app/env/lib/python3.8/site-packages/airflow/example_dags/example_latest_only_with_trigger.py
[2022-02-18 12:50:58,943] {scheduler_job.py:629} INFO - Processing file /app/env/lib/python3.8/site-packages/airflow/example_dags/example_latest_only_with_trigger.py for tasks to queue
[2022-02-18 12:50:58,944] {logging_mixin.py:104} INFO - [2022-02-18 12:50:58,944] {dagbag.py:448} INFO - Filling up the DagBag from /app/env/lib/python3.8/site-packages/airflow/example_dags/example_latest_only_with_trigger.py
[2022-02-18 12:50:58,957] {scheduler_job.py:639} INFO - DAG(s) dict_keys(['latest_only_with_trigger']) retrieved from /app/env/lib/python3.8/site-packages/airflow/example_dags/example_latest_only_with_trigger.py
[2022-02-18 12:50:58,976] {logging_mixin.py:104} INFO - [2022-02-18 12:50:58,976] {dag.py:1818} INFO - Sync 1 DAGs
[2022-02-18 12:50:58,990] {logging_mixin.py:104} INFO - [2022-02-18 12:50:58,989] {dag.py:2273} INFO - Setting next_dagrun for latest_only_with_trigger to 2022-02-16 00:00:00+00:00
[2022-02-18 12:50:58,998] {scheduler_job.py:190} INFO - Processing /app/env/lib/python3.8/site-packages/airflow/example_dags/example_latest_only_with_trigger.py took 0.062 seconds
[2022-02-18 12:51:29,735] {scheduler_job.py:182} INFO - Started process (PID=526) to work on /app/env/lib/python3.8/site-packages/airflow/example_dags/example_latest_only_with_trigger.py
[2022-02-18 12:51:29,736] {scheduler_job.py:629} INFO - Processing file /app/env/lib/python3.8/site-packages/airflow/example_dags/example_latest_only_with_trigger.py for tasks to queue
[2022-02-18 12:51:29,737] {logging_mixin.py:104} INFO - [2022-02-18 12:51:29,737] {dagbag.py:448} INFO - Filling up the DagBag from /app/env/lib/python3.8/site-packages/airflow/example_dags/example_latest_only_with_trigger.py
[2022-02-18 12:51:29,752] {scheduler_job.py:639} INFO - DAG(s) dict_keys(['latest_only_with_trigger']) retrieved from /app/env/lib/python3.8/site-packages/airflow/example_dags/example_latest_only_with_trigger.py
[2022-02-18 12:51:29,772] {logging_mixin.py:104} INFO - [2022-02-18 12:51:29,772] {dag.py:1818} INFO - Sync 1 DAGs
[2022-02-18 12:51:29,786] {logging_mixin.py:104} INFO - [2022-02-18 12:51:29,786] {dag.py:2273} INFO - Setting next_dagrun for latest_only_with_trigger to 2022-02-16 00:00:00+00:00
[2022-02-18 12:51:29,796] {scheduler_job.py:190} INFO - Processing /app/env/lib/python3.8/site-packages/airflow/example_dags/example_latest_only_with_trigger.py took 0.065 seconds
[2022-02-18 12:52:00,162] {scheduler_job.py:182} INFO - Started process (PID=556) to work on /app/env/lib/python3.8/site-packages/airflow/example_dags/example_latest_only_with_trigger.py
[2022-02-18 12:52:00,164] {scheduler_job.py:629} INFO - Processing file /app/env/lib/python3.8/site-packages/airflow/example_dags/example_latest_only_with_trigger.py for tasks to queue
[2022-02-18 12:52:00,165] {logging_mixin.py:104} INFO - [2022-02-18 12:52:00,165] {dagbag.py:448} INFO - Filling up the DagBag from /app/env/lib/python3.8/site-packages/airflow/example_dags/example_latest_only_with_trigger.py
[2022-02-18 12:52:00,180] {scheduler_job.py:639} INFO - DAG(s) dict_keys(['latest_only_with_trigger']) retrieved from /app/env/lib/python3.8/site-packages/airflow/example_dags/example_latest_only_with_trigger.py
[2022-02-18 12:52:00,205] {logging_mixin.py:104} INFO - [2022-02-18 12:52:00,205] {dag.py:1818} INFO - Sync 1 DAGs
[2022-02-18 12:52:00,224] {logging_mixin.py:104} INFO - [2022-02-18 12:52:00,224] {dag.py:2273} INFO - Setting next_dagrun for latest_only_with_trigger to 2022-02-16 00:00:00+00:00
[2022-02-18 12:52:00,234] {scheduler_job.py:190} INFO - Processing /app/env/lib/python3.8/site-packages/airflow/example_dags/example_latest_only_with_trigger.py took 0.076 seconds
[2022-02-18 12:52:31,083] {scheduler_job.py:182} INFO - Started process (PID=586) to work on /app/env/lib/python3.8/site-packages/airflow/example_dags/example_latest_only_with_trigger.py
[2022-02-18 12:52:31,084] {scheduler_job.py:629} INFO - Processing file /app/env/lib/python3.8/site-packages/airflow/example_dags/example_latest_only_with_trigger.py for tasks to queue
[2022-02-18 12:52:31,085] {logging_mixin.py:104} INFO - [2022-02-18 12:52:31,085] {dagbag.py:448} INFO - Filling up the DagBag from /app/env/lib/python3.8/site-packages/airflow/example_dags/example_latest_only_with_trigger.py
[2022-02-18 12:52:31,097] {scheduler_job.py:639} INFO - DAG(s) dict_keys(['latest_only_with_trigger']) retrieved from /app/env/lib/python3.8/site-packages/airflow/example_dags/example_latest_only_with_trigger.py
[2022-02-18 12:52:31,114] {logging_mixin.py:104} INFO - [2022-02-18 12:52:31,114] {dag.py:1818} INFO - Sync 1 DAGs
[2022-02-18 12:52:31,126] {logging_mixin.py:104} INFO - [2022-02-18 12:52:31,126] {dag.py:2273} INFO - Setting next_dagrun for latest_only_with_trigger to 2022-02-16 00:00:00+00:00
[2022-02-18 12:52:31,134] {scheduler_job.py:190} INFO - Processing /app/env/lib/python3.8/site-packages/airflow/example_dags/example_latest_only_with_trigger.py took 0.054 seconds
[2022-02-18 12:53:01,859] {scheduler_job.py:182} INFO - Started process (PID=616) to work on /app/env/lib/python3.8/site-packages/airflow/example_dags/example_latest_only_with_trigger.py
[2022-02-18 12:53:01,860] {scheduler_job.py:629} INFO - Processing file /app/env/lib/python3.8/site-packages/airflow/example_dags/example_latest_only_with_trigger.py for tasks to queue
[2022-02-18 12:53:01,861] {logging_mixin.py:104} INFO - [2022-02-18 12:53:01,861] {dagbag.py:448} INFO - Filling up the DagBag from /app/env/lib/python3.8/site-packages/airflow/example_dags/example_latest_only_with_trigger.py
[2022-02-18 12:53:01,870] {scheduler_job.py:639} INFO - DAG(s) dict_keys(['latest_only_with_trigger']) retrieved from /app/env/lib/python3.8/site-packages/airflow/example_dags/example_latest_only_with_trigger.py
[2022-02-18 12:53:01,887] {logging_mixin.py:104} INFO - [2022-02-18 12:53:01,887] {dag.py:1818} INFO - Sync 1 DAGs
[2022-02-18 12:53:01,898] {logging_mixin.py:104} INFO - [2022-02-18 12:53:01,898] {dag.py:2273} INFO - Setting next_dagrun for latest_only_with_trigger to 2022-02-16 00:00:00+00:00
[2022-02-18 12:53:01,906] {scheduler_job.py:190} INFO - Processing /app/env/lib/python3.8/site-packages/airflow/example_dags/example_latest_only_with_trigger.py took 0.051 seconds
[2022-02-18 12:53:32,140] {scheduler_job.py:182} INFO - Started process (PID=646) to work on /app/env/lib/python3.8/site-packages/airflow/example_dags/example_latest_only_with_trigger.py
[2022-02-18 12:53:32,142] {scheduler_job.py:629} INFO - Processing file /app/env/lib/python3.8/site-packages/airflow/example_dags/example_latest_only_with_trigger.py for tasks to queue
[2022-02-18 12:53:32,143] {logging_mixin.py:104} INFO - [2022-02-18 12:53:32,143] {dagbag.py:448} INFO - Filling up the DagBag from /app/env/lib/python3.8/site-packages/airflow/example_dags/example_latest_only_with_trigger.py
[2022-02-18 12:53:32,161] {scheduler_job.py:639} INFO - DAG(s) dict_keys(['latest_only_with_trigger']) retrieved from /app/env/lib/python3.8/site-packages/airflow/example_dags/example_latest_only_with_trigger.py
[2022-02-18 12:53:32,183] {logging_mixin.py:104} INFO - [2022-02-18 12:53:32,182] {dag.py:1818} INFO - Sync 1 DAGs
[2022-02-18 12:53:32,198] {logging_mixin.py:104} INFO - [2022-02-18 12:53:32,198] {dag.py:2273} INFO - Setting next_dagrun for latest_only_with_trigger to 2022-02-16 00:00:00+00:00
[2022-02-18 12:53:32,208] {scheduler_job.py:190} INFO - Processing /app/env/lib/python3.8/site-packages/airflow/example_dags/example_latest_only_with_trigger.py took 0.074 seconds
