[2022-02-18 12:43:44,730] {scheduler_job.py:182} INFO - Started process (PID=52) to work on /app/env/lib/python3.8/site-packages/airflow/example_dags/example_kubernetes_executor_config.py
[2022-02-18 12:43:44,731] {scheduler_job.py:629} INFO - Processing file /app/env/lib/python3.8/site-packages/airflow/example_dags/example_kubernetes_executor_config.py for tasks to queue
[2022-02-18 12:43:44,731] {logging_mixin.py:104} INFO - [2022-02-18 12:43:44,731] {dagbag.py:448} INFO - Filling up the DagBag from /app/env/lib/python3.8/site-packages/airflow/example_dags/example_kubernetes_executor_config.py
[2022-02-18 12:43:44,736] {logging_mixin.py:104} INFO - [2022-02-18 12:43:44,736] {example_kubernetes_executor_config.py:174} WARNING - Could not import DAGs in example_kubernetes_executor_config.py: No module named 'kubernetes'
[2022-02-18 12:43:44,736] {logging_mixin.py:104} INFO - [2022-02-18 12:43:44,736] {example_kubernetes_executor_config.py:175} WARNING - Install kubernetes dependencies with: pip install apache-airflow['cncf.kubernetes']
[2022-02-18 12:43:44,736] {scheduler_job.py:641} WARNING - No viable dags retrieved from /app/env/lib/python3.8/site-packages/airflow/example_dags/example_kubernetes_executor_config.py
[2022-02-18 12:43:44,753] {scheduler_job.py:190} INFO - Processing /app/env/lib/python3.8/site-packages/airflow/example_dags/example_kubernetes_executor_config.py took 0.025 seconds
[2022-02-18 12:44:15,601] {scheduler_job.py:182} INFO - Started process (PID=100) to work on /app/env/lib/python3.8/site-packages/airflow/example_dags/example_kubernetes_executor_config.py
[2022-02-18 12:44:15,603] {scheduler_job.py:629} INFO - Processing file /app/env/lib/python3.8/site-packages/airflow/example_dags/example_kubernetes_executor_config.py for tasks to queue
[2022-02-18 12:44:15,604] {logging_mixin.py:104} INFO - [2022-02-18 12:44:15,604] {dagbag.py:448} INFO - Filling up the DagBag from /app/env/lib/python3.8/site-packages/airflow/example_dags/example_kubernetes_executor_config.py
[2022-02-18 12:44:15,617] {logging_mixin.py:104} INFO - [2022-02-18 12:44:15,617] {example_kubernetes_executor_config.py:174} WARNING - Could not import DAGs in example_kubernetes_executor_config.py: No module named 'kubernetes'
[2022-02-18 12:44:15,617] {logging_mixin.py:104} INFO - [2022-02-18 12:44:15,617] {example_kubernetes_executor_config.py:175} WARNING - Install kubernetes dependencies with: pip install apache-airflow['cncf.kubernetes']
[2022-02-18 12:44:15,618] {scheduler_job.py:641} WARNING - No viable dags retrieved from /app/env/lib/python3.8/site-packages/airflow/example_dags/example_kubernetes_executor_config.py
[2022-02-18 12:44:15,629] {scheduler_job.py:190} INFO - Processing /app/env/lib/python3.8/site-packages/airflow/example_dags/example_kubernetes_executor_config.py took 0.034 seconds
[2022-02-18 12:44:46,363] {scheduler_job.py:182} INFO - Started process (PID=132) to work on /app/env/lib/python3.8/site-packages/airflow/example_dags/example_kubernetes_executor_config.py
[2022-02-18 12:44:46,364] {scheduler_job.py:629} INFO - Processing file /app/env/lib/python3.8/site-packages/airflow/example_dags/example_kubernetes_executor_config.py for tasks to queue
[2022-02-18 12:44:46,365] {logging_mixin.py:104} INFO - [2022-02-18 12:44:46,365] {dagbag.py:448} INFO - Filling up the DagBag from /app/env/lib/python3.8/site-packages/airflow/example_dags/example_kubernetes_executor_config.py
[2022-02-18 12:44:46,372] {logging_mixin.py:104} INFO - [2022-02-18 12:44:46,372] {example_kubernetes_executor_config.py:174} WARNING - Could not import DAGs in example_kubernetes_executor_config.py: No module named 'kubernetes'
[2022-02-18 12:44:46,372] {logging_mixin.py:104} INFO - [2022-02-18 12:44:46,372] {example_kubernetes_executor_config.py:175} WARNING - Install kubernetes dependencies with: pip install apache-airflow['cncf.kubernetes']
[2022-02-18 12:44:46,372] {scheduler_job.py:641} WARNING - No viable dags retrieved from /app/env/lib/python3.8/site-packages/airflow/example_dags/example_kubernetes_executor_config.py
[2022-02-18 12:44:46,378] {scheduler_job.py:190} INFO - Processing /app/env/lib/python3.8/site-packages/airflow/example_dags/example_kubernetes_executor_config.py took 0.020 seconds
[2022-02-18 12:45:17,233] {scheduler_job.py:182} INFO - Started process (PID=162) to work on /app/env/lib/python3.8/site-packages/airflow/example_dags/example_kubernetes_executor_config.py
[2022-02-18 12:45:17,234] {scheduler_job.py:629} INFO - Processing file /app/env/lib/python3.8/site-packages/airflow/example_dags/example_kubernetes_executor_config.py for tasks to queue
[2022-02-18 12:45:17,235] {logging_mixin.py:104} INFO - [2022-02-18 12:45:17,235] {dagbag.py:448} INFO - Filling up the DagBag from /app/env/lib/python3.8/site-packages/airflow/example_dags/example_kubernetes_executor_config.py
[2022-02-18 12:45:17,244] {logging_mixin.py:104} INFO - [2022-02-18 12:45:17,244] {example_kubernetes_executor_config.py:174} WARNING - Could not import DAGs in example_kubernetes_executor_config.py: No module named 'kubernetes'
[2022-02-18 12:45:17,244] {logging_mixin.py:104} INFO - [2022-02-18 12:45:17,244] {example_kubernetes_executor_config.py:175} WARNING - Install kubernetes dependencies with: pip install apache-airflow['cncf.kubernetes']
[2022-02-18 12:45:17,244] {scheduler_job.py:641} WARNING - No viable dags retrieved from /app/env/lib/python3.8/site-packages/airflow/example_dags/example_kubernetes_executor_config.py
[2022-02-18 12:45:17,253] {scheduler_job.py:190} INFO - Processing /app/env/lib/python3.8/site-packages/airflow/example_dags/example_kubernetes_executor_config.py took 0.023 seconds
[2022-02-18 12:45:47,982] {scheduler_job.py:182} INFO - Started process (PID=192) to work on /app/env/lib/python3.8/site-packages/airflow/example_dags/example_kubernetes_executor_config.py
[2022-02-18 12:45:47,983] {scheduler_job.py:629} INFO - Processing file /app/env/lib/python3.8/site-packages/airflow/example_dags/example_kubernetes_executor_config.py for tasks to queue
[2022-02-18 12:45:47,984] {logging_mixin.py:104} INFO - [2022-02-18 12:45:47,984] {dagbag.py:448} INFO - Filling up the DagBag from /app/env/lib/python3.8/site-packages/airflow/example_dags/example_kubernetes_executor_config.py
[2022-02-18 12:45:47,991] {logging_mixin.py:104} INFO - [2022-02-18 12:45:47,991] {example_kubernetes_executor_config.py:174} WARNING - Could not import DAGs in example_kubernetes_executor_config.py: No module named 'kubernetes'
[2022-02-18 12:45:47,992] {logging_mixin.py:104} INFO - [2022-02-18 12:45:47,991] {example_kubernetes_executor_config.py:175} WARNING - Install kubernetes dependencies with: pip install apache-airflow['cncf.kubernetes']
[2022-02-18 12:45:47,992] {scheduler_job.py:641} WARNING - No viable dags retrieved from /app/env/lib/python3.8/site-packages/airflow/example_dags/example_kubernetes_executor_config.py
[2022-02-18 12:45:47,998] {scheduler_job.py:190} INFO - Processing /app/env/lib/python3.8/site-packages/airflow/example_dags/example_kubernetes_executor_config.py took 0.020 seconds
[2022-02-18 12:46:18,736] {scheduler_job.py:182} INFO - Started process (PID=222) to work on /app/env/lib/python3.8/site-packages/airflow/example_dags/example_kubernetes_executor_config.py
[2022-02-18 12:46:18,737] {scheduler_job.py:629} INFO - Processing file /app/env/lib/python3.8/site-packages/airflow/example_dags/example_kubernetes_executor_config.py for tasks to queue
[2022-02-18 12:46:18,737] {logging_mixin.py:104} INFO - [2022-02-18 12:46:18,737] {dagbag.py:448} INFO - Filling up the DagBag from /app/env/lib/python3.8/site-packages/airflow/example_dags/example_kubernetes_executor_config.py
[2022-02-18 12:46:18,742] {logging_mixin.py:104} INFO - [2022-02-18 12:46:18,742] {example_kubernetes_executor_config.py:174} WARNING - Could not import DAGs in example_kubernetes_executor_config.py: No module named 'kubernetes'
[2022-02-18 12:46:18,742] {logging_mixin.py:104} INFO - [2022-02-18 12:46:18,742] {example_kubernetes_executor_config.py:175} WARNING - Install kubernetes dependencies with: pip install apache-airflow['cncf.kubernetes']
[2022-02-18 12:46:18,742] {scheduler_job.py:641} WARNING - No viable dags retrieved from /app/env/lib/python3.8/site-packages/airflow/example_dags/example_kubernetes_executor_config.py
[2022-02-18 12:46:18,747] {scheduler_job.py:190} INFO - Processing /app/env/lib/python3.8/site-packages/airflow/example_dags/example_kubernetes_executor_config.py took 0.014 seconds
[2022-02-18 12:46:49,484] {scheduler_job.py:182} INFO - Started process (PID=252) to work on /app/env/lib/python3.8/site-packages/airflow/example_dags/example_kubernetes_executor_config.py
[2022-02-18 12:46:49,486] {scheduler_job.py:629} INFO - Processing file /app/env/lib/python3.8/site-packages/airflow/example_dags/example_kubernetes_executor_config.py for tasks to queue
[2022-02-18 12:46:49,487] {logging_mixin.py:104} INFO - [2022-02-18 12:46:49,487] {dagbag.py:448} INFO - Filling up the DagBag from /app/env/lib/python3.8/site-packages/airflow/example_dags/example_kubernetes_executor_config.py
[2022-02-18 12:46:49,501] {logging_mixin.py:104} INFO - [2022-02-18 12:46:49,501] {example_kubernetes_executor_config.py:174} WARNING - Could not import DAGs in example_kubernetes_executor_config.py: No module named 'kubernetes'
[2022-02-18 12:46:49,501] {logging_mixin.py:104} INFO - [2022-02-18 12:46:49,501] {example_kubernetes_executor_config.py:175} WARNING - Install kubernetes dependencies with: pip install apache-airflow['cncf.kubernetes']
[2022-02-18 12:46:49,502] {scheduler_job.py:641} WARNING - No viable dags retrieved from /app/env/lib/python3.8/site-packages/airflow/example_dags/example_kubernetes_executor_config.py
[2022-02-18 12:46:49,513] {scheduler_job.py:190} INFO - Processing /app/env/lib/python3.8/site-packages/airflow/example_dags/example_kubernetes_executor_config.py took 0.034 seconds
[2022-02-18 12:47:20,222] {scheduler_job.py:182} INFO - Started process (PID=282) to work on /app/env/lib/python3.8/site-packages/airflow/example_dags/example_kubernetes_executor_config.py
[2022-02-18 12:47:20,224] {scheduler_job.py:629} INFO - Processing file /app/env/lib/python3.8/site-packages/airflow/example_dags/example_kubernetes_executor_config.py for tasks to queue
[2022-02-18 12:47:20,224] {logging_mixin.py:104} INFO - [2022-02-18 12:47:20,224] {dagbag.py:448} INFO - Filling up the DagBag from /app/env/lib/python3.8/site-packages/airflow/example_dags/example_kubernetes_executor_config.py
[2022-02-18 12:47:20,237] {logging_mixin.py:104} INFO - [2022-02-18 12:47:20,237] {example_kubernetes_executor_config.py:174} WARNING - Could not import DAGs in example_kubernetes_executor_config.py: No module named 'kubernetes'
[2022-02-18 12:47:20,237] {logging_mixin.py:104} INFO - [2022-02-18 12:47:20,237] {example_kubernetes_executor_config.py:175} WARNING - Install kubernetes dependencies with: pip install apache-airflow['cncf.kubernetes']
[2022-02-18 12:47:20,238] {scheduler_job.py:641} WARNING - No viable dags retrieved from /app/env/lib/python3.8/site-packages/airflow/example_dags/example_kubernetes_executor_config.py
[2022-02-18 12:47:20,250] {scheduler_job.py:190} INFO - Processing /app/env/lib/python3.8/site-packages/airflow/example_dags/example_kubernetes_executor_config.py took 0.033 seconds
[2022-02-18 12:47:50,984] {scheduler_job.py:182} INFO - Started process (PID=312) to work on /app/env/lib/python3.8/site-packages/airflow/example_dags/example_kubernetes_executor_config.py
[2022-02-18 12:47:50,986] {scheduler_job.py:629} INFO - Processing file /app/env/lib/python3.8/site-packages/airflow/example_dags/example_kubernetes_executor_config.py for tasks to queue
[2022-02-18 12:47:50,987] {logging_mixin.py:104} INFO - [2022-02-18 12:47:50,987] {dagbag.py:448} INFO - Filling up the DagBag from /app/env/lib/python3.8/site-packages/airflow/example_dags/example_kubernetes_executor_config.py
[2022-02-18 12:47:51,000] {logging_mixin.py:104} INFO - [2022-02-18 12:47:51,000] {example_kubernetes_executor_config.py:174} WARNING - Could not import DAGs in example_kubernetes_executor_config.py: No module named 'kubernetes'
[2022-02-18 12:47:51,000] {logging_mixin.py:104} INFO - [2022-02-18 12:47:51,000] {example_kubernetes_executor_config.py:175} WARNING - Install kubernetes dependencies with: pip install apache-airflow['cncf.kubernetes']
[2022-02-18 12:47:51,001] {scheduler_job.py:641} WARNING - No viable dags retrieved from /app/env/lib/python3.8/site-packages/airflow/example_dags/example_kubernetes_executor_config.py
[2022-02-18 12:47:51,013] {scheduler_job.py:190} INFO - Processing /app/env/lib/python3.8/site-packages/airflow/example_dags/example_kubernetes_executor_config.py took 0.035 seconds
[2022-02-18 12:48:21,673] {scheduler_job.py:182} INFO - Started process (PID=342) to work on /app/env/lib/python3.8/site-packages/airflow/example_dags/example_kubernetes_executor_config.py
[2022-02-18 12:48:21,674] {scheduler_job.py:629} INFO - Processing file /app/env/lib/python3.8/site-packages/airflow/example_dags/example_kubernetes_executor_config.py for tasks to queue
[2022-02-18 12:48:21,676] {logging_mixin.py:104} INFO - [2022-02-18 12:48:21,675] {dagbag.py:448} INFO - Filling up the DagBag from /app/env/lib/python3.8/site-packages/airflow/example_dags/example_kubernetes_executor_config.py
[2022-02-18 12:48:21,686] {logging_mixin.py:104} INFO - [2022-02-18 12:48:21,686] {example_kubernetes_executor_config.py:174} WARNING - Could not import DAGs in example_kubernetes_executor_config.py: No module named 'kubernetes'
[2022-02-18 12:48:21,686] {logging_mixin.py:104} INFO - [2022-02-18 12:48:21,686] {example_kubernetes_executor_config.py:175} WARNING - Install kubernetes dependencies with: pip install apache-airflow['cncf.kubernetes']
[2022-02-18 12:48:21,687] {scheduler_job.py:641} WARNING - No viable dags retrieved from /app/env/lib/python3.8/site-packages/airflow/example_dags/example_kubernetes_executor_config.py
[2022-02-18 12:48:21,695] {scheduler_job.py:190} INFO - Processing /app/env/lib/python3.8/site-packages/airflow/example_dags/example_kubernetes_executor_config.py took 0.028 seconds
[2022-02-18 12:48:52,298] {scheduler_job.py:182} INFO - Started process (PID=372) to work on /app/env/lib/python3.8/site-packages/airflow/example_dags/example_kubernetes_executor_config.py
[2022-02-18 12:48:52,300] {scheduler_job.py:629} INFO - Processing file /app/env/lib/python3.8/site-packages/airflow/example_dags/example_kubernetes_executor_config.py for tasks to queue
[2022-02-18 12:48:52,301] {logging_mixin.py:104} INFO - [2022-02-18 12:48:52,301] {dagbag.py:448} INFO - Filling up the DagBag from /app/env/lib/python3.8/site-packages/airflow/example_dags/example_kubernetes_executor_config.py
[2022-02-18 12:48:52,314] {logging_mixin.py:104} INFO - [2022-02-18 12:48:52,314] {example_kubernetes_executor_config.py:174} WARNING - Could not import DAGs in example_kubernetes_executor_config.py: No module named 'kubernetes'
[2022-02-18 12:48:52,314] {logging_mixin.py:104} INFO - [2022-02-18 12:48:52,314] {example_kubernetes_executor_config.py:175} WARNING - Install kubernetes dependencies with: pip install apache-airflow['cncf.kubernetes']
[2022-02-18 12:48:52,314] {scheduler_job.py:641} WARNING - No viable dags retrieved from /app/env/lib/python3.8/site-packages/airflow/example_dags/example_kubernetes_executor_config.py
[2022-02-18 12:48:52,324] {scheduler_job.py:190} INFO - Processing /app/env/lib/python3.8/site-packages/airflow/example_dags/example_kubernetes_executor_config.py took 0.031 seconds
[2022-02-18 12:49:23,106] {scheduler_job.py:182} INFO - Started process (PID=402) to work on /app/env/lib/python3.8/site-packages/airflow/example_dags/example_kubernetes_executor_config.py
[2022-02-18 12:49:23,108] {scheduler_job.py:629} INFO - Processing file /app/env/lib/python3.8/site-packages/airflow/example_dags/example_kubernetes_executor_config.py for tasks to queue
[2022-02-18 12:49:23,108] {logging_mixin.py:104} INFO - [2022-02-18 12:49:23,108] {dagbag.py:448} INFO - Filling up the DagBag from /app/env/lib/python3.8/site-packages/airflow/example_dags/example_kubernetes_executor_config.py
[2022-02-18 12:49:23,116] {logging_mixin.py:104} INFO - [2022-02-18 12:49:23,116] {example_kubernetes_executor_config.py:174} WARNING - Could not import DAGs in example_kubernetes_executor_config.py: No module named 'kubernetes'
[2022-02-18 12:49:23,116] {logging_mixin.py:104} INFO - [2022-02-18 12:49:23,116] {example_kubernetes_executor_config.py:175} WARNING - Install kubernetes dependencies with: pip install apache-airflow['cncf.kubernetes']
[2022-02-18 12:49:23,117] {scheduler_job.py:641} WARNING - No viable dags retrieved from /app/env/lib/python3.8/site-packages/airflow/example_dags/example_kubernetes_executor_config.py
[2022-02-18 12:49:23,124] {scheduler_job.py:190} INFO - Processing /app/env/lib/python3.8/site-packages/airflow/example_dags/example_kubernetes_executor_config.py took 0.021 seconds
[2022-02-18 12:49:53,735] {scheduler_job.py:182} INFO - Started process (PID=432) to work on /app/env/lib/python3.8/site-packages/airflow/example_dags/example_kubernetes_executor_config.py
[2022-02-18 12:49:53,736] {scheduler_job.py:629} INFO - Processing file /app/env/lib/python3.8/site-packages/airflow/example_dags/example_kubernetes_executor_config.py for tasks to queue
[2022-02-18 12:49:53,736] {logging_mixin.py:104} INFO - [2022-02-18 12:49:53,736] {dagbag.py:448} INFO - Filling up the DagBag from /app/env/lib/python3.8/site-packages/airflow/example_dags/example_kubernetes_executor_config.py
[2022-02-18 12:49:53,742] {logging_mixin.py:104} INFO - [2022-02-18 12:49:53,742] {example_kubernetes_executor_config.py:174} WARNING - Could not import DAGs in example_kubernetes_executor_config.py: No module named 'kubernetes'
[2022-02-18 12:49:53,742] {logging_mixin.py:104} INFO - [2022-02-18 12:49:53,742] {example_kubernetes_executor_config.py:175} WARNING - Install kubernetes dependencies with: pip install apache-airflow['cncf.kubernetes']
[2022-02-18 12:49:53,742] {scheduler_job.py:641} WARNING - No viable dags retrieved from /app/env/lib/python3.8/site-packages/airflow/example_dags/example_kubernetes_executor_config.py
[2022-02-18 12:49:53,748] {scheduler_job.py:190} INFO - Processing /app/env/lib/python3.8/site-packages/airflow/example_dags/example_kubernetes_executor_config.py took 0.015 seconds
[2022-02-18 12:50:24,267] {scheduler_job.py:182} INFO - Started process (PID=462) to work on /app/env/lib/python3.8/site-packages/airflow/example_dags/example_kubernetes_executor_config.py
[2022-02-18 12:50:24,269] {scheduler_job.py:629} INFO - Processing file /app/env/lib/python3.8/site-packages/airflow/example_dags/example_kubernetes_executor_config.py for tasks to queue
[2022-02-18 12:50:24,269] {logging_mixin.py:104} INFO - [2022-02-18 12:50:24,269] {dagbag.py:448} INFO - Filling up the DagBag from /app/env/lib/python3.8/site-packages/airflow/example_dags/example_kubernetes_executor_config.py
[2022-02-18 12:50:24,278] {logging_mixin.py:104} INFO - [2022-02-18 12:50:24,277] {example_kubernetes_executor_config.py:174} WARNING - Could not import DAGs in example_kubernetes_executor_config.py: No module named 'kubernetes'
[2022-02-18 12:50:24,278] {logging_mixin.py:104} INFO - [2022-02-18 12:50:24,278] {example_kubernetes_executor_config.py:175} WARNING - Install kubernetes dependencies with: pip install apache-airflow['cncf.kubernetes']
[2022-02-18 12:50:24,278] {scheduler_job.py:641} WARNING - No viable dags retrieved from /app/env/lib/python3.8/site-packages/airflow/example_dags/example_kubernetes_executor_config.py
[2022-02-18 12:50:24,288] {scheduler_job.py:190} INFO - Processing /app/env/lib/python3.8/site-packages/airflow/example_dags/example_kubernetes_executor_config.py took 0.025 seconds
[2022-02-18 12:50:54,940] {scheduler_job.py:182} INFO - Started process (PID=492) to work on /app/env/lib/python3.8/site-packages/airflow/example_dags/example_kubernetes_executor_config.py
[2022-02-18 12:50:54,941] {scheduler_job.py:629} INFO - Processing file /app/env/lib/python3.8/site-packages/airflow/example_dags/example_kubernetes_executor_config.py for tasks to queue
[2022-02-18 12:50:54,942] {logging_mixin.py:104} INFO - [2022-02-18 12:50:54,942] {dagbag.py:448} INFO - Filling up the DagBag from /app/env/lib/python3.8/site-packages/airflow/example_dags/example_kubernetes_executor_config.py
[2022-02-18 12:50:54,951] {logging_mixin.py:104} INFO - [2022-02-18 12:50:54,951] {example_kubernetes_executor_config.py:174} WARNING - Could not import DAGs in example_kubernetes_executor_config.py: No module named 'kubernetes'
[2022-02-18 12:50:54,951] {logging_mixin.py:104} INFO - [2022-02-18 12:50:54,951] {example_kubernetes_executor_config.py:175} WARNING - Install kubernetes dependencies with: pip install apache-airflow['cncf.kubernetes']
[2022-02-18 12:50:54,951] {scheduler_job.py:641} WARNING - No viable dags retrieved from /app/env/lib/python3.8/site-packages/airflow/example_dags/example_kubernetes_executor_config.py
[2022-02-18 12:50:54,959] {scheduler_job.py:190} INFO - Processing /app/env/lib/python3.8/site-packages/airflow/example_dags/example_kubernetes_executor_config.py took 0.022 seconds
[2022-02-18 12:51:25,734] {scheduler_job.py:182} INFO - Started process (PID=522) to work on /app/env/lib/python3.8/site-packages/airflow/example_dags/example_kubernetes_executor_config.py
[2022-02-18 12:51:25,735] {scheduler_job.py:629} INFO - Processing file /app/env/lib/python3.8/site-packages/airflow/example_dags/example_kubernetes_executor_config.py for tasks to queue
[2022-02-18 12:51:25,736] {logging_mixin.py:104} INFO - [2022-02-18 12:51:25,736] {dagbag.py:448} INFO - Filling up the DagBag from /app/env/lib/python3.8/site-packages/airflow/example_dags/example_kubernetes_executor_config.py
[2022-02-18 12:51:25,745] {logging_mixin.py:104} INFO - [2022-02-18 12:51:25,745] {example_kubernetes_executor_config.py:174} WARNING - Could not import DAGs in example_kubernetes_executor_config.py: No module named 'kubernetes'
[2022-02-18 12:51:25,745] {logging_mixin.py:104} INFO - [2022-02-18 12:51:25,745] {example_kubernetes_executor_config.py:175} WARNING - Install kubernetes dependencies with: pip install apache-airflow['cncf.kubernetes']
[2022-02-18 12:51:25,746] {scheduler_job.py:641} WARNING - No viable dags retrieved from /app/env/lib/python3.8/site-packages/airflow/example_dags/example_kubernetes_executor_config.py
[2022-02-18 12:51:25,754] {scheduler_job.py:190} INFO - Processing /app/env/lib/python3.8/site-packages/airflow/example_dags/example_kubernetes_executor_config.py took 0.024 seconds
[2022-02-18 12:51:56,421] {scheduler_job.py:182} INFO - Started process (PID=552) to work on /app/env/lib/python3.8/site-packages/airflow/example_dags/example_kubernetes_executor_config.py
[2022-02-18 12:51:56,422] {scheduler_job.py:629} INFO - Processing file /app/env/lib/python3.8/site-packages/airflow/example_dags/example_kubernetes_executor_config.py for tasks to queue
[2022-02-18 12:51:56,423] {logging_mixin.py:104} INFO - [2022-02-18 12:51:56,422] {dagbag.py:448} INFO - Filling up the DagBag from /app/env/lib/python3.8/site-packages/airflow/example_dags/example_kubernetes_executor_config.py
[2022-02-18 12:51:56,431] {logging_mixin.py:104} INFO - [2022-02-18 12:51:56,430] {example_kubernetes_executor_config.py:174} WARNING - Could not import DAGs in example_kubernetes_executor_config.py: No module named 'kubernetes'
[2022-02-18 12:51:56,431] {logging_mixin.py:104} INFO - [2022-02-18 12:51:56,431] {example_kubernetes_executor_config.py:175} WARNING - Install kubernetes dependencies with: pip install apache-airflow['cncf.kubernetes']
[2022-02-18 12:51:56,431] {scheduler_job.py:641} WARNING - No viable dags retrieved from /app/env/lib/python3.8/site-packages/airflow/example_dags/example_kubernetes_executor_config.py
[2022-02-18 12:51:56,436] {scheduler_job.py:190} INFO - Processing /app/env/lib/python3.8/site-packages/airflow/example_dags/example_kubernetes_executor_config.py took 0.019 seconds
[2022-02-18 12:52:27,081] {scheduler_job.py:182} INFO - Started process (PID=582) to work on /app/env/lib/python3.8/site-packages/airflow/example_dags/example_kubernetes_executor_config.py
[2022-02-18 12:52:27,082] {scheduler_job.py:629} INFO - Processing file /app/env/lib/python3.8/site-packages/airflow/example_dags/example_kubernetes_executor_config.py for tasks to queue
[2022-02-18 12:52:27,083] {logging_mixin.py:104} INFO - [2022-02-18 12:52:27,083] {dagbag.py:448} INFO - Filling up the DagBag from /app/env/lib/python3.8/site-packages/airflow/example_dags/example_kubernetes_executor_config.py
[2022-02-18 12:52:27,094] {logging_mixin.py:104} INFO - [2022-02-18 12:52:27,093] {example_kubernetes_executor_config.py:174} WARNING - Could not import DAGs in example_kubernetes_executor_config.py: No module named 'kubernetes'
[2022-02-18 12:52:27,094] {logging_mixin.py:104} INFO - [2022-02-18 12:52:27,094] {example_kubernetes_executor_config.py:175} WARNING - Install kubernetes dependencies with: pip install apache-airflow['cncf.kubernetes']
[2022-02-18 12:52:27,094] {scheduler_job.py:641} WARNING - No viable dags retrieved from /app/env/lib/python3.8/site-packages/airflow/example_dags/example_kubernetes_executor_config.py
[2022-02-18 12:52:27,103] {scheduler_job.py:190} INFO - Processing /app/env/lib/python3.8/site-packages/airflow/example_dags/example_kubernetes_executor_config.py took 0.025 seconds
[2022-02-18 12:52:57,859] {scheduler_job.py:182} INFO - Started process (PID=612) to work on /app/env/lib/python3.8/site-packages/airflow/example_dags/example_kubernetes_executor_config.py
[2022-02-18 12:52:57,860] {scheduler_job.py:629} INFO - Processing file /app/env/lib/python3.8/site-packages/airflow/example_dags/example_kubernetes_executor_config.py for tasks to queue
[2022-02-18 12:52:57,861] {logging_mixin.py:104} INFO - [2022-02-18 12:52:57,861] {dagbag.py:448} INFO - Filling up the DagBag from /app/env/lib/python3.8/site-packages/airflow/example_dags/example_kubernetes_executor_config.py
[2022-02-18 12:52:57,868] {logging_mixin.py:104} INFO - [2022-02-18 12:52:57,868] {example_kubernetes_executor_config.py:174} WARNING - Could not import DAGs in example_kubernetes_executor_config.py: No module named 'kubernetes'
[2022-02-18 12:52:57,868] {logging_mixin.py:104} INFO - [2022-02-18 12:52:57,868] {example_kubernetes_executor_config.py:175} WARNING - Install kubernetes dependencies with: pip install apache-airflow['cncf.kubernetes']
[2022-02-18 12:52:57,868] {scheduler_job.py:641} WARNING - No viable dags retrieved from /app/env/lib/python3.8/site-packages/airflow/example_dags/example_kubernetes_executor_config.py
[2022-02-18 12:52:57,874] {scheduler_job.py:190} INFO - Processing /app/env/lib/python3.8/site-packages/airflow/example_dags/example_kubernetes_executor_config.py took 0.019 seconds
[2022-02-18 12:53:28,700] {scheduler_job.py:182} INFO - Started process (PID=643) to work on /app/env/lib/python3.8/site-packages/airflow/example_dags/example_kubernetes_executor_config.py
[2022-02-18 12:53:28,701] {scheduler_job.py:629} INFO - Processing file /app/env/lib/python3.8/site-packages/airflow/example_dags/example_kubernetes_executor_config.py for tasks to queue
[2022-02-18 12:53:28,702] {logging_mixin.py:104} INFO - [2022-02-18 12:53:28,702] {dagbag.py:448} INFO - Filling up the DagBag from /app/env/lib/python3.8/site-packages/airflow/example_dags/example_kubernetes_executor_config.py
[2022-02-18 12:53:28,711] {logging_mixin.py:104} INFO - [2022-02-18 12:53:28,711] {example_kubernetes_executor_config.py:174} WARNING - Could not import DAGs in example_kubernetes_executor_config.py: No module named 'kubernetes'
[2022-02-18 12:53:28,711] {logging_mixin.py:104} INFO - [2022-02-18 12:53:28,711] {example_kubernetes_executor_config.py:175} WARNING - Install kubernetes dependencies with: pip install apache-airflow['cncf.kubernetes']
[2022-02-18 12:53:28,712] {scheduler_job.py:641} WARNING - No viable dags retrieved from /app/env/lib/python3.8/site-packages/airflow/example_dags/example_kubernetes_executor_config.py
[2022-02-18 12:53:28,723] {scheduler_job.py:190} INFO - Processing /app/env/lib/python3.8/site-packages/airflow/example_dags/example_kubernetes_executor_config.py took 0.027 seconds
