[2022-02-18 12:44:00,219] {scheduler_job.py:182} INFO - Started process (PID=68) to work on /app/env/lib/python3.8/site-packages/airflow/example_dags/example_trigger_target_dag.py
[2022-02-18 12:44:00,219] {scheduler_job.py:629} INFO - Processing file /app/env/lib/python3.8/site-packages/airflow/example_dags/example_trigger_target_dag.py for tasks to queue
[2022-02-18 12:44:00,220] {logging_mixin.py:104} INFO - [2022-02-18 12:44:00,220] {dagbag.py:448} INFO - Filling up the DagBag from /app/env/lib/python3.8/site-packages/airflow/example_dags/example_trigger_target_dag.py
[2022-02-18 12:44:00,229] {scheduler_job.py:639} INFO - DAG(s) dict_keys(['example_trigger_target_dag']) retrieved from /app/env/lib/python3.8/site-packages/airflow/example_dags/example_trigger_target_dag.py
[2022-02-18 12:44:00,247] {logging_mixin.py:104} INFO - [2022-02-18 12:44:00,247] {dag.py:1818} INFO - Sync 1 DAGs
[2022-02-18 12:44:00,262] {logging_mixin.py:104} INFO - [2022-02-18 12:44:00,262] {dag.py:2273} INFO - Setting next_dagrun for example_trigger_target_dag to None
[2022-02-18 12:44:00,275] {scheduler_job.py:190} INFO - Processing /app/env/lib/python3.8/site-packages/airflow/example_dags/example_trigger_target_dag.py took 0.060 seconds
[2022-02-18 12:44:32,238] {scheduler_job.py:182} INFO - Started process (PID=118) to work on /app/env/lib/python3.8/site-packages/airflow/example_dags/example_trigger_target_dag.py
[2022-02-18 12:44:32,240] {scheduler_job.py:629} INFO - Processing file /app/env/lib/python3.8/site-packages/airflow/example_dags/example_trigger_target_dag.py for tasks to queue
[2022-02-18 12:44:32,240] {logging_mixin.py:104} INFO - [2022-02-18 12:44:32,240] {dagbag.py:448} INFO - Filling up the DagBag from /app/env/lib/python3.8/site-packages/airflow/example_dags/example_trigger_target_dag.py
[2022-02-18 12:44:32,257] {scheduler_job.py:639} INFO - DAG(s) dict_keys(['example_trigger_target_dag']) retrieved from /app/env/lib/python3.8/site-packages/airflow/example_dags/example_trigger_target_dag.py
[2022-02-18 12:44:32,276] {logging_mixin.py:104} INFO - [2022-02-18 12:44:32,276] {dag.py:1818} INFO - Sync 1 DAGs
[2022-02-18 12:44:32,292] {logging_mixin.py:104} INFO - [2022-02-18 12:44:32,292] {dag.py:2273} INFO - Setting next_dagrun for example_trigger_target_dag to None
[2022-02-18 12:44:32,303] {scheduler_job.py:190} INFO - Processing /app/env/lib/python3.8/site-packages/airflow/example_dags/example_trigger_target_dag.py took 0.067 seconds
[2022-02-18 12:45:03,028] {scheduler_job.py:182} INFO - Started process (PID=148) to work on /app/env/lib/python3.8/site-packages/airflow/example_dags/example_trigger_target_dag.py
[2022-02-18 12:45:03,029] {scheduler_job.py:629} INFO - Processing file /app/env/lib/python3.8/site-packages/airflow/example_dags/example_trigger_target_dag.py for tasks to queue
[2022-02-18 12:45:03,030] {logging_mixin.py:104} INFO - [2022-02-18 12:45:03,029] {dagbag.py:448} INFO - Filling up the DagBag from /app/env/lib/python3.8/site-packages/airflow/example_dags/example_trigger_target_dag.py
[2022-02-18 12:45:03,044] {scheduler_job.py:639} INFO - DAG(s) dict_keys(['example_trigger_target_dag']) retrieved from /app/env/lib/python3.8/site-packages/airflow/example_dags/example_trigger_target_dag.py
[2022-02-18 12:45:03,062] {logging_mixin.py:104} INFO - [2022-02-18 12:45:03,062] {dag.py:1818} INFO - Sync 1 DAGs
[2022-02-18 12:45:03,077] {logging_mixin.py:104} INFO - [2022-02-18 12:45:03,077] {dag.py:2273} INFO - Setting next_dagrun for example_trigger_target_dag to None
[2022-02-18 12:45:03,089] {scheduler_job.py:190} INFO - Processing /app/env/lib/python3.8/site-packages/airflow/example_dags/example_trigger_target_dag.py took 0.065 seconds
[2022-02-18 12:45:33,877] {scheduler_job.py:182} INFO - Started process (PID=178) to work on /app/env/lib/python3.8/site-packages/airflow/example_dags/example_trigger_target_dag.py
[2022-02-18 12:45:33,878] {scheduler_job.py:629} INFO - Processing file /app/env/lib/python3.8/site-packages/airflow/example_dags/example_trigger_target_dag.py for tasks to queue
[2022-02-18 12:45:33,879] {logging_mixin.py:104} INFO - [2022-02-18 12:45:33,878] {dagbag.py:448} INFO - Filling up the DagBag from /app/env/lib/python3.8/site-packages/airflow/example_dags/example_trigger_target_dag.py
[2022-02-18 12:45:33,892] {scheduler_job.py:639} INFO - DAG(s) dict_keys(['example_trigger_target_dag']) retrieved from /app/env/lib/python3.8/site-packages/airflow/example_dags/example_trigger_target_dag.py
[2022-02-18 12:45:33,910] {logging_mixin.py:104} INFO - [2022-02-18 12:45:33,910] {dag.py:1818} INFO - Sync 1 DAGs
[2022-02-18 12:45:33,924] {logging_mixin.py:104} INFO - [2022-02-18 12:45:33,924] {dag.py:2273} INFO - Setting next_dagrun for example_trigger_target_dag to None
[2022-02-18 12:45:33,934] {scheduler_job.py:190} INFO - Processing /app/env/lib/python3.8/site-packages/airflow/example_dags/example_trigger_target_dag.py took 0.061 seconds
[2022-02-18 12:46:04,618] {scheduler_job.py:182} INFO - Started process (PID=208) to work on /app/env/lib/python3.8/site-packages/airflow/example_dags/example_trigger_target_dag.py
[2022-02-18 12:46:04,619] {scheduler_job.py:629} INFO - Processing file /app/env/lib/python3.8/site-packages/airflow/example_dags/example_trigger_target_dag.py for tasks to queue
[2022-02-18 12:46:04,620] {logging_mixin.py:104} INFO - [2022-02-18 12:46:04,620] {dagbag.py:448} INFO - Filling up the DagBag from /app/env/lib/python3.8/site-packages/airflow/example_dags/example_trigger_target_dag.py
[2022-02-18 12:46:04,634] {scheduler_job.py:639} INFO - DAG(s) dict_keys(['example_trigger_target_dag']) retrieved from /app/env/lib/python3.8/site-packages/airflow/example_dags/example_trigger_target_dag.py
[2022-02-18 12:46:04,653] {logging_mixin.py:104} INFO - [2022-02-18 12:46:04,653] {dag.py:1818} INFO - Sync 1 DAGs
[2022-02-18 12:46:04,667] {logging_mixin.py:104} INFO - [2022-02-18 12:46:04,667] {dag.py:2273} INFO - Setting next_dagrun for example_trigger_target_dag to None
[2022-02-18 12:46:04,677] {scheduler_job.py:190} INFO - Processing /app/env/lib/python3.8/site-packages/airflow/example_dags/example_trigger_target_dag.py took 0.063 seconds
[2022-02-18 12:46:35,371] {scheduler_job.py:182} INFO - Started process (PID=238) to work on /app/env/lib/python3.8/site-packages/airflow/example_dags/example_trigger_target_dag.py
[2022-02-18 12:46:35,372] {scheduler_job.py:629} INFO - Processing file /app/env/lib/python3.8/site-packages/airflow/example_dags/example_trigger_target_dag.py for tasks to queue
[2022-02-18 12:46:35,373] {logging_mixin.py:104} INFO - [2022-02-18 12:46:35,373] {dagbag.py:448} INFO - Filling up the DagBag from /app/env/lib/python3.8/site-packages/airflow/example_dags/example_trigger_target_dag.py
[2022-02-18 12:46:35,388] {scheduler_job.py:639} INFO - DAG(s) dict_keys(['example_trigger_target_dag']) retrieved from /app/env/lib/python3.8/site-packages/airflow/example_dags/example_trigger_target_dag.py
[2022-02-18 12:46:35,406] {logging_mixin.py:104} INFO - [2022-02-18 12:46:35,406] {dag.py:1818} INFO - Sync 1 DAGs
[2022-02-18 12:46:35,419] {logging_mixin.py:104} INFO - [2022-02-18 12:46:35,419] {dag.py:2273} INFO - Setting next_dagrun for example_trigger_target_dag to None
[2022-02-18 12:46:35,429] {scheduler_job.py:190} INFO - Processing /app/env/lib/python3.8/site-packages/airflow/example_dags/example_trigger_target_dag.py took 0.063 seconds
[2022-02-18 12:47:06,108] {scheduler_job.py:182} INFO - Started process (PID=268) to work on /app/env/lib/python3.8/site-packages/airflow/example_dags/example_trigger_target_dag.py
[2022-02-18 12:47:06,110] {scheduler_job.py:629} INFO - Processing file /app/env/lib/python3.8/site-packages/airflow/example_dags/example_trigger_target_dag.py for tasks to queue
[2022-02-18 12:47:06,111] {logging_mixin.py:104} INFO - [2022-02-18 12:47:06,110] {dagbag.py:448} INFO - Filling up the DagBag from /app/env/lib/python3.8/site-packages/airflow/example_dags/example_trigger_target_dag.py
[2022-02-18 12:47:06,129] {scheduler_job.py:639} INFO - DAG(s) dict_keys(['example_trigger_target_dag']) retrieved from /app/env/lib/python3.8/site-packages/airflow/example_dags/example_trigger_target_dag.py
[2022-02-18 12:47:06,147] {logging_mixin.py:104} INFO - [2022-02-18 12:47:06,146] {dag.py:1818} INFO - Sync 1 DAGs
[2022-02-18 12:47:06,161] {logging_mixin.py:104} INFO - [2022-02-18 12:47:06,161] {dag.py:2273} INFO - Setting next_dagrun for example_trigger_target_dag to None
[2022-02-18 12:47:06,170] {scheduler_job.py:190} INFO - Processing /app/env/lib/python3.8/site-packages/airflow/example_dags/example_trigger_target_dag.py took 0.067 seconds
[2022-02-18 12:47:36,867] {scheduler_job.py:182} INFO - Started process (PID=298) to work on /app/env/lib/python3.8/site-packages/airflow/example_dags/example_trigger_target_dag.py
[2022-02-18 12:47:36,869] {scheduler_job.py:629} INFO - Processing file /app/env/lib/python3.8/site-packages/airflow/example_dags/example_trigger_target_dag.py for tasks to queue
[2022-02-18 12:47:36,870] {logging_mixin.py:104} INFO - [2022-02-18 12:47:36,869] {dagbag.py:448} INFO - Filling up the DagBag from /app/env/lib/python3.8/site-packages/airflow/example_dags/example_trigger_target_dag.py
[2022-02-18 12:47:36,882] {scheduler_job.py:639} INFO - DAG(s) dict_keys(['example_trigger_target_dag']) retrieved from /app/env/lib/python3.8/site-packages/airflow/example_dags/example_trigger_target_dag.py
[2022-02-18 12:47:36,899] {logging_mixin.py:104} INFO - [2022-02-18 12:47:36,899] {dag.py:1818} INFO - Sync 1 DAGs
[2022-02-18 12:47:36,914] {logging_mixin.py:104} INFO - [2022-02-18 12:47:36,914] {dag.py:2273} INFO - Setting next_dagrun for example_trigger_target_dag to None
[2022-02-18 12:47:36,924] {scheduler_job.py:190} INFO - Processing /app/env/lib/python3.8/site-packages/airflow/example_dags/example_trigger_target_dag.py took 0.061 seconds
[2022-02-18 12:48:07,493] {scheduler_job.py:182} INFO - Started process (PID=328) to work on /app/env/lib/python3.8/site-packages/airflow/example_dags/example_trigger_target_dag.py
[2022-02-18 12:48:07,494] {scheduler_job.py:629} INFO - Processing file /app/env/lib/python3.8/site-packages/airflow/example_dags/example_trigger_target_dag.py for tasks to queue
[2022-02-18 12:48:07,494] {logging_mixin.py:104} INFO - [2022-02-18 12:48:07,494] {dagbag.py:448} INFO - Filling up the DagBag from /app/env/lib/python3.8/site-packages/airflow/example_dags/example_trigger_target_dag.py
[2022-02-18 12:48:07,504] {scheduler_job.py:639} INFO - DAG(s) dict_keys(['example_trigger_target_dag']) retrieved from /app/env/lib/python3.8/site-packages/airflow/example_dags/example_trigger_target_dag.py
[2022-02-18 12:48:07,515] {logging_mixin.py:104} INFO - [2022-02-18 12:48:07,515] {dag.py:1818} INFO - Sync 1 DAGs
[2022-02-18 12:48:07,524] {logging_mixin.py:104} INFO - [2022-02-18 12:48:07,524] {dag.py:2273} INFO - Setting next_dagrun for example_trigger_target_dag to None
[2022-02-18 12:48:07,530] {scheduler_job.py:190} INFO - Processing /app/env/lib/python3.8/site-packages/airflow/example_dags/example_trigger_target_dag.py took 0.040 seconds
[2022-02-18 12:48:38,180] {scheduler_job.py:182} INFO - Started process (PID=358) to work on /app/env/lib/python3.8/site-packages/airflow/example_dags/example_trigger_target_dag.py
[2022-02-18 12:48:38,181] {scheduler_job.py:629} INFO - Processing file /app/env/lib/python3.8/site-packages/airflow/example_dags/example_trigger_target_dag.py for tasks to queue
[2022-02-18 12:48:38,182] {logging_mixin.py:104} INFO - [2022-02-18 12:48:38,182] {dagbag.py:448} INFO - Filling up the DagBag from /app/env/lib/python3.8/site-packages/airflow/example_dags/example_trigger_target_dag.py
[2022-02-18 12:48:38,192] {scheduler_job.py:639} INFO - DAG(s) dict_keys(['example_trigger_target_dag']) retrieved from /app/env/lib/python3.8/site-packages/airflow/example_dags/example_trigger_target_dag.py
[2022-02-18 12:48:38,203] {logging_mixin.py:104} INFO - [2022-02-18 12:48:38,203] {dag.py:1818} INFO - Sync 1 DAGs
[2022-02-18 12:48:38,213] {logging_mixin.py:104} INFO - [2022-02-18 12:48:38,212] {dag.py:2273} INFO - Setting next_dagrun for example_trigger_target_dag to None
[2022-02-18 12:48:38,218] {scheduler_job.py:190} INFO - Processing /app/env/lib/python3.8/site-packages/airflow/example_dags/example_trigger_target_dag.py took 0.041 seconds
[2022-02-18 12:49:08,930] {scheduler_job.py:182} INFO - Started process (PID=388) to work on /app/env/lib/python3.8/site-packages/airflow/example_dags/example_trigger_target_dag.py
[2022-02-18 12:49:08,931] {scheduler_job.py:629} INFO - Processing file /app/env/lib/python3.8/site-packages/airflow/example_dags/example_trigger_target_dag.py for tasks to queue
[2022-02-18 12:49:08,932] {logging_mixin.py:104} INFO - [2022-02-18 12:49:08,932] {dagbag.py:448} INFO - Filling up the DagBag from /app/env/lib/python3.8/site-packages/airflow/example_dags/example_trigger_target_dag.py
[2022-02-18 12:49:08,946] {scheduler_job.py:639} INFO - DAG(s) dict_keys(['example_trigger_target_dag']) retrieved from /app/env/lib/python3.8/site-packages/airflow/example_dags/example_trigger_target_dag.py
[2022-02-18 12:49:08,967] {logging_mixin.py:104} INFO - [2022-02-18 12:49:08,967] {dag.py:1818} INFO - Sync 1 DAGs
[2022-02-18 12:49:08,980] {logging_mixin.py:104} INFO - [2022-02-18 12:49:08,980] {dag.py:2273} INFO - Setting next_dagrun for example_trigger_target_dag to None
[2022-02-18 12:49:08,989] {scheduler_job.py:190} INFO - Processing /app/env/lib/python3.8/site-packages/airflow/example_dags/example_trigger_target_dag.py took 0.063 seconds
[2022-02-18 12:49:39,693] {scheduler_job.py:182} INFO - Started process (PID=418) to work on /app/env/lib/python3.8/site-packages/airflow/example_dags/example_trigger_target_dag.py
[2022-02-18 12:49:39,695] {scheduler_job.py:629} INFO - Processing file /app/env/lib/python3.8/site-packages/airflow/example_dags/example_trigger_target_dag.py for tasks to queue
[2022-02-18 12:49:39,696] {logging_mixin.py:104} INFO - [2022-02-18 12:49:39,695] {dagbag.py:448} INFO - Filling up the DagBag from /app/env/lib/python3.8/site-packages/airflow/example_dags/example_trigger_target_dag.py
[2022-02-18 12:49:39,711] {scheduler_job.py:639} INFO - DAG(s) dict_keys(['example_trigger_target_dag']) retrieved from /app/env/lib/python3.8/site-packages/airflow/example_dags/example_trigger_target_dag.py
[2022-02-18 12:49:39,730] {logging_mixin.py:104} INFO - [2022-02-18 12:49:39,730] {dag.py:1818} INFO - Sync 1 DAGs
[2022-02-18 12:49:39,745] {logging_mixin.py:104} INFO - [2022-02-18 12:49:39,745] {dag.py:2273} INFO - Setting next_dagrun for example_trigger_target_dag to None
[2022-02-18 12:49:39,755] {scheduler_job.py:190} INFO - Processing /app/env/lib/python3.8/site-packages/airflow/example_dags/example_trigger_target_dag.py took 0.066 seconds
[2022-02-18 12:50:10,230] {scheduler_job.py:182} INFO - Started process (PID=448) to work on /app/env/lib/python3.8/site-packages/airflow/example_dags/example_trigger_target_dag.py
[2022-02-18 12:50:10,231] {scheduler_job.py:629} INFO - Processing file /app/env/lib/python3.8/site-packages/airflow/example_dags/example_trigger_target_dag.py for tasks to queue
[2022-02-18 12:50:10,231] {logging_mixin.py:104} INFO - [2022-02-18 12:50:10,231] {dagbag.py:448} INFO - Filling up the DagBag from /app/env/lib/python3.8/site-packages/airflow/example_dags/example_trigger_target_dag.py
[2022-02-18 12:50:10,244] {scheduler_job.py:639} INFO - DAG(s) dict_keys(['example_trigger_target_dag']) retrieved from /app/env/lib/python3.8/site-packages/airflow/example_dags/example_trigger_target_dag.py
[2022-02-18 12:50:10,258] {logging_mixin.py:104} INFO - [2022-02-18 12:50:10,258] {dag.py:1818} INFO - Sync 1 DAGs
[2022-02-18 12:50:10,268] {logging_mixin.py:104} INFO - [2022-02-18 12:50:10,268] {dag.py:2273} INFO - Setting next_dagrun for example_trigger_target_dag to None
[2022-02-18 12:50:10,274] {scheduler_job.py:190} INFO - Processing /app/env/lib/python3.8/site-packages/airflow/example_dags/example_trigger_target_dag.py took 0.049 seconds
[2022-02-18 12:50:40,785] {scheduler_job.py:182} INFO - Started process (PID=478) to work on /app/env/lib/python3.8/site-packages/airflow/example_dags/example_trigger_target_dag.py
[2022-02-18 12:50:40,786] {scheduler_job.py:629} INFO - Processing file /app/env/lib/python3.8/site-packages/airflow/example_dags/example_trigger_target_dag.py for tasks to queue
[2022-02-18 12:50:40,787] {logging_mixin.py:104} INFO - [2022-02-18 12:50:40,787] {dagbag.py:448} INFO - Filling up the DagBag from /app/env/lib/python3.8/site-packages/airflow/example_dags/example_trigger_target_dag.py
[2022-02-18 12:50:40,806] {scheduler_job.py:639} INFO - DAG(s) dict_keys(['example_trigger_target_dag']) retrieved from /app/env/lib/python3.8/site-packages/airflow/example_dags/example_trigger_target_dag.py
[2022-02-18 12:50:40,830] {logging_mixin.py:104} INFO - [2022-02-18 12:50:40,829] {dag.py:1818} INFO - Sync 1 DAGs
[2022-02-18 12:50:40,848] {logging_mixin.py:104} INFO - [2022-02-18 12:50:40,847] {dag.py:2273} INFO - Setting next_dagrun for example_trigger_target_dag to None
[2022-02-18 12:50:40,859] {scheduler_job.py:190} INFO - Processing /app/env/lib/python3.8/site-packages/airflow/example_dags/example_trigger_target_dag.py took 0.079 seconds
[2022-02-18 12:51:11,572] {scheduler_job.py:182} INFO - Started process (PID=508) to work on /app/env/lib/python3.8/site-packages/airflow/example_dags/example_trigger_target_dag.py
[2022-02-18 12:51:11,573] {scheduler_job.py:629} INFO - Processing file /app/env/lib/python3.8/site-packages/airflow/example_dags/example_trigger_target_dag.py for tasks to queue
[2022-02-18 12:51:11,574] {logging_mixin.py:104} INFO - [2022-02-18 12:51:11,573] {dagbag.py:448} INFO - Filling up the DagBag from /app/env/lib/python3.8/site-packages/airflow/example_dags/example_trigger_target_dag.py
[2022-02-18 12:51:11,582] {scheduler_job.py:639} INFO - DAG(s) dict_keys(['example_trigger_target_dag']) retrieved from /app/env/lib/python3.8/site-packages/airflow/example_dags/example_trigger_target_dag.py
[2022-02-18 12:51:11,593] {logging_mixin.py:104} INFO - [2022-02-18 12:51:11,593] {dag.py:1818} INFO - Sync 1 DAGs
[2022-02-18 12:51:11,601] {logging_mixin.py:104} INFO - [2022-02-18 12:51:11,601] {dag.py:2273} INFO - Setting next_dagrun for example_trigger_target_dag to None
[2022-02-18 12:51:11,606] {scheduler_job.py:190} INFO - Processing /app/env/lib/python3.8/site-packages/airflow/example_dags/example_trigger_target_dag.py took 0.038 seconds
[2022-02-18 12:51:42,372] {scheduler_job.py:182} INFO - Started process (PID=538) to work on /app/env/lib/python3.8/site-packages/airflow/example_dags/example_trigger_target_dag.py
[2022-02-18 12:51:42,374] {scheduler_job.py:629} INFO - Processing file /app/env/lib/python3.8/site-packages/airflow/example_dags/example_trigger_target_dag.py for tasks to queue
[2022-02-18 12:51:42,375] {logging_mixin.py:104} INFO - [2022-02-18 12:51:42,375] {dagbag.py:448} INFO - Filling up the DagBag from /app/env/lib/python3.8/site-packages/airflow/example_dags/example_trigger_target_dag.py
[2022-02-18 12:51:42,389] {scheduler_job.py:639} INFO - DAG(s) dict_keys(['example_trigger_target_dag']) retrieved from /app/env/lib/python3.8/site-packages/airflow/example_dags/example_trigger_target_dag.py
[2022-02-18 12:51:42,413] {logging_mixin.py:104} INFO - [2022-02-18 12:51:42,412] {dag.py:1818} INFO - Sync 1 DAGs
[2022-02-18 12:51:42,427] {logging_mixin.py:104} INFO - [2022-02-18 12:51:42,427] {dag.py:2273} INFO - Setting next_dagrun for example_trigger_target_dag to None
[2022-02-18 12:51:42,438] {scheduler_job.py:190} INFO - Processing /app/env/lib/python3.8/site-packages/airflow/example_dags/example_trigger_target_dag.py took 0.071 seconds
[2022-02-18 12:52:12,943] {scheduler_job.py:182} INFO - Started process (PID=568) to work on /app/env/lib/python3.8/site-packages/airflow/example_dags/example_trigger_target_dag.py
[2022-02-18 12:52:12,944] {scheduler_job.py:629} INFO - Processing file /app/env/lib/python3.8/site-packages/airflow/example_dags/example_trigger_target_dag.py for tasks to queue
[2022-02-18 12:52:12,945] {logging_mixin.py:104} INFO - [2022-02-18 12:52:12,945] {dagbag.py:448} INFO - Filling up the DagBag from /app/env/lib/python3.8/site-packages/airflow/example_dags/example_trigger_target_dag.py
[2022-02-18 12:52:12,960] {scheduler_job.py:639} INFO - DAG(s) dict_keys(['example_trigger_target_dag']) retrieved from /app/env/lib/python3.8/site-packages/airflow/example_dags/example_trigger_target_dag.py
[2022-02-18 12:52:12,982] {logging_mixin.py:104} INFO - [2022-02-18 12:52:12,982] {dag.py:1818} INFO - Sync 1 DAGs
[2022-02-18 12:52:13,004] {logging_mixin.py:104} INFO - [2022-02-18 12:52:13,004] {dag.py:2273} INFO - Setting next_dagrun for example_trigger_target_dag to None
[2022-02-18 12:52:13,018] {scheduler_job.py:190} INFO - Processing /app/env/lib/python3.8/site-packages/airflow/example_dags/example_trigger_target_dag.py took 0.079 seconds
[2022-02-18 12:52:43,250] {scheduler_job.py:182} INFO - Started process (PID=598) to work on /app/env/lib/python3.8/site-packages/airflow/example_dags/example_trigger_target_dag.py
[2022-02-18 12:52:43,251] {scheduler_job.py:629} INFO - Processing file /app/env/lib/python3.8/site-packages/airflow/example_dags/example_trigger_target_dag.py for tasks to queue
[2022-02-18 12:52:43,253] {logging_mixin.py:104} INFO - [2022-02-18 12:52:43,253] {dagbag.py:448} INFO - Filling up the DagBag from /app/env/lib/python3.8/site-packages/airflow/example_dags/example_trigger_target_dag.py
[2022-02-18 12:52:43,266] {scheduler_job.py:639} INFO - DAG(s) dict_keys(['example_trigger_target_dag']) retrieved from /app/env/lib/python3.8/site-packages/airflow/example_dags/example_trigger_target_dag.py
[2022-02-18 12:52:43,284] {logging_mixin.py:104} INFO - [2022-02-18 12:52:43,283] {dag.py:1818} INFO - Sync 1 DAGs
[2022-02-18 12:52:43,299] {logging_mixin.py:104} INFO - [2022-02-18 12:52:43,299] {dag.py:2273} INFO - Setting next_dagrun for example_trigger_target_dag to None
[2022-02-18 12:52:43,310] {scheduler_job.py:190} INFO - Processing /app/env/lib/python3.8/site-packages/airflow/example_dags/example_trigger_target_dag.py took 0.064 seconds
[2022-02-18 12:53:13,551] {scheduler_job.py:182} INFO - Started process (PID=628) to work on /app/env/lib/python3.8/site-packages/airflow/example_dags/example_trigger_target_dag.py
[2022-02-18 12:53:13,552] {scheduler_job.py:629} INFO - Processing file /app/env/lib/python3.8/site-packages/airflow/example_dags/example_trigger_target_dag.py for tasks to queue
[2022-02-18 12:53:13,553] {logging_mixin.py:104} INFO - [2022-02-18 12:53:13,553] {dagbag.py:448} INFO - Filling up the DagBag from /app/env/lib/python3.8/site-packages/airflow/example_dags/example_trigger_target_dag.py
[2022-02-18 12:53:13,571] {scheduler_job.py:639} INFO - DAG(s) dict_keys(['example_trigger_target_dag']) retrieved from /app/env/lib/python3.8/site-packages/airflow/example_dags/example_trigger_target_dag.py
[2022-02-18 12:53:13,586] {logging_mixin.py:104} INFO - [2022-02-18 12:53:13,586] {dag.py:1818} INFO - Sync 1 DAGs
[2022-02-18 12:53:13,598] {logging_mixin.py:104} INFO - [2022-02-18 12:53:13,598] {dag.py:2273} INFO - Setting next_dagrun for example_trigger_target_dag to None
[2022-02-18 12:53:13,607] {scheduler_job.py:190} INFO - Processing /app/env/lib/python3.8/site-packages/airflow/example_dags/example_trigger_target_dag.py took 0.062 seconds
[2022-02-18 12:53:43,846] {scheduler_job.py:182} INFO - Started process (PID=657) to work on /app/env/lib/python3.8/site-packages/airflow/example_dags/example_trigger_target_dag.py
[2022-02-18 12:53:43,847] {scheduler_job.py:629} INFO - Processing file /app/env/lib/python3.8/site-packages/airflow/example_dags/example_trigger_target_dag.py for tasks to queue
[2022-02-18 12:53:43,848] {logging_mixin.py:104} INFO - [2022-02-18 12:53:43,848] {dagbag.py:448} INFO - Filling up the DagBag from /app/env/lib/python3.8/site-packages/airflow/example_dags/example_trigger_target_dag.py
[2022-02-18 12:53:43,864] {scheduler_job.py:639} INFO - DAG(s) dict_keys(['example_trigger_target_dag']) retrieved from /app/env/lib/python3.8/site-packages/airflow/example_dags/example_trigger_target_dag.py
[2022-02-18 12:53:43,883] {logging_mixin.py:104} INFO - [2022-02-18 12:53:43,883] {dag.py:1818} INFO - Sync 1 DAGs
[2022-02-18 12:53:43,901] {logging_mixin.py:104} INFO - [2022-02-18 12:53:43,901] {dag.py:2273} INFO - Setting next_dagrun for example_trigger_target_dag to None
[2022-02-18 12:53:43,918] {scheduler_job.py:190} INFO - Processing /app/env/lib/python3.8/site-packages/airflow/example_dags/example_trigger_target_dag.py took 0.077 seconds
