[2022-02-18 12:43:58,464] {scheduler_job.py:182} INFO - Started process (PID=66) to work on /app/env/lib/python3.8/site-packages/airflow/example_dags/example_xcom.py
[2022-02-18 12:43:58,465] {scheduler_job.py:629} INFO - Processing file /app/env/lib/python3.8/site-packages/airflow/example_dags/example_xcom.py for tasks to queue
[2022-02-18 12:43:58,466] {logging_mixin.py:104} INFO - [2022-02-18 12:43:58,466] {dagbag.py:448} INFO - Filling up the DagBag from /app/env/lib/python3.8/site-packages/airflow/example_dags/example_xcom.py
[2022-02-18 12:43:58,480] {scheduler_job.py:639} INFO - DAG(s) dict_keys(['example_xcom']) retrieved from /app/env/lib/python3.8/site-packages/airflow/example_dags/example_xcom.py
[2022-02-18 12:43:58,499] {logging_mixin.py:104} INFO - [2022-02-18 12:43:58,498] {dag.py:1818} INFO - Sync 1 DAGs
[2022-02-18 12:43:58,512] {logging_mixin.py:104} INFO - [2022-02-18 12:43:58,512] {dag.py:2273} INFO - Setting next_dagrun for example_xcom to 2022-02-16 00:00:00+00:00
[2022-02-18 12:43:58,521] {scheduler_job.py:190} INFO - Processing /app/env/lib/python3.8/site-packages/airflow/example_dags/example_xcom.py took 0.061 seconds
[2022-02-18 12:44:31,103] {scheduler_job.py:182} INFO - Started process (PID=117) to work on /app/env/lib/python3.8/site-packages/airflow/example_dags/example_xcom.py
[2022-02-18 12:44:31,105] {scheduler_job.py:629} INFO - Processing file /app/env/lib/python3.8/site-packages/airflow/example_dags/example_xcom.py for tasks to queue
[2022-02-18 12:44:31,106] {logging_mixin.py:104} INFO - [2022-02-18 12:44:31,106] {dagbag.py:448} INFO - Filling up the DagBag from /app/env/lib/python3.8/site-packages/airflow/example_dags/example_xcom.py
[2022-02-18 12:44:31,122] {scheduler_job.py:639} INFO - DAG(s) dict_keys(['example_xcom']) retrieved from /app/env/lib/python3.8/site-packages/airflow/example_dags/example_xcom.py
[2022-02-18 12:44:31,147] {logging_mixin.py:104} INFO - [2022-02-18 12:44:31,147] {dag.py:1818} INFO - Sync 1 DAGs
[2022-02-18 12:44:31,165] {logging_mixin.py:104} INFO - [2022-02-18 12:44:31,164] {dag.py:2273} INFO - Setting next_dagrun for example_xcom to 2022-02-16 00:00:00+00:00
[2022-02-18 12:44:31,175] {scheduler_job.py:190} INFO - Processing /app/env/lib/python3.8/site-packages/airflow/example_dags/example_xcom.py took 0.077 seconds
[2022-02-18 12:45:01,876] {scheduler_job.py:182} INFO - Started process (PID=147) to work on /app/env/lib/python3.8/site-packages/airflow/example_dags/example_xcom.py
[2022-02-18 12:45:01,878] {scheduler_job.py:629} INFO - Processing file /app/env/lib/python3.8/site-packages/airflow/example_dags/example_xcom.py for tasks to queue
[2022-02-18 12:45:01,879] {logging_mixin.py:104} INFO - [2022-02-18 12:45:01,878] {dagbag.py:448} INFO - Filling up the DagBag from /app/env/lib/python3.8/site-packages/airflow/example_dags/example_xcom.py
[2022-02-18 12:45:01,896] {scheduler_job.py:639} INFO - DAG(s) dict_keys(['example_xcom']) retrieved from /app/env/lib/python3.8/site-packages/airflow/example_dags/example_xcom.py
[2022-02-18 12:45:01,915] {logging_mixin.py:104} INFO - [2022-02-18 12:45:01,915] {dag.py:1818} INFO - Sync 1 DAGs
[2022-02-18 12:45:01,927] {logging_mixin.py:104} INFO - [2022-02-18 12:45:01,927] {dag.py:2273} INFO - Setting next_dagrun for example_xcom to 2022-02-16 00:00:00+00:00
[2022-02-18 12:45:01,936] {scheduler_job.py:190} INFO - Processing /app/env/lib/python3.8/site-packages/airflow/example_dags/example_xcom.py took 0.066 seconds
[2022-02-18 12:45:32,736] {scheduler_job.py:182} INFO - Started process (PID=177) to work on /app/env/lib/python3.8/site-packages/airflow/example_dags/example_xcom.py
[2022-02-18 12:45:32,737] {scheduler_job.py:629} INFO - Processing file /app/env/lib/python3.8/site-packages/airflow/example_dags/example_xcom.py for tasks to queue
[2022-02-18 12:45:32,738] {logging_mixin.py:104} INFO - [2022-02-18 12:45:32,738] {dagbag.py:448} INFO - Filling up the DagBag from /app/env/lib/python3.8/site-packages/airflow/example_dags/example_xcom.py
[2022-02-18 12:45:32,755] {scheduler_job.py:639} INFO - DAG(s) dict_keys(['example_xcom']) retrieved from /app/env/lib/python3.8/site-packages/airflow/example_dags/example_xcom.py
[2022-02-18 12:45:32,772] {logging_mixin.py:104} INFO - [2022-02-18 12:45:32,772] {dag.py:1818} INFO - Sync 1 DAGs
[2022-02-18 12:45:32,786] {logging_mixin.py:104} INFO - [2022-02-18 12:45:32,786] {dag.py:2273} INFO - Setting next_dagrun for example_xcom to 2022-02-16 00:00:00+00:00
[2022-02-18 12:45:32,795] {scheduler_job.py:190} INFO - Processing /app/env/lib/python3.8/site-packages/airflow/example_dags/example_xcom.py took 0.064 seconds
[2022-02-18 12:46:03,476] {scheduler_job.py:182} INFO - Started process (PID=207) to work on /app/env/lib/python3.8/site-packages/airflow/example_dags/example_xcom.py
[2022-02-18 12:46:03,478] {scheduler_job.py:629} INFO - Processing file /app/env/lib/python3.8/site-packages/airflow/example_dags/example_xcom.py for tasks to queue
[2022-02-18 12:46:03,479] {logging_mixin.py:104} INFO - [2022-02-18 12:46:03,478] {dagbag.py:448} INFO - Filling up the DagBag from /app/env/lib/python3.8/site-packages/airflow/example_dags/example_xcom.py
[2022-02-18 12:46:03,492] {scheduler_job.py:639} INFO - DAG(s) dict_keys(['example_xcom']) retrieved from /app/env/lib/python3.8/site-packages/airflow/example_dags/example_xcom.py
[2022-02-18 12:46:03,511] {logging_mixin.py:104} INFO - [2022-02-18 12:46:03,511] {dag.py:1818} INFO - Sync 1 DAGs
[2022-02-18 12:46:03,526] {logging_mixin.py:104} INFO - [2022-02-18 12:46:03,526] {dag.py:2273} INFO - Setting next_dagrun for example_xcom to 2022-02-16 00:00:00+00:00
[2022-02-18 12:46:03,536] {scheduler_job.py:190} INFO - Processing /app/env/lib/python3.8/site-packages/airflow/example_dags/example_xcom.py took 0.065 seconds
[2022-02-18 12:46:34,231] {scheduler_job.py:182} INFO - Started process (PID=237) to work on /app/env/lib/python3.8/site-packages/airflow/example_dags/example_xcom.py
[2022-02-18 12:46:34,232] {scheduler_job.py:629} INFO - Processing file /app/env/lib/python3.8/site-packages/airflow/example_dags/example_xcom.py for tasks to queue
[2022-02-18 12:46:34,233] {logging_mixin.py:104} INFO - [2022-02-18 12:46:34,233] {dagbag.py:448} INFO - Filling up the DagBag from /app/env/lib/python3.8/site-packages/airflow/example_dags/example_xcom.py
[2022-02-18 12:46:34,247] {scheduler_job.py:639} INFO - DAG(s) dict_keys(['example_xcom']) retrieved from /app/env/lib/python3.8/site-packages/airflow/example_dags/example_xcom.py
[2022-02-18 12:46:34,263] {logging_mixin.py:104} INFO - [2022-02-18 12:46:34,263] {dag.py:1818} INFO - Sync 1 DAGs
[2022-02-18 12:46:34,277] {logging_mixin.py:104} INFO - [2022-02-18 12:46:34,277] {dag.py:2273} INFO - Setting next_dagrun for example_xcom to 2022-02-16 00:00:00+00:00
[2022-02-18 12:46:34,286] {scheduler_job.py:190} INFO - Processing /app/env/lib/python3.8/site-packages/airflow/example_dags/example_xcom.py took 0.059 seconds
[2022-02-18 12:47:04,964] {scheduler_job.py:182} INFO - Started process (PID=267) to work on /app/env/lib/python3.8/site-packages/airflow/example_dags/example_xcom.py
[2022-02-18 12:47:04,965] {scheduler_job.py:629} INFO - Processing file /app/env/lib/python3.8/site-packages/airflow/example_dags/example_xcom.py for tasks to queue
[2022-02-18 12:47:04,966] {logging_mixin.py:104} INFO - [2022-02-18 12:47:04,966] {dagbag.py:448} INFO - Filling up the DagBag from /app/env/lib/python3.8/site-packages/airflow/example_dags/example_xcom.py
[2022-02-18 12:47:04,982] {scheduler_job.py:639} INFO - DAG(s) dict_keys(['example_xcom']) retrieved from /app/env/lib/python3.8/site-packages/airflow/example_dags/example_xcom.py
[2022-02-18 12:47:05,000] {logging_mixin.py:104} INFO - [2022-02-18 12:47:05,000] {dag.py:1818} INFO - Sync 1 DAGs
[2022-02-18 12:47:05,018] {logging_mixin.py:104} INFO - [2022-02-18 12:47:05,018] {dag.py:2273} INFO - Setting next_dagrun for example_xcom to 2022-02-16 00:00:00+00:00
[2022-02-18 12:47:05,028] {scheduler_job.py:190} INFO - Processing /app/env/lib/python3.8/site-packages/airflow/example_dags/example_xcom.py took 0.069 seconds
[2022-02-18 12:47:35,716] {scheduler_job.py:182} INFO - Started process (PID=297) to work on /app/env/lib/python3.8/site-packages/airflow/example_dags/example_xcom.py
[2022-02-18 12:47:35,717] {scheduler_job.py:629} INFO - Processing file /app/env/lib/python3.8/site-packages/airflow/example_dags/example_xcom.py for tasks to queue
[2022-02-18 12:47:35,720] {logging_mixin.py:104} INFO - [2022-02-18 12:47:35,719] {dagbag.py:448} INFO - Filling up the DagBag from /app/env/lib/python3.8/site-packages/airflow/example_dags/example_xcom.py
[2022-02-18 12:47:35,735] {scheduler_job.py:639} INFO - DAG(s) dict_keys(['example_xcom']) retrieved from /app/env/lib/python3.8/site-packages/airflow/example_dags/example_xcom.py
[2022-02-18 12:47:35,753] {logging_mixin.py:104} INFO - [2022-02-18 12:47:35,753] {dag.py:1818} INFO - Sync 1 DAGs
[2022-02-18 12:47:35,769] {logging_mixin.py:104} INFO - [2022-02-18 12:47:35,769] {dag.py:2273} INFO - Setting next_dagrun for example_xcom to 2022-02-16 00:00:00+00:00
[2022-02-18 12:47:35,779] {scheduler_job.py:190} INFO - Processing /app/env/lib/python3.8/site-packages/airflow/example_dags/example_xcom.py took 0.069 seconds
[2022-02-18 12:48:06,365] {scheduler_job.py:182} INFO - Started process (PID=327) to work on /app/env/lib/python3.8/site-packages/airflow/example_dags/example_xcom.py
[2022-02-18 12:48:06,366] {scheduler_job.py:629} INFO - Processing file /app/env/lib/python3.8/site-packages/airflow/example_dags/example_xcom.py for tasks to queue
[2022-02-18 12:48:06,367] {logging_mixin.py:104} INFO - [2022-02-18 12:48:06,367] {dagbag.py:448} INFO - Filling up the DagBag from /app/env/lib/python3.8/site-packages/airflow/example_dags/example_xcom.py
[2022-02-18 12:48:06,381] {scheduler_job.py:639} INFO - DAG(s) dict_keys(['example_xcom']) retrieved from /app/env/lib/python3.8/site-packages/airflow/example_dags/example_xcom.py
[2022-02-18 12:48:06,395] {logging_mixin.py:104} INFO - [2022-02-18 12:48:06,395] {dag.py:1818} INFO - Sync 1 DAGs
[2022-02-18 12:48:06,407] {logging_mixin.py:104} INFO - [2022-02-18 12:48:06,407] {dag.py:2273} INFO - Setting next_dagrun for example_xcom to 2022-02-16 00:00:00+00:00
[2022-02-18 12:48:06,414] {scheduler_job.py:190} INFO - Processing /app/env/lib/python3.8/site-packages/airflow/example_dags/example_xcom.py took 0.054 seconds
[2022-02-18 12:48:37,042] {scheduler_job.py:182} INFO - Started process (PID=357) to work on /app/env/lib/python3.8/site-packages/airflow/example_dags/example_xcom.py
[2022-02-18 12:48:37,044] {scheduler_job.py:629} INFO - Processing file /app/env/lib/python3.8/site-packages/airflow/example_dags/example_xcom.py for tasks to queue
[2022-02-18 12:48:37,045] {logging_mixin.py:104} INFO - [2022-02-18 12:48:37,045] {dagbag.py:448} INFO - Filling up the DagBag from /app/env/lib/python3.8/site-packages/airflow/example_dags/example_xcom.py
[2022-02-18 12:48:37,062] {scheduler_job.py:639} INFO - DAG(s) dict_keys(['example_xcom']) retrieved from /app/env/lib/python3.8/site-packages/airflow/example_dags/example_xcom.py
[2022-02-18 12:48:37,077] {logging_mixin.py:104} INFO - [2022-02-18 12:48:37,077] {dag.py:1818} INFO - Sync 1 DAGs
[2022-02-18 12:48:37,088] {logging_mixin.py:104} INFO - [2022-02-18 12:48:37,088] {dag.py:2273} INFO - Setting next_dagrun for example_xcom to 2022-02-16 00:00:00+00:00
[2022-02-18 12:48:37,095] {scheduler_job.py:190} INFO - Processing /app/env/lib/python3.8/site-packages/airflow/example_dags/example_xcom.py took 0.057 seconds
[2022-02-18 12:49:07,793] {scheduler_job.py:182} INFO - Started process (PID=387) to work on /app/env/lib/python3.8/site-packages/airflow/example_dags/example_xcom.py
[2022-02-18 12:49:07,795] {scheduler_job.py:629} INFO - Processing file /app/env/lib/python3.8/site-packages/airflow/example_dags/example_xcom.py for tasks to queue
[2022-02-18 12:49:07,796] {logging_mixin.py:104} INFO - [2022-02-18 12:49:07,795] {dagbag.py:448} INFO - Filling up the DagBag from /app/env/lib/python3.8/site-packages/airflow/example_dags/example_xcom.py
[2022-02-18 12:49:07,812] {scheduler_job.py:639} INFO - DAG(s) dict_keys(['example_xcom']) retrieved from /app/env/lib/python3.8/site-packages/airflow/example_dags/example_xcom.py
[2022-02-18 12:49:07,830] {logging_mixin.py:104} INFO - [2022-02-18 12:49:07,830] {dag.py:1818} INFO - Sync 1 DAGs
[2022-02-18 12:49:07,844] {logging_mixin.py:104} INFO - [2022-02-18 12:49:07,844] {dag.py:2273} INFO - Setting next_dagrun for example_xcom to 2022-02-16 00:00:00+00:00
[2022-02-18 12:49:07,855] {scheduler_job.py:190} INFO - Processing /app/env/lib/python3.8/site-packages/airflow/example_dags/example_xcom.py took 0.065 seconds
[2022-02-18 12:49:38,555] {scheduler_job.py:182} INFO - Started process (PID=417) to work on /app/env/lib/python3.8/site-packages/airflow/example_dags/example_xcom.py
[2022-02-18 12:49:38,556] {scheduler_job.py:629} INFO - Processing file /app/env/lib/python3.8/site-packages/airflow/example_dags/example_xcom.py for tasks to queue
[2022-02-18 12:49:38,558] {logging_mixin.py:104} INFO - [2022-02-18 12:49:38,557] {dagbag.py:448} INFO - Filling up the DagBag from /app/env/lib/python3.8/site-packages/airflow/example_dags/example_xcom.py
[2022-02-18 12:49:38,572] {scheduler_job.py:639} INFO - DAG(s) dict_keys(['example_xcom']) retrieved from /app/env/lib/python3.8/site-packages/airflow/example_dags/example_xcom.py
[2022-02-18 12:49:38,592] {logging_mixin.py:104} INFO - [2022-02-18 12:49:38,592] {dag.py:1818} INFO - Sync 1 DAGs
[2022-02-18 12:49:38,608] {logging_mixin.py:104} INFO - [2022-02-18 12:49:38,608] {dag.py:2273} INFO - Setting next_dagrun for example_xcom to 2022-02-16 00:00:00+00:00
[2022-02-18 12:49:38,618] {scheduler_job.py:190} INFO - Processing /app/env/lib/python3.8/site-packages/airflow/example_dags/example_xcom.py took 0.068 seconds
[2022-02-18 12:50:09,087] {scheduler_job.py:182} INFO - Started process (PID=447) to work on /app/env/lib/python3.8/site-packages/airflow/example_dags/example_xcom.py
[2022-02-18 12:50:09,089] {scheduler_job.py:629} INFO - Processing file /app/env/lib/python3.8/site-packages/airflow/example_dags/example_xcom.py for tasks to queue
[2022-02-18 12:50:09,090] {logging_mixin.py:104} INFO - [2022-02-18 12:50:09,090] {dagbag.py:448} INFO - Filling up the DagBag from /app/env/lib/python3.8/site-packages/airflow/example_dags/example_xcom.py
[2022-02-18 12:50:09,102] {scheduler_job.py:639} INFO - DAG(s) dict_keys(['example_xcom']) retrieved from /app/env/lib/python3.8/site-packages/airflow/example_dags/example_xcom.py
[2022-02-18 12:50:09,116] {logging_mixin.py:104} INFO - [2022-02-18 12:50:09,116] {dag.py:1818} INFO - Sync 1 DAGs
[2022-02-18 12:50:09,123] {logging_mixin.py:104} INFO - [2022-02-18 12:50:09,123] {dag.py:2273} INFO - Setting next_dagrun for example_xcom to 2022-02-16 00:00:00+00:00
[2022-02-18 12:50:09,128] {scheduler_job.py:190} INFO - Processing /app/env/lib/python3.8/site-packages/airflow/example_dags/example_xcom.py took 0.045 seconds
[2022-02-18 12:50:39,649] {scheduler_job.py:182} INFO - Started process (PID=477) to work on /app/env/lib/python3.8/site-packages/airflow/example_dags/example_xcom.py
[2022-02-18 12:50:39,651] {scheduler_job.py:629} INFO - Processing file /app/env/lib/python3.8/site-packages/airflow/example_dags/example_xcom.py for tasks to queue
[2022-02-18 12:50:39,652] {logging_mixin.py:104} INFO - [2022-02-18 12:50:39,652] {dagbag.py:448} INFO - Filling up the DagBag from /app/env/lib/python3.8/site-packages/airflow/example_dags/example_xcom.py
[2022-02-18 12:50:39,668] {scheduler_job.py:639} INFO - DAG(s) dict_keys(['example_xcom']) retrieved from /app/env/lib/python3.8/site-packages/airflow/example_dags/example_xcom.py
[2022-02-18 12:50:39,687] {logging_mixin.py:104} INFO - [2022-02-18 12:50:39,687] {dag.py:1818} INFO - Sync 1 DAGs
[2022-02-18 12:50:39,703] {logging_mixin.py:104} INFO - [2022-02-18 12:50:39,703] {dag.py:2273} INFO - Setting next_dagrun for example_xcom to 2022-02-16 00:00:00+00:00
[2022-02-18 12:50:39,714] {scheduler_job.py:190} INFO - Processing /app/env/lib/python3.8/site-packages/airflow/example_dags/example_xcom.py took 0.069 seconds
[2022-02-18 12:51:10,430] {scheduler_job.py:182} INFO - Started process (PID=507) to work on /app/env/lib/python3.8/site-packages/airflow/example_dags/example_xcom.py
[2022-02-18 12:51:10,431] {scheduler_job.py:629} INFO - Processing file /app/env/lib/python3.8/site-packages/airflow/example_dags/example_xcom.py for tasks to queue
[2022-02-18 12:51:10,432] {logging_mixin.py:104} INFO - [2022-02-18 12:51:10,432] {dagbag.py:448} INFO - Filling up the DagBag from /app/env/lib/python3.8/site-packages/airflow/example_dags/example_xcom.py
[2022-02-18 12:51:10,446] {scheduler_job.py:639} INFO - DAG(s) dict_keys(['example_xcom']) retrieved from /app/env/lib/python3.8/site-packages/airflow/example_dags/example_xcom.py
[2022-02-18 12:51:10,462] {logging_mixin.py:104} INFO - [2022-02-18 12:51:10,462] {dag.py:1818} INFO - Sync 1 DAGs
[2022-02-18 12:51:10,475] {logging_mixin.py:104} INFO - [2022-02-18 12:51:10,474] {dag.py:2273} INFO - Setting next_dagrun for example_xcom to 2022-02-16 00:00:00+00:00
[2022-02-18 12:51:10,482] {scheduler_job.py:190} INFO - Processing /app/env/lib/python3.8/site-packages/airflow/example_dags/example_xcom.py took 0.057 seconds
[2022-02-18 12:51:41,224] {scheduler_job.py:182} INFO - Started process (PID=537) to work on /app/env/lib/python3.8/site-packages/airflow/example_dags/example_xcom.py
[2022-02-18 12:51:41,225] {scheduler_job.py:629} INFO - Processing file /app/env/lib/python3.8/site-packages/airflow/example_dags/example_xcom.py for tasks to queue
[2022-02-18 12:51:41,226] {logging_mixin.py:104} INFO - [2022-02-18 12:51:41,226] {dagbag.py:448} INFO - Filling up the DagBag from /app/env/lib/python3.8/site-packages/airflow/example_dags/example_xcom.py
[2022-02-18 12:51:41,241] {scheduler_job.py:639} INFO - DAG(s) dict_keys(['example_xcom']) retrieved from /app/env/lib/python3.8/site-packages/airflow/example_dags/example_xcom.py
[2022-02-18 12:51:41,261] {logging_mixin.py:104} INFO - [2022-02-18 12:51:41,261] {dag.py:1818} INFO - Sync 1 DAGs
[2022-02-18 12:51:41,275] {logging_mixin.py:104} INFO - [2022-02-18 12:51:41,275] {dag.py:2273} INFO - Setting next_dagrun for example_xcom to 2022-02-16 00:00:00+00:00
[2022-02-18 12:51:41,287] {scheduler_job.py:190} INFO - Processing /app/env/lib/python3.8/site-packages/airflow/example_dags/example_xcom.py took 0.067 seconds
[2022-02-18 12:52:11,797] {scheduler_job.py:182} INFO - Started process (PID=567) to work on /app/env/lib/python3.8/site-packages/airflow/example_dags/example_xcom.py
[2022-02-18 12:52:11,799] {scheduler_job.py:629} INFO - Processing file /app/env/lib/python3.8/site-packages/airflow/example_dags/example_xcom.py for tasks to queue
[2022-02-18 12:52:11,800] {logging_mixin.py:104} INFO - [2022-02-18 12:52:11,799] {dagbag.py:448} INFO - Filling up the DagBag from /app/env/lib/python3.8/site-packages/airflow/example_dags/example_xcom.py
[2022-02-18 12:52:11,819] {scheduler_job.py:639} INFO - DAG(s) dict_keys(['example_xcom']) retrieved from /app/env/lib/python3.8/site-packages/airflow/example_dags/example_xcom.py
[2022-02-18 12:52:11,844] {logging_mixin.py:104} INFO - [2022-02-18 12:52:11,844] {dag.py:1818} INFO - Sync 1 DAGs
[2022-02-18 12:52:11,863] {logging_mixin.py:104} INFO - [2022-02-18 12:52:11,863] {dag.py:2273} INFO - Setting next_dagrun for example_xcom to 2022-02-16 00:00:00+00:00
[2022-02-18 12:52:11,876] {scheduler_job.py:190} INFO - Processing /app/env/lib/python3.8/site-packages/airflow/example_dags/example_xcom.py took 0.084 seconds
[2022-02-18 12:52:42,586] {scheduler_job.py:182} INFO - Started process (PID=597) to work on /app/env/lib/python3.8/site-packages/airflow/example_dags/example_xcom.py
[2022-02-18 12:52:42,588] {scheduler_job.py:629} INFO - Processing file /app/env/lib/python3.8/site-packages/airflow/example_dags/example_xcom.py for tasks to queue
[2022-02-18 12:52:42,590] {logging_mixin.py:104} INFO - [2022-02-18 12:52:42,590] {dagbag.py:448} INFO - Filling up the DagBag from /app/env/lib/python3.8/site-packages/airflow/example_dags/example_xcom.py
[2022-02-18 12:52:42,607] {scheduler_job.py:639} INFO - DAG(s) dict_keys(['example_xcom']) retrieved from /app/env/lib/python3.8/site-packages/airflow/example_dags/example_xcom.py
[2022-02-18 12:52:42,627] {logging_mixin.py:104} INFO - [2022-02-18 12:52:42,627] {dag.py:1818} INFO - Sync 1 DAGs
[2022-02-18 12:52:42,640] {logging_mixin.py:104} INFO - [2022-02-18 12:52:42,640] {dag.py:2273} INFO - Setting next_dagrun for example_xcom to 2022-02-16 00:00:00+00:00
[2022-02-18 12:52:42,649] {scheduler_job.py:190} INFO - Processing /app/env/lib/python3.8/site-packages/airflow/example_dags/example_xcom.py took 0.068 seconds
[2022-02-18 12:53:13,338] {scheduler_job.py:182} INFO - Started process (PID=627) to work on /app/env/lib/python3.8/site-packages/airflow/example_dags/example_xcom.py
[2022-02-18 12:53:13,340] {scheduler_job.py:629} INFO - Processing file /app/env/lib/python3.8/site-packages/airflow/example_dags/example_xcom.py for tasks to queue
[2022-02-18 12:53:13,341] {logging_mixin.py:104} INFO - [2022-02-18 12:53:13,341] {dagbag.py:448} INFO - Filling up the DagBag from /app/env/lib/python3.8/site-packages/airflow/example_dags/example_xcom.py
[2022-02-18 12:53:13,357] {scheduler_job.py:639} INFO - DAG(s) dict_keys(['example_xcom']) retrieved from /app/env/lib/python3.8/site-packages/airflow/example_dags/example_xcom.py
[2022-02-18 12:53:13,377] {logging_mixin.py:104} INFO - [2022-02-18 12:53:13,377] {dag.py:1818} INFO - Sync 1 DAGs
[2022-02-18 12:53:13,390] {logging_mixin.py:104} INFO - [2022-02-18 12:53:13,390] {dag.py:2273} INFO - Setting next_dagrun for example_xcom to 2022-02-16 00:00:00+00:00
[2022-02-18 12:53:13,401] {scheduler_job.py:190} INFO - Processing /app/env/lib/python3.8/site-packages/airflow/example_dags/example_xcom.py took 0.068 seconds
[2022-02-18 12:53:45,000] {scheduler_job.py:182} INFO - Started process (PID=658) to work on /app/env/lib/python3.8/site-packages/airflow/example_dags/example_xcom.py
[2022-02-18 12:53:45,002] {scheduler_job.py:629} INFO - Processing file /app/env/lib/python3.8/site-packages/airflow/example_dags/example_xcom.py for tasks to queue
[2022-02-18 12:53:45,003] {logging_mixin.py:104} INFO - [2022-02-18 12:53:45,003] {dagbag.py:448} INFO - Filling up the DagBag from /app/env/lib/python3.8/site-packages/airflow/example_dags/example_xcom.py
[2022-02-18 12:53:45,022] {scheduler_job.py:639} INFO - DAG(s) dict_keys(['example_xcom']) retrieved from /app/env/lib/python3.8/site-packages/airflow/example_dags/example_xcom.py
[2022-02-18 12:53:45,045] {logging_mixin.py:104} INFO - [2022-02-18 12:53:45,045] {dag.py:1818} INFO - Sync 1 DAGs
[2022-02-18 12:53:45,062] {logging_mixin.py:104} INFO - [2022-02-18 12:53:45,061] {dag.py:2273} INFO - Setting next_dagrun for example_xcom to 2022-02-16 00:00:00+00:00
[2022-02-18 12:53:45,071] {scheduler_job.py:190} INFO - Processing /app/env/lib/python3.8/site-packages/airflow/example_dags/example_xcom.py took 0.075 seconds
