[2022-02-18 12:43:53,879] {scheduler_job.py:182} INFO - Started process (PID=62) to work on /app/env/lib/python3.8/site-packages/airflow/example_dags/example_bash_operator.py
[2022-02-18 12:43:53,881] {scheduler_job.py:629} INFO - Processing file /app/env/lib/python3.8/site-packages/airflow/example_dags/example_bash_operator.py for tasks to queue
[2022-02-18 12:43:53,882] {logging_mixin.py:104} INFO - [2022-02-18 12:43:53,881] {dagbag.py:448} INFO - Filling up the DagBag from /app/env/lib/python3.8/site-packages/airflow/example_dags/example_bash_operator.py
[2022-02-18 12:43:53,898] {scheduler_job.py:639} INFO - DAG(s) dict_keys(['example_bash_operator']) retrieved from /app/env/lib/python3.8/site-packages/airflow/example_dags/example_bash_operator.py
[2022-02-18 12:43:53,908] {logging_mixin.py:104} INFO - [2022-02-18 12:43:53,908] {dag.py:1818} INFO - Sync 1 DAGs
[2022-02-18 12:43:53,942] {logging_mixin.py:104} INFO - [2022-02-18 12:43:53,941] {dag.py:2273} INFO - Setting next_dagrun for example_bash_operator to 2022-02-16 00:00:00+00:00
[2022-02-18 12:43:53,952] {scheduler_job.py:190} INFO - Processing /app/env/lib/python3.8/site-packages/airflow/example_dags/example_bash_operator.py took 0.076 seconds
[2022-02-18 12:44:25,928] {scheduler_job.py:182} INFO - Started process (PID=112) to work on /app/env/lib/python3.8/site-packages/airflow/example_dags/example_bash_operator.py
[2022-02-18 12:44:25,930] {scheduler_job.py:629} INFO - Processing file /app/env/lib/python3.8/site-packages/airflow/example_dags/example_bash_operator.py for tasks to queue
[2022-02-18 12:44:25,931] {logging_mixin.py:104} INFO - [2022-02-18 12:44:25,931] {dagbag.py:448} INFO - Filling up the DagBag from /app/env/lib/python3.8/site-packages/airflow/example_dags/example_bash_operator.py
[2022-02-18 12:44:25,946] {scheduler_job.py:639} INFO - DAG(s) dict_keys(['example_bash_operator']) retrieved from /app/env/lib/python3.8/site-packages/airflow/example_dags/example_bash_operator.py
[2022-02-18 12:44:25,964] {logging_mixin.py:104} INFO - [2022-02-18 12:44:25,964] {dag.py:1818} INFO - Sync 1 DAGs
[2022-02-18 12:44:25,991] {logging_mixin.py:104} INFO - [2022-02-18 12:44:25,991] {dag.py:2273} INFO - Setting next_dagrun for example_bash_operator to 2022-02-16 00:00:00+00:00
[2022-02-18 12:44:26,003] {scheduler_job.py:190} INFO - Processing /app/env/lib/python3.8/site-packages/airflow/example_dags/example_bash_operator.py took 0.078 seconds
[2022-02-18 12:44:56,690] {scheduler_job.py:182} INFO - Started process (PID=142) to work on /app/env/lib/python3.8/site-packages/airflow/example_dags/example_bash_operator.py
[2022-02-18 12:44:56,691] {scheduler_job.py:629} INFO - Processing file /app/env/lib/python3.8/site-packages/airflow/example_dags/example_bash_operator.py for tasks to queue
[2022-02-18 12:44:56,691] {logging_mixin.py:104} INFO - [2022-02-18 12:44:56,691] {dagbag.py:448} INFO - Filling up the DagBag from /app/env/lib/python3.8/site-packages/airflow/example_dags/example_bash_operator.py
[2022-02-18 12:44:56,704] {scheduler_job.py:639} INFO - DAG(s) dict_keys(['example_bash_operator']) retrieved from /app/env/lib/python3.8/site-packages/airflow/example_dags/example_bash_operator.py
[2022-02-18 12:44:56,715] {logging_mixin.py:104} INFO - [2022-02-18 12:44:56,715] {dag.py:1818} INFO - Sync 1 DAGs
[2022-02-18 12:44:56,731] {logging_mixin.py:104} INFO - [2022-02-18 12:44:56,731] {dag.py:2273} INFO - Setting next_dagrun for example_bash_operator to 2022-02-16 00:00:00+00:00
[2022-02-18 12:44:56,737] {scheduler_job.py:190} INFO - Processing /app/env/lib/python3.8/site-packages/airflow/example_dags/example_bash_operator.py took 0.050 seconds
[2022-02-18 12:45:27,553] {scheduler_job.py:182} INFO - Started process (PID=172) to work on /app/env/lib/python3.8/site-packages/airflow/example_dags/example_bash_operator.py
[2022-02-18 12:45:27,554] {scheduler_job.py:629} INFO - Processing file /app/env/lib/python3.8/site-packages/airflow/example_dags/example_bash_operator.py for tasks to queue
[2022-02-18 12:45:27,555] {logging_mixin.py:104} INFO - [2022-02-18 12:45:27,555] {dagbag.py:448} INFO - Filling up the DagBag from /app/env/lib/python3.8/site-packages/airflow/example_dags/example_bash_operator.py
[2022-02-18 12:45:27,572] {scheduler_job.py:639} INFO - DAG(s) dict_keys(['example_bash_operator']) retrieved from /app/env/lib/python3.8/site-packages/airflow/example_dags/example_bash_operator.py
[2022-02-18 12:45:27,592] {logging_mixin.py:104} INFO - [2022-02-18 12:45:27,591] {dag.py:1818} INFO - Sync 1 DAGs
[2022-02-18 12:45:27,618] {logging_mixin.py:104} INFO - [2022-02-18 12:45:27,618] {dag.py:2273} INFO - Setting next_dagrun for example_bash_operator to 2022-02-16 00:00:00+00:00
[2022-02-18 12:45:27,630] {scheduler_job.py:190} INFO - Processing /app/env/lib/python3.8/site-packages/airflow/example_dags/example_bash_operator.py took 0.082 seconds
[2022-02-18 12:45:58,307] {scheduler_job.py:182} INFO - Started process (PID=202) to work on /app/env/lib/python3.8/site-packages/airflow/example_dags/example_bash_operator.py
[2022-02-18 12:45:58,309] {scheduler_job.py:629} INFO - Processing file /app/env/lib/python3.8/site-packages/airflow/example_dags/example_bash_operator.py for tasks to queue
[2022-02-18 12:45:58,310] {logging_mixin.py:104} INFO - [2022-02-18 12:45:58,309] {dagbag.py:448} INFO - Filling up the DagBag from /app/env/lib/python3.8/site-packages/airflow/example_dags/example_bash_operator.py
[2022-02-18 12:45:58,329] {scheduler_job.py:639} INFO - DAG(s) dict_keys(['example_bash_operator']) retrieved from /app/env/lib/python3.8/site-packages/airflow/example_dags/example_bash_operator.py
[2022-02-18 12:45:58,347] {logging_mixin.py:104} INFO - [2022-02-18 12:45:58,347] {dag.py:1818} INFO - Sync 1 DAGs
[2022-02-18 12:45:58,373] {logging_mixin.py:104} INFO - [2022-02-18 12:45:58,373] {dag.py:2273} INFO - Setting next_dagrun for example_bash_operator to 2022-02-16 00:00:00+00:00
[2022-02-18 12:45:58,385] {scheduler_job.py:190} INFO - Processing /app/env/lib/python3.8/site-packages/airflow/example_dags/example_bash_operator.py took 0.082 seconds
[2022-02-18 12:46:29,060] {scheduler_job.py:182} INFO - Started process (PID=232) to work on /app/env/lib/python3.8/site-packages/airflow/example_dags/example_bash_operator.py
[2022-02-18 12:46:29,061] {scheduler_job.py:629} INFO - Processing file /app/env/lib/python3.8/site-packages/airflow/example_dags/example_bash_operator.py for tasks to queue
[2022-02-18 12:46:29,062] {logging_mixin.py:104} INFO - [2022-02-18 12:46:29,062] {dagbag.py:448} INFO - Filling up the DagBag from /app/env/lib/python3.8/site-packages/airflow/example_dags/example_bash_operator.py
[2022-02-18 12:46:29,078] {scheduler_job.py:639} INFO - DAG(s) dict_keys(['example_bash_operator']) retrieved from /app/env/lib/python3.8/site-packages/airflow/example_dags/example_bash_operator.py
[2022-02-18 12:46:29,097] {logging_mixin.py:104} INFO - [2022-02-18 12:46:29,097] {dag.py:1818} INFO - Sync 1 DAGs
[2022-02-18 12:46:29,122] {logging_mixin.py:104} INFO - [2022-02-18 12:46:29,122] {dag.py:2273} INFO - Setting next_dagrun for example_bash_operator to 2022-02-16 00:00:00+00:00
[2022-02-18 12:46:29,133] {scheduler_job.py:190} INFO - Processing /app/env/lib/python3.8/site-packages/airflow/example_dags/example_bash_operator.py took 0.077 seconds
[2022-02-18 12:46:59,798] {scheduler_job.py:182} INFO - Started process (PID=262) to work on /app/env/lib/python3.8/site-packages/airflow/example_dags/example_bash_operator.py
[2022-02-18 12:46:59,800] {scheduler_job.py:629} INFO - Processing file /app/env/lib/python3.8/site-packages/airflow/example_dags/example_bash_operator.py for tasks to queue
[2022-02-18 12:46:59,801] {logging_mixin.py:104} INFO - [2022-02-18 12:46:59,800] {dagbag.py:448} INFO - Filling up the DagBag from /app/env/lib/python3.8/site-packages/airflow/example_dags/example_bash_operator.py
[2022-02-18 12:46:59,816] {scheduler_job.py:639} INFO - DAG(s) dict_keys(['example_bash_operator']) retrieved from /app/env/lib/python3.8/site-packages/airflow/example_dags/example_bash_operator.py
[2022-02-18 12:46:59,834] {logging_mixin.py:104} INFO - [2022-02-18 12:46:59,834] {dag.py:1818} INFO - Sync 1 DAGs
[2022-02-18 12:46:59,856] {logging_mixin.py:104} INFO - [2022-02-18 12:46:59,856] {dag.py:2273} INFO - Setting next_dagrun for example_bash_operator to 2022-02-16 00:00:00+00:00
[2022-02-18 12:46:59,867] {scheduler_job.py:190} INFO - Processing /app/env/lib/python3.8/site-packages/airflow/example_dags/example_bash_operator.py took 0.073 seconds
[2022-02-18 12:47:30,544] {scheduler_job.py:182} INFO - Started process (PID=292) to work on /app/env/lib/python3.8/site-packages/airflow/example_dags/example_bash_operator.py
[2022-02-18 12:47:30,546] {scheduler_job.py:629} INFO - Processing file /app/env/lib/python3.8/site-packages/airflow/example_dags/example_bash_operator.py for tasks to queue
[2022-02-18 12:47:30,547] {logging_mixin.py:104} INFO - [2022-02-18 12:47:30,547] {dagbag.py:448} INFO - Filling up the DagBag from /app/env/lib/python3.8/site-packages/airflow/example_dags/example_bash_operator.py
[2022-02-18 12:47:30,563] {scheduler_job.py:639} INFO - DAG(s) dict_keys(['example_bash_operator']) retrieved from /app/env/lib/python3.8/site-packages/airflow/example_dags/example_bash_operator.py
[2022-02-18 12:47:30,583] {logging_mixin.py:104} INFO - [2022-02-18 12:47:30,582] {dag.py:1818} INFO - Sync 1 DAGs
[2022-02-18 12:47:30,608] {logging_mixin.py:104} INFO - [2022-02-18 12:47:30,608] {dag.py:2273} INFO - Setting next_dagrun for example_bash_operator to 2022-02-16 00:00:00+00:00
[2022-02-18 12:47:30,619] {scheduler_job.py:190} INFO - Processing /app/env/lib/python3.8/site-packages/airflow/example_dags/example_bash_operator.py took 0.079 seconds
[2022-02-18 12:48:01,224] {scheduler_job.py:182} INFO - Started process (PID=322) to work on /app/env/lib/python3.8/site-packages/airflow/example_dags/example_bash_operator.py
[2022-02-18 12:48:01,225] {scheduler_job.py:629} INFO - Processing file /app/env/lib/python3.8/site-packages/airflow/example_dags/example_bash_operator.py for tasks to queue
[2022-02-18 12:48:01,226] {logging_mixin.py:104} INFO - [2022-02-18 12:48:01,226] {dagbag.py:448} INFO - Filling up the DagBag from /app/env/lib/python3.8/site-packages/airflow/example_dags/example_bash_operator.py
[2022-02-18 12:48:01,244] {scheduler_job.py:639} INFO - DAG(s) dict_keys(['example_bash_operator']) retrieved from /app/env/lib/python3.8/site-packages/airflow/example_dags/example_bash_operator.py
[2022-02-18 12:48:01,270] {logging_mixin.py:104} INFO - [2022-02-18 12:48:01,270] {dag.py:1818} INFO - Sync 1 DAGs
[2022-02-18 12:48:01,303] {logging_mixin.py:104} INFO - [2022-02-18 12:48:01,303] {dag.py:2273} INFO - Setting next_dagrun for example_bash_operator to 2022-02-16 00:00:00+00:00
[2022-02-18 12:48:01,316] {scheduler_job.py:190} INFO - Processing /app/env/lib/python3.8/site-packages/airflow/example_dags/example_bash_operator.py took 0.097 seconds
[2022-02-18 12:48:31,894] {scheduler_job.py:182} INFO - Started process (PID=352) to work on /app/env/lib/python3.8/site-packages/airflow/example_dags/example_bash_operator.py
[2022-02-18 12:48:31,896] {scheduler_job.py:629} INFO - Processing file /app/env/lib/python3.8/site-packages/airflow/example_dags/example_bash_operator.py for tasks to queue
[2022-02-18 12:48:31,897] {logging_mixin.py:104} INFO - [2022-02-18 12:48:31,897] {dagbag.py:448} INFO - Filling up the DagBag from /app/env/lib/python3.8/site-packages/airflow/example_dags/example_bash_operator.py
[2022-02-18 12:48:31,919] {scheduler_job.py:639} INFO - DAG(s) dict_keys(['example_bash_operator']) retrieved from /app/env/lib/python3.8/site-packages/airflow/example_dags/example_bash_operator.py
[2022-02-18 12:48:31,937] {logging_mixin.py:104} INFO - [2022-02-18 12:48:31,937] {dag.py:1818} INFO - Sync 1 DAGs
[2022-02-18 12:48:31,960] {logging_mixin.py:104} INFO - [2022-02-18 12:48:31,960] {dag.py:2273} INFO - Setting next_dagrun for example_bash_operator to 2022-02-16 00:00:00+00:00
[2022-02-18 12:48:31,970] {scheduler_job.py:190} INFO - Processing /app/env/lib/python3.8/site-packages/airflow/example_dags/example_bash_operator.py took 0.080 seconds
[2022-02-18 12:49:02,634] {scheduler_job.py:182} INFO - Started process (PID=382) to work on /app/env/lib/python3.8/site-packages/airflow/example_dags/example_bash_operator.py
[2022-02-18 12:49:02,635] {scheduler_job.py:629} INFO - Processing file /app/env/lib/python3.8/site-packages/airflow/example_dags/example_bash_operator.py for tasks to queue
[2022-02-18 12:49:02,636] {logging_mixin.py:104} INFO - [2022-02-18 12:49:02,636] {dagbag.py:448} INFO - Filling up the DagBag from /app/env/lib/python3.8/site-packages/airflow/example_dags/example_bash_operator.py
[2022-02-18 12:49:02,651] {scheduler_job.py:639} INFO - DAG(s) dict_keys(['example_bash_operator']) retrieved from /app/env/lib/python3.8/site-packages/airflow/example_dags/example_bash_operator.py
[2022-02-18 12:49:02,668] {logging_mixin.py:104} INFO - [2022-02-18 12:49:02,668] {dag.py:1818} INFO - Sync 1 DAGs
[2022-02-18 12:49:02,690] {logging_mixin.py:104} INFO - [2022-02-18 12:49:02,689] {dag.py:2273} INFO - Setting next_dagrun for example_bash_operator to 2022-02-16 00:00:00+00:00
[2022-02-18 12:49:02,700] {scheduler_job.py:190} INFO - Processing /app/env/lib/python3.8/site-packages/airflow/example_dags/example_bash_operator.py took 0.069 seconds
[2022-02-18 12:49:33,401] {scheduler_job.py:182} INFO - Started process (PID=412) to work on /app/env/lib/python3.8/site-packages/airflow/example_dags/example_bash_operator.py
[2022-02-18 12:49:33,403] {scheduler_job.py:629} INFO - Processing file /app/env/lib/python3.8/site-packages/airflow/example_dags/example_bash_operator.py for tasks to queue
[2022-02-18 12:49:33,404] {logging_mixin.py:104} INFO - [2022-02-18 12:49:33,403] {dagbag.py:448} INFO - Filling up the DagBag from /app/env/lib/python3.8/site-packages/airflow/example_dags/example_bash_operator.py
[2022-02-18 12:49:33,420] {scheduler_job.py:639} INFO - DAG(s) dict_keys(['example_bash_operator']) retrieved from /app/env/lib/python3.8/site-packages/airflow/example_dags/example_bash_operator.py
[2022-02-18 12:49:33,440] {logging_mixin.py:104} INFO - [2022-02-18 12:49:33,440] {dag.py:1818} INFO - Sync 1 DAGs
[2022-02-18 12:49:33,466] {logging_mixin.py:104} INFO - [2022-02-18 12:49:33,466] {dag.py:2273} INFO - Setting next_dagrun for example_bash_operator to 2022-02-16 00:00:00+00:00
[2022-02-18 12:49:33,482] {scheduler_job.py:190} INFO - Processing /app/env/lib/python3.8/site-packages/airflow/example_dags/example_bash_operator.py took 0.085 seconds
[2022-02-18 12:50:03,932] {scheduler_job.py:182} INFO - Started process (PID=442) to work on /app/env/lib/python3.8/site-packages/airflow/example_dags/example_bash_operator.py
[2022-02-18 12:50:03,934] {scheduler_job.py:629} INFO - Processing file /app/env/lib/python3.8/site-packages/airflow/example_dags/example_bash_operator.py for tasks to queue
[2022-02-18 12:50:03,934] {logging_mixin.py:104} INFO - [2022-02-18 12:50:03,934] {dagbag.py:448} INFO - Filling up the DagBag from /app/env/lib/python3.8/site-packages/airflow/example_dags/example_bash_operator.py
[2022-02-18 12:50:03,969] {scheduler_job.py:639} INFO - DAG(s) dict_keys(['example_bash_operator']) retrieved from /app/env/lib/python3.8/site-packages/airflow/example_dags/example_bash_operator.py
[2022-02-18 12:50:03,988] {logging_mixin.py:104} INFO - [2022-02-18 12:50:03,988] {dag.py:1818} INFO - Sync 1 DAGs
[2022-02-18 12:50:04,007] {logging_mixin.py:104} INFO - [2022-02-18 12:50:04,007] {dag.py:2273} INFO - Setting next_dagrun for example_bash_operator to 2022-02-16 00:00:00+00:00
[2022-02-18 12:50:04,014] {scheduler_job.py:190} INFO - Processing /app/env/lib/python3.8/site-packages/airflow/example_dags/example_bash_operator.py took 0.088 seconds
[2022-02-18 12:50:34,486] {scheduler_job.py:182} INFO - Started process (PID=472) to work on /app/env/lib/python3.8/site-packages/airflow/example_dags/example_bash_operator.py
[2022-02-18 12:50:34,488] {scheduler_job.py:629} INFO - Processing file /app/env/lib/python3.8/site-packages/airflow/example_dags/example_bash_operator.py for tasks to queue
[2022-02-18 12:50:34,488] {logging_mixin.py:104} INFO - [2022-02-18 12:50:34,488] {dagbag.py:448} INFO - Filling up the DagBag from /app/env/lib/python3.8/site-packages/airflow/example_dags/example_bash_operator.py
[2022-02-18 12:50:34,504] {scheduler_job.py:639} INFO - DAG(s) dict_keys(['example_bash_operator']) retrieved from /app/env/lib/python3.8/site-packages/airflow/example_dags/example_bash_operator.py
[2022-02-18 12:50:34,524] {logging_mixin.py:104} INFO - [2022-02-18 12:50:34,524] {dag.py:1818} INFO - Sync 1 DAGs
[2022-02-18 12:50:34,548] {logging_mixin.py:104} INFO - [2022-02-18 12:50:34,548] {dag.py:2273} INFO - Setting next_dagrun for example_bash_operator to 2022-02-16 00:00:00+00:00
[2022-02-18 12:50:34,558] {scheduler_job.py:190} INFO - Processing /app/env/lib/python3.8/site-packages/airflow/example_dags/example_bash_operator.py took 0.076 seconds
[2022-02-18 12:51:05,275] {scheduler_job.py:182} INFO - Started process (PID=502) to work on /app/env/lib/python3.8/site-packages/airflow/example_dags/example_bash_operator.py
[2022-02-18 12:51:05,276] {scheduler_job.py:629} INFO - Processing file /app/env/lib/python3.8/site-packages/airflow/example_dags/example_bash_operator.py for tasks to queue
[2022-02-18 12:51:05,277] {logging_mixin.py:104} INFO - [2022-02-18 12:51:05,276] {dagbag.py:448} INFO - Filling up the DagBag from /app/env/lib/python3.8/site-packages/airflow/example_dags/example_bash_operator.py
[2022-02-18 12:51:05,289] {scheduler_job.py:639} INFO - DAG(s) dict_keys(['example_bash_operator']) retrieved from /app/env/lib/python3.8/site-packages/airflow/example_dags/example_bash_operator.py
[2022-02-18 12:51:05,302] {logging_mixin.py:104} INFO - [2022-02-18 12:51:05,302] {dag.py:1818} INFO - Sync 1 DAGs
[2022-02-18 12:51:05,318] {logging_mixin.py:104} INFO - [2022-02-18 12:51:05,318] {dag.py:2273} INFO - Setting next_dagrun for example_bash_operator to 2022-02-16 00:00:00+00:00
[2022-02-18 12:51:05,326] {scheduler_job.py:190} INFO - Processing /app/env/lib/python3.8/site-packages/airflow/example_dags/example_bash_operator.py took 0.053 seconds
[2022-02-18 12:51:36,068] {scheduler_job.py:182} INFO - Started process (PID=532) to work on /app/env/lib/python3.8/site-packages/airflow/example_dags/example_bash_operator.py
[2022-02-18 12:51:36,069] {scheduler_job.py:629} INFO - Processing file /app/env/lib/python3.8/site-packages/airflow/example_dags/example_bash_operator.py for tasks to queue
[2022-02-18 12:51:36,069] {logging_mixin.py:104} INFO - [2022-02-18 12:51:36,069] {dagbag.py:448} INFO - Filling up the DagBag from /app/env/lib/python3.8/site-packages/airflow/example_dags/example_bash_operator.py
[2022-02-18 12:51:36,081] {scheduler_job.py:639} INFO - DAG(s) dict_keys(['example_bash_operator']) retrieved from /app/env/lib/python3.8/site-packages/airflow/example_dags/example_bash_operator.py
[2022-02-18 12:51:36,095] {logging_mixin.py:104} INFO - [2022-02-18 12:51:36,095] {dag.py:1818} INFO - Sync 1 DAGs
[2022-02-18 12:51:36,114] {logging_mixin.py:104} INFO - [2022-02-18 12:51:36,114] {dag.py:2273} INFO - Setting next_dagrun for example_bash_operator to 2022-02-16 00:00:00+00:00
[2022-02-18 12:51:36,122] {scheduler_job.py:190} INFO - Processing /app/env/lib/python3.8/site-packages/airflow/example_dags/example_bash_operator.py took 0.058 seconds
[2022-02-18 12:52:06,640] {scheduler_job.py:182} INFO - Started process (PID=562) to work on /app/env/lib/python3.8/site-packages/airflow/example_dags/example_bash_operator.py
[2022-02-18 12:52:06,642] {scheduler_job.py:629} INFO - Processing file /app/env/lib/python3.8/site-packages/airflow/example_dags/example_bash_operator.py for tasks to queue
[2022-02-18 12:52:06,643] {logging_mixin.py:104} INFO - [2022-02-18 12:52:06,642] {dagbag.py:448} INFO - Filling up the DagBag from /app/env/lib/python3.8/site-packages/airflow/example_dags/example_bash_operator.py
[2022-02-18 12:52:06,659] {scheduler_job.py:639} INFO - DAG(s) dict_keys(['example_bash_operator']) retrieved from /app/env/lib/python3.8/site-packages/airflow/example_dags/example_bash_operator.py
[2022-02-18 12:52:06,677] {logging_mixin.py:104} INFO - [2022-02-18 12:52:06,677] {dag.py:1818} INFO - Sync 1 DAGs
[2022-02-18 12:52:06,700] {logging_mixin.py:104} INFO - [2022-02-18 12:52:06,700] {dag.py:2273} INFO - Setting next_dagrun for example_bash_operator to 2022-02-16 00:00:00+00:00
[2022-02-18 12:52:06,710] {scheduler_job.py:190} INFO - Processing /app/env/lib/python3.8/site-packages/airflow/example_dags/example_bash_operator.py took 0.074 seconds
[2022-02-18 12:52:37,418] {scheduler_job.py:182} INFO - Started process (PID=592) to work on /app/env/lib/python3.8/site-packages/airflow/example_dags/example_bash_operator.py
[2022-02-18 12:52:37,419] {scheduler_job.py:629} INFO - Processing file /app/env/lib/python3.8/site-packages/airflow/example_dags/example_bash_operator.py for tasks to queue
[2022-02-18 12:52:37,421] {logging_mixin.py:104} INFO - [2022-02-18 12:52:37,421] {dagbag.py:448} INFO - Filling up the DagBag from /app/env/lib/python3.8/site-packages/airflow/example_dags/example_bash_operator.py
[2022-02-18 12:52:37,437] {scheduler_job.py:639} INFO - DAG(s) dict_keys(['example_bash_operator']) retrieved from /app/env/lib/python3.8/site-packages/airflow/example_dags/example_bash_operator.py
[2022-02-18 12:52:37,457] {logging_mixin.py:104} INFO - [2022-02-18 12:52:37,457] {dag.py:1818} INFO - Sync 1 DAGs
[2022-02-18 12:52:37,481] {logging_mixin.py:104} INFO - [2022-02-18 12:52:37,481] {dag.py:2273} INFO - Setting next_dagrun for example_bash_operator to 2022-02-16 00:00:00+00:00
[2022-02-18 12:52:37,492] {scheduler_job.py:190} INFO - Processing /app/env/lib/python3.8/site-packages/airflow/example_dags/example_bash_operator.py took 0.077 seconds
[2022-02-18 12:53:08,181] {scheduler_job.py:182} INFO - Started process (PID=622) to work on /app/env/lib/python3.8/site-packages/airflow/example_dags/example_bash_operator.py
[2022-02-18 12:53:08,183] {scheduler_job.py:629} INFO - Processing file /app/env/lib/python3.8/site-packages/airflow/example_dags/example_bash_operator.py for tasks to queue
[2022-02-18 12:53:08,183] {logging_mixin.py:104} INFO - [2022-02-18 12:53:08,183] {dagbag.py:448} INFO - Filling up the DagBag from /app/env/lib/python3.8/site-packages/airflow/example_dags/example_bash_operator.py
[2022-02-18 12:53:08,199] {scheduler_job.py:639} INFO - DAG(s) dict_keys(['example_bash_operator']) retrieved from /app/env/lib/python3.8/site-packages/airflow/example_dags/example_bash_operator.py
[2022-02-18 12:53:08,219] {logging_mixin.py:104} INFO - [2022-02-18 12:53:08,218] {dag.py:1818} INFO - Sync 1 DAGs
[2022-02-18 12:53:08,243] {logging_mixin.py:104} INFO - [2022-02-18 12:53:08,242] {dag.py:2273} INFO - Setting next_dagrun for example_bash_operator to 2022-02-16 00:00:00+00:00
[2022-02-18 12:53:08,252] {scheduler_job.py:190} INFO - Processing /app/env/lib/python3.8/site-packages/airflow/example_dags/example_bash_operator.py took 0.075 seconds
[2022-02-18 12:53:38,687] {scheduler_job.py:182} INFO - Started process (PID=652) to work on /app/env/lib/python3.8/site-packages/airflow/example_dags/example_bash_operator.py
[2022-02-18 12:53:38,688] {scheduler_job.py:629} INFO - Processing file /app/env/lib/python3.8/site-packages/airflow/example_dags/example_bash_operator.py for tasks to queue
[2022-02-18 12:53:38,689] {logging_mixin.py:104} INFO - [2022-02-18 12:53:38,689] {dagbag.py:448} INFO - Filling up the DagBag from /app/env/lib/python3.8/site-packages/airflow/example_dags/example_bash_operator.py
[2022-02-18 12:53:38,703] {scheduler_job.py:639} INFO - DAG(s) dict_keys(['example_bash_operator']) retrieved from /app/env/lib/python3.8/site-packages/airflow/example_dags/example_bash_operator.py
[2022-02-18 12:53:38,722] {logging_mixin.py:104} INFO - [2022-02-18 12:53:38,722] {dag.py:1818} INFO - Sync 1 DAGs
[2022-02-18 12:53:38,745] {logging_mixin.py:104} INFO - [2022-02-18 12:53:38,745] {dag.py:2273} INFO - Setting next_dagrun for example_bash_operator to 2022-02-16 00:00:00+00:00
[2022-02-18 12:53:38,754] {scheduler_job.py:190} INFO - Processing /app/env/lib/python3.8/site-packages/airflow/example_dags/example_bash_operator.py took 0.071 seconds
