[2022-02-18 12:43:53,644] {scheduler_job.py:182} INFO - Started process (PID=61) to work on /app/env/lib/python3.8/site-packages/airflow/example_dags/tutorial_etl_dag.py
[2022-02-18 12:43:53,645] {scheduler_job.py:629} INFO - Processing file /app/env/lib/python3.8/site-packages/airflow/example_dags/tutorial_etl_dag.py for tasks to queue
[2022-02-18 12:43:53,646] {logging_mixin.py:104} INFO - [2022-02-18 12:43:53,645] {dagbag.py:448} INFO - Filling up the DagBag from /app/env/lib/python3.8/site-packages/airflow/example_dags/tutorial_etl_dag.py
[2022-02-18 12:43:53,655] {scheduler_job.py:639} INFO - DAG(s) dict_keys(['tutorial_etl_dag']) retrieved from /app/env/lib/python3.8/site-packages/airflow/example_dags/tutorial_etl_dag.py
[2022-02-18 12:43:53,660] {logging_mixin.py:104} INFO - [2022-02-18 12:43:53,660] {dag.py:1818} INFO - Sync 1 DAGs
[2022-02-18 12:43:53,667] {logging_mixin.py:104} INFO - [2022-02-18 12:43:53,667] {dag.py:2273} INFO - Setting next_dagrun for tutorial_etl_dag to None
[2022-02-18 12:43:53,672] {scheduler_job.py:190} INFO - Processing /app/env/lib/python3.8/site-packages/airflow/example_dags/tutorial_etl_dag.py took 0.031 seconds
[2022-02-18 12:44:23,822] {scheduler_job.py:182} INFO - Started process (PID=110) to work on /app/env/lib/python3.8/site-packages/airflow/example_dags/tutorial_etl_dag.py
[2022-02-18 12:44:23,824] {scheduler_job.py:629} INFO - Processing file /app/env/lib/python3.8/site-packages/airflow/example_dags/tutorial_etl_dag.py for tasks to queue
[2022-02-18 12:44:23,824] {logging_mixin.py:104} INFO - [2022-02-18 12:44:23,824] {dagbag.py:448} INFO - Filling up the DagBag from /app/env/lib/python3.8/site-packages/airflow/example_dags/tutorial_etl_dag.py
[2022-02-18 12:44:23,839] {scheduler_job.py:639} INFO - DAG(s) dict_keys(['tutorial_etl_dag']) retrieved from /app/env/lib/python3.8/site-packages/airflow/example_dags/tutorial_etl_dag.py
[2022-02-18 12:44:23,856] {logging_mixin.py:104} INFO - [2022-02-18 12:44:23,856] {dag.py:1818} INFO - Sync 1 DAGs
[2022-02-18 12:44:23,868] {logging_mixin.py:104} INFO - [2022-02-18 12:44:23,868] {dag.py:2273} INFO - Setting next_dagrun for tutorial_etl_dag to None
[2022-02-18 12:44:23,877] {scheduler_job.py:190} INFO - Processing /app/env/lib/python3.8/site-packages/airflow/example_dags/tutorial_etl_dag.py took 0.059 seconds
[2022-02-18 12:44:53,935] {scheduler_job.py:182} INFO - Started process (PID=139) to work on /app/env/lib/python3.8/site-packages/airflow/example_dags/tutorial_etl_dag.py
[2022-02-18 12:44:53,937] {scheduler_job.py:629} INFO - Processing file /app/env/lib/python3.8/site-packages/airflow/example_dags/tutorial_etl_dag.py for tasks to queue
[2022-02-18 12:44:53,938] {logging_mixin.py:104} INFO - [2022-02-18 12:44:53,937] {dagbag.py:448} INFO - Filling up the DagBag from /app/env/lib/python3.8/site-packages/airflow/example_dags/tutorial_etl_dag.py
[2022-02-18 12:44:53,957] {scheduler_job.py:639} INFO - DAG(s) dict_keys(['tutorial_etl_dag']) retrieved from /app/env/lib/python3.8/site-packages/airflow/example_dags/tutorial_etl_dag.py
[2022-02-18 12:44:53,976] {logging_mixin.py:104} INFO - [2022-02-18 12:44:53,976] {dag.py:1818} INFO - Sync 1 DAGs
[2022-02-18 12:44:53,990] {logging_mixin.py:104} INFO - [2022-02-18 12:44:53,990] {dag.py:2273} INFO - Setting next_dagrun for tutorial_etl_dag to None
[2022-02-18 12:44:54,000] {scheduler_job.py:190} INFO - Processing /app/env/lib/python3.8/site-packages/airflow/example_dags/tutorial_etl_dag.py took 0.070 seconds
[2022-02-18 12:45:24,117] {scheduler_job.py:182} INFO - Started process (PID=169) to work on /app/env/lib/python3.8/site-packages/airflow/example_dags/tutorial_etl_dag.py
[2022-02-18 12:45:24,118] {scheduler_job.py:629} INFO - Processing file /app/env/lib/python3.8/site-packages/airflow/example_dags/tutorial_etl_dag.py for tasks to queue
[2022-02-18 12:45:24,119] {logging_mixin.py:104} INFO - [2022-02-18 12:45:24,119] {dagbag.py:448} INFO - Filling up the DagBag from /app/env/lib/python3.8/site-packages/airflow/example_dags/tutorial_etl_dag.py
[2022-02-18 12:45:24,133] {scheduler_job.py:639} INFO - DAG(s) dict_keys(['tutorial_etl_dag']) retrieved from /app/env/lib/python3.8/site-packages/airflow/example_dags/tutorial_etl_dag.py
[2022-02-18 12:45:24,149] {logging_mixin.py:104} INFO - [2022-02-18 12:45:24,149] {dag.py:1818} INFO - Sync 1 DAGs
[2022-02-18 12:45:24,163] {logging_mixin.py:104} INFO - [2022-02-18 12:45:24,163] {dag.py:2273} INFO - Setting next_dagrun for tutorial_etl_dag to None
[2022-02-18 12:45:24,173] {scheduler_job.py:190} INFO - Processing /app/env/lib/python3.8/site-packages/airflow/example_dags/tutorial_etl_dag.py took 0.060 seconds
[2022-02-18 12:45:54,300] {scheduler_job.py:182} INFO - Started process (PID=198) to work on /app/env/lib/python3.8/site-packages/airflow/example_dags/tutorial_etl_dag.py
[2022-02-18 12:45:54,301] {scheduler_job.py:629} INFO - Processing file /app/env/lib/python3.8/site-packages/airflow/example_dags/tutorial_etl_dag.py for tasks to queue
[2022-02-18 12:45:54,302] {logging_mixin.py:104} INFO - [2022-02-18 12:45:54,302] {dagbag.py:448} INFO - Filling up the DagBag from /app/env/lib/python3.8/site-packages/airflow/example_dags/tutorial_etl_dag.py
[2022-02-18 12:45:54,316] {scheduler_job.py:639} INFO - DAG(s) dict_keys(['tutorial_etl_dag']) retrieved from /app/env/lib/python3.8/site-packages/airflow/example_dags/tutorial_etl_dag.py
[2022-02-18 12:45:54,335] {logging_mixin.py:104} INFO - [2022-02-18 12:45:54,335] {dag.py:1818} INFO - Sync 1 DAGs
[2022-02-18 12:45:54,348] {logging_mixin.py:104} INFO - [2022-02-18 12:45:54,348] {dag.py:2273} INFO - Setting next_dagrun for tutorial_etl_dag to None
[2022-02-18 12:45:54,357] {scheduler_job.py:190} INFO - Processing /app/env/lib/python3.8/site-packages/airflow/example_dags/tutorial_etl_dag.py took 0.061 seconds
[2022-02-18 12:46:24,498] {scheduler_job.py:182} INFO - Started process (PID=228) to work on /app/env/lib/python3.8/site-packages/airflow/example_dags/tutorial_etl_dag.py
[2022-02-18 12:46:24,500] {scheduler_job.py:629} INFO - Processing file /app/env/lib/python3.8/site-packages/airflow/example_dags/tutorial_etl_dag.py for tasks to queue
[2022-02-18 12:46:24,501] {logging_mixin.py:104} INFO - [2022-02-18 12:46:24,501] {dagbag.py:448} INFO - Filling up the DagBag from /app/env/lib/python3.8/site-packages/airflow/example_dags/tutorial_etl_dag.py
[2022-02-18 12:46:24,518] {scheduler_job.py:639} INFO - DAG(s) dict_keys(['tutorial_etl_dag']) retrieved from /app/env/lib/python3.8/site-packages/airflow/example_dags/tutorial_etl_dag.py
[2022-02-18 12:46:24,539] {logging_mixin.py:104} INFO - [2022-02-18 12:46:24,539] {dag.py:1818} INFO - Sync 1 DAGs
[2022-02-18 12:46:24,556] {logging_mixin.py:104} INFO - [2022-02-18 12:46:24,555] {dag.py:2273} INFO - Setting next_dagrun for tutorial_etl_dag to None
[2022-02-18 12:46:24,566] {scheduler_job.py:190} INFO - Processing /app/env/lib/python3.8/site-packages/airflow/example_dags/tutorial_etl_dag.py took 0.072 seconds
[2022-02-18 12:46:54,646] {scheduler_job.py:182} INFO - Started process (PID=257) to work on /app/env/lib/python3.8/site-packages/airflow/example_dags/tutorial_etl_dag.py
[2022-02-18 12:46:54,647] {scheduler_job.py:629} INFO - Processing file /app/env/lib/python3.8/site-packages/airflow/example_dags/tutorial_etl_dag.py for tasks to queue
[2022-02-18 12:46:54,648] {logging_mixin.py:104} INFO - [2022-02-18 12:46:54,648] {dagbag.py:448} INFO - Filling up the DagBag from /app/env/lib/python3.8/site-packages/airflow/example_dags/tutorial_etl_dag.py
[2022-02-18 12:46:54,662] {scheduler_job.py:639} INFO - DAG(s) dict_keys(['tutorial_etl_dag']) retrieved from /app/env/lib/python3.8/site-packages/airflow/example_dags/tutorial_etl_dag.py
[2022-02-18 12:46:54,682] {logging_mixin.py:104} INFO - [2022-02-18 12:46:54,682] {dag.py:1818} INFO - Sync 1 DAGs
[2022-02-18 12:46:54,697] {logging_mixin.py:104} INFO - [2022-02-18 12:46:54,697] {dag.py:2273} INFO - Setting next_dagrun for tutorial_etl_dag to None
[2022-02-18 12:46:54,710] {scheduler_job.py:190} INFO - Processing /app/env/lib/python3.8/site-packages/airflow/example_dags/tutorial_etl_dag.py took 0.068 seconds
[2022-02-18 12:47:25,055] {scheduler_job.py:182} INFO - Started process (PID=287) to work on /app/env/lib/python3.8/site-packages/airflow/example_dags/tutorial_etl_dag.py
[2022-02-18 12:47:25,056] {scheduler_job.py:629} INFO - Processing file /app/env/lib/python3.8/site-packages/airflow/example_dags/tutorial_etl_dag.py for tasks to queue
[2022-02-18 12:47:25,057] {logging_mixin.py:104} INFO - [2022-02-18 12:47:25,057] {dagbag.py:448} INFO - Filling up the DagBag from /app/env/lib/python3.8/site-packages/airflow/example_dags/tutorial_etl_dag.py
[2022-02-18 12:47:25,072] {scheduler_job.py:639} INFO - DAG(s) dict_keys(['tutorial_etl_dag']) retrieved from /app/env/lib/python3.8/site-packages/airflow/example_dags/tutorial_etl_dag.py
[2022-02-18 12:47:25,089] {logging_mixin.py:104} INFO - [2022-02-18 12:47:25,089] {dag.py:1818} INFO - Sync 1 DAGs
[2022-02-18 12:47:25,101] {logging_mixin.py:104} INFO - [2022-02-18 12:47:25,101] {dag.py:2273} INFO - Setting next_dagrun for tutorial_etl_dag to None
[2022-02-18 12:47:25,110] {scheduler_job.py:190} INFO - Processing /app/env/lib/python3.8/site-packages/airflow/example_dags/tutorial_etl_dag.py took 0.060 seconds
[2022-02-18 12:47:55,360] {scheduler_job.py:182} INFO - Started process (PID=317) to work on /app/env/lib/python3.8/site-packages/airflow/example_dags/tutorial_etl_dag.py
[2022-02-18 12:47:55,362] {scheduler_job.py:629} INFO - Processing file /app/env/lib/python3.8/site-packages/airflow/example_dags/tutorial_etl_dag.py for tasks to queue
[2022-02-18 12:47:55,362] {logging_mixin.py:104} INFO - [2022-02-18 12:47:55,362] {dagbag.py:448} INFO - Filling up the DagBag from /app/env/lib/python3.8/site-packages/airflow/example_dags/tutorial_etl_dag.py
[2022-02-18 12:47:55,379] {scheduler_job.py:639} INFO - DAG(s) dict_keys(['tutorial_etl_dag']) retrieved from /app/env/lib/python3.8/site-packages/airflow/example_dags/tutorial_etl_dag.py
[2022-02-18 12:47:55,400] {logging_mixin.py:104} INFO - [2022-02-18 12:47:55,399] {dag.py:1818} INFO - Sync 1 DAGs
[2022-02-18 12:47:55,418] {logging_mixin.py:104} INFO - [2022-02-18 12:47:55,418] {dag.py:2273} INFO - Setting next_dagrun for tutorial_etl_dag to None
[2022-02-18 12:47:55,429] {scheduler_job.py:190} INFO - Processing /app/env/lib/python3.8/site-packages/airflow/example_dags/tutorial_etl_dag.py took 0.074 seconds
[2022-02-18 12:48:26,718] {scheduler_job.py:182} INFO - Started process (PID=347) to work on /app/env/lib/python3.8/site-packages/airflow/example_dags/tutorial_etl_dag.py
[2022-02-18 12:48:26,720] {scheduler_job.py:629} INFO - Processing file /app/env/lib/python3.8/site-packages/airflow/example_dags/tutorial_etl_dag.py for tasks to queue
[2022-02-18 12:48:26,720] {logging_mixin.py:104} INFO - [2022-02-18 12:48:26,720] {dagbag.py:448} INFO - Filling up the DagBag from /app/env/lib/python3.8/site-packages/airflow/example_dags/tutorial_etl_dag.py
[2022-02-18 12:48:26,736] {scheduler_job.py:639} INFO - DAG(s) dict_keys(['tutorial_etl_dag']) retrieved from /app/env/lib/python3.8/site-packages/airflow/example_dags/tutorial_etl_dag.py
[2022-02-18 12:48:26,752] {logging_mixin.py:104} INFO - [2022-02-18 12:48:26,752] {dag.py:1818} INFO - Sync 1 DAGs
[2022-02-18 12:48:26,765] {logging_mixin.py:104} INFO - [2022-02-18 12:48:26,764] {dag.py:2273} INFO - Setting next_dagrun for tutorial_etl_dag to None
[2022-02-18 12:48:26,773] {scheduler_job.py:190} INFO - Processing /app/env/lib/python3.8/site-packages/airflow/example_dags/tutorial_etl_dag.py took 0.058 seconds
[2022-02-18 12:48:57,473] {scheduler_job.py:182} INFO - Started process (PID=377) to work on /app/env/lib/python3.8/site-packages/airflow/example_dags/tutorial_etl_dag.py
[2022-02-18 12:48:57,475] {scheduler_job.py:629} INFO - Processing file /app/env/lib/python3.8/site-packages/airflow/example_dags/tutorial_etl_dag.py for tasks to queue
[2022-02-18 12:48:57,475] {logging_mixin.py:104} INFO - [2022-02-18 12:48:57,475] {dagbag.py:448} INFO - Filling up the DagBag from /app/env/lib/python3.8/site-packages/airflow/example_dags/tutorial_etl_dag.py
[2022-02-18 12:48:57,488] {scheduler_job.py:639} INFO - DAG(s) dict_keys(['tutorial_etl_dag']) retrieved from /app/env/lib/python3.8/site-packages/airflow/example_dags/tutorial_etl_dag.py
[2022-02-18 12:48:57,504] {logging_mixin.py:104} INFO - [2022-02-18 12:48:57,504] {dag.py:1818} INFO - Sync 1 DAGs
[2022-02-18 12:48:57,516] {logging_mixin.py:104} INFO - [2022-02-18 12:48:57,516] {dag.py:2273} INFO - Setting next_dagrun for tutorial_etl_dag to None
[2022-02-18 12:48:57,525] {scheduler_job.py:190} INFO - Processing /app/env/lib/python3.8/site-packages/airflow/example_dags/tutorial_etl_dag.py took 0.055 seconds
[2022-02-18 12:49:28,241] {scheduler_job.py:182} INFO - Started process (PID=407) to work on /app/env/lib/python3.8/site-packages/airflow/example_dags/tutorial_etl_dag.py
[2022-02-18 12:49:28,242] {scheduler_job.py:629} INFO - Processing file /app/env/lib/python3.8/site-packages/airflow/example_dags/tutorial_etl_dag.py for tasks to queue
[2022-02-18 12:49:28,243] {logging_mixin.py:104} INFO - [2022-02-18 12:49:28,243] {dagbag.py:448} INFO - Filling up the DagBag from /app/env/lib/python3.8/site-packages/airflow/example_dags/tutorial_etl_dag.py
[2022-02-18 12:49:28,256] {scheduler_job.py:639} INFO - DAG(s) dict_keys(['tutorial_etl_dag']) retrieved from /app/env/lib/python3.8/site-packages/airflow/example_dags/tutorial_etl_dag.py
[2022-02-18 12:49:28,281] {logging_mixin.py:104} INFO - [2022-02-18 12:49:28,281] {dag.py:1818} INFO - Sync 1 DAGs
[2022-02-18 12:49:28,301] {logging_mixin.py:104} INFO - [2022-02-18 12:49:28,301] {dag.py:2273} INFO - Setting next_dagrun for tutorial_etl_dag to None
[2022-02-18 12:49:28,315] {scheduler_job.py:190} INFO - Processing /app/env/lib/python3.8/site-packages/airflow/example_dags/tutorial_etl_dag.py took 0.078 seconds
[2022-02-18 12:49:58,755] {scheduler_job.py:182} INFO - Started process (PID=437) to work on /app/env/lib/python3.8/site-packages/airflow/example_dags/tutorial_etl_dag.py
[2022-02-18 12:49:58,757] {scheduler_job.py:629} INFO - Processing file /app/env/lib/python3.8/site-packages/airflow/example_dags/tutorial_etl_dag.py for tasks to queue
[2022-02-18 12:49:58,758] {logging_mixin.py:104} INFO - [2022-02-18 12:49:58,758] {dagbag.py:448} INFO - Filling up the DagBag from /app/env/lib/python3.8/site-packages/airflow/example_dags/tutorial_etl_dag.py
[2022-02-18 12:49:58,775] {scheduler_job.py:639} INFO - DAG(s) dict_keys(['tutorial_etl_dag']) retrieved from /app/env/lib/python3.8/site-packages/airflow/example_dags/tutorial_etl_dag.py
[2022-02-18 12:49:58,795] {logging_mixin.py:104} INFO - [2022-02-18 12:49:58,795] {dag.py:1818} INFO - Sync 1 DAGs
[2022-02-18 12:49:58,813] {logging_mixin.py:104} INFO - [2022-02-18 12:49:58,813] {dag.py:2273} INFO - Setting next_dagrun for tutorial_etl_dag to None
[2022-02-18 12:49:58,823] {scheduler_job.py:190} INFO - Processing /app/env/lib/python3.8/site-packages/airflow/example_dags/tutorial_etl_dag.py took 0.073 seconds
[2022-02-18 12:50:29,327] {scheduler_job.py:182} INFO - Started process (PID=467) to work on /app/env/lib/python3.8/site-packages/airflow/example_dags/tutorial_etl_dag.py
[2022-02-18 12:50:29,328] {scheduler_job.py:629} INFO - Processing file /app/env/lib/python3.8/site-packages/airflow/example_dags/tutorial_etl_dag.py for tasks to queue
[2022-02-18 12:50:29,329] {logging_mixin.py:104} INFO - [2022-02-18 12:50:29,329] {dagbag.py:448} INFO - Filling up the DagBag from /app/env/lib/python3.8/site-packages/airflow/example_dags/tutorial_etl_dag.py
[2022-02-18 12:50:29,346] {scheduler_job.py:639} INFO - DAG(s) dict_keys(['tutorial_etl_dag']) retrieved from /app/env/lib/python3.8/site-packages/airflow/example_dags/tutorial_etl_dag.py
[2022-02-18 12:50:29,369] {logging_mixin.py:104} INFO - [2022-02-18 12:50:29,369] {dag.py:1818} INFO - Sync 1 DAGs
[2022-02-18 12:50:29,387] {logging_mixin.py:104} INFO - [2022-02-18 12:50:29,386] {dag.py:2273} INFO - Setting next_dagrun for tutorial_etl_dag to None
[2022-02-18 12:50:29,397] {scheduler_job.py:190} INFO - Processing /app/env/lib/python3.8/site-packages/airflow/example_dags/tutorial_etl_dag.py took 0.075 seconds
[2022-02-18 12:51:00,102] {scheduler_job.py:182} INFO - Started process (PID=497) to work on /app/env/lib/python3.8/site-packages/airflow/example_dags/tutorial_etl_dag.py
[2022-02-18 12:51:00,104] {scheduler_job.py:629} INFO - Processing file /app/env/lib/python3.8/site-packages/airflow/example_dags/tutorial_etl_dag.py for tasks to queue
[2022-02-18 12:51:00,105] {logging_mixin.py:104} INFO - [2022-02-18 12:51:00,104] {dagbag.py:448} INFO - Filling up the DagBag from /app/env/lib/python3.8/site-packages/airflow/example_dags/tutorial_etl_dag.py
[2022-02-18 12:51:00,122] {scheduler_job.py:639} INFO - DAG(s) dict_keys(['tutorial_etl_dag']) retrieved from /app/env/lib/python3.8/site-packages/airflow/example_dags/tutorial_etl_dag.py
[2022-02-18 12:51:00,145] {logging_mixin.py:104} INFO - [2022-02-18 12:51:00,144] {dag.py:1818} INFO - Sync 1 DAGs
[2022-02-18 12:51:00,158] {logging_mixin.py:104} INFO - [2022-02-18 12:51:00,158] {dag.py:2273} INFO - Setting next_dagrun for tutorial_etl_dag to None
[2022-02-18 12:51:00,169] {scheduler_job.py:190} INFO - Processing /app/env/lib/python3.8/site-packages/airflow/example_dags/tutorial_etl_dag.py took 0.071 seconds
[2022-02-18 12:51:30,893] {scheduler_job.py:182} INFO - Started process (PID=527) to work on /app/env/lib/python3.8/site-packages/airflow/example_dags/tutorial_etl_dag.py
[2022-02-18 12:51:30,894] {scheduler_job.py:629} INFO - Processing file /app/env/lib/python3.8/site-packages/airflow/example_dags/tutorial_etl_dag.py for tasks to queue
[2022-02-18 12:51:30,895] {logging_mixin.py:104} INFO - [2022-02-18 12:51:30,895] {dagbag.py:448} INFO - Filling up the DagBag from /app/env/lib/python3.8/site-packages/airflow/example_dags/tutorial_etl_dag.py
[2022-02-18 12:51:30,911] {scheduler_job.py:639} INFO - DAG(s) dict_keys(['tutorial_etl_dag']) retrieved from /app/env/lib/python3.8/site-packages/airflow/example_dags/tutorial_etl_dag.py
[2022-02-18 12:51:30,932] {logging_mixin.py:104} INFO - [2022-02-18 12:51:30,932] {dag.py:1818} INFO - Sync 1 DAGs
[2022-02-18 12:51:30,948] {logging_mixin.py:104} INFO - [2022-02-18 12:51:30,948] {dag.py:2273} INFO - Setting next_dagrun for tutorial_etl_dag to None
[2022-02-18 12:51:30,958] {scheduler_job.py:190} INFO - Processing /app/env/lib/python3.8/site-packages/airflow/example_dags/tutorial_etl_dag.py took 0.070 seconds
[2022-02-18 12:52:01,474] {scheduler_job.py:182} INFO - Started process (PID=557) to work on /app/env/lib/python3.8/site-packages/airflow/example_dags/tutorial_etl_dag.py
[2022-02-18 12:52:01,475] {scheduler_job.py:629} INFO - Processing file /app/env/lib/python3.8/site-packages/airflow/example_dags/tutorial_etl_dag.py for tasks to queue
[2022-02-18 12:52:01,476] {logging_mixin.py:104} INFO - [2022-02-18 12:52:01,476] {dagbag.py:448} INFO - Filling up the DagBag from /app/env/lib/python3.8/site-packages/airflow/example_dags/tutorial_etl_dag.py
[2022-02-18 12:52:01,484] {scheduler_job.py:639} INFO - DAG(s) dict_keys(['tutorial_etl_dag']) retrieved from /app/env/lib/python3.8/site-packages/airflow/example_dags/tutorial_etl_dag.py
[2022-02-18 12:52:01,495] {logging_mixin.py:104} INFO - [2022-02-18 12:52:01,495] {dag.py:1818} INFO - Sync 1 DAGs
[2022-02-18 12:52:01,504] {logging_mixin.py:104} INFO - [2022-02-18 12:52:01,504] {dag.py:2273} INFO - Setting next_dagrun for tutorial_etl_dag to None
[2022-02-18 12:52:01,510] {scheduler_job.py:190} INFO - Processing /app/env/lib/python3.8/site-packages/airflow/example_dags/tutorial_etl_dag.py took 0.041 seconds
[2022-02-18 12:52:32,255] {scheduler_job.py:182} INFO - Started process (PID=587) to work on /app/env/lib/python3.8/site-packages/airflow/example_dags/tutorial_etl_dag.py
[2022-02-18 12:52:32,256] {scheduler_job.py:629} INFO - Processing file /app/env/lib/python3.8/site-packages/airflow/example_dags/tutorial_etl_dag.py for tasks to queue
[2022-02-18 12:52:32,257] {logging_mixin.py:104} INFO - [2022-02-18 12:52:32,257] {dagbag.py:448} INFO - Filling up the DagBag from /app/env/lib/python3.8/site-packages/airflow/example_dags/tutorial_etl_dag.py
[2022-02-18 12:52:32,272] {scheduler_job.py:639} INFO - DAG(s) dict_keys(['tutorial_etl_dag']) retrieved from /app/env/lib/python3.8/site-packages/airflow/example_dags/tutorial_etl_dag.py
[2022-02-18 12:52:32,292] {logging_mixin.py:104} INFO - [2022-02-18 12:52:32,292] {dag.py:1818} INFO - Sync 1 DAGs
[2022-02-18 12:52:32,308] {logging_mixin.py:104} INFO - [2022-02-18 12:52:32,308] {dag.py:2273} INFO - Setting next_dagrun for tutorial_etl_dag to None
[2022-02-18 12:52:32,318] {scheduler_job.py:190} INFO - Processing /app/env/lib/python3.8/site-packages/airflow/example_dags/tutorial_etl_dag.py took 0.068 seconds
[2022-02-18 12:53:03,019] {scheduler_job.py:182} INFO - Started process (PID=617) to work on /app/env/lib/python3.8/site-packages/airflow/example_dags/tutorial_etl_dag.py
[2022-02-18 12:53:03,020] {scheduler_job.py:629} INFO - Processing file /app/env/lib/python3.8/site-packages/airflow/example_dags/tutorial_etl_dag.py for tasks to queue
[2022-02-18 12:53:03,021] {logging_mixin.py:104} INFO - [2022-02-18 12:53:03,021] {dagbag.py:448} INFO - Filling up the DagBag from /app/env/lib/python3.8/site-packages/airflow/example_dags/tutorial_etl_dag.py
[2022-02-18 12:53:03,036] {scheduler_job.py:639} INFO - DAG(s) dict_keys(['tutorial_etl_dag']) retrieved from /app/env/lib/python3.8/site-packages/airflow/example_dags/tutorial_etl_dag.py
[2022-02-18 12:53:03,054] {logging_mixin.py:104} INFO - [2022-02-18 12:53:03,054] {dag.py:1818} INFO - Sync 1 DAGs
[2022-02-18 12:53:03,068] {logging_mixin.py:104} INFO - [2022-02-18 12:53:03,068] {dag.py:2273} INFO - Setting next_dagrun for tutorial_etl_dag to None
[2022-02-18 12:53:03,076] {scheduler_job.py:190} INFO - Processing /app/env/lib/python3.8/site-packages/airflow/example_dags/tutorial_etl_dag.py took 0.061 seconds
[2022-02-18 12:53:33,570] {scheduler_job.py:182} INFO - Started process (PID=647) to work on /app/env/lib/python3.8/site-packages/airflow/example_dags/tutorial_etl_dag.py
[2022-02-18 12:53:33,571] {scheduler_job.py:629} INFO - Processing file /app/env/lib/python3.8/site-packages/airflow/example_dags/tutorial_etl_dag.py for tasks to queue
[2022-02-18 12:53:33,572] {logging_mixin.py:104} INFO - [2022-02-18 12:53:33,572] {dagbag.py:448} INFO - Filling up the DagBag from /app/env/lib/python3.8/site-packages/airflow/example_dags/tutorial_etl_dag.py
[2022-02-18 12:53:33,586] {scheduler_job.py:639} INFO - DAG(s) dict_keys(['tutorial_etl_dag']) retrieved from /app/env/lib/python3.8/site-packages/airflow/example_dags/tutorial_etl_dag.py
[2022-02-18 12:53:33,604] {logging_mixin.py:104} INFO - [2022-02-18 12:53:33,604] {dag.py:1818} INFO - Sync 1 DAGs
[2022-02-18 12:53:33,618] {logging_mixin.py:104} INFO - [2022-02-18 12:53:33,617] {dag.py:2273} INFO - Setting next_dagrun for tutorial_etl_dag to None
[2022-02-18 12:53:33,629] {scheduler_job.py:190} INFO - Processing /app/env/lib/python3.8/site-packages/airflow/example_dags/tutorial_etl_dag.py took 0.063 seconds
