[2022-03-27 18:02:11,324] {taskinstance.py:851} INFO - Dependencies all met for <TaskInstance: matchup.run_script 2022-03-27T12:00:00+00:00 [queued]>
[2022-03-27 18:02:11,328] {taskinstance.py:851} INFO - Dependencies all met for <TaskInstance: matchup.run_script 2022-03-27T12:00:00+00:00 [queued]>
[2022-03-27 18:02:11,328] {taskinstance.py:1042} INFO - 
--------------------------------------------------------------------------------
[2022-03-27 18:02:11,328] {taskinstance.py:1043} INFO - Starting attempt 3 of 6
[2022-03-27 18:02:11,328] {taskinstance.py:1044} INFO - 
--------------------------------------------------------------------------------
[2022-03-27 18:02:11,335] {taskinstance.py:1063} INFO - Executing <Task(BashOperator): run_script> on 2022-03-27T12:00:00+00:00
[2022-03-27 18:02:11,339] {standard_task_runner.py:52} INFO - Started process 529083 to run task
[2022-03-27 18:02:11,345] {standard_task_runner.py:76} INFO - Running: ['airflow', 'tasks', 'run', 'matchup', 'run_script', '2022-03-27T12:00:00+00:00', '--job-id', '518', '--pool', 'default_pool', '--raw', '--subdir', 'DAGS_FOLDER/matchup.py', '--cfg-path', '/tmp/tmp4wvkhfta', '--error-file', '/tmp/tmpe2unheon']
[2022-03-27 18:02:11,346] {standard_task_runner.py:77} INFO - Job 518: Subtask run_script
[2022-03-27 18:02:11,376] {logging_mixin.py:104} INFO - Running <TaskInstance: matchup.run_script 2022-03-27T12:00:00+00:00 [running]> on host 531edfb863fc
[2022-03-27 18:02:11,398] {taskinstance.py:1255} INFO - Exporting the following env vars:
AIRFLOW_CTX_DAG_EMAIL=r.chesne@gmail.com
AIRFLOW_CTX_DAG_OWNER=Robin
AIRFLOW_CTX_DAG_ID=matchup
AIRFLOW_CTX_TASK_ID=run_script
AIRFLOW_CTX_EXECUTION_DATE=2022-03-27T12:00:00+00:00
AIRFLOW_CTX_DAG_RUN_ID=scheduled__2022-03-27T12:00:00+00:00
[2022-03-27 18:02:11,399] {bash.py:135} INFO - Tmp dir root location: 
 /tmp
[2022-03-27 18:02:11,399] {bash.py:158} INFO - Running command: python /app/scripts/main.py
[2022-03-27 18:02:11,409] {bash.py:169} INFO - Output:
[2022-03-27 18:02:15,713] {bash.py:173} INFO - Spain
[2022-03-27 18:02:15,714] {bash.py:173} INFO - 22298
[2022-03-27 18:02:15,714] {bash.py:173} INFO - Italy
[2022-03-27 18:02:15,714] {bash.py:173} INFO - 24680
[2022-03-27 18:02:15,714] {bash.py:173} INFO - Spain: CO2 143, mix [('solar', 6073, '27'), ('nuclear', 4934, '22'), ('gas', 4418, '20')]
[2022-03-27 18:02:15,714] {bash.py:173} INFO - Italy: CO2 311, mix [('gas', 7916, '32'), ('wind', 3829, '16'), ('solar', 3097, '13')]
[2022-03-27 18:02:15,714] {bash.py:173} INFO - Denmark
[2022-03-27 18:02:15,714] {bash.py:173} INFO - 3873
[2022-03-27 18:02:15,714] {bash.py:173} INFO - Norway
[2022-03-27 18:02:15,714] {bash.py:173} INFO - 15469
[2022-03-27 18:02:15,714] {bash.py:173} INFO - Denmark: CO2 180, mix [('wind', 1892, '49'), ('coal', 563, '15'), ('biomass', 406, '10')]
[2022-03-27 18:02:15,714] {bash.py:173} INFO - Norway: CO2 32, mix [('hydro', 11563, '75'), ('wind', 2937, '19'), ('nuclear', 376, '2')]
[2022-03-27 18:02:15,714] {bash.py:173} INFO - Traceback (most recent call last):
[2022-03-27 18:02:15,714] {bash.py:173} INFO -   File "/app/scripts/main.py", line 241, in <module>
[2022-03-27 18:02:15,714] {bash.py:173} INFO -     get_matchups()
[2022-03-27 18:02:15,714] {bash.py:173} INFO -   File "/app/scripts/main.py", line 51, in get_matchups
[2022-03-27 18:02:15,714] {bash.py:173} INFO -     get_data(division, country1, country2)
[2022-03-27 18:02:15,714] {bash.py:173} INFO -   File "/app/scripts/main.py", line 198, in get_data
[2022-03-27 18:02:15,714] {bash.py:173} INFO -     co2_country1 = get_co2(country1)
[2022-03-27 18:02:15,714] {bash.py:173} INFO -   File "/app/scripts/main.py", line 73, in get_co2
[2022-03-27 18:02:15,714] {bash.py:173} INFO -     country_consumption_total = get_total_consumption(country)
[2022-03-27 18:02:15,714] {bash.py:173} INFO -   File "/app/scripts/main.py", line 66, in get_total_consumption
[2022-03-27 18:02:15,715] {bash.py:173} INFO -     country_consumption_total.append(sum(res.get('powerConsumptionBreakdown').values()))
[2022-03-27 18:02:15,715] {bash.py:173} INFO - AttributeError: 'NoneType' object has no attribute 'values'
[2022-03-27 18:02:15,754] {bash.py:177} INFO - Command exited with return code 1
[2022-03-27 18:02:15,760] {taskinstance.py:1455} ERROR - Bash command failed. The command returned a non-zero exit code.
Traceback (most recent call last):
  File "/app/env/lib/python3.8/site-packages/airflow/models/taskinstance.py", line 1112, in _run_raw_task
    self._prepare_and_execute_task_with_callbacks(context, task)
  File "/app/env/lib/python3.8/site-packages/airflow/models/taskinstance.py", line 1285, in _prepare_and_execute_task_with_callbacks
    result = self._execute_task(context, task_copy)
  File "/app/env/lib/python3.8/site-packages/airflow/models/taskinstance.py", line 1315, in _execute_task
    result = task_copy.execute(context=context)
  File "/app/env/lib/python3.8/site-packages/airflow/operators/bash.py", line 180, in execute
    raise AirflowException('Bash command failed. The command returned a non-zero exit code.')
airflow.exceptions.AirflowException: Bash command failed. The command returned a non-zero exit code.
[2022-03-27 18:02:15,762] {taskinstance.py:1496} INFO - Marking task as UP_FOR_RETRY. dag_id=matchup, task_id=run_script, execution_date=20220327T120000, start_date=20220327T180211, end_date=20220327T180215
[2022-03-27 18:02:15,810] {local_task_job.py:146} INFO - Task exited with return code 1
