[2022-03-16 12:02:07,388] {taskinstance.py:851} INFO - Dependencies all met for <TaskInstance: matchup.run_script 2022-03-16T06:00:00+00:00 [queued]>
[2022-03-16 12:02:07,393] {taskinstance.py:851} INFO - Dependencies all met for <TaskInstance: matchup.run_script 2022-03-16T06:00:00+00:00 [queued]>
[2022-03-16 12:02:07,393] {taskinstance.py:1042} INFO - 
--------------------------------------------------------------------------------
[2022-03-16 12:02:07,393] {taskinstance.py:1043} INFO - Starting attempt 3 of 6
[2022-03-16 12:02:07,393] {taskinstance.py:1044} INFO - 
--------------------------------------------------------------------------------
[2022-03-16 12:02:07,402] {taskinstance.py:1063} INFO - Executing <Task(BashOperator): run_script> on 2022-03-16T06:00:00+00:00
[2022-03-16 12:02:07,405] {standard_task_runner.py:52} INFO - Started process 368852 to run task
[2022-03-16 12:02:07,413] {standard_task_runner.py:76} INFO - Running: ['airflow', 'tasks', 'run', 'matchup', 'run_script', '2022-03-16T06:00:00+00:00', '--job-id', '337', '--pool', 'default_pool', '--raw', '--subdir', 'DAGS_FOLDER/matchup.py', '--cfg-path', '/tmp/tmp9d98r665', '--error-file', '/tmp/tmpw9apu8_4']
[2022-03-16 12:02:07,413] {standard_task_runner.py:77} INFO - Job 337: Subtask run_script
[2022-03-16 12:02:07,449] {logging_mixin.py:104} INFO - Running <TaskInstance: matchup.run_script 2022-03-16T06:00:00+00:00 [running]> on host 531edfb863fc
[2022-03-16 12:02:07,467] {taskinstance.py:1255} INFO - Exporting the following env vars:
AIRFLOW_CTX_DAG_EMAIL=r.chesne@gmail.com
AIRFLOW_CTX_DAG_OWNER=Robin
AIRFLOW_CTX_DAG_ID=matchup
AIRFLOW_CTX_TASK_ID=run_script
AIRFLOW_CTX_EXECUTION_DATE=2022-03-16T06:00:00+00:00
AIRFLOW_CTX_DAG_RUN_ID=scheduled__2022-03-16T06:00:00+00:00
[2022-03-16 12:02:07,467] {bash.py:135} INFO - Tmp dir root location: 
 /tmp
[2022-03-16 12:02:07,468] {bash.py:158} INFO - Running command: python /app/scripts/main.py
[2022-03-16 12:02:07,475] {bash.py:169} INFO - Output:
[2022-03-16 12:02:12,880] {bash.py:173} INFO - Italy
[2022-03-16 12:02:12,880] {bash.py:173} INFO - 41379
[2022-03-16 12:02:12,880] {bash.py:173} INFO - Portugal
[2022-03-16 12:02:12,880] {bash.py:173} INFO - 6653
[2022-03-16 12:02:12,881] {bash.py:173} INFO - Italy: CO2 376, mix [('gas', 23067, '56'), ('solar', 6810, '16'), ('coal', 2632, '6')]
[2022-03-16 12:02:12,881] {bash.py:173} INFO - Portugal: CO2 176, mix [('wind', 1933, '29'), ('gas', 1846, '28'), ('hydro', 1715, '26')]
[2022-03-16 12:02:12,881] {bash.py:173} INFO - Norway
[2022-03-16 12:02:12,881] {bash.py:173} INFO - 18112
[2022-03-16 12:02:12,881] {bash.py:173} INFO - Denmark
[2022-03-16 12:02:12,881] {bash.py:173} INFO - 5071
[2022-03-16 12:02:12,881] {bash.py:173} INFO - Norway: CO2 26, mix [('hydro', 15850, '88'), ('wind', 1688, '9'), ('hydro discharge', 457, '3')]
[2022-03-16 12:02:12,881] {bash.py:173} INFO - Denmark: CO2 244, mix [('hydro', 1579, '31'), ('coal', 930, '18'), ('biomass', 830, '16')]
[2022-03-16 12:02:12,881] {bash.py:173} INFO - Germany
[2022-03-16 12:02:12,881] {bash.py:173} INFO - 68653
[2022-03-16 12:02:12,881] {bash.py:173} INFO - Hungary
[2022-03-16 12:02:12,881] {bash.py:173} INFO - 4783
[2022-03-16 12:02:12,882] {bash.py:173} INFO - Germany: CO2 358, mix [('coal', 22483, '33'), ('solar', 19244, '28'), ('wind', 8325, '12')]
[2022-03-16 12:02:12,882] {bash.py:173} INFO - Hungary: CO2 242, mix [('nuclear', 1895, '40'), ('gas', 1301, '27'), ('coal', 413, '9')]
[2022-03-16 12:02:12,920] {bash.py:177} INFO - Command exited with return code 0
[2022-03-16 12:02:12,941] {taskinstance.py:1159} INFO - Marking task as SUCCESS. dag_id=matchup, task_id=run_script, execution_date=20220316T060000, start_date=20220316T120207, end_date=20220316T120212
[2022-03-16 12:02:12,964] {taskinstance.py:1220} INFO - 0 downstream tasks scheduled from follow-on schedule check
[2022-03-16 12:02:12,994] {local_task_job.py:146} INFO - Task exited with return code 0
