[2022-03-05 12:00:05,367] {taskinstance.py:851} INFO - Dependencies all met for <TaskInstance: matchup.run_script 2022-03-05T06:00:00+00:00 [queued]>
[2022-03-05 12:00:05,374] {taskinstance.py:851} INFO - Dependencies all met for <TaskInstance: matchup.run_script 2022-03-05T06:00:00+00:00 [queued]>
[2022-03-05 12:00:05,374] {taskinstance.py:1042} INFO - 
--------------------------------------------------------------------------------
[2022-03-05 12:00:05,374] {taskinstance.py:1043} INFO - Starting attempt 1 of 6
[2022-03-05 12:00:05,374] {taskinstance.py:1044} INFO - 
--------------------------------------------------------------------------------
[2022-03-05 12:00:05,383] {taskinstance.py:1063} INFO - Executing <Task(BashOperator): run_script> on 2022-03-05T06:00:00+00:00
[2022-03-05 12:00:05,387] {standard_task_runner.py:52} INFO - Started process 212137 to run task
[2022-03-05 12:00:05,394] {standard_task_runner.py:76} INFO - Running: ['airflow', 'tasks', 'run', 'matchup', 'run_script', '2022-03-05T06:00:00+00:00', '--job-id', '152', '--pool', 'default_pool', '--raw', '--subdir', 'DAGS_FOLDER/matchup.py', '--cfg-path', '/tmp/tmpm8xq548t', '--error-file', '/tmp/tmpanip4des']
[2022-03-05 12:00:05,395] {standard_task_runner.py:77} INFO - Job 152: Subtask run_script
[2022-03-05 12:00:05,441] {logging_mixin.py:104} INFO - Running <TaskInstance: matchup.run_script 2022-03-05T06:00:00+00:00 [running]> on host 531edfb863fc
[2022-03-05 12:00:05,489] {taskinstance.py:1255} INFO - Exporting the following env vars:
AIRFLOW_CTX_DAG_EMAIL=r.chesne@gmail.com
AIRFLOW_CTX_DAG_OWNER=Robin
AIRFLOW_CTX_DAG_ID=matchup
AIRFLOW_CTX_TASK_ID=run_script
AIRFLOW_CTX_EXECUTION_DATE=2022-03-05T06:00:00+00:00
AIRFLOW_CTX_DAG_RUN_ID=scheduled__2022-03-05T06:00:00+00:00
[2022-03-05 12:00:05,490] {bash.py:135} INFO - Tmp dir root location: 
 /tmp
[2022-03-05 12:00:05,492] {bash.py:158} INFO - Running command: python /app/scripts/main.py
[2022-03-05 12:00:05,502] {bash.py:169} INFO - Output:
[2022-03-05 12:00:10,219] {bash.py:173} INFO - Italy: CO2 308, mix [('gas', 11597, '32'), ('solar', 7146, '20'), ('hydro', 3699, '10')]
[2022-03-05 12:00:10,219] {bash.py:173} INFO - Spain: CO2 152, mix [('nuclear', 7697, '27'), ('solar', 5401, '19'), ('wind', 5021, '18')]
[2022-03-05 12:00:10,219] {bash.py:173} INFO - Finland: CO2 180, mix [('nuclear', 3160, '33'), ('hydro', 2072, '22'), ('wind', 1434, '15')]
[2022-03-05 12:00:10,219] {bash.py:173} INFO - Norway: CO2 27, mix [('hydro', 16828, '90'), ('wind', 1322, '7'), ('hydro discharge', 423, '2')]
[2022-03-05 12:00:10,219] {bash.py:173} INFO - France: CO2 59, mix [('nuclear', 40763, '72'), ('solar', 5243, '9'), ('hydro', 4058, '7')]
[2022-03-05 12:00:10,219] {bash.py:173} INFO - Germany: CO2 337, mix [('solar', 21795, '35'), ('coal', 19604, '32'), ('wind', 5016, '8')]
[2022-03-05 12:00:10,267] {bash.py:177} INFO - Command exited with return code 0
[2022-03-05 12:00:10,288] {taskinstance.py:1159} INFO - Marking task as SUCCESS. dag_id=matchup, task_id=run_script, execution_date=20220305T060000, start_date=20220305T120005, end_date=20220305T120010
[2022-03-05 12:00:10,306] {taskinstance.py:1220} INFO - 0 downstream tasks scheduled from follow-on schedule check
[2022-03-05 12:00:10,313] {local_task_job.py:146} INFO - Task exited with return code 0
