[2022-07-11 06:00:05,166] {taskinstance.py:851} INFO - Dependencies all met for <TaskInstance: matchup.run_script 2022-07-11T00:00:00+00:00 [queued]>
[2022-07-11 06:00:05,174] {taskinstance.py:851} INFO - Dependencies all met for <TaskInstance: matchup.run_script 2022-07-11T00:00:00+00:00 [queued]>
[2022-07-11 06:00:05,174] {taskinstance.py:1042} INFO - 
--------------------------------------------------------------------------------
[2022-07-11 06:00:05,174] {taskinstance.py:1043} INFO - Starting attempt 1 of 6
[2022-07-11 06:00:05,174] {taskinstance.py:1044} INFO - 
--------------------------------------------------------------------------------
[2022-07-11 06:00:05,185] {taskinstance.py:1063} INFO - Executing <Task(BashOperator): run_script> on 2022-07-11T00:00:00+00:00
[2022-07-11 06:00:05,191] {standard_task_runner.py:52} INFO - Started process 22827 to run task
[2022-07-11 06:00:05,198] {standard_task_runner.py:76} INFO - Running: ['airflow', 'tasks', 'run', 'matchup', 'run_script', '2022-07-11T00:00:00+00:00', '--job-id', '1562', '--pool', 'default_pool', '--raw', '--subdir', 'DAGS_FOLDER/matchup.py', '--cfg-path', '/tmp/tmpwkv5jgs0', '--error-file', '/tmp/tmpwj665dzh']
[2022-07-11 06:00:05,199] {standard_task_runner.py:77} INFO - Job 1562: Subtask run_script
[2022-07-11 06:00:05,235] {logging_mixin.py:104} INFO - Running <TaskInstance: matchup.run_script 2022-07-11T00:00:00+00:00 [running]> on host a41a09215c15
[2022-07-11 06:00:05,269] {taskinstance.py:1255} INFO - Exporting the following env vars:
AIRFLOW_CTX_DAG_EMAIL=r.chesne@gmail.com
AIRFLOW_CTX_DAG_OWNER=Robin
AIRFLOW_CTX_DAG_ID=matchup
AIRFLOW_CTX_TASK_ID=run_script
AIRFLOW_CTX_EXECUTION_DATE=2022-07-11T00:00:00+00:00
AIRFLOW_CTX_DAG_RUN_ID=scheduled__2022-07-11T00:00:00+00:00
[2022-07-11 06:00:05,269] {bash.py:135} INFO - Tmp dir root location: 
 /tmp
[2022-07-11 06:00:05,270] {bash.py:158} INFO - Running command: python /app/scripts/main.py
[2022-07-11 06:00:05,279] {bash.py:169} INFO - Output:
[2022-07-11 06:00:09,490] {bash.py:173} INFO - Italy
[2022-07-11 06:00:09,490] {bash.py:173} INFO - 29039
[2022-07-11 06:00:09,490] {bash.py:173} INFO - Spain
[2022-07-11 06:00:09,491] {bash.py:173} INFO - 27447
[2022-07-11 06:00:09,491] {bash.py:173} INFO - Italy: CO2 416, mix [('gas', 15749, '54'), ('hydro', 4064, '14'), ('coal', 2803, '10')]
[2022-07-11 06:00:09,491] {bash.py:173} INFO - Spain: CO2 281, mix [('gas', 12750, '46'), ('nuclear', 6891, '25'), ('wind', 3335, '12')]
[2022-07-11 06:00:09,491] {bash.py:173} INFO - UK
[2022-07-11 06:00:09,491] {bash.py:173} INFO - 19325
[2022-07-11 06:00:09,491] {bash.py:173} INFO - Netherlands
[2022-07-11 06:00:09,491] {bash.py:173} INFO - 10869
[2022-07-11 06:00:09,491] {bash.py:173} INFO - UK: CO2 217, mix [('gas', 7165, '37'), ('wind', 5643, '29'), ('nuclear', 4350, '23')]
[2022-07-11 06:00:09,491] {bash.py:173} INFO - Netherlands: CO2 461, mix [('gas', 7953, '73'), ('coal', 1153, '11'), ('nuclear', 768, '7')]
[2022-07-11 06:00:09,491] {bash.py:173} INFO - Sweden
[2022-07-11 06:00:09,491] {bash.py:173} INFO - 11929
[2022-07-11 06:00:09,491] {bash.py:173} INFO - Denmark
[2022-07-11 06:00:09,491] {bash.py:173} INFO - 4835
[2022-07-11 06:00:09,491] {bash.py:173} INFO - Sweden: CO2 23, mix [('hydro', 5629, '47'), ('nuclear', 4257, '36'), ('wind', 1714, '14')]
[2022-07-11 06:00:09,492] {bash.py:173} INFO - Denmark: CO2 104, mix [('wind', 1812, '37'), ('hydro', 1663, '34'), ('nuclear', 464, '10')]
[2022-07-11 06:00:09,539] {bash.py:177} INFO - Command exited with return code 0
[2022-07-11 06:00:09,559] {taskinstance.py:1159} INFO - Marking task as SUCCESS. dag_id=matchup, task_id=run_script, execution_date=20220711T000000, start_date=20220711T060005, end_date=20220711T060009
[2022-07-11 06:00:09,578] {taskinstance.py:1220} INFO - 0 downstream tasks scheduled from follow-on schedule check
[2022-07-11 06:00:09,587] {local_task_job.py:146} INFO - Task exited with return code 0
