[2022-02-25 00:00:04,244] {taskinstance.py:851} INFO - Dependencies all met for <TaskInstance: matchup.run_script 2022-02-24T18:00:00+00:00 [queued]>
[2022-02-25 00:00:04,249] {taskinstance.py:851} INFO - Dependencies all met for <TaskInstance: matchup.run_script 2022-02-24T18:00:00+00:00 [queued]>
[2022-02-25 00:00:04,249] {taskinstance.py:1042} INFO - 
--------------------------------------------------------------------------------
[2022-02-25 00:00:04,249] {taskinstance.py:1043} INFO - Starting attempt 1 of 6
[2022-02-25 00:00:04,249] {taskinstance.py:1044} INFO - 
--------------------------------------------------------------------------------
[2022-02-25 00:00:04,260] {taskinstance.py:1063} INFO - Executing <Task(BashOperator): run_script> on 2022-02-24T18:00:00+00:00
[2022-02-25 00:00:04,265] {standard_task_runner.py:52} INFO - Started process 91970 to run task
[2022-02-25 00:00:04,273] {standard_task_runner.py:76} INFO - Running: ['airflow', 'tasks', 'run', 'matchup', 'run_script', '2022-02-24T18:00:00+00:00', '--job-id', '74', '--pool', 'default_pool', '--raw', '--subdir', 'DAGS_FOLDER/matchup.py', '--cfg-path', '/tmp/tmpim2cl9ac', '--error-file', '/tmp/tmphqpxvu4x']
[2022-02-25 00:00:04,274] {standard_task_runner.py:77} INFO - Job 74: Subtask run_script
[2022-02-25 00:00:04,315] {logging_mixin.py:104} INFO - Running <TaskInstance: matchup.run_script 2022-02-24T18:00:00+00:00 [running]> on host 531edfb863fc
[2022-02-25 00:00:04,357] {taskinstance.py:1255} INFO - Exporting the following env vars:
AIRFLOW_CTX_DAG_EMAIL=r.chesne@gmail.com
AIRFLOW_CTX_DAG_OWNER=Robin
AIRFLOW_CTX_DAG_ID=matchup
AIRFLOW_CTX_TASK_ID=run_script
AIRFLOW_CTX_EXECUTION_DATE=2022-02-24T18:00:00+00:00
AIRFLOW_CTX_DAG_RUN_ID=scheduled__2022-02-24T18:00:00+00:00
[2022-02-25 00:00:04,357] {bash.py:135} INFO - Tmp dir root location: 
 /tmp
[2022-02-25 00:00:04,358] {bash.py:158} INFO - Running command: python /app/scripts/main.py
[2022-02-25 00:00:04,368] {bash.py:169} INFO - Output:
[2022-02-25 00:00:07,988] {bash.py:173} INFO - Portugal: CO2 219, mix [('wind', 2445, '47'), ('gas', 2044, '40'), ('biomass', 398, '8')]
[2022-02-25 00:00:07,988] {bash.py:173} INFO - Italy: CO2 420, mix [('gas', 17001, '62'), ('coal', 3330, '12'), ('hydro', 2137, '8')]
[2022-02-25 00:00:07,988] {bash.py:173} INFO - Finland: CO2 150, mix [('nuclear', 2799, '33'), ('wind', 2635, '31'), ('hydro', 1103, '13')]
[2022-02-25 00:00:07,988] {bash.py:173} INFO - Denmark: CO2 149, mix [('wind', 3854, '72'), ('biomass', 854, '16'), ('coal', 429, '8')]
[2022-02-25 00:00:07,988] {bash.py:173} INFO - UK: CO2 170, mix [('wind', 13709, '46'), ('gas', 5669, '19'), ('nuclear', 4763, '16')]
[2022-02-25 00:00:07,988] {bash.py:173} INFO - France: CO2 63, mix [('nuclear', 43777, '69'), ('wind', 6535, '10'), ('hydro', 6063, '10')]
[2022-02-25 00:00:08,043] {bash.py:177} INFO - Command exited with return code 0
[2022-02-25 00:00:08,062] {taskinstance.py:1159} INFO - Marking task as SUCCESS. dag_id=matchup, task_id=run_script, execution_date=20220224T180000, start_date=20220225T000004, end_date=20220225T000008
[2022-02-25 00:00:08,079] {taskinstance.py:1220} INFO - 0 downstream tasks scheduled from follow-on schedule check
[2022-02-25 00:00:08,101] {local_task_job.py:146} INFO - Task exited with return code 0
