[2022-06-28 00:00:03,858] {taskinstance.py:851} INFO - Dependencies all met for <TaskInstance: matchup.run_script 2022-06-27T18:00:00+00:00 [queued]>
[2022-06-28 00:00:03,866] {taskinstance.py:851} INFO - Dependencies all met for <TaskInstance: matchup.run_script 2022-06-27T18:00:00+00:00 [queued]>
[2022-06-28 00:00:03,867] {taskinstance.py:1042} INFO - 
--------------------------------------------------------------------------------
[2022-06-28 00:00:03,867] {taskinstance.py:1043} INFO - Starting attempt 1 of 6
[2022-06-28 00:00:03,867] {taskinstance.py:1044} INFO - 
--------------------------------------------------------------------------------
[2022-06-28 00:00:03,871] {taskinstance.py:1063} INFO - Executing <Task(BashOperator): run_script> on 2022-06-27T18:00:00+00:00
[2022-06-28 00:00:03,874] {standard_task_runner.py:52} INFO - Started process 93405 to run task
[2022-06-28 00:00:03,877] {standard_task_runner.py:76} INFO - Running: ['airflow', 'tasks', 'run', 'matchup', 'run_script', '2022-06-27T18:00:00+00:00', '--job-id', '1463', '--pool', 'default_pool', '--raw', '--subdir', 'DAGS_FOLDER/matchup.py', '--cfg-path', '/tmp/tmpag2tbi_1', '--error-file', '/tmp/tmphb52gwtu']
[2022-06-28 00:00:03,877] {standard_task_runner.py:77} INFO - Job 1463: Subtask run_script
[2022-06-28 00:00:03,904] {logging_mixin.py:104} INFO - Running <TaskInstance: matchup.run_script 2022-06-27T18:00:00+00:00 [running]> on host b5b34dd97903
[2022-06-28 00:00:03,932] {taskinstance.py:1255} INFO - Exporting the following env vars:
AIRFLOW_CTX_DAG_EMAIL=r.chesne@gmail.com
AIRFLOW_CTX_DAG_OWNER=Robin
AIRFLOW_CTX_DAG_ID=matchup
AIRFLOW_CTX_TASK_ID=run_script
AIRFLOW_CTX_EXECUTION_DATE=2022-06-27T18:00:00+00:00
AIRFLOW_CTX_DAG_RUN_ID=scheduled__2022-06-27T18:00:00+00:00
[2022-06-28 00:00:03,932] {bash.py:135} INFO - Tmp dir root location: 
 /tmp
[2022-06-28 00:00:03,932] {bash.py:158} INFO - Running command: python /app/scripts/main.py
[2022-06-28 00:00:03,938] {bash.py:169} INFO - Output:
[2022-06-28 00:00:07,458] {bash.py:173} INFO - Italy
[2022-06-28 00:00:07,458] {bash.py:173} INFO - 29395
[2022-06-28 00:00:07,458] {bash.py:173} INFO - Portugal
[2022-06-28 00:00:07,458] {bash.py:173} INFO - 5040
[2022-06-28 00:00:07,458] {bash.py:173} INFO - Italy: CO2 384, mix [('gas', 14230, '48'), ('hydro', 4949, '17'), ('coal', 2955, '10')]
[2022-06-28 00:00:07,458] {bash.py:173} INFO - Portugal: CO2 271, mix [('gas', 2306, '46'), ('wind', 1351, '27'), ('hydro discharge', 973, '19')]
[2022-06-28 00:00:07,458] {bash.py:173} INFO - Finland
[2022-06-28 00:00:07,458] {bash.py:173} INFO - 6843
[2022-06-28 00:00:07,458] {bash.py:173} INFO - Sweden
[2022-06-28 00:00:07,458] {bash.py:173} INFO - 10852
[2022-06-28 00:00:07,458] {bash.py:173} INFO - Finland: CO2 65, mix [('nuclear', 2934, '43'), ('hydro', 1562, '23'), ('wind', 1412, '21')]
[2022-06-28 00:00:07,459] {bash.py:173} INFO - Sweden: CO2 24, mix [('hydro', 4778, '44'), ('nuclear', 3458, '32'), ('wind', 2279, '21')]
[2022-06-28 00:00:07,459] {bash.py:173} INFO - France
[2022-06-28 00:00:07,459] {bash.py:173} INFO - 37074
[2022-06-28 00:00:07,459] {bash.py:173} INFO - Hungary
[2022-06-28 00:00:07,459] {bash.py:173} INFO - 3528
[2022-06-28 00:00:07,459] {bash.py:173} INFO - France: CO2 69, mix [('nuclear', 26021, '70'), ('hydro', 4534, '12'), ('gas', 3703, '10')]
[2022-06-28 00:00:07,459] {bash.py:173} INFO - Hungary: CO2 230, mix [('nuclear', 1871, '53'), ('gas', 771, '22'), ('coal', 390, '11')]
[2022-06-28 00:00:07,491] {bash.py:177} INFO - Command exited with return code 0
[2022-06-28 00:00:07,508] {taskinstance.py:1159} INFO - Marking task as SUCCESS. dag_id=matchup, task_id=run_script, execution_date=20220627T180000, start_date=20220628T000003, end_date=20220628T000007
[2022-06-28 00:00:07,518] {taskinstance.py:1220} INFO - 0 downstream tasks scheduled from follow-on schedule check
[2022-06-28 00:00:07,526] {local_task_job.py:146} INFO - Task exited with return code 0
