[2022-06-25 06:00:03,630] {taskinstance.py:851} INFO - Dependencies all met for <TaskInstance: matchup.run_script 2022-06-25T00:00:00+00:00 [queued]>
[2022-06-25 06:00:03,637] {taskinstance.py:851} INFO - Dependencies all met for <TaskInstance: matchup.run_script 2022-06-25T00:00:00+00:00 [queued]>
[2022-06-25 06:00:03,637] {taskinstance.py:1042} INFO - 
--------------------------------------------------------------------------------
[2022-06-25 06:00:03,637] {taskinstance.py:1043} INFO - Starting attempt 1 of 6
[2022-06-25 06:00:03,637] {taskinstance.py:1044} INFO - 
--------------------------------------------------------------------------------
[2022-06-25 06:00:03,649] {taskinstance.py:1063} INFO - Executing <Task(BashOperator): run_script> on 2022-06-25T00:00:00+00:00
[2022-06-25 06:00:03,651] {standard_task_runner.py:52} INFO - Started process 54224 to run task
[2022-06-25 06:00:03,654] {standard_task_runner.py:76} INFO - Running: ['airflow', 'tasks', 'run', 'matchup', 'run_script', '2022-06-25T00:00:00+00:00', '--job-id', '1441', '--pool', 'default_pool', '--raw', '--subdir', 'DAGS_FOLDER/matchup.py', '--cfg-path', '/tmp/tmpfevhghxt', '--error-file', '/tmp/tmpjbyu_g9r']
[2022-06-25 06:00:03,654] {standard_task_runner.py:77} INFO - Job 1441: Subtask run_script
[2022-06-25 06:00:03,692] {logging_mixin.py:104} INFO - Running <TaskInstance: matchup.run_script 2022-06-25T00:00:00+00:00 [running]> on host b5b34dd97903
[2022-06-25 06:00:03,733] {taskinstance.py:1255} INFO - Exporting the following env vars:
AIRFLOW_CTX_DAG_EMAIL=r.chesne@gmail.com
AIRFLOW_CTX_DAG_OWNER=Robin
AIRFLOW_CTX_DAG_ID=matchup
AIRFLOW_CTX_TASK_ID=run_script
AIRFLOW_CTX_EXECUTION_DATE=2022-06-25T00:00:00+00:00
AIRFLOW_CTX_DAG_RUN_ID=scheduled__2022-06-25T00:00:00+00:00
[2022-06-25 06:00:03,733] {bash.py:135} INFO - Tmp dir root location: 
 /tmp
[2022-06-25 06:00:03,734] {bash.py:158} INFO - Running command: python /app/scripts/main.py
[2022-06-25 06:00:03,752] {bash.py:169} INFO - Output:
[2022-06-25 06:00:06,144] {bash.py:173} INFO - Spain
[2022-06-25 06:00:06,144] {bash.py:173} INFO - 23932
[2022-06-25 06:00:06,144] {bash.py:173} INFO - Portugal
[2022-06-25 06:00:06,144] {bash.py:173} INFO - 2433
[2022-06-25 06:00:06,144] {bash.py:173} INFO - Spain: CO2 237, mix [('gas', 8612, '36'), ('nuclear', 6849, '29'), ('wind', 3313, '14')]
[2022-06-25 06:00:06,144] {bash.py:173} INFO - Portugal: CO2 330, mix [('gas', 1427, '59'), ('wind', 543, '22'), ('biomass', 375, '15')]
[2022-06-25 06:00:06,144] {bash.py:173} INFO - Sweden
[2022-06-25 06:00:06,144] {bash.py:173} INFO - 9796
[2022-06-25 06:00:06,144] {bash.py:173} INFO - Finland
[2022-06-25 06:00:06,144] {bash.py:173} INFO - 7519
[2022-06-25 06:00:06,144] {bash.py:173} INFO - Sweden: CO2 24, mix [('hydro', 3903, '40'), ('nuclear', 3111, '32'), ('wind', 2418, '25')]
[2022-06-25 06:00:06,144] {bash.py:173} INFO - Finland: CO2 77, mix [('nuclear', 2911, '39'), ('hydro', 2172, '29'), ('wind', 1333, '18')]
[2022-06-25 06:00:06,144] {bash.py:173} INFO - France
[2022-06-25 06:00:06,144] {bash.py:173} INFO - 37099
[2022-06-25 06:00:06,144] {bash.py:173} INFO - Germany
[2022-06-25 06:00:06,145] {bash.py:173} INFO - 41343
[2022-06-25 06:00:06,145] {bash.py:173} INFO - France: CO2 65, mix [('nuclear', 24885, '67'), ('hydro', 3800, '10'), ('wind', 3740, '10')]
[2022-06-25 06:00:06,145] {bash.py:173} INFO - Germany: CO2 346, mix [('coal', 13788, '33'), ('wind', 10456, '25'), ('biomass', 4481, '11')]
[2022-06-25 06:00:06,176] {bash.py:177} INFO - Command exited with return code 0
[2022-06-25 06:00:06,188] {taskinstance.py:1159} INFO - Marking task as SUCCESS. dag_id=matchup, task_id=run_script, execution_date=20220625T000000, start_date=20220625T060003, end_date=20220625T060006
[2022-06-25 06:00:06,200] {taskinstance.py:1220} INFO - 0 downstream tasks scheduled from follow-on schedule check
[2022-06-25 06:00:06,237] {local_task_job.py:146} INFO - Task exited with return code 0
