[2022-03-02 12:00:05,234] {taskinstance.py:851} INFO - Dependencies all met for <TaskInstance: matchup.run_script 2022-03-02T06:00:00+00:00 [queued]>
[2022-03-02 12:00:05,242] {taskinstance.py:851} INFO - Dependencies all met for <TaskInstance: matchup.run_script 2022-03-02T06:00:00+00:00 [queued]>
[2022-03-02 12:00:05,242] {taskinstance.py:1042} INFO - 
--------------------------------------------------------------------------------
[2022-03-02 12:00:05,242] {taskinstance.py:1043} INFO - Starting attempt 1 of 6
[2022-03-02 12:00:05,242] {taskinstance.py:1044} INFO - 
--------------------------------------------------------------------------------
[2022-03-02 12:00:05,251] {taskinstance.py:1063} INFO - Executing <Task(BashOperator): run_script> on 2022-03-02T06:00:00+00:00
[2022-03-02 12:00:05,255] {standard_task_runner.py:52} INFO - Started process 169746 to run task
[2022-03-02 12:00:05,261] {standard_task_runner.py:76} INFO - Running: ['airflow', 'tasks', 'run', 'matchup', 'run_script', '2022-03-02T06:00:00+00:00', '--job-id', '128', '--pool', 'default_pool', '--raw', '--subdir', 'DAGS_FOLDER/matchup.py', '--cfg-path', '/tmp/tmpcvxg5suo', '--error-file', '/tmp/tmpdqvrwt8_']
[2022-03-02 12:00:05,262] {standard_task_runner.py:77} INFO - Job 128: Subtask run_script
[2022-03-02 12:00:05,308] {logging_mixin.py:104} INFO - Running <TaskInstance: matchup.run_script 2022-03-02T06:00:00+00:00 [running]> on host 531edfb863fc
[2022-03-02 12:00:05,352] {taskinstance.py:1255} INFO - Exporting the following env vars:
AIRFLOW_CTX_DAG_EMAIL=r.chesne@gmail.com
AIRFLOW_CTX_DAG_OWNER=Robin
AIRFLOW_CTX_DAG_ID=matchup
AIRFLOW_CTX_TASK_ID=run_script
AIRFLOW_CTX_EXECUTION_DATE=2022-03-02T06:00:00+00:00
AIRFLOW_CTX_DAG_RUN_ID=scheduled__2022-03-02T06:00:00+00:00
[2022-03-02 12:00:05,352] {bash.py:135} INFO - Tmp dir root location: 
 /tmp
[2022-03-02 12:00:05,353] {bash.py:158} INFO - Running command: python /app/scripts/main.py
[2022-03-02 12:00:05,364] {bash.py:169} INFO - Output:
[2022-03-02 12:00:09,382] {bash.py:173} INFO - Italy: CO2 345, mix [('gas', 19107, '44'), ('solar', 8077, '18'), ('wind', 3846, '9')]
[2022-03-02 12:00:09,383] {bash.py:173} INFO - Spain: CO2 186, mix [('gas', 8384, '26'), ('solar', 7831, '25'), ('nuclear', 6484, '20')]
[2022-03-02 12:00:09,383] {bash.py:173} INFO - Finland: CO2 161, mix [('nuclear', 3007, '31'), ('wind', 2130, '22'), ('hydro', 2034, '21')]
[2022-03-02 12:00:09,383] {bash.py:173} INFO - Sweden: CO2 42, mix [('hydro', 6650, '34'), ('nuclear', 5870, '30'), ('wind', 5088, '26')]
[2022-03-02 12:00:09,383] {bash.py:173} INFO - Germany: CO2 419, mix [('coal', 24108, '37'), ('solar', 15670, '24'), ('gas', 9295, '14')]
[2022-03-02 12:00:09,383] {bash.py:173} INFO - UK: CO2 256, mix [('gas', 15591, '39'), ('wind', 10048, '25'), ('nuclear', 6368, '16')]
[2022-03-02 12:00:09,451] {bash.py:177} INFO - Command exited with return code 0
[2022-03-02 12:00:09,479] {taskinstance.py:1159} INFO - Marking task as SUCCESS. dag_id=matchup, task_id=run_script, execution_date=20220302T060000, start_date=20220302T120005, end_date=20220302T120009
[2022-03-02 12:00:09,501] {taskinstance.py:1220} INFO - 0 downstream tasks scheduled from follow-on schedule check
[2022-03-02 12:00:09,531] {local_task_job.py:146} INFO - Task exited with return code 0
