[2022-04-05 06:01:05,505] {taskinstance.py:851} INFO - Dependencies all met for <TaskInstance: matchup.run_script 2022-04-05T00:00:00+00:00 [queued]>
[2022-04-05 06:01:05,510] {taskinstance.py:851} INFO - Dependencies all met for <TaskInstance: matchup.run_script 2022-04-05T00:00:00+00:00 [queued]>
[2022-04-05 06:01:05,510] {taskinstance.py:1042} INFO - 
--------------------------------------------------------------------------------
[2022-04-05 06:01:05,510] {taskinstance.py:1043} INFO - Starting attempt 2 of 6
[2022-04-05 06:01:05,510] {taskinstance.py:1044} INFO - 
--------------------------------------------------------------------------------
[2022-04-05 06:01:05,516] {taskinstance.py:1063} INFO - Executing <Task(BashOperator): run_script> on 2022-04-05T00:00:00+00:00
[2022-04-05 06:01:05,519] {standard_task_runner.py:52} INFO - Started process 25349 to run task
[2022-04-05 06:01:05,525] {standard_task_runner.py:76} INFO - Running: ['airflow', 'tasks', 'run', 'matchup', 'run_script', '2022-04-05T00:00:00+00:00', '--job-id', '53', '--pool', 'default_pool', '--raw', '--subdir', 'DAGS_FOLDER/matchup.py', '--cfg-path', '/tmp/tmp7vxx6xkh', '--error-file', '/tmp/tmpzn7tgjjd']
[2022-04-05 06:01:05,526] {standard_task_runner.py:77} INFO - Job 53: Subtask run_script
[2022-04-05 06:01:05,554] {logging_mixin.py:104} INFO - Running <TaskInstance: matchup.run_script 2022-04-05T00:00:00+00:00 [running]> on host 193e33218975
[2022-04-05 06:01:05,570] {taskinstance.py:1255} INFO - Exporting the following env vars:
AIRFLOW_CTX_DAG_EMAIL=r.chesne@gmail.com
AIRFLOW_CTX_DAG_OWNER=Robin
AIRFLOW_CTX_DAG_ID=matchup
AIRFLOW_CTX_TASK_ID=run_script
AIRFLOW_CTX_EXECUTION_DATE=2022-04-05T00:00:00+00:00
AIRFLOW_CTX_DAG_RUN_ID=scheduled__2022-04-05T00:00:00+00:00
[2022-04-05 06:01:05,570] {bash.py:135} INFO - Tmp dir root location: 
 /tmp
[2022-04-05 06:01:05,570] {bash.py:158} INFO - Running command: python /app/scripts/main.py
[2022-04-05 06:01:05,577] {bash.py:169} INFO - Output:
[2022-04-05 06:01:09,465] {bash.py:173} INFO - Italy
[2022-04-05 06:01:09,465] {bash.py:173} INFO - 27272
[2022-04-05 06:01:09,466] {bash.py:173} INFO - Spain
[2022-04-05 06:01:09,466] {bash.py:173} INFO - 23800
[2022-04-05 06:01:09,466] {bash.py:173} INFO - Italy: CO2 468, mix [('gas', 17598, '65'), ('coal', 3140, '12'), ('unknown', 1876, '7')]
[2022-04-05 06:01:09,466] {bash.py:173} INFO - Spain: CO2 167, mix [('wind', 9696, '41'), ('nuclear', 5319, '22'), ('gas', 5289, '22')]
[2022-04-05 06:01:09,466] {bash.py:173} INFO - Finland
[2022-04-05 06:01:09,466] {bash.py:173} INFO - 9834
[2022-04-05 06:01:09,466] {bash.py:173} INFO - Denmark
[2022-04-05 06:01:09,466] {bash.py:173} INFO - 3921
[2022-04-05 06:01:09,466] {bash.py:173} INFO - Finland: CO2 145, mix [('nuclear', 3474, '35'), ('hydro', 2048, '21'), ('wind', 1967, '20')]
[2022-04-05 06:01:09,466] {bash.py:173} INFO - Denmark: CO2 115, mix [('wind', 2639, '67'), ('biomass', 495, '13'), ('coal', 281, '7')]
[2022-04-05 06:01:09,466] {bash.py:173} INFO - France
[2022-04-05 06:01:09,466] {bash.py:173} INFO - 55493
[2022-04-05 06:01:09,466] {bash.py:173} INFO - Hungary
[2022-04-05 06:01:09,466] {bash.py:173} INFO - 3978
[2022-04-05 06:01:09,466] {bash.py:173} INFO - France: CO2 91, mix [('nuclear', 32370, '58'), ('gas', 7456, '13'), ('hydro', 7164, '13')]
[2022-04-05 06:01:09,466] {bash.py:173} INFO - Hungary: CO2 248, mix [('nuclear', 1909, '48'), ('gas', 1100, '28'), ('coal', 381, '10')]
[2022-04-05 06:01:09,512] {bash.py:177} INFO - Command exited with return code 0
[2022-04-05 06:01:09,529] {taskinstance.py:1159} INFO - Marking task as SUCCESS. dag_id=matchup, task_id=run_script, execution_date=20220405T000000, start_date=20220405T060105, end_date=20220405T060109
[2022-04-05 06:01:09,544] {taskinstance.py:1220} INFO - 0 downstream tasks scheduled from follow-on schedule check
[2022-04-05 06:01:09,549] {local_task_job.py:146} INFO - Task exited with return code 0
