[2022-04-23 00:01:05,412] {taskinstance.py:851} INFO - Dependencies all met for <TaskInstance: matchup.run_script 2022-04-22T18:00:00+00:00 [queued]>
[2022-04-23 00:01:05,418] {taskinstance.py:851} INFO - Dependencies all met for <TaskInstance: matchup.run_script 2022-04-22T18:00:00+00:00 [queued]>
[2022-04-23 00:01:05,418] {taskinstance.py:1042} INFO - 
--------------------------------------------------------------------------------
[2022-04-23 00:01:05,419] {taskinstance.py:1043} INFO - Starting attempt 2 of 6
[2022-04-23 00:01:05,419] {taskinstance.py:1044} INFO - 
--------------------------------------------------------------------------------
[2022-04-23 00:01:05,427] {taskinstance.py:1063} INFO - Executing <Task(BashOperator): run_script> on 2022-04-22T18:00:00+00:00
[2022-04-23 00:01:05,430] {standard_task_runner.py:52} INFO - Started process 278302 to run task
[2022-04-23 00:01:05,436] {standard_task_runner.py:76} INFO - Running: ['airflow', 'tasks', 'run', 'matchup', 'run_script', '2022-04-22T18:00:00+00:00', '--job-id', '254', '--pool', 'default_pool', '--raw', '--subdir', 'DAGS_FOLDER/matchup.py', '--cfg-path', '/tmp/tmp3nly_1q2', '--error-file', '/tmp/tmpv0l8rsd6']
[2022-04-23 00:01:05,436] {standard_task_runner.py:77} INFO - Job 254: Subtask run_script
[2022-04-23 00:01:05,463] {logging_mixin.py:104} INFO - Running <TaskInstance: matchup.run_script 2022-04-22T18:00:00+00:00 [running]> on host 193e33218975
[2022-04-23 00:01:05,478] {taskinstance.py:1255} INFO - Exporting the following env vars:
AIRFLOW_CTX_DAG_EMAIL=r.chesne@gmail.com
AIRFLOW_CTX_DAG_OWNER=Robin
AIRFLOW_CTX_DAG_ID=matchup
AIRFLOW_CTX_TASK_ID=run_script
AIRFLOW_CTX_EXECUTION_DATE=2022-04-22T18:00:00+00:00
AIRFLOW_CTX_DAG_RUN_ID=scheduled__2022-04-22T18:00:00+00:00
[2022-04-23 00:01:05,478] {bash.py:135} INFO - Tmp dir root location: 
 /tmp
[2022-04-23 00:01:05,479] {bash.py:158} INFO - Running command: python /app/scripts/main.py
[2022-04-23 00:01:05,483] {bash.py:169} INFO - Output:
[2022-04-23 00:01:08,771] {bash.py:173} INFO - Portugal
[2022-04-23 00:01:08,772] {bash.py:173} INFO - 4541
[2022-04-23 00:01:08,772] {bash.py:173} INFO - Spain
[2022-04-23 00:01:08,772] {bash.py:173} INFO - 24942
[2022-04-23 00:01:08,772] {bash.py:173} INFO - Portugal: CO2 197, mix [('gas', 1371, '30'), ('hydro', 1170, '26'), ('wind', 1074, '24')]
[2022-04-23 00:01:08,772] {bash.py:173} INFO - Spain: CO2 148, mix [('wind', 10444, '42'), ('nuclear', 5890, '24'), ('gas', 4925, '20')]
[2022-04-23 00:01:08,772] {bash.py:173} INFO - Norway
[2022-04-23 00:01:08,772] {bash.py:173} INFO - 14541
[2022-04-23 00:01:08,772] {bash.py:173} INFO - Sweden
[2022-04-23 00:01:08,772] {bash.py:173} INFO - 18134
[2022-04-23 00:01:08,772] {bash.py:173} INFO - Norway: CO2 40, mix [('hydro', 12197, '84'), ('wind', 1523, '10'), ('hydro discharge', 173, '1')]
[2022-04-23 00:01:08,772] {bash.py:173} INFO - Sweden: CO2 46, mix [('hydro', 6345, '35'), ('nuclear', 6308, '35'), ('wind', 3771, '21')]
[2022-04-23 00:01:08,772] {bash.py:173} INFO - Germany
[2022-04-23 00:01:08,772] {bash.py:173} INFO - 51247
[2022-04-23 00:01:08,772] {bash.py:173} INFO - UK
[2022-04-23 00:01:08,772] {bash.py:173} INFO - 23206
[2022-04-23 00:01:08,773] {bash.py:173} INFO - Germany: CO2 278, mix [('wind', 24536, '48'), ('coal', 13124, '26'), ('biomass', 4424, '9')]
[2022-04-23 00:01:08,773] {bash.py:173} INFO - UK: CO2 189, mix [('wind', 8469, '36'), ('gas', 7209, '31'), ('nuclear', 5358, '23')]
[2022-04-23 00:01:08,814] {bash.py:177} INFO - Command exited with return code 0
[2022-04-23 00:01:08,830] {taskinstance.py:1159} INFO - Marking task as SUCCESS. dag_id=matchup, task_id=run_script, execution_date=20220422T180000, start_date=20220423T000105, end_date=20220423T000108
[2022-04-23 00:01:08,841] {taskinstance.py:1220} INFO - 0 downstream tasks scheduled from follow-on schedule check
[2022-04-23 00:01:08,860] {local_task_job.py:146} INFO - Task exited with return code 0
