[2022-06-22 06:00:03,745] {taskinstance.py:851} INFO - Dependencies all met for <TaskInstance: matchup.run_script 2022-06-22T00:00:00+00:00 [queued]>
[2022-06-22 06:00:03,750] {taskinstance.py:851} INFO - Dependencies all met for <TaskInstance: matchup.run_script 2022-06-22T00:00:00+00:00 [queued]>
[2022-06-22 06:00:03,750] {taskinstance.py:1042} INFO - 
--------------------------------------------------------------------------------
[2022-06-22 06:00:03,750] {taskinstance.py:1043} INFO - Starting attempt 1 of 6
[2022-06-22 06:00:03,750] {taskinstance.py:1044} INFO - 
--------------------------------------------------------------------------------
[2022-06-22 06:00:03,759] {taskinstance.py:1063} INFO - Executing <Task(BashOperator): run_script> on 2022-06-22T00:00:00+00:00
[2022-06-22 06:00:03,762] {standard_task_runner.py:52} INFO - Started process 11490 to run task
[2022-06-22 06:00:03,765] {standard_task_runner.py:76} INFO - Running: ['airflow', 'tasks', 'run', 'matchup', 'run_script', '2022-06-22T00:00:00+00:00', '--job-id', '1417', '--pool', 'default_pool', '--raw', '--subdir', 'DAGS_FOLDER/matchup.py', '--cfg-path', '/tmp/tmpijwekzlh', '--error-file', '/tmp/tmphq7c08va']
[2022-06-22 06:00:03,765] {standard_task_runner.py:77} INFO - Job 1417: Subtask run_script
[2022-06-22 06:00:03,792] {logging_mixin.py:104} INFO - Running <TaskInstance: matchup.run_script 2022-06-22T00:00:00+00:00 [running]> on host b5b34dd97903
[2022-06-22 06:00:03,818] {taskinstance.py:1255} INFO - Exporting the following env vars:
AIRFLOW_CTX_DAG_EMAIL=r.chesne@gmail.com
AIRFLOW_CTX_DAG_OWNER=Robin
AIRFLOW_CTX_DAG_ID=matchup
AIRFLOW_CTX_TASK_ID=run_script
AIRFLOW_CTX_EXECUTION_DATE=2022-06-22T00:00:00+00:00
AIRFLOW_CTX_DAG_RUN_ID=scheduled__2022-06-22T00:00:00+00:00
[2022-06-22 06:00:03,819] {bash.py:135} INFO - Tmp dir root location: 
 /tmp
[2022-06-22 06:00:03,819] {bash.py:158} INFO - Running command: python /app/scripts/main.py
[2022-06-22 06:00:03,825] {bash.py:169} INFO - Output:
[2022-06-22 06:00:07,280] {bash.py:173} INFO - Spain
[2022-06-22 06:00:07,280] {bash.py:173} INFO - 28200
[2022-06-22 06:00:07,280] {bash.py:173} INFO - Italy
[2022-06-22 06:00:07,280] {bash.py:173} INFO - 26884
[2022-06-22 06:00:07,280] {bash.py:173} INFO - Spain: CO2 305, mix [('gas', 14720, '52'), ('nuclear', 6767, '24'), ('wind', 3236, '11')]
[2022-06-22 06:00:07,280] {bash.py:173} INFO - Italy: CO2 397, mix [('gas', 14054, '52'), ('hydro', 4445, '17'), ('coal', 2428, '9')]
[2022-06-22 06:00:07,280] {bash.py:173} INFO - Finland
[2022-06-22 06:00:07,280] {bash.py:173} INFO - 7479
[2022-06-22 06:00:07,281] {bash.py:173} INFO - Sweden
[2022-06-22 06:00:07,281] {bash.py:173} INFO - 12236
[2022-06-22 06:00:07,281] {bash.py:173} INFO - Finland: CO2 86, mix [('nuclear', 3001, '40'), ('hydro', 2711, '36'), ('biomass', 593, '8')]
[2022-06-22 06:00:07,281] {bash.py:173} INFO - Sweden: CO2 27, mix [('hydro', 6623, '54'), ('nuclear', 3603, '29'), ('wind', 1512, '12')]
[2022-06-22 06:00:07,281] {bash.py:173} INFO - UK
[2022-06-22 06:00:07,281] {bash.py:173} INFO - 19094
[2022-06-22 06:00:07,281] {bash.py:173} INFO - Germany
[2022-06-22 06:00:07,281] {bash.py:173} INFO - 47442
[2022-06-22 06:00:07,281] {bash.py:173} INFO - UK: CO2 272, mix [('gas', 9583, '50'), ('nuclear', 4770, '25'), ('wind', 3096, '16')]
[2022-06-22 06:00:07,281] {bash.py:173} INFO - Germany: CO2 509, mix [('coal', 21735, '46'), ('gas', 11272, '24'), ('hydro', 3808, '8')]
[2022-06-22 06:00:07,314] {bash.py:177} INFO - Command exited with return code 0
[2022-06-22 06:00:07,325] {taskinstance.py:1159} INFO - Marking task as SUCCESS. dag_id=matchup, task_id=run_script, execution_date=20220622T000000, start_date=20220622T060003, end_date=20220622T060007
[2022-06-22 06:00:07,338] {taskinstance.py:1220} INFO - 0 downstream tasks scheduled from follow-on schedule check
[2022-06-22 06:00:07,351] {local_task_job.py:146} INFO - Task exited with return code 0
