[2022-03-13 00:00:03,200] {taskinstance.py:851} INFO - Dependencies all met for <TaskInstance: matchup.run_script 2022-03-12T18:00:00+00:00 [queued]>
[2022-03-13 00:00:03,204] {taskinstance.py:851} INFO - Dependencies all met for <TaskInstance: matchup.run_script 2022-03-12T18:00:00+00:00 [queued]>
[2022-03-13 00:00:03,204] {taskinstance.py:1042} INFO - 
--------------------------------------------------------------------------------
[2022-03-13 00:00:03,204] {taskinstance.py:1043} INFO - Starting attempt 1 of 6
[2022-03-13 00:00:03,204] {taskinstance.py:1044} INFO - 
--------------------------------------------------------------------------------
[2022-03-13 00:00:03,211] {taskinstance.py:1063} INFO - Executing <Task(BashOperator): run_script> on 2022-03-12T18:00:00+00:00
[2022-03-13 00:00:03,213] {standard_task_runner.py:52} INFO - Started process 319053 to run task
[2022-03-13 00:00:03,218] {standard_task_runner.py:76} INFO - Running: ['airflow', 'tasks', 'run', 'matchup', 'run_script', '2022-03-12T18:00:00+00:00', '--job-id', '284', '--pool', 'default_pool', '--raw', '--subdir', 'DAGS_FOLDER/matchup.py', '--cfg-path', '/tmp/tmpupi4wb1k', '--error-file', '/tmp/tmpx8w2bjgs']
[2022-03-13 00:00:03,218] {standard_task_runner.py:77} INFO - Job 284: Subtask run_script
[2022-03-13 00:00:03,241] {logging_mixin.py:104} INFO - Running <TaskInstance: matchup.run_script 2022-03-12T18:00:00+00:00 [running]> on host 531edfb863fc
[2022-03-13 00:00:03,260] {taskinstance.py:1255} INFO - Exporting the following env vars:
AIRFLOW_CTX_DAG_EMAIL=r.chesne@gmail.com
AIRFLOW_CTX_DAG_OWNER=Robin
AIRFLOW_CTX_DAG_ID=matchup
AIRFLOW_CTX_TASK_ID=run_script
AIRFLOW_CTX_EXECUTION_DATE=2022-03-12T18:00:00+00:00
AIRFLOW_CTX_DAG_RUN_ID=scheduled__2022-03-12T18:00:00+00:00
[2022-03-13 00:00:03,261] {bash.py:135} INFO - Tmp dir root location: 
 /tmp
[2022-03-13 00:00:03,261] {bash.py:158} INFO - Running command: python /app/scripts/main.py
[2022-03-13 00:00:03,268] {bash.py:169} INFO - Output:
[2022-03-13 00:00:08,259] {bash.py:173} INFO - Portugal
[2022-03-13 00:00:08,260] {bash.py:173} INFO - 4453
[2022-03-13 00:00:08,261] {bash.py:173} INFO - Italy
[2022-03-13 00:00:08,261] {bash.py:173} INFO - 30100
[2022-03-13 00:00:08,261] {bash.py:173} INFO - Portugal: CO2 110, mix [('wind', 2695, '61'), ('gas', 664, '15'), ('hydro', 640, '14')]
[2022-03-13 00:00:08,261] {bash.py:173} INFO - Italy: CO2 404, mix [('gas', 16516, '55'), ('wind', 3484, '12'), ('coal', 2681, '9')]
[2022-03-13 00:00:08,262] {bash.py:173} INFO - Norway
[2022-03-13 00:00:08,262] {bash.py:173} INFO - 16577
[2022-03-13 00:00:08,262] {bash.py:173} INFO - Denmark
[2022-03-13 00:00:08,262] {bash.py:173} INFO - 4287
[2022-03-13 00:00:08,262] {bash.py:173} INFO - Norway: CO2 36, mix [('hydro', 12367, '75'), ('wind', 3025, '18'), ('hydro discharge', 357, '2')]
[2022-03-13 00:00:08,262] {bash.py:173} INFO - Denmark: CO2 172, mix [('wind', 1989, '46'), ('biomass', 652, '15'), ('coal', 515, '12')]
[2022-03-13 00:00:08,262] {bash.py:173} INFO - Germany
[2022-03-13 00:00:08,262] {bash.py:173} INFO - 48669
[2022-03-13 00:00:08,262] {bash.py:173} INFO - UK
[2022-03-13 00:00:08,262] {bash.py:173} INFO - 28493
[2022-03-13 00:00:08,262] {bash.py:173} INFO - Germany: CO2 324, mix [('wind', 20281, '42'), ('coal', 15318, '31'), ('biomass', 4546, '9')]
[2022-03-13 00:00:08,262] {bash.py:173} INFO - UK: CO2 149, mix [('wind', 13027, '46'), ('gas', 6329, '22'), ('nuclear', 5895, '21')]
[2022-03-13 00:00:08,302] {bash.py:177} INFO - Command exited with return code 0
[2022-03-13 00:00:08,335] {taskinstance.py:1159} INFO - Marking task as SUCCESS. dag_id=matchup, task_id=run_script, execution_date=20220312T180000, start_date=20220313T000003, end_date=20220313T000008
[2022-03-13 00:00:08,348] {taskinstance.py:1220} INFO - 0 downstream tasks scheduled from follow-on schedule check
[2022-03-13 00:00:08,362] {local_task_job.py:146} INFO - Task exited with return code 0
