[2022-04-24 12:02:07,519] {taskinstance.py:851} INFO - Dependencies all met for <TaskInstance: matchup.run_script 2022-04-24T06:00:00+00:00 [queued]>
[2022-04-24 12:02:07,523] {taskinstance.py:851} INFO - Dependencies all met for <TaskInstance: matchup.run_script 2022-04-24T06:00:00+00:00 [queued]>
[2022-04-24 12:02:07,523] {taskinstance.py:1042} INFO - 
--------------------------------------------------------------------------------
[2022-04-24 12:02:07,523] {taskinstance.py:1043} INFO - Starting attempt 3 of 6
[2022-04-24 12:02:07,523] {taskinstance.py:1044} INFO - 
--------------------------------------------------------------------------------
[2022-04-24 12:02:07,531] {taskinstance.py:1063} INFO - Executing <Task(BashOperator): run_script> on 2022-04-24T06:00:00+00:00
[2022-04-24 12:02:07,534] {standard_task_runner.py:52} INFO - Started process 299685 to run task
[2022-04-24 12:02:07,540] {standard_task_runner.py:76} INFO - Running: ['airflow', 'tasks', 'run', 'matchup', 'run_script', '2022-04-24T06:00:00+00:00', '--job-id', '270', '--pool', 'default_pool', '--raw', '--subdir', 'DAGS_FOLDER/matchup.py', '--cfg-path', '/tmp/tmpw90gwuh1', '--error-file', '/tmp/tmpbaasun4f']
[2022-04-24 12:02:07,541] {standard_task_runner.py:77} INFO - Job 270: Subtask run_script
[2022-04-24 12:02:07,564] {logging_mixin.py:104} INFO - Running <TaskInstance: matchup.run_script 2022-04-24T06:00:00+00:00 [running]> on host 193e33218975
[2022-04-24 12:02:07,581] {taskinstance.py:1255} INFO - Exporting the following env vars:
AIRFLOW_CTX_DAG_EMAIL=r.chesne@gmail.com
AIRFLOW_CTX_DAG_OWNER=Robin
AIRFLOW_CTX_DAG_ID=matchup
AIRFLOW_CTX_TASK_ID=run_script
AIRFLOW_CTX_EXECUTION_DATE=2022-04-24T06:00:00+00:00
AIRFLOW_CTX_DAG_RUN_ID=scheduled__2022-04-24T06:00:00+00:00
[2022-04-24 12:02:07,581] {bash.py:135} INFO - Tmp dir root location: 
 /tmp
[2022-04-24 12:02:07,582] {bash.py:158} INFO - Running command: python /app/scripts/main.py
[2022-04-24 12:02:07,587] {bash.py:169} INFO - Output:
[2022-04-24 12:02:11,133] {bash.py:173} INFO - Spain
[2022-04-24 12:02:11,133] {bash.py:173} INFO - 33733
[2022-04-24 12:02:11,133] {bash.py:173} INFO - Portugal
[2022-04-24 12:02:11,133] {bash.py:173} INFO - 2257
[2022-04-24 12:02:11,133] {bash.py:173} INFO - Spain: CO2 121, mix [('solar', 9788, '29'), ('wind', 9330, '28'), ('nuclear', 5793, '17')]
[2022-04-24 12:02:11,133] {bash.py:173} INFO - Portugal: CO2 237, mix [('gas', 807, '36'), ('solar', 726, '32'), ('biomass', 356, '16')]
[2022-04-24 12:02:11,133] {bash.py:173} INFO - Denmark
[2022-04-24 12:02:11,133] {bash.py:173} INFO - 4528
[2022-04-24 12:02:11,133] {bash.py:173} INFO - Norway
[2022-04-24 12:02:11,133] {bash.py:173} INFO - 16792
[2022-04-24 12:02:11,134] {bash.py:173} INFO - Denmark: CO2 154, mix [('wind', 2499, '55'), ('solar', 720, '16'), ('biomass', 532, '12')]
[2022-04-24 12:02:11,134] {bash.py:173} INFO - Norway: CO2 50, mix [('hydro', 13335, '79'), ('wind', 1979, '12'), ('solar', 420, '3')]
[2022-04-24 12:02:11,134] {bash.py:173} INFO - Hungary
[2022-04-24 12:02:11,134] {bash.py:173} INFO - 4076
[2022-04-24 12:02:11,134] {bash.py:173} INFO - France
[2022-04-24 12:02:11,134] {bash.py:173} INFO - 55938
[2022-04-24 12:02:11,134] {bash.py:173} INFO - Hungary: CO2 135, mix [('nuclear', 1674, '41'), ('solar', 967, '24'), ('wind', 384, '9')]
[2022-04-24 12:02:11,134] {bash.py:173} INFO - France: CO2 73, mix [('nuclear', 30793, '55'), ('wind', 8333, '15'), ('gas', 5468, '10')]
[2022-04-24 12:02:11,175] {bash.py:177} INFO - Command exited with return code 0
[2022-04-24 12:02:11,194] {taskinstance.py:1159} INFO - Marking task as SUCCESS. dag_id=matchup, task_id=run_script, execution_date=20220424T060000, start_date=20220424T120207, end_date=20220424T120211
[2022-04-24 12:02:11,207] {taskinstance.py:1220} INFO - 0 downstream tasks scheduled from follow-on schedule check
[2022-04-24 12:02:11,241] {local_task_job.py:146} INFO - Task exited with return code 0
