[2022-04-06 18:05:18,411] {taskinstance.py:851} INFO - Dependencies all met for <TaskInstance: matchup.run_script 2022-04-06T12:00:00+00:00 [queued]>
[2022-04-06 18:05:18,415] {taskinstance.py:851} INFO - Dependencies all met for <TaskInstance: matchup.run_script 2022-04-06T12:00:00+00:00 [queued]>
[2022-04-06 18:05:18,415] {taskinstance.py:1042} INFO - 
--------------------------------------------------------------------------------
[2022-04-06 18:05:18,415] {taskinstance.py:1043} INFO - Starting attempt 6 of 6
[2022-04-06 18:05:18,415] {taskinstance.py:1044} INFO - 
--------------------------------------------------------------------------------
[2022-04-06 18:05:18,422] {taskinstance.py:1063} INFO - Executing <Task(BashOperator): run_script> on 2022-04-06T12:00:00+00:00
[2022-04-06 18:05:18,425] {standard_task_runner.py:52} INFO - Started process 46778 to run task
[2022-04-06 18:05:18,430] {standard_task_runner.py:76} INFO - Running: ['airflow', 'tasks', 'run', 'matchup', 'run_script', '2022-04-06T12:00:00+00:00', '--job-id', '72', '--pool', 'default_pool', '--raw', '--subdir', 'DAGS_FOLDER/matchup.py', '--cfg-path', '/tmp/tmpr4lrcyrf', '--error-file', '/tmp/tmp9quqx7yt']
[2022-04-06 18:05:18,431] {standard_task_runner.py:77} INFO - Job 72: Subtask run_script
[2022-04-06 18:05:18,458] {logging_mixin.py:104} INFO - Running <TaskInstance: matchup.run_script 2022-04-06T12:00:00+00:00 [running]> on host 193e33218975
[2022-04-06 18:05:18,473] {taskinstance.py:1255} INFO - Exporting the following env vars:
AIRFLOW_CTX_DAG_EMAIL=r.chesne@gmail.com
AIRFLOW_CTX_DAG_OWNER=Robin
AIRFLOW_CTX_DAG_ID=matchup
AIRFLOW_CTX_TASK_ID=run_script
AIRFLOW_CTX_EXECUTION_DATE=2022-04-06T12:00:00+00:00
AIRFLOW_CTX_DAG_RUN_ID=scheduled__2022-04-06T12:00:00+00:00
[2022-04-06 18:05:18,474] {bash.py:135} INFO - Tmp dir root location: 
 /tmp
[2022-04-06 18:05:18,474] {bash.py:158} INFO - Running command: python /app/scripts/main.py
[2022-04-06 18:05:18,480] {bash.py:169} INFO - Output:
[2022-04-06 18:05:23,546] {bash.py:173} INFO - Italy
[2022-04-06 18:05:23,546] {bash.py:173} INFO - 37985
[2022-04-06 18:05:23,547] {bash.py:173} INFO - Portugal
[2022-04-06 18:05:23,547] {bash.py:173} INFO - 5945
[2022-04-06 18:05:23,547] {bash.py:173} INFO - Italy: CO2 384, mix [('gas', 20417, '54'), ('solar', 3302, '9'), ('coal', 3264, '9')]
[2022-04-06 18:05:23,548] {bash.py:173} INFO - Portugal: CO2 203, mix [('wind', 2108, '35'), ('gas', 2028, '34'), ('solar', 677, '11')]
[2022-04-06 18:05:23,548] {bash.py:173} INFO - Finland
[2022-04-06 18:05:23,548] {bash.py:173} INFO - 10049
[2022-04-06 18:05:23,548] {bash.py:173} INFO - Sweden
[2022-04-06 18:05:23,548] {bash.py:173} INFO - 19861
[2022-04-06 18:05:23,548] {bash.py:173} INFO - Finland: CO2 170, mix [('nuclear', 3601, '36'), ('hydro', 2547, '25'), ('coal', 1156, '12')]
[2022-04-06 18:05:23,548] {bash.py:173} INFO - Sweden: CO2 50, mix [('hydro', 8108, '41'), ('nuclear', 6339, '32'), ('wind', 3275, '16')]
[2022-04-06 18:05:23,548] {bash.py:173} INFO - Germany
[2022-04-06 18:05:23,548] {bash.py:173} INFO - 63539
[2022-04-06 18:05:23,548] {bash.py:173} INFO - Hungary
[2022-04-06 18:05:23,548] {bash.py:173} INFO - 3870
[2022-04-06 18:05:23,548] {bash.py:173} INFO - Germany: CO2 225, mix [('wind', 31372, '49'), ('coal', 13131, '21'), ('solar', 6812, '11')]
[2022-04-06 18:05:23,548] {bash.py:173} INFO - Hungary: CO2 232, mix [('nuclear', 1946, '50'), ('gas', 843, '22'), ('coal', 426, '11')]
[2022-04-06 18:05:23,583] {bash.py:177} INFO - Command exited with return code 0
[2022-04-06 18:05:23,600] {taskinstance.py:1159} INFO - Marking task as SUCCESS. dag_id=matchup, task_id=run_script, execution_date=20220406T120000, start_date=20220406T180518, end_date=20220406T180523
[2022-04-06 18:05:23,611] {taskinstance.py:1220} INFO - 0 downstream tasks scheduled from follow-on schedule check
[2022-04-06 18:05:23,648] {local_task_job.py:146} INFO - Task exited with return code 0
