[2022-03-23 18:02:11,762] {taskinstance.py:851} INFO - Dependencies all met for <TaskInstance: matchup.run_script 2022-03-23T12:00:00+00:00 [queued]>
[2022-03-23 18:02:11,767] {taskinstance.py:851} INFO - Dependencies all met for <TaskInstance: matchup.run_script 2022-03-23T12:00:00+00:00 [queued]>
[2022-03-23 18:02:11,767] {taskinstance.py:1042} INFO - 
--------------------------------------------------------------------------------
[2022-03-23 18:02:11,767] {taskinstance.py:1043} INFO - Starting attempt 3 of 6
[2022-03-23 18:02:11,767] {taskinstance.py:1044} INFO - 
--------------------------------------------------------------------------------
[2022-03-23 18:02:11,774] {taskinstance.py:1063} INFO - Executing <Task(BashOperator): run_script> on 2022-03-23T12:00:00+00:00
[2022-03-23 18:02:11,778] {standard_task_runner.py:52} INFO - Started process 471992 to run task
[2022-03-23 18:02:11,782] {standard_task_runner.py:76} INFO - Running: ['airflow', 'tasks', 'run', 'matchup', 'run_script', '2022-03-23T12:00:00+00:00', '--job-id', '440', '--pool', 'default_pool', '--raw', '--subdir', 'DAGS_FOLDER/matchup.py', '--cfg-path', '/tmp/tmppo4kvpi_', '--error-file', '/tmp/tmpe58z8hov']
[2022-03-23 18:02:11,783] {standard_task_runner.py:77} INFO - Job 440: Subtask run_script
[2022-03-23 18:02:11,810] {logging_mixin.py:104} INFO - Running <TaskInstance: matchup.run_script 2022-03-23T12:00:00+00:00 [running]> on host 531edfb863fc
[2022-03-23 18:02:11,826] {taskinstance.py:1255} INFO - Exporting the following env vars:
AIRFLOW_CTX_DAG_EMAIL=r.chesne@gmail.com
AIRFLOW_CTX_DAG_OWNER=Robin
AIRFLOW_CTX_DAG_ID=matchup
AIRFLOW_CTX_TASK_ID=run_script
AIRFLOW_CTX_EXECUTION_DATE=2022-03-23T12:00:00+00:00
AIRFLOW_CTX_DAG_RUN_ID=scheduled__2022-03-23T12:00:00+00:00
[2022-03-23 18:02:11,827] {bash.py:135} INFO - Tmp dir root location: 
 /tmp
[2022-03-23 18:02:11,827] {bash.py:158} INFO - Running command: python /app/scripts/main.py
[2022-03-23 18:02:11,835] {bash.py:169} INFO - Output:
[2022-03-23 18:02:15,412] {bash.py:173} INFO - Portugal
[2022-03-23 18:02:15,413] {bash.py:173} INFO - 6921
[2022-03-23 18:02:15,413] {bash.py:173} INFO - Spain
[2022-03-23 18:02:15,413] {bash.py:173} INFO - 29950
[2022-03-23 18:02:15,413] {bash.py:173} INFO - Portugal: CO2 186, mix [('wind', 3343, '48'), ('gas', 2210, '32'), ('hydro', 479, '7')]
[2022-03-23 18:02:15,413] {bash.py:173} INFO - Spain: CO2 142, mix [('wind', 12033, '40'), ('nuclear', 5570, '19'), ('gas', 5476, '18')]
[2022-03-23 18:02:15,413] {bash.py:173} INFO - Norway
[2022-03-23 18:02:15,413] {bash.py:173} INFO - 16679
[2022-03-23 18:02:15,413] {bash.py:173} INFO - Finland
[2022-03-23 18:02:15,413] {bash.py:173} INFO - 9232
[2022-03-23 18:02:15,413] {bash.py:173} INFO - Norway: CO2 28, mix [('hydro', 14123, '85'), ('wind', 1897, '11'), ('hydro discharge', 297, '2')]
[2022-03-23 18:02:15,413] {bash.py:173} INFO - Finland: CO2 140, mix [('nuclear', 3287, '36'), ('wind', 2060, '22'), ('hydro', 1793, '19')]
[2022-03-23 18:02:15,413] {bash.py:173} INFO - Germany
[2022-03-23 18:02:15,413] {bash.py:173} INFO - 58205
[2022-03-23 18:02:15,413] {bash.py:173} INFO - UK
[2022-03-23 18:02:15,413] {bash.py:173} INFO - 33229
[2022-03-23 18:02:15,413] {bash.py:173} INFO - Germany: CO2 495, mix [('coal', 25761, '44'), ('gas', 11051, '19'), ('biomass', 5253, '9')]
[2022-03-23 18:02:15,413] {bash.py:173} INFO - UK: CO2 309, mix [('gas', 16109, '48'), ('nuclear', 5963, '18'), ('solar', 4288, '13')]
[2022-03-23 18:02:15,471] {bash.py:177} INFO - Command exited with return code 0
[2022-03-23 18:02:15,488] {taskinstance.py:1159} INFO - Marking task as SUCCESS. dag_id=matchup, task_id=run_script, execution_date=20220323T120000, start_date=20220323T180211, end_date=20220323T180215
[2022-03-23 18:02:15,505] {taskinstance.py:1220} INFO - 0 downstream tasks scheduled from follow-on schedule check
[2022-03-23 18:02:15,529] {local_task_job.py:146} INFO - Task exited with return code 0
