[2022-04-24 06:00:03,274] {taskinstance.py:851} INFO - Dependencies all met for <TaskInstance: matchup.run_script 2022-04-24T00:00:00+00:00 [queued]>
[2022-04-24 06:00:03,281] {taskinstance.py:851} INFO - Dependencies all met for <TaskInstance: matchup.run_script 2022-04-24T00:00:00+00:00 [queued]>
[2022-04-24 06:00:03,281] {taskinstance.py:1042} INFO - 
--------------------------------------------------------------------------------
[2022-04-24 06:00:03,281] {taskinstance.py:1043} INFO - Starting attempt 1 of 6
[2022-04-24 06:00:03,281] {taskinstance.py:1044} INFO - 
--------------------------------------------------------------------------------
[2022-04-24 06:00:03,290] {taskinstance.py:1063} INFO - Executing <Task(BashOperator): run_script> on 2022-04-24T00:00:00+00:00
[2022-04-24 06:00:03,293] {standard_task_runner.py:52} INFO - Started process 296094 to run task
[2022-04-24 06:00:03,297] {standard_task_runner.py:76} INFO - Running: ['airflow', 'tasks', 'run', 'matchup', 'run_script', '2022-04-24T00:00:00+00:00', '--job-id', '266', '--pool', 'default_pool', '--raw', '--subdir', 'DAGS_FOLDER/matchup.py', '--cfg-path', '/tmp/tmpuclw70c0', '--error-file', '/tmp/tmpo61hdpl_']
[2022-04-24 06:00:03,298] {standard_task_runner.py:77} INFO - Job 266: Subtask run_script
[2022-04-24 06:00:03,324] {logging_mixin.py:104} INFO - Running <TaskInstance: matchup.run_script 2022-04-24T00:00:00+00:00 [running]> on host 193e33218975
[2022-04-24 06:00:03,351] {taskinstance.py:1255} INFO - Exporting the following env vars:
AIRFLOW_CTX_DAG_EMAIL=r.chesne@gmail.com
AIRFLOW_CTX_DAG_OWNER=Robin
AIRFLOW_CTX_DAG_ID=matchup
AIRFLOW_CTX_TASK_ID=run_script
AIRFLOW_CTX_EXECUTION_DATE=2022-04-24T00:00:00+00:00
AIRFLOW_CTX_DAG_RUN_ID=scheduled__2022-04-24T00:00:00+00:00
[2022-04-24 06:00:03,352] {bash.py:135} INFO - Tmp dir root location: 
 /tmp
[2022-04-24 06:00:03,353] {bash.py:158} INFO - Running command: python /app/scripts/main.py
[2022-04-24 06:00:03,361] {bash.py:169} INFO - Output:
[2022-04-24 06:00:07,083] {bash.py:173} INFO - Spain
[2022-04-24 06:00:07,083] {bash.py:173} INFO - 29643
[2022-04-24 06:00:07,083] {bash.py:173} INFO - Italy
[2022-04-24 06:00:07,083] {bash.py:173} INFO - 33922
[2022-04-24 06:00:07,083] {bash.py:173} INFO - Spain: CO2 161, mix [('wind', 9808, '33'), ('gas', 6741, '23'), ('nuclear', 6009, '20')]
[2022-04-24 06:00:07,083] {bash.py:173} INFO - Italy: CO2 370, mix [('gas', 16896, '50'), ('hydro', 4092, '12'), ('wind', 3260, '10')]
[2022-04-24 06:00:07,083] {bash.py:173} INFO - Sweden
[2022-04-24 06:00:07,084] {bash.py:173} INFO - 18215
[2022-04-24 06:00:07,084] {bash.py:173} INFO - Finland
[2022-04-24 06:00:07,084] {bash.py:173} INFO - 9071
[2022-04-24 06:00:07,084] {bash.py:173} INFO - Sweden: CO2 40, mix [('hydro', 7379, '41'), ('nuclear', 5728, '31'), ('wind', 3526, '19')]
[2022-04-24 06:00:07,084] {bash.py:173} INFO - Finland: CO2 161, mix [('nuclear', 3271, '36'), ('hydro', 2217, '24'), ('wind', 1203, '13')]
[2022-04-24 06:00:07,084] {bash.py:173} INFO - France
[2022-04-24 06:00:07,084] {bash.py:173} INFO - 57457
[2022-04-24 06:00:07,084] {bash.py:173} INFO - UK
[2022-04-24 06:00:07,084] {bash.py:173} INFO - 30004
[2022-04-24 06:00:07,084] {bash.py:173} INFO - France: CO2 84, mix [('nuclear', 31485, '55'), ('hydro', 8389, '15'), ('gas', 6758, '12')]
[2022-04-24 06:00:07,084] {bash.py:173} INFO - UK: CO2 256, mix [('gas', 12379, '41'), ('wind', 8144, '27'), ('nuclear', 5365, '18')]
[2022-04-24 06:00:07,117] {bash.py:177} INFO - Command exited with return code 0
[2022-04-24 06:00:07,134] {taskinstance.py:1159} INFO - Marking task as SUCCESS. dag_id=matchup, task_id=run_script, execution_date=20220424T000000, start_date=20220424T060003, end_date=20220424T060007
[2022-04-24 06:00:07,146] {taskinstance.py:1220} INFO - 0 downstream tasks scheduled from follow-on schedule check
[2022-04-24 06:00:07,164] {local_task_job.py:146} INFO - Task exited with return code 0
