[2022-02-18 18:00:03,895] {taskinstance.py:851} INFO - Dependencies all met for <TaskInstance: matchup.run_script 2022-02-18T12:00:00+00:00 [queued]>
[2022-02-18 18:00:03,906] {taskinstance.py:851} INFO - Dependencies all met for <TaskInstance: matchup.run_script 2022-02-18T12:00:00+00:00 [queued]>
[2022-02-18 18:00:03,906] {taskinstance.py:1042} INFO - 
--------------------------------------------------------------------------------
[2022-02-18 18:00:03,906] {taskinstance.py:1043} INFO - Starting attempt 1 of 6
[2022-02-18 18:00:03,906] {taskinstance.py:1044} INFO - 
--------------------------------------------------------------------------------
[2022-02-18 18:00:03,922] {taskinstance.py:1063} INFO - Executing <Task(BashOperator): run_script> on 2022-02-18T12:00:00+00:00
[2022-02-18 18:00:03,926] {standard_task_runner.py:52} INFO - Started process 3085 to run task
[2022-02-18 18:00:03,933] {standard_task_runner.py:76} INFO - Running: ['airflow', 'tasks', 'run', 'matchup', 'run_script', '2022-02-18T12:00:00+00:00', '--job-id', '11', '--pool', 'default_pool', '--raw', '--subdir', 'DAGS_FOLDER/matchup.py', '--cfg-path', '/tmp/tmpd6ok0tfj', '--error-file', '/tmp/tmpoiacparj']
[2022-02-18 18:00:03,934] {standard_task_runner.py:77} INFO - Job 11: Subtask run_script
[2022-02-18 18:00:03,969] {logging_mixin.py:104} INFO - Running <TaskInstance: matchup.run_script 2022-02-18T12:00:00+00:00 [running]> on host 531edfb863fc
[2022-02-18 18:00:04,001] {taskinstance.py:1255} INFO - Exporting the following env vars:
AIRFLOW_CTX_DAG_EMAIL=r.chesne@gmail.com
AIRFLOW_CTX_DAG_OWNER=Robin
AIRFLOW_CTX_DAG_ID=matchup
AIRFLOW_CTX_TASK_ID=run_script
AIRFLOW_CTX_EXECUTION_DATE=2022-02-18T12:00:00+00:00
AIRFLOW_CTX_DAG_RUN_ID=scheduled__2022-02-18T12:00:00+00:00
[2022-02-18 18:00:04,001] {bash.py:135} INFO - Tmp dir root location: 
 /tmp
[2022-02-18 18:00:04,002] {bash.py:158} INFO - Running command: python /app/scripts/main.py
[2022-02-18 18:00:04,016] {bash.py:169} INFO - Output:
[2022-02-18 18:00:08,433] {bash.py:173} INFO - Italy: CO2 392, mix [('gas', 20299, '60'), ('coal', 3050, '9'), ('unknown', 2652, '8')]
[2022-02-18 18:00:08,434] {bash.py:173} INFO - Spain: CO2 140, mix [('solar', 9094, '31'), ('nuclear', 7084, '24'), ('gas', 5390, '18')]
[2022-02-18 18:00:08,434] {bash.py:173} INFO - Germany: CO2 213, mix [('wind', 45219, '59'), ('coal', 13838, '18'), ('gas', 5206, '7')]
[2022-02-18 18:00:08,434] {bash.py:173} INFO - France: CO2 44, mix [('nuclear', 44163, '66'), ('wind', 11411, '17'), ('hydro', 5577, '8')]
[2022-02-18 18:00:08,434] {bash.py:173} INFO - Finland: CO2 176, mix [('nuclear', 2798, '32'), ('wind', 1938, '22'), ('hydro', 1836, '21')]
[2022-02-18 18:00:08,434] {bash.py:173} INFO - Norway: CO2 33, mix [('hydro', 17507, '91'), ('wind', 1266, '7'), ('hydro_discharge', 335, '2')]
[2022-02-18 18:00:08,489] {bash.py:177} INFO - Command exited with return code 0
[2022-02-18 18:00:08,512] {taskinstance.py:1159} INFO - Marking task as SUCCESS. dag_id=matchup, task_id=run_script, execution_date=20220218T120000, start_date=20220218T180003, end_date=20220218T180008
[2022-02-18 18:00:08,531] {taskinstance.py:1220} INFO - 0 downstream tasks scheduled from follow-on schedule check
[2022-02-18 18:00:08,571] {local_task_job.py:146} INFO - Task exited with return code 0
