[2022-06-23 18:00:03,809] {taskinstance.py:851} INFO - Dependencies all met for <TaskInstance: matchup.run_script 2022-06-23T12:00:00+00:00 [queued]>
[2022-06-23 18:00:03,816] {taskinstance.py:851} INFO - Dependencies all met for <TaskInstance: matchup.run_script 2022-06-23T12:00:00+00:00 [queued]>
[2022-06-23 18:00:03,817] {taskinstance.py:1042} INFO - 
--------------------------------------------------------------------------------
[2022-06-23 18:00:03,817] {taskinstance.py:1043} INFO - Starting attempt 1 of 6
[2022-06-23 18:00:03,817] {taskinstance.py:1044} INFO - 
--------------------------------------------------------------------------------
[2022-06-23 18:00:03,821] {taskinstance.py:1063} INFO - Executing <Task(BashOperator): run_script> on 2022-06-23T12:00:00+00:00
[2022-06-23 18:00:03,824] {standard_task_runner.py:52} INFO - Started process 32854 to run task
[2022-06-23 18:00:03,827] {standard_task_runner.py:76} INFO - Running: ['airflow', 'tasks', 'run', 'matchup', 'run_script', '2022-06-23T12:00:00+00:00', '--job-id', '1429', '--pool', 'default_pool', '--raw', '--subdir', 'DAGS_FOLDER/matchup.py', '--cfg-path', '/tmp/tmprrdrhyoq', '--error-file', '/tmp/tmp20iu0wbm']
[2022-06-23 18:00:03,827] {standard_task_runner.py:77} INFO - Job 1429: Subtask run_script
[2022-06-23 18:00:03,852] {logging_mixin.py:104} INFO - Running <TaskInstance: matchup.run_script 2022-06-23T12:00:00+00:00 [running]> on host b5b34dd97903
[2022-06-23 18:00:03,878] {taskinstance.py:1255} INFO - Exporting the following env vars:
AIRFLOW_CTX_DAG_EMAIL=r.chesne@gmail.com
AIRFLOW_CTX_DAG_OWNER=Robin
AIRFLOW_CTX_DAG_ID=matchup
AIRFLOW_CTX_TASK_ID=run_script
AIRFLOW_CTX_EXECUTION_DATE=2022-06-23T12:00:00+00:00
AIRFLOW_CTX_DAG_RUN_ID=scheduled__2022-06-23T12:00:00+00:00
[2022-06-23 18:00:03,878] {bash.py:135} INFO - Tmp dir root location: 
 /tmp
[2022-06-23 18:00:03,878] {bash.py:158} INFO - Running command: python /app/scripts/main.py
[2022-06-23 18:00:03,883] {bash.py:169} INFO - Output:
[2022-06-23 18:00:07,828] {bash.py:173} INFO - Spain
[2022-06-23 18:00:07,829] {bash.py:173} INFO - 33585
[2022-06-23 18:00:07,829] {bash.py:173} INFO - Greece
[2022-06-23 18:00:07,829] {bash.py:173} INFO - 5773
[2022-06-23 18:00:07,829] {bash.py:173} INFO - Spain: CO2 211, mix [('gas', 10665, '32'), ('wind', 7882, '23'), ('nuclear', 6087, '18')]
[2022-06-23 18:00:07,829] {bash.py:173} INFO - Greece: CO2 359, mix [('gas', 2861, '50'), ('wind', 890, '15'), ('hydro', 814, '14')]
[2022-06-23 18:00:07,829] {bash.py:173} INFO - Norway
[2022-06-23 18:00:07,829] {bash.py:173} INFO - 12266
[2022-06-23 18:00:07,829] {bash.py:173} INFO - Sweden
[2022-06-23 18:00:07,829] {bash.py:173} INFO - 12151
[2022-06-23 18:00:07,829] {bash.py:173} INFO - Norway: CO2 31, mix [('hydro', 11359, '93'), ('wind', 700, '6'), ('gas', 117, '1')]
[2022-06-23 18:00:07,829] {bash.py:173} INFO - Sweden: CO2 26, mix [('hydro', 6442, '53'), ('nuclear', 3558, '29'), ('wind', 1639, '13')]
[2022-06-23 18:00:07,829] {bash.py:173} INFO - France
[2022-06-23 18:00:07,829] {bash.py:173} INFO - 49002
[2022-06-23 18:00:07,829] {bash.py:173} INFO - UK
[2022-06-23 18:00:07,829] {bash.py:173} INFO - 31788
[2022-06-23 18:00:07,829] {bash.py:173} INFO - France: CO2 69, mix [('nuclear', 29754, '61'), ('hydro', 6740, '14'), ('gas', 4144, '8')]
[2022-06-23 18:00:07,829] {bash.py:173} INFO - UK: CO2 265, mix [('gas', 14825, '47'), ('nuclear', 5554, '17'), ('wind', 4254, '13')]
[2022-06-23 18:00:07,867] {bash.py:177} INFO - Command exited with return code 0
[2022-06-23 18:00:07,880] {taskinstance.py:1159} INFO - Marking task as SUCCESS. dag_id=matchup, task_id=run_script, execution_date=20220623T120000, start_date=20220623T180003, end_date=20220623T180007
[2022-06-23 18:00:07,890] {taskinstance.py:1220} INFO - 0 downstream tasks scheduled from follow-on schedule check
[2022-06-23 18:00:07,932] {local_task_job.py:146} INFO - Task exited with return code 0
