[2022-07-14 18:00:04,980] {taskinstance.py:851} INFO - Dependencies all met for <TaskInstance: matchup.run_script 2022-07-14T12:00:00+00:00 [queued]>
[2022-07-14 18:00:04,987] {taskinstance.py:851} INFO - Dependencies all met for <TaskInstance: matchup.run_script 2022-07-14T12:00:00+00:00 [queued]>
[2022-07-14 18:00:04,987] {taskinstance.py:1042} INFO - 
--------------------------------------------------------------------------------
[2022-07-14 18:00:04,988] {taskinstance.py:1043} INFO - Starting attempt 1 of 6
[2022-07-14 18:00:04,988] {taskinstance.py:1044} INFO - 
--------------------------------------------------------------------------------
[2022-07-14 18:00:04,999] {taskinstance.py:1063} INFO - Executing <Task(BashOperator): run_script> on 2022-07-14T12:00:00+00:00
[2022-07-14 18:00:05,001] {standard_task_runner.py:52} INFO - Started process 33081 to run task
[2022-07-14 18:00:05,008] {standard_task_runner.py:76} INFO - Running: ['airflow', 'tasks', 'run', 'matchup', 'run_script', '2022-07-14T12:00:00+00:00', '--job-id', '1590', '--pool', 'default_pool', '--raw', '--subdir', 'DAGS_FOLDER/matchup.py', '--cfg-path', '/tmp/tmp5oc718ls', '--error-file', '/tmp/tmpao019td6']
[2022-07-14 18:00:05,008] {standard_task_runner.py:77} INFO - Job 1590: Subtask run_script
[2022-07-14 18:00:05,042] {logging_mixin.py:104} INFO - Running <TaskInstance: matchup.run_script 2022-07-14T12:00:00+00:00 [running]> on host a41a09215c15
[2022-07-14 18:00:05,075] {taskinstance.py:1255} INFO - Exporting the following env vars:
AIRFLOW_CTX_DAG_EMAIL=r.chesne@gmail.com
AIRFLOW_CTX_DAG_OWNER=Robin
AIRFLOW_CTX_DAG_ID=matchup
AIRFLOW_CTX_TASK_ID=run_script
AIRFLOW_CTX_EXECUTION_DATE=2022-07-14T12:00:00+00:00
AIRFLOW_CTX_DAG_RUN_ID=scheduled__2022-07-14T12:00:00+00:00
[2022-07-14 18:00:05,076] {bash.py:135} INFO - Tmp dir root location: 
 /tmp
[2022-07-14 18:00:05,076] {bash.py:158} INFO - Running command: python /app/scripts/main.py
[2022-07-14 18:00:05,087] {bash.py:169} INFO - Output:
[2022-07-14 18:00:10,664] {bash.py:173} INFO - Spain
[2022-07-14 18:00:10,664] {bash.py:173} INFO - 39252
[2022-07-14 18:00:10,664] {bash.py:173} INFO - Italy
[2022-07-14 18:00:10,664] {bash.py:173} INFO - 42471
[2022-07-14 18:00:10,664] {bash.py:173} INFO - Spain: CO2 226, mix [('gas', 15752, '40'), ('solar', 8280, '21'), ('nuclear', 6741, '17')]
[2022-07-14 18:00:10,664] {bash.py:173} INFO - Italy: CO2 350, mix [('gas', 19090, '45'), ('hydro', 6999, '16'), ('solar', 3673, '9')]
[2022-07-14 18:00:10,664] {bash.py:173} INFO - France
[2022-07-14 18:00:10,665] {bash.py:173} INFO - 46378
[2022-07-14 18:00:10,665] {bash.py:173} INFO - Netherlands
[2022-07-14 18:00:10,665] {bash.py:173} INFO - 9562
[2022-07-14 18:00:10,665] {bash.py:173} INFO - France: CO2 78, mix [('nuclear', 25864, '56'), ('gas', 5233, '11'), ('wind', 4906, '11')]
[2022-07-14 18:00:10,665] {bash.py:173} INFO - Netherlands: CO2 121, mix [('wind', 4664, '49'), ('solar', 2951, '31'), ('gas', 1452, '15')]
[2022-07-14 18:00:10,665] {bash.py:173} INFO - Norway
[2022-07-14 18:00:10,665] {bash.py:173} INFO - 14304
[2022-07-14 18:00:10,665] {bash.py:173} INFO - Sweden
[2022-07-14 18:00:10,665] {bash.py:173} INFO - 12653
[2022-07-14 18:00:10,665] {bash.py:173} INFO - Norway: CO2 37, mix [('hydro', 12230, '86'), ('wind', 1546, '11'), ('gas', 190, '1')]
[2022-07-14 18:00:10,665] {bash.py:173} INFO - Sweden: CO2 24, mix [('hydro', 5886, '47'), ('nuclear', 4099, '32'), ('wind', 2222, '18')]
[2022-07-14 18:00:10,784] {bash.py:177} INFO - Command exited with return code 0
[2022-07-14 18:00:10,801] {taskinstance.py:1159} INFO - Marking task as SUCCESS. dag_id=matchup, task_id=run_script, execution_date=20220714T120000, start_date=20220714T180004, end_date=20220714T180010
[2022-07-14 18:00:10,817] {taskinstance.py:1220} INFO - 0 downstream tasks scheduled from follow-on schedule check
[2022-07-14 18:00:10,828] {local_task_job.py:146} INFO - Task exited with return code 0
