[2022-04-25 00:00:09,371] {taskinstance.py:851} INFO - Dependencies all met for <TaskInstance: matchup.run_script 2022-04-24T18:00:00+00:00 [queued]>
[2022-04-25 00:00:09,377] {taskinstance.py:851} INFO - Dependencies all met for <TaskInstance: matchup.run_script 2022-04-24T18:00:00+00:00 [queued]>
[2022-04-25 00:00:09,377] {taskinstance.py:1042} INFO - 
--------------------------------------------------------------------------------
[2022-04-25 00:00:09,377] {taskinstance.py:1043} INFO - Starting attempt 1 of 6
[2022-04-25 00:00:09,377] {taskinstance.py:1044} INFO - 
--------------------------------------------------------------------------------
[2022-04-25 00:00:09,410] {taskinstance.py:1063} INFO - Executing <Task(BashOperator): run_script> on 2022-04-24T18:00:00+00:00
[2022-04-25 00:00:09,413] {standard_task_runner.py:52} INFO - Started process 306779 to run task
[2022-04-25 00:00:09,417] {standard_task_runner.py:76} INFO - Running: ['airflow', 'tasks', 'run', 'matchup', 'run_script', '2022-04-24T18:00:00+00:00', '--job-id', '274', '--pool', 'default_pool', '--raw', '--subdir', 'DAGS_FOLDER/matchup.py', '--cfg-path', '/tmp/tmp56o7v49y', '--error-file', '/tmp/tmptosiquip']
[2022-04-25 00:00:09,417] {standard_task_runner.py:77} INFO - Job 274: Subtask run_script
[2022-04-25 00:00:09,441] {logging_mixin.py:104} INFO - Running <TaskInstance: matchup.run_script 2022-04-24T18:00:00+00:00 [running]> on host 193e33218975
[2022-04-25 00:00:09,585] {taskinstance.py:1255} INFO - Exporting the following env vars:
AIRFLOW_CTX_DAG_EMAIL=r.chesne@gmail.com
AIRFLOW_CTX_DAG_OWNER=Robin
AIRFLOW_CTX_DAG_ID=matchup
AIRFLOW_CTX_TASK_ID=run_script
AIRFLOW_CTX_EXECUTION_DATE=2022-04-24T18:00:00+00:00
AIRFLOW_CTX_DAG_RUN_ID=scheduled__2022-04-24T18:00:00+00:00
[2022-04-25 00:00:09,585] {bash.py:135} INFO - Tmp dir root location: 
 /tmp
[2022-04-25 00:00:09,586] {bash.py:158} INFO - Running command: python /app/scripts/main.py
[2022-04-25 00:00:09,592] {bash.py:169} INFO - Output:
[2022-04-25 00:00:12,499] {bash.py:173} INFO - Spain
[2022-04-25 00:00:12,500] {bash.py:173} INFO - 25446
[2022-04-25 00:00:12,500] {bash.py:173} INFO - Portugal
[2022-04-25 00:00:12,500] {bash.py:173} INFO - 5178
[2022-04-25 00:00:12,500] {bash.py:173} INFO - Spain: CO2 151, mix [('wind', 10958, '43'), ('nuclear', 5855, '23'), ('gas', 4905, '19')]
[2022-04-25 00:00:12,500] {bash.py:173} INFO - Portugal: CO2 232, mix [('gas', 1774, '34'), ('hydro', 1490, '29'), ('hydro discharge', 1368, '26')]
[2022-04-25 00:00:12,500] {bash.py:173} INFO - Denmark
[2022-04-25 00:00:12,500] {bash.py:173} INFO - 3633
[2022-04-25 00:00:12,500] {bash.py:173} INFO - Sweden
[2022-04-25 00:00:12,500] {bash.py:173} INFO - 16530
[2022-04-25 00:00:12,500] {bash.py:173} INFO - Denmark: CO2 123, mix [('wind', 2149, '59'), ('biomass', 415, '11'), ('hydro', 353, '10')]
[2022-04-25 00:00:12,500] {bash.py:173} INFO - Sweden: CO2 38, mix [('hydro', 6099, '37'), ('nuclear', 5658, '34'), ('wind', 3442, '21')]
[2022-04-25 00:00:12,500] {bash.py:173} INFO - Germany
[2022-04-25 00:00:12,500] {bash.py:173} INFO - 57097
[2022-04-25 00:00:12,500] {bash.py:173} INFO - UK
[2022-04-25 00:00:12,500] {bash.py:173} INFO - 22031
[2022-04-25 00:00:12,500] {bash.py:173} INFO - Germany: CO2 244, mix [('wind', 30264, '53'), ('coal', 12586, '22'), ('biomass', 4680, '8')]
[2022-04-25 00:00:12,500] {bash.py:173} INFO - UK: CO2 142, mix [('wind', 10315, '47'), ('nuclear', 4988, '23'), ('gas', 4809, '22')]
[2022-04-25 00:00:12,548] {bash.py:177} INFO - Command exited with return code 0
[2022-04-25 00:00:12,861] {taskinstance.py:1159} INFO - Marking task as SUCCESS. dag_id=matchup, task_id=run_script, execution_date=20220424T180000, start_date=20220425T000009, end_date=20220425T000012
[2022-04-25 00:00:12,944] {taskinstance.py:1220} INFO - 0 downstream tasks scheduled from follow-on schedule check
[2022-04-25 00:00:12,976] {local_task_job.py:146} INFO - Task exited with return code 0
