[2022-07-13 06:00:05,114] {taskinstance.py:851} INFO - Dependencies all met for <TaskInstance: matchup.run_script 2022-07-13T00:00:00+00:00 [queued]>
[2022-07-13 06:00:05,123] {taskinstance.py:851} INFO - Dependencies all met for <TaskInstance: matchup.run_script 2022-07-13T00:00:00+00:00 [queued]>
[2022-07-13 06:00:05,123] {taskinstance.py:1042} INFO - 
--------------------------------------------------------------------------------
[2022-07-13 06:00:05,123] {taskinstance.py:1043} INFO - Starting attempt 1 of 6
[2022-07-13 06:00:05,123] {taskinstance.py:1044} INFO - 
--------------------------------------------------------------------------------
[2022-07-13 06:00:05,132] {taskinstance.py:1063} INFO - Executing <Task(BashOperator): run_script> on 2022-07-13T00:00:00+00:00
[2022-07-13 06:00:05,134] {standard_task_runner.py:52} INFO - Started process 28686 to run task
[2022-07-13 06:00:05,140] {standard_task_runner.py:76} INFO - Running: ['airflow', 'tasks', 'run', 'matchup', 'run_script', '2022-07-13T00:00:00+00:00', '--job-id', '1578', '--pool', 'default_pool', '--raw', '--subdir', 'DAGS_FOLDER/matchup.py', '--cfg-path', '/tmp/tmp9eldcjpg', '--error-file', '/tmp/tmp4cffglc_']
[2022-07-13 06:00:05,140] {standard_task_runner.py:77} INFO - Job 1578: Subtask run_script
[2022-07-13 06:00:05,173] {logging_mixin.py:104} INFO - Running <TaskInstance: matchup.run_script 2022-07-13T00:00:00+00:00 [running]> on host a41a09215c15
[2022-07-13 06:00:05,207] {taskinstance.py:1255} INFO - Exporting the following env vars:
AIRFLOW_CTX_DAG_EMAIL=r.chesne@gmail.com
AIRFLOW_CTX_DAG_OWNER=Robin
AIRFLOW_CTX_DAG_ID=matchup
AIRFLOW_CTX_TASK_ID=run_script
AIRFLOW_CTX_EXECUTION_DATE=2022-07-13T00:00:00+00:00
AIRFLOW_CTX_DAG_RUN_ID=scheduled__2022-07-13T00:00:00+00:00
[2022-07-13 06:00:05,208] {bash.py:135} INFO - Tmp dir root location: 
 /tmp
[2022-07-13 06:00:05,208] {bash.py:158} INFO - Running command: python /app/scripts/main.py
[2022-07-13 06:00:05,215] {bash.py:169} INFO - Output:
[2022-07-13 06:00:09,169] {bash.py:173} INFO - Greece
[2022-07-13 06:00:09,169] {bash.py:173} INFO - 6545
[2022-07-13 06:00:09,169] {bash.py:173} INFO - Spain
[2022-07-13 06:00:09,169] {bash.py:173} INFO - 30531
[2022-07-13 06:00:09,169] {bash.py:173} INFO - Greece: CO2 393, mix [('gas', 3334, '51'), ('wind', 1227, '19'), ('coal', 1062, '16')]
[2022-07-13 06:00:09,169] {bash.py:173} INFO - Spain: CO2 305, mix [('gas', 16560, '54'), ('nuclear', 6761, '22'), ('wind', 3539, '12')]
[2022-07-13 06:00:09,169] {bash.py:173} INFO - Germany
[2022-07-13 06:00:09,170] {bash.py:173} INFO - 53129
[2022-07-13 06:00:09,170] {bash.py:173} INFO - France
[2022-07-13 06:00:09,170] {bash.py:173} INFO - 39457
[2022-07-13 06:00:09,170] {bash.py:173} INFO - Germany: CO2 433, mix [('coal', 20794, '39'), ('wind', 9533, '18'), ('gas', 8841, '17')]
[2022-07-13 06:00:09,170] {bash.py:173} INFO - France: CO2 101, mix [('nuclear', 26803, '68'), ('gas', 5797, '15'), ('hydro', 3123, '8')]
[2022-07-13 06:00:09,170] {bash.py:173} INFO - Norway
[2022-07-13 06:00:09,170] {bash.py:173} INFO - 12195
[2022-07-13 06:00:09,170] {bash.py:173} INFO - Sweden
[2022-07-13 06:00:09,170] {bash.py:173} INFO - 10909
[2022-07-13 06:00:09,170] {bash.py:173} INFO - Norway: CO2 40, mix [('hydro', 10574, '87'), ('wind', 1081, '9'), ('gas', 328, '3')]
[2022-07-13 06:00:09,170] {bash.py:173} INFO - Sweden: CO2 24, mix [('hydro', 5320, '49'), ('nuclear', 3840, '35'), ('wind', 1438, '13')]
[2022-07-13 06:00:09,214] {bash.py:177} INFO - Command exited with return code 0
[2022-07-13 06:00:09,233] {taskinstance.py:1159} INFO - Marking task as SUCCESS. dag_id=matchup, task_id=run_script, execution_date=20220713T000000, start_date=20220713T060005, end_date=20220713T060009
[2022-07-13 06:00:09,250] {taskinstance.py:1220} INFO - 0 downstream tasks scheduled from follow-on schedule check
[2022-07-13 06:00:09,285] {local_task_job.py:146} INFO - Task exited with return code 0
