[2022-06-22 00:00:03,879] {taskinstance.py:851} INFO - Dependencies all met for <TaskInstance: matchup.run_script 2022-06-21T18:00:00+00:00 [queued]>
[2022-06-22 00:00:03,887] {taskinstance.py:851} INFO - Dependencies all met for <TaskInstance: matchup.run_script 2022-06-21T18:00:00+00:00 [queued]>
[2022-06-22 00:00:03,887] {taskinstance.py:1042} INFO - 
--------------------------------------------------------------------------------
[2022-06-22 00:00:03,887] {taskinstance.py:1043} INFO - Starting attempt 1 of 6
[2022-06-22 00:00:03,887] {taskinstance.py:1044} INFO - 
--------------------------------------------------------------------------------
[2022-06-22 00:00:03,896] {taskinstance.py:1063} INFO - Executing <Task(BashOperator): run_script> on 2022-06-21T18:00:00+00:00
[2022-06-22 00:00:03,898] {standard_task_runner.py:52} INFO - Started process 7929 to run task
[2022-06-22 00:00:03,901] {standard_task_runner.py:76} INFO - Running: ['airflow', 'tasks', 'run', 'matchup', 'run_script', '2022-06-21T18:00:00+00:00', '--job-id', '1415', '--pool', 'default_pool', '--raw', '--subdir', 'DAGS_FOLDER/matchup.py', '--cfg-path', '/tmp/tmpdyvz2cgj', '--error-file', '/tmp/tmp2dpvlfcu']
[2022-06-22 00:00:03,902] {standard_task_runner.py:77} INFO - Job 1415: Subtask run_script
[2022-06-22 00:00:03,923] {logging_mixin.py:104} INFO - Running <TaskInstance: matchup.run_script 2022-06-21T18:00:00+00:00 [running]> on host b5b34dd97903
[2022-06-22 00:00:03,953] {taskinstance.py:1255} INFO - Exporting the following env vars:
AIRFLOW_CTX_DAG_EMAIL=r.chesne@gmail.com
AIRFLOW_CTX_DAG_OWNER=Robin
AIRFLOW_CTX_DAG_ID=matchup
AIRFLOW_CTX_TASK_ID=run_script
AIRFLOW_CTX_EXECUTION_DATE=2022-06-21T18:00:00+00:00
AIRFLOW_CTX_DAG_RUN_ID=scheduled__2022-06-21T18:00:00+00:00
[2022-06-22 00:00:03,953] {bash.py:135} INFO - Tmp dir root location: 
 /tmp
[2022-06-22 00:00:03,954] {bash.py:158} INFO - Running command: python /app/scripts/main.py
[2022-06-22 00:00:03,960] {bash.py:169} INFO - Output:
[2022-06-22 00:00:07,562] {bash.py:173} INFO - Spain
[2022-06-22 00:00:07,562] {bash.py:173} INFO - 30612
[2022-06-22 00:00:07,562] {bash.py:173} INFO - Portugal
[2022-06-22 00:00:07,562] {bash.py:173} INFO - 3692
[2022-06-22 00:00:07,562] {bash.py:173} INFO - Spain: CO2 278, mix [('gas', 14468, '47'), ('nuclear', 6559, '21'), ('wind', 5767, '19')]
[2022-06-22 00:00:07,562] {bash.py:173} INFO - Portugal: CO2 368, mix [('gas', 2568, '70'), ('wind', 701, '19'), ('biomass', 356, '10')]
[2022-06-22 00:00:07,562] {bash.py:173} INFO - Norway
[2022-06-22 00:00:07,562] {bash.py:173} INFO - 10949
[2022-06-22 00:00:07,562] {bash.py:173} INFO - Sweden
[2022-06-22 00:00:07,562] {bash.py:173} INFO - 10500
[2022-06-22 00:00:07,562] {bash.py:173} INFO - Norway: CO2 31, mix [('hydro', 9993, '91'), ('wind', 712, '7'), ('gas', 116, '1')]
[2022-06-22 00:00:07,563] {bash.py:173} INFO - Sweden: CO2 25, mix [('hydro', 4653, '44'), ('nuclear', 3363, '32'), ('wind', 2147, '20')]
[2022-06-22 00:00:07,563] {bash.py:173} INFO - France
[2022-06-22 00:00:07,563] {bash.py:173} INFO - 40253
[2022-06-22 00:00:07,563] {bash.py:173} INFO - Germany
[2022-06-22 00:00:07,563] {bash.py:173} INFO - 47361
[2022-06-22 00:00:07,563] {bash.py:173} INFO - France: CO2 63, mix [('nuclear', 28027, '70'), ('hydro', 3847, '10'), ('wind', 3694, '9')]
[2022-06-22 00:00:07,563] {bash.py:173} INFO - Germany: CO2 491, mix [('coal', 20633, '44'), ('gas', 9597, '20'), ('wind', 4933, '10')]
[2022-06-22 00:00:07,590] {bash.py:177} INFO - Command exited with return code 0
[2022-06-22 00:00:07,599] {taskinstance.py:1159} INFO - Marking task as SUCCESS. dag_id=matchup, task_id=run_script, execution_date=20220621T180000, start_date=20220622T000003, end_date=20220622T000007
[2022-06-22 00:00:07,611] {taskinstance.py:1220} INFO - 0 downstream tasks scheduled from follow-on schedule check
[2022-06-22 00:00:07,647] {local_task_job.py:146} INFO - Task exited with return code 0
