[2022-07-09 00:00:04,961] {taskinstance.py:851} INFO - Dependencies all met for <TaskInstance: matchup.run_script 2022-07-08T18:00:00+00:00 [queued]>
[2022-07-09 00:00:04,969] {taskinstance.py:851} INFO - Dependencies all met for <TaskInstance: matchup.run_script 2022-07-08T18:00:00+00:00 [queued]>
[2022-07-09 00:00:04,969] {taskinstance.py:1042} INFO - 
--------------------------------------------------------------------------------
[2022-07-09 00:00:04,969] {taskinstance.py:1043} INFO - Starting attempt 1 of 6
[2022-07-09 00:00:04,969] {taskinstance.py:1044} INFO - 
--------------------------------------------------------------------------------
[2022-07-09 00:00:04,978] {taskinstance.py:1063} INFO - Executing <Task(BashOperator): run_script> on 2022-07-08T18:00:00+00:00
[2022-07-09 00:00:04,981] {standard_task_runner.py:52} INFO - Started process 16236 to run task
[2022-07-09 00:00:04,986] {standard_task_runner.py:76} INFO - Running: ['airflow', 'tasks', 'run', 'matchup', 'run_script', '2022-07-08T18:00:00+00:00', '--job-id', '1544', '--pool', 'default_pool', '--raw', '--subdir', 'DAGS_FOLDER/matchup.py', '--cfg-path', '/tmp/tmp52fboc49', '--error-file', '/tmp/tmpfbjkd_9z']
[2022-07-09 00:00:04,987] {standard_task_runner.py:77} INFO - Job 1544: Subtask run_script
[2022-07-09 00:00:05,018] {logging_mixin.py:104} INFO - Running <TaskInstance: matchup.run_script 2022-07-08T18:00:00+00:00 [running]> on host a41a09215c15
[2022-07-09 00:00:05,049] {taskinstance.py:1255} INFO - Exporting the following env vars:
AIRFLOW_CTX_DAG_EMAIL=r.chesne@gmail.com
AIRFLOW_CTX_DAG_OWNER=Robin
AIRFLOW_CTX_DAG_ID=matchup
AIRFLOW_CTX_TASK_ID=run_script
AIRFLOW_CTX_EXECUTION_DATE=2022-07-08T18:00:00+00:00
AIRFLOW_CTX_DAG_RUN_ID=scheduled__2022-07-08T18:00:00+00:00
[2022-07-09 00:00:05,050] {bash.py:135} INFO - Tmp dir root location: 
 /tmp
[2022-07-09 00:00:05,050] {bash.py:158} INFO - Running command: python /app/scripts/main.py
[2022-07-09 00:00:05,055] {bash.py:169} INFO - Output:
[2022-07-09 00:00:08,582] {bash.py:173} INFO - Portugal
[2022-07-09 00:00:08,582] {bash.py:173} INFO - 4936
[2022-07-09 00:00:08,583] {bash.py:173} INFO - Spain
[2022-07-09 00:00:08,583] {bash.py:173} INFO - 31523
[2022-07-09 00:00:08,583] {bash.py:173} INFO - Portugal: CO2 267, mix [('gas', 2306, '47'), ('wind', 1542, '31'), ('biomass', 393, '8')]
[2022-07-09 00:00:08,583] {bash.py:173} INFO - Spain: CO2 198, mix [('wind', 10205, '32'), ('gas', 9608, '30'), ('nuclear', 6918, '22')]
[2022-07-09 00:00:08,583] {bash.py:173} INFO - UK
[2022-07-09 00:00:08,583] {bash.py:173} INFO - 26829
[2022-07-09 00:00:08,583] {bash.py:173} INFO - France
[2022-07-09 00:00:08,583] {bash.py:173} INFO - 40580
[2022-07-09 00:00:08,583] {bash.py:173} INFO - UK: CO2 230, mix [('gas', 10487, '39'), ('wind', 7415, '28'), ('nuclear', 5205, '19')]
[2022-07-09 00:00:08,583] {bash.py:173} INFO - France: CO2 71, mix [('nuclear', 26295, '65'), ('hydro', 5116, '13'), ('gas', 3802, '9')]
[2022-07-09 00:00:08,583] {bash.py:173} INFO - Sweden
[2022-07-09 00:00:08,583] {bash.py:173} INFO - 11165
[2022-07-09 00:00:08,584] {bash.py:173} INFO - Denmark
[2022-07-09 00:00:08,584] {bash.py:173} INFO - 2079
[2022-07-09 00:00:08,584] {bash.py:173} INFO - Sweden: CO2 21, mix [('hydro', 4308, '39'), ('nuclear', 3995, '36'), ('wind', 2617, '23')]
[2022-07-09 00:00:08,584] {bash.py:173} INFO - Denmark: CO2 100, mix [('wind', 1115, '54'), ('hydro', 315, '15'), ('nuclear', 292, '14')]
[2022-07-09 00:00:08,685] {bash.py:177} INFO - Command exited with return code 0
[2022-07-09 00:00:08,715] {taskinstance.py:1159} INFO - Marking task as SUCCESS. dag_id=matchup, task_id=run_script, execution_date=20220708T180000, start_date=20220709T000004, end_date=20220709T000008
[2022-07-09 00:00:08,737] {taskinstance.py:1220} INFO - 0 downstream tasks scheduled from follow-on schedule check
[2022-07-09 00:00:08,773] {local_task_job.py:146} INFO - Task exited with return code 0
