[2022-02-24 12:00:05,292] {taskinstance.py:851} INFO - Dependencies all met for <TaskInstance: matchup.run_script 2022-02-24T06:00:00+00:00 [queued]>
[2022-02-24 12:00:05,301] {taskinstance.py:851} INFO - Dependencies all met for <TaskInstance: matchup.run_script 2022-02-24T06:00:00+00:00 [queued]>
[2022-02-24 12:00:05,301] {taskinstance.py:1042} INFO - 
--------------------------------------------------------------------------------
[2022-02-24 12:00:05,301] {taskinstance.py:1043} INFO - Starting attempt 1 of 6
[2022-02-24 12:00:05,301] {taskinstance.py:1044} INFO - 
--------------------------------------------------------------------------------
[2022-02-24 12:00:05,313] {taskinstance.py:1063} INFO - Executing <Task(BashOperator): run_script> on 2022-02-24T06:00:00+00:00
[2022-02-24 12:00:05,318] {standard_task_runner.py:52} INFO - Started process 84902 to run task
[2022-02-24 12:00:05,325] {standard_task_runner.py:76} INFO - Running: ['airflow', 'tasks', 'run', 'matchup', 'run_script', '2022-02-24T06:00:00+00:00', '--job-id', '70', '--pool', 'default_pool', '--raw', '--subdir', 'DAGS_FOLDER/matchup.py', '--cfg-path', '/tmp/tmp0ofpwpna', '--error-file', '/tmp/tmpxlde2no4']
[2022-02-24 12:00:05,325] {standard_task_runner.py:77} INFO - Job 70: Subtask run_script
[2022-02-24 12:00:05,358] {logging_mixin.py:104} INFO - Running <TaskInstance: matchup.run_script 2022-02-24T06:00:00+00:00 [running]> on host 531edfb863fc
[2022-02-24 12:00:05,382] {taskinstance.py:1255} INFO - Exporting the following env vars:
AIRFLOW_CTX_DAG_EMAIL=r.chesne@gmail.com
AIRFLOW_CTX_DAG_OWNER=Robin
AIRFLOW_CTX_DAG_ID=matchup
AIRFLOW_CTX_TASK_ID=run_script
AIRFLOW_CTX_EXECUTION_DATE=2022-02-24T06:00:00+00:00
AIRFLOW_CTX_DAG_RUN_ID=scheduled__2022-02-24T06:00:00+00:00
[2022-02-24 12:00:05,382] {bash.py:135} INFO - Tmp dir root location: 
 /tmp
[2022-02-24 12:00:05,383] {bash.py:158} INFO - Running command: python /app/scripts/main.py
[2022-02-24 12:00:05,391] {bash.py:169} INFO - Output:
[2022-02-24 12:00:14,103] {bash.py:173} INFO - Italy: CO2 343, mix [('gas', 16897, '48'), ('solar', 7594, '22'), ('coal', 2874, '8')]
[2022-02-24 12:00:14,103] {bash.py:173} INFO - Portugal: CO2 262, mix [('gas', 2496, '44'), ('hydro_discharge', 1029, '18'), ('hydro', 907, '16')]
[2022-02-24 12:00:14,103] {bash.py:173} INFO - Finland: CO2 154, mix [('nuclear', 2799, '29'), ('wind', 2757, '28'), ('hydro', 1937, '20')]
[2022-02-24 12:00:14,103] {bash.py:173} INFO - Sweden: CO2 40, mix [('hydro', 9006, '37'), ('wind', 7599, '31'), ('nuclear', 5591, '23')]
[2022-02-24 12:00:14,103] {bash.py:173} INFO - France: CO2 62, mix [('nuclear', 43331, '62'), ('wind', 10046, '14'), ('hydro', 5980, '9')]
[2022-02-24 12:00:14,103] {bash.py:173} INFO - Germany: CO2 283, mix [('wind', 25640, '33'), ('coal', 20043, '26'), ('solar', 14366, '19')]
[2022-02-24 12:00:14,166] {bash.py:177} INFO - Command exited with return code 0
[2022-02-24 12:00:14,189] {taskinstance.py:1159} INFO - Marking task as SUCCESS. dag_id=matchup, task_id=run_script, execution_date=20220224T060000, start_date=20220224T120005, end_date=20220224T120014
[2022-02-24 12:00:14,207] {taskinstance.py:1220} INFO - 0 downstream tasks scheduled from follow-on schedule check
[2022-02-24 12:00:14,220] {local_task_job.py:146} INFO - Task exited with return code 0
