[2022-06-23 06:00:03,972] {taskinstance.py:851} INFO - Dependencies all met for <TaskInstance: matchup.run_script 2022-06-23T00:00:00+00:00 [queued]>
[2022-06-23 06:00:03,980] {taskinstance.py:851} INFO - Dependencies all met for <TaskInstance: matchup.run_script 2022-06-23T00:00:00+00:00 [queued]>
[2022-06-23 06:00:03,980] {taskinstance.py:1042} INFO - 
--------------------------------------------------------------------------------
[2022-06-23 06:00:03,980] {taskinstance.py:1043} INFO - Starting attempt 1 of 6
[2022-06-23 06:00:03,980] {taskinstance.py:1044} INFO - 
--------------------------------------------------------------------------------
[2022-06-23 06:00:03,985] {taskinstance.py:1063} INFO - Executing <Task(BashOperator): run_script> on 2022-06-23T00:00:00+00:00
[2022-06-23 06:00:03,988] {standard_task_runner.py:52} INFO - Started process 25735 to run task
[2022-06-23 06:00:03,991] {standard_task_runner.py:76} INFO - Running: ['airflow', 'tasks', 'run', 'matchup', 'run_script', '2022-06-23T00:00:00+00:00', '--job-id', '1425', '--pool', 'default_pool', '--raw', '--subdir', 'DAGS_FOLDER/matchup.py', '--cfg-path', '/tmp/tmpmhg2iknm', '--error-file', '/tmp/tmp481hz3jr']
[2022-06-23 06:00:03,991] {standard_task_runner.py:77} INFO - Job 1425: Subtask run_script
[2022-06-23 06:00:04,017] {logging_mixin.py:104} INFO - Running <TaskInstance: matchup.run_script 2022-06-23T00:00:00+00:00 [running]> on host b5b34dd97903
[2022-06-23 06:00:04,040] {taskinstance.py:1255} INFO - Exporting the following env vars:
AIRFLOW_CTX_DAG_EMAIL=r.chesne@gmail.com
AIRFLOW_CTX_DAG_OWNER=Robin
AIRFLOW_CTX_DAG_ID=matchup
AIRFLOW_CTX_TASK_ID=run_script
AIRFLOW_CTX_EXECUTION_DATE=2022-06-23T00:00:00+00:00
AIRFLOW_CTX_DAG_RUN_ID=scheduled__2022-06-23T00:00:00+00:00
[2022-06-23 06:00:04,041] {bash.py:135} INFO - Tmp dir root location: 
 /tmp
[2022-06-23 06:00:04,041] {bash.py:158} INFO - Running command: python /app/scripts/main.py
[2022-06-23 06:00:04,046] {bash.py:169} INFO - Output:
[2022-06-23 06:00:08,471] {bash.py:173} INFO - Italy
[2022-06-23 06:00:08,471] {bash.py:173} INFO - 27152
[2022-06-23 06:00:08,471] {bash.py:173} INFO - Portugal
[2022-06-23 06:00:08,471] {bash.py:173} INFO - 3029
[2022-06-23 06:00:08,471] {bash.py:173} INFO - Italy: CO2 400, mix [('gas', 14144, '52'), ('hydro', 4444, '16'), ('coal', 2582, '10')]
[2022-06-23 06:00:08,471] {bash.py:173} INFO - Portugal: CO2 407, mix [('gas', 2335, '77'), ('biomass', 338, '11'), ('wind', 295, '10')]
[2022-06-23 06:00:08,471] {bash.py:173} INFO - Norway
[2022-06-23 06:00:08,471] {bash.py:173} INFO - 12544
[2022-06-23 06:00:08,471] {bash.py:173} INFO - Sweden
[2022-06-23 06:00:08,471] {bash.py:173} INFO - 11236
[2022-06-23 06:00:08,471] {bash.py:173} INFO - Norway: CO2 36, mix [('hydro', 11500, '92'), ('wind', 637, '5'), ('gas', 239, '2')]
[2022-06-23 06:00:08,471] {bash.py:173} INFO - Sweden: CO2 27, mix [('hydro', 5939, '53'), ('nuclear', 3409, '30'), ('wind', 1425, '13')]
[2022-06-23 06:00:08,471] {bash.py:173} INFO - UK
[2022-06-23 06:00:08,471] {bash.py:173} INFO - 19662
[2022-06-23 06:00:08,471] {bash.py:173} INFO - Hungary
[2022-06-23 06:00:08,472] {bash.py:173} INFO - 3252
[2022-06-23 06:00:08,472] {bash.py:173} INFO - UK: CO2 273, mix [('gas', 9883, '50'), ('nuclear', 4866, '25'), ('wind', 3191, '16')]
[2022-06-23 06:00:08,472] {bash.py:173} INFO - Hungary: CO2 252, mix [('nuclear', 1554, '48'), ('gas', 801, '25'), ('coal', 389, '12')]
[2022-06-23 06:00:08,498] {bash.py:177} INFO - Command exited with return code 0
[2022-06-23 06:00:08,507] {taskinstance.py:1159} INFO - Marking task as SUCCESS. dag_id=matchup, task_id=run_script, execution_date=20220623T000000, start_date=20220623T060003, end_date=20220623T060008
[2022-06-23 06:00:08,520] {taskinstance.py:1220} INFO - 0 downstream tasks scheduled from follow-on schedule check
[2022-06-23 06:00:08,542] {local_task_job.py:146} INFO - Task exited with return code 0
