[2022-03-17 12:01:09,716] {taskinstance.py:851} INFO - Dependencies all met for <TaskInstance: matchup.run_script 2022-03-17T06:00:00+00:00 [queued]>
[2022-03-17 12:01:09,720] {taskinstance.py:851} INFO - Dependencies all met for <TaskInstance: matchup.run_script 2022-03-17T06:00:00+00:00 [queued]>
[2022-03-17 12:01:09,720] {taskinstance.py:1042} INFO - 
--------------------------------------------------------------------------------
[2022-03-17 12:01:09,720] {taskinstance.py:1043} INFO - Starting attempt 2 of 6
[2022-03-17 12:01:09,720] {taskinstance.py:1044} INFO - 
--------------------------------------------------------------------------------
[2022-03-17 12:01:09,727] {taskinstance.py:1063} INFO - Executing <Task(BashOperator): run_script> on 2022-03-17T06:00:00+00:00
[2022-03-17 12:01:09,732] {standard_task_runner.py:52} INFO - Started process 383092 to run task
[2022-03-17 12:01:09,741] {standard_task_runner.py:76} INFO - Running: ['airflow', 'tasks', 'run', 'matchup', 'run_script', '2022-03-17T06:00:00+00:00', '--job-id', '356', '--pool', 'default_pool', '--raw', '--subdir', 'DAGS_FOLDER/matchup.py', '--cfg-path', '/tmp/tmp9l4k8ud3', '--error-file', '/tmp/tmpzglowd11']
[2022-03-17 12:01:09,742] {standard_task_runner.py:77} INFO - Job 356: Subtask run_script
[2022-03-17 12:01:09,776] {logging_mixin.py:104} INFO - Running <TaskInstance: matchup.run_script 2022-03-17T06:00:00+00:00 [running]> on host 531edfb863fc
[2022-03-17 12:01:09,794] {taskinstance.py:1255} INFO - Exporting the following env vars:
AIRFLOW_CTX_DAG_EMAIL=r.chesne@gmail.com
AIRFLOW_CTX_DAG_OWNER=Robin
AIRFLOW_CTX_DAG_ID=matchup
AIRFLOW_CTX_TASK_ID=run_script
AIRFLOW_CTX_EXECUTION_DATE=2022-03-17T06:00:00+00:00
AIRFLOW_CTX_DAG_RUN_ID=scheduled__2022-03-17T06:00:00+00:00
[2022-03-17 12:01:09,794] {bash.py:135} INFO - Tmp dir root location: 
 /tmp
[2022-03-17 12:01:09,795] {bash.py:158} INFO - Running command: python /app/scripts/main.py
[2022-03-17 12:01:09,803] {bash.py:169} INFO - Output:
[2022-03-17 12:01:13,476] {bash.py:173} INFO - Italy
[2022-03-17 12:01:13,477] {bash.py:173} INFO - 42085
[2022-03-17 12:01:13,477] {bash.py:173} INFO - Portugal
[2022-03-17 12:01:13,477] {bash.py:173} INFO - 6491
[2022-03-17 12:01:13,477] {bash.py:173} INFO - Italy: CO2 358, mix [('gas', 20440, '49'), ('solar', 5136, '12'), ('coal', 3171, '8')]
[2022-03-17 12:01:13,477] {bash.py:173} INFO - Portugal: CO2 132, mix [('wind', 2694, '42'), ('gas', 1130, '17'), ('hydro', 1043, '16')]
[2022-03-17 12:01:13,477] {bash.py:173} INFO - Denmark
[2022-03-17 12:01:13,477] {bash.py:173} INFO - 5384
[2022-03-17 12:01:13,477] {bash.py:173} INFO - Sweden
[2022-03-17 12:01:13,477] {bash.py:173} INFO - 18710
[2022-03-17 12:01:13,477] {bash.py:173} INFO - Denmark: CO2 122, mix [('wind', 3510, '65'), ('biomass', 618, '11'), ('coal', 437, '8')]
[2022-03-17 12:01:13,477] {bash.py:173} INFO - Sweden: CO2 40, mix [('hydro', 6894, '37'), ('nuclear', 5864, '31'), ('wind', 4272, '23')]
[2022-03-17 12:01:13,478] {bash.py:173} INFO - Traceback (most recent call last):
[2022-03-17 12:01:13,478] {bash.py:173} INFO -   File "/app/scripts/main.py", line 241, in <module>
[2022-03-17 12:01:13,478] {bash.py:173} INFO -     get_matchups()
[2022-03-17 12:01:13,478] {bash.py:173} INFO -   File "/app/scripts/main.py", line 51, in get_matchups
[2022-03-17 12:01:13,478] {bash.py:173} INFO -     get_data(division, country1, country2)
[2022-03-17 12:01:13,478] {bash.py:173} INFO -   File "/app/scripts/main.py", line 199, in get_data
[2022-03-17 12:01:13,478] {bash.py:173} INFO -     co2_country2 = get_co2(country2)
[2022-03-17 12:01:13,478] {bash.py:173} INFO -   File "/app/scripts/main.py", line 73, in get_co2
[2022-03-17 12:01:13,478] {bash.py:173} INFO -     country_consumption_total = get_total_consumption(country)
[2022-03-17 12:01:13,478] {bash.py:173} INFO -   File "/app/scripts/main.py", line 66, in get_total_consumption
[2022-03-17 12:01:13,478] {bash.py:173} INFO -     country_consumption_total.append(sum(res.get('powerConsumptionBreakdown').values()))
[2022-03-17 12:01:13,478] {bash.py:173} INFO - AttributeError: 'NoneType' object has no attribute 'values'
[2022-03-17 12:01:13,515] {bash.py:177} INFO - Command exited with return code 1
[2022-03-17 12:01:13,524] {taskinstance.py:1455} ERROR - Bash command failed. The command returned a non-zero exit code.
Traceback (most recent call last):
  File "/app/env/lib/python3.8/site-packages/airflow/models/taskinstance.py", line 1112, in _run_raw_task
    self._prepare_and_execute_task_with_callbacks(context, task)
  File "/app/env/lib/python3.8/site-packages/airflow/models/taskinstance.py", line 1285, in _prepare_and_execute_task_with_callbacks
    result = self._execute_task(context, task_copy)
  File "/app/env/lib/python3.8/site-packages/airflow/models/taskinstance.py", line 1315, in _execute_task
    result = task_copy.execute(context=context)
  File "/app/env/lib/python3.8/site-packages/airflow/operators/bash.py", line 180, in execute
    raise AirflowException('Bash command failed. The command returned a non-zero exit code.')
airflow.exceptions.AirflowException: Bash command failed. The command returned a non-zero exit code.
[2022-03-17 12:01:13,526] {taskinstance.py:1496} INFO - Marking task as UP_FOR_RETRY. dag_id=matchup, task_id=run_script, execution_date=20220317T060000, start_date=20220317T120109, end_date=20220317T120113
[2022-03-17 12:01:13,565] {local_task_job.py:146} INFO - Task exited with return code 1
