[2022-04-22 12:00:02,299] {taskinstance.py:851} INFO - Dependencies all met for <TaskInstance: matchup.enter_virtual_env 2022-04-22T06:00:00+00:00 [queued]>
[2022-04-22 12:00:02,305] {taskinstance.py:851} INFO - Dependencies all met for <TaskInstance: matchup.enter_virtual_env 2022-04-22T06:00:00+00:00 [queued]>
[2022-04-22 12:00:02,305] {taskinstance.py:1042} INFO - 
--------------------------------------------------------------------------------
[2022-04-22 12:00:02,305] {taskinstance.py:1043} INFO - Starting attempt 1 of 2
[2022-04-22 12:00:02,305] {taskinstance.py:1044} INFO - 
--------------------------------------------------------------------------------
[2022-04-22 12:00:02,313] {taskinstance.py:1063} INFO - Executing <Task(BashOperator): enter_virtual_env> on 2022-04-22T06:00:00+00:00
[2022-04-22 12:00:02,317] {standard_task_runner.py:52} INFO - Started process 271152 to run task
[2022-04-22 12:00:02,321] {standard_task_runner.py:76} INFO - Running: ['airflow', 'tasks', 'run', 'matchup', 'enter_virtual_env', '2022-04-22T06:00:00+00:00', '--job-id', '246', '--pool', 'default_pool', '--raw', '--subdir', 'DAGS_FOLDER/matchup.py', '--cfg-path', '/tmp/tmphw7gmzx1', '--error-file', '/tmp/tmpxspsfpol']
[2022-04-22 12:00:02,322] {standard_task_runner.py:77} INFO - Job 246: Subtask enter_virtual_env
[2022-04-22 12:00:02,347] {logging_mixin.py:104} INFO - Running <TaskInstance: matchup.enter_virtual_env 2022-04-22T06:00:00+00:00 [running]> on host 193e33218975
[2022-04-22 12:00:02,373] {taskinstance.py:1255} INFO - Exporting the following env vars:
AIRFLOW_CTX_DAG_EMAIL=r.chesne@gmail.com
AIRFLOW_CTX_DAG_OWNER=Robin
AIRFLOW_CTX_DAG_ID=matchup
AIRFLOW_CTX_TASK_ID=enter_virtual_env
AIRFLOW_CTX_EXECUTION_DATE=2022-04-22T06:00:00+00:00
AIRFLOW_CTX_DAG_RUN_ID=scheduled__2022-04-22T06:00:00+00:00
[2022-04-22 12:00:02,373] {bash.py:135} INFO - Tmp dir root location: 
 /tmp
[2022-04-22 12:00:02,374] {bash.py:158} INFO - Running command: . /app/env/bin/activate
[2022-04-22 12:00:02,381] {bash.py:169} INFO - Output:
[2022-04-22 12:00:02,386] {bash.py:177} INFO - Command exited with return code 0
[2022-04-22 12:00:02,402] {taskinstance.py:1159} INFO - Marking task as SUCCESS. dag_id=matchup, task_id=enter_virtual_env, execution_date=20220422T060000, start_date=20220422T120002, end_date=20220422T120002
[2022-04-22 12:00:02,427] {taskinstance.py:1220} INFO - 1 downstream tasks scheduled from follow-on schedule check
[2022-04-22 12:00:02,453] {local_task_job.py:146} INFO - Task exited with return code 0
