[2022-02-23 00:00:04,612] {taskinstance.py:851} INFO - Dependencies all met for <TaskInstance: matchup.run_script 2022-02-22T18:00:00+00:00 [queued]>
[2022-02-23 00:00:04,617] {taskinstance.py:851} INFO - Dependencies all met for <TaskInstance: matchup.run_script 2022-02-22T18:00:00+00:00 [queued]>
[2022-02-23 00:00:04,617] {taskinstance.py:1042} INFO - 
--------------------------------------------------------------------------------
[2022-02-23 00:00:04,617] {taskinstance.py:1043} INFO - Starting attempt 1 of 6
[2022-02-23 00:00:04,617] {taskinstance.py:1044} INFO - 
--------------------------------------------------------------------------------
[2022-02-23 00:00:04,624] {taskinstance.py:1063} INFO - Executing <Task(BashOperator): run_script> on 2022-02-22T18:00:00+00:00
[2022-02-23 00:00:04,628] {standard_task_runner.py:52} INFO - Started process 63625 to run task
[2022-02-23 00:00:04,634] {standard_task_runner.py:76} INFO - Running: ['airflow', 'tasks', 'run', 'matchup', 'run_script', '2022-02-22T18:00:00+00:00', '--job-id', '58', '--pool', 'default_pool', '--raw', '--subdir', 'DAGS_FOLDER/matchup.py', '--cfg-path', '/tmp/tmp22crzh7e', '--error-file', '/tmp/tmppl9r2ii4']
[2022-02-23 00:00:04,634] {standard_task_runner.py:77} INFO - Job 58: Subtask run_script
[2022-02-23 00:00:04,661] {logging_mixin.py:104} INFO - Running <TaskInstance: matchup.run_script 2022-02-22T18:00:00+00:00 [running]> on host 531edfb863fc
[2022-02-23 00:00:04,682] {taskinstance.py:1255} INFO - Exporting the following env vars:
AIRFLOW_CTX_DAG_EMAIL=r.chesne@gmail.com
AIRFLOW_CTX_DAG_OWNER=Robin
AIRFLOW_CTX_DAG_ID=matchup
AIRFLOW_CTX_TASK_ID=run_script
AIRFLOW_CTX_EXECUTION_DATE=2022-02-22T18:00:00+00:00
AIRFLOW_CTX_DAG_RUN_ID=scheduled__2022-02-22T18:00:00+00:00
[2022-02-23 00:00:04,682] {bash.py:135} INFO - Tmp dir root location: 
 /tmp
[2022-02-23 00:00:04,683] {bash.py:158} INFO - Running command: python /app/scripts/main.py
[2022-02-23 00:00:04,691] {bash.py:169} INFO - Output:
[2022-02-23 00:00:08,228] {bash.py:173} INFO - ---
[2022-02-23 00:00:08,229] {bash.py:173} INFO - sending...
[2022-02-23 00:00:08,229] {bash.py:173} INFO - Southern Europe Portugal Spain
[2022-02-23 00:00:08,229] {bash.py:173} INFO - ---
[2022-02-23 00:00:08,229] {bash.py:173} INFO - Portugal: CO2 214, mix [('wind', 1539, '42'), ('gas', 1410, '38'), ('biomass', 400, '11')]
[2022-02-23 00:00:08,229] {bash.py:173} INFO - Spain: CO2 197, mix [('gas', 10248, '33'), ('wind', 7980, '26'), ('nuclear', 7103, '23')]
[2022-02-23 00:00:08,229] {bash.py:173} INFO - ---
[2022-02-23 00:00:08,229] {bash.py:173} INFO - sending...
[2022-02-23 00:00:08,229] {bash.py:173} INFO - Northern Europe Sweden Norway
[2022-02-23 00:00:08,229] {bash.py:173} INFO - ---
[2022-02-23 00:00:08,229] {bash.py:173} INFO - Sweden: CO2 57, mix [('hydro', 11399, '52'), ('nuclear', 5584, '26'), ('wind', 2714, '12')]
[2022-02-23 00:00:08,229] {bash.py:173} INFO - Norway: CO2 41, mix [('hydro', 16385, '84'), ('wind', 2474, '13'), ('hydro_discharge', 379, '2')]
[2022-02-23 00:00:08,230] {bash.py:173} INFO - ---
[2022-02-23 00:00:08,230] {bash.py:173} INFO - sending...
[2022-02-23 00:00:08,230] {bash.py:173} INFO - Central Europe France Germany
[2022-02-23 00:00:08,230] {bash.py:173} INFO - ---
[2022-02-23 00:00:08,230] {bash.py:173} INFO - France: CO2 85, mix [('nuclear', 43710, '65'), ('hydro', 6725, '10'), ('wind', 6557, '10')]
[2022-02-23 00:00:08,230] {bash.py:173} INFO - Germany: CO2 224, mix [('wind', 43228, '59'), ('coal', 14998, '20'), ('biomass', 5272, '7')]
[2022-02-23 00:00:08,271] {bash.py:177} INFO - Command exited with return code 0
[2022-02-23 00:00:08,291] {taskinstance.py:1159} INFO - Marking task as SUCCESS. dag_id=matchup, task_id=run_script, execution_date=20220222T180000, start_date=20220223T000004, end_date=20220223T000008
[2022-02-23 00:00:08,308] {taskinstance.py:1220} INFO - 0 downstream tasks scheduled from follow-on schedule check
[2022-02-23 00:00:08,342] {local_task_job.py:146} INFO - Task exited with return code 0
