[2022-04-29 00:00:03,792] {taskinstance.py:851} INFO - Dependencies all met for <TaskInstance: matchup.run_script 2022-04-28T18:00:00+00:00 [queued]>
[2022-04-29 00:00:03,796] {taskinstance.py:851} INFO - Dependencies all met for <TaskInstance: matchup.run_script 2022-04-28T18:00:00+00:00 [queued]>
[2022-04-29 00:00:03,796] {taskinstance.py:1042} INFO - 
--------------------------------------------------------------------------------
[2022-04-29 00:00:03,796] {taskinstance.py:1043} INFO - Starting attempt 1 of 6
[2022-04-29 00:00:03,796] {taskinstance.py:1044} INFO - 
--------------------------------------------------------------------------------
[2022-04-29 00:00:03,803] {taskinstance.py:1063} INFO - Executing <Task(BashOperator): run_script> on 2022-04-28T18:00:00+00:00
[2022-04-29 00:00:03,805] {standard_task_runner.py:52} INFO - Started process 363787 to run task
[2022-04-29 00:00:03,811] {standard_task_runner.py:76} INFO - Running: ['airflow', 'tasks', 'run', 'matchup', 'run_script', '2022-04-28T18:00:00+00:00', '--job-id', '321', '--pool', 'default_pool', '--raw', '--subdir', 'DAGS_FOLDER/matchup.py', '--cfg-path', '/tmp/tmpi5ceymlw', '--error-file', '/tmp/tmpef7n0cyt']
[2022-04-29 00:00:03,811] {standard_task_runner.py:77} INFO - Job 321: Subtask run_script
[2022-04-29 00:00:03,840] {logging_mixin.py:104} INFO - Running <TaskInstance: matchup.run_script 2022-04-28T18:00:00+00:00 [running]> on host 193e33218975
[2022-04-29 00:00:03,868] {taskinstance.py:1255} INFO - Exporting the following env vars:
AIRFLOW_CTX_DAG_EMAIL=r.chesne@gmail.com
AIRFLOW_CTX_DAG_OWNER=Robin
AIRFLOW_CTX_DAG_ID=matchup
AIRFLOW_CTX_TASK_ID=run_script
AIRFLOW_CTX_EXECUTION_DATE=2022-04-28T18:00:00+00:00
AIRFLOW_CTX_DAG_RUN_ID=scheduled__2022-04-28T18:00:00+00:00
[2022-04-29 00:00:03,868] {bash.py:135} INFO - Tmp dir root location: 
 /tmp
[2022-04-29 00:00:03,869] {bash.py:158} INFO - Running command: python /app/scripts/main.py
[2022-04-29 00:00:03,877] {bash.py:169} INFO - Output:
[2022-04-29 00:00:08,721] {bash.py:173} INFO - Italy
[2022-04-29 00:00:08,721] {bash.py:173} INFO - 22278
[2022-04-29 00:00:08,722] {bash.py:173} INFO - Spain
[2022-04-29 00:00:08,722] {bash.py:173} INFO - 25454
[2022-04-29 00:00:08,722] {bash.py:173} INFO - Italy: CO2 429, mix [('gas', 12822, '58'), ('wind', 2874, '13'), ('coal', 2185, '10')]
[2022-04-29 00:00:08,722] {bash.py:173} INFO - Spain: CO2 151, mix [('wind', 10961, '43'), ('nuclear', 5857, '23'), ('gas', 4907, '19')]
[2022-04-29 00:00:08,722] {bash.py:173} INFO - Norway
[2022-04-29 00:00:08,722] {bash.py:173} INFO - 12233
[2022-04-29 00:00:08,722] {bash.py:173} INFO - Finland
[2022-04-29 00:00:08,722] {bash.py:173} INFO - 8808
[2022-04-29 00:00:08,722] {bash.py:173} INFO - Norway: CO2 32, mix [('hydro', 10823, '88'), ('wind', 1062, '9'), ('hydro discharge', 113, '1')]
[2022-04-29 00:00:08,722] {bash.py:173} INFO - Finland: CO2 146, mix [('nuclear', 3628, '41'), ('wind', 1639, '19'), ('hydro', 1342, '15')]
[2022-04-29 00:00:08,722] {bash.py:173} INFO - UK
[2022-04-29 00:00:08,722] {bash.py:173} INFO - 22835
[2022-04-29 00:00:08,722] {bash.py:173} INFO - Germany
[2022-04-29 00:00:08,722] {bash.py:173} INFO - 57197
[2022-04-29 00:00:08,722] {bash.py:173} INFO - UK: CO2 142, mix [('wind', 10692, '47'), ('nuclear', 5170, '23'), ('gas', 4985, '22')]
[2022-04-29 00:00:08,722] {bash.py:173} INFO - Germany: CO2 246, mix [('wind', 30478, '53'), ('coal', 12753, '22'), ('biomass', 4716, '8')]
[2022-04-29 00:00:08,758] {bash.py:177} INFO - Command exited with return code 0
[2022-04-29 00:00:08,787] {taskinstance.py:1159} INFO - Marking task as SUCCESS. dag_id=matchup, task_id=run_script, execution_date=20220428T180000, start_date=20220429T000003, end_date=20220429T000008
[2022-04-29 00:00:08,804] {taskinstance.py:1220} INFO - 0 downstream tasks scheduled from follow-on schedule check
[2022-04-29 00:00:08,840] {local_task_job.py:146} INFO - Task exited with return code 0
