[2022-04-30 06:00:03,550] {taskinstance.py:851} INFO - Dependencies all met for <TaskInstance: matchup.run_script 2022-04-30T00:00:00+00:00 [queued]>
[2022-04-30 06:00:03,554] {taskinstance.py:851} INFO - Dependencies all met for <TaskInstance: matchup.run_script 2022-04-30T00:00:00+00:00 [queued]>
[2022-04-30 06:00:03,554] {taskinstance.py:1042} INFO - 
--------------------------------------------------------------------------------
[2022-04-30 06:00:03,554] {taskinstance.py:1043} INFO - Starting attempt 1 of 6
[2022-04-30 06:00:03,554] {taskinstance.py:1044} INFO - 
--------------------------------------------------------------------------------
[2022-04-30 06:00:03,561] {taskinstance.py:1063} INFO - Executing <Task(BashOperator): run_script> on 2022-04-30T00:00:00+00:00
[2022-04-30 06:00:03,564] {standard_task_runner.py:52} INFO - Started process 381571 to run task
[2022-04-30 06:00:03,570] {standard_task_runner.py:76} INFO - Running: ['airflow', 'tasks', 'run', 'matchup', 'run_script', '2022-04-30T00:00:00+00:00', '--job-id', '331', '--pool', 'default_pool', '--raw', '--subdir', 'DAGS_FOLDER/matchup.py', '--cfg-path', '/tmp/tmp4yy6f6fe', '--error-file', '/tmp/tmpprbsesmg']
[2022-04-30 06:00:03,570] {standard_task_runner.py:77} INFO - Job 331: Subtask run_script
[2022-04-30 06:00:03,596] {logging_mixin.py:104} INFO - Running <TaskInstance: matchup.run_script 2022-04-30T00:00:00+00:00 [running]> on host 193e33218975
[2022-04-30 06:00:03,621] {taskinstance.py:1255} INFO - Exporting the following env vars:
AIRFLOW_CTX_DAG_EMAIL=r.chesne@gmail.com
AIRFLOW_CTX_DAG_OWNER=Robin
AIRFLOW_CTX_DAG_ID=matchup
AIRFLOW_CTX_TASK_ID=run_script
AIRFLOW_CTX_EXECUTION_DATE=2022-04-30T00:00:00+00:00
AIRFLOW_CTX_DAG_RUN_ID=scheduled__2022-04-30T00:00:00+00:00
[2022-04-30 06:00:03,622] {bash.py:135} INFO - Tmp dir root location: 
 /tmp
[2022-04-30 06:00:03,622] {bash.py:158} INFO - Running command: python /app/scripts/main.py
[2022-04-30 06:00:03,630] {bash.py:169} INFO - Output:
[2022-04-30 06:00:07,201] {bash.py:173} INFO - Italy
[2022-04-30 06:00:07,201] {bash.py:173} INFO - 33922
[2022-04-30 06:00:07,201] {bash.py:173} INFO - Portugal
[2022-04-30 06:00:07,202] {bash.py:173} INFO - 4958
[2022-04-30 06:00:07,202] {bash.py:173} INFO - Italy: CO2 370, mix [('gas', 16896, '50'), ('hydro', 4092, '12'), ('wind', 3260, '10')]
[2022-04-30 06:00:07,202] {bash.py:173} INFO - Portugal: CO2 304, mix [('gas', 2690, '54'), ('hydro', 1490, '30'), ('biomass', 405, '8')]
[2022-04-30 06:00:07,202] {bash.py:173} INFO - Sweden
[2022-04-30 06:00:07,202] {bash.py:173} INFO - 17853
[2022-04-30 06:00:07,202] {bash.py:173} INFO - Finland
[2022-04-30 06:00:07,202] {bash.py:173} INFO - 10256
[2022-04-30 06:00:07,202] {bash.py:173} INFO - Sweden: CO2 40, mix [('hydro', 7245, '41'), ('nuclear', 5608, '31'), ('wind', 3451, '19')]
[2022-04-30 06:00:07,202] {bash.py:173} INFO - Finland: CO2 155, mix [('nuclear', 3620, '35'), ('hydro', 2618, '26'), ('wind', 1378, '13')]
[2022-04-30 06:00:07,202] {bash.py:173} INFO - Hungary
[2022-04-30 06:00:07,202] {bash.py:173} INFO - 3030
[2022-04-30 06:00:07,202] {bash.py:173} INFO - France
[2022-04-30 06:00:07,203] {bash.py:173} INFO - 57438
[2022-04-30 06:00:07,203] {bash.py:173} INFO - Hungary: CO2 191, mix [('nuclear', 1904, '63'), ('gas', 403, '13'), ('coal', 329, '11')]
[2022-04-30 06:00:07,203] {bash.py:173} INFO - France: CO2 84, mix [('nuclear', 31478, '55'), ('hydro', 8386, '15'), ('gas', 6757, '12')]
[2022-04-30 06:00:07,239] {bash.py:177} INFO - Command exited with return code 0
[2022-04-30 06:00:07,254] {taskinstance.py:1159} INFO - Marking task as SUCCESS. dag_id=matchup, task_id=run_script, execution_date=20220430T000000, start_date=20220430T060003, end_date=20220430T060007
[2022-04-30 06:00:07,267] {taskinstance.py:1220} INFO - 0 downstream tasks scheduled from follow-on schedule check
[2022-04-30 06:00:07,274] {local_task_job.py:146} INFO - Task exited with return code 0
