[2022-07-07 18:00:05,003] {taskinstance.py:851} INFO - Dependencies all met for <TaskInstance: matchup.run_script 2022-07-07T12:00:00+00:00 [queued]>
[2022-07-07 18:00:05,010] {taskinstance.py:851} INFO - Dependencies all met for <TaskInstance: matchup.run_script 2022-07-07T12:00:00+00:00 [queued]>
[2022-07-07 18:00:05,010] {taskinstance.py:1042} INFO - 
--------------------------------------------------------------------------------
[2022-07-07 18:00:05,010] {taskinstance.py:1043} INFO - Starting attempt 1 of 6
[2022-07-07 18:00:05,010] {taskinstance.py:1044} INFO - 
--------------------------------------------------------------------------------
[2022-07-07 18:00:05,019] {taskinstance.py:1063} INFO - Executing <Task(BashOperator): run_script> on 2022-07-07T12:00:00+00:00
[2022-07-07 18:00:05,022] {standard_task_runner.py:52} INFO - Started process 12575 to run task
[2022-07-07 18:00:05,028] {standard_task_runner.py:76} INFO - Running: ['airflow', 'tasks', 'run', 'matchup', 'run_script', '2022-07-07T12:00:00+00:00', '--job-id', '1534', '--pool', 'default_pool', '--raw', '--subdir', 'DAGS_FOLDER/matchup.py', '--cfg-path', '/tmp/tmp3i_dbcup', '--error-file', '/tmp/tmpe2llmo7h']
[2022-07-07 18:00:05,029] {standard_task_runner.py:77} INFO - Job 1534: Subtask run_script
[2022-07-07 18:00:05,063] {logging_mixin.py:104} INFO - Running <TaskInstance: matchup.run_script 2022-07-07T12:00:00+00:00 [running]> on host a41a09215c15
[2022-07-07 18:00:05,096] {taskinstance.py:1255} INFO - Exporting the following env vars:
AIRFLOW_CTX_DAG_EMAIL=r.chesne@gmail.com
AIRFLOW_CTX_DAG_OWNER=Robin
AIRFLOW_CTX_DAG_ID=matchup
AIRFLOW_CTX_TASK_ID=run_script
AIRFLOW_CTX_EXECUTION_DATE=2022-07-07T12:00:00+00:00
AIRFLOW_CTX_DAG_RUN_ID=scheduled__2022-07-07T12:00:00+00:00
[2022-07-07 18:00:05,096] {bash.py:135} INFO - Tmp dir root location: 
 /tmp
[2022-07-07 18:00:05,097] {bash.py:158} INFO - Running command: python /app/scripts/main.py
[2022-07-07 18:00:05,105] {bash.py:169} INFO - Output:
[2022-07-07 18:00:08,136] {bash.py:173} INFO - Greece
[2022-07-07 18:00:08,136] {bash.py:173} INFO - 7947
[2022-07-07 18:00:08,136] {bash.py:173} INFO - Spain
[2022-07-07 18:00:08,137] {bash.py:173} INFO - 36130
[2022-07-07 18:00:08,137] {bash.py:173} INFO - Greece: CO2 377, mix [('gas', 3853, '48'), ('wind', 1214, '15'), ('coal', 1118, '14')]
[2022-07-07 18:00:08,137] {bash.py:173} INFO - Spain: CO2 139, mix [('solar', 10178, '28'), ('wind', 9771, '27'), ('nuclear', 6663, '18')]
[2022-07-07 18:00:08,137] {bash.py:173} INFO - Germany
[2022-07-07 18:00:08,137] {bash.py:173} INFO - 62857
[2022-07-07 18:00:08,137] {bash.py:173} INFO - France
[2022-07-07 18:00:08,137] {bash.py:173} INFO - 51022
[2022-07-07 18:00:08,137] {bash.py:173} INFO - Germany: CO2 280, mix [('wind', 25424, '40'), ('coal', 17039, '27'), ('solar', 6103, '10')]
[2022-07-07 18:00:08,137] {bash.py:173} INFO - France: CO2 87, mix [('nuclear', 27424, '54'), ('gas', 5862, '11'), ('hydro', 5671, '11')]
[2022-07-07 18:00:08,137] {bash.py:173} INFO - Denmark
[2022-07-07 18:00:08,137] {bash.py:173} INFO - 4690
[2022-07-07 18:00:08,137] {bash.py:173} INFO - Finland
[2022-07-07 18:00:08,137] {bash.py:173} INFO - 7891
[2022-07-07 18:00:08,137] {bash.py:173} INFO - Denmark: CO2 119, mix [('wind', 2438, '52'), ('hydro', 600, '13'), ('nuclear', 479, '10')]
[2022-07-07 18:00:08,137] {bash.py:173} INFO - Finland: CO2 83, mix [('nuclear', 3083, '39'), ('hydro', 2357, '30'), ('wind', 1202, '15')]
[2022-07-07 18:00:08,177] {bash.py:177} INFO - Command exited with return code 0
[2022-07-07 18:00:08,196] {taskinstance.py:1159} INFO - Marking task as SUCCESS. dag_id=matchup, task_id=run_script, execution_date=20220707T120000, start_date=20220707T180005, end_date=20220707T180008
[2022-07-07 18:00:08,215] {taskinstance.py:1220} INFO - 0 downstream tasks scheduled from follow-on schedule check
[2022-07-07 18:00:08,250] {local_task_job.py:146} INFO - Task exited with return code 0
