[2022-04-18 06:00:03,173] {taskinstance.py:851} INFO - Dependencies all met for <TaskInstance: matchup.run_script 2022-04-18T00:00:00+00:00 [queued]>
[2022-04-18 06:00:03,178] {taskinstance.py:851} INFO - Dependencies all met for <TaskInstance: matchup.run_script 2022-04-18T00:00:00+00:00 [queued]>
[2022-04-18 06:00:03,178] {taskinstance.py:1042} INFO - 
--------------------------------------------------------------------------------
[2022-04-18 06:00:03,178] {taskinstance.py:1043} INFO - Starting attempt 1 of 6
[2022-04-18 06:00:03,178] {taskinstance.py:1044} INFO - 
--------------------------------------------------------------------------------
[2022-04-18 06:00:03,185] {taskinstance.py:1063} INFO - Executing <Task(BashOperator): run_script> on 2022-04-18T00:00:00+00:00
[2022-04-18 06:00:03,188] {standard_task_runner.py:52} INFO - Started process 210630 to run task
[2022-04-18 06:00:03,195] {standard_task_runner.py:76} INFO - Running: ['airflow', 'tasks', 'run', 'matchup', 'run_script', '2022-04-18T00:00:00+00:00', '--job-id', '204', '--pool', 'default_pool', '--raw', '--subdir', 'DAGS_FOLDER/matchup.py', '--cfg-path', '/tmp/tmp9k23l703', '--error-file', '/tmp/tmp6_lhoevr']
[2022-04-18 06:00:03,196] {standard_task_runner.py:77} INFO - Job 204: Subtask run_script
[2022-04-18 06:00:03,228] {logging_mixin.py:104} INFO - Running <TaskInstance: matchup.run_script 2022-04-18T00:00:00+00:00 [running]> on host 193e33218975
[2022-04-18 06:00:03,252] {taskinstance.py:1255} INFO - Exporting the following env vars:
AIRFLOW_CTX_DAG_EMAIL=r.chesne@gmail.com
AIRFLOW_CTX_DAG_OWNER=Robin
AIRFLOW_CTX_DAG_ID=matchup
AIRFLOW_CTX_TASK_ID=run_script
AIRFLOW_CTX_EXECUTION_DATE=2022-04-18T00:00:00+00:00
AIRFLOW_CTX_DAG_RUN_ID=scheduled__2022-04-18T00:00:00+00:00
[2022-04-18 06:00:03,252] {bash.py:135} INFO - Tmp dir root location: 
 /tmp
[2022-04-18 06:00:03,253] {bash.py:158} INFO - Running command: python /app/scripts/main.py
[2022-04-18 06:00:03,263] {bash.py:169} INFO - Output:
[2022-04-18 06:00:07,832] {bash.py:173} INFO - Italy
[2022-04-18 06:00:07,832] {bash.py:173} INFO - 18867
[2022-04-18 06:00:07,832] {bash.py:173} INFO - Spain
[2022-04-18 06:00:07,832] {bash.py:173} INFO - 18165
[2022-04-18 06:00:07,832] {bash.py:173} INFO - Italy: CO2 310, mix [('gas', 6416, '34'), ('wind', 5303, '28'), ('unknown', 2080, '11')]
[2022-04-18 06:00:07,832] {bash.py:173} INFO - Spain: CO2 147, mix [('wind', 6231, '34'), ('nuclear', 5559, '31'), ('gas', 3414, '19')]
[2022-04-18 06:00:07,832] {bash.py:173} INFO - Finland
[2022-04-18 06:00:07,832] {bash.py:173} INFO - 7776
[2022-04-18 06:00:07,832] {bash.py:173} INFO - Norway
[2022-04-18 06:00:07,832] {bash.py:173} INFO - 14238
[2022-04-18 06:00:07,832] {bash.py:173} INFO - Finland: CO2 158, mix [('nuclear', 3695, '48'), ('hydro', 1768, '23'), ('unknown', 714, '9')]
[2022-04-18 06:00:07,833] {bash.py:173} INFO - Norway: CO2 106, mix [('hydro', 9038, '63'), ('wind', 1807, '13'), ('nuclear', 1054, '7')]
[2022-04-18 06:00:07,833] {bash.py:173} INFO - UK
[2022-04-18 06:00:07,833] {bash.py:173} INFO - 19210
[2022-04-18 06:00:07,833] {bash.py:173} INFO - Hungary
[2022-04-18 06:00:07,833] {bash.py:173} INFO - 2819
[2022-04-18 06:00:07,833] {bash.py:173} INFO - UK: CO2 159, mix [('nuclear', 7173, '37'), ('wind', 4998, '26'), ('gas', 4837, '25')]
[2022-04-18 06:00:07,833] {bash.py:173} INFO - Hungary: CO2 198, mix [('nuclear', 1792, '64'), ('gas', 425, '15'), ('coal', 298, '11')]
[2022-04-18 06:00:07,869] {bash.py:177} INFO - Command exited with return code 0
[2022-04-18 06:00:07,886] {taskinstance.py:1159} INFO - Marking task as SUCCESS. dag_id=matchup, task_id=run_script, execution_date=20220418T000000, start_date=20220418T060003, end_date=20220418T060007
[2022-04-18 06:00:07,898] {taskinstance.py:1220} INFO - 0 downstream tasks scheduled from follow-on schedule check
[2022-04-18 06:00:07,904] {local_task_job.py:146} INFO - Task exited with return code 0
