[2022-03-15 00:01:05,541] {taskinstance.py:851} INFO - Dependencies all met for <TaskInstance: matchup.run_script 2022-03-14T18:00:00+00:00 [queued]>
[2022-03-15 00:01:05,547] {taskinstance.py:851} INFO - Dependencies all met for <TaskInstance: matchup.run_script 2022-03-14T18:00:00+00:00 [queued]>
[2022-03-15 00:01:05,547] {taskinstance.py:1042} INFO - 
--------------------------------------------------------------------------------
[2022-03-15 00:01:05,548] {taskinstance.py:1043} INFO - Starting attempt 2 of 6
[2022-03-15 00:01:05,548] {taskinstance.py:1044} INFO - 
--------------------------------------------------------------------------------
[2022-03-15 00:01:05,556] {taskinstance.py:1063} INFO - Executing <Task(BashOperator): run_script> on 2022-03-14T18:00:00+00:00
[2022-03-15 00:01:05,560] {standard_task_runner.py:52} INFO - Started process 347473 to run task
[2022-03-15 00:01:05,567] {standard_task_runner.py:76} INFO - Running: ['airflow', 'tasks', 'run', 'matchup', 'run_script', '2022-03-14T18:00:00+00:00', '--job-id', '309', '--pool', 'default_pool', '--raw', '--subdir', 'DAGS_FOLDER/matchup.py', '--cfg-path', '/tmp/tmpoqpd5ieu', '--error-file', '/tmp/tmpdwaoc7vd']
[2022-03-15 00:01:05,568] {standard_task_runner.py:77} INFO - Job 309: Subtask run_script
[2022-03-15 00:01:05,597] {logging_mixin.py:104} INFO - Running <TaskInstance: matchup.run_script 2022-03-14T18:00:00+00:00 [running]> on host 531edfb863fc
[2022-03-15 00:01:05,614] {taskinstance.py:1255} INFO - Exporting the following env vars:
AIRFLOW_CTX_DAG_EMAIL=r.chesne@gmail.com
AIRFLOW_CTX_DAG_OWNER=Robin
AIRFLOW_CTX_DAG_ID=matchup
AIRFLOW_CTX_TASK_ID=run_script
AIRFLOW_CTX_EXECUTION_DATE=2022-03-14T18:00:00+00:00
AIRFLOW_CTX_DAG_RUN_ID=scheduled__2022-03-14T18:00:00+00:00
[2022-03-15 00:01:05,614] {bash.py:135} INFO - Tmp dir root location: 
 /tmp
[2022-03-15 00:01:05,615] {bash.py:158} INFO - Running command: python /app/scripts/main.py
[2022-03-15 00:01:05,626] {bash.py:169} INFO - Output:
[2022-03-15 00:01:09,964] {bash.py:173} INFO - Italy
[2022-03-15 00:01:09,965] {bash.py:173} INFO - 34078
[2022-03-15 00:01:09,965] {bash.py:173} INFO - Spain
[2022-03-15 00:01:09,965] {bash.py:173} INFO - 29322
[2022-03-15 00:01:09,965] {bash.py:173} INFO - Italy: CO2 425, mix [('gas', 20791, '61'), ('unknown', 3043, '9'), ('coal', 2612, '8')]
[2022-03-15 00:01:09,965] {bash.py:173} INFO - Spain: CO2 139, mix [('wind', 14104, '48'), ('nuclear', 5433, '19'), ('gas', 5104, '17')]
[2022-03-15 00:01:09,965] {bash.py:173} INFO - Denmark
[2022-03-15 00:01:09,965] {bash.py:173} INFO - 3988
[2022-03-15 00:01:09,965] {bash.py:173} INFO - Finland
[2022-03-15 00:01:09,966] {bash.py:173} INFO - 9239
[2022-03-15 00:01:09,966] {bash.py:173} INFO - Denmark: CO2 239, mix [('hydro', 1265, '32'), ('coal', 727, '18'), ('biomass', 650, '16')]
[2022-03-15 00:01:09,966] {bash.py:173} INFO - Finland: CO2 168, mix [('nuclear', 3388, '37'), ('wind', 1823, '20'), ('hydro', 1397, '15')]
[2022-03-15 00:01:09,966] {bash.py:173} INFO - France
[2022-03-15 00:01:09,966] {bash.py:173} INFO - 54497
[2022-03-15 00:01:09,966] {bash.py:173} INFO - UK
[2022-03-15 00:01:09,966] {bash.py:173} INFO - 34743
[2022-03-15 00:01:09,966] {bash.py:173} INFO - France: CO2 97, mix [('nuclear', 35180, '65'), ('gas', 7797, '14'), ('wind', 5294, '10')]
[2022-03-15 00:01:09,966] {bash.py:173} INFO - UK: CO2 317, mix [('gas', 18121, '52'), ('nuclear', 5849, '17'), ('wind', 4948, '14')]
[2022-03-15 00:01:10,004] {bash.py:177} INFO - Command exited with return code 0
[2022-03-15 00:01:10,033] {taskinstance.py:1159} INFO - Marking task as SUCCESS. dag_id=matchup, task_id=run_script, execution_date=20220314T180000, start_date=20220315T000105, end_date=20220315T000110
[2022-03-15 00:01:10,050] {taskinstance.py:1220} INFO - 0 downstream tasks scheduled from follow-on schedule check
[2022-03-15 00:01:10,076] {local_task_job.py:146} INFO - Task exited with return code 0
