[2022-06-30 00:00:03,423] {taskinstance.py:851} INFO - Dependencies all met for <TaskInstance: matchup.run_script 2022-06-29T18:00:00+00:00 [queued]>
[2022-06-30 00:00:03,427] {taskinstance.py:851} INFO - Dependencies all met for <TaskInstance: matchup.run_script 2022-06-29T18:00:00+00:00 [queued]>
[2022-06-30 00:00:03,427] {taskinstance.py:1042} INFO - 
--------------------------------------------------------------------------------
[2022-06-30 00:00:03,427] {taskinstance.py:1043} INFO - Starting attempt 1 of 6
[2022-06-30 00:00:03,428] {taskinstance.py:1044} INFO - 
--------------------------------------------------------------------------------
[2022-06-30 00:00:03,437] {taskinstance.py:1063} INFO - Executing <Task(BashOperator): run_script> on 2022-06-29T18:00:00+00:00
[2022-06-30 00:00:03,439] {standard_task_runner.py:52} INFO - Started process 121905 to run task
[2022-06-30 00:00:03,442] {standard_task_runner.py:76} INFO - Running: ['airflow', 'tasks', 'run', 'matchup', 'run_script', '2022-06-29T18:00:00+00:00', '--job-id', '1479', '--pool', 'default_pool', '--raw', '--subdir', 'DAGS_FOLDER/matchup.py', '--cfg-path', '/tmp/tmp09fervsx', '--error-file', '/tmp/tmpql_m5uqw']
[2022-06-30 00:00:03,443] {standard_task_runner.py:77} INFO - Job 1479: Subtask run_script
[2022-06-30 00:00:03,464] {logging_mixin.py:104} INFO - Running <TaskInstance: matchup.run_script 2022-06-29T18:00:00+00:00 [running]> on host b5b34dd97903
[2022-06-30 00:00:03,493] {taskinstance.py:1255} INFO - Exporting the following env vars:
AIRFLOW_CTX_DAG_EMAIL=r.chesne@gmail.com
AIRFLOW_CTX_DAG_OWNER=Robin
AIRFLOW_CTX_DAG_ID=matchup
AIRFLOW_CTX_TASK_ID=run_script
AIRFLOW_CTX_EXECUTION_DATE=2022-06-29T18:00:00+00:00
AIRFLOW_CTX_DAG_RUN_ID=scheduled__2022-06-29T18:00:00+00:00
[2022-06-30 00:00:03,493] {bash.py:135} INFO - Tmp dir root location: 
 /tmp
[2022-06-30 00:00:03,493] {bash.py:158} INFO - Running command: python /app/scripts/main.py
[2022-06-30 00:00:03,499] {bash.py:169} INFO - Output:
[2022-06-30 00:00:07,288] {bash.py:173} INFO - Spain
[2022-06-30 00:00:07,288] {bash.py:173} INFO - 27464
[2022-06-30 00:00:07,288] {bash.py:173} INFO - Portugal
[2022-06-30 00:00:07,288] {bash.py:173} INFO - 5549
[2022-06-30 00:00:07,288] {bash.py:173} INFO - Spain: CO2 211, mix [('gas', 8628, '31'), ('nuclear', 6957, '25'), ('wind', 6493, '24')]
[2022-06-30 00:00:07,288] {bash.py:173} INFO - Portugal: CO2 242, mix [('wind', 2539, '46'), ('gas', 2459, '44'), ('biomass', 338, '6')]
[2022-06-30 00:00:07,288] {bash.py:173} INFO - Sweden
[2022-06-30 00:00:07,288] {bash.py:173} INFO - 11761
[2022-06-30 00:00:07,288] {bash.py:173} INFO - Norway
[2022-06-30 00:00:07,288] {bash.py:173} INFO - 11170
[2022-06-30 00:00:07,288] {bash.py:173} INFO - Sweden: CO2 24, mix [('hydro', 5290, '45'), ('nuclear', 3677, '31'), ('wind', 2433, '21')]
[2022-06-30 00:00:07,288] {bash.py:173} INFO - Norway: CO2 31, mix [('hydro', 10228, '92'), ('wind', 729, '7'), ('gas', 111, '1')]
[2022-06-30 00:00:07,288] {bash.py:173} INFO - France
[2022-06-30 00:00:07,288] {bash.py:173} INFO - 40477
[2022-06-30 00:00:07,288] {bash.py:173} INFO - UK
[2022-06-30 00:00:07,289] {bash.py:173} INFO - 24757
[2022-06-30 00:00:07,289] {bash.py:173} INFO - France: CO2 77, mix [('nuclear', 27795, '69'), ('hydro', 4617, '11'), ('gas', 4595, '11')]
[2022-06-30 00:00:07,289] {bash.py:173} INFO - UK: CO2 277, mix [('gas', 12447, '50'), ('nuclear', 5198, '21'), ('wind', 4052, '16')]
[2022-06-30 00:00:07,334] {bash.py:177} INFO - Command exited with return code 0
[2022-06-30 00:00:07,343] {taskinstance.py:1159} INFO - Marking task as SUCCESS. dag_id=matchup, task_id=run_script, execution_date=20220629T180000, start_date=20220630T000003, end_date=20220630T000007
[2022-06-30 00:00:07,355] {taskinstance.py:1220} INFO - 0 downstream tasks scheduled from follow-on schedule check
[2022-06-30 00:00:07,370] {local_task_job.py:146} INFO - Task exited with return code 0
