[2022-06-28 12:00:04,412] {taskinstance.py:851} INFO - Dependencies all met for <TaskInstance: matchup.run_script 2022-06-28T06:00:00+00:00 [queued]>
[2022-06-28 12:00:04,419] {taskinstance.py:851} INFO - Dependencies all met for <TaskInstance: matchup.run_script 2022-06-28T06:00:00+00:00 [queued]>
[2022-06-28 12:00:04,419] {taskinstance.py:1042} INFO - 
--------------------------------------------------------------------------------
[2022-06-28 12:00:04,419] {taskinstance.py:1043} INFO - Starting attempt 1 of 6
[2022-06-28 12:00:04,419] {taskinstance.py:1044} INFO - 
--------------------------------------------------------------------------------
[2022-06-28 12:00:04,426] {taskinstance.py:1063} INFO - Executing <Task(BashOperator): run_script> on 2022-06-28T06:00:00+00:00
[2022-06-28 12:00:04,428] {standard_task_runner.py:52} INFO - Started process 100531 to run task
[2022-06-28 12:00:04,431] {standard_task_runner.py:76} INFO - Running: ['airflow', 'tasks', 'run', 'matchup', 'run_script', '2022-06-28T06:00:00+00:00', '--job-id', '1467', '--pool', 'default_pool', '--raw', '--subdir', 'DAGS_FOLDER/matchup.py', '--cfg-path', '/tmp/tmp98ge7ra_', '--error-file', '/tmp/tmp5l6xcpx_']
[2022-06-28 12:00:04,431] {standard_task_runner.py:77} INFO - Job 1467: Subtask run_script
[2022-06-28 12:00:04,455] {logging_mixin.py:104} INFO - Running <TaskInstance: matchup.run_script 2022-06-28T06:00:00+00:00 [running]> on host b5b34dd97903
[2022-06-28 12:00:04,479] {taskinstance.py:1255} INFO - Exporting the following env vars:
AIRFLOW_CTX_DAG_EMAIL=r.chesne@gmail.com
AIRFLOW_CTX_DAG_OWNER=Robin
AIRFLOW_CTX_DAG_ID=matchup
AIRFLOW_CTX_TASK_ID=run_script
AIRFLOW_CTX_EXECUTION_DATE=2022-06-28T06:00:00+00:00
AIRFLOW_CTX_DAG_RUN_ID=scheduled__2022-06-28T06:00:00+00:00
[2022-06-28 12:00:04,479] {bash.py:135} INFO - Tmp dir root location: 
 /tmp
[2022-06-28 12:00:04,479] {bash.py:158} INFO - Running command: python /app/scripts/main.py
[2022-06-28 12:00:04,484] {bash.py:169} INFO - Output:
[2022-06-28 12:00:08,104] {bash.py:173} INFO - Italy
[2022-06-28 12:00:08,104] {bash.py:173} INFO - 44699
[2022-06-28 12:00:08,104] {bash.py:173} INFO - Portugal
[2022-06-28 12:00:08,104] {bash.py:173} INFO - 4427
[2022-06-28 12:00:08,104] {bash.py:173} INFO - Italy: CO2 288, mix [('gas', 16128, '36'), ('solar', 10866, '24'), ('hydro', 6753, '15')]
[2022-06-28 12:00:08,104] {bash.py:173} INFO - Portugal: CO2 299, mix [('gas', 2421, '55'), ('solar', 1085, '25'), ('wind', 443, '10')]
[2022-06-28 12:00:08,104] {bash.py:173} INFO - Denmark
[2022-06-28 12:00:08,105] {bash.py:173} INFO - 5055
[2022-06-28 12:00:08,105] {bash.py:173} INFO - Sweden
[2022-06-28 12:00:08,105] {bash.py:173} INFO - 12429
[2022-06-28 12:00:08,105] {bash.py:173} INFO - Denmark: CO2 158, mix [('wind', 1253, '25'), ('hydro', 1202, '24'), ('solar', 1008, '20')]
[2022-06-28 12:00:08,105] {bash.py:173} INFO - Sweden: CO2 28, mix [('hydro', 6461, '52'), ('nuclear', 3778, '30'), ('wind', 1340, '11')]
[2022-06-28 12:00:08,105] {bash.py:173} INFO - France
[2022-06-28 12:00:08,105] {bash.py:173} INFO - 51232
[2022-06-28 12:00:08,105] {bash.py:173} INFO - Germany
[2022-06-28 12:00:08,105] {bash.py:173} INFO - 67881
[2022-06-28 12:00:08,105] {bash.py:173} INFO - France: CO2 70, mix [('nuclear', 26691, '52'), ('solar', 9442, '18'), ('hydro', 6028, '12')]
[2022-06-28 12:00:08,105] {bash.py:173} INFO - Germany: CO2 310, mix [('solar', 27352, '40'), ('coal', 18395, '27'), ('gas', 6735, '10')]
[2022-06-28 12:00:08,129] {bash.py:177} INFO - Command exited with return code 0
[2022-06-28 12:00:08,138] {taskinstance.py:1159} INFO - Marking task as SUCCESS. dag_id=matchup, task_id=run_script, execution_date=20220628T060000, start_date=20220628T120004, end_date=20220628T120008
[2022-06-28 12:00:08,148] {taskinstance.py:1220} INFO - 0 downstream tasks scheduled from follow-on schedule check
[2022-06-28 12:00:08,162] {local_task_job.py:146} INFO - Task exited with return code 0
