[2022-03-06 06:00:03,210] {taskinstance.py:851} INFO - Dependencies all met for <TaskInstance: matchup.enter_virtual_env 2022-03-06T00:00:00+00:00 [queued]>
[2022-03-06 06:00:03,220] {taskinstance.py:851} INFO - Dependencies all met for <TaskInstance: matchup.enter_virtual_env 2022-03-06T00:00:00+00:00 [queued]>
[2022-03-06 06:00:03,221] {taskinstance.py:1042} INFO - 
--------------------------------------------------------------------------------
[2022-03-06 06:00:03,221] {taskinstance.py:1043} INFO - Starting attempt 1 of 2
[2022-03-06 06:00:03,221] {taskinstance.py:1044} INFO - 
--------------------------------------------------------------------------------
[2022-03-06 06:00:03,233] {taskinstance.py:1063} INFO - Executing <Task(BashOperator): enter_virtual_env> on 2022-03-06T00:00:00+00:00
[2022-03-06 06:00:03,239] {standard_task_runner.py:52} INFO - Started process 222772 to run task
[2022-03-06 06:00:03,247] {standard_task_runner.py:76} INFO - Running: ['airflow', 'tasks', 'run', 'matchup', 'enter_virtual_env', '2022-03-06T00:00:00+00:00', '--job-id', '161', '--pool', 'default_pool', '--raw', '--subdir', 'DAGS_FOLDER/matchup.py', '--cfg-path', '/tmp/tmpv10j108x', '--error-file', '/tmp/tmpgt528tx_']
[2022-03-06 06:00:03,248] {standard_task_runner.py:77} INFO - Job 161: Subtask enter_virtual_env
[2022-03-06 06:00:03,293] {logging_mixin.py:104} INFO - Running <TaskInstance: matchup.enter_virtual_env 2022-03-06T00:00:00+00:00 [running]> on host 531edfb863fc
[2022-03-06 06:00:03,333] {taskinstance.py:1255} INFO - Exporting the following env vars:
AIRFLOW_CTX_DAG_EMAIL=r.chesne@gmail.com
AIRFLOW_CTX_DAG_OWNER=Robin
AIRFLOW_CTX_DAG_ID=matchup
AIRFLOW_CTX_TASK_ID=enter_virtual_env
AIRFLOW_CTX_EXECUTION_DATE=2022-03-06T00:00:00+00:00
AIRFLOW_CTX_DAG_RUN_ID=scheduled__2022-03-06T00:00:00+00:00
[2022-03-06 06:00:03,334] {bash.py:135} INFO - Tmp dir root location: 
 /tmp
[2022-03-06 06:00:03,335] {bash.py:158} INFO - Running command: . /app/env/bin/activate
[2022-03-06 06:00:03,345] {bash.py:169} INFO - Output:
[2022-03-06 06:00:03,351] {bash.py:177} INFO - Command exited with return code 0
[2022-03-06 06:00:03,373] {taskinstance.py:1159} INFO - Marking task as SUCCESS. dag_id=matchup, task_id=enter_virtual_env, execution_date=20220306T000000, start_date=20220306T060003, end_date=20220306T060003
[2022-03-06 06:00:03,403] {taskinstance.py:1220} INFO - 1 downstream tasks scheduled from follow-on schedule check
[2022-03-06 06:00:03,416] {local_task_job.py:146} INFO - Task exited with return code 0
