[2022-02-28 18:00:04,660] {taskinstance.py:851} INFO - Dependencies all met for <TaskInstance: matchup.run_script 2022-02-28T12:00:00+00:00 [queued]>
[2022-02-28 18:00:04,669] {taskinstance.py:851} INFO - Dependencies all met for <TaskInstance: matchup.run_script 2022-02-28T12:00:00+00:00 [queued]>
[2022-02-28 18:00:04,669] {taskinstance.py:1042} INFO - 
--------------------------------------------------------------------------------
[2022-02-28 18:00:04,669] {taskinstance.py:1043} INFO - Starting attempt 1 of 6
[2022-02-28 18:00:04,669] {taskinstance.py:1044} INFO - 
--------------------------------------------------------------------------------
[2022-02-28 18:00:04,679] {taskinstance.py:1063} INFO - Executing <Task(BashOperator): run_script> on 2022-02-28T12:00:00+00:00
[2022-02-28 18:00:04,683] {standard_task_runner.py:52} INFO - Started process 145016 to run task
[2022-02-28 18:00:04,692] {standard_task_runner.py:76} INFO - Running: ['airflow', 'tasks', 'run', 'matchup', 'run_script', '2022-02-28T12:00:00+00:00', '--job-id', '104', '--pool', 'default_pool', '--raw', '--subdir', 'DAGS_FOLDER/matchup.py', '--cfg-path', '/tmp/tmpxlkj3py4', '--error-file', '/tmp/tmpz5y2koys']
[2022-02-28 18:00:04,693] {standard_task_runner.py:77} INFO - Job 104: Subtask run_script
[2022-02-28 18:00:04,722] {logging_mixin.py:104} INFO - Running <TaskInstance: matchup.run_script 2022-02-28T12:00:00+00:00 [running]> on host 531edfb863fc
[2022-02-28 18:00:04,745] {taskinstance.py:1255} INFO - Exporting the following env vars:
AIRFLOW_CTX_DAG_EMAIL=r.chesne@gmail.com
AIRFLOW_CTX_DAG_OWNER=Robin
AIRFLOW_CTX_DAG_ID=matchup
AIRFLOW_CTX_TASK_ID=run_script
AIRFLOW_CTX_EXECUTION_DATE=2022-02-28T12:00:00+00:00
AIRFLOW_CTX_DAG_RUN_ID=scheduled__2022-02-28T12:00:00+00:00
[2022-02-28 18:00:04,746] {bash.py:135} INFO - Tmp dir root location: 
 /tmp
[2022-02-28 18:00:04,746] {bash.py:158} INFO - Running command: python /app/scripts/main.py
[2022-02-28 18:00:04,754] {bash.py:169} INFO - Output:
[2022-02-28 18:00:08,357] {bash.py:173} INFO - Spain: CO2 207, mix [('gas', 8476, '30'), ('solar', 8367, '29'), ('nuclear', 6276, '22')]
[2022-02-28 18:00:08,358] {bash.py:173} INFO - Italy: CO2 379, mix [('gas', 19446, '48'), ('coal', 3815, '9'), ('wind', 3266, '8')]
[2022-02-28 18:00:08,358] {bash.py:173} INFO - Finland: CO2 175, mix [('nuclear', 3051, '30'), ('wind', 2390, '23'), ('hydro', 1837, '18')]
[2022-02-28 18:00:08,358] {bash.py:173} INFO - Denmark: CO2 169, mix [('wind', 2088, '43'), ('hydro', 774, '16'), ('biomass', 703, '14')]
[2022-02-28 18:00:08,358] {bash.py:173} INFO - UK: CO2 242, mix [('gas', 14379, '37'), ('wind', 9989, '26'), ('nuclear', 6778, '18')]
[2022-02-28 18:00:08,358] {bash.py:173} INFO - Germany: CO2 423, mix [('coal', 22676, '38'), ('wind', 13016, '22'), ('gas', 6263, '11')]
[2022-02-28 18:00:08,439] {bash.py:177} INFO - Command exited with return code 0
[2022-02-28 18:00:08,465] {taskinstance.py:1159} INFO - Marking task as SUCCESS. dag_id=matchup, task_id=run_script, execution_date=20220228T120000, start_date=20220228T180004, end_date=20220228T180008
[2022-02-28 18:00:08,489] {taskinstance.py:1220} INFO - 0 downstream tasks scheduled from follow-on schedule check
[2022-02-28 18:00:08,525] {local_task_job.py:146} INFO - Task exited with return code 0
