[2022-03-14 06:01:06,315] {taskinstance.py:851} INFO - Dependencies all met for <TaskInstance: matchup.run_script 2022-03-14T00:00:00+00:00 [queued]>
[2022-03-14 06:01:06,319] {taskinstance.py:851} INFO - Dependencies all met for <TaskInstance: matchup.run_script 2022-03-14T00:00:00+00:00 [queued]>
[2022-03-14 06:01:06,319] {taskinstance.py:1042} INFO - 
--------------------------------------------------------------------------------
[2022-03-14 06:01:06,319] {taskinstance.py:1043} INFO - Starting attempt 2 of 6
[2022-03-14 06:01:06,319] {taskinstance.py:1044} INFO - 
--------------------------------------------------------------------------------
[2022-03-14 06:01:06,327] {taskinstance.py:1063} INFO - Executing <Task(BashOperator): run_script> on 2022-03-14T00:00:00+00:00
[2022-03-14 06:01:06,330] {standard_task_runner.py:52} INFO - Started process 336829 to run task
[2022-03-14 06:01:06,338] {standard_task_runner.py:76} INFO - Running: ['airflow', 'tasks', 'run', 'matchup', 'run_script', '2022-03-14T00:00:00+00:00', '--job-id', '299', '--pool', 'default_pool', '--raw', '--subdir', 'DAGS_FOLDER/matchup.py', '--cfg-path', '/tmp/tmp50pwk93o', '--error-file', '/tmp/tmpz3i46tmm']
[2022-03-14 06:01:06,339] {standard_task_runner.py:77} INFO - Job 299: Subtask run_script
[2022-03-14 06:01:06,375] {logging_mixin.py:104} INFO - Running <TaskInstance: matchup.run_script 2022-03-14T00:00:00+00:00 [running]> on host 531edfb863fc
[2022-03-14 06:01:06,393] {taskinstance.py:1255} INFO - Exporting the following env vars:
AIRFLOW_CTX_DAG_EMAIL=r.chesne@gmail.com
AIRFLOW_CTX_DAG_OWNER=Robin
AIRFLOW_CTX_DAG_ID=matchup
AIRFLOW_CTX_TASK_ID=run_script
AIRFLOW_CTX_EXECUTION_DATE=2022-03-14T00:00:00+00:00
AIRFLOW_CTX_DAG_RUN_ID=scheduled__2022-03-14T00:00:00+00:00
[2022-03-14 06:01:06,394] {bash.py:135} INFO - Tmp dir root location: 
 /tmp
[2022-03-14 06:01:06,394] {bash.py:158} INFO - Running command: python /app/scripts/main.py
[2022-03-14 06:01:06,402] {bash.py:169} INFO - Output:
[2022-03-14 06:01:10,151] {bash.py:173} INFO - Italy
[2022-03-14 06:01:10,152] {bash.py:173} INFO - 22132
[2022-03-14 06:01:10,152] {bash.py:173} INFO - Portugal
[2022-03-14 06:01:10,152] {bash.py:173} INFO - 4292
[2022-03-14 06:01:10,152] {bash.py:173} INFO - Italy: CO2 435, mix [('gas', 11470, '52'), ('coal', 2998, '14'), ('unknown', 1958, '9')]
[2022-03-14 06:01:10,152] {bash.py:173} INFO - Portugal: CO2 165, mix [('wind', 2192, '51'), ('gas', 1037, '24'), ('biomass', 390, '9')]
[2022-03-14 06:01:10,152] {bash.py:173} INFO - Finland
[2022-03-14 06:01:10,152] {bash.py:173} INFO - 9521
[2022-03-14 06:01:10,153] {bash.py:173} INFO - Sweden
[2022-03-14 06:01:10,153] {bash.py:173} INFO - 17240
[2022-03-14 06:01:10,153] {bash.py:173} INFO - Finland: CO2 178, mix [('nuclear', 3541, '37'), ('hydro', 2034, '21'), ('unknown', 1104, '12')]
[2022-03-14 06:01:10,153] {bash.py:173} INFO - Sweden: CO2 41, mix [('hydro', 7509, '44'), ('nuclear', 5389, '31'), ('wind', 2790, '16')]
[2022-03-14 06:01:10,153] {bash.py:173} INFO - Germany
[2022-03-14 06:01:10,153] {bash.py:173} INFO - 43693
[2022-03-14 06:01:10,153] {bash.py:173} INFO - France
[2022-03-14 06:01:10,153] {bash.py:173} INFO - 48690
[2022-03-14 06:01:10,153] {bash.py:173} INFO - Germany: CO2 397, mix [('coal', 16963, '39'), ('wind', 13154, '30'), ('biomass', 4197, '10')]
[2022-03-14 06:01:10,153] {bash.py:173} INFO - France: CO2 89, mix [('nuclear', 33694, '69'), ('gas', 6184, '13'), ('wind', 4030, '8')]
[2022-03-14 06:01:10,198] {bash.py:177} INFO - Command exited with return code 0
[2022-03-14 06:01:10,220] {taskinstance.py:1159} INFO - Marking task as SUCCESS. dag_id=matchup, task_id=run_script, execution_date=20220314T000000, start_date=20220314T060106, end_date=20220314T060110
[2022-03-14 06:01:10,237] {taskinstance.py:1220} INFO - 0 downstream tasks scheduled from follow-on schedule check
[2022-03-14 06:01:10,243] {local_task_job.py:146} INFO - Task exited with return code 0
