[2022-02-21 07:15:29,640] {taskinstance.py:851} INFO - Dependencies all met for <TaskInstance: matchup.run_script 2022-02-21T07:15:25.199488+00:00 [queued]>
[2022-02-21 07:15:29,646] {taskinstance.py:851} INFO - Dependencies all met for <TaskInstance: matchup.run_script 2022-02-21T07:15:25.199488+00:00 [queued]>
[2022-02-21 07:15:29,646] {taskinstance.py:1042} INFO - 
--------------------------------------------------------------------------------
[2022-02-21 07:15:29,646] {taskinstance.py:1043} INFO - Starting attempt 1 of 6
[2022-02-21 07:15:29,646] {taskinstance.py:1044} INFO - 
--------------------------------------------------------------------------------
[2022-02-21 07:15:29,653] {taskinstance.py:1063} INFO - Executing <Task(BashOperator): run_script> on 2022-02-21T07:15:25.199488+00:00
[2022-02-21 07:15:29,656] {standard_task_runner.py:52} INFO - Started process 39464 to run task
[2022-02-21 07:15:29,663] {standard_task_runner.py:76} INFO - Running: ['airflow', 'tasks', 'run', 'matchup', 'run_script', '2022-02-21T07:15:25.199488+00:00', '--job-id', '39', '--pool', 'default_pool', '--raw', '--subdir', 'DAGS_FOLDER/matchup.py', '--cfg-path', '/tmp/tmpvnwh0xx8', '--error-file', '/tmp/tmp88r30d6g']
[2022-02-21 07:15:29,664] {standard_task_runner.py:77} INFO - Job 39: Subtask run_script
[2022-02-21 07:15:29,703] {logging_mixin.py:104} INFO - Running <TaskInstance: matchup.run_script 2022-02-21T07:15:25.199488+00:00 [running]> on host 531edfb863fc
[2022-02-21 07:15:29,733] {taskinstance.py:1255} INFO - Exporting the following env vars:
AIRFLOW_CTX_DAG_EMAIL=r.chesne@gmail.com
AIRFLOW_CTX_DAG_OWNER=Robin
AIRFLOW_CTX_DAG_ID=matchup
AIRFLOW_CTX_TASK_ID=run_script
AIRFLOW_CTX_EXECUTION_DATE=2022-02-21T07:15:25.199488+00:00
AIRFLOW_CTX_DAG_RUN_ID=manual__2022-02-21T07:15:25.199488+00:00
[2022-02-21 07:15:29,733] {bash.py:135} INFO - Tmp dir root location: 
 /tmp
[2022-02-21 07:15:29,734] {bash.py:158} INFO - Running command: python /app/scripts/main.py
[2022-02-21 07:15:29,744] {bash.py:169} INFO - Output:
[2022-02-21 07:15:33,144] {bash.py:173} INFO - ---
[2022-02-21 07:15:33,144] {bash.py:173} INFO - sending...
[2022-02-21 07:15:33,144] {bash.py:173} INFO - Southern Europe Portugal Italy
[2022-02-21 07:15:33,144] {bash.py:173} INFO - ---
[2022-02-21 07:15:33,144] {bash.py:173} INFO - Portugal: CO2 186, mix [('wind', 1578, '55'), ('gas', 730, '25'), ('biomass', 399, '14')]
[2022-02-21 07:15:33,144] {bash.py:173} INFO - Italy: CO2 334, mix [('gas', 8694, '44'), ('wind', 4478, '23'), ('coal', 2343, '12')]
[2022-02-21 07:15:33,144] {bash.py:173} INFO - ---
[2022-02-21 07:15:33,144] {bash.py:173} INFO - sending...
[2022-02-21 07:15:33,145] {bash.py:173} INFO - Northern Europe Finland Denmark
[2022-02-21 07:15:33,145] {bash.py:173} INFO - ---
[2022-02-21 07:15:33,145] {bash.py:173} INFO - Finland: CO2 186, mix [('nuclear', 2799, '36'), ('hydro', 1942, '25'), ('coal', 1305, '17')]
[2022-02-21 07:15:33,145] {bash.py:173} INFO - Denmark: CO2 112, mix [('wind', 5493, '80'), ('biomass', 626, '9'), ('coal', 488, '7')]
[2022-02-21 07:15:33,145] {bash.py:173} INFO - ---
[2022-02-21 07:15:33,145] {bash.py:173} INFO - sending...
[2022-02-21 07:15:33,145] {bash.py:173} INFO - Central Europe France Germany
[2022-02-21 07:15:33,145] {bash.py:173} INFO - ---
[2022-02-21 07:15:33,145] {bash.py:173} INFO - France: CO2 47, mix [('nuclear', 41057, '62'), ('wind', 13176, '20'), ('hydro', 6948, '11')]
[2022-02-21 07:15:33,145] {bash.py:173} INFO - Germany: CO2 171, mix [('wind', 46118, '65'), ('coal', 9656, '14'), ('biomass', 5218, '7')]
[2022-02-21 07:15:33,188] {bash.py:177} INFO - Command exited with return code 0
[2022-02-21 07:15:33,204] {taskinstance.py:1159} INFO - Marking task as SUCCESS. dag_id=matchup, task_id=run_script, execution_date=20220221T071525, start_date=20220221T071529, end_date=20220221T071533
[2022-02-21 07:15:33,220] {taskinstance.py:1220} INFO - 0 downstream tasks scheduled from follow-on schedule check
[2022-02-21 07:15:33,249] {local_task_job.py:146} INFO - Task exited with return code 0
