[2022-03-06 06:00:05,070] {taskinstance.py:851} INFO - Dependencies all met for <TaskInstance: matchup.run_script 2022-03-06T00:00:00+00:00 [queued]>
[2022-03-06 06:00:05,077] {taskinstance.py:851} INFO - Dependencies all met for <TaskInstance: matchup.run_script 2022-03-06T00:00:00+00:00 [queued]>
[2022-03-06 06:00:05,077] {taskinstance.py:1042} INFO - 
--------------------------------------------------------------------------------
[2022-03-06 06:00:05,077] {taskinstance.py:1043} INFO - Starting attempt 1 of 6
[2022-03-06 06:00:05,077] {taskinstance.py:1044} INFO - 
--------------------------------------------------------------------------------
[2022-03-06 06:00:05,088] {taskinstance.py:1063} INFO - Executing <Task(BashOperator): run_script> on 2022-03-06T00:00:00+00:00
[2022-03-06 06:00:05,092] {standard_task_runner.py:52} INFO - Started process 222778 to run task
[2022-03-06 06:00:05,100] {standard_task_runner.py:76} INFO - Running: ['airflow', 'tasks', 'run', 'matchup', 'run_script', '2022-03-06T00:00:00+00:00', '--job-id', '162', '--pool', 'default_pool', '--raw', '--subdir', 'DAGS_FOLDER/matchup.py', '--cfg-path', '/tmp/tmp94vimsv6', '--error-file', '/tmp/tmpqkbwi2kj']
[2022-03-06 06:00:05,100] {standard_task_runner.py:77} INFO - Job 162: Subtask run_script
[2022-03-06 06:00:05,142] {logging_mixin.py:104} INFO - Running <TaskInstance: matchup.run_script 2022-03-06T00:00:00+00:00 [running]> on host 531edfb863fc
[2022-03-06 06:00:05,179] {taskinstance.py:1255} INFO - Exporting the following env vars:
AIRFLOW_CTX_DAG_EMAIL=r.chesne@gmail.com
AIRFLOW_CTX_DAG_OWNER=Robin
AIRFLOW_CTX_DAG_ID=matchup
AIRFLOW_CTX_TASK_ID=run_script
AIRFLOW_CTX_EXECUTION_DATE=2022-03-06T00:00:00+00:00
AIRFLOW_CTX_DAG_RUN_ID=scheduled__2022-03-06T00:00:00+00:00
[2022-03-06 06:00:05,180] {bash.py:135} INFO - Tmp dir root location: 
 /tmp
[2022-03-06 06:00:05,180] {bash.py:158} INFO - Running command: python /app/scripts/main.py
[2022-03-06 06:00:05,193] {bash.py:169} INFO - Output:
[2022-03-06 06:00:09,270] {bash.py:173} INFO - Italy: CO2 349, mix [('gas', 6558, '30'), ('wind', 4108, '19'), ('coal', 3336, '15')]
[2022-03-06 06:00:09,270] {bash.py:173} INFO - Portugal: CO2 141, mix [('wind', 2153, '51'), ('gas', 737, '17'), ('nuclear', 661, '16')]
[2022-03-06 06:00:09,270] {bash.py:173} INFO - Norway: CO2 29, mix [('hydro', 12822, '79'), ('wind', 2286, '14'), ('nuclear', 458, '3')]
[2022-03-06 06:00:09,270] {bash.py:173} INFO - Finland: CO2 171, mix [('nuclear', 3138, '35'), ('wind', 1959, '22'), ('hydro', 1188, '13')]
[2022-03-06 06:00:09,270] {bash.py:173} INFO - UK: CO2 191, mix [('gas', 7810, '32'), ('nuclear', 7478, '30'), ('wind', 5902, '24')]
[2022-03-06 06:00:09,271] {bash.py:173} INFO - France: CO2 59, mix [('nuclear', 40683, '78'), ('hydro', 3663, '7'), ('gas', 3492, '7')]
[2022-03-06 06:00:09,334] {bash.py:177} INFO - Command exited with return code 0
[2022-03-06 06:00:09,355] {taskinstance.py:1159} INFO - Marking task as SUCCESS. dag_id=matchup, task_id=run_script, execution_date=20220306T000000, start_date=20220306T060005, end_date=20220306T060009
[2022-03-06 06:00:09,374] {taskinstance.py:1220} INFO - 0 downstream tasks scheduled from follow-on schedule check
[2022-03-06 06:00:09,405] {local_task_job.py:146} INFO - Task exited with return code 0
