[2022-04-07 18:02:07,864] {taskinstance.py:851} INFO - Dependencies all met for <TaskInstance: matchup.run_script 2022-04-07T12:00:00+00:00 [queued]>
[2022-04-07 18:02:07,869] {taskinstance.py:851} INFO - Dependencies all met for <TaskInstance: matchup.run_script 2022-04-07T12:00:00+00:00 [queued]>
[2022-04-07 18:02:07,869] {taskinstance.py:1042} INFO - 
--------------------------------------------------------------------------------
[2022-04-07 18:02:07,869] {taskinstance.py:1043} INFO - Starting attempt 3 of 6
[2022-04-07 18:02:07,869] {taskinstance.py:1044} INFO - 
--------------------------------------------------------------------------------
[2022-04-07 18:02:07,875] {taskinstance.py:1063} INFO - Executing <Task(BashOperator): run_script> on 2022-04-07T12:00:00+00:00
[2022-04-07 18:02:07,878] {standard_task_runner.py:52} INFO - Started process 61026 to run task
[2022-04-07 18:02:07,882] {standard_task_runner.py:76} INFO - Running: ['airflow', 'tasks', 'run', 'matchup', 'run_script', '2022-04-07T12:00:00+00:00', '--job-id', '88', '--pool', 'default_pool', '--raw', '--subdir', 'DAGS_FOLDER/matchup.py', '--cfg-path', '/tmp/tmpxk5b_85u', '--error-file', '/tmp/tmpblu3djvv']
[2022-04-07 18:02:07,883] {standard_task_runner.py:77} INFO - Job 88: Subtask run_script
[2022-04-07 18:02:07,913] {logging_mixin.py:104} INFO - Running <TaskInstance: matchup.run_script 2022-04-07T12:00:00+00:00 [running]> on host 193e33218975
[2022-04-07 18:02:07,928] {taskinstance.py:1255} INFO - Exporting the following env vars:
AIRFLOW_CTX_DAG_EMAIL=r.chesne@gmail.com
AIRFLOW_CTX_DAG_OWNER=Robin
AIRFLOW_CTX_DAG_ID=matchup
AIRFLOW_CTX_TASK_ID=run_script
AIRFLOW_CTX_EXECUTION_DATE=2022-04-07T12:00:00+00:00
AIRFLOW_CTX_DAG_RUN_ID=scheduled__2022-04-07T12:00:00+00:00
[2022-04-07 18:02:07,928] {bash.py:135} INFO - Tmp dir root location: 
 /tmp
[2022-04-07 18:02:07,929] {bash.py:158} INFO - Running command: python /app/scripts/main.py
[2022-04-07 18:02:07,933] {bash.py:169} INFO - Output:
[2022-04-07 18:02:12,731] {bash.py:173} INFO - Italy
[2022-04-07 18:02:12,732] {bash.py:173} INFO - 36389
[2022-04-07 18:02:12,732] {bash.py:173} INFO - Portugal
[2022-04-07 18:02:12,732] {bash.py:173} INFO - 3769
[2022-04-07 18:02:12,732] {bash.py:173} INFO - Italy: CO2 292, mix [('gas', 12914, '35'), ('wind', 7358, '20'), ('solar', 4712, '13')]
[2022-04-07 18:02:12,732] {bash.py:173} INFO - Portugal: CO2 186, mix [('wind', 1580, '42'), ('gas', 1167, '31'), ('solar', 525, '14')]
[2022-04-07 18:02:12,732] {bash.py:173} INFO - Sweden
[2022-04-07 18:02:12,732] {bash.py:173} INFO - 20727
[2022-04-07 18:02:12,732] {bash.py:173} INFO - Norway
[2022-04-07 18:02:12,732] {bash.py:173} INFO - 17574
[2022-04-07 18:02:12,733] {bash.py:173} INFO - Sweden: CO2 44, mix [('hydro', 9099, '44'), ('nuclear', 6117, '30'), ('wind', 3646, '18')]
[2022-04-07 18:02:12,733] {bash.py:173} INFO - Norway: CO2 42, mix [('hydro', 13897, '79'), ('wind', 2199, '13'), ('nuclear', 531, '3')]
[2022-04-07 18:02:12,733] {bash.py:173} INFO - France
[2022-04-07 18:02:12,733] {bash.py:173} INFO - 55922
[2022-04-07 18:02:12,733] {bash.py:173} INFO - UK
[2022-04-07 18:02:12,733] {bash.py:173} INFO - 33703
[2022-04-07 18:02:12,733] {bash.py:173} INFO - France: CO2 50, mix [('nuclear', 30772, '55'), ('wind', 12955, '23'), ('hydro', 6636, '12')]
[2022-04-07 18:02:12,733] {bash.py:173} INFO - UK: CO2 147, mix [('wind', 13376, '40'), ('gas', 7095, '21'), ('nuclear', 6142, '18')]
[2022-04-07 18:02:12,770] {bash.py:177} INFO - Command exited with return code 0
[2022-04-07 18:02:12,783] {taskinstance.py:1159} INFO - Marking task as SUCCESS. dag_id=matchup, task_id=run_script, execution_date=20220407T120000, start_date=20220407T180207, end_date=20220407T180212
[2022-04-07 18:02:12,796] {taskinstance.py:1220} INFO - 0 downstream tasks scheduled from follow-on schedule check
[2022-04-07 18:02:12,833] {local_task_job.py:146} INFO - Task exited with return code 0
