[2022-03-13 12:00:04,454] {taskinstance.py:851} INFO - Dependencies all met for <TaskInstance: matchup.run_script 2022-03-13T06:00:00+00:00 [queued]>
[2022-03-13 12:00:04,458] {taskinstance.py:851} INFO - Dependencies all met for <TaskInstance: matchup.run_script 2022-03-13T06:00:00+00:00 [queued]>
[2022-03-13 12:00:04,458] {taskinstance.py:1042} INFO - 
--------------------------------------------------------------------------------
[2022-03-13 12:00:04,458] {taskinstance.py:1043} INFO - Starting attempt 1 of 6
[2022-03-13 12:00:04,458] {taskinstance.py:1044} INFO - 
--------------------------------------------------------------------------------
[2022-03-13 12:00:04,465] {taskinstance.py:1063} INFO - Executing <Task(BashOperator): run_script> on 2022-03-13T06:00:00+00:00
[2022-03-13 12:00:04,468] {standard_task_runner.py:52} INFO - Started process 326153 to run task
[2022-03-13 12:00:04,474] {standard_task_runner.py:76} INFO - Running: ['airflow', 'tasks', 'run', 'matchup', 'run_script', '2022-03-13T06:00:00+00:00', '--job-id', '289', '--pool', 'default_pool', '--raw', '--subdir', 'DAGS_FOLDER/matchup.py', '--cfg-path', '/tmp/tmpfedsuf3f', '--error-file', '/tmp/tmp0tt84s2t']
[2022-03-13 12:00:04,475] {standard_task_runner.py:77} INFO - Job 289: Subtask run_script
[2022-03-13 12:00:04,504] {logging_mixin.py:104} INFO - Running <TaskInstance: matchup.run_script 2022-03-13T06:00:00+00:00 [running]> on host 531edfb863fc
[2022-03-13 12:00:04,527] {taskinstance.py:1255} INFO - Exporting the following env vars:
AIRFLOW_CTX_DAG_EMAIL=r.chesne@gmail.com
AIRFLOW_CTX_DAG_OWNER=Robin
AIRFLOW_CTX_DAG_ID=matchup
AIRFLOW_CTX_TASK_ID=run_script
AIRFLOW_CTX_EXECUTION_DATE=2022-03-13T06:00:00+00:00
AIRFLOW_CTX_DAG_RUN_ID=scheduled__2022-03-13T06:00:00+00:00
[2022-03-13 12:00:04,528] {bash.py:135} INFO - Tmp dir root location: 
 /tmp
[2022-03-13 12:00:04,528] {bash.py:158} INFO - Running command: python /app/scripts/main.py
[2022-03-13 12:00:04,535] {bash.py:169} INFO - Output:
[2022-03-13 12:00:07,565] {bash.py:173} INFO - Spain
[2022-03-13 12:00:07,566] {bash.py:173} INFO - 24279
[2022-03-13 12:00:07,566] {bash.py:173} INFO - Portugal
[2022-03-13 12:00:07,566] {bash.py:173} INFO - 2145
[2022-03-13 12:00:07,566] {bash.py:173} INFO - Spain: CO2 140, mix [('solar', 6530, '27'), ('wind', 5356, '22'), ('nuclear', 4925, '20')]
[2022-03-13 12:00:07,566] {bash.py:173} INFO - Portugal: CO2 168, mix [('wind', 796, '37'), ('gas', 499, '23'), ('solar', 384, '18')]
[2022-03-13 12:00:07,566] {bash.py:173} INFO - Sweden
[2022-03-13 12:00:07,566] {bash.py:173} INFO - 16075
[2022-03-13 12:00:07,566] {bash.py:173} INFO - Denmark
[2022-03-13 12:00:07,566] {bash.py:173} INFO - 4479
[2022-03-13 12:00:07,566] {bash.py:173} INFO - Sweden: CO2 44, mix [('hydro', 7743, '48'), ('nuclear', 5519, '34'), ('unknown', 1573, '10')]
[2022-03-13 12:00:07,566] {bash.py:173} INFO - Denmark: CO2 102, mix [('wind', 2403, '54'), ('solar', 588, '13'), ('biomass', 517, '12')]
[2022-03-13 12:00:07,566] {bash.py:173} INFO - UK
[2022-03-13 12:00:07,566] {bash.py:173} INFO - 28087
[2022-03-13 12:00:07,566] {bash.py:173} INFO - Germany
[2022-03-13 12:00:07,566] {bash.py:173} INFO - 52603
[2022-03-13 12:00:07,566] {bash.py:173} INFO - UK: CO2 89, mix [('wind', 13788, '49'), ('nuclear', 5805, '21'), ('gas', 3347, '12')]
[2022-03-13 12:00:07,566] {bash.py:173} INFO - Germany: CO2 210, mix [('solar', 23792, '45'), ('coal', 8965, '17'), ('wind', 8703, '17')]
[2022-03-13 12:00:07,607] {bash.py:177} INFO - Command exited with return code 0
[2022-03-13 12:00:07,623] {taskinstance.py:1159} INFO - Marking task as SUCCESS. dag_id=matchup, task_id=run_script, execution_date=20220313T060000, start_date=20220313T120004, end_date=20220313T120007
[2022-03-13 12:00:07,636] {taskinstance.py:1220} INFO - 0 downstream tasks scheduled from follow-on schedule check
[2022-03-13 12:00:07,659] {local_task_job.py:146} INFO - Task exited with return code 0
