[2022-07-11 18:00:04,437] {taskinstance.py:851} INFO - Dependencies all met for <TaskInstance: matchup.run_script 2022-07-11T12:00:00+00:00 [queued]>
[2022-07-11 18:00:04,444] {taskinstance.py:851} INFO - Dependencies all met for <TaskInstance: matchup.run_script 2022-07-11T12:00:00+00:00 [queued]>
[2022-07-11 18:00:04,444] {taskinstance.py:1042} INFO - 
--------------------------------------------------------------------------------
[2022-07-11 18:00:04,444] {taskinstance.py:1043} INFO - Starting attempt 1 of 6
[2022-07-11 18:00:04,444] {taskinstance.py:1044} INFO - 
--------------------------------------------------------------------------------
[2022-07-11 18:00:04,455] {taskinstance.py:1063} INFO - Executing <Task(BashOperator): run_script> on 2022-07-11T12:00:00+00:00
[2022-07-11 18:00:04,458] {standard_task_runner.py:52} INFO - Started process 24292 to run task
[2022-07-11 18:00:04,464] {standard_task_runner.py:76} INFO - Running: ['airflow', 'tasks', 'run', 'matchup', 'run_script', '2022-07-11T12:00:00+00:00', '--job-id', '1566', '--pool', 'default_pool', '--raw', '--subdir', 'DAGS_FOLDER/matchup.py', '--cfg-path', '/tmp/tmprbnve_xe', '--error-file', '/tmp/tmpvdk8z1sq']
[2022-07-11 18:00:04,464] {standard_task_runner.py:77} INFO - Job 1566: Subtask run_script
[2022-07-11 18:00:04,499] {logging_mixin.py:104} INFO - Running <TaskInstance: matchup.run_script 2022-07-11T12:00:00+00:00 [running]> on host a41a09215c15
[2022-07-11 18:00:04,533] {taskinstance.py:1255} INFO - Exporting the following env vars:
AIRFLOW_CTX_DAG_EMAIL=r.chesne@gmail.com
AIRFLOW_CTX_DAG_OWNER=Robin
AIRFLOW_CTX_DAG_ID=matchup
AIRFLOW_CTX_TASK_ID=run_script
AIRFLOW_CTX_EXECUTION_DATE=2022-07-11T12:00:00+00:00
AIRFLOW_CTX_DAG_RUN_ID=scheduled__2022-07-11T12:00:00+00:00
[2022-07-11 18:00:04,534] {bash.py:135} INFO - Tmp dir root location: 
 /tmp
[2022-07-11 18:00:04,534] {bash.py:158} INFO - Running command: python /app/scripts/main.py
[2022-07-11 18:00:04,544] {bash.py:169} INFO - Output:
[2022-07-11 18:00:09,805] {bash.py:173} INFO - Spain
[2022-07-11 18:00:09,805] {bash.py:173} INFO - 38001
[2022-07-11 18:00:09,805] {bash.py:173} INFO - Italy
[2022-07-11 18:00:09,805] {bash.py:173} INFO - 43203
[2022-07-11 18:00:09,805] {bash.py:173} INFO - Spain: CO2 229, mix [('gas', 13875, '37'), ('solar', 8820, '23'), ('nuclear', 6864, '18')]
[2022-07-11 18:00:09,805] {bash.py:173} INFO - Italy: CO2 347, mix [('gas', 19303, '45'), ('hydro', 7158, '17'), ('solar', 3506, '8')]
[2022-07-11 18:00:09,806] {bash.py:173} INFO - France
[2022-07-11 18:00:09,806] {bash.py:173} INFO - 52634
[2022-07-11 18:00:09,806] {bash.py:173} INFO - UK
[2022-07-11 18:00:09,806] {bash.py:173} INFO - 32488
[2022-07-11 18:00:09,806] {bash.py:173} INFO - France: CO2 88, mix [('nuclear', 29158, '55'), ('solar', 6700, '13'), ('gas', 6130, '12')]
[2022-07-11 18:00:09,806] {bash.py:173} INFO - UK: CO2 264, mix [('gas', 14150, '44'), ('wind', 7252, '22'), ('nuclear', 5193, '16')]
[2022-07-11 18:00:09,806] {bash.py:173} INFO - Sweden
[2022-07-11 18:00:09,806] {bash.py:173} INFO - 12756
[2022-07-11 18:00:09,806] {bash.py:173} INFO - Denmark
[2022-07-11 18:00:09,806] {bash.py:173} INFO - 5810
[2022-07-11 18:00:09,807] {bash.py:173} INFO - Sweden: CO2 23, mix [('hydro', 5612, '44'), ('nuclear', 4232, '33'), ('wind', 2484, '19')]
[2022-07-11 18:00:09,807] {bash.py:173} INFO - Denmark: CO2 100, mix [('wind', 2401, '41'), ('hydro', 1591, '27'), ('nuclear', 526, '9')]
[2022-07-11 18:00:09,858] {bash.py:177} INFO - Command exited with return code 0
[2022-07-11 18:00:09,877] {taskinstance.py:1159} INFO - Marking task as SUCCESS. dag_id=matchup, task_id=run_script, execution_date=20220711T120000, start_date=20220711T180004, end_date=20220711T180009
[2022-07-11 18:00:09,893] {taskinstance.py:1220} INFO - 0 downstream tasks scheduled from follow-on schedule check
[2022-07-11 18:00:09,923] {local_task_job.py:146} INFO - Task exited with return code 0
