[2022-07-09 18:00:05,200] {taskinstance.py:851} INFO - Dependencies all met for <TaskInstance: matchup.run_script 2022-07-09T12:00:00+00:00 [queued]>
[2022-07-09 18:00:05,209] {taskinstance.py:851} INFO - Dependencies all met for <TaskInstance: matchup.run_script 2022-07-09T12:00:00+00:00 [queued]>
[2022-07-09 18:00:05,209] {taskinstance.py:1042} INFO - 
--------------------------------------------------------------------------------
[2022-07-09 18:00:05,209] {taskinstance.py:1043} INFO - Starting attempt 1 of 6
[2022-07-09 18:00:05,209] {taskinstance.py:1044} INFO - 
--------------------------------------------------------------------------------
[2022-07-09 18:00:05,218] {taskinstance.py:1063} INFO - Executing <Task(BashOperator): run_script> on 2022-07-09T12:00:00+00:00
[2022-07-09 18:00:05,223] {standard_task_runner.py:52} INFO - Started process 18433 to run task
[2022-07-09 18:00:05,229] {standard_task_runner.py:76} INFO - Running: ['airflow', 'tasks', 'run', 'matchup', 'run_script', '2022-07-09T12:00:00+00:00', '--job-id', '1550', '--pool', 'default_pool', '--raw', '--subdir', 'DAGS_FOLDER/matchup.py', '--cfg-path', '/tmp/tmp1cdevilf', '--error-file', '/tmp/tmpbn80m3kr']
[2022-07-09 18:00:05,230] {standard_task_runner.py:77} INFO - Job 1550: Subtask run_script
[2022-07-09 18:00:05,273] {logging_mixin.py:104} INFO - Running <TaskInstance: matchup.run_script 2022-07-09T12:00:00+00:00 [running]> on host a41a09215c15
[2022-07-09 18:00:05,314] {taskinstance.py:1255} INFO - Exporting the following env vars:
AIRFLOW_CTX_DAG_EMAIL=r.chesne@gmail.com
AIRFLOW_CTX_DAG_OWNER=Robin
AIRFLOW_CTX_DAG_ID=matchup
AIRFLOW_CTX_TASK_ID=run_script
AIRFLOW_CTX_EXECUTION_DATE=2022-07-09T12:00:00+00:00
AIRFLOW_CTX_DAG_RUN_ID=scheduled__2022-07-09T12:00:00+00:00
[2022-07-09 18:00:05,315] {bash.py:135} INFO - Tmp dir root location: 
 /tmp
[2022-07-09 18:00:05,315] {bash.py:158} INFO - Running command: python /app/scripts/main.py
[2022-07-09 18:00:05,327] {bash.py:169} INFO - Output:
[2022-07-09 18:00:10,428] {bash.py:173} INFO - Italy
[2022-07-09 18:00:10,428] {bash.py:173} INFO - 41261
[2022-07-09 18:00:10,429] {bash.py:173} INFO - Spain
[2022-07-09 18:00:10,429] {bash.py:173} INFO - 32795
[2022-07-09 18:00:10,429] {bash.py:173} INFO - Italy: CO2 336, mix [('gas', 17520, '42'), ('hydro', 7424, '18'), ('solar', 3540, '9')]
[2022-07-09 18:00:10,429] {bash.py:173} INFO - Spain: CO2 173, mix [('solar', 10308, '31'), ('gas', 8052, '25'), ('nuclear', 6746, '21')]
[2022-07-09 18:00:10,429] {bash.py:173} INFO - UK
[2022-07-09 18:00:10,429] {bash.py:173} INFO - 32784
[2022-07-09 18:00:10,429] {bash.py:173} INFO - Germany
[2022-07-09 18:00:10,429] {bash.py:173} INFO - 51446
[2022-07-09 18:00:10,430] {bash.py:173} INFO - UK: CO2 260, mix [('gas', 13991, '43'), ('wind', 7162, '22'), ('nuclear', 5259, '16')]
[2022-07-09 18:00:10,430] {bash.py:173} INFO - Germany: CO2 226, mix [('wind', 20970, '41'), ('coal', 10414, '20'), ('solar', 7795, '15')]
[2022-07-09 18:00:10,430] {bash.py:173} INFO - Finland
[2022-07-09 18:00:10,430] {bash.py:173} INFO - 7478
[2022-07-09 18:00:10,430] {bash.py:173} INFO - Norway
[2022-07-09 18:00:10,430] {bash.py:173} INFO - 14883
[2022-07-09 18:00:10,430] {bash.py:173} INFO - Finland: CO2 82, mix [('nuclear', 3273, '44'), ('hydro', 2155, '29'), ('wind', 903, '12')]
[2022-07-09 18:00:10,430] {bash.py:173} INFO - Norway: CO2 41, mix [('hydro', 12451, '84'), ('wind', 1793, '12'), ('gas', 198, '1')]
[2022-07-09 18:00:10,490] {bash.py:177} INFO - Command exited with return code 0
[2022-07-09 18:00:10,508] {taskinstance.py:1159} INFO - Marking task as SUCCESS. dag_id=matchup, task_id=run_script, execution_date=20220709T120000, start_date=20220709T180005, end_date=20220709T180010
[2022-07-09 18:00:10,524] {taskinstance.py:1220} INFO - 0 downstream tasks scheduled from follow-on schedule check
[2022-07-09 18:00:10,570] {local_task_job.py:146} INFO - Task exited with return code 0
