[2022-02-27 00:00:04,420] {taskinstance.py:851} INFO - Dependencies all met for <TaskInstance: matchup.run_script 2022-02-26T18:00:00+00:00 [queued]>
[2022-02-27 00:00:04,426] {taskinstance.py:851} INFO - Dependencies all met for <TaskInstance: matchup.run_script 2022-02-26T18:00:00+00:00 [queued]>
[2022-02-27 00:00:04,426] {taskinstance.py:1042} INFO - 
--------------------------------------------------------------------------------
[2022-02-27 00:00:04,426] {taskinstance.py:1043} INFO - Starting attempt 1 of 6
[2022-02-27 00:00:04,426] {taskinstance.py:1044} INFO - 
--------------------------------------------------------------------------------
[2022-02-27 00:00:04,434] {taskinstance.py:1063} INFO - Executing <Task(BashOperator): run_script> on 2022-02-26T18:00:00+00:00
[2022-02-27 00:00:04,437] {standard_task_runner.py:52} INFO - Started process 120288 to run task
[2022-02-27 00:00:04,444] {standard_task_runner.py:76} INFO - Running: ['airflow', 'tasks', 'run', 'matchup', 'run_script', '2022-02-26T18:00:00+00:00', '--job-id', '90', '--pool', 'default_pool', '--raw', '--subdir', 'DAGS_FOLDER/matchup.py', '--cfg-path', '/tmp/tmpv1_8gx_1', '--error-file', '/tmp/tmp5iy_hy9x']
[2022-02-27 00:00:04,444] {standard_task_runner.py:77} INFO - Job 90: Subtask run_script
[2022-02-27 00:00:04,501] {logging_mixin.py:104} INFO - Running <TaskInstance: matchup.run_script 2022-02-26T18:00:00+00:00 [running]> on host 531edfb863fc
[2022-02-27 00:00:04,524] {taskinstance.py:1255} INFO - Exporting the following env vars:
AIRFLOW_CTX_DAG_EMAIL=r.chesne@gmail.com
AIRFLOW_CTX_DAG_OWNER=Robin
AIRFLOW_CTX_DAG_ID=matchup
AIRFLOW_CTX_TASK_ID=run_script
AIRFLOW_CTX_EXECUTION_DATE=2022-02-26T18:00:00+00:00
AIRFLOW_CTX_DAG_RUN_ID=scheduled__2022-02-26T18:00:00+00:00
[2022-02-27 00:00:04,525] {bash.py:135} INFO - Tmp dir root location: 
 /tmp
[2022-02-27 00:00:04,526] {bash.py:158} INFO - Running command: python /app/scripts/main.py
[2022-02-27 00:00:04,534] {bash.py:169} INFO - Output:
[2022-02-27 00:00:08,640] {bash.py:173} INFO - Portugal: CO2 260, mix [('gas', 2428, '41'), ('wind', 938, '16'), ('nuclear', 890, '15')]
[2022-02-27 00:00:08,640] {bash.py:173} INFO - Italy: CO2 373, mix [('gas', 10924, '38'), ('wind', 4882, '17'), ('coal', 4686, '16')]
[2022-02-27 00:00:08,641] {bash.py:173} INFO - Sweden: CO2 42, mix [('hydro', 5931, '34'), ('wind', 5346, '31'), ('nuclear', 4510, '26')]
[2022-02-27 00:00:08,641] {bash.py:173} INFO - Norway: CO2 28, mix [('hydro', 14470, '86'), ('wind', 1927, '11'), ('hydro discharge', 243, '1')]
[2022-02-27 00:00:08,641] {bash.py:173} INFO - UK: CO2 141, mix [('wind', 13384, '47'), ('nuclear', 5613, '20'), ('gas', 4445, '16')]
[2022-02-27 00:00:08,641] {bash.py:173} INFO - Germany: CO2 441, mix [('coal', 20502, '44'), ('wind', 10797, '23'), ('biomass', 4622, '10')]
[2022-02-27 00:00:08,697] {bash.py:177} INFO - Command exited with return code 0
[2022-02-27 00:00:08,720] {taskinstance.py:1159} INFO - Marking task as SUCCESS. dag_id=matchup, task_id=run_script, execution_date=20220226T180000, start_date=20220227T000004, end_date=20220227T000008
[2022-02-27 00:00:08,760] {taskinstance.py:1220} INFO - 0 downstream tasks scheduled from follow-on schedule check
[2022-02-27 00:00:08,794] {local_task_job.py:146} INFO - Task exited with return code 0
