[2022-07-13 18:00:05,140] {taskinstance.py:851} INFO - Dependencies all met for <TaskInstance: matchup.run_script 2022-07-13T12:00:00+00:00 [queued]>
[2022-07-13 18:00:05,148] {taskinstance.py:851} INFO - Dependencies all met for <TaskInstance: matchup.run_script 2022-07-13T12:00:00+00:00 [queued]>
[2022-07-13 18:00:05,148] {taskinstance.py:1042} INFO - 
--------------------------------------------------------------------------------
[2022-07-13 18:00:05,149] {taskinstance.py:1043} INFO - Starting attempt 1 of 6
[2022-07-13 18:00:05,149] {taskinstance.py:1044} INFO - 
--------------------------------------------------------------------------------
[2022-07-13 18:00:05,158] {taskinstance.py:1063} INFO - Executing <Task(BashOperator): run_script> on 2022-07-13T12:00:00+00:00
[2022-07-13 18:00:05,161] {standard_task_runner.py:52} INFO - Started process 30151 to run task
[2022-07-13 18:00:05,168] {standard_task_runner.py:76} INFO - Running: ['airflow', 'tasks', 'run', 'matchup', 'run_script', '2022-07-13T12:00:00+00:00', '--job-id', '1582', '--pool', 'default_pool', '--raw', '--subdir', 'DAGS_FOLDER/matchup.py', '--cfg-path', '/tmp/tmp62fjzzln', '--error-file', '/tmp/tmpygvubffw']
[2022-07-13 18:00:05,169] {standard_task_runner.py:77} INFO - Job 1582: Subtask run_script
[2022-07-13 18:00:05,206] {logging_mixin.py:104} INFO - Running <TaskInstance: matchup.run_script 2022-07-13T12:00:00+00:00 [running]> on host a41a09215c15
[2022-07-13 18:00:05,242] {taskinstance.py:1255} INFO - Exporting the following env vars:
AIRFLOW_CTX_DAG_EMAIL=r.chesne@gmail.com
AIRFLOW_CTX_DAG_OWNER=Robin
AIRFLOW_CTX_DAG_ID=matchup
AIRFLOW_CTX_TASK_ID=run_script
AIRFLOW_CTX_EXECUTION_DATE=2022-07-13T12:00:00+00:00
AIRFLOW_CTX_DAG_RUN_ID=scheduled__2022-07-13T12:00:00+00:00
[2022-07-13 18:00:05,243] {bash.py:135} INFO - Tmp dir root location: 
 /tmp
[2022-07-13 18:00:05,244] {bash.py:158} INFO - Running command: python /app/scripts/main.py
[2022-07-13 18:00:05,252] {bash.py:169} INFO - Output:
[2022-07-13 18:00:10,043] {bash.py:173} INFO - Italy
[2022-07-13 18:00:10,043] {bash.py:173} INFO - 41237
[2022-07-13 18:00:10,043] {bash.py:173} INFO - Spain
[2022-07-13 18:00:10,043] {bash.py:173} INFO - 39768
[2022-07-13 18:00:10,043] {bash.py:173} INFO - Italy: CO2 358, mix [('gas', 19231, '47'), ('hydro', 6547, '16'), ('solar', 3568, '9')]
[2022-07-13 18:00:10,043] {bash.py:173} INFO - Spain: CO2 235, mix [('gas', 16882, '42'), ('solar', 8655, '22'), ('nuclear', 6791, '17')]
[2022-07-13 18:00:10,043] {bash.py:173} INFO - France
[2022-07-13 18:00:10,043] {bash.py:173} INFO - 54361
[2022-07-13 18:00:10,043] {bash.py:173} INFO - Germany
[2022-07-13 18:00:10,043] {bash.py:173} INFO - 66307
[2022-07-13 18:00:10,043] {bash.py:173} INFO - France: CO2 109, mix [('nuclear', 26193, '48'), ('gas', 7231, '13'), ('solar', 6602, '12')]
[2022-07-13 18:00:10,043] {bash.py:173} INFO - Germany: CO2 324, mix [('coal', 19474, '29'), ('wind', 18552, '28'), ('solar', 9557, '14')]
[2022-07-13 18:00:10,044] {bash.py:173} INFO - Finland
[2022-07-13 18:00:10,044] {bash.py:173} INFO - 7858
[2022-07-13 18:00:10,044] {bash.py:173} INFO - Sweden
[2022-07-13 18:00:10,044] {bash.py:173} INFO - 12463
[2022-07-13 18:00:10,044] {bash.py:173} INFO - Finland: CO2 91, mix [('hydro', 3385, '43'), ('nuclear', 2656, '34'), ('wind', 553, '7')]
[2022-07-13 18:00:10,044] {bash.py:173} INFO - Sweden: CO2 24, mix [('hydro', 5788, '46'), ('nuclear', 4155, '33'), ('wind', 2070, '17')]
[2022-07-13 18:00:10,111] {bash.py:177} INFO - Command exited with return code 0
[2022-07-13 18:00:10,131] {taskinstance.py:1159} INFO - Marking task as SUCCESS. dag_id=matchup, task_id=run_script, execution_date=20220713T120000, start_date=20220713T180005, end_date=20220713T180010
[2022-07-13 18:00:10,147] {taskinstance.py:1220} INFO - 0 downstream tasks scheduled from follow-on schedule check
[2022-07-13 18:00:10,173] {local_task_job.py:146} INFO - Task exited with return code 0
