[2022-06-30 06:00:04,507] {taskinstance.py:851} INFO - Dependencies all met for <TaskInstance: matchup.run_script 2022-06-30T00:00:00+00:00 [queued]>
[2022-06-30 06:00:04,516] {taskinstance.py:851} INFO - Dependencies all met for <TaskInstance: matchup.run_script 2022-06-30T00:00:00+00:00 [queued]>
[2022-06-30 06:00:04,516] {taskinstance.py:1042} INFO - 
--------------------------------------------------------------------------------
[2022-06-30 06:00:04,516] {taskinstance.py:1043} INFO - Starting attempt 1 of 6
[2022-06-30 06:00:04,516] {taskinstance.py:1044} INFO - 
--------------------------------------------------------------------------------
[2022-06-30 06:00:04,530] {taskinstance.py:1063} INFO - Executing <Task(BashOperator): run_script> on 2022-06-30T00:00:00+00:00
[2022-06-30 06:00:04,532] {standard_task_runner.py:52} INFO - Started process 125471 to run task
[2022-06-30 06:00:04,535] {standard_task_runner.py:76} INFO - Running: ['airflow', 'tasks', 'run', 'matchup', 'run_script', '2022-06-30T00:00:00+00:00', '--job-id', '1481', '--pool', 'default_pool', '--raw', '--subdir', 'DAGS_FOLDER/matchup.py', '--cfg-path', '/tmp/tmp4ys41byl', '--error-file', '/tmp/tmpyj4_t2jn']
[2022-06-30 06:00:04,535] {standard_task_runner.py:77} INFO - Job 1481: Subtask run_script
[2022-06-30 06:00:04,568] {logging_mixin.py:104} INFO - Running <TaskInstance: matchup.run_script 2022-06-30T00:00:00+00:00 [running]> on host b5b34dd97903
[2022-06-30 06:00:04,607] {taskinstance.py:1255} INFO - Exporting the following env vars:
AIRFLOW_CTX_DAG_EMAIL=r.chesne@gmail.com
AIRFLOW_CTX_DAG_OWNER=Robin
AIRFLOW_CTX_DAG_ID=matchup
AIRFLOW_CTX_TASK_ID=run_script
AIRFLOW_CTX_EXECUTION_DATE=2022-06-30T00:00:00+00:00
AIRFLOW_CTX_DAG_RUN_ID=scheduled__2022-06-30T00:00:00+00:00
[2022-06-30 06:00:04,608] {bash.py:135} INFO - Tmp dir root location: 
 /tmp
[2022-06-30 06:00:04,608] {bash.py:158} INFO - Running command: python /app/scripts/main.py
[2022-06-30 06:00:04,616] {bash.py:169} INFO - Output:
[2022-06-30 06:00:09,069] {bash.py:173} INFO - Greece
[2022-06-30 06:00:09,070] {bash.py:173} INFO - 4985
[2022-06-30 06:00:09,070] {bash.py:173} INFO - Italy
[2022-06-30 06:00:09,070] {bash.py:173} INFO - 29516
[2022-06-30 06:00:09,070] {bash.py:173} INFO - Greece: CO2 366, mix [('gas', 2474, '50'), ('wind', 952, '19'), ('coal', 669, '13')]
[2022-06-30 06:00:09,070] {bash.py:173} INFO - Italy: CO2 393, mix [('gas', 15043, '51'), ('hydro', 4725, '16'), ('coal', 2800, '9')]
[2022-06-30 06:00:09,070] {bash.py:173} INFO - Finland
[2022-06-30 06:00:09,070] {bash.py:173} INFO - 7801
[2022-06-30 06:00:09,070] {bash.py:173} INFO - Norway
[2022-06-30 06:00:09,070] {bash.py:173} INFO - 10599
[2022-06-30 06:00:09,070] {bash.py:173} INFO - Finland: CO2 84, mix [('nuclear', 3215, '41'), ('hydro', 2741, '35'), ('wind', 661, '8')]
[2022-06-30 06:00:09,070] {bash.py:173} INFO - Norway: CO2 32, mix [('hydro', 9798, '92'), ('wind', 607, '6'), ('gas', 116, '1')]
[2022-06-30 06:00:09,070] {bash.py:173} INFO - Germany
[2022-06-30 06:00:09,070] {bash.py:173} INFO - 55630
[2022-06-30 06:00:09,070] {bash.py:173} INFO - UK
[2022-06-30 06:00:09,070] {bash.py:173} INFO - 20032
[2022-06-30 06:00:09,070] {bash.py:173} INFO - Germany: CO2 443, mix [('coal', 20820, '37'), ('gas', 11542, '21'), ('wind', 7823, '14')]
[2022-06-30 06:00:09,070] {bash.py:173} INFO - UK: CO2 270, mix [('gas', 9892, '49'), ('nuclear', 4786, '24'), ('wind', 3166, '16')]
[2022-06-30 06:00:09,109] {bash.py:177} INFO - Command exited with return code 0
[2022-06-30 06:00:09,122] {taskinstance.py:1159} INFO - Marking task as SUCCESS. dag_id=matchup, task_id=run_script, execution_date=20220630T000000, start_date=20220630T060004, end_date=20220630T060009
[2022-06-30 06:00:09,133] {taskinstance.py:1220} INFO - 0 downstream tasks scheduled from follow-on schedule check
[2022-06-30 06:00:09,148] {local_task_job.py:146} INFO - Task exited with return code 0
