[2022-02-20 00:00:04,474] {taskinstance.py:851} INFO - Dependencies all met for <TaskInstance: matchup.run_script 2022-02-19T18:00:00+00:00 [queued]>
[2022-02-20 00:00:04,479] {taskinstance.py:851} INFO - Dependencies all met for <TaskInstance: matchup.run_script 2022-02-19T18:00:00+00:00 [queued]>
[2022-02-20 00:00:04,479] {taskinstance.py:1042} INFO - 
--------------------------------------------------------------------------------
[2022-02-20 00:00:04,480] {taskinstance.py:1043} INFO - Starting attempt 1 of 6
[2022-02-20 00:00:04,480] {taskinstance.py:1044} INFO - 
--------------------------------------------------------------------------------
[2022-02-20 00:00:04,489] {taskinstance.py:1063} INFO - Executing <Task(BashOperator): run_script> on 2022-02-19T18:00:00+00:00
[2022-02-20 00:00:04,493] {standard_task_runner.py:52} INFO - Started process 20958 to run task
[2022-02-20 00:00:04,501] {standard_task_runner.py:76} INFO - Running: ['airflow', 'tasks', 'run', 'matchup', 'run_script', '2022-02-19T18:00:00+00:00', '--job-id', '22', '--pool', 'default_pool', '--raw', '--subdir', 'DAGS_FOLDER/matchup.py', '--cfg-path', '/tmp/tmps7sf7w1p', '--error-file', '/tmp/tmpa2tgb1g5']
[2022-02-20 00:00:04,502] {standard_task_runner.py:77} INFO - Job 22: Subtask run_script
[2022-02-20 00:00:04,551] {logging_mixin.py:104} INFO - Running <TaskInstance: matchup.run_script 2022-02-19T18:00:00+00:00 [running]> on host 531edfb863fc
[2022-02-20 00:00:04,585] {taskinstance.py:1255} INFO - Exporting the following env vars:
AIRFLOW_CTX_DAG_EMAIL=r.chesne@gmail.com
AIRFLOW_CTX_DAG_OWNER=Robin
AIRFLOW_CTX_DAG_ID=matchup
AIRFLOW_CTX_TASK_ID=run_script
AIRFLOW_CTX_EXECUTION_DATE=2022-02-19T18:00:00+00:00
AIRFLOW_CTX_DAG_RUN_ID=scheduled__2022-02-19T18:00:00+00:00
[2022-02-20 00:00:04,586] {bash.py:135} INFO - Tmp dir root location: 
 /tmp
[2022-02-20 00:00:04,586] {bash.py:158} INFO - Running command: python /app/scripts/main.py
[2022-02-20 00:00:04,596] {bash.py:169} INFO - Output:
[2022-02-20 00:00:08,213] {bash.py:173} INFO - Spain: CO2 154, mix [('nuclear', 7104, '28'), ('wind', 7073, '28'), ('gas', 5712, '23')]
[2022-02-20 00:00:08,213] {bash.py:173} INFO - Italy: CO2 407, mix [('gas', 13967, '58'), ('coal', 3183, '13'), ('wind', 2256, '9')]
[2022-02-20 00:00:08,213] {bash.py:173} INFO - Sweden: CO2 42, mix [('hydro', 8781, '42'), ('nuclear', 5589, '27'), ('wind', 4737, '23')]
[2022-02-20 00:00:08,213] {bash.py:173} INFO - Denmark: CO2 143, mix [('wind', 4488, '70'), ('biomass', 932, '15'), ('coal', 681, '11')]
[2022-02-20 00:00:08,213] {bash.py:173} INFO - UK: CO2 186, mix [('wind', 9690, '38'), ('gas', 7437, '29'), ('nuclear', 4779, '19')]
[2022-02-20 00:00:08,214] {bash.py:173} INFO - France: CO2 45, mix [('nuclear', 39808, '63'), ('wind', 11594, '18'), ('hydro', 7251, '11')]
[2022-02-20 00:00:08,274] {bash.py:177} INFO - Command exited with return code 0
[2022-02-20 00:00:08,295] {taskinstance.py:1159} INFO - Marking task as SUCCESS. dag_id=matchup, task_id=run_script, execution_date=20220219T180000, start_date=20220220T000004, end_date=20220220T000008
[2022-02-20 00:00:08,318] {taskinstance.py:1220} INFO - 0 downstream tasks scheduled from follow-on schedule check
[2022-02-20 00:00:08,327] {local_task_job.py:146} INFO - Task exited with return code 0
