[2022-04-28 06:01:05,365] {taskinstance.py:851} INFO - Dependencies all met for <TaskInstance: matchup.run_script 2022-04-28T00:00:00+00:00 [queued]>
[2022-04-28 06:01:05,371] {taskinstance.py:851} INFO - Dependencies all met for <TaskInstance: matchup.run_script 2022-04-28T00:00:00+00:00 [queued]>
[2022-04-28 06:01:05,371] {taskinstance.py:1042} INFO - 
--------------------------------------------------------------------------------
[2022-04-28 06:01:05,371] {taskinstance.py:1043} INFO - Starting attempt 2 of 6
[2022-04-28 06:01:05,371] {taskinstance.py:1044} INFO - 
--------------------------------------------------------------------------------
[2022-04-28 06:01:05,376] {taskinstance.py:1063} INFO - Executing <Task(BashOperator): run_script> on 2022-04-28T00:00:00+00:00
[2022-04-28 06:01:05,379] {standard_task_runner.py:52} INFO - Started process 353120 to run task
[2022-04-28 06:01:05,384] {standard_task_runner.py:76} INFO - Running: ['airflow', 'tasks', 'run', 'matchup', 'run_script', '2022-04-28T00:00:00+00:00', '--job-id', '314', '--pool', 'default_pool', '--raw', '--subdir', 'DAGS_FOLDER/matchup.py', '--cfg-path', '/tmp/tmpvp5c21nz', '--error-file', '/tmp/tmpq1arc114']
[2022-04-28 06:01:05,385] {standard_task_runner.py:77} INFO - Job 314: Subtask run_script
[2022-04-28 06:01:05,405] {logging_mixin.py:104} INFO - Running <TaskInstance: matchup.run_script 2022-04-28T00:00:00+00:00 [running]> on host 193e33218975
[2022-04-28 06:01:05,419] {taskinstance.py:1255} INFO - Exporting the following env vars:
AIRFLOW_CTX_DAG_EMAIL=r.chesne@gmail.com
AIRFLOW_CTX_DAG_OWNER=Robin
AIRFLOW_CTX_DAG_ID=matchup
AIRFLOW_CTX_TASK_ID=run_script
AIRFLOW_CTX_EXECUTION_DATE=2022-04-28T00:00:00+00:00
AIRFLOW_CTX_DAG_RUN_ID=scheduled__2022-04-28T00:00:00+00:00
[2022-04-28 06:01:05,419] {bash.py:135} INFO - Tmp dir root location: 
 /tmp
[2022-04-28 06:01:05,420] {bash.py:158} INFO - Running command: python /app/scripts/main.py
[2022-04-28 06:01:05,426] {bash.py:169} INFO - Output:
[2022-04-28 06:01:09,919] {bash.py:173} INFO - Italy
[2022-04-28 06:01:09,920] {bash.py:173} INFO - 36350
[2022-04-28 06:01:09,920] {bash.py:173} INFO - Portugal
[2022-04-28 06:01:09,920] {bash.py:173} INFO - 4634
[2022-04-28 06:01:09,920] {bash.py:173} INFO - Italy: CO2 382, mix [('gas', 19287, '53'), ('hydro', 4500, '12'), ('solar', 2782, '8')]
[2022-04-28 06:01:09,920] {bash.py:173} INFO - Portugal: CO2 288, mix [('gas', 2429, '52'), ('wind', 1000, '22'), ('hydro', 751, '16')]
[2022-04-28 06:01:09,920] {bash.py:173} INFO - Sweden
[2022-04-28 06:01:09,920] {bash.py:173} INFO - 19141
[2022-04-28 06:01:09,920] {bash.py:173} INFO - Norway
[2022-04-28 06:01:09,920] {bash.py:173} INFO - 16434
[2022-04-28 06:01:09,920] {bash.py:173} INFO - Sweden: CO2 40, mix [('hydro', 7710, '40'), ('nuclear', 5986, '31'), ('wind', 3771, '20')]
[2022-04-28 06:01:09,920] {bash.py:173} INFO - Norway: CO2 30, mix [('hydro', 14790, '90'), ('wind', 1151, '7'), ('hydro discharge', 259, '2')]
[2022-04-28 06:01:09,920] {bash.py:173} INFO - Germany
[2022-04-28 06:01:09,920] {bash.py:173} INFO - 77505
[2022-04-28 06:01:09,921] {bash.py:173} INFO - UK
[2022-04-28 06:01:09,921] {bash.py:173} INFO - 29034
[2022-04-28 06:01:09,921] {bash.py:173} INFO - Germany: CO2 271, mix [('wind', 34112, '44'), ('coal', 18258, '24'), ('gas', 5600, '7')]
[2022-04-28 06:01:09,921] {bash.py:173} INFO - UK: CO2 235, mix [('gas', 10855, '37'), ('wind', 9460, '33'), ('nuclear', 4950, '17')]
[2022-04-28 06:01:09,954] {bash.py:177} INFO - Command exited with return code 0
[2022-04-28 06:01:09,971] {taskinstance.py:1159} INFO - Marking task as SUCCESS. dag_id=matchup, task_id=run_script, execution_date=20220428T000000, start_date=20220428T060105, end_date=20220428T060109
[2022-04-28 06:01:09,984] {taskinstance.py:1220} INFO - 0 downstream tasks scheduled from follow-on schedule check
[2022-04-28 06:01:10,010] {local_task_job.py:146} INFO - Task exited with return code 0
