[2022-04-19 06:01:05,926] {taskinstance.py:851} INFO - Dependencies all met for <TaskInstance: matchup.run_script 2022-04-19T00:00:00+00:00 [queued]>
[2022-04-19 06:01:05,930] {taskinstance.py:851} INFO - Dependencies all met for <TaskInstance: matchup.run_script 2022-04-19T00:00:00+00:00 [queued]>
[2022-04-19 06:01:05,930] {taskinstance.py:1042} INFO - 
--------------------------------------------------------------------------------
[2022-04-19 06:01:05,930] {taskinstance.py:1043} INFO - Starting attempt 2 of 6
[2022-04-19 06:01:05,930] {taskinstance.py:1044} INFO - 
--------------------------------------------------------------------------------
[2022-04-19 06:01:05,936] {taskinstance.py:1063} INFO - Executing <Task(BashOperator): run_script> on 2022-04-19T00:00:00+00:00
[2022-04-19 06:01:05,939] {standard_task_runner.py:52} INFO - Started process 224885 to run task
[2022-04-19 06:01:05,945] {standard_task_runner.py:76} INFO - Running: ['airflow', 'tasks', 'run', 'matchup', 'run_script', '2022-04-19T00:00:00+00:00', '--job-id', '214', '--pool', 'default_pool', '--raw', '--subdir', 'DAGS_FOLDER/matchup.py', '--cfg-path', '/tmp/tmpohantux_', '--error-file', '/tmp/tmp12lw0zqr']
[2022-04-19 06:01:05,946] {standard_task_runner.py:77} INFO - Job 214: Subtask run_script
[2022-04-19 06:01:05,977] {logging_mixin.py:104} INFO - Running <TaskInstance: matchup.run_script 2022-04-19T00:00:00+00:00 [running]> on host 193e33218975
[2022-04-19 06:01:05,998] {taskinstance.py:1255} INFO - Exporting the following env vars:
AIRFLOW_CTX_DAG_EMAIL=r.chesne@gmail.com
AIRFLOW_CTX_DAG_OWNER=Robin
AIRFLOW_CTX_DAG_ID=matchup
AIRFLOW_CTX_TASK_ID=run_script
AIRFLOW_CTX_EXECUTION_DATE=2022-04-19T00:00:00+00:00
AIRFLOW_CTX_DAG_RUN_ID=scheduled__2022-04-19T00:00:00+00:00
[2022-04-19 06:01:05,999] {bash.py:135} INFO - Tmp dir root location: 
 /tmp
[2022-04-19 06:01:05,999] {bash.py:158} INFO - Running command: python /app/scripts/main.py
[2022-04-19 06:01:06,006] {bash.py:169} INFO - Output:
[2022-04-19 06:01:08,534] {bash.py:173} INFO - Spain
[2022-04-19 06:01:08,534] {bash.py:173} INFO - 20201
[2022-04-19 06:01:08,534] {bash.py:173} INFO - Portugal
[2022-04-19 06:01:08,535] {bash.py:173} INFO - 4256
[2022-04-19 06:01:08,535] {bash.py:173} INFO - Spain: CO2 128, mix [('wind', 7093, '35'), ('nuclear', 6038, '30'), ('gas', 3196, '16')]
[2022-04-19 06:01:08,535] {bash.py:173} INFO - Portugal: CO2 72, mix [('wind', 3367, '79'), ('biomass', 395, '9'), ('gas', 312, '7')]
[2022-04-19 06:01:08,535] {bash.py:173} INFO - Finland
[2022-04-19 06:01:08,535] {bash.py:173} INFO - 8472
[2022-04-19 06:01:08,535] {bash.py:173} INFO - Sweden
[2022-04-19 06:01:08,535] {bash.py:173} INFO - 16390
[2022-04-19 06:01:08,535] {bash.py:173} INFO - Finland: CO2 179, mix [('nuclear', 3817, '45'), ('hydro', 1779, '21'), ('unknown', 968, '11')]
[2022-04-19 06:01:08,535] {bash.py:173} INFO - Sweden: CO2 44, mix [('hydro', 9381, '57'), ('nuclear', 4824, '29'), ('unknown', 1513, '9')]
[2022-04-19 06:01:08,535] {bash.py:173} INFO - France
[2022-04-19 06:01:08,535] {bash.py:173} INFO - 44443
[2022-04-19 06:01:08,536] {bash.py:173} INFO - Germany
[2022-04-19 06:01:08,536] {bash.py:173} INFO - 44696
[2022-04-19 06:01:08,536] {bash.py:173} INFO - France: CO2 85, mix [('nuclear', 28350, '64'), ('gas', 5717, '13'), ('hydro', 5334, '12')]
[2022-04-19 06:01:08,536] {bash.py:173} INFO - Germany: CO2 429, mix [('coal', 17169, '38'), ('wind', 6629, '15'), ('gas', 6403, '14')]
[2022-04-19 06:01:08,570] {bash.py:177} INFO - Command exited with return code 0
[2022-04-19 06:01:08,585] {taskinstance.py:1159} INFO - Marking task as SUCCESS. dag_id=matchup, task_id=run_script, execution_date=20220419T000000, start_date=20220419T060105, end_date=20220419T060108
[2022-04-19 06:01:08,598] {taskinstance.py:1220} INFO - 0 downstream tasks scheduled from follow-on schedule check
[2022-04-19 06:01:08,604] {local_task_job.py:146} INFO - Task exited with return code 0
