[2022-03-08 00:00:04,776] {taskinstance.py:851} INFO - Dependencies all met for <TaskInstance: matchup.run_script 2022-03-07T18:00:00+00:00 [queued]>
[2022-03-08 00:00:04,786] {taskinstance.py:851} INFO - Dependencies all met for <TaskInstance: matchup.run_script 2022-03-07T18:00:00+00:00 [queued]>
[2022-03-08 00:00:04,786] {taskinstance.py:1042} INFO - 
--------------------------------------------------------------------------------
[2022-03-08 00:00:04,786] {taskinstance.py:1043} INFO - Starting attempt 1 of 6
[2022-03-08 00:00:04,787] {taskinstance.py:1044} INFO - 
--------------------------------------------------------------------------------
[2022-03-08 00:00:04,798] {taskinstance.py:1063} INFO - Executing <Task(BashOperator): run_script> on 2022-03-07T18:00:00+00:00
[2022-03-08 00:00:04,803] {standard_task_runner.py:52} INFO - Started process 247782 to run task
[2022-03-08 00:00:04,810] {standard_task_runner.py:76} INFO - Running: ['airflow', 'tasks', 'run', 'matchup', 'run_script', '2022-03-07T18:00:00+00:00', '--job-id', '202', '--pool', 'default_pool', '--raw', '--subdir', 'DAGS_FOLDER/matchup.py', '--cfg-path', '/tmp/tmp3dn55ij4', '--error-file', '/tmp/tmp_5emmh5d']
[2022-03-08 00:00:04,811] {standard_task_runner.py:77} INFO - Job 202: Subtask run_script
[2022-03-08 00:00:04,850] {logging_mixin.py:104} INFO - Running <TaskInstance: matchup.run_script 2022-03-07T18:00:00+00:00 [running]> on host 531edfb863fc
[2022-03-08 00:00:04,893] {taskinstance.py:1255} INFO - Exporting the following env vars:
AIRFLOW_CTX_DAG_EMAIL=r.chesne@gmail.com
AIRFLOW_CTX_DAG_OWNER=Robin
AIRFLOW_CTX_DAG_ID=matchup
AIRFLOW_CTX_TASK_ID=run_script
AIRFLOW_CTX_EXECUTION_DATE=2022-03-07T18:00:00+00:00
AIRFLOW_CTX_DAG_RUN_ID=scheduled__2022-03-07T18:00:00+00:00
[2022-03-08 00:00:04,894] {bash.py:135} INFO - Tmp dir root location: 
 /tmp
[2022-03-08 00:00:04,895] {bash.py:158} INFO - Running command: python /app/scripts/main.py
[2022-03-08 00:00:04,910] {bash.py:169} INFO - Output:
[2022-03-08 00:00:07,007] {bash.py:173} INFO - Traceback (most recent call last):
[2022-03-08 00:00:07,007] {bash.py:173} INFO -   File "/app/scripts/main.py", line 235, in <module>
[2022-03-08 00:00:07,007] {bash.py:173} INFO -     get_matchups()
[2022-03-08 00:00:07,007] {bash.py:173} INFO -   File "/app/scripts/main.py", line 51, in get_matchups
[2022-03-08 00:00:07,007] {bash.py:173} INFO -     get_data(division, country1, country2)
[2022-03-08 00:00:07,007] {bash.py:173} INFO -   File "/app/scripts/main.py", line 232, in get_data
[2022-03-08 00:00:07,007] {bash.py:173} INFO -     get_matchups([division])
[2022-03-08 00:00:07,007] {bash.py:173} INFO -   File "/app/scripts/main.py", line 51, in get_matchups
[2022-03-08 00:00:07,007] {bash.py:173} INFO -     get_data(division, country1, country2)
[2022-03-08 00:00:07,007] {bash.py:173} INFO -   File "/app/scripts/main.py", line 195, in get_data
[2022-03-08 00:00:07,008] {bash.py:173} INFO -     mix_country1 = get_mix(country1)
[2022-03-08 00:00:07,008] {bash.py:173} INFO -   File "/app/scripts/main.py", line 104, in get_mix
[2022-03-08 00:00:07,008] {bash.py:173} INFO -     mix['total_consumption'] += res.get('powerConsumptionTotal')
[2022-03-08 00:00:07,008] {bash.py:173} INFO - TypeError: unsupported operand type(s) for +=: 'int' and 'NoneType'
[2022-03-08 00:00:07,058] {bash.py:177} INFO - Command exited with return code 1
[2022-03-08 00:00:07,067] {taskinstance.py:1455} ERROR - Bash command failed. The command returned a non-zero exit code.
Traceback (most recent call last):
  File "/app/env/lib/python3.8/site-packages/airflow/models/taskinstance.py", line 1112, in _run_raw_task
    self._prepare_and_execute_task_with_callbacks(context, task)
  File "/app/env/lib/python3.8/site-packages/airflow/models/taskinstance.py", line 1285, in _prepare_and_execute_task_with_callbacks
    result = self._execute_task(context, task_copy)
  File "/app/env/lib/python3.8/site-packages/airflow/models/taskinstance.py", line 1315, in _execute_task
    result = task_copy.execute(context=context)
  File "/app/env/lib/python3.8/site-packages/airflow/operators/bash.py", line 180, in execute
    raise AirflowException('Bash command failed. The command returned a non-zero exit code.')
airflow.exceptions.AirflowException: Bash command failed. The command returned a non-zero exit code.
[2022-03-08 00:00:07,069] {taskinstance.py:1496} INFO - Marking task as UP_FOR_RETRY. dag_id=matchup, task_id=run_script, execution_date=20220307T180000, start_date=20220308T000004, end_date=20220308T000007
[2022-03-08 00:00:07,112] {local_task_job.py:146} INFO - Task exited with return code 1
