[2022-03-06 12:00:05,346] {taskinstance.py:851} INFO - Dependencies all met for <TaskInstance: matchup.run_script 2022-03-06T06:00:00+00:00 [queued]>
[2022-03-06 12:00:05,354] {taskinstance.py:851} INFO - Dependencies all met for <TaskInstance: matchup.run_script 2022-03-06T06:00:00+00:00 [queued]>
[2022-03-06 12:00:05,355] {taskinstance.py:1042} INFO - 
--------------------------------------------------------------------------------
[2022-03-06 12:00:05,355] {taskinstance.py:1043} INFO - Starting attempt 1 of 6
[2022-03-06 12:00:05,355] {taskinstance.py:1044} INFO - 
--------------------------------------------------------------------------------
[2022-03-06 12:00:05,365] {taskinstance.py:1063} INFO - Executing <Task(BashOperator): run_script> on 2022-03-06T06:00:00+00:00
[2022-03-06 12:00:05,369] {standard_task_runner.py:52} INFO - Started process 226322 to run task
[2022-03-06 12:00:05,373] {standard_task_runner.py:76} INFO - Running: ['airflow', 'tasks', 'run', 'matchup', 'run_script', '2022-03-06T06:00:00+00:00', '--job-id', '164', '--pool', 'default_pool', '--raw', '--subdir', 'DAGS_FOLDER/matchup.py', '--cfg-path', '/tmp/tmpdr08a7wd', '--error-file', '/tmp/tmpkeyptvqq']
[2022-03-06 12:00:05,373] {standard_task_runner.py:77} INFO - Job 164: Subtask run_script
[2022-03-06 12:00:05,402] {logging_mixin.py:104} INFO - Running <TaskInstance: matchup.run_script 2022-03-06T06:00:00+00:00 [running]> on host 531edfb863fc
[2022-03-06 12:00:05,430] {taskinstance.py:1255} INFO - Exporting the following env vars:
AIRFLOW_CTX_DAG_EMAIL=r.chesne@gmail.com
AIRFLOW_CTX_DAG_OWNER=Robin
AIRFLOW_CTX_DAG_ID=matchup
AIRFLOW_CTX_TASK_ID=run_script
AIRFLOW_CTX_EXECUTION_DATE=2022-03-06T06:00:00+00:00
AIRFLOW_CTX_DAG_RUN_ID=scheduled__2022-03-06T06:00:00+00:00
[2022-03-06 12:00:05,431] {bash.py:135} INFO - Tmp dir root location: 
 /tmp
[2022-03-06 12:00:05,431] {bash.py:158} INFO - Running command: python /app/scripts/main.py
[2022-03-06 12:00:05,438] {bash.py:169} INFO - Output:
[2022-03-06 12:00:10,124] {bash.py:173} INFO - Spain: CO2 150, mix [('nuclear', 6589, '26'), ('solar', 6307, '25'), ('wind', 4525, '18')]
[2022-03-06 12:00:10,124] {bash.py:173} INFO - Italy: CO2 265, mix [('solar', 8889, '29'), ('gas', 6497, '21'), ('hydro', 3312, '11')]
[2022-03-06 12:00:10,124] {bash.py:173} INFO - Denmark: CO2 219, mix [('hydro', 880, '21'), ('biomass', 683, '16'), ('coal', 656, '16')]
[2022-03-06 12:00:10,124] {bash.py:173} INFO - Norway: CO2 28, mix [('hydro', 14300, '83'), ('wind', 1920, '11'), ('hydro discharge', 425, '2')]
[2022-03-06 12:00:10,125] {bash.py:173} INFO - France: CO2 57, mix [('nuclear', 39713, '70'), ('solar', 5976, '10'), ('wind', 3564, '6')]
[2022-03-06 12:00:10,125] {bash.py:173} INFO - Germany: CO2 379, mix [('coal', 19842, '37'), ('solar', 14948, '28'), ('biomass', 4682, '9')]
[2022-03-06 12:00:10,166] {bash.py:177} INFO - Command exited with return code 0
[2022-03-06 12:00:10,184] {taskinstance.py:1159} INFO - Marking task as SUCCESS. dag_id=matchup, task_id=run_script, execution_date=20220306T060000, start_date=20220306T120005, end_date=20220306T120010
[2022-03-06 12:00:10,202] {taskinstance.py:1220} INFO - 0 downstream tasks scheduled from follow-on schedule check
[2022-03-06 12:00:10,209] {local_task_job.py:146} INFO - Task exited with return code 0
