[2022-03-22 00:00:03,867] {taskinstance.py:851} INFO - Dependencies all met for <TaskInstance: matchup.run_script 2022-03-21T18:00:00+00:00 [queued]>
[2022-03-22 00:00:03,872] {taskinstance.py:851} INFO - Dependencies all met for <TaskInstance: matchup.run_script 2022-03-21T18:00:00+00:00 [queued]>
[2022-03-22 00:00:03,872] {taskinstance.py:1042} INFO - 
--------------------------------------------------------------------------------
[2022-03-22 00:00:03,872] {taskinstance.py:1043} INFO - Starting attempt 1 of 6
[2022-03-22 00:00:03,873] {taskinstance.py:1044} INFO - 
--------------------------------------------------------------------------------
[2022-03-22 00:00:03,881] {taskinstance.py:1063} INFO - Executing <Task(BashOperator): run_script> on 2022-03-21T18:00:00+00:00
[2022-03-22 00:00:03,884] {standard_task_runner.py:52} INFO - Started process 447109 to run task
[2022-03-22 00:00:03,890] {standard_task_runner.py:76} INFO - Running: ['airflow', 'tasks', 'run', 'matchup', 'run_script', '2022-03-21T18:00:00+00:00', '--job-id', '421', '--pool', 'default_pool', '--raw', '--subdir', 'DAGS_FOLDER/matchup.py', '--cfg-path', '/tmp/tmpiaozs_ap', '--error-file', '/tmp/tmp_30oihdv']
[2022-03-22 00:00:03,891] {standard_task_runner.py:77} INFO - Job 421: Subtask run_script
[2022-03-22 00:00:03,917] {logging_mixin.py:104} INFO - Running <TaskInstance: matchup.run_script 2022-03-21T18:00:00+00:00 [running]> on host 531edfb863fc
[2022-03-22 00:00:03,949] {taskinstance.py:1255} INFO - Exporting the following env vars:
AIRFLOW_CTX_DAG_EMAIL=r.chesne@gmail.com
AIRFLOW_CTX_DAG_OWNER=Robin
AIRFLOW_CTX_DAG_ID=matchup
AIRFLOW_CTX_TASK_ID=run_script
AIRFLOW_CTX_EXECUTION_DATE=2022-03-21T18:00:00+00:00
AIRFLOW_CTX_DAG_RUN_ID=scheduled__2022-03-21T18:00:00+00:00
[2022-03-22 00:00:03,949] {bash.py:135} INFO - Tmp dir root location: 
 /tmp
[2022-03-22 00:00:03,950] {bash.py:158} INFO - Running command: python /app/scripts/main.py
[2022-03-22 00:00:03,959] {bash.py:169} INFO - Output:
[2022-03-22 00:00:08,083] {bash.py:173} INFO - Italy
[2022-03-22 00:00:08,084] {bash.py:173} INFO - 32961
[2022-03-22 00:00:08,084] {bash.py:173} INFO - Portugal
[2022-03-22 00:00:08,084] {bash.py:173} INFO - 3931
[2022-03-22 00:00:08,084] {bash.py:173} INFO - Italy: CO2 431, mix [('gas', 19403, '59'), ('coal', 3771, '11'), ('wind', 2938, '9')]
[2022-03-22 00:00:08,084] {bash.py:173} INFO - Portugal: CO2 333, mix [('gas', 2370, '60'), ('wind', 633, '16'), ('biomass', 366, '9')]
[2022-03-22 00:00:08,084] {bash.py:173} INFO - Denmark
[2022-03-22 00:00:08,084] {bash.py:173} INFO - 3957
[2022-03-22 00:00:08,084] {bash.py:173} INFO - Sweden
[2022-03-22 00:00:08,084] {bash.py:173} INFO - 16245
[2022-03-22 00:00:08,084] {bash.py:173} INFO - Denmark: CO2 227, mix [('hydro', 1152, '29'), ('wind', 820, '21'), ('coal', 707, '18')]
[2022-03-22 00:00:08,084] {bash.py:173} INFO - Sweden: CO2 40, mix [('hydro', 6812, '42'), ('nuclear', 5462, '34'), ('wind', 2588, '16')]
[2022-03-22 00:00:08,084] {bash.py:173} INFO - UK
[2022-03-22 00:00:08,084] {bash.py:173} INFO - 34479
[2022-03-22 00:00:08,085] {bash.py:173} INFO - Germany
[2022-03-22 00:00:08,085] {bash.py:173} INFO - 50628
[2022-03-22 00:00:08,085] {bash.py:173} INFO - UK: CO2 324, mix [('gas', 18597, '54'), ('nuclear', 6307, '18'), ('wind', 3914, '11')]
[2022-03-22 00:00:08,085] {bash.py:173} INFO - Germany: CO2 441, mix [('coal', 20774, '41'), ('wind', 11239, '22'), ('gas', 6977, '14')]
[2022-03-22 00:00:08,116] {bash.py:177} INFO - Command exited with return code 0
[2022-03-22 00:00:08,134] {taskinstance.py:1159} INFO - Marking task as SUCCESS. dag_id=matchup, task_id=run_script, execution_date=20220321T180000, start_date=20220322T000003, end_date=20220322T000008
[2022-03-22 00:00:08,148] {taskinstance.py:1220} INFO - 0 downstream tasks scheduled from follow-on schedule check
[2022-03-22 00:00:08,163] {local_task_job.py:146} INFO - Task exited with return code 0
