[2022-04-24 18:00:03,473] {taskinstance.py:851} INFO - Dependencies all met for <TaskInstance: matchup.run_script 2022-04-24T12:00:00+00:00 [queued]>
[2022-04-24 18:00:03,478] {taskinstance.py:851} INFO - Dependencies all met for <TaskInstance: matchup.run_script 2022-04-24T12:00:00+00:00 [queued]>
[2022-04-24 18:00:03,478] {taskinstance.py:1042} INFO - 
--------------------------------------------------------------------------------
[2022-04-24 18:00:03,478] {taskinstance.py:1043} INFO - Starting attempt 1 of 6
[2022-04-24 18:00:03,478] {taskinstance.py:1044} INFO - 
--------------------------------------------------------------------------------
[2022-04-24 18:00:03,485] {taskinstance.py:1063} INFO - Executing <Task(BashOperator): run_script> on 2022-04-24T12:00:00+00:00
[2022-04-24 18:00:03,488] {standard_task_runner.py:52} INFO - Started process 303222 to run task
[2022-04-24 18:00:03,495] {standard_task_runner.py:76} INFO - Running: ['airflow', 'tasks', 'run', 'matchup', 'run_script', '2022-04-24T12:00:00+00:00', '--job-id', '272', '--pool', 'default_pool', '--raw', '--subdir', 'DAGS_FOLDER/matchup.py', '--cfg-path', '/tmp/tmp6gwcwbc_', '--error-file', '/tmp/tmpklj6ucsc']
[2022-04-24 18:00:03,496] {standard_task_runner.py:77} INFO - Job 272: Subtask run_script
[2022-04-24 18:00:03,533] {logging_mixin.py:104} INFO - Running <TaskInstance: matchup.run_script 2022-04-24T12:00:00+00:00 [running]> on host 193e33218975
[2022-04-24 18:00:03,555] {taskinstance.py:1255} INFO - Exporting the following env vars:
AIRFLOW_CTX_DAG_EMAIL=r.chesne@gmail.com
AIRFLOW_CTX_DAG_OWNER=Robin
AIRFLOW_CTX_DAG_ID=matchup
AIRFLOW_CTX_TASK_ID=run_script
AIRFLOW_CTX_EXECUTION_DATE=2022-04-24T12:00:00+00:00
AIRFLOW_CTX_DAG_RUN_ID=scheduled__2022-04-24T12:00:00+00:00
[2022-04-24 18:00:03,556] {bash.py:135} INFO - Tmp dir root location: 
 /tmp
[2022-04-24 18:00:03,556] {bash.py:158} INFO - Running command: python /app/scripts/main.py
[2022-04-24 18:00:03,566] {bash.py:169} INFO - Output:
[2022-04-24 18:00:08,315] {bash.py:173} INFO - Italy
[2022-04-24 18:00:08,315] {bash.py:173} INFO - 33555
[2022-04-24 18:00:08,315] {bash.py:173} INFO - Spain
[2022-04-24 18:00:08,315] {bash.py:173} INFO - 31730
[2022-04-24 18:00:08,315] {bash.py:173} INFO - Italy: CO2 412, mix [('gas', 19143, '57'), ('hydro', 3997, '12'), ('wind', 3235, '10')]
[2022-04-24 18:00:08,316] {bash.py:173} INFO - Spain: CO2 158, mix [('wind', 10512, '33'), ('gas', 7179, '23'), ('nuclear', 6067, '19')]
[2022-04-24 18:00:08,316] {bash.py:173} INFO - Norway
[2022-04-24 18:00:08,316] {bash.py:173} INFO - 17969
[2022-04-24 18:00:08,316] {bash.py:173} INFO - Sweden
[2022-04-24 18:00:08,316] {bash.py:173} INFO - 18512
[2022-04-24 18:00:08,316] {bash.py:173} INFO - Norway: CO2 39, mix [('hydro', 15444, '86'), ('wind', 1695, '9'), ('hydro discharge', 286, '2')]
[2022-04-24 18:00:08,316] {bash.py:173} INFO - Sweden: CO2 42, mix [('hydro', 7791, '42'), ('nuclear', 5659, '31'), ('wind', 3430, '19')]
[2022-04-24 18:00:08,316] {bash.py:173} INFO - France
[2022-04-24 18:00:08,316] {bash.py:173} INFO - 56178
[2022-04-24 18:00:08,316] {bash.py:173} INFO - UK
[2022-04-24 18:00:08,317] {bash.py:173} INFO - 34629
[2022-04-24 18:00:08,317] {bash.py:173} INFO - France: CO2 78, mix [('nuclear', 31226, '56'), ('wind', 7820, '14'), ('hydro', 7811, '14')]
[2022-04-24 18:00:08,317] {bash.py:173} INFO - UK: CO2 272, mix [('gas', 14867, '43'), ('wind', 8886, '26'), ('nuclear', 5628, '16')]
[2022-04-24 18:00:08,350] {bash.py:177} INFO - Command exited with return code 0
[2022-04-24 18:00:08,365] {taskinstance.py:1159} INFO - Marking task as SUCCESS. dag_id=matchup, task_id=run_script, execution_date=20220424T120000, start_date=20220424T180003, end_date=20220424T180008
[2022-04-24 18:00:08,377] {taskinstance.py:1220} INFO - 0 downstream tasks scheduled from follow-on schedule check
[2022-04-24 18:00:08,407] {local_task_job.py:146} INFO - Task exited with return code 0
