[2022-03-30 18:00:03,635] {taskinstance.py:851} INFO - Dependencies all met for <TaskInstance: matchup.run_script 2022-03-30T12:00:00+00:00 [queued]>
[2022-03-30 18:00:03,639] {taskinstance.py:851} INFO - Dependencies all met for <TaskInstance: matchup.run_script 2022-03-30T12:00:00+00:00 [queued]>
[2022-03-30 18:00:03,639] {taskinstance.py:1042} INFO - 
--------------------------------------------------------------------------------
[2022-03-30 18:00:03,639] {taskinstance.py:1043} INFO - Starting attempt 1 of 6
[2022-03-30 18:00:03,639] {taskinstance.py:1044} INFO - 
--------------------------------------------------------------------------------
[2022-03-30 18:00:03,646] {taskinstance.py:1063} INFO - Executing <Task(BashOperator): run_script> on 2022-03-30T12:00:00+00:00
[2022-03-30 18:00:03,649] {standard_task_runner.py:52} INFO - Started process 571897 to run task
[2022-03-30 18:00:03,654] {standard_task_runner.py:76} INFO - Running: ['airflow', 'tasks', 'run', 'matchup', 'run_script', '2022-03-30T12:00:00+00:00', '--job-id', '568', '--pool', 'default_pool', '--raw', '--subdir', 'DAGS_FOLDER/matchup.py', '--cfg-path', '/tmp/tmpuh0xqb8j', '--error-file', '/tmp/tmp6duxkzzm']
[2022-03-30 18:00:03,654] {standard_task_runner.py:77} INFO - Job 568: Subtask run_script
[2022-03-30 18:00:03,685] {logging_mixin.py:104} INFO - Running <TaskInstance: matchup.run_script 2022-03-30T12:00:00+00:00 [running]> on host 531edfb863fc
[2022-03-30 18:00:03,706] {taskinstance.py:1255} INFO - Exporting the following env vars:
AIRFLOW_CTX_DAG_EMAIL=r.chesne@gmail.com
AIRFLOW_CTX_DAG_OWNER=Robin
AIRFLOW_CTX_DAG_ID=matchup
AIRFLOW_CTX_TASK_ID=run_script
AIRFLOW_CTX_EXECUTION_DATE=2022-03-30T12:00:00+00:00
AIRFLOW_CTX_DAG_RUN_ID=scheduled__2022-03-30T12:00:00+00:00
[2022-03-30 18:00:03,706] {bash.py:135} INFO - Tmp dir root location: 
 /tmp
[2022-03-30 18:00:03,707] {bash.py:158} INFO - Running command: python /app/scripts/main.py
[2022-03-30 18:00:03,713] {bash.py:169} INFO - Output:
[2022-03-30 18:00:07,605] {bash.py:173} INFO - Spain
[2022-03-30 18:00:07,605] {bash.py:173} INFO - 28808
[2022-03-30 18:00:07,605] {bash.py:173} INFO - Portugal
[2022-03-30 18:00:07,605] {bash.py:173} INFO - 5909
[2022-03-30 18:00:07,605] {bash.py:173} INFO - Spain: CO2 155, mix [('wind', 8955, '31'), ('gas', 6654, '23'), ('nuclear', 5276, '18')]
[2022-03-30 18:00:07,605] {bash.py:173} INFO - Portugal: CO2 180, mix [('wind', 2724, '46'), ('gas', 1800, '30'), ('solar', 549, '9')]
[2022-03-30 18:00:07,605] {bash.py:173} INFO - Finland
[2022-03-30 18:00:07,605] {bash.py:173} INFO - 9816
[2022-03-30 18:00:07,605] {bash.py:173} INFO - Norway
[2022-03-30 18:00:07,605] {bash.py:173} INFO - 17485
[2022-03-30 18:00:07,606] {bash.py:173} INFO - Finland: CO2 200, mix [('nuclear', 3416, '35'), ('hydro', 1976, '20'), ('coal', 1098, '11')]
[2022-03-30 18:00:07,606] {bash.py:173} INFO - Norway: CO2 28, mix [('hydro', 16309, '93'), ('wind', 678, '4'), ('hydro discharge', 353, '2')]
[2022-03-30 18:00:07,606] {bash.py:173} INFO - Germany
[2022-03-30 18:00:07,606] {bash.py:173} INFO - 60004
[2022-03-30 18:00:07,606] {bash.py:173} INFO - France
[2022-03-30 18:00:07,606] {bash.py:173} INFO - 49176
[2022-03-30 18:00:07,606] {bash.py:173} INFO - Germany: CO2 466, mix [('coal', 25182, '42'), ('gas', 10136, '17'), ('biomass', 5223, '9')]
[2022-03-30 18:00:07,606] {bash.py:173} INFO - France: CO2 88, mix [('nuclear', 29901, '61'), ('hydro', 6860, '14'), ('gas', 6761, '14')]
[2022-03-30 18:00:07,645] {bash.py:177} INFO - Command exited with return code 0
[2022-03-30 18:00:07,658] {taskinstance.py:1159} INFO - Marking task as SUCCESS. dag_id=matchup, task_id=run_script, execution_date=20220330T120000, start_date=20220330T180003, end_date=20220330T180007
[2022-03-30 18:00:07,673] {taskinstance.py:1220} INFO - 0 downstream tasks scheduled from follow-on schedule check
[2022-03-30 18:00:07,682] {local_task_job.py:146} INFO - Task exited with return code 0
