[2022-03-12 00:00:03,320] {taskinstance.py:851} INFO - Dependencies all met for <TaskInstance: matchup.run_script 2022-03-11T18:00:00+00:00 [queued]>
[2022-03-12 00:00:03,325] {taskinstance.py:851} INFO - Dependencies all met for <TaskInstance: matchup.run_script 2022-03-11T18:00:00+00:00 [queued]>
[2022-03-12 00:00:03,325] {taskinstance.py:1042} INFO - 
--------------------------------------------------------------------------------
[2022-03-12 00:00:03,326] {taskinstance.py:1043} INFO - Starting attempt 1 of 6
[2022-03-12 00:00:03,326] {taskinstance.py:1044} INFO - 
--------------------------------------------------------------------------------
[2022-03-12 00:00:03,332] {taskinstance.py:1063} INFO - Executing <Task(BashOperator): run_script> on 2022-03-11T18:00:00+00:00
[2022-03-12 00:00:03,335] {standard_task_runner.py:52} INFO - Started process 304791 to run task
[2022-03-12 00:00:03,342] {standard_task_runner.py:76} INFO - Running: ['airflow', 'tasks', 'run', 'matchup', 'run_script', '2022-03-11T18:00:00+00:00', '--job-id', '264', '--pool', 'default_pool', '--raw', '--subdir', 'DAGS_FOLDER/matchup.py', '--cfg-path', '/tmp/tmpt8t2avip', '--error-file', '/tmp/tmpseghhpvx']
[2022-03-12 00:00:03,343] {standard_task_runner.py:77} INFO - Job 264: Subtask run_script
[2022-03-12 00:00:03,377] {logging_mixin.py:104} INFO - Running <TaskInstance: matchup.run_script 2022-03-11T18:00:00+00:00 [running]> on host 531edfb863fc
[2022-03-12 00:00:03,398] {taskinstance.py:1255} INFO - Exporting the following env vars:
AIRFLOW_CTX_DAG_EMAIL=r.chesne@gmail.com
AIRFLOW_CTX_DAG_OWNER=Robin
AIRFLOW_CTX_DAG_ID=matchup
AIRFLOW_CTX_TASK_ID=run_script
AIRFLOW_CTX_EXECUTION_DATE=2022-03-11T18:00:00+00:00
AIRFLOW_CTX_DAG_RUN_ID=scheduled__2022-03-11T18:00:00+00:00
[2022-03-12 00:00:03,399] {bash.py:135} INFO - Tmp dir root location: 
 /tmp
[2022-03-12 00:00:03,399] {bash.py:158} INFO - Running command: python /app/scripts/main.py
[2022-03-12 00:00:03,407] {bash.py:169} INFO - Output:
[2022-03-12 00:00:07,678] {bash.py:173} INFO - Italy
[2022-03-12 00:00:07,679] {bash.py:173} INFO - 33726
[2022-03-12 00:00:07,679] {bash.py:173} INFO - Portugal
[2022-03-12 00:00:07,679] {bash.py:173} INFO - 6031
[2022-03-12 00:00:07,679] {bash.py:173} INFO - Italy: CO2 437, mix [('gas', 20981, '62'), ('unknown', 2740, '8'), ('coal', 2547, '8')]
[2022-03-12 00:00:07,679] {bash.py:173} INFO - Portugal: CO2 245, mix [('gas', 2284, '38'), ('hydro', 1584, '26'), ('hydro discharge', 985, '16')]
[2022-03-12 00:00:07,679] {bash.py:173} INFO - Finland
[2022-03-12 00:00:07,679] {bash.py:173} INFO - 9166
[2022-03-12 00:00:07,679] {bash.py:173} INFO - Denmark
[2022-03-12 00:00:07,679] {bash.py:173} INFO - 4589
[2022-03-12 00:00:07,679] {bash.py:173} INFO - Finland: CO2 168, mix [('nuclear', 3506, '38'), ('hydro', 2078, '23'), ('unknown', 1111, '12')]
[2022-03-12 00:00:07,679] {bash.py:173} INFO - Denmark: CO2 134, mix [('wind', 2729, '59'), ('biomass', 662, '14'), ('coal', 395, '9')]
[2022-03-12 00:00:07,679] {bash.py:173} INFO - UK
[2022-03-12 00:00:07,680] {bash.py:173} INFO - 31804
[2022-03-12 00:00:07,680] {bash.py:173} INFO - France
[2022-03-12 00:00:07,680] {bash.py:173} INFO - 60165
[2022-03-12 00:00:07,680] {bash.py:173} INFO - UK: CO2 180, mix [('wind', 13040, '41'), ('gas', 8422, '26'), ('nuclear', 6576, '21')]
[2022-03-12 00:00:07,680] {bash.py:173} INFO - France: CO2 72, mix [('nuclear', 37227, '62'), ('wind', 9262, '15'), ('gas', 6376, '11')]
[2022-03-12 00:00:07,731] {bash.py:177} INFO - Command exited with return code 0
[2022-03-12 00:00:07,752] {taskinstance.py:1159} INFO - Marking task as SUCCESS. dag_id=matchup, task_id=run_script, execution_date=20220311T180000, start_date=20220312T000003, end_date=20220312T000007
[2022-03-12 00:00:07,772] {taskinstance.py:1220} INFO - 0 downstream tasks scheduled from follow-on schedule check
[2022-03-12 00:00:07,809] {local_task_job.py:146} INFO - Task exited with return code 0
