[2022-06-29 06:00:03,487] {taskinstance.py:851} INFO - Dependencies all met for <TaskInstance: matchup.run_script 2022-06-29T00:00:00+00:00 [queued]>
[2022-06-29 06:00:03,495] {taskinstance.py:851} INFO - Dependencies all met for <TaskInstance: matchup.run_script 2022-06-29T00:00:00+00:00 [queued]>
[2022-06-29 06:00:03,495] {taskinstance.py:1042} INFO - 
--------------------------------------------------------------------------------
[2022-06-29 06:00:03,495] {taskinstance.py:1043} INFO - Starting attempt 1 of 6
[2022-06-29 06:00:03,495] {taskinstance.py:1044} INFO - 
--------------------------------------------------------------------------------
[2022-06-29 06:00:03,501] {taskinstance.py:1063} INFO - Executing <Task(BashOperator): run_script> on 2022-06-29T00:00:00+00:00
[2022-06-29 06:00:03,503] {standard_task_runner.py:52} INFO - Started process 111218 to run task
[2022-06-29 06:00:03,506] {standard_task_runner.py:76} INFO - Running: ['airflow', 'tasks', 'run', 'matchup', 'run_script', '2022-06-29T00:00:00+00:00', '--job-id', '1473', '--pool', 'default_pool', '--raw', '--subdir', 'DAGS_FOLDER/matchup.py', '--cfg-path', '/tmp/tmpikvpuhix', '--error-file', '/tmp/tmpj9utwac2']
[2022-06-29 06:00:03,507] {standard_task_runner.py:77} INFO - Job 1473: Subtask run_script
[2022-06-29 06:00:03,537] {logging_mixin.py:104} INFO - Running <TaskInstance: matchup.run_script 2022-06-29T00:00:00+00:00 [running]> on host b5b34dd97903
[2022-06-29 06:00:03,565] {taskinstance.py:1255} INFO - Exporting the following env vars:
AIRFLOW_CTX_DAG_EMAIL=r.chesne@gmail.com
AIRFLOW_CTX_DAG_OWNER=Robin
AIRFLOW_CTX_DAG_ID=matchup
AIRFLOW_CTX_TASK_ID=run_script
AIRFLOW_CTX_EXECUTION_DATE=2022-06-29T00:00:00+00:00
AIRFLOW_CTX_DAG_RUN_ID=scheduled__2022-06-29T00:00:00+00:00
[2022-06-29 06:00:03,565] {bash.py:135} INFO - Tmp dir root location: 
 /tmp
[2022-06-29 06:00:03,566] {bash.py:158} INFO - Running command: python /app/scripts/main.py
[2022-06-29 06:00:03,571] {bash.py:169} INFO - Output:
[2022-06-29 06:00:06,207] {bash.py:173} INFO - Greece
[2022-06-29 06:00:06,207] {bash.py:173} INFO - 4929
[2022-06-29 06:00:06,207] {bash.py:173} INFO - Spain
[2022-06-29 06:00:06,207] {bash.py:173} INFO - 23954
[2022-06-29 06:00:06,207] {bash.py:173} INFO - Greece: CO2 364, mix [('gas', 2446, '50'), ('wind', 946, '19'), ('coal', 649, '13')]
[2022-06-29 06:00:06,207] {bash.py:173} INFO - Spain: CO2 280, mix [('gas', 10482, '44'), ('nuclear', 6888, '29'), ('hydro', 1994, '8')]
[2022-06-29 06:00:06,207] {bash.py:173} INFO - Sweden
[2022-06-29 06:00:06,207] {bash.py:173} INFO - 11653
[2022-06-29 06:00:06,207] {bash.py:173} INFO - Denmark
[2022-06-29 06:00:06,207] {bash.py:173} INFO - 4624
[2022-06-29 06:00:06,207] {bash.py:173} INFO - Sweden: CO2 27, mix [('hydro', 6019, '52'), ('nuclear', 3649, '31'), ('wind', 1502, '13')]
[2022-06-29 06:00:06,207] {bash.py:173} INFO - Denmark: CO2 144, mix [('hydro', 1596, '35'), ('wind', 1324, '29'), ('gas', 424, '9')]
[2022-06-29 06:00:06,207] {bash.py:173} INFO - France
[2022-06-29 06:00:06,207] {bash.py:173} INFO - 44639
[2022-06-29 06:00:06,207] {bash.py:173} INFO - Germany
[2022-06-29 06:00:06,207] {bash.py:173} INFO - 49517
[2022-06-29 06:00:06,207] {bash.py:173} INFO - France: CO2 83, mix [('nuclear', 29534, '66'), ('gas', 5465, '12'), ('hydro', 4527, '10')]
[2022-06-29 06:00:06,207] {bash.py:173} INFO - Germany: CO2 423, mix [('coal', 18298, '37'), ('gas', 8376, '17'), ('wind', 7949, '16')]
[2022-06-29 06:00:06,239] {bash.py:177} INFO - Command exited with return code 0
[2022-06-29 06:00:06,251] {taskinstance.py:1159} INFO - Marking task as SUCCESS. dag_id=matchup, task_id=run_script, execution_date=20220629T000000, start_date=20220629T060003, end_date=20220629T060006
[2022-06-29 06:00:06,263] {taskinstance.py:1220} INFO - 0 downstream tasks scheduled from follow-on schedule check
[2022-06-29 06:00:06,292] {local_task_job.py:146} INFO - Task exited with return code 0
