[2022-07-05 18:00:05,085] {taskinstance.py:851} INFO - Dependencies all met for <TaskInstance: matchup.run_script 2022-07-05T12:00:00+00:00 [queued]>
[2022-07-05 18:00:05,095] {taskinstance.py:851} INFO - Dependencies all met for <TaskInstance: matchup.run_script 2022-07-05T12:00:00+00:00 [queued]>
[2022-07-05 18:00:05,095] {taskinstance.py:1042} INFO - 
--------------------------------------------------------------------------------
[2022-07-05 18:00:05,095] {taskinstance.py:1043} INFO - Starting attempt 1 of 6
[2022-07-05 18:00:05,095] {taskinstance.py:1044} INFO - 
--------------------------------------------------------------------------------
[2022-07-05 18:00:05,106] {taskinstance.py:1063} INFO - Executing <Task(BashOperator): run_script> on 2022-07-05T12:00:00+00:00
[2022-07-05 18:00:05,109] {standard_task_runner.py:52} INFO - Started process 6530 to run task
[2022-07-05 18:00:05,116] {standard_task_runner.py:76} INFO - Running: ['airflow', 'tasks', 'run', 'matchup', 'run_script', '2022-07-05T12:00:00+00:00', '--job-id', '1513', '--pool', 'default_pool', '--raw', '--subdir', 'DAGS_FOLDER/matchup.py', '--cfg-path', '/tmp/tmp3gs8xq2n', '--error-file', '/tmp/tmphh8t5vxp']
[2022-07-05 18:00:05,117] {standard_task_runner.py:77} INFO - Job 1513: Subtask run_script
[2022-07-05 18:00:05,153] {logging_mixin.py:104} INFO - Running <TaskInstance: matchup.run_script 2022-07-05T12:00:00+00:00 [running]> on host a41a09215c15
[2022-07-05 18:00:05,189] {taskinstance.py:1255} INFO - Exporting the following env vars:
AIRFLOW_CTX_DAG_EMAIL=r.chesne@gmail.com
AIRFLOW_CTX_DAG_OWNER=Robin
AIRFLOW_CTX_DAG_ID=matchup
AIRFLOW_CTX_TASK_ID=run_script
AIRFLOW_CTX_EXECUTION_DATE=2022-07-05T12:00:00+00:00
AIRFLOW_CTX_DAG_RUN_ID=scheduled__2022-07-05T12:00:00+00:00
[2022-07-05 18:00:05,189] {bash.py:135} INFO - Tmp dir root location: 
 /tmp
[2022-07-05 18:00:05,190] {bash.py:158} INFO - Running command: python /app/scripts/main.py
[2022-07-05 18:00:05,200] {bash.py:169} INFO - Output:
[2022-07-05 18:00:10,377] {bash.py:173} INFO - Italy
[2022-07-05 18:00:10,377] {bash.py:173} INFO - 46406
[2022-07-05 18:00:10,379] {bash.py:173} INFO - Greece
[2022-07-05 18:00:10,379] {bash.py:173} INFO - 7148
[2022-07-05 18:00:10,379] {bash.py:173} INFO - Italy: CO2 331, mix [('gas', 19136, '41'), ('hydro', 7857, '17'), ('solar', 5675, '12')]
[2022-07-05 18:00:10,379] {bash.py:173} INFO - Greece: CO2 325, mix [('gas', 2945, '41'), ('wind', 1652, '23'), ('coal', 917, '13')]
[2022-07-05 18:00:10,379] {bash.py:173} INFO - Norway
[2022-07-05 18:00:10,379] {bash.py:173} INFO - 10722
[2022-07-05 18:00:10,379] {bash.py:173} INFO - Sweden
[2022-07-05 18:00:10,379] {bash.py:173} INFO - 12558
[2022-07-05 18:00:10,379] {bash.py:173} INFO - Norway: CO2 35, mix [('hydro', 9732, '91'), ('wind', 631, '6'), ('gas', 191, '2')]
[2022-07-05 18:00:10,380] {bash.py:173} INFO - Sweden: CO2 22, mix [('hydro', 5075, '40'), ('nuclear', 4141, '33'), ('wind', 2930, '23')]
[2022-07-05 18:00:10,380] {bash.py:173} INFO - UK
[2022-07-05 18:00:10,380] {bash.py:173} INFO - 33140
[2022-07-05 18:00:10,380] {bash.py:173} INFO - Germany
[2022-07-05 18:00:10,380] {bash.py:173} INFO - 61834
[2022-07-05 18:00:10,380] {bash.py:173} INFO - UK: CO2 261, mix [('gas', 14195, '43'), ('wind', 7266, '22'), ('nuclear', 5142, '16')]
[2022-07-05 18:00:10,380] {bash.py:173} INFO - Germany: CO2 334, mix [('coal', 19984, '32'), ('solar', 12895, '21'), ('wind', 12281, '20')]
[2022-07-05 18:00:10,421] {bash.py:177} INFO - Command exited with return code 0
[2022-07-05 18:00:10,436] {taskinstance.py:1159} INFO - Marking task as SUCCESS. dag_id=matchup, task_id=run_script, execution_date=20220705T120000, start_date=20220705T180005, end_date=20220705T180010
[2022-07-05 18:00:10,453] {taskinstance.py:1220} INFO - 0 downstream tasks scheduled from follow-on schedule check
[2022-07-05 18:00:10,465] {local_task_job.py:146} INFO - Task exited with return code 0
