[2022-03-18 06:00:03,858] {taskinstance.py:851} INFO - Dependencies all met for <TaskInstance: matchup.run_script 2022-03-18T00:00:00+00:00 [queued]>
[2022-03-18 06:00:03,862] {taskinstance.py:851} INFO - Dependencies all met for <TaskInstance: matchup.run_script 2022-03-18T00:00:00+00:00 [queued]>
[2022-03-18 06:00:03,862] {taskinstance.py:1042} INFO - 
--------------------------------------------------------------------------------
[2022-03-18 06:00:03,862] {taskinstance.py:1043} INFO - Starting attempt 1 of 6
[2022-03-18 06:00:03,862] {taskinstance.py:1044} INFO - 
--------------------------------------------------------------------------------
[2022-03-18 06:00:03,870] {taskinstance.py:1063} INFO - Executing <Task(BashOperator): run_script> on 2022-03-18T00:00:00+00:00
[2022-03-18 06:00:03,874] {standard_task_runner.py:52} INFO - Started process 393744 to run task
[2022-03-18 06:00:03,881] {standard_task_runner.py:76} INFO - Running: ['airflow', 'tasks', 'run', 'matchup', 'run_script', '2022-03-18T00:00:00+00:00', '--job-id', '366', '--pool', 'default_pool', '--raw', '--subdir', 'DAGS_FOLDER/matchup.py', '--cfg-path', '/tmp/tmp1o8tpiv7', '--error-file', '/tmp/tmpaaptl20p']
[2022-03-18 06:00:03,881] {standard_task_runner.py:77} INFO - Job 366: Subtask run_script
[2022-03-18 06:00:03,909] {logging_mixin.py:104} INFO - Running <TaskInstance: matchup.run_script 2022-03-18T00:00:00+00:00 [running]> on host 531edfb863fc
[2022-03-18 06:00:03,931] {taskinstance.py:1255} INFO - Exporting the following env vars:
AIRFLOW_CTX_DAG_EMAIL=r.chesne@gmail.com
AIRFLOW_CTX_DAG_OWNER=Robin
AIRFLOW_CTX_DAG_ID=matchup
AIRFLOW_CTX_TASK_ID=run_script
AIRFLOW_CTX_EXECUTION_DATE=2022-03-18T00:00:00+00:00
AIRFLOW_CTX_DAG_RUN_ID=scheduled__2022-03-18T00:00:00+00:00
[2022-03-18 06:00:03,931] {bash.py:135} INFO - Tmp dir root location: 
 /tmp
[2022-03-18 06:00:03,932] {bash.py:158} INFO - Running command: python /app/scripts/main.py
[2022-03-18 06:00:03,938] {bash.py:169} INFO - Output:
[2022-03-18 06:00:08,667] {bash.py:173} INFO - Italy
[2022-03-18 06:00:08,667] {bash.py:173} INFO - 25403
[2022-03-18 06:00:08,667] {bash.py:173} INFO - Spain
[2022-03-18 06:00:08,667] {bash.py:173} INFO - 21721
[2022-03-18 06:00:08,667] {bash.py:173} INFO - Italy: CO2 381, mix [('gas', 10647, '42'), ('wind', 3855, '15'), ('coal', 3489, '14')]
[2022-03-18 06:00:08,668] {bash.py:173} INFO - Spain: CO2 139, mix [('wind', 10178, '47'), ('nuclear', 4797, '22'), ('gas', 3358, '15')]
[2022-03-18 06:00:08,668] {bash.py:173} INFO - Finland
[2022-03-18 06:00:08,668] {bash.py:173} INFO - 9631
[2022-03-18 06:00:08,668] {bash.py:173} INFO - Norway
[2022-03-18 06:00:08,668] {bash.py:173} INFO - 16008
[2022-03-18 06:00:08,668] {bash.py:173} INFO - Finland: CO2 128, mix [('nuclear', 3354, '35'), ('wind', 3037, '32'), ('hydro', 1101, '11')]
[2022-03-18 06:00:08,668] {bash.py:173} INFO - Norway: CO2 28, mix [('hydro', 12565, '78'), ('wind', 2553, '16'), ('nuclear', 364, '2')]
[2022-03-18 06:00:08,668] {bash.py:173} INFO - Germany
[2022-03-18 06:00:08,668] {bash.py:173} INFO - 48993
[2022-03-18 06:00:08,668] {bash.py:173} INFO - UK
[2022-03-18 06:00:08,668] {bash.py:173} INFO - 25595
[2022-03-18 06:00:08,668] {bash.py:173} INFO - Germany: CO2 447, mix [('coal', 20372, '42'), ('wind', 9532, '19'), ('gas', 6729, '14')]
[2022-03-18 06:00:08,668] {bash.py:173} INFO - UK: CO2 272, mix [('gas', 12471, '49'), ('nuclear', 6258, '24'), ('wind', 2895, '11')]
[2022-03-18 06:00:08,711] {bash.py:177} INFO - Command exited with return code 0
[2022-03-18 06:00:08,732] {taskinstance.py:1159} INFO - Marking task as SUCCESS. dag_id=matchup, task_id=run_script, execution_date=20220318T000000, start_date=20220318T060003, end_date=20220318T060008
[2022-03-18 06:00:08,748] {taskinstance.py:1220} INFO - 0 downstream tasks scheduled from follow-on schedule check
[2022-03-18 06:00:08,754] {local_task_job.py:146} INFO - Task exited with return code 0
