[2022-04-13 06:00:03,150] {taskinstance.py:851} INFO - Dependencies all met for <TaskInstance: matchup.run_script 2022-04-13T00:00:00+00:00 [queued]>
[2022-04-13 06:00:03,155] {taskinstance.py:851} INFO - Dependencies all met for <TaskInstance: matchup.run_script 2022-04-13T00:00:00+00:00 [queued]>
[2022-04-13 06:00:03,155] {taskinstance.py:1042} INFO - 
--------------------------------------------------------------------------------
[2022-04-13 06:00:03,155] {taskinstance.py:1043} INFO - Starting attempt 1 of 6
[2022-04-13 06:00:03,155] {taskinstance.py:1044} INFO - 
--------------------------------------------------------------------------------
[2022-04-13 06:00:03,162] {taskinstance.py:1063} INFO - Executing <Task(BashOperator): run_script> on 2022-04-13T00:00:00+00:00
[2022-04-13 06:00:03,165] {standard_task_runner.py:52} INFO - Started process 139348 to run task
[2022-04-13 06:00:03,168] {standard_task_runner.py:76} INFO - Running: ['airflow', 'tasks', 'run', 'matchup', 'run_script', '2022-04-13T00:00:00+00:00', '--job-id', '145', '--pool', 'default_pool', '--raw', '--subdir', 'DAGS_FOLDER/matchup.py', '--cfg-path', '/tmp/tmpjj3ibmyw', '--error-file', '/tmp/tmp8p_xm2ly']
[2022-04-13 06:00:03,169] {standard_task_runner.py:77} INFO - Job 145: Subtask run_script
[2022-04-13 06:00:03,199] {logging_mixin.py:104} INFO - Running <TaskInstance: matchup.run_script 2022-04-13T00:00:00+00:00 [running]> on host 193e33218975
[2022-04-13 06:00:03,219] {taskinstance.py:1255} INFO - Exporting the following env vars:
AIRFLOW_CTX_DAG_EMAIL=r.chesne@gmail.com
AIRFLOW_CTX_DAG_OWNER=Robin
AIRFLOW_CTX_DAG_ID=matchup
AIRFLOW_CTX_TASK_ID=run_script
AIRFLOW_CTX_EXECUTION_DATE=2022-04-13T00:00:00+00:00
AIRFLOW_CTX_DAG_RUN_ID=scheduled__2022-04-13T00:00:00+00:00
[2022-04-13 06:00:03,220] {bash.py:135} INFO - Tmp dir root location: 
 /tmp
[2022-04-13 06:00:03,220] {bash.py:158} INFO - Running command: python /app/scripts/main.py
[2022-04-13 06:00:03,227] {bash.py:169} INFO - Output:
[2022-04-13 06:00:06,907] {bash.py:173} INFO - Portugal
[2022-04-13 06:00:06,908] {bash.py:173} INFO - 5295
[2022-04-13 06:00:06,908] {bash.py:173} INFO - Spain
[2022-04-13 06:00:06,908] {bash.py:173} INFO - 22006
[2022-04-13 06:00:06,908] {bash.py:173} INFO - Portugal: CO2 248, mix [('gas', 2146, '41'), ('hydro', 985, '19'), ('hydro discharge', 890, '17')]
[2022-04-13 06:00:06,908] {bash.py:173} INFO - Spain: CO2 243, mix [('nuclear', 7140, '32'), ('gas', 7138, '32'), ('hydro', 2555, '12')]
[2022-04-13 06:00:06,908] {bash.py:173} INFO - Denmark
[2022-04-13 06:00:06,908] {bash.py:173} INFO - 3956
[2022-04-13 06:00:06,909] {bash.py:173} INFO - Norway
[2022-04-13 06:00:06,909] {bash.py:173} INFO - 15424
[2022-04-13 06:00:06,909] {bash.py:173} INFO - Denmark: CO2 131, mix [('wind', 2559, '65'), ('coal', 385, '10'), ('biomass', 345, '9')]
[2022-04-13 06:00:06,909] {bash.py:173} INFO - Norway: CO2 31, mix [('hydro', 13050, '85'), ('wind', 1299, '8'), ('nuclear', 485, '3')]
[2022-04-13 06:00:06,909] {bash.py:173} INFO - UK
[2022-04-13 06:00:06,909] {bash.py:173} INFO - 22705
[2022-04-13 06:00:06,909] {bash.py:173} INFO - Hungary
[2022-04-13 06:00:06,909] {bash.py:173} INFO - 4027
[2022-04-13 06:00:06,909] {bash.py:173} INFO - UK: CO2 242, mix [('gas', 10125, '45'), ('nuclear', 5309, '23'), ('wind', 5236, '23')]
[2022-04-13 06:00:06,909] {bash.py:173} INFO - Hungary: CO2 222, mix [('nuclear', 1922, '48'), ('gas', 916, '23'), ('coal', 361, '9')]
[2022-04-13 06:00:06,950] {bash.py:177} INFO - Command exited with return code 0
[2022-04-13 06:00:06,967] {taskinstance.py:1159} INFO - Marking task as SUCCESS. dag_id=matchup, task_id=run_script, execution_date=20220413T000000, start_date=20220413T060003, end_date=20220413T060006
[2022-04-13 06:00:06,982] {taskinstance.py:1220} INFO - 0 downstream tasks scheduled from follow-on schedule check
[2022-04-13 06:00:06,995] {local_task_job.py:146} INFO - Task exited with return code 0
