[2022-07-07 06:00:04,149] {taskinstance.py:851} INFO - Dependencies all met for <TaskInstance: matchup.run_script 2022-07-07T00:00:00+00:00 [queued]>
[2022-07-07 06:00:04,157] {taskinstance.py:851} INFO - Dependencies all met for <TaskInstance: matchup.run_script 2022-07-07T00:00:00+00:00 [queued]>
[2022-07-07 06:00:04,157] {taskinstance.py:1042} INFO - 
--------------------------------------------------------------------------------
[2022-07-07 06:00:04,158] {taskinstance.py:1043} INFO - Starting attempt 1 of 6
[2022-07-07 06:00:04,158] {taskinstance.py:1044} INFO - 
--------------------------------------------------------------------------------
[2022-07-07 06:00:04,167] {taskinstance.py:1063} INFO - Executing <Task(BashOperator): run_script> on 2022-07-07T00:00:00+00:00
[2022-07-07 06:00:04,171] {standard_task_runner.py:52} INFO - Started process 11110 to run task
[2022-07-07 06:00:04,176] {standard_task_runner.py:76} INFO - Running: ['airflow', 'tasks', 'run', 'matchup', 'run_script', '2022-07-07T00:00:00+00:00', '--job-id', '1530', '--pool', 'default_pool', '--raw', '--subdir', 'DAGS_FOLDER/matchup.py', '--cfg-path', '/tmp/tmpnte87f1u', '--error-file', '/tmp/tmplpzyejsd']
[2022-07-07 06:00:04,177] {standard_task_runner.py:77} INFO - Job 1530: Subtask run_script
[2022-07-07 06:00:04,209] {logging_mixin.py:104} INFO - Running <TaskInstance: matchup.run_script 2022-07-07T00:00:00+00:00 [running]> on host a41a09215c15
[2022-07-07 06:00:04,240] {taskinstance.py:1255} INFO - Exporting the following env vars:
AIRFLOW_CTX_DAG_EMAIL=r.chesne@gmail.com
AIRFLOW_CTX_DAG_OWNER=Robin
AIRFLOW_CTX_DAG_ID=matchup
AIRFLOW_CTX_TASK_ID=run_script
AIRFLOW_CTX_EXECUTION_DATE=2022-07-07T00:00:00+00:00
AIRFLOW_CTX_DAG_RUN_ID=scheduled__2022-07-07T00:00:00+00:00
[2022-07-07 06:00:04,240] {bash.py:135} INFO - Tmp dir root location: 
 /tmp
[2022-07-07 06:00:04,241] {bash.py:158} INFO - Running command: python /app/scripts/main.py
[2022-07-07 06:00:04,248] {bash.py:169} INFO - Output:
[2022-07-07 06:00:09,277] {bash.py:173} INFO - Italy
[2022-07-07 06:00:09,278] {bash.py:173} INFO - 31872
[2022-07-07 06:00:09,279] {bash.py:173} INFO - Portugal
[2022-07-07 06:00:09,279] {bash.py:173} INFO - 4752
[2022-07-07 06:00:09,279] {bash.py:173} INFO - Italy: CO2 409, mix [('gas', 15662, '49'), ('hydro', 3906, '12'), ('coal', 3598, '11')]
[2022-07-07 06:00:09,279] {bash.py:173} INFO - Portugal: CO2 217, mix [('wind', 2456, '52'), ('gas', 1869, '39'), ('biomass', 349, '7')]
[2022-07-07 06:00:09,279] {bash.py:173} INFO - Germany
[2022-07-07 06:00:09,279] {bash.py:173} INFO - 52375
[2022-07-07 06:00:09,279] {bash.py:173} INFO - France
[2022-07-07 06:00:09,279] {bash.py:173} INFO - 41971
[2022-07-07 06:00:09,279] {bash.py:173} INFO - Germany: CO2 350, mix [('wind', 18245, '35'), ('coal', 17952, '34'), ('biomass', 4620, '9')]
[2022-07-07 06:00:09,279] {bash.py:173} INFO - France: CO2 91, mix [('nuclear', 26552, '63'), ('gas', 5901, '14'), ('hydro', 4445, '11')]
[2022-07-07 06:00:09,279] {bash.py:173} INFO - Finland
[2022-07-07 06:00:09,279] {bash.py:173} INFO - 7524
[2022-07-07 06:00:09,279] {bash.py:173} INFO - Norway
[2022-07-07 06:00:09,279] {bash.py:173} INFO - 11970
[2022-07-07 06:00:09,280] {bash.py:173} INFO - Finland: CO2 91, mix [('nuclear', 2924, '39'), ('hydro', 2312, '31'), ('wind', 922, '12')]
[2022-07-07 06:00:09,280] {bash.py:173} INFO - Norway: CO2 33, mix [('hydro', 9828, '82'), ('wind', 1460, '12'), ('nuclear', 364, '3')]
[2022-07-07 06:00:09,333] {bash.py:177} INFO - Command exited with return code 0
[2022-07-07 06:00:09,351] {taskinstance.py:1159} INFO - Marking task as SUCCESS. dag_id=matchup, task_id=run_script, execution_date=20220707T000000, start_date=20220707T060004, end_date=20220707T060009
[2022-07-07 06:00:09,367] {taskinstance.py:1220} INFO - 0 downstream tasks scheduled from follow-on schedule check
[2022-07-07 06:00:09,392] {local_task_job.py:146} INFO - Task exited with return code 0
