[2022-02-24 06:00:05,047] {taskinstance.py:851} INFO - Dependencies all met for <TaskInstance: matchup.run_script 2022-02-24T00:00:00+00:00 [queued]>
[2022-02-24 06:00:05,055] {taskinstance.py:851} INFO - Dependencies all met for <TaskInstance: matchup.run_script 2022-02-24T00:00:00+00:00 [queued]>
[2022-02-24 06:00:05,055] {taskinstance.py:1042} INFO - 
--------------------------------------------------------------------------------
[2022-02-24 06:00:05,055] {taskinstance.py:1043} INFO - Starting attempt 1 of 6
[2022-02-24 06:00:05,055] {taskinstance.py:1044} INFO - 
--------------------------------------------------------------------------------
[2022-02-24 06:00:05,068] {taskinstance.py:1063} INFO - Executing <Task(BashOperator): run_script> on 2022-02-24T00:00:00+00:00
[2022-02-24 06:00:05,072] {standard_task_runner.py:52} INFO - Started process 81366 to run task
[2022-02-24 06:00:05,080] {standard_task_runner.py:76} INFO - Running: ['airflow', 'tasks', 'run', 'matchup', 'run_script', '2022-02-24T00:00:00+00:00', '--job-id', '68', '--pool', 'default_pool', '--raw', '--subdir', 'DAGS_FOLDER/matchup.py', '--cfg-path', '/tmp/tmp2wx55d2h', '--error-file', '/tmp/tmpao8uwwd5']
[2022-02-24 06:00:05,080] {standard_task_runner.py:77} INFO - Job 68: Subtask run_script
[2022-02-24 06:00:05,126] {logging_mixin.py:104} INFO - Running <TaskInstance: matchup.run_script 2022-02-24T00:00:00+00:00 [running]> on host 531edfb863fc
[2022-02-24 06:00:05,159] {taskinstance.py:1255} INFO - Exporting the following env vars:
AIRFLOW_CTX_DAG_EMAIL=r.chesne@gmail.com
AIRFLOW_CTX_DAG_OWNER=Robin
AIRFLOW_CTX_DAG_ID=matchup
AIRFLOW_CTX_TASK_ID=run_script
AIRFLOW_CTX_EXECUTION_DATE=2022-02-24T00:00:00+00:00
AIRFLOW_CTX_DAG_RUN_ID=scheduled__2022-02-24T00:00:00+00:00
[2022-02-24 06:00:05,160] {bash.py:135} INFO - Tmp dir root location: 
 /tmp
[2022-02-24 06:00:05,160] {bash.py:158} INFO - Running command: python /app/scripts/main.py
[2022-02-24 06:00:05,173] {bash.py:169} INFO - Output:
[2022-02-24 06:00:10,286] {bash.py:173} INFO - Italy: CO2 394, mix [('gas', 11563, '54'), ('coal', 3352, '16'), ('wind', 2329, '11')]
[2022-02-24 06:00:10,286] {bash.py:173} INFO - Spain: CO2 251, mix [('gas', 10108, '45'), ('nuclear', 7091, '31'), ('wind', 2361, '10')]
[2022-02-24 06:00:10,287] {bash.py:173} INFO - Finland: CO2 133, mix [('wind', 2862, '33'), ('nuclear', 2798, '32'), ('hydro', 1127, '13')]
[2022-02-24 06:00:10,287] {bash.py:173} INFO - Denmark: CO2 150, mix [('wind', 3317, '73'), ('biomass', 695, '15'), ('coal', 336, '7')]
[2022-02-24 06:00:10,287] {bash.py:173} INFO - UK: CO2 162, mix [('wind', 9583, '44'), ('nuclear', 4776, '22'), ('gas', 3019, '14')]
[2022-02-24 06:00:10,287] {bash.py:173} INFO - France: CO2 75, mix [('nuclear', 43654, '72'), ('hydro', 4993, '8'), ('wind', 4428, '7')]
[2022-02-24 06:00:10,347] {bash.py:177} INFO - Command exited with return code 0
[2022-02-24 06:00:10,371] {taskinstance.py:1159} INFO - Marking task as SUCCESS. dag_id=matchup, task_id=run_script, execution_date=20220224T000000, start_date=20220224T060005, end_date=20220224T060010
[2022-02-24 06:00:10,391] {taskinstance.py:1220} INFO - 0 downstream tasks scheduled from follow-on schedule check
[2022-02-24 06:00:10,433] {local_task_job.py:146} INFO - Task exited with return code 0
