[2022-04-20 00:00:03,920] {taskinstance.py:851} INFO - Dependencies all met for <TaskInstance: matchup.run_script 2022-04-19T18:00:00+00:00 [queued]>
[2022-04-20 00:00:03,926] {taskinstance.py:851} INFO - Dependencies all met for <TaskInstance: matchup.run_script 2022-04-19T18:00:00+00:00 [queued]>
[2022-04-20 00:00:03,926] {taskinstance.py:1042} INFO - 
--------------------------------------------------------------------------------
[2022-04-20 00:00:03,926] {taskinstance.py:1043} INFO - Starting attempt 1 of 6
[2022-04-20 00:00:03,926] {taskinstance.py:1044} INFO - 
--------------------------------------------------------------------------------
[2022-04-20 00:00:03,933] {taskinstance.py:1063} INFO - Executing <Task(BashOperator): run_script> on 2022-04-19T18:00:00+00:00
[2022-04-20 00:00:03,936] {standard_task_runner.py:52} INFO - Started process 235545 to run task
[2022-04-20 00:00:03,941] {standard_task_runner.py:76} INFO - Running: ['airflow', 'tasks', 'run', 'matchup', 'run_script', '2022-04-19T18:00:00+00:00', '--job-id', '220', '--pool', 'default_pool', '--raw', '--subdir', 'DAGS_FOLDER/matchup.py', '--cfg-path', '/tmp/tmpxm9yomae', '--error-file', '/tmp/tmp_9tvdqam']
[2022-04-20 00:00:03,942] {standard_task_runner.py:77} INFO - Job 220: Subtask run_script
[2022-04-20 00:00:03,966] {logging_mixin.py:104} INFO - Running <TaskInstance: matchup.run_script 2022-04-19T18:00:00+00:00 [running]> on host 193e33218975
[2022-04-20 00:00:03,986] {taskinstance.py:1255} INFO - Exporting the following env vars:
AIRFLOW_CTX_DAG_EMAIL=r.chesne@gmail.com
AIRFLOW_CTX_DAG_OWNER=Robin
AIRFLOW_CTX_DAG_ID=matchup
AIRFLOW_CTX_TASK_ID=run_script
AIRFLOW_CTX_EXECUTION_DATE=2022-04-19T18:00:00+00:00
AIRFLOW_CTX_DAG_RUN_ID=scheduled__2022-04-19T18:00:00+00:00
[2022-04-20 00:00:03,986] {bash.py:135} INFO - Tmp dir root location: 
 /tmp
[2022-04-20 00:00:03,987] {bash.py:158} INFO - Running command: python /app/scripts/main.py
[2022-04-20 00:00:03,995] {bash.py:169} INFO - Output:
[2022-04-20 00:00:07,993] {bash.py:173} INFO - Spain
[2022-04-20 00:00:07,993] {bash.py:173} INFO - 24707
[2022-04-20 00:00:07,993] {bash.py:173} INFO - Italy
[2022-04-20 00:00:07,993] {bash.py:173} INFO - 28427
[2022-04-20 00:00:07,993] {bash.py:173} INFO - Spain: CO2 101, mix [('wind', 10445, '42'), ('nuclear', 6296, '25'), ('hydro', 3467, '14')]
[2022-04-20 00:00:07,993] {bash.py:173} INFO - Italy: CO2 355, mix [('gas', 12552, '44'), ('wind', 4084, '14'), ('unknown', 2814, '10')]
[2022-04-20 00:00:07,994] {bash.py:173} INFO - Finland
[2022-04-20 00:00:07,994] {bash.py:173} INFO - 7533
[2022-04-20 00:00:07,994] {bash.py:173} INFO - Denmark
[2022-04-20 00:00:07,994] {bash.py:173} INFO - 3432
[2022-04-20 00:00:07,994] {bash.py:173} INFO - Finland: CO2 163, mix [('nuclear', 3712, '49'), ('hydro', 1149, '15'), ('unknown', 926, '12')]
[2022-04-20 00:00:07,994] {bash.py:173} INFO - Denmark: CO2 254, mix [('biomass', 835, '24'), ('wind', 736, '21'), ('hydro', 648, '19')]
[2022-04-20 00:00:07,994] {bash.py:173} INFO - France
[2022-04-20 00:00:07,994] {bash.py:173} INFO - 45416
[2022-04-20 00:00:07,994] {bash.py:173} INFO - Germany
[2022-04-20 00:00:07,994] {bash.py:173} INFO - 43834
[2022-04-20 00:00:07,994] {bash.py:173} INFO - France: CO2 78, mix [('nuclear', 28715, '63'), ('gas', 5254, '12'), ('hydro', 5030, '11')]
[2022-04-20 00:00:07,994] {bash.py:173} INFO - Germany: CO2 388, mix [('coal', 15671, '36'), ('wind', 11821, '27'), ('gas', 4783, '11')]
[2022-04-20 00:00:08,031] {bash.py:177} INFO - Command exited with return code 0
[2022-04-20 00:00:08,047] {taskinstance.py:1159} INFO - Marking task as SUCCESS. dag_id=matchup, task_id=run_script, execution_date=20220419T180000, start_date=20220420T000003, end_date=20220420T000008
[2022-04-20 00:00:08,062] {taskinstance.py:1220} INFO - 0 downstream tasks scheduled from follow-on schedule check
[2022-04-20 00:00:08,086] {local_task_job.py:146} INFO - Task exited with return code 0
