[2022-03-10 06:00:04,462] {taskinstance.py:851} INFO - Dependencies all met for <TaskInstance: matchup.run_script 2022-03-10T00:00:00+00:00 [queued]>
[2022-03-10 06:00:04,467] {taskinstance.py:851} INFO - Dependencies all met for <TaskInstance: matchup.run_script 2022-03-10T00:00:00+00:00 [queued]>
[2022-03-10 06:00:04,468] {taskinstance.py:1042} INFO - 
--------------------------------------------------------------------------------
[2022-03-10 06:00:04,468] {taskinstance.py:1043} INFO - Starting attempt 1 of 6
[2022-03-10 06:00:04,468] {taskinstance.py:1044} INFO - 
--------------------------------------------------------------------------------
[2022-03-10 06:00:04,475] {taskinstance.py:1063} INFO - Executing <Task(BashOperator): run_script> on 2022-03-10T00:00:00+00:00
[2022-03-10 06:00:04,478] {standard_task_runner.py:52} INFO - Started process 279948 to run task
[2022-03-10 06:00:04,484] {standard_task_runner.py:76} INFO - Running: ['airflow', 'tasks', 'run', 'matchup', 'run_script', '2022-03-10T00:00:00+00:00', '--job-id', '244', '--pool', 'default_pool', '--raw', '--subdir', 'DAGS_FOLDER/matchup.py', '--cfg-path', '/tmp/tmppqtc1tfa', '--error-file', '/tmp/tmpah_sz1t4']
[2022-03-10 06:00:04,485] {standard_task_runner.py:77} INFO - Job 244: Subtask run_script
[2022-03-10 06:00:04,517] {logging_mixin.py:104} INFO - Running <TaskInstance: matchup.run_script 2022-03-10T00:00:00+00:00 [running]> on host 531edfb863fc
[2022-03-10 06:00:04,540] {taskinstance.py:1255} INFO - Exporting the following env vars:
AIRFLOW_CTX_DAG_EMAIL=r.chesne@gmail.com
AIRFLOW_CTX_DAG_OWNER=Robin
AIRFLOW_CTX_DAG_ID=matchup
AIRFLOW_CTX_TASK_ID=run_script
AIRFLOW_CTX_EXECUTION_DATE=2022-03-10T00:00:00+00:00
AIRFLOW_CTX_DAG_RUN_ID=scheduled__2022-03-10T00:00:00+00:00
[2022-03-10 06:00:04,540] {bash.py:135} INFO - Tmp dir root location: 
 /tmp
[2022-03-10 06:00:04,541] {bash.py:158} INFO - Running command: python /app/scripts/main.py
[2022-03-10 06:00:04,550] {bash.py:169} INFO - Output:
[2022-03-10 06:00:07,534] {bash.py:173} INFO - Portugal
[2022-03-10 06:00:07,534] {bash.py:173} INFO - 4783
[2022-03-10 06:00:07,534] {bash.py:173} INFO - Spain
[2022-03-10 06:00:07,534] {bash.py:173} INFO - 22075
[2022-03-10 06:00:07,534] {bash.py:173} INFO - Portugal: CO2 239, mix [('gas', 1890, '40'), ('wind', 1643, '34'), ('nuclear', 604, '13')]
[2022-03-10 06:00:07,534] {bash.py:173} INFO - Spain: CO2 182, mix [('nuclear', 7974, '36'), ('gas', 5802, '26'), ('wind', 5384, '24')]
[2022-03-10 06:00:07,534] {bash.py:173} INFO - Sweden
[2022-03-10 06:00:07,534] {bash.py:173} INFO - 18464
[2022-03-10 06:00:07,534] {bash.py:173} INFO - Denmark
[2022-03-10 06:00:07,535] {bash.py:173} INFO - 4093
[2022-03-10 06:00:07,535] {bash.py:173} INFO - Sweden: CO2 40, mix [('nuclear', 5744, '31'), ('wind', 5714, '31'), ('hydro', 5360, '29')]
[2022-03-10 06:00:07,535] {bash.py:173} INFO - Denmark: CO2 184, mix [('wind', 1859, '45'), ('biomass', 655, '16'), ('coal', 515, '13')]
[2022-03-10 06:00:07,535] {bash.py:173} INFO - Germany
[2022-03-10 06:00:07,535] {bash.py:173} INFO - 47643
[2022-03-10 06:00:07,535] {bash.py:173} INFO - France
[2022-03-10 06:00:07,535] {bash.py:173} INFO - 52455
[2022-03-10 06:00:07,535] {bash.py:173} INFO - Germany: CO2 437, mix [('coal', 20738, '44'), ('wind', 11567, '24'), ('biomass', 4519, '9')]
[2022-03-10 06:00:07,535] {bash.py:173} INFO - France: CO2 73, mix [('nuclear', 38332, '73'), ('wind', 5165, '10'), ('gas', 3396, '6')]
[2022-03-10 06:00:07,623] {bash.py:177} INFO - Command exited with return code 0
[2022-03-10 06:00:07,649] {taskinstance.py:1159} INFO - Marking task as SUCCESS. dag_id=matchup, task_id=run_script, execution_date=20220310T000000, start_date=20220310T060004, end_date=20220310T060007
[2022-03-10 06:00:07,663] {taskinstance.py:1220} INFO - 0 downstream tasks scheduled from follow-on schedule check
[2022-03-10 06:00:07,707] {local_task_job.py:146} INFO - Task exited with return code 0
