[2022-03-29 18:00:03,607] {taskinstance.py:851} INFO - Dependencies all met for <TaskInstance: matchup.run_script 2022-03-29T12:00:00+00:00 [queued]>
[2022-03-29 18:00:03,611] {taskinstance.py:851} INFO - Dependencies all met for <TaskInstance: matchup.run_script 2022-03-29T12:00:00+00:00 [queued]>
[2022-03-29 18:00:03,611] {taskinstance.py:1042} INFO - 
--------------------------------------------------------------------------------
[2022-03-29 18:00:03,611] {taskinstance.py:1043} INFO - Starting attempt 1 of 6
[2022-03-29 18:00:03,612] {taskinstance.py:1044} INFO - 
--------------------------------------------------------------------------------
[2022-03-29 18:00:03,618] {taskinstance.py:1063} INFO - Executing <Task(BashOperator): run_script> on 2022-03-29T12:00:00+00:00
[2022-03-29 18:00:03,622] {standard_task_runner.py:52} INFO - Started process 557629 to run task
[2022-03-29 18:00:03,629] {standard_task_runner.py:76} INFO - Running: ['airflow', 'tasks', 'run', 'matchup', 'run_script', '2022-03-29T12:00:00+00:00', '--job-id', '553', '--pool', 'default_pool', '--raw', '--subdir', 'DAGS_FOLDER/matchup.py', '--cfg-path', '/tmp/tmptum6twk5', '--error-file', '/tmp/tmp495tbogy']
[2022-03-29 18:00:03,630] {standard_task_runner.py:77} INFO - Job 553: Subtask run_script
[2022-03-29 18:00:03,668] {logging_mixin.py:104} INFO - Running <TaskInstance: matchup.run_script 2022-03-29T12:00:00+00:00 [running]> on host 531edfb863fc
[2022-03-29 18:00:03,693] {taskinstance.py:1255} INFO - Exporting the following env vars:
AIRFLOW_CTX_DAG_EMAIL=r.chesne@gmail.com
AIRFLOW_CTX_DAG_OWNER=Robin
AIRFLOW_CTX_DAG_ID=matchup
AIRFLOW_CTX_TASK_ID=run_script
AIRFLOW_CTX_EXECUTION_DATE=2022-03-29T12:00:00+00:00
AIRFLOW_CTX_DAG_RUN_ID=scheduled__2022-03-29T12:00:00+00:00
[2022-03-29 18:00:03,694] {bash.py:135} INFO - Tmp dir root location: 
 /tmp
[2022-03-29 18:00:03,695] {bash.py:158} INFO - Running command: python /app/scripts/main.py
[2022-03-29 18:00:03,706] {bash.py:169} INFO - Output:
[2022-03-29 18:00:07,893] {bash.py:173} INFO - Spain
[2022-03-29 18:00:07,893] {bash.py:173} INFO - 28193
[2022-03-29 18:00:07,893] {bash.py:173} INFO - Italy
[2022-03-29 18:00:07,893] {bash.py:173} INFO - 37060
[2022-03-29 18:00:07,894] {bash.py:173} INFO - Spain: CO2 252, mix [('gas', 12257, '43'), ('nuclear', 5686, '20'), ('solar', 3971, '14')]
[2022-03-29 18:00:07,894] {bash.py:173} INFO - Italy: CO2 419, mix [('gas', 21838, '59'), ('solar', 4013, '11'), ('coal', 3565, '10')]
[2022-03-29 18:00:07,894] {bash.py:173} INFO - Denmark
[2022-03-29 18:00:07,894] {bash.py:173} INFO - 4574
[2022-03-29 18:00:07,894] {bash.py:173} INFO - Sweden
[2022-03-29 18:00:07,894] {bash.py:173} INFO - 17740
[2022-03-29 18:00:07,894] {bash.py:173} INFO - Denmark: CO2 242, mix [('wind', 1433, '31'), ('coal', 908, '20'), ('hydro', 677, '15')]
[2022-03-29 18:00:07,894] {bash.py:173} INFO - Sweden: CO2 42, mix [('hydro', 7047, '40'), ('nuclear', 5714, '32'), ('wind', 3328, '19')]
[2022-03-29 18:00:07,894] {bash.py:173} INFO - UK
[2022-03-29 18:00:07,894] {bash.py:173} INFO - 37442
[2022-03-29 18:00:07,894] {bash.py:173} INFO - France
[2022-03-29 18:00:07,894] {bash.py:173} INFO - 48287
[2022-03-29 18:00:07,894] {bash.py:173} INFO - UK: CO2 353, mix [('gas', 21627, '58'), ('nuclear', 6163, '16'), ('solar', 2293, '6')]
[2022-03-29 18:00:07,894] {bash.py:173} INFO - France: CO2 99, mix [('nuclear', 30068, '62'), ('gas', 6877, '14'), ('hydro', 6341, '13')]
[2022-03-29 18:00:07,937] {bash.py:177} INFO - Command exited with return code 0
[2022-03-29 18:00:07,954] {taskinstance.py:1159} INFO - Marking task as SUCCESS. dag_id=matchup, task_id=run_script, execution_date=20220329T120000, start_date=20220329T180003, end_date=20220329T180007
[2022-03-29 18:00:07,970] {taskinstance.py:1220} INFO - 0 downstream tasks scheduled from follow-on schedule check
[2022-03-29 18:00:07,982] {local_task_job.py:146} INFO - Task exited with return code 0
