[2022-04-20 06:00:04,278] {taskinstance.py:851} INFO - Dependencies all met for <TaskInstance: matchup.run_script 2022-04-20T00:00:00+00:00 [queued]>
[2022-04-20 06:00:04,283] {taskinstance.py:851} INFO - Dependencies all met for <TaskInstance: matchup.run_script 2022-04-20T00:00:00+00:00 [queued]>
[2022-04-20 06:00:04,283] {taskinstance.py:1042} INFO - 
--------------------------------------------------------------------------------
[2022-04-20 06:00:04,283] {taskinstance.py:1043} INFO - Starting attempt 1 of 6
[2022-04-20 06:00:04,283] {taskinstance.py:1044} INFO - 
--------------------------------------------------------------------------------
[2022-04-20 06:00:04,290] {taskinstance.py:1063} INFO - Executing <Task(BashOperator): run_script> on 2022-04-20T00:00:00+00:00
[2022-04-20 06:00:04,293] {standard_task_runner.py:52} INFO - Started process 239102 to run task
[2022-04-20 06:00:04,296] {standard_task_runner.py:76} INFO - Running: ['airflow', 'tasks', 'run', 'matchup', 'run_script', '2022-04-20T00:00:00+00:00', '--job-id', '222', '--pool', 'default_pool', '--raw', '--subdir', 'DAGS_FOLDER/matchup.py', '--cfg-path', '/tmp/tmpbsuof_sf', '--error-file', '/tmp/tmp4sfbamqb']
[2022-04-20 06:00:04,296] {standard_task_runner.py:77} INFO - Job 222: Subtask run_script
[2022-04-20 06:00:04,347] {logging_mixin.py:104} INFO - Running <TaskInstance: matchup.run_script 2022-04-20T00:00:00+00:00 [running]> on host 193e33218975
[2022-04-20 06:00:04,366] {taskinstance.py:1255} INFO - Exporting the following env vars:
AIRFLOW_CTX_DAG_EMAIL=r.chesne@gmail.com
AIRFLOW_CTX_DAG_OWNER=Robin
AIRFLOW_CTX_DAG_ID=matchup
AIRFLOW_CTX_TASK_ID=run_script
AIRFLOW_CTX_EXECUTION_DATE=2022-04-20T00:00:00+00:00
AIRFLOW_CTX_DAG_RUN_ID=scheduled__2022-04-20T00:00:00+00:00
[2022-04-20 06:00:04,367] {bash.py:135} INFO - Tmp dir root location: 
 /tmp
[2022-04-20 06:00:04,367] {bash.py:158} INFO - Running command: python /app/scripts/main.py
[2022-04-20 06:00:04,372] {bash.py:169} INFO - Output:
[2022-04-20 06:00:07,738] {bash.py:173} INFO - Portugal
[2022-04-20 06:00:07,738] {bash.py:173} INFO - 4512
[2022-04-20 06:00:07,738] {bash.py:173} INFO - Spain
[2022-04-20 06:00:07,738] {bash.py:173} INFO - 21497
[2022-04-20 06:00:07,738] {bash.py:173} INFO - Portugal: CO2 69, mix [('wind', 3684, '82'), ('biomass', 383, '8'), ('gas', 317, '7')]
[2022-04-20 06:00:07,738] {bash.py:173} INFO - Spain: CO2 104, mix [('wind', 10040, '47'), ('nuclear', 5910, '27'), ('gas', 2592, '12')]
[2022-04-20 06:00:07,738] {bash.py:173} INFO - Norway
[2022-04-20 06:00:07,739] {bash.py:173} INFO - 13961
[2022-04-20 06:00:07,739] {bash.py:173} INFO - Sweden
[2022-04-20 06:00:07,739] {bash.py:173} INFO - 14870
[2022-04-20 06:00:07,739] {bash.py:173} INFO - Norway: CO2 38, mix [('hydro', 12471, '89'), ('wind', 491, '4'), ('gas', 307, '2')]
[2022-04-20 06:00:07,739] {bash.py:173} INFO - Sweden: CO2 43, mix [('hydro', 7925, '53'), ('nuclear', 4420, '30'), ('unknown', 1382, '9')]
[2022-04-20 06:00:07,739] {bash.py:173} INFO - France
[2022-04-20 06:00:07,739] {bash.py:173} INFO - 45106
[2022-04-20 06:00:07,739] {bash.py:173} INFO - UK
[2022-04-20 06:00:07,739] {bash.py:173} INFO - 21588
[2022-04-20 06:00:07,739] {bash.py:173} INFO - France: CO2 84, mix [('nuclear', 27408, '61'), ('gas', 5742, '13'), ('hydro', 5462, '12')]
[2022-04-20 06:00:07,739] {bash.py:173} INFO - UK: CO2 330, mix [('gas', 13199, '61'), ('nuclear', 3794, '18'), ('wind', 2275, '11')]
[2022-04-20 06:00:07,773] {bash.py:177} INFO - Command exited with return code 0
[2022-04-20 06:00:07,793] {taskinstance.py:1159} INFO - Marking task as SUCCESS. dag_id=matchup, task_id=run_script, execution_date=20220420T000000, start_date=20220420T060004, end_date=20220420T060007
[2022-04-20 06:00:07,823] {taskinstance.py:1220} INFO - 0 downstream tasks scheduled from follow-on schedule check
[2022-04-20 06:00:07,840] {local_task_job.py:146} INFO - Task exited with return code 0
