[2022-03-11 00:01:08,315] {taskinstance.py:851} INFO - Dependencies all met for <TaskInstance: matchup.run_script 2022-03-10T18:00:00+00:00 [queued]>
[2022-03-11 00:01:08,321] {taskinstance.py:851} INFO - Dependencies all met for <TaskInstance: matchup.run_script 2022-03-10T18:00:00+00:00 [queued]>
[2022-03-11 00:01:08,322] {taskinstance.py:1042} INFO - 
--------------------------------------------------------------------------------
[2022-03-11 00:01:08,322] {taskinstance.py:1043} INFO - Starting attempt 2 of 6
[2022-03-11 00:01:08,322] {taskinstance.py:1044} INFO - 
--------------------------------------------------------------------------------
[2022-03-11 00:01:08,332] {taskinstance.py:1063} INFO - Executing <Task(BashOperator): run_script> on 2022-03-10T18:00:00+00:00
[2022-03-11 00:01:08,336] {standard_task_runner.py:52} INFO - Started process 290607 to run task
[2022-03-11 00:01:08,342] {standard_task_runner.py:76} INFO - Running: ['airflow', 'tasks', 'run', 'matchup', 'run_script', '2022-03-10T18:00:00+00:00', '--job-id', '253', '--pool', 'default_pool', '--raw', '--subdir', 'DAGS_FOLDER/matchup.py', '--cfg-path', '/tmp/tmpced2tru6', '--error-file', '/tmp/tmpgrahmjxr']
[2022-03-11 00:01:08,342] {standard_task_runner.py:77} INFO - Job 253: Subtask run_script
[2022-03-11 00:01:08,377] {logging_mixin.py:104} INFO - Running <TaskInstance: matchup.run_script 2022-03-10T18:00:00+00:00 [running]> on host 531edfb863fc
[2022-03-11 00:01:08,407] {taskinstance.py:1255} INFO - Exporting the following env vars:
AIRFLOW_CTX_DAG_EMAIL=r.chesne@gmail.com
AIRFLOW_CTX_DAG_OWNER=Robin
AIRFLOW_CTX_DAG_ID=matchup
AIRFLOW_CTX_TASK_ID=run_script
AIRFLOW_CTX_EXECUTION_DATE=2022-03-10T18:00:00+00:00
AIRFLOW_CTX_DAG_RUN_ID=scheduled__2022-03-10T18:00:00+00:00
[2022-03-11 00:01:08,407] {bash.py:135} INFO - Tmp dir root location: 
 /tmp
[2022-03-11 00:01:08,408] {bash.py:158} INFO - Running command: python /app/scripts/main.py
[2022-03-11 00:01:08,417] {bash.py:169} INFO - Output:
[2022-03-11 00:01:11,277] {bash.py:173} INFO - Spain
[2022-03-11 00:01:11,277] {bash.py:173} INFO - 29533
[2022-03-11 00:01:11,278] {bash.py:173} INFO - Portugal
[2022-03-11 00:01:11,278] {bash.py:173} INFO - 6552
[2022-03-11 00:01:11,278] {bash.py:173} INFO - Spain: CO2 146, mix [('wind', 12179, '41'), ('nuclear', 7269, '25'), ('gas', 5974, '20')]
[2022-03-11 00:01:11,278] {bash.py:173} INFO - Portugal: CO2 166, mix [('wind', 4077, '62'), ('gas', 1884, '29'), ('biomass', 403, '6')]
[2022-03-11 00:01:11,278] {bash.py:173} INFO - Finland
[2022-03-11 00:01:11,278] {bash.py:173} INFO - 9400
[2022-03-11 00:01:11,278] {bash.py:173} INFO - Sweden
[2022-03-11 00:01:11,278] {bash.py:173} INFO - 18247
[2022-03-11 00:01:11,278] {bash.py:173} INFO - Finland: CO2 155, mix [('nuclear', 3193, '34'), ('wind', 2443, '26'), ('hydro', 1275, '14')]
[2022-03-11 00:01:11,278] {bash.py:173} INFO - Sweden: CO2 38, mix [('hydro', 6194, '34'), ('nuclear', 5697, '31'), ('wind', 4829, '26')]
[2022-03-11 00:01:11,279] {bash.py:173} INFO - Germany
[2022-03-11 00:01:11,279] {bash.py:173} INFO - 54996
[2022-03-11 00:01:11,279] {bash.py:173} INFO - UK
[2022-03-11 00:01:11,279] {bash.py:173} INFO - 31835
[2022-03-11 00:01:11,279] {bash.py:173} INFO - Germany: CO2 300, mix [('wind', 26175, '48'), ('coal', 16150, '29'), ('biomass', 4369, '8')]
[2022-03-11 00:01:11,279] {bash.py:173} INFO - UK: CO2 190, mix [('wind', 12085, '38'), ('gas', 7941, '25'), ('nuclear', 6595, '21')]
[2022-03-11 00:01:11,330] {bash.py:177} INFO - Command exited with return code 0
[2022-03-11 00:01:11,350] {taskinstance.py:1159} INFO - Marking task as SUCCESS. dag_id=matchup, task_id=run_script, execution_date=20220310T180000, start_date=20220311T000108, end_date=20220311T000111
[2022-03-11 00:01:11,370] {taskinstance.py:1220} INFO - 0 downstream tasks scheduled from follow-on schedule check
[2022-03-11 00:01:11,403] {local_task_job.py:146} INFO - Task exited with return code 0
