[2022-06-22 12:00:03,296] {taskinstance.py:851} INFO - Dependencies all met for <TaskInstance: matchup.run_script 2022-06-22T06:00:00+00:00 [queued]>
[2022-06-22 12:00:03,303] {taskinstance.py:851} INFO - Dependencies all met for <TaskInstance: matchup.run_script 2022-06-22T06:00:00+00:00 [queued]>
[2022-06-22 12:00:03,303] {taskinstance.py:1042} INFO - 
--------------------------------------------------------------------------------
[2022-06-22 12:00:03,303] {taskinstance.py:1043} INFO - Starting attempt 1 of 6
[2022-06-22 12:00:03,303] {taskinstance.py:1044} INFO - 
--------------------------------------------------------------------------------
[2022-06-22 12:00:03,311] {taskinstance.py:1063} INFO - Executing <Task(BashOperator): run_script> on 2022-06-22T06:00:00+00:00
[2022-06-22 12:00:03,314] {standard_task_runner.py:52} INFO - Started process 15052 to run task
[2022-06-22 12:00:03,317] {standard_task_runner.py:76} INFO - Running: ['airflow', 'tasks', 'run', 'matchup', 'run_script', '2022-06-22T06:00:00+00:00', '--job-id', '1419', '--pool', 'default_pool', '--raw', '--subdir', 'DAGS_FOLDER/matchup.py', '--cfg-path', '/tmp/tmp3melkyf0', '--error-file', '/tmp/tmpn9xnry7_']
[2022-06-22 12:00:03,317] {standard_task_runner.py:77} INFO - Job 1419: Subtask run_script
[2022-06-22 12:00:03,343] {logging_mixin.py:104} INFO - Running <TaskInstance: matchup.run_script 2022-06-22T06:00:00+00:00 [running]> on host b5b34dd97903
[2022-06-22 12:00:03,371] {taskinstance.py:1255} INFO - Exporting the following env vars:
AIRFLOW_CTX_DAG_EMAIL=r.chesne@gmail.com
AIRFLOW_CTX_DAG_OWNER=Robin
AIRFLOW_CTX_DAG_ID=matchup
AIRFLOW_CTX_TASK_ID=run_script
AIRFLOW_CTX_EXECUTION_DATE=2022-06-22T06:00:00+00:00
AIRFLOW_CTX_DAG_RUN_ID=scheduled__2022-06-22T06:00:00+00:00
[2022-06-22 12:00:03,372] {bash.py:135} INFO - Tmp dir root location: 
 /tmp
[2022-06-22 12:00:03,372] {bash.py:158} INFO - Running command: python /app/scripts/main.py
[2022-06-22 12:00:03,378] {bash.py:169} INFO - Output:
[2022-06-22 12:00:07,961] {bash.py:173} INFO - Greece
[2022-06-22 12:00:07,961] {bash.py:173} INFO - 6204
[2022-06-22 12:00:07,961] {bash.py:173} INFO - Italy
[2022-06-22 12:00:07,961] {bash.py:173} INFO - 39115
[2022-06-22 12:00:07,962] {bash.py:173} INFO - Greece: CO2 242, mix [('solar', 2441, '39'), ('gas', 2000, '32'), ('wind', 1005, '16')]
[2022-06-22 12:00:07,962] {bash.py:173} INFO - Italy: CO2 298, mix [('gas', 14753, '38'), ('solar', 10542, '27'), ('hydro', 4818, '12')]
[2022-06-22 12:00:07,962] {bash.py:173} INFO - Sweden
[2022-06-22 12:00:07,962] {bash.py:173} INFO - 12742
[2022-06-22 12:00:07,962] {bash.py:173} INFO - Norway
[2022-06-22 12:00:07,962] {bash.py:173} INFO - 12047
[2022-06-22 12:00:07,962] {bash.py:173} INFO - Sweden: CO2 28, mix [('hydro', 6694, '53'), ('nuclear', 3820, '30'), ('wind', 1390, '11')]
[2022-06-22 12:00:07,962] {bash.py:173} INFO - Norway: CO2 31, mix [('hydro', 11246, '93'), ('wind', 579, '5'), ('gas', 124, '1')]
[2022-06-22 12:00:07,962] {bash.py:173} INFO - France
[2022-06-22 12:00:07,962] {bash.py:173} INFO - 52170
[2022-06-22 12:00:07,962] {bash.py:173} INFO - Germany
[2022-06-22 12:00:07,962] {bash.py:173} INFO - 68643
[2022-06-22 12:00:07,962] {bash.py:173} INFO - France: CO2 64, mix [('nuclear', 29735, '57'), ('hydro', 6780, '13'), ('solar', 6461, '12')]
[2022-06-22 12:00:07,962] {bash.py:173} INFO - Germany: CO2 349, mix [('solar', 25212, '37'), ('coal', 20600, '30'), ('gas', 8669, '13')]
[2022-06-22 12:00:07,994] {bash.py:177} INFO - Command exited with return code 0
[2022-06-22 12:00:08,006] {taskinstance.py:1159} INFO - Marking task as SUCCESS. dag_id=matchup, task_id=run_script, execution_date=20220622T060000, start_date=20220622T120003, end_date=20220622T120008
[2022-06-22 12:00:08,018] {taskinstance.py:1220} INFO - 0 downstream tasks scheduled from follow-on schedule check
[2022-06-22 12:00:08,027] {local_task_job.py:146} INFO - Task exited with return code 0
