[2022-04-16 06:00:03,856] {taskinstance.py:851} INFO - Dependencies all met for <TaskInstance: matchup.run_script 2022-04-16T00:00:00+00:00 [queued]>
[2022-04-16 06:00:03,860] {taskinstance.py:851} INFO - Dependencies all met for <TaskInstance: matchup.run_script 2022-04-16T00:00:00+00:00 [queued]>
[2022-04-16 06:00:03,860] {taskinstance.py:1042} INFO - 
--------------------------------------------------------------------------------
[2022-04-16 06:00:03,860] {taskinstance.py:1043} INFO - Starting attempt 1 of 6
[2022-04-16 06:00:03,860] {taskinstance.py:1044} INFO - 
--------------------------------------------------------------------------------
[2022-04-16 06:00:03,868] {taskinstance.py:1063} INFO - Executing <Task(BashOperator): run_script> on 2022-04-16T00:00:00+00:00
[2022-04-16 06:00:03,871] {standard_task_runner.py:52} INFO - Started process 182106 to run task
[2022-04-16 06:00:03,876] {standard_task_runner.py:76} INFO - Running: ['airflow', 'tasks', 'run', 'matchup', 'run_script', '2022-04-16T00:00:00+00:00', '--job-id', '179', '--pool', 'default_pool', '--raw', '--subdir', 'DAGS_FOLDER/matchup.py', '--cfg-path', '/tmp/tmpm1ggxxeo', '--error-file', '/tmp/tmp9zsj8rcg']
[2022-04-16 06:00:03,876] {standard_task_runner.py:77} INFO - Job 179: Subtask run_script
[2022-04-16 06:00:03,902] {logging_mixin.py:104} INFO - Running <TaskInstance: matchup.run_script 2022-04-16T00:00:00+00:00 [running]> on host 193e33218975
[2022-04-16 06:00:03,925] {taskinstance.py:1255} INFO - Exporting the following env vars:
AIRFLOW_CTX_DAG_EMAIL=r.chesne@gmail.com
AIRFLOW_CTX_DAG_OWNER=Robin
AIRFLOW_CTX_DAG_ID=matchup
AIRFLOW_CTX_TASK_ID=run_script
AIRFLOW_CTX_EXECUTION_DATE=2022-04-16T00:00:00+00:00
AIRFLOW_CTX_DAG_RUN_ID=scheduled__2022-04-16T00:00:00+00:00
[2022-04-16 06:00:03,926] {bash.py:135} INFO - Tmp dir root location: 
 /tmp
[2022-04-16 06:00:03,926] {bash.py:158} INFO - Running command: python /app/scripts/main.py
[2022-04-16 06:00:03,934] {bash.py:169} INFO - Output:
[2022-04-16 06:00:07,549] {bash.py:173} INFO - Italy
[2022-04-16 06:00:07,550] {bash.py:173} INFO - 22646
[2022-04-16 06:00:07,550] {bash.py:173} INFO - Portugal
[2022-04-16 06:00:07,550] {bash.py:173} INFO - 3988
[2022-04-16 06:00:07,550] {bash.py:173} INFO - Italy: CO2 340, mix [('gas', 8237, '36'), ('unknown', 2904, '13'), ('hydro', 2702, '12')]
[2022-04-16 06:00:07,550] {bash.py:173} INFO - Portugal: CO2 251, mix [('gas', 1485, '37'), ('nuclear', 854, '21'), ('wind', 512, '13')]
[2022-04-16 06:00:07,550] {bash.py:173} INFO - Sweden
[2022-04-16 06:00:07,550] {bash.py:173} INFO - 13930
[2022-04-16 06:00:07,550] {bash.py:173} INFO - Finland
[2022-04-16 06:00:07,550] {bash.py:173} INFO - 8151
[2022-04-16 06:00:07,550] {bash.py:173} INFO - Sweden: CO2 40, mix [('hydro', 6025, '43'), ('nuclear', 5121, '37'), ('wind', 1618, '12')]
[2022-04-16 06:00:07,550] {bash.py:173} INFO - Finland: CO2 174, mix [('nuclear', 3867, '47'), ('hydro', 1539, '19'), ('unknown', 976, '12')]
[2022-04-16 06:00:07,550] {bash.py:173} INFO - UK
[2022-04-16 06:00:07,550] {bash.py:173} INFO - 19237
[2022-04-16 06:00:07,550] {bash.py:173} INFO - Germany
[2022-04-16 06:00:07,550] {bash.py:173} INFO - 37968
[2022-04-16 06:00:07,550] {bash.py:173} INFO - UK: CO2 178, mix [('nuclear', 7072, '37'), ('gas', 5831, '30'), ('wind', 4787, '25')]
[2022-04-16 06:00:07,550] {bash.py:173} INFO - Germany: CO2 368, mix [('coal', 13470, '35'), ('wind', 11522, '30'), ('biomass', 4006, '11')]
[2022-04-16 06:00:07,585] {bash.py:177} INFO - Command exited with return code 0
[2022-04-16 06:00:07,610] {taskinstance.py:1159} INFO - Marking task as SUCCESS. dag_id=matchup, task_id=run_script, execution_date=20220416T000000, start_date=20220416T060003, end_date=20220416T060007
[2022-04-16 06:00:07,631] {taskinstance.py:1220} INFO - 0 downstream tasks scheduled from follow-on schedule check
[2022-04-16 06:00:07,660] {local_task_job.py:146} INFO - Task exited with return code 0
