[2022-07-08 12:00:04,522] {taskinstance.py:851} INFO - Dependencies all met for <TaskInstance: matchup.run_script 2022-07-08T06:00:00+00:00 [queued]>
[2022-07-08 12:00:04,529] {taskinstance.py:851} INFO - Dependencies all met for <TaskInstance: matchup.run_script 2022-07-08T06:00:00+00:00 [queued]>
[2022-07-08 12:00:04,529] {taskinstance.py:1042} INFO - 
--------------------------------------------------------------------------------
[2022-07-08 12:00:04,529] {taskinstance.py:1043} INFO - Starting attempt 1 of 6
[2022-07-08 12:00:04,529] {taskinstance.py:1044} INFO - 
--------------------------------------------------------------------------------
[2022-07-08 12:00:04,540] {taskinstance.py:1063} INFO - Executing <Task(BashOperator): run_script> on 2022-07-08T06:00:00+00:00
[2022-07-08 12:00:04,542] {standard_task_runner.py:52} INFO - Started process 14772 to run task
[2022-07-08 12:00:04,548] {standard_task_runner.py:76} INFO - Running: ['airflow', 'tasks', 'run', 'matchup', 'run_script', '2022-07-08T06:00:00+00:00', '--job-id', '1540', '--pool', 'default_pool', '--raw', '--subdir', 'DAGS_FOLDER/matchup.py', '--cfg-path', '/tmp/tmp9zw5we3y', '--error-file', '/tmp/tmpi99x_pgm']
[2022-07-08 12:00:04,549] {standard_task_runner.py:77} INFO - Job 1540: Subtask run_script
[2022-07-08 12:00:04,581] {logging_mixin.py:104} INFO - Running <TaskInstance: matchup.run_script 2022-07-08T06:00:00+00:00 [running]> on host a41a09215c15
[2022-07-08 12:00:04,613] {taskinstance.py:1255} INFO - Exporting the following env vars:
AIRFLOW_CTX_DAG_EMAIL=r.chesne@gmail.com
AIRFLOW_CTX_DAG_OWNER=Robin
AIRFLOW_CTX_DAG_ID=matchup
AIRFLOW_CTX_TASK_ID=run_script
AIRFLOW_CTX_EXECUTION_DATE=2022-07-08T06:00:00+00:00
AIRFLOW_CTX_DAG_RUN_ID=scheduled__2022-07-08T06:00:00+00:00
[2022-07-08 12:00:04,613] {bash.py:135} INFO - Tmp dir root location: 
 /tmp
[2022-07-08 12:00:04,614] {bash.py:158} INFO - Running command: python /app/scripts/main.py
[2022-07-08 12:00:04,621] {bash.py:169} INFO - Output:
[2022-07-08 12:00:09,077] {bash.py:173} INFO - Italy
[2022-07-08 12:00:09,078] {bash.py:173} INFO - 44046
[2022-07-08 12:00:09,079] {bash.py:173} INFO - Spain
[2022-07-08 12:00:09,079] {bash.py:173} INFO - 36685
[2022-07-08 12:00:09,079] {bash.py:173} INFO - Italy: CO2 325, mix [('gas', 18903, '43'), ('solar', 10571, '24'), ('hydro', 4956, '11')]
[2022-07-08 12:00:09,079] {bash.py:173} INFO - Spain: CO2 164, mix [('solar', 11976, '33'), ('gas', 8076, '22'), ('nuclear', 6932, '19')]
[2022-07-08 12:00:09,079] {bash.py:173} INFO - UK
[2022-07-08 12:00:09,079] {bash.py:173} INFO - 30321
[2022-07-08 12:00:09,079] {bash.py:173} INFO - Netherlands
[2022-07-08 12:00:09,079] {bash.py:173} INFO - 8549
[2022-07-08 12:00:09,079] {bash.py:173} INFO - UK: CO2 235, mix [('gas', 11655, '38'), ('wind', 6464, '21'), ('nuclear', 4853, '16')]
[2022-07-08 12:00:09,079] {bash.py:173} INFO - Netherlands: CO2 271, mix [('gas', 3434, '40'), ('solar', 3150, '37'), ('wind', 1128, '13')]
[2022-07-08 12:00:09,079] {bash.py:173} INFO - Sweden
[2022-07-08 12:00:09,079] {bash.py:173} INFO - 12564
[2022-07-08 12:00:09,079] {bash.py:173} INFO - Denmark
[2022-07-08 12:00:09,080] {bash.py:173} INFO - 3593
[2022-07-08 12:00:09,080] {bash.py:173} INFO - Sweden: CO2 24, mix [('hydro', 5628, '45'), ('nuclear', 4231, '34'), ('wind', 2026, '16')]
[2022-07-08 12:00:09,080] {bash.py:173} INFO - Denmark: CO2 109, mix [('wind', 1545, '43'), ('solar', 572, '16'), ('hydro', 489, '14')]
[2022-07-08 12:00:09,170] {bash.py:177} INFO - Command exited with return code 0
[2022-07-08 12:00:09,211] {taskinstance.py:1159} INFO - Marking task as SUCCESS. dag_id=matchup, task_id=run_script, execution_date=20220708T060000, start_date=20220708T120004, end_date=20220708T120009
[2022-07-08 12:00:09,229] {taskinstance.py:1220} INFO - 0 downstream tasks scheduled from follow-on schedule check
[2022-07-08 12:00:09,255] {local_task_job.py:146} INFO - Task exited with return code 0
