[2022-04-05 18:01:05,130] {taskinstance.py:851} INFO - Dependencies all met for <TaskInstance: matchup.run_script 2022-04-05T12:00:00+00:00 [queued]>
[2022-04-05 18:01:05,136] {taskinstance.py:851} INFO - Dependencies all met for <TaskInstance: matchup.run_script 2022-04-05T12:00:00+00:00 [queued]>
[2022-04-05 18:01:05,136] {taskinstance.py:1042} INFO - 
--------------------------------------------------------------------------------
[2022-04-05 18:01:05,136] {taskinstance.py:1043} INFO - Starting attempt 2 of 6
[2022-04-05 18:01:05,136] {taskinstance.py:1044} INFO - 
--------------------------------------------------------------------------------
[2022-04-05 18:01:05,144] {taskinstance.py:1063} INFO - Executing <Task(BashOperator): run_script> on 2022-04-05T12:00:00+00:00
[2022-04-05 18:01:05,148] {standard_task_runner.py:52} INFO - Started process 32470 to run task
[2022-04-05 18:01:05,151] {standard_task_runner.py:76} INFO - Running: ['airflow', 'tasks', 'run', 'matchup', 'run_script', '2022-04-05T12:00:00+00:00', '--job-id', '58', '--pool', 'default_pool', '--raw', '--subdir', 'DAGS_FOLDER/matchup.py', '--cfg-path', '/tmp/tmphb0mp2rw', '--error-file', '/tmp/tmpql_fpgds']
[2022-04-05 18:01:05,151] {standard_task_runner.py:77} INFO - Job 58: Subtask run_script
[2022-04-05 18:01:05,173] {logging_mixin.py:104} INFO - Running <TaskInstance: matchup.run_script 2022-04-05T12:00:00+00:00 [running]> on host 193e33218975
[2022-04-05 18:01:05,192] {taskinstance.py:1255} INFO - Exporting the following env vars:
AIRFLOW_CTX_DAG_EMAIL=r.chesne@gmail.com
AIRFLOW_CTX_DAG_OWNER=Robin
AIRFLOW_CTX_DAG_ID=matchup
AIRFLOW_CTX_TASK_ID=run_script
AIRFLOW_CTX_EXECUTION_DATE=2022-04-05T12:00:00+00:00
AIRFLOW_CTX_DAG_RUN_ID=scheduled__2022-04-05T12:00:00+00:00
[2022-04-05 18:01:05,192] {bash.py:135} INFO - Tmp dir root location: 
 /tmp
[2022-04-05 18:01:05,193] {bash.py:158} INFO - Running command: python /app/scripts/main.py
[2022-04-05 18:01:05,200] {bash.py:169} INFO - Output:
[2022-04-05 18:01:10,017] {bash.py:173} INFO - Italy
[2022-04-05 18:01:10,017] {bash.py:173} INFO - 37144
[2022-04-05 18:01:10,017] {bash.py:173} INFO - Spain
[2022-04-05 18:01:10,017] {bash.py:173} INFO - 31209
[2022-04-05 18:01:10,017] {bash.py:173} INFO - Italy: CO2 407, mix [('gas', 21042, '57'), ('solar', 5514, '15'), ('coal', 3264, '9')]
[2022-04-05 18:01:10,017] {bash.py:173} INFO - Spain: CO2 223, mix [('gas', 9941, '32'), ('nuclear', 7024, '23'), ('wind', 5011, '16')]
[2022-04-05 18:01:10,017] {bash.py:173} INFO - Norway
[2022-04-05 18:01:10,017] {bash.py:173} INFO - 17569
[2022-04-05 18:01:10,017] {bash.py:173} INFO - Sweden
[2022-04-05 18:01:10,017] {bash.py:173} INFO - 18401
[2022-04-05 18:01:10,018] {bash.py:173} INFO - Norway: CO2 29, mix [('hydro', 14991, '85'), ('wind', 1571, '9'), ('hydro discharge', 424, '2')]
[2022-04-05 18:01:10,018] {bash.py:173} INFO - Sweden: CO2 39, mix [('hydro', 6050, '33'), ('nuclear', 5548, '30'), ('wind', 5216, '28')]
[2022-04-05 18:01:10,018] {bash.py:173} INFO - Germany
[2022-04-05 18:01:10,018] {bash.py:173} INFO - 64990
[2022-04-05 18:01:10,018] {bash.py:173} INFO - France
[2022-04-05 18:01:10,018] {bash.py:173} INFO - 54756
[2022-04-05 18:01:10,018] {bash.py:173} INFO - Germany: CO2 383, mix [('coal', 23040, '35'), ('wind', 17779, '27'), ('gas', 5235, '8')]
[2022-04-05 18:01:10,018] {bash.py:173} INFO - France: CO2 81, mix [('nuclear', 31971, '58'), ('gas', 6849, '13'), ('wind', 6465, '12')]
[2022-04-05 18:01:10,065] {bash.py:177} INFO - Command exited with return code 0
[2022-04-05 18:01:10,081] {taskinstance.py:1159} INFO - Marking task as SUCCESS. dag_id=matchup, task_id=run_script, execution_date=20220405T120000, start_date=20220405T180105, end_date=20220405T180110
[2022-04-05 18:01:10,094] {taskinstance.py:1220} INFO - 0 downstream tasks scheduled from follow-on schedule check
[2022-04-05 18:01:10,101] {local_task_job.py:146} INFO - Task exited with return code 0
