[2022-02-28 12:00:04,594] {taskinstance.py:851} INFO - Dependencies all met for <TaskInstance: matchup.run_script 2022-02-28T06:00:00+00:00 [queued]>
[2022-02-28 12:00:04,603] {taskinstance.py:851} INFO - Dependencies all met for <TaskInstance: matchup.run_script 2022-02-28T06:00:00+00:00 [queued]>
[2022-02-28 12:00:04,603] {taskinstance.py:1042} INFO - 
--------------------------------------------------------------------------------
[2022-02-28 12:00:04,603] {taskinstance.py:1043} INFO - Starting attempt 1 of 6
[2022-02-28 12:00:04,603] {taskinstance.py:1044} INFO - 
--------------------------------------------------------------------------------
[2022-02-28 12:00:04,613] {taskinstance.py:1063} INFO - Executing <Task(BashOperator): run_script> on 2022-02-28T06:00:00+00:00
[2022-02-28 12:00:04,616] {standard_task_runner.py:52} INFO - Started process 141484 to run task
[2022-02-28 12:00:04,624] {standard_task_runner.py:76} INFO - Running: ['airflow', 'tasks', 'run', 'matchup', 'run_script', '2022-02-28T06:00:00+00:00', '--job-id', '102', '--pool', 'default_pool', '--raw', '--subdir', 'DAGS_FOLDER/matchup.py', '--cfg-path', '/tmp/tmpjlspu440', '--error-file', '/tmp/tmpqnzz7f_7']
[2022-02-28 12:00:04,625] {standard_task_runner.py:77} INFO - Job 102: Subtask run_script
[2022-02-28 12:00:04,678] {logging_mixin.py:104} INFO - Running <TaskInstance: matchup.run_script 2022-02-28T06:00:00+00:00 [running]> on host 531edfb863fc
[2022-02-28 12:00:04,735] {taskinstance.py:1255} INFO - Exporting the following env vars:
AIRFLOW_CTX_DAG_EMAIL=r.chesne@gmail.com
AIRFLOW_CTX_DAG_OWNER=Robin
AIRFLOW_CTX_DAG_ID=matchup
AIRFLOW_CTX_TASK_ID=run_script
AIRFLOW_CTX_EXECUTION_DATE=2022-02-28T06:00:00+00:00
AIRFLOW_CTX_DAG_RUN_ID=scheduled__2022-02-28T06:00:00+00:00
[2022-02-28 12:00:04,736] {bash.py:135} INFO - Tmp dir root location: 
 /tmp
[2022-02-28 12:00:04,737] {bash.py:158} INFO - Running command: python /app/scripts/main.py
[2022-02-28 12:00:04,748] {bash.py:169} INFO - Output:
[2022-02-28 12:00:09,668] {bash.py:173} INFO - Portugal: CO2 294, mix [('gas', 3266, '51'), ('solar', 971, '15'), ('wind', 748, '12')]
[2022-02-28 12:00:09,669] {bash.py:173} INFO - Italy: CO2 330, mix [('gas', 16464, '39'), ('solar', 8704, '21'), ('coal', 3990, '10')]
[2022-02-28 12:00:09,669] {bash.py:173} INFO - Denmark: CO2 205, mix [('wind', 1379, '27'), ('hydro', 889, '17'), ('coal', 754, '14')]
[2022-02-28 12:00:09,669] {bash.py:173} INFO - Sweden: CO2 45, mix [('hydro', 9077, '47'), ('nuclear', 5679, '29'), ('wind', 2760, '14')]
[2022-02-28 12:00:09,669] {bash.py:173} INFO - Germany: CO2 345, mix [('solar', 23391, '35'), ('coal', 21465, '32'), ('wind', 6399, '10')]
[2022-02-28 12:00:09,669] {bash.py:173} INFO - France: CO2 90, mix [('nuclear', 42165, '65'), ('solar', 7124, '11'), ('gas', 6513, '10')]
[2022-02-28 12:00:09,737] {bash.py:177} INFO - Command exited with return code 0
[2022-02-28 12:00:09,760] {taskinstance.py:1159} INFO - Marking task as SUCCESS. dag_id=matchup, task_id=run_script, execution_date=20220228T060000, start_date=20220228T120004, end_date=20220228T120009
[2022-02-28 12:00:09,778] {taskinstance.py:1220} INFO - 0 downstream tasks scheduled from follow-on schedule check
[2022-02-28 12:00:09,785] {local_task_job.py:146} INFO - Task exited with return code 0
