[2022-04-15 00:00:03,884] {taskinstance.py:851} INFO - Dependencies all met for <TaskInstance: matchup.run_script 2022-04-14T18:00:00+00:00 [queued]>
[2022-04-15 00:00:03,889] {taskinstance.py:851} INFO - Dependencies all met for <TaskInstance: matchup.run_script 2022-04-14T18:00:00+00:00 [queued]>
[2022-04-15 00:00:03,889] {taskinstance.py:1042} INFO - 
--------------------------------------------------------------------------------
[2022-04-15 00:00:03,889] {taskinstance.py:1043} INFO - Starting attempt 1 of 6
[2022-04-15 00:00:03,889] {taskinstance.py:1044} INFO - 
--------------------------------------------------------------------------------
[2022-04-15 00:00:03,896] {taskinstance.py:1063} INFO - Executing <Task(BashOperator): run_script> on 2022-04-14T18:00:00+00:00
[2022-04-15 00:00:03,899] {standard_task_runner.py:52} INFO - Started process 164298 to run task
[2022-04-15 00:00:03,904] {standard_task_runner.py:76} INFO - Running: ['airflow', 'tasks', 'run', 'matchup', 'run_script', '2022-04-14T18:00:00+00:00', '--job-id', '166', '--pool', 'default_pool', '--raw', '--subdir', 'DAGS_FOLDER/matchup.py', '--cfg-path', '/tmp/tmpb4uydd9n', '--error-file', '/tmp/tmpbdt3vq1z']
[2022-04-15 00:00:03,904] {standard_task_runner.py:77} INFO - Job 166: Subtask run_script
[2022-04-15 00:00:03,934] {logging_mixin.py:104} INFO - Running <TaskInstance: matchup.run_script 2022-04-14T18:00:00+00:00 [running]> on host 193e33218975
[2022-04-15 00:00:03,962] {taskinstance.py:1255} INFO - Exporting the following env vars:
AIRFLOW_CTX_DAG_EMAIL=r.chesne@gmail.com
AIRFLOW_CTX_DAG_OWNER=Robin
AIRFLOW_CTX_DAG_ID=matchup
AIRFLOW_CTX_TASK_ID=run_script
AIRFLOW_CTX_EXECUTION_DATE=2022-04-14T18:00:00+00:00
AIRFLOW_CTX_DAG_RUN_ID=scheduled__2022-04-14T18:00:00+00:00
[2022-04-15 00:00:03,963] {bash.py:135} INFO - Tmp dir root location: 
 /tmp
[2022-04-15 00:00:03,963] {bash.py:158} INFO - Running command: python /app/scripts/main.py
[2022-04-15 00:00:03,969] {bash.py:169} INFO - Output:
[2022-04-15 00:00:07,947] {bash.py:173} INFO - Spain
[2022-04-15 00:00:07,947] {bash.py:173} INFO - 22766
[2022-04-15 00:00:07,947] {bash.py:173} INFO - Italy
[2022-04-15 00:00:07,947] {bash.py:173} INFO - 30167
[2022-04-15 00:00:07,948] {bash.py:173} INFO - Spain: CO2 200, mix [('nuclear', 7582, '33'), ('gas', 5429, '24'), ('wind', 3507, '15')]
[2022-04-15 00:00:07,948] {bash.py:173} INFO - Italy: CO2 400, mix [('gas', 12738, '42'), ('coal', 4427, '15'), ('unknown', 2990, '10')]
[2022-04-15 00:00:07,948] {bash.py:173} INFO - Finland
[2022-04-15 00:00:07,948] {bash.py:173} INFO - 8265
[2022-04-15 00:00:07,948] {bash.py:173} INFO - Denmark
[2022-04-15 00:00:07,948] {bash.py:173} INFO - 3393
[2022-04-15 00:00:07,948] {bash.py:173} INFO - Finland: CO2 151, mix [('nuclear', 3483, '42'), ('wind', 1546, '19'), ('hydro', 1029, '12')]
[2022-04-15 00:00:07,948] {bash.py:173} INFO - Denmark: CO2 184, mix [('wind', 962, '28'), ('hydro', 839, '25'), ('biomass', 528, '16')]
[2022-04-15 00:00:07,948] {bash.py:173} INFO - Germany
[2022-04-15 00:00:07,948] {bash.py:173} INFO - 43230
[2022-04-15 00:00:07,948] {bash.py:173} INFO - France
[2022-04-15 00:00:07,948] {bash.py:173} INFO - 46288
[2022-04-15 00:00:07,948] {bash.py:173} INFO - Germany: CO2 423, mix [('coal', 17115, '40'), ('wind', 7899, '18'), ('biomass', 4789, '11')]
[2022-04-15 00:00:07,948] {bash.py:173} INFO - France: CO2 79, mix [('nuclear', 31051, '67'), ('hydro', 5669, '12'), ('gas', 4621, '10')]
[2022-04-15 00:00:07,981] {bash.py:177} INFO - Command exited with return code 0
[2022-04-15 00:00:08,002] {taskinstance.py:1159} INFO - Marking task as SUCCESS. dag_id=matchup, task_id=run_script, execution_date=20220414T180000, start_date=20220415T000003, end_date=20220415T000008
[2022-04-15 00:00:08,015] {taskinstance.py:1220} INFO - 0 downstream tasks scheduled from follow-on schedule check
[2022-04-15 00:00:08,052] {local_task_job.py:146} INFO - Task exited with return code 0
