[2022-03-18 12:00:03,685] {taskinstance.py:851} INFO - Dependencies all met for <TaskInstance: matchup.run_script 2022-03-18T06:00:00+00:00 [queued]>
[2022-03-18 12:00:03,702] {taskinstance.py:851} INFO - Dependencies all met for <TaskInstance: matchup.run_script 2022-03-18T06:00:00+00:00 [queued]>
[2022-03-18 12:00:03,702] {taskinstance.py:1042} INFO - 
--------------------------------------------------------------------------------
[2022-03-18 12:00:03,702] {taskinstance.py:1043} INFO - Starting attempt 1 of 6
[2022-03-18 12:00:03,702] {taskinstance.py:1044} INFO - 
--------------------------------------------------------------------------------
[2022-03-18 12:00:03,718] {taskinstance.py:1063} INFO - Executing <Task(BashOperator): run_script> on 2022-03-18T06:00:00+00:00
[2022-03-18 12:00:03,726] {standard_task_runner.py:52} INFO - Started process 397288 to run task
[2022-03-18 12:00:03,733] {standard_task_runner.py:76} INFO - Running: ['airflow', 'tasks', 'run', 'matchup', 'run_script', '2022-03-18T06:00:00+00:00', '--job-id', '368', '--pool', 'default_pool', '--raw', '--subdir', 'DAGS_FOLDER/matchup.py', '--cfg-path', '/tmp/tmp4tw3bzk6', '--error-file', '/tmp/tmpihx6b4cm']
[2022-03-18 12:00:03,734] {standard_task_runner.py:77} INFO - Job 368: Subtask run_script
[2022-03-18 12:00:03,777] {logging_mixin.py:104} INFO - Running <TaskInstance: matchup.run_script 2022-03-18T06:00:00+00:00 [running]> on host 531edfb863fc
[2022-03-18 12:00:03,808] {taskinstance.py:1255} INFO - Exporting the following env vars:
AIRFLOW_CTX_DAG_EMAIL=r.chesne@gmail.com
AIRFLOW_CTX_DAG_OWNER=Robin
AIRFLOW_CTX_DAG_ID=matchup
AIRFLOW_CTX_TASK_ID=run_script
AIRFLOW_CTX_EXECUTION_DATE=2022-03-18T06:00:00+00:00
AIRFLOW_CTX_DAG_RUN_ID=scheduled__2022-03-18T06:00:00+00:00
[2022-03-18 12:00:03,809] {bash.py:135} INFO - Tmp dir root location: 
 /tmp
[2022-03-18 12:00:03,810] {bash.py:158} INFO - Running command: python /app/scripts/main.py
[2022-03-18 12:00:03,821] {bash.py:169} INFO - Output:
[2022-03-18 12:00:08,074] {bash.py:173} INFO - Portugal
[2022-03-18 12:00:08,075] {bash.py:173} INFO - 5646
[2022-03-18 12:00:08,075] {bash.py:173} INFO - Italy
[2022-03-18 12:00:08,075] {bash.py:173} INFO - 41323
[2022-03-18 12:00:08,075] {bash.py:173} INFO - Portugal: CO2 211, mix [('gas', 2090, '37'), ('wind', 2031, '36'), ('hydro', 668, '12')]
[2022-03-18 12:00:08,075] {bash.py:173} INFO - Italy: CO2 352, mix [('gas', 19244, '47'), ('solar', 5526, '13'), ('wind', 3693, '9')]
[2022-03-18 12:00:08,075] {bash.py:173} INFO - Sweden
[2022-03-18 12:00:08,075] {bash.py:173} INFO - 16523
[2022-03-18 12:00:08,075] {bash.py:173} INFO - Denmark
[2022-03-18 12:00:08,075] {bash.py:173} INFO - 4833
[2022-03-18 12:00:08,075] {bash.py:173} INFO - Sweden: CO2 41, mix [('hydro', 5525, '33'), ('nuclear', 5435, '33'), ('wind', 3985, '24')]
[2022-03-18 12:00:08,075] {bash.py:173} INFO - Denmark: CO2 212, mix [('hydro', 1139, '24'), ('wind', 998, '21'), ('coal', 770, '16')]
[2022-03-18 12:00:08,075] {bash.py:173} INFO - France
[2022-03-18 12:00:08,075] {bash.py:173} INFO - 59124
[2022-03-18 12:00:08,075] {bash.py:173} INFO - Germany
[2022-03-18 12:00:08,076] {bash.py:173} INFO - 66024
[2022-03-18 12:00:08,076] {bash.py:173} INFO - France: CO2 63, mix [('nuclear', 35426, '60'), ('wind', 8506, '14'), ('hydro', 4804, '8')]
[2022-03-18 12:00:08,076] {bash.py:173} INFO - Germany: CO2 326, mix [('solar', 22960, '35'), ('coal', 19025, '29'), ('wind', 5787, '9')]
[2022-03-18 12:00:08,114] {bash.py:177} INFO - Command exited with return code 0
[2022-03-18 12:00:08,135] {taskinstance.py:1159} INFO - Marking task as SUCCESS. dag_id=matchup, task_id=run_script, execution_date=20220318T060000, start_date=20220318T120003, end_date=20220318T120008
[2022-03-18 12:00:08,150] {taskinstance.py:1220} INFO - 0 downstream tasks scheduled from follow-on schedule check
[2022-03-18 12:00:08,169] {local_task_job.py:146} INFO - Task exited with return code 0
