[2022-03-25 18:00:03,789] {taskinstance.py:851} INFO - Dependencies all met for <TaskInstance: matchup.run_script 2022-03-25T12:00:00+00:00 [queued]>
[2022-03-25 18:00:03,801] {taskinstance.py:851} INFO - Dependencies all met for <TaskInstance: matchup.run_script 2022-03-25T12:00:00+00:00 [queued]>
[2022-03-25 18:00:03,801] {taskinstance.py:1042} INFO - 
--------------------------------------------------------------------------------
[2022-03-25 18:00:03,801] {taskinstance.py:1043} INFO - Starting attempt 1 of 6
[2022-03-25 18:00:03,801] {taskinstance.py:1044} INFO - 
--------------------------------------------------------------------------------
[2022-03-25 18:00:03,822] {taskinstance.py:1063} INFO - Executing <Task(BashOperator): run_script> on 2022-03-25T12:00:00+00:00
[2022-03-25 18:00:03,826] {standard_task_runner.py:52} INFO - Started process 500539 to run task
[2022-03-25 18:00:03,832] {standard_task_runner.py:76} INFO - Running: ['airflow', 'tasks', 'run', 'matchup', 'run_script', '2022-03-25T12:00:00+00:00', '--job-id', '483', '--pool', 'default_pool', '--raw', '--subdir', 'DAGS_FOLDER/matchup.py', '--cfg-path', '/tmp/tmpk_qgc7z8', '--error-file', '/tmp/tmpmtb_kvf8']
[2022-03-25 18:00:03,833] {standard_task_runner.py:77} INFO - Job 483: Subtask run_script
[2022-03-25 18:00:03,862] {logging_mixin.py:104} INFO - Running <TaskInstance: matchup.run_script 2022-03-25T12:00:00+00:00 [running]> on host 531edfb863fc
[2022-03-25 18:00:03,892] {taskinstance.py:1255} INFO - Exporting the following env vars:
AIRFLOW_CTX_DAG_EMAIL=r.chesne@gmail.com
AIRFLOW_CTX_DAG_OWNER=Robin
AIRFLOW_CTX_DAG_ID=matchup
AIRFLOW_CTX_TASK_ID=run_script
AIRFLOW_CTX_EXECUTION_DATE=2022-03-25T12:00:00+00:00
AIRFLOW_CTX_DAG_RUN_ID=scheduled__2022-03-25T12:00:00+00:00
[2022-03-25 18:00:03,892] {bash.py:135} INFO - Tmp dir root location: 
 /tmp
[2022-03-25 18:00:03,893] {bash.py:158} INFO - Running command: python /app/scripts/main.py
[2022-03-25 18:00:03,902] {bash.py:169} INFO - Output:
[2022-03-25 18:00:07,986] {bash.py:173} INFO - Italy
[2022-03-25 18:00:07,986] {bash.py:173} INFO - 37902
[2022-03-25 18:00:07,986] {bash.py:173} INFO - Portugal
[2022-03-25 18:00:07,987] {bash.py:173} INFO - 5727
[2022-03-25 18:00:07,987] {bash.py:173} INFO - Italy: CO2 382, mix [('gas', 17963, '47'), ('solar', 5367, '14'), ('coal', 4300, '11')]
[2022-03-25 18:00:07,987] {bash.py:173} INFO - Portugal: CO2 240, mix [('gas', 2385, '42'), ('hydro', 1463, '26'), ('wind', 1002, '17')]
[2022-03-25 18:00:07,987] {bash.py:173} INFO - Sweden
[2022-03-25 18:00:07,987] {bash.py:173} INFO - 16330
[2022-03-25 18:00:07,987] {bash.py:173} INFO - Denmark
[2022-03-25 18:00:07,987] {bash.py:173} INFO - 4065
[2022-03-25 18:00:07,987] {bash.py:173} INFO - Sweden: CO2 32, mix [('wind', 6290, '39'), ('nuclear', 5001, '31'), ('hydro', 3945, '24')]
[2022-03-25 18:00:07,987] {bash.py:173} INFO - Denmark: CO2 137, mix [('wind', 1962, '48'), ('hydro', 545, '13'), ('coal', 424, '10')]
[2022-03-25 18:00:07,987] {bash.py:173} INFO - Germany
[2022-03-25 18:00:07,988] {bash.py:173} INFO - 55688
[2022-03-25 18:00:07,988] {bash.py:173} INFO - France
[2022-03-25 18:00:07,988] {bash.py:173} INFO - 46562
[2022-03-25 18:00:07,988] {bash.py:173} INFO - Germany: CO2 456, mix [('coal', 23572, '42'), ('gas', 7388, '13'), ('wind', 5830, '10')]
[2022-03-25 18:00:07,988] {bash.py:173} INFO - France: CO2 91, mix [('nuclear', 28090, '60'), ('gas', 5465, '12'), ('solar', 4543, '10')]
[2022-03-25 18:00:08,023] {bash.py:177} INFO - Command exited with return code 0
[2022-03-25 18:00:08,049] {taskinstance.py:1159} INFO - Marking task as SUCCESS. dag_id=matchup, task_id=run_script, execution_date=20220325T120000, start_date=20220325T180003, end_date=20220325T180008
[2022-03-25 18:00:08,066] {taskinstance.py:1220} INFO - 0 downstream tasks scheduled from follow-on schedule check
[2022-03-25 18:00:08,103] {local_task_job.py:146} INFO - Task exited with return code 0
