[2022-07-05 06:00:04,882] {taskinstance.py:851} INFO - Dependencies all met for <TaskInstance: matchup.run_script 2022-07-05T00:00:00+00:00 [queued]>
[2022-07-05 06:00:04,890] {taskinstance.py:851} INFO - Dependencies all met for <TaskInstance: matchup.run_script 2022-07-05T00:00:00+00:00 [queued]>
[2022-07-05 06:00:04,890] {taskinstance.py:1042} INFO - 
--------------------------------------------------------------------------------
[2022-07-05 06:00:04,890] {taskinstance.py:1043} INFO - Starting attempt 1 of 6
[2022-07-05 06:00:04,890] {taskinstance.py:1044} INFO - 
--------------------------------------------------------------------------------
[2022-07-05 06:00:04,899] {taskinstance.py:1063} INFO - Executing <Task(BashOperator): run_script> on 2022-07-05T00:00:00+00:00
[2022-07-05 06:00:04,903] {standard_task_runner.py:52} INFO - Started process 5065 to run task
[2022-07-05 06:00:04,909] {standard_task_runner.py:76} INFO - Running: ['airflow', 'tasks', 'run', 'matchup', 'run_script', '2022-07-05T00:00:00+00:00', '--job-id', '1509', '--pool', 'default_pool', '--raw', '--subdir', 'DAGS_FOLDER/matchup.py', '--cfg-path', '/tmp/tmpwgb4_0ar', '--error-file', '/tmp/tmpw9112czf']
[2022-07-05 06:00:04,910] {standard_task_runner.py:77} INFO - Job 1509: Subtask run_script
[2022-07-05 06:00:04,944] {logging_mixin.py:104} INFO - Running <TaskInstance: matchup.run_script 2022-07-05T00:00:00+00:00 [running]> on host a41a09215c15
[2022-07-05 06:00:04,976] {taskinstance.py:1255} INFO - Exporting the following env vars:
AIRFLOW_CTX_DAG_EMAIL=r.chesne@gmail.com
AIRFLOW_CTX_DAG_OWNER=Robin
AIRFLOW_CTX_DAG_ID=matchup
AIRFLOW_CTX_TASK_ID=run_script
AIRFLOW_CTX_EXECUTION_DATE=2022-07-05T00:00:00+00:00
AIRFLOW_CTX_DAG_RUN_ID=scheduled__2022-07-05T00:00:00+00:00
[2022-07-05 06:00:04,976] {bash.py:135} INFO - Tmp dir root location: 
 /tmp
[2022-07-05 06:00:04,977] {bash.py:158} INFO - Running command: python /app/scripts/main.py
[2022-07-05 06:00:04,984] {bash.py:169} INFO - Output:
[2022-07-05 06:00:08,981] {bash.py:173} INFO - Italy
[2022-07-05 06:00:08,981] {bash.py:173} INFO - 27928
[2022-07-05 06:00:08,981] {bash.py:173} INFO - Portugal
[2022-07-05 06:00:08,981] {bash.py:173} INFO - 3760
[2022-07-05 06:00:08,981] {bash.py:173} INFO - Italy: CO2 391, mix [('gas', 13829, '50'), ('hydro', 4468, '16'), ('coal', 2944, '11')]
[2022-07-05 06:00:08,981] {bash.py:173} INFO - Portugal: CO2 349, mix [('gas', 2478, '66'), ('wind', 897, '24'), ('biomass', 351, '9')]
[2022-07-05 06:00:08,981] {bash.py:173} INFO - Sweden
[2022-07-05 06:00:08,981] {bash.py:173} INFO - 10268
[2022-07-05 06:00:08,981] {bash.py:173} INFO - Denmark
[2022-07-05 06:00:08,982] {bash.py:173} INFO - 3191
[2022-07-05 06:00:08,982] {bash.py:173} INFO - Sweden: CO2 23, mix [('hydro', 4906, '48'), ('nuclear', 3828, '37'), ('wind', 1256, '12')]
[2022-07-05 06:00:08,982] {bash.py:173} INFO - Denmark: CO2 133, mix [('hydro', 1100, '34'), ('wind', 948, '30'), ('nuclear', 413, '13')]
[2022-07-05 06:00:08,982] {bash.py:173} INFO - Germany
[2022-07-05 06:00:08,982] {bash.py:173} INFO - 52803
[2022-07-05 06:00:08,982] {bash.py:173} INFO - UK
[2022-07-05 06:00:08,982] {bash.py:173} INFO - 18793
[2022-07-05 06:00:08,982] {bash.py:173} INFO - Germany: CO2 439, mix [('coal', 21048, '40'), ('wind', 7321, '14'), ('gas', 6958, '13')]
[2022-07-05 06:00:08,982] {bash.py:173} INFO - UK: CO2 220, mix [('gas', 7113, '38'), ('wind', 5511, '29'), ('nuclear', 4369, '23')]
[2022-07-05 06:00:09,025] {bash.py:177} INFO - Command exited with return code 0
[2022-07-05 06:00:09,043] {taskinstance.py:1159} INFO - Marking task as SUCCESS. dag_id=matchup, task_id=run_script, execution_date=20220705T000000, start_date=20220705T060004, end_date=20220705T060009
[2022-07-05 06:00:09,059] {taskinstance.py:1220} INFO - 0 downstream tasks scheduled from follow-on schedule check
[2022-07-05 06:00:09,091] {local_task_job.py:146} INFO - Task exited with return code 0
