[2022-03-04 06:00:04,738] {taskinstance.py:851} INFO - Dependencies all met for <TaskInstance: matchup.run_script 2022-03-04T00:00:00+00:00 [queued]>
[2022-03-04 06:00:04,743] {taskinstance.py:851} INFO - Dependencies all met for <TaskInstance: matchup.run_script 2022-03-04T00:00:00+00:00 [queued]>
[2022-03-04 06:00:04,743] {taskinstance.py:1042} INFO - 
--------------------------------------------------------------------------------
[2022-03-04 06:00:04,743] {taskinstance.py:1043} INFO - Starting attempt 1 of 6
[2022-03-04 06:00:04,743] {taskinstance.py:1044} INFO - 
--------------------------------------------------------------------------------
[2022-03-04 06:00:04,751] {taskinstance.py:1063} INFO - Executing <Task(BashOperator): run_script> on 2022-03-04T00:00:00+00:00
[2022-03-04 06:00:04,754] {standard_task_runner.py:52} INFO - Started process 194481 to run task
[2022-03-04 06:00:04,761] {standard_task_runner.py:76} INFO - Running: ['airflow', 'tasks', 'run', 'matchup', 'run_script', '2022-03-04T00:00:00+00:00', '--job-id', '142', '--pool', 'default_pool', '--raw', '--subdir', 'DAGS_FOLDER/matchup.py', '--cfg-path', '/tmp/tmpf3f_ldef', '--error-file', '/tmp/tmp2imo5k7x']
[2022-03-04 06:00:04,761] {standard_task_runner.py:77} INFO - Job 142: Subtask run_script
[2022-03-04 06:00:04,800] {logging_mixin.py:104} INFO - Running <TaskInstance: matchup.run_script 2022-03-04T00:00:00+00:00 [running]> on host 531edfb863fc
[2022-03-04 06:00:04,840] {taskinstance.py:1255} INFO - Exporting the following env vars:
AIRFLOW_CTX_DAG_EMAIL=r.chesne@gmail.com
AIRFLOW_CTX_DAG_OWNER=Robin
AIRFLOW_CTX_DAG_ID=matchup
AIRFLOW_CTX_TASK_ID=run_script
AIRFLOW_CTX_EXECUTION_DATE=2022-03-04T00:00:00+00:00
AIRFLOW_CTX_DAG_RUN_ID=scheduled__2022-03-04T00:00:00+00:00
[2022-03-04 06:00:04,841] {bash.py:135} INFO - Tmp dir root location: 
 /tmp
[2022-03-04 06:00:04,841] {bash.py:158} INFO - Running command: python /app/scripts/main.py
[2022-03-04 06:00:04,851] {bash.py:169} INFO - Output:
[2022-03-04 06:00:08,336] {bash.py:173} INFO - Portugal: CO2 172, mix [('wind', 2860, '58'), ('gas', 1373, '28'), ('biomass', 332, '7')]
[2022-03-04 06:00:08,337] {bash.py:173} INFO - Italy: CO2 428, mix [('gas', 12639, '48'), ('coal', 3832, '15'), ('nuclear', 3141, '12')]
[2022-03-04 06:00:08,337] {bash.py:173} INFO - Sweden: CO2 45, mix [('hydro', 9494, '54'), ('nuclear', 5670, '32'), ('unknown', 1633, '9')]
[2022-03-04 06:00:08,337] {bash.py:173} INFO - Finland: CO2 218, mix [('nuclear', 3347, '32'), ('hydro', 2456, '24'), ('coal', 1472, '14')]
[2022-03-04 06:00:08,337] {bash.py:173} INFO - Hungary: CO2 274, mix [('nuclear', 1510, '35'), ('gas', 1385, '33'), ('coal', 425, '10')]
[2022-03-04 06:00:08,337] {bash.py:173} INFO - France: CO2 90, mix [('nuclear', 42148, '72'), ('gas', 5331, '9'), ('hydro', 4443, '8')]
[2022-03-04 06:00:08,373] {bash.py:177} INFO - Command exited with return code 0
[2022-03-04 06:00:08,391] {taskinstance.py:1159} INFO - Marking task as SUCCESS. dag_id=matchup, task_id=run_script, execution_date=20220304T000000, start_date=20220304T060004, end_date=20220304T060008
[2022-03-04 06:00:08,417] {taskinstance.py:1220} INFO - 0 downstream tasks scheduled from follow-on schedule check
[2022-03-04 06:00:08,429] {local_task_job.py:146} INFO - Task exited with return code 0
