[2022-07-12 12:00:04,958] {taskinstance.py:851} INFO - Dependencies all met for <TaskInstance: matchup.run_script 2022-07-12T06:00:00+00:00 [queued]>
[2022-07-12 12:00:04,967] {taskinstance.py:851} INFO - Dependencies all met for <TaskInstance: matchup.run_script 2022-07-12T06:00:00+00:00 [queued]>
[2022-07-12 12:00:04,968] {taskinstance.py:1042} INFO - 
--------------------------------------------------------------------------------
[2022-07-12 12:00:04,968] {taskinstance.py:1043} INFO - Starting attempt 1 of 6
[2022-07-12 12:00:04,968] {taskinstance.py:1044} INFO - 
--------------------------------------------------------------------------------
[2022-07-12 12:00:04,987] {taskinstance.py:1063} INFO - Executing <Task(BashOperator): run_script> on 2022-07-12T06:00:00+00:00
[2022-07-12 12:00:04,989] {standard_task_runner.py:52} INFO - Started process 26489 to run task
[2022-07-12 12:00:04,996] {standard_task_runner.py:76} INFO - Running: ['airflow', 'tasks', 'run', 'matchup', 'run_script', '2022-07-12T06:00:00+00:00', '--job-id', '1572', '--pool', 'default_pool', '--raw', '--subdir', 'DAGS_FOLDER/matchup.py', '--cfg-path', '/tmp/tmpx741uj_0', '--error-file', '/tmp/tmpvv71riui']
[2022-07-12 12:00:04,997] {standard_task_runner.py:77} INFO - Job 1572: Subtask run_script
[2022-07-12 12:00:05,044] {logging_mixin.py:104} INFO - Running <TaskInstance: matchup.run_script 2022-07-12T06:00:00+00:00 [running]> on host a41a09215c15
[2022-07-12 12:00:05,096] {taskinstance.py:1255} INFO - Exporting the following env vars:
AIRFLOW_CTX_DAG_EMAIL=r.chesne@gmail.com
AIRFLOW_CTX_DAG_OWNER=Robin
AIRFLOW_CTX_DAG_ID=matchup
AIRFLOW_CTX_TASK_ID=run_script
AIRFLOW_CTX_EXECUTION_DATE=2022-07-12T06:00:00+00:00
AIRFLOW_CTX_DAG_RUN_ID=scheduled__2022-07-12T06:00:00+00:00
[2022-07-12 12:00:05,097] {bash.py:135} INFO - Tmp dir root location: 
 /tmp
[2022-07-12 12:00:05,097] {bash.py:158} INFO - Running command: python /app/scripts/main.py
[2022-07-12 12:00:05,104] {bash.py:169} INFO - Output:
[2022-07-12 12:00:08,267] {bash.py:173} INFO - Greece
[2022-07-12 12:00:08,267] {bash.py:173} INFO - 8634
[2022-07-12 12:00:08,267] {bash.py:173} INFO - Spain
[2022-07-12 12:00:08,267] {bash.py:173} INFO - 38705
[2022-07-12 12:00:08,267] {bash.py:173} INFO - Greece: CO2 310, mix [('gas', 3329, '39'), ('solar', 2695, '31'), ('wind', 1184, '14')]
[2022-07-12 12:00:08,267] {bash.py:173} INFO - Spain: CO2 235, mix [('gas', 15155, '39'), ('solar', 10307, '27'), ('nuclear', 6908, '18')]
[2022-07-12 12:00:08,267] {bash.py:173} INFO - UK
[2022-07-12 12:00:08,267] {bash.py:173} INFO - 32255
[2022-07-12 12:00:08,267] {bash.py:173} INFO - Netherlands
[2022-07-12 12:00:08,268] {bash.py:173} INFO - 7095
[2022-07-12 12:00:08,268] {bash.py:173} INFO - UK: CO2 244, mix [('gas', 12890, '40'), ('wind', 6864, '21'), ('nuclear', 5242, '16')]
[2022-07-12 12:00:08,268] {bash.py:173} INFO - Netherlands: CO2 319, mix [('gas', 3406, '48'), ('solar', 2534, '36'), ('coal', 515, '7')]
[2022-07-12 12:00:08,268] {bash.py:173} INFO - Denmark
[2022-07-12 12:00:08,268] {bash.py:173} INFO - 4761
[2022-07-12 12:00:08,268] {bash.py:173} INFO - Sweden
[2022-07-12 12:00:08,268] {bash.py:173} INFO - 12976
[2022-07-12 12:00:08,268] {bash.py:173} INFO - Denmark: CO2 131, mix [('wind', 1805, '38'), ('hydro', 862, '18'), ('solar', 764, '16')]
[2022-07-12 12:00:08,268] {bash.py:173} INFO - Sweden: CO2 25, mix [('hydro', 6061, '47'), ('nuclear', 4347, '34'), ('wind', 1834, '14')]
[2022-07-12 12:00:08,365] {bash.py:177} INFO - Command exited with return code 0
[2022-07-12 12:00:08,391] {taskinstance.py:1159} INFO - Marking task as SUCCESS. dag_id=matchup, task_id=run_script, execution_date=20220712T060000, start_date=20220712T120004, end_date=20220712T120008
[2022-07-12 12:00:08,410] {taskinstance.py:1220} INFO - 0 downstream tasks scheduled from follow-on schedule check
[2022-07-12 12:00:08,426] {local_task_job.py:146} INFO - Task exited with return code 0
