[2022-04-08 00:01:06,396] {taskinstance.py:851} INFO - Dependencies all met for <TaskInstance: matchup.run_script 2022-04-07T18:00:00+00:00 [queued]>
[2022-04-08 00:01:06,401] {taskinstance.py:851} INFO - Dependencies all met for <TaskInstance: matchup.run_script 2022-04-07T18:00:00+00:00 [queued]>
[2022-04-08 00:01:06,401] {taskinstance.py:1042} INFO - 
--------------------------------------------------------------------------------
[2022-04-08 00:01:06,401] {taskinstance.py:1043} INFO - Starting attempt 2 of 6
[2022-04-08 00:01:06,401] {taskinstance.py:1044} INFO - 
--------------------------------------------------------------------------------
[2022-04-08 00:01:06,409] {taskinstance.py:1063} INFO - Executing <Task(BashOperator): run_script> on 2022-04-07T18:00:00+00:00
[2022-04-08 00:01:06,412] {standard_task_runner.py:52} INFO - Started process 64579 to run task
[2022-04-08 00:01:06,416] {standard_task_runner.py:76} INFO - Running: ['airflow', 'tasks', 'run', 'matchup', 'run_script', '2022-04-07T18:00:00+00:00', '--job-id', '91', '--pool', 'default_pool', '--raw', '--subdir', 'DAGS_FOLDER/matchup.py', '--cfg-path', '/tmp/tmpljy2wldr', '--error-file', '/tmp/tmpu_vqh24v']
[2022-04-08 00:01:06,416] {standard_task_runner.py:77} INFO - Job 91: Subtask run_script
[2022-04-08 00:01:06,443] {logging_mixin.py:104} INFO - Running <TaskInstance: matchup.run_script 2022-04-07T18:00:00+00:00 [running]> on host 193e33218975
[2022-04-08 00:01:06,459] {taskinstance.py:1255} INFO - Exporting the following env vars:
AIRFLOW_CTX_DAG_EMAIL=r.chesne@gmail.com
AIRFLOW_CTX_DAG_OWNER=Robin
AIRFLOW_CTX_DAG_ID=matchup
AIRFLOW_CTX_TASK_ID=run_script
AIRFLOW_CTX_EXECUTION_DATE=2022-04-07T18:00:00+00:00
AIRFLOW_CTX_DAG_RUN_ID=scheduled__2022-04-07T18:00:00+00:00
[2022-04-08 00:01:06,459] {bash.py:135} INFO - Tmp dir root location: 
 /tmp
[2022-04-08 00:01:06,460] {bash.py:158} INFO - Running command: python /app/scripts/main.py
[2022-04-08 00:01:06,467] {bash.py:169} INFO - Output:
[2022-04-08 00:01:10,993] {bash.py:173} INFO - Italy
[2022-04-08 00:01:10,993] {bash.py:173} INFO - 29874
[2022-04-08 00:01:10,993] {bash.py:173} INFO - Spain
[2022-04-08 00:01:10,993] {bash.py:173} INFO - 26878
[2022-04-08 00:01:10,993] {bash.py:173} INFO - Italy: CO2 347, mix [('gas', 12414, '42'), ('wind', 6215, '21'), ('unknown', 2965, '10')]
[2022-04-08 00:01:10,993] {bash.py:173} INFO - Spain: CO2 141, mix [('wind', 10597, '39'), ('nuclear', 5741, '21'), ('gas', 3974, '15')]
[2022-04-08 00:01:10,993] {bash.py:173} INFO - Finland
[2022-04-08 00:01:10,994] {bash.py:173} INFO - 8682
[2022-04-08 00:01:10,994] {bash.py:173} INFO - Norway
[2022-04-08 00:01:10,994] {bash.py:173} INFO - 16482
[2022-04-08 00:01:10,994] {bash.py:173} INFO - Finland: CO2 138, mix [('nuclear', 3300, '38'), ('wind', 2428, '28'), ('hydro', 829, '10')]
[2022-04-08 00:01:10,994] {bash.py:173} INFO - Norway: CO2 47, mix [('hydro', 11868, '72'), ('wind', 2777, '17'), ('nuclear', 892, '5')]
[2022-04-08 00:01:10,994] {bash.py:173} INFO - UK
[2022-04-08 00:01:10,994] {bash.py:173} INFO - 29897
[2022-04-08 00:01:10,994] {bash.py:173} INFO - Hungary
[2022-04-08 00:01:10,994] {bash.py:173} INFO - 3439
[2022-04-08 00:01:10,994] {bash.py:173} INFO - UK: CO2 215, mix [('wind', 10694, '36'), ('gas', 10122, '34'), ('nuclear', 5728, '19')]
[2022-04-08 00:01:10,994] {bash.py:173} INFO - Hungary: CO2 197, mix [('nuclear', 1894, '55'), ('gas', 542, '16'), ('coal', 360, '10')]
[2022-04-08 00:01:11,026] {bash.py:177} INFO - Command exited with return code 0
[2022-04-08 00:01:11,043] {taskinstance.py:1159} INFO - Marking task as SUCCESS. dag_id=matchup, task_id=run_script, execution_date=20220407T180000, start_date=20220408T000106, end_date=20220408T000111
[2022-04-08 00:01:11,055] {taskinstance.py:1220} INFO - 0 downstream tasks scheduled from follow-on schedule check
[2022-04-08 00:01:11,088] {local_task_job.py:146} INFO - Task exited with return code 0
