[2022-07-06 12:00:04,597] {taskinstance.py:851} INFO - Dependencies all met for <TaskInstance: matchup.run_script 2022-07-06T06:00:00+00:00 [queued]>
[2022-07-06 12:00:04,605] {taskinstance.py:851} INFO - Dependencies all met for <TaskInstance: matchup.run_script 2022-07-06T06:00:00+00:00 [queued]>
[2022-07-06 12:00:04,605] {taskinstance.py:1042} INFO - 
--------------------------------------------------------------------------------
[2022-07-06 12:00:04,605] {taskinstance.py:1043} INFO - Starting attempt 1 of 6
[2022-07-06 12:00:04,605] {taskinstance.py:1044} INFO - 
--------------------------------------------------------------------------------
[2022-07-06 12:00:04,615] {taskinstance.py:1063} INFO - Executing <Task(BashOperator): run_script> on 2022-07-06T06:00:00+00:00
[2022-07-06 12:00:04,618] {standard_task_runner.py:52} INFO - Started process 8858 to run task
[2022-07-06 12:00:04,622] {standard_task_runner.py:76} INFO - Running: ['airflow', 'tasks', 'run', 'matchup', 'run_script', '2022-07-06T06:00:00+00:00', '--job-id', '1519', '--pool', 'default_pool', '--raw', '--subdir', 'DAGS_FOLDER/matchup.py', '--cfg-path', '/tmp/tmpirv29y89', '--error-file', '/tmp/tmpbb47f47m']
[2022-07-06 12:00:04,623] {standard_task_runner.py:77} INFO - Job 1519: Subtask run_script
[2022-07-06 12:00:04,654] {logging_mixin.py:104} INFO - Running <TaskInstance: matchup.run_script 2022-07-06T06:00:00+00:00 [running]> on host a41a09215c15
[2022-07-06 12:00:04,691] {taskinstance.py:1255} INFO - Exporting the following env vars:
AIRFLOW_CTX_DAG_EMAIL=r.chesne@gmail.com
AIRFLOW_CTX_DAG_OWNER=Robin
AIRFLOW_CTX_DAG_ID=matchup
AIRFLOW_CTX_TASK_ID=run_script
AIRFLOW_CTX_EXECUTION_DATE=2022-07-06T06:00:00+00:00
AIRFLOW_CTX_DAG_RUN_ID=scheduled__2022-07-06T06:00:00+00:00
[2022-07-06 12:00:04,691] {bash.py:135} INFO - Tmp dir root location: 
 /tmp
[2022-07-06 12:00:04,692] {bash.py:158} INFO - Running command: python /app/scripts/main.py
[2022-07-06 12:00:04,700] {bash.py:169} INFO - Output:
[2022-07-06 12:00:10,946] {bash.py:173} INFO - Italy
[2022-07-06 12:00:10,947] {bash.py:173} INFO - 45120
[2022-07-06 12:00:10,947] {bash.py:173} INFO - Greece
[2022-07-06 12:00:10,947] {bash.py:173} INFO - 9286
[2022-07-06 12:00:10,947] {bash.py:173} INFO - Italy: CO2 321, mix [('gas', 19084, '42'), ('solar', 10454, '23'), ('hydro', 5587, '12')]
[2022-07-06 12:00:10,947] {bash.py:173} INFO - Greece: CO2 284, mix [('gas', 3223, '35'), ('solar', 2826, '30'), ('wind', 1812, '20')]
[2022-07-06 12:00:10,947] {bash.py:173} INFO - Netherlands
[2022-07-06 12:00:10,947] {bash.py:173} INFO - 9028
[2022-07-06 12:00:10,947] {bash.py:173} INFO - UK
[2022-07-06 12:00:10,947] {bash.py:173} INFO - 30089
[2022-07-06 12:00:10,947] {bash.py:173} INFO - Netherlands: CO2 243, mix [('solar', 3354, '37'), ('gas', 2974, '33'), ('wind', 1597, '18')]
[2022-07-06 12:00:10,947] {bash.py:173} INFO - UK: CO2 246, mix [('gas', 12102, '40'), ('wind', 6505, '22'), ('nuclear', 4914, '16')]
[2022-07-06 12:00:10,948] {bash.py:173} INFO - Sweden
[2022-07-06 12:00:10,948] {bash.py:173} INFO - 12530
[2022-07-06 12:00:10,948] {bash.py:173} INFO - Denmark
[2022-07-06 12:00:10,948] {bash.py:173} INFO - 3441
[2022-07-06 12:00:10,948] {bash.py:173} INFO - Sweden: CO2 24, mix [('hydro', 5590, '45'), ('nuclear', 4228, '34'), ('wind', 2014, '16')]
[2022-07-06 12:00:10,948] {bash.py:173} INFO - Denmark: CO2 125, mix [('wind', 1410, '41'), ('solar', 505, '15'), ('hydro', 497, '14')]
[2022-07-06 12:00:11,018] {bash.py:177} INFO - Command exited with return code 0
[2022-07-06 12:00:11,036] {taskinstance.py:1159} INFO - Marking task as SUCCESS. dag_id=matchup, task_id=run_script, execution_date=20220706T060000, start_date=20220706T120004, end_date=20220706T120011
[2022-07-06 12:00:11,056] {taskinstance.py:1220} INFO - 0 downstream tasks scheduled from follow-on schedule check
[2022-07-06 12:00:11,085] {local_task_job.py:146} INFO - Task exited with return code 0
