[2022-04-29 18:00:03,480] {taskinstance.py:851} INFO - Dependencies all met for <TaskInstance: matchup.run_script 2022-04-29T12:00:00+00:00 [queued]>
[2022-04-29 18:00:03,484] {taskinstance.py:851} INFO - Dependencies all met for <TaskInstance: matchup.run_script 2022-04-29T12:00:00+00:00 [queued]>
[2022-04-29 18:00:03,484] {taskinstance.py:1042} INFO - 
--------------------------------------------------------------------------------
[2022-04-29 18:00:03,484] {taskinstance.py:1043} INFO - Starting attempt 1 of 6
[2022-04-29 18:00:03,484] {taskinstance.py:1044} INFO - 
--------------------------------------------------------------------------------
[2022-04-29 18:00:03,492] {taskinstance.py:1063} INFO - Executing <Task(BashOperator): run_script> on 2022-04-29T12:00:00+00:00
[2022-04-29 18:00:03,495] {standard_task_runner.py:52} INFO - Started process 374457 to run task
[2022-04-29 18:00:03,499] {standard_task_runner.py:76} INFO - Running: ['airflow', 'tasks', 'run', 'matchup', 'run_script', '2022-04-29T12:00:00+00:00', '--job-id', '327', '--pool', 'default_pool', '--raw', '--subdir', 'DAGS_FOLDER/matchup.py', '--cfg-path', '/tmp/tmppzylnzjh', '--error-file', '/tmp/tmpblhddqnf']
[2022-04-29 18:00:03,499] {standard_task_runner.py:77} INFO - Job 327: Subtask run_script
[2022-04-29 18:00:03,528] {logging_mixin.py:104} INFO - Running <TaskInstance: matchup.run_script 2022-04-29T12:00:00+00:00 [running]> on host 193e33218975
[2022-04-29 18:00:03,558] {taskinstance.py:1255} INFO - Exporting the following env vars:
AIRFLOW_CTX_DAG_EMAIL=r.chesne@gmail.com
AIRFLOW_CTX_DAG_OWNER=Robin
AIRFLOW_CTX_DAG_ID=matchup
AIRFLOW_CTX_TASK_ID=run_script
AIRFLOW_CTX_EXECUTION_DATE=2022-04-29T12:00:00+00:00
AIRFLOW_CTX_DAG_RUN_ID=scheduled__2022-04-29T12:00:00+00:00
[2022-04-29 18:00:03,558] {bash.py:135} INFO - Tmp dir root location: 
 /tmp
[2022-04-29 18:00:03,559] {bash.py:158} INFO - Running command: python /app/scripts/main.py
[2022-04-29 18:00:03,565] {bash.py:169} INFO - Output:
[2022-04-29 18:00:07,292] {bash.py:173} INFO - Portugal
[2022-04-29 18:00:07,292] {bash.py:173} INFO - 6019
[2022-04-29 18:00:07,292] {bash.py:173} INFO - Italy
[2022-04-29 18:00:07,292] {bash.py:173} INFO - 34909
[2022-04-29 18:00:07,293] {bash.py:173} INFO - Portugal: CO2 289, mix [('gas', 3084, '51'), ('hydro', 810, '13'), ('solar', 702, '12')]
[2022-04-29 18:00:07,293] {bash.py:173} INFO - Italy: CO2 419, mix [('gas', 20782, '60'), ('hydro', 3723, '11'), ('wind', 3370, '10')]
[2022-04-29 18:00:07,293] {bash.py:173} INFO - Sweden
[2022-04-29 18:00:07,293] {bash.py:173} INFO - 18458
[2022-04-29 18:00:07,293] {bash.py:173} INFO - Finland
[2022-04-29 18:00:07,293] {bash.py:173} INFO - 10281
[2022-04-29 18:00:07,293] {bash.py:173} INFO - Sweden: CO2 40, mix [('hydro', 7887, '43'), ('nuclear', 5654, '31'), ('wind', 3349, '18')]
[2022-04-29 18:00:07,293] {bash.py:173} INFO - Finland: CO2 155, mix [('nuclear', 3676, '36'), ('hydro', 2326, '23'), ('wind', 1619, '16')]
[2022-04-29 18:00:07,293] {bash.py:173} INFO - Germany
[2022-04-29 18:00:07,293] {bash.py:173} INFO - 74311
[2022-04-29 18:00:07,293] {bash.py:173} INFO - Hungary
[2022-04-29 18:00:07,293] {bash.py:173} INFO - 3789
[2022-04-29 18:00:07,293] {bash.py:173} INFO - Germany: CO2 268, mix [('wind', 36082, '49'), ('coal', 17201, '23'), ('gas', 5933, '8')]
[2022-04-29 18:00:07,293] {bash.py:173} INFO - Hungary: CO2 225, mix [('nuclear', 1983, '52'), ('gas', 828, '22'), ('coal', 395, '10')]
[2022-04-29 18:00:07,342] {bash.py:177} INFO - Command exited with return code 0
[2022-04-29 18:00:07,358] {taskinstance.py:1159} INFO - Marking task as SUCCESS. dag_id=matchup, task_id=run_script, execution_date=20220429T120000, start_date=20220429T180003, end_date=20220429T180007
[2022-04-29 18:00:07,373] {taskinstance.py:1220} INFO - 0 downstream tasks scheduled from follow-on schedule check
[2022-04-29 18:00:07,405] {local_task_job.py:146} INFO - Task exited with return code 0
