[2022-04-12 18:01:06,191] {taskinstance.py:851} INFO - Dependencies all met for <TaskInstance: matchup.run_script 2022-04-12T12:00:00+00:00 [queued]>
[2022-04-12 18:01:06,196] {taskinstance.py:851} INFO - Dependencies all met for <TaskInstance: matchup.run_script 2022-04-12T12:00:00+00:00 [queued]>
[2022-04-12 18:01:06,196] {taskinstance.py:1042} INFO - 
--------------------------------------------------------------------------------
[2022-04-12 18:01:06,196] {taskinstance.py:1043} INFO - Starting attempt 2 of 6
[2022-04-12 18:01:06,196] {taskinstance.py:1044} INFO - 
--------------------------------------------------------------------------------
[2022-04-12 18:01:06,201] {taskinstance.py:1063} INFO - Executing <Task(BashOperator): run_script> on 2022-04-12T12:00:00+00:00
[2022-04-12 18:01:06,204] {standard_task_runner.py:52} INFO - Started process 132244 to run task
[2022-04-12 18:01:06,210] {standard_task_runner.py:76} INFO - Running: ['airflow', 'tasks', 'run', 'matchup', 'run_script', '2022-04-12T12:00:00+00:00', '--job-id', '141', '--pool', 'default_pool', '--raw', '--subdir', 'DAGS_FOLDER/matchup.py', '--cfg-path', '/tmp/tmpn8pmo28h', '--error-file', '/tmp/tmpkf4pn0wi']
[2022-04-12 18:01:06,210] {standard_task_runner.py:77} INFO - Job 141: Subtask run_script
[2022-04-12 18:01:06,234] {logging_mixin.py:104} INFO - Running <TaskInstance: matchup.run_script 2022-04-12T12:00:00+00:00 [running]> on host 193e33218975
[2022-04-12 18:01:06,249] {taskinstance.py:1255} INFO - Exporting the following env vars:
AIRFLOW_CTX_DAG_EMAIL=r.chesne@gmail.com
AIRFLOW_CTX_DAG_OWNER=Robin
AIRFLOW_CTX_DAG_ID=matchup
AIRFLOW_CTX_TASK_ID=run_script
AIRFLOW_CTX_EXECUTION_DATE=2022-04-12T12:00:00+00:00
AIRFLOW_CTX_DAG_RUN_ID=scheduled__2022-04-12T12:00:00+00:00
[2022-04-12 18:01:06,249] {bash.py:135} INFO - Tmp dir root location: 
 /tmp
[2022-04-12 18:01:06,249] {bash.py:158} INFO - Running command: python /app/scripts/main.py
[2022-04-12 18:01:06,256] {bash.py:169} INFO - Output:
[2022-04-12 18:01:10,908] {bash.py:173} INFO - Portugal
[2022-04-12 18:01:10,908] {bash.py:173} INFO - 6201
[2022-04-12 18:01:10,908] {bash.py:173} INFO - Italy
[2022-04-12 18:01:10,908] {bash.py:173} INFO - 36794
[2022-04-12 18:01:10,908] {bash.py:173} INFO - Portugal: CO2 214, mix [('gas', 2224, '36'), ('wind', 2091, '34'), ('solar', 695, '11')]
[2022-04-12 18:01:10,908] {bash.py:173} INFO - Italy: CO2 357, mix [('gas', 15506, '42'), ('solar', 5657, '15'), ('coal', 3955, '11')]
[2022-04-12 18:01:10,908] {bash.py:173} INFO - Norway
[2022-04-12 18:01:10,908] {bash.py:173} INFO - 16333
[2022-04-12 18:01:10,909] {bash.py:173} INFO - Sweden
[2022-04-12 18:01:10,909] {bash.py:173} INFO - 15914
[2022-04-12 18:01:10,909] {bash.py:173} INFO - Norway: CO2 35, mix [('hydro', 14546, '89'), ('wind', 867, '5'), ('hydro discharge', 278, '2')]
[2022-04-12 18:01:10,909] {bash.py:173} INFO - Sweden: CO2 44, mix [('hydro', 8480, '53'), ('nuclear', 5410, '34'), ('unknown', 1541, '10')]
[2022-04-12 18:01:10,909] {bash.py:173} INFO - Germany
[2022-04-12 18:01:10,909] {bash.py:173} INFO - 58226
[2022-04-12 18:01:10,909] {bash.py:173} INFO - Hungary
[2022-04-12 18:01:10,909] {bash.py:173} INFO - 4054
[2022-04-12 18:01:10,909] {bash.py:173} INFO - Germany: CO2 307, mix [('coal', 16361, '28'), ('wind', 16287, '28'), ('solar', 10662, '18')]
[2022-04-12 18:01:10,909] {bash.py:173} INFO - Hungary: CO2 219, mix [('nuclear', 1798, '44'), ('gas', 928, '23'), ('coal', 342, '8')]
[2022-04-12 18:01:10,946] {bash.py:177} INFO - Command exited with return code 0
[2022-04-12 18:01:10,965] {taskinstance.py:1159} INFO - Marking task as SUCCESS. dag_id=matchup, task_id=run_script, execution_date=20220412T120000, start_date=20220412T180106, end_date=20220412T180110
[2022-04-12 18:01:10,978] {taskinstance.py:1220} INFO - 0 downstream tasks scheduled from follow-on schedule check
[2022-04-12 18:01:10,995] {local_task_job.py:146} INFO - Task exited with return code 0
