[2022-03-16 18:00:03,951] {taskinstance.py:851} INFO - Dependencies all met for <TaskInstance: matchup.run_script 2022-03-16T12:00:00+00:00 [queued]>
[2022-03-16 18:00:03,959] {taskinstance.py:851} INFO - Dependencies all met for <TaskInstance: matchup.run_script 2022-03-16T12:00:00+00:00 [queued]>
[2022-03-16 18:00:03,960] {taskinstance.py:1042} INFO - 
--------------------------------------------------------------------------------
[2022-03-16 18:00:03,960] {taskinstance.py:1043} INFO - Starting attempt 1 of 6
[2022-03-16 18:00:03,960] {taskinstance.py:1044} INFO - 
--------------------------------------------------------------------------------
[2022-03-16 18:00:03,969] {taskinstance.py:1063} INFO - Executing <Task(BashOperator): run_script> on 2022-03-16T12:00:00+00:00
[2022-03-16 18:00:03,972] {standard_task_runner.py:52} INFO - Started process 372372 to run task
[2022-03-16 18:00:03,980] {standard_task_runner.py:76} INFO - Running: ['airflow', 'tasks', 'run', 'matchup', 'run_script', '2022-03-16T12:00:00+00:00', '--job-id', '339', '--pool', 'default_pool', '--raw', '--subdir', 'DAGS_FOLDER/matchup.py', '--cfg-path', '/tmp/tmpx703itra', '--error-file', '/tmp/tmp_j1if5q0']
[2022-03-16 18:00:03,981] {standard_task_runner.py:77} INFO - Job 339: Subtask run_script
[2022-03-16 18:00:04,012] {logging_mixin.py:104} INFO - Running <TaskInstance: matchup.run_script 2022-03-16T12:00:00+00:00 [running]> on host 531edfb863fc
[2022-03-16 18:00:04,045] {taskinstance.py:1255} INFO - Exporting the following env vars:
AIRFLOW_CTX_DAG_EMAIL=r.chesne@gmail.com
AIRFLOW_CTX_DAG_OWNER=Robin
AIRFLOW_CTX_DAG_ID=matchup
AIRFLOW_CTX_TASK_ID=run_script
AIRFLOW_CTX_EXECUTION_DATE=2022-03-16T12:00:00+00:00
AIRFLOW_CTX_DAG_RUN_ID=scheduled__2022-03-16T12:00:00+00:00
[2022-03-16 18:00:04,045] {bash.py:135} INFO - Tmp dir root location: 
 /tmp
[2022-03-16 18:00:04,046] {bash.py:158} INFO - Running command: python /app/scripts/main.py
[2022-03-16 18:00:04,055] {bash.py:169} INFO - Output:
[2022-03-16 18:00:09,261] {bash.py:173} INFO - Italy
[2022-03-16 18:00:09,261] {bash.py:173} INFO - 40510
[2022-03-16 18:00:09,261] {bash.py:173} INFO - Spain
[2022-03-16 18:00:09,261] {bash.py:173} INFO - 30535
[2022-03-16 18:00:09,261] {bash.py:173} INFO - Italy: CO2 391, mix [('gas', 23283, '57'), ('unknown', 3223, '8'), ('solar', 3214, '8')]
[2022-03-16 18:00:09,261] {bash.py:173} INFO - Spain: CO2 214, mix [('gas', 9521, '31'), ('wind', 7070, '23'), ('nuclear', 5877, '19')]
[2022-03-16 18:00:09,261] {bash.py:173} INFO - Finland
[2022-03-16 18:00:09,262] {bash.py:173} INFO - 9904
[2022-03-16 18:00:09,262] {bash.py:173} INFO - Norway
[2022-03-16 18:00:09,262] {bash.py:173} INFO - 18240
[2022-03-16 18:00:09,262] {bash.py:173} INFO - Finland: CO2 163, mix [('nuclear', 3448, '35'), ('hydro', 2006, '20'), ('wind', 1704, '17')]
[2022-03-16 18:00:09,262] {bash.py:173} INFO - Norway: CO2 27, mix [('hydro', 15702, '86'), ('wind', 2029, '11'), ('hydro discharge', 371, '2')]
[2022-03-16 18:00:09,262] {bash.py:173} INFO - UK
[2022-03-16 18:00:09,262] {bash.py:173} INFO - 38609
[2022-03-16 18:00:09,262] {bash.py:173} INFO - Germany
[2022-03-16 18:00:09,262] {bash.py:173} INFO - 62408
[2022-03-16 18:00:09,262] {bash.py:173} INFO - UK: CO2 319, mix [('gas', 20805, '54'), ('nuclear', 5789, '15'), ('wind', 5481, '14')]
[2022-03-16 18:00:09,262] {bash.py:173} INFO - Germany: CO2 404, mix [('coal', 23291, '37'), ('wind', 15917, '26'), ('gas', 7376, '12')]
[2022-03-16 18:00:09,298] {bash.py:177} INFO - Command exited with return code 0
[2022-03-16 18:00:09,314] {taskinstance.py:1159} INFO - Marking task as SUCCESS. dag_id=matchup, task_id=run_script, execution_date=20220316T120000, start_date=20220316T180003, end_date=20220316T180009
[2022-03-16 18:00:09,330] {taskinstance.py:1220} INFO - 0 downstream tasks scheduled from follow-on schedule check
[2022-03-16 18:00:09,361] {local_task_job.py:146} INFO - Task exited with return code 0
