[2022-04-06 12:01:05,453] {taskinstance.py:851} INFO - Dependencies all met for <TaskInstance: matchup.run_script 2022-04-06T06:00:00+00:00 [queued]>
[2022-04-06 12:01:05,457] {taskinstance.py:851} INFO - Dependencies all met for <TaskInstance: matchup.run_script 2022-04-06T06:00:00+00:00 [queued]>
[2022-04-06 12:01:05,457] {taskinstance.py:1042} INFO - 
--------------------------------------------------------------------------------
[2022-04-06 12:01:05,457] {taskinstance.py:1043} INFO - Starting attempt 2 of 6
[2022-04-06 12:01:05,457] {taskinstance.py:1044} INFO - 
--------------------------------------------------------------------------------
[2022-04-06 12:01:05,463] {taskinstance.py:1063} INFO - Executing <Task(BashOperator): run_script> on 2022-04-06T06:00:00+00:00
[2022-04-06 12:01:05,466] {standard_task_runner.py:52} INFO - Started process 43147 to run task
[2022-04-06 12:01:05,471] {standard_task_runner.py:76} INFO - Running: ['airflow', 'tasks', 'run', 'matchup', 'run_script', '2022-04-06T06:00:00+00:00', '--job-id', '65', '--pool', 'default_pool', '--raw', '--subdir', 'DAGS_FOLDER/matchup.py', '--cfg-path', '/tmp/tmpe5_2h665', '--error-file', '/tmp/tmp13g7zl92']
[2022-04-06 12:01:05,472] {standard_task_runner.py:77} INFO - Job 65: Subtask run_script
[2022-04-06 12:01:05,498] {logging_mixin.py:104} INFO - Running <TaskInstance: matchup.run_script 2022-04-06T06:00:00+00:00 [running]> on host 193e33218975
[2022-04-06 12:01:05,512] {taskinstance.py:1255} INFO - Exporting the following env vars:
AIRFLOW_CTX_DAG_EMAIL=r.chesne@gmail.com
AIRFLOW_CTX_DAG_OWNER=Robin
AIRFLOW_CTX_DAG_ID=matchup
AIRFLOW_CTX_TASK_ID=run_script
AIRFLOW_CTX_EXECUTION_DATE=2022-04-06T06:00:00+00:00
AIRFLOW_CTX_DAG_RUN_ID=scheduled__2022-04-06T06:00:00+00:00
[2022-04-06 12:01:05,513] {bash.py:135} INFO - Tmp dir root location: 
 /tmp
[2022-04-06 12:01:05,513] {bash.py:158} INFO - Running command: python /app/scripts/main.py
[2022-04-06 12:01:05,519] {bash.py:169} INFO - Output:
[2022-04-06 12:01:10,293] {bash.py:173} INFO - Portugal
[2022-04-06 12:01:10,294] {bash.py:173} INFO - 6494
[2022-04-06 12:01:10,294] {bash.py:173} INFO - Italy
[2022-04-06 12:01:10,294] {bash.py:173} INFO - 39865
[2022-04-06 12:01:10,294] {bash.py:173} INFO - Portugal: CO2 251, mix [('gas', 2810, '43'), ('hydro', 1420, '22'), ('solar', 729, '11')]
[2022-04-06 12:01:10,294] {bash.py:173} INFO - Italy: CO2 361, mix [('gas', 20478, '51'), ('solar', 8752, '22'), ('coal', 2870, '7')]
[2022-04-06 12:01:10,294] {bash.py:173} INFO - Norway
[2022-04-06 12:01:10,294] {bash.py:173} INFO - 18752
[2022-04-06 12:01:10,294] {bash.py:173} INFO - Sweden
[2022-04-06 12:01:10,294] {bash.py:173} INFO - 19571
[2022-04-06 12:01:10,294] {bash.py:173} INFO - Norway: CO2 46, mix [('hydro', 13946, '74'), ('wind', 3127, '17'), ('nuclear', 475, '3')]
[2022-04-06 12:01:10,294] {bash.py:173} INFO - Sweden: CO2 51, mix [('hydro', 6423, '33'), ('nuclear', 6128, '31'), ('wind', 4649, '24')]
[2022-04-06 12:01:10,294] {bash.py:173} INFO - UK
[2022-04-06 12:01:10,294] {bash.py:173} INFO - 33465
[2022-04-06 12:01:10,294] {bash.py:173} INFO - France
[2022-04-06 12:01:10,295] {bash.py:173} INFO - 63361
[2022-04-06 12:01:10,295] {bash.py:173} INFO - UK: CO2 181, mix [('wind', 13010, '39'), ('gas', 9207, '28'), ('nuclear', 5298, '16')]
[2022-04-06 12:01:10,295] {bash.py:173} INFO - France: CO2 91, mix [('nuclear', 32749, '52'), ('wind', 8273, '13'), ('gas', 8143, '13')]
[2022-04-06 12:01:10,327] {bash.py:177} INFO - Command exited with return code 0
[2022-04-06 12:01:10,343] {taskinstance.py:1159} INFO - Marking task as SUCCESS. dag_id=matchup, task_id=run_script, execution_date=20220406T060000, start_date=20220406T120105, end_date=20220406T120110
[2022-04-06 12:01:10,356] {taskinstance.py:1220} INFO - 0 downstream tasks scheduled from follow-on schedule check
[2022-04-06 12:01:10,377] {local_task_job.py:146} INFO - Task exited with return code 0
