[2022-06-27 06:00:04,131] {taskinstance.py:851} INFO - Dependencies all met for <TaskInstance: matchup.run_script 2022-06-27T00:00:00+00:00 [queued]>
[2022-06-27 06:00:04,139] {taskinstance.py:851} INFO - Dependencies all met for <TaskInstance: matchup.run_script 2022-06-27T00:00:00+00:00 [queued]>
[2022-06-27 06:00:04,139] {taskinstance.py:1042} INFO - 
--------------------------------------------------------------------------------
[2022-06-27 06:00:04,139] {taskinstance.py:1043} INFO - Starting attempt 1 of 6
[2022-06-27 06:00:04,139] {taskinstance.py:1044} INFO - 
--------------------------------------------------------------------------------
[2022-06-27 06:00:04,149] {taskinstance.py:1063} INFO - Executing <Task(BashOperator): run_script> on 2022-06-27T00:00:00+00:00
[2022-06-27 06:00:04,151] {standard_task_runner.py:52} INFO - Started process 82717 to run task
[2022-06-27 06:00:04,155] {standard_task_runner.py:76} INFO - Running: ['airflow', 'tasks', 'run', 'matchup', 'run_script', '2022-06-27T00:00:00+00:00', '--job-id', '1457', '--pool', 'default_pool', '--raw', '--subdir', 'DAGS_FOLDER/matchup.py', '--cfg-path', '/tmp/tmp66isu9nn', '--error-file', '/tmp/tmpgh3br6vl']
[2022-06-27 06:00:04,155] {standard_task_runner.py:77} INFO - Job 1457: Subtask run_script
[2022-06-27 06:00:04,181] {logging_mixin.py:104} INFO - Running <TaskInstance: matchup.run_script 2022-06-27T00:00:00+00:00 [running]> on host b5b34dd97903
[2022-06-27 06:00:04,220] {taskinstance.py:1255} INFO - Exporting the following env vars:
AIRFLOW_CTX_DAG_EMAIL=r.chesne@gmail.com
AIRFLOW_CTX_DAG_OWNER=Robin
AIRFLOW_CTX_DAG_ID=matchup
AIRFLOW_CTX_TASK_ID=run_script
AIRFLOW_CTX_EXECUTION_DATE=2022-06-27T00:00:00+00:00
AIRFLOW_CTX_DAG_RUN_ID=scheduled__2022-06-27T00:00:00+00:00
[2022-06-27 06:00:04,220] {bash.py:135} INFO - Tmp dir root location: 
 /tmp
[2022-06-27 06:00:04,221] {bash.py:158} INFO - Running command: python /app/scripts/main.py
[2022-06-27 06:00:04,227] {bash.py:169} INFO - Output:
[2022-06-27 06:00:08,678] {bash.py:173} INFO - Spain
[2022-06-27 06:00:08,679] {bash.py:173} INFO - 24941
[2022-06-27 06:00:08,679] {bash.py:173} INFO - Italy
[2022-06-27 06:00:08,679] {bash.py:173} INFO - 26313
[2022-06-27 06:00:08,679] {bash.py:173} INFO - Spain: CO2 183, mix [('wind', 7828, '31'), ('nuclear', 6736, '27'), ('gas', 6038, '24')]
[2022-06-27 06:00:08,679] {bash.py:173} INFO - Italy: CO2 414, mix [('gas', 14477, '55'), ('hydro', 3933, '15'), ('coal', 2480, '9')]
[2022-06-27 06:00:08,679] {bash.py:173} INFO - Denmark
[2022-06-27 06:00:08,679] {bash.py:173} INFO - 4376
[2022-06-27 06:00:08,679] {bash.py:173} INFO - Norway
[2022-06-27 06:00:08,679] {bash.py:173} INFO - 13455
[2022-06-27 06:00:08,679] {bash.py:173} INFO - Denmark: CO2 133, mix [('hydro', 1533, '35'), ('wind', 1331, '30'), ('nuclear', 366, '8')]
[2022-06-27 06:00:08,679] {bash.py:173} INFO - Norway: CO2 38, mix [('hydro', 12086, '90'), ('wind', 809, '6'), ('gas', 330, '2')]
[2022-06-27 06:00:08,679] {bash.py:173} INFO - France
[2022-06-27 06:00:08,679] {bash.py:173} INFO - 40788
[2022-06-27 06:00:08,679] {bash.py:173} INFO - UK
[2022-06-27 06:00:08,679] {bash.py:173} INFO - 18885
[2022-06-27 06:00:08,679] {bash.py:173} INFO - France: CO2 72, mix [('nuclear', 28741, '70'), ('hydro', 4485, '11'), ('gas', 4239, '10')]
[2022-06-27 06:00:08,679] {bash.py:173} INFO - UK: CO2 272, mix [('gas', 9479, '50'), ('nuclear', 4718, '25'), ('wind', 3062, '16')]
[2022-06-27 06:00:08,726] {bash.py:177} INFO - Command exited with return code 0
[2022-06-27 06:00:08,736] {taskinstance.py:1159} INFO - Marking task as SUCCESS. dag_id=matchup, task_id=run_script, execution_date=20220627T000000, start_date=20220627T060004, end_date=20220627T060008
[2022-06-27 06:00:08,746] {taskinstance.py:1220} INFO - 0 downstream tasks scheduled from follow-on schedule check
[2022-06-27 06:00:08,788] {local_task_job.py:146} INFO - Task exited with return code 0
