[2022-02-27 18:00:04,463] {taskinstance.py:851} INFO - Dependencies all met for <TaskInstance: matchup.run_script 2022-02-27T12:00:00+00:00 [queued]>
[2022-02-27 18:00:04,469] {taskinstance.py:851} INFO - Dependencies all met for <TaskInstance: matchup.run_script 2022-02-27T12:00:00+00:00 [queued]>
[2022-02-27 18:00:04,469] {taskinstance.py:1042} INFO - 
--------------------------------------------------------------------------------
[2022-02-27 18:00:04,469] {taskinstance.py:1043} INFO - Starting attempt 1 of 6
[2022-02-27 18:00:04,469] {taskinstance.py:1044} INFO - 
--------------------------------------------------------------------------------
[2022-02-27 18:00:04,477] {taskinstance.py:1063} INFO - Executing <Task(BashOperator): run_script> on 2022-02-27T12:00:00+00:00
[2022-02-27 18:00:04,480] {standard_task_runner.py:52} INFO - Started process 130884 to run task
[2022-02-27 18:00:04,489] {standard_task_runner.py:76} INFO - Running: ['airflow', 'tasks', 'run', 'matchup', 'run_script', '2022-02-27T12:00:00+00:00', '--job-id', '96', '--pool', 'default_pool', '--raw', '--subdir', 'DAGS_FOLDER/matchup.py', '--cfg-path', '/tmp/tmpg0ptbfh_', '--error-file', '/tmp/tmp8g2a3ldp']
[2022-02-27 18:00:04,489] {standard_task_runner.py:77} INFO - Job 96: Subtask run_script
[2022-02-27 18:00:04,525] {logging_mixin.py:104} INFO - Running <TaskInstance: matchup.run_script 2022-02-27T12:00:00+00:00 [running]> on host 531edfb863fc
[2022-02-27 18:00:04,561] {taskinstance.py:1255} INFO - Exporting the following env vars:
AIRFLOW_CTX_DAG_EMAIL=r.chesne@gmail.com
AIRFLOW_CTX_DAG_OWNER=Robin
AIRFLOW_CTX_DAG_ID=matchup
AIRFLOW_CTX_TASK_ID=run_script
AIRFLOW_CTX_EXECUTION_DATE=2022-02-27T12:00:00+00:00
AIRFLOW_CTX_DAG_RUN_ID=scheduled__2022-02-27T12:00:00+00:00
[2022-02-27 18:00:04,562] {bash.py:135} INFO - Tmp dir root location: 
 /tmp
[2022-02-27 18:00:04,562] {bash.py:158} INFO - Running command: python /app/scripts/main.py
[2022-02-27 18:00:04,572] {bash.py:169} INFO - Output:
[2022-02-27 18:00:08,371] {bash.py:173} INFO - Spain: CO2 192, mix [('nuclear', 7870, '32'), ('gas', 6364, '25'), ('solar', 6076, '24')]
[2022-02-27 18:00:08,371] {bash.py:173} INFO - Italy: CO2 327, mix [('gas', 7880, '31'), ('wind', 4738, '18'), ('coal', 3647, '14')]
[2022-02-27 18:00:08,371] {bash.py:173} INFO - Denmark: CO2 245, mix [('wind', 938, '22'), ('biomass', 774, '18'), ('hydro', 760, '18')]
[2022-02-27 18:00:08,371] {bash.py:173} INFO - Sweden: CO2 43, mix [('wind', 6038, '32'), ('hydro', 5906, '31'), ('nuclear', 5309, '28')]
[2022-02-27 18:00:08,371] {bash.py:173} INFO - UK: CO2 114, mix [('wind', 12887, '41'), ('nuclear', 6633, '21'), ('gas', 4363, '14')]
[2022-02-27 18:00:08,371] {bash.py:173} INFO - France: CO2 70, mix [('nuclear', 40314, '71'), ('gas', 4511, '8'), ('hydro', 4509, '8')]
[2022-02-27 18:00:08,440] {bash.py:177} INFO - Command exited with return code 0
[2022-02-27 18:00:08,464] {taskinstance.py:1159} INFO - Marking task as SUCCESS. dag_id=matchup, task_id=run_script, execution_date=20220227T120000, start_date=20220227T180004, end_date=20220227T180008
[2022-02-27 18:00:08,486] {taskinstance.py:1220} INFO - 0 downstream tasks scheduled from follow-on schedule check
[2022-02-27 18:00:08,517] {local_task_job.py:146} INFO - Task exited with return code 0
