[2022-04-11 06:00:03,624] {taskinstance.py:851} INFO - Dependencies all met for <TaskInstance: matchup.run_script 2022-04-11T00:00:00+00:00 [queued]>
[2022-04-11 06:00:03,628] {taskinstance.py:851} INFO - Dependencies all met for <TaskInstance: matchup.run_script 2022-04-11T00:00:00+00:00 [queued]>
[2022-04-11 06:00:03,629] {taskinstance.py:1042} INFO - 
--------------------------------------------------------------------------------
[2022-04-11 06:00:03,629] {taskinstance.py:1043} INFO - Starting attempt 1 of 6
[2022-04-11 06:00:03,629] {taskinstance.py:1044} INFO - 
--------------------------------------------------------------------------------
[2022-04-11 06:00:03,636] {taskinstance.py:1063} INFO - Executing <Task(BashOperator): run_script> on 2022-04-11T00:00:00+00:00
[2022-04-11 06:00:03,641] {standard_task_runner.py:52} INFO - Started process 110852 to run task
[2022-04-11 06:00:03,648] {standard_task_runner.py:76} INFO - Running: ['airflow', 'tasks', 'run', 'matchup', 'run_script', '2022-04-11T00:00:00+00:00', '--job-id', '123', '--pool', 'default_pool', '--raw', '--subdir', 'DAGS_FOLDER/matchup.py', '--cfg-path', '/tmp/tmplhpulfsj', '--error-file', '/tmp/tmpyf8ky7zk']
[2022-04-11 06:00:03,648] {standard_task_runner.py:77} INFO - Job 123: Subtask run_script
[2022-04-11 06:00:03,679] {logging_mixin.py:104} INFO - Running <TaskInstance: matchup.run_script 2022-04-11T00:00:00+00:00 [running]> on host 193e33218975
[2022-04-11 06:00:03,698] {taskinstance.py:1255} INFO - Exporting the following env vars:
AIRFLOW_CTX_DAG_EMAIL=r.chesne@gmail.com
AIRFLOW_CTX_DAG_OWNER=Robin
AIRFLOW_CTX_DAG_ID=matchup
AIRFLOW_CTX_TASK_ID=run_script
AIRFLOW_CTX_EXECUTION_DATE=2022-04-11T00:00:00+00:00
AIRFLOW_CTX_DAG_RUN_ID=scheduled__2022-04-11T00:00:00+00:00
[2022-04-11 06:00:03,698] {bash.py:135} INFO - Tmp dir root location: 
 /tmp
[2022-04-11 06:00:03,699] {bash.py:158} INFO - Running command: python /app/scripts/main.py
[2022-04-11 06:00:03,708] {bash.py:169} INFO - Output:
[2022-04-11 06:00:07,457] {bash.py:173} INFO - Spain
[2022-04-11 06:00:07,457] {bash.py:173} INFO - 20778
[2022-04-11 06:00:07,457] {bash.py:173} INFO - Italy
[2022-04-11 06:00:07,457] {bash.py:173} INFO - 23319
[2022-04-11 06:00:07,457] {bash.py:173} INFO - Spain: CO2 116, mix [('wind', 10218, '49'), ('nuclear', 4753, '23'), ('gas', 3228, '16')]
[2022-04-11 06:00:07,457] {bash.py:173} INFO - Italy: CO2 389, mix [('gas', 9274, '40'), ('coal', 3502, '15'), ('hydro', 2382, '10')]
[2022-04-11 06:00:07,457] {bash.py:173} INFO - Finland
[2022-04-11 06:00:07,457] {bash.py:173} INFO - 9644
[2022-04-11 06:00:07,457] {bash.py:173} INFO - Sweden
[2022-04-11 06:00:07,457] {bash.py:173} INFO - 17590
[2022-04-11 06:00:07,458] {bash.py:173} INFO - Finland: CO2 145, mix [('nuclear', 3590, '37'), ('hydro', 2464, '26'), ('wind', 1299, '13')]
[2022-04-11 06:00:07,458] {bash.py:173} INFO - Sweden: CO2 40, mix [('hydro', 6945, '39'), ('nuclear', 5202, '30'), ('wind', 3888, '22')]
[2022-04-11 06:00:07,458] {bash.py:173} INFO - Germany
[2022-04-11 06:00:07,458] {bash.py:173} INFO - 44275
[2022-04-11 06:00:07,458] {bash.py:173} INFO - UK
[2022-04-11 06:00:07,458] {bash.py:173} INFO - 21047
[2022-04-11 06:00:07,458] {bash.py:173} INFO - Germany: CO2 442, mix [('coal', 19541, '44'), ('wind', 8527, '19'), ('biomass', 4570, '10')]
[2022-04-11 06:00:07,458] {bash.py:173} INFO - UK: CO2 197, mix [('gas', 7141, '34'), ('wind', 5870, '28'), ('nuclear', 5505, '26')]
[2022-04-11 06:00:07,491] {bash.py:177} INFO - Command exited with return code 0
[2022-04-11 06:00:07,507] {taskinstance.py:1159} INFO - Marking task as SUCCESS. dag_id=matchup, task_id=run_script, execution_date=20220411T000000, start_date=20220411T060003, end_date=20220411T060007
[2022-04-11 06:00:07,520] {taskinstance.py:1220} INFO - 0 downstream tasks scheduled from follow-on schedule check
[2022-04-11 06:00:07,553] {local_task_job.py:146} INFO - Task exited with return code 0
