[2022-07-10 00:00:04,986] {taskinstance.py:851} INFO - Dependencies all met for <TaskInstance: matchup.run_script 2022-07-09T18:00:00+00:00 [queued]>
[2022-07-10 00:00:04,994] {taskinstance.py:851} INFO - Dependencies all met for <TaskInstance: matchup.run_script 2022-07-09T18:00:00+00:00 [queued]>
[2022-07-10 00:00:04,995] {taskinstance.py:1042} INFO - 
--------------------------------------------------------------------------------
[2022-07-10 00:00:04,995] {taskinstance.py:1043} INFO - Starting attempt 1 of 6
[2022-07-10 00:00:04,995] {taskinstance.py:1044} INFO - 
--------------------------------------------------------------------------------
[2022-07-10 00:00:05,003] {taskinstance.py:1063} INFO - Executing <Task(BashOperator): run_script> on 2022-07-09T18:00:00+00:00
[2022-07-10 00:00:05,007] {standard_task_runner.py:52} INFO - Started process 19165 to run task
[2022-07-10 00:00:05,012] {standard_task_runner.py:76} INFO - Running: ['airflow', 'tasks', 'run', 'matchup', 'run_script', '2022-07-09T18:00:00+00:00', '--job-id', '1552', '--pool', 'default_pool', '--raw', '--subdir', 'DAGS_FOLDER/matchup.py', '--cfg-path', '/tmp/tmpfajs8baa', '--error-file', '/tmp/tmptlkl_aye']
[2022-07-10 00:00:05,012] {standard_task_runner.py:77} INFO - Job 1552: Subtask run_script
[2022-07-10 00:00:05,042] {logging_mixin.py:104} INFO - Running <TaskInstance: matchup.run_script 2022-07-09T18:00:00+00:00 [running]> on host a41a09215c15
[2022-07-10 00:00:05,071] {taskinstance.py:1255} INFO - Exporting the following env vars:
AIRFLOW_CTX_DAG_EMAIL=r.chesne@gmail.com
AIRFLOW_CTX_DAG_OWNER=Robin
AIRFLOW_CTX_DAG_ID=matchup
AIRFLOW_CTX_TASK_ID=run_script
AIRFLOW_CTX_EXECUTION_DATE=2022-07-09T18:00:00+00:00
AIRFLOW_CTX_DAG_RUN_ID=scheduled__2022-07-09T18:00:00+00:00
[2022-07-10 00:00:05,071] {bash.py:135} INFO - Tmp dir root location: 
 /tmp
[2022-07-10 00:00:05,072] {bash.py:158} INFO - Running command: python /app/scripts/main.py
[2022-07-10 00:00:05,079] {bash.py:169} INFO - Output:
[2022-07-10 00:00:09,443] {bash.py:173} INFO - Italy
[2022-07-10 00:00:09,444] {bash.py:173} INFO - 30256
[2022-07-10 00:00:09,444] {bash.py:173} INFO - Portugal
[2022-07-10 00:00:09,444] {bash.py:173} INFO - 4036
[2022-07-10 00:00:09,444] {bash.py:173} INFO - Italy: CO2 385, mix [('gas', 14668, '48'), ('hydro', 4876, '16'), ('coal', 3018, '10')]
[2022-07-10 00:00:09,444] {bash.py:173} INFO - Portugal: CO2 267, mix [('gas', 1813, '45'), ('wind', 1295, '32'), ('biomass', 436, '11')]
[2022-07-10 00:00:09,444] {bash.py:173} INFO - Hungary
[2022-07-10 00:00:09,444] {bash.py:173} INFO - 2777
[2022-07-10 00:00:09,444] {bash.py:173} INFO - France
[2022-07-10 00:00:09,444] {bash.py:173} INFO - 38748
[2022-07-10 00:00:09,444] {bash.py:173} INFO - Hungary: CO2 132, mix [('nuclear', 1784, '64'), ('gas', 472, '17'), ('biomass', 151, '5')]
[2022-07-10 00:00:09,444] {bash.py:173} INFO - France: CO2 55, mix [('nuclear', 25916, '67'), ('wind', 5485, '14'), ('hydro', 3572, '9')]
[2022-07-10 00:00:09,445] {bash.py:173} INFO - Denmark
[2022-07-10 00:00:09,445] {bash.py:173} INFO - 2377
[2022-07-10 00:00:09,445] {bash.py:173} INFO - Finland
[2022-07-10 00:00:09,445] {bash.py:173} INFO - 6752
[2022-07-10 00:00:09,445] {bash.py:173} INFO - Denmark: CO2 158, mix [('wind', 1342, '56'), ('coal', 314, '13'), ('nuclear', 217, '9')]
[2022-07-10 00:00:09,445] {bash.py:173} INFO - Finland: CO2 72, mix [('nuclear', 3318, '49'), ('hydro', 1339, '20'), ('wind', 1159, '17')]
[2022-07-10 00:00:09,512] {bash.py:177} INFO - Command exited with return code 0
[2022-07-10 00:00:09,534] {taskinstance.py:1159} INFO - Marking task as SUCCESS. dag_id=matchup, task_id=run_script, execution_date=20220709T180000, start_date=20220710T000004, end_date=20220710T000009
[2022-07-10 00:00:09,553] {taskinstance.py:1220} INFO - 0 downstream tasks scheduled from follow-on schedule check
[2022-07-10 00:00:09,599] {local_task_job.py:146} INFO - Task exited with return code 0
