[2022-03-30 12:01:05,371] {taskinstance.py:851} INFO - Dependencies all met for <TaskInstance: matchup.run_script 2022-03-30T06:00:00+00:00 [queued]>
[2022-03-30 12:01:05,375] {taskinstance.py:851} INFO - Dependencies all met for <TaskInstance: matchup.run_script 2022-03-30T06:00:00+00:00 [queued]>
[2022-03-30 12:01:05,376] {taskinstance.py:1042} INFO - 
--------------------------------------------------------------------------------
[2022-03-30 12:01:05,376] {taskinstance.py:1043} INFO - Starting attempt 2 of 6
[2022-03-30 12:01:05,376] {taskinstance.py:1044} INFO - 
--------------------------------------------------------------------------------
[2022-03-30 12:01:05,383] {taskinstance.py:1063} INFO - Executing <Task(BashOperator): run_script> on 2022-03-30T06:00:00+00:00
[2022-03-30 12:01:05,388] {standard_task_runner.py:52} INFO - Started process 568354 to run task
[2022-03-30 12:01:05,394] {standard_task_runner.py:76} INFO - Running: ['airflow', 'tasks', 'run', 'matchup', 'run_script', '2022-03-30T06:00:00+00:00', '--job-id', '566', '--pool', 'default_pool', '--raw', '--subdir', 'DAGS_FOLDER/matchup.py', '--cfg-path', '/tmp/tmplnv9c5ro', '--error-file', '/tmp/tmpuj0bvv09']
[2022-03-30 12:01:05,394] {standard_task_runner.py:77} INFO - Job 566: Subtask run_script
[2022-03-30 12:01:05,422] {logging_mixin.py:104} INFO - Running <TaskInstance: matchup.run_script 2022-03-30T06:00:00+00:00 [running]> on host 531edfb863fc
[2022-03-30 12:01:05,438] {taskinstance.py:1255} INFO - Exporting the following env vars:
AIRFLOW_CTX_DAG_EMAIL=r.chesne@gmail.com
AIRFLOW_CTX_DAG_OWNER=Robin
AIRFLOW_CTX_DAG_ID=matchup
AIRFLOW_CTX_TASK_ID=run_script
AIRFLOW_CTX_EXECUTION_DATE=2022-03-30T06:00:00+00:00
AIRFLOW_CTX_DAG_RUN_ID=scheduled__2022-03-30T06:00:00+00:00
[2022-03-30 12:01:05,438] {bash.py:135} INFO - Tmp dir root location: 
 /tmp
[2022-03-30 12:01:05,438] {bash.py:158} INFO - Running command: python /app/scripts/main.py
[2022-03-30 12:01:05,444] {bash.py:169} INFO - Output:
[2022-03-30 12:01:09,383] {bash.py:173} INFO - Italy
[2022-03-30 12:01:09,383] {bash.py:173} INFO - 42515
[2022-03-30 12:01:09,383] {bash.py:173} INFO - Spain
[2022-03-30 12:01:09,383] {bash.py:173} INFO - 31045
[2022-03-30 12:01:09,383] {bash.py:173} INFO - Italy: CO2 379, mix [('gas', 21873, '51'), ('hydro', 4811, '11'), ('coal', 3594, '8')]
[2022-03-30 12:01:09,383] {bash.py:173} INFO - Spain: CO2 179, mix [('gas', 8791, '28'), ('wind', 7268, '23'), ('nuclear', 5689, '18')]
[2022-03-30 12:01:09,383] {bash.py:173} INFO - Denmark
[2022-03-30 12:01:09,383] {bash.py:173} INFO - 4971
[2022-03-30 12:01:09,383] {bash.py:173} INFO - Sweden
[2022-03-30 12:01:09,383] {bash.py:173} INFO - 18704
[2022-03-30 12:01:09,384] {bash.py:173} INFO - Denmark: CO2 227, mix [('wind', 1482, '30'), ('coal', 934, '19'), ('hydro', 777, '16')]
[2022-03-30 12:01:09,384] {bash.py:173} INFO - Sweden: CO2 51, mix [('hydro', 7358, '39'), ('nuclear', 6087, '33'), ('wind', 2961, '16')]
[2022-03-30 12:01:09,384] {bash.py:173} INFO - France
[2022-03-30 12:01:09,384] {bash.py:173} INFO - 52984
[2022-03-30 12:01:09,384] {bash.py:173} INFO - UK
[2022-03-30 12:01:09,384] {bash.py:173} INFO - 37178
[2022-03-30 12:01:09,384] {bash.py:173} INFO - France: CO2 89, mix [('nuclear', 30303, '57'), ('hydro', 8089, '15'), ('gas', 7183, '14')]
[2022-03-30 12:01:09,384] {bash.py:173} INFO - UK: CO2 311, mix [('gas', 18711, '50'), ('wind', 6302, '17'), ('nuclear', 4706, '13')]
[2022-03-30 12:01:09,425] {bash.py:177} INFO - Command exited with return code 0
[2022-03-30 12:01:09,445] {taskinstance.py:1159} INFO - Marking task as SUCCESS. dag_id=matchup, task_id=run_script, execution_date=20220330T060000, start_date=20220330T120105, end_date=20220330T120109
[2022-03-30 12:01:09,458] {taskinstance.py:1220} INFO - 0 downstream tasks scheduled from follow-on schedule check
[2022-03-30 12:01:09,497] {local_task_job.py:146} INFO - Task exited with return code 0
