[2022-04-23 06:00:03,336] {taskinstance.py:851} INFO - Dependencies all met for <TaskInstance: matchup.run_script 2022-04-23T00:00:00+00:00 [queued]>
[2022-04-23 06:00:03,341] {taskinstance.py:851} INFO - Dependencies all met for <TaskInstance: matchup.run_script 2022-04-23T00:00:00+00:00 [queued]>
[2022-04-23 06:00:03,341] {taskinstance.py:1042} INFO - 
--------------------------------------------------------------------------------
[2022-04-23 06:00:03,341] {taskinstance.py:1043} INFO - Starting attempt 1 of 6
[2022-04-23 06:00:03,341] {taskinstance.py:1044} INFO - 
--------------------------------------------------------------------------------
[2022-04-23 06:00:03,347] {taskinstance.py:1063} INFO - Executing <Task(BashOperator): run_script> on 2022-04-23T00:00:00+00:00
[2022-04-23 06:00:03,350] {standard_task_runner.py:52} INFO - Started process 281849 to run task
[2022-04-23 06:00:03,354] {standard_task_runner.py:76} INFO - Running: ['airflow', 'tasks', 'run', 'matchup', 'run_script', '2022-04-23T00:00:00+00:00', '--job-id', '256', '--pool', 'default_pool', '--raw', '--subdir', 'DAGS_FOLDER/matchup.py', '--cfg-path', '/tmp/tmp2eaj2kub', '--error-file', '/tmp/tmpo8m95kws']
[2022-04-23 06:00:03,355] {standard_task_runner.py:77} INFO - Job 256: Subtask run_script
[2022-04-23 06:00:03,383] {logging_mixin.py:104} INFO - Running <TaskInstance: matchup.run_script 2022-04-23T00:00:00+00:00 [running]> on host 193e33218975
[2022-04-23 06:00:03,410] {taskinstance.py:1255} INFO - Exporting the following env vars:
AIRFLOW_CTX_DAG_EMAIL=r.chesne@gmail.com
AIRFLOW_CTX_DAG_OWNER=Robin
AIRFLOW_CTX_DAG_ID=matchup
AIRFLOW_CTX_TASK_ID=run_script
AIRFLOW_CTX_EXECUTION_DATE=2022-04-23T00:00:00+00:00
AIRFLOW_CTX_DAG_RUN_ID=scheduled__2022-04-23T00:00:00+00:00
[2022-04-23 06:00:03,411] {bash.py:135} INFO - Tmp dir root location: 
 /tmp
[2022-04-23 06:00:03,411] {bash.py:158} INFO - Running command: python /app/scripts/main.py
[2022-04-23 06:00:03,419] {bash.py:169} INFO - Output:
[2022-04-23 06:00:08,189] {bash.py:173} INFO - Italy
[2022-04-23 06:00:08,189] {bash.py:173} INFO - 33922
[2022-04-23 06:00:08,189] {bash.py:173} INFO - Spain
[2022-04-23 06:00:08,189] {bash.py:173} INFO - 29643
[2022-04-23 06:00:08,189] {bash.py:173} INFO - Italy: CO2 370, mix [('gas', 16896, '50'), ('hydro', 4092, '12'), ('wind', 3260, '10')]
[2022-04-23 06:00:08,189] {bash.py:173} INFO - Spain: CO2 161, mix [('wind', 9808, '33'), ('gas', 6741, '23'), ('nuclear', 6009, '20')]
[2022-04-23 06:00:08,190] {bash.py:173} INFO - Norway
[2022-04-23 06:00:08,190] {bash.py:173} INFO - 20685
[2022-04-23 06:00:08,190] {bash.py:173} INFO - Denmark
[2022-04-23 06:00:08,190] {bash.py:173} INFO - 5444
[2022-04-23 06:00:08,190] {bash.py:173} INFO - Norway: CO2 52, mix [('hydro', 16807, '81'), ('wind', 2141, '10'), ('coal', 373, '2')]
[2022-04-23 06:00:08,190] {bash.py:173} INFO - Denmark: CO2 183, mix [('wind', 2701, '50'), ('coal', 772, '14'), ('biomass', 637, '12')]
[2022-04-23 06:00:08,190] {bash.py:173} INFO - UK
[2022-04-23 06:00:08,190] {bash.py:173} INFO - 28988
[2022-04-23 06:00:08,190] {bash.py:173} INFO - France
[2022-04-23 06:00:08,190] {bash.py:173} INFO - 57729
[2022-04-23 06:00:08,190] {bash.py:173} INFO - UK: CO2 257, mix [('gas', 12062, '42'), ('wind', 7915, '27'), ('nuclear', 5161, '18')]
[2022-04-23 06:00:08,190] {bash.py:173} INFO - France: CO2 85, mix [('nuclear', 31534, '55'), ('hydro', 8389, '15'), ('gas', 6875, '12')]
[2022-04-23 06:00:08,227] {bash.py:177} INFO - Command exited with return code 0
[2022-04-23 06:00:08,241] {taskinstance.py:1159} INFO - Marking task as SUCCESS. dag_id=matchup, task_id=run_script, execution_date=20220423T000000, start_date=20220423T060003, end_date=20220423T060008
[2022-04-23 06:00:08,253] {taskinstance.py:1220} INFO - 0 downstream tasks scheduled from follow-on schedule check
[2022-04-23 06:00:08,261] {local_task_job.py:146} INFO - Task exited with return code 0
