[2022-04-15 12:00:03,503] {taskinstance.py:851} INFO - Dependencies all met for <TaskInstance: matchup.run_script 2022-04-15T06:00:00+00:00 [queued]>
[2022-04-15 12:00:03,508] {taskinstance.py:851} INFO - Dependencies all met for <TaskInstance: matchup.run_script 2022-04-15T06:00:00+00:00 [queued]>
[2022-04-15 12:00:03,508] {taskinstance.py:1042} INFO - 
--------------------------------------------------------------------------------
[2022-04-15 12:00:03,508] {taskinstance.py:1043} INFO - Starting attempt 1 of 6
[2022-04-15 12:00:03,508] {taskinstance.py:1044} INFO - 
--------------------------------------------------------------------------------
[2022-04-15 12:00:03,514] {taskinstance.py:1063} INFO - Executing <Task(BashOperator): run_script> on 2022-04-15T06:00:00+00:00
[2022-04-15 12:00:03,517] {standard_task_runner.py:52} INFO - Started process 171436 to run task
[2022-04-15 12:00:03,524] {standard_task_runner.py:76} INFO - Running: ['airflow', 'tasks', 'run', 'matchup', 'run_script', '2022-04-15T06:00:00+00:00', '--job-id', '173', '--pool', 'default_pool', '--raw', '--subdir', 'DAGS_FOLDER/matchup.py', '--cfg-path', '/tmp/tmpxl6mv67o', '--error-file', '/tmp/tmpkv96kp3v']
[2022-04-15 12:00:03,524] {standard_task_runner.py:77} INFO - Job 173: Subtask run_script
[2022-04-15 12:00:03,556] {logging_mixin.py:104} INFO - Running <TaskInstance: matchup.run_script 2022-04-15T06:00:00+00:00 [running]> on host 193e33218975
[2022-04-15 12:00:03,579] {taskinstance.py:1255} INFO - Exporting the following env vars:
AIRFLOW_CTX_DAG_EMAIL=r.chesne@gmail.com
AIRFLOW_CTX_DAG_OWNER=Robin
AIRFLOW_CTX_DAG_ID=matchup
AIRFLOW_CTX_TASK_ID=run_script
AIRFLOW_CTX_EXECUTION_DATE=2022-04-15T06:00:00+00:00
AIRFLOW_CTX_DAG_RUN_ID=scheduled__2022-04-15T06:00:00+00:00
[2022-04-15 12:00:03,579] {bash.py:135} INFO - Tmp dir root location: 
 /tmp
[2022-04-15 12:00:03,580] {bash.py:158} INFO - Running command: python /app/scripts/main.py
[2022-04-15 12:00:03,588] {bash.py:169} INFO - Output:
[2022-04-15 12:00:07,220] {bash.py:173} INFO - Spain
[2022-04-15 12:00:07,220] {bash.py:173} INFO - 22320
[2022-04-15 12:00:07,220] {bash.py:173} INFO - Italy
[2022-04-15 12:00:07,220] {bash.py:173} INFO - 36091
[2022-04-15 12:00:07,220] {bash.py:173} INFO - Spain: CO2 148, mix [('solar', 8878, '40'), ('nuclear', 5359, '24'), ('gas', 3601, '16')]
[2022-04-15 12:00:07,220] {bash.py:173} INFO - Italy: CO2 304, mix [('gas', 10509, '29'), ('solar', 9526, '26'), ('coal', 4190, '12')]
[2022-04-15 12:00:07,220] {bash.py:173} INFO - Finland
[2022-04-15 12:00:07,220] {bash.py:173} INFO - 8214
[2022-04-15 12:00:07,220] {bash.py:173} INFO - Sweden
[2022-04-15 12:00:07,220] {bash.py:173} INFO - 15271
[2022-04-15 12:00:07,220] {bash.py:173} INFO - Finland: CO2 132, mix [('nuclear', 3573, '43'), ('hydro', 1716, '21'), ('wind', 1088, '13')]
[2022-04-15 12:00:07,221] {bash.py:173} INFO - Sweden: CO2 47, mix [('hydro', 6689, '44'), ('nuclear', 5548, '36'), ('unknown', 1507, '10')]
[2022-04-15 12:00:07,221] {bash.py:173} INFO - Germany
[2022-04-15 12:00:07,221] {bash.py:173} INFO - 48247
[2022-04-15 12:00:07,221] {bash.py:173} INFO - UK
[2022-04-15 12:00:07,221] {bash.py:173} INFO - 30158
[2022-04-15 12:00:07,221] {bash.py:173} INFO - Germany: CO2 303, mix [('solar', 15586, '32'), ('coal', 13263, '27'), ('wind', 6971, '14')]
[2022-04-15 12:00:07,221] {bash.py:173} INFO - UK: CO2 258, mix [('gas', 14026, '47'), ('nuclear', 6094, '20'), ('solar', 4805, '16')]
[2022-04-15 12:00:07,255] {bash.py:177} INFO - Command exited with return code 0
[2022-04-15 12:00:07,271] {taskinstance.py:1159} INFO - Marking task as SUCCESS. dag_id=matchup, task_id=run_script, execution_date=20220415T060000, start_date=20220415T120003, end_date=20220415T120007
[2022-04-15 12:00:07,284] {taskinstance.py:1220} INFO - 0 downstream tasks scheduled from follow-on schedule check
[2022-04-15 12:00:07,309] {local_task_job.py:146} INFO - Task exited with return code 0
