[2022-02-21 00:00:04,835] {taskinstance.py:851} INFO - Dependencies all met for <TaskInstance: matchup.run_script 2022-02-20T18:00:00+00:00 [queued]>
[2022-02-21 00:00:04,841] {taskinstance.py:851} INFO - Dependencies all met for <TaskInstance: matchup.run_script 2022-02-20T18:00:00+00:00 [queued]>
[2022-02-21 00:00:04,842] {taskinstance.py:1042} INFO - 
--------------------------------------------------------------------------------
[2022-02-21 00:00:04,842] {taskinstance.py:1043} INFO - Starting attempt 1 of 6
[2022-02-21 00:00:04,842] {taskinstance.py:1044} INFO - 
--------------------------------------------------------------------------------
[2022-02-21 00:00:04,931] {taskinstance.py:1063} INFO - Executing <Task(BashOperator): run_script> on 2022-02-20T18:00:00+00:00
[2022-02-21 00:00:04,935] {standard_task_runner.py:52} INFO - Started process 35158 to run task
[2022-02-21 00:00:04,942] {standard_task_runner.py:76} INFO - Running: ['airflow', 'tasks', 'run', 'matchup', 'run_script', '2022-02-20T18:00:00+00:00', '--job-id', '35', '--pool', 'default_pool', '--raw', '--subdir', 'DAGS_FOLDER/matchup.py', '--cfg-path', '/tmp/tmpxvlhqxys', '--error-file', '/tmp/tmpwvmoomwv']
[2022-02-21 00:00:04,942] {standard_task_runner.py:77} INFO - Job 35: Subtask run_script
[2022-02-21 00:00:05,013] {logging_mixin.py:104} INFO - Running <TaskInstance: matchup.run_script 2022-02-20T18:00:00+00:00 [running]> on host 531edfb863fc
[2022-02-21 00:00:05,180] {taskinstance.py:1255} INFO - Exporting the following env vars:
AIRFLOW_CTX_DAG_EMAIL=r.chesne@gmail.com
AIRFLOW_CTX_DAG_OWNER=Robin
AIRFLOW_CTX_DAG_ID=matchup
AIRFLOW_CTX_TASK_ID=run_script
AIRFLOW_CTX_EXECUTION_DATE=2022-02-20T18:00:00+00:00
AIRFLOW_CTX_DAG_RUN_ID=scheduled__2022-02-20T18:00:00+00:00
[2022-02-21 00:00:05,181] {bash.py:135} INFO - Tmp dir root location: 
 /tmp
[2022-02-21 00:00:05,182] {bash.py:158} INFO - Running command: python /app/scripts/main.py
[2022-02-21 00:00:05,192] {bash.py:169} INFO - Output:
[2022-02-21 00:00:08,691] {bash.py:173} INFO - Spain: CO2 183, mix [('gas', 8539, '31'), ('nuclear', 7102, '26'), ('wind', 6336, '23')]
[2022-02-21 00:00:08,692] {bash.py:173} INFO - Italy: CO2 386, mix [('gas', 12100, '54'), ('coal', 3046, '14'), ('hydro', 2782, '12')]
[2022-02-21 00:00:08,692] {bash.py:173} INFO - Finland: CO2 196, mix [('nuclear', 2799, '43'), ('coal', 1166, '18'), ('hydro', 1106, '17')]
[2022-02-21 00:00:08,692] {bash.py:173} INFO - Sweden: CO2 52, mix [('hydro', 9542, '46'), ('nuclear', 5573, '27'), ('wind', 3948, '19')]
[2022-02-21 00:00:08,692] {bash.py:173} INFO - Germany: CO2 163, mix [('wind', 45557, '66'), ('coal', 8717, '13'), ('biomass', 5298, '8')]
[2022-02-21 00:00:08,692] {bash.py:173} INFO - France: CO2 41, mix [('nuclear', 38933, '62'), ('wind', 14062, '22'), ('hydro', 5472, '9')]
[2022-02-21 00:00:08,738] {bash.py:177} INFO - Command exited with return code 0
[2022-02-21 00:00:08,790] {taskinstance.py:1159} INFO - Marking task as SUCCESS. dag_id=matchup, task_id=run_script, execution_date=20220220T180000, start_date=20220221T000004, end_date=20220221T000008
[2022-02-21 00:00:08,831] {taskinstance.py:1220} INFO - 0 downstream tasks scheduled from follow-on schedule check
[2022-02-21 00:00:08,855] {local_task_job.py:146} INFO - Task exited with return code 0
