[2022-03-04 18:00:04,226] {taskinstance.py:851} INFO - Dependencies all met for <TaskInstance: matchup.run_script 2022-03-04T12:00:00+00:00 [queued]>
[2022-03-04 18:00:04,231] {taskinstance.py:851} INFO - Dependencies all met for <TaskInstance: matchup.run_script 2022-03-04T12:00:00+00:00 [queued]>
[2022-03-04 18:00:04,231] {taskinstance.py:1042} INFO - 
--------------------------------------------------------------------------------
[2022-03-04 18:00:04,231] {taskinstance.py:1043} INFO - Starting attempt 1 of 6
[2022-03-04 18:00:04,231] {taskinstance.py:1044} INFO - 
--------------------------------------------------------------------------------
[2022-03-04 18:00:04,238] {taskinstance.py:1063} INFO - Executing <Task(BashOperator): run_script> on 2022-03-04T12:00:00+00:00
[2022-03-04 18:00:04,241] {standard_task_runner.py:52} INFO - Started process 201545 to run task
[2022-03-04 18:00:04,253] {standard_task_runner.py:76} INFO - Running: ['airflow', 'tasks', 'run', 'matchup', 'run_script', '2022-03-04T12:00:00+00:00', '--job-id', '146', '--pool', 'default_pool', '--raw', '--subdir', 'DAGS_FOLDER/matchup.py', '--cfg-path', '/tmp/tmpyr54u_ao', '--error-file', '/tmp/tmp_p285opk']
[2022-03-04 18:00:04,253] {standard_task_runner.py:77} INFO - Job 146: Subtask run_script
[2022-03-04 18:00:04,282] {logging_mixin.py:104} INFO - Running <TaskInstance: matchup.run_script 2022-03-04T12:00:00+00:00 [running]> on host 531edfb863fc
[2022-03-04 18:00:04,311] {taskinstance.py:1255} INFO - Exporting the following env vars:
AIRFLOW_CTX_DAG_EMAIL=r.chesne@gmail.com
AIRFLOW_CTX_DAG_OWNER=Robin
AIRFLOW_CTX_DAG_ID=matchup
AIRFLOW_CTX_TASK_ID=run_script
AIRFLOW_CTX_EXECUTION_DATE=2022-03-04T12:00:00+00:00
AIRFLOW_CTX_DAG_RUN_ID=scheduled__2022-03-04T12:00:00+00:00
[2022-03-04 18:00:04,311] {bash.py:135} INFO - Tmp dir root location: 
 /tmp
[2022-03-04 18:00:04,312] {bash.py:158} INFO - Running command: python /app/scripts/main.py
[2022-03-04 18:00:04,320] {bash.py:169} INFO - Output:
[2022-03-04 18:00:09,354] {bash.py:173} INFO - Portugal: CO2 246, mix [('gas', 2563, '41'), ('wind', 1586, '26'), ('hydro', 612, '10')]
[2022-03-04 18:00:09,354] {bash.py:173} INFO - Spain: CO2 145, mix [('wind', 9147, '30'), ('nuclear', 6431, '21'), ('solar', 5721, '19')]
[2022-03-04 18:00:09,356] {bash.py:173} INFO - Norway: CO2 28, mix [('hydro', 16821, '91'), ('wind', 962, '5'), ('hydro discharge', 468, '3')]
[2022-03-04 18:00:09,356] {bash.py:173} INFO - Denmark: CO2 279, mix [('hydro', 1163, '26'), ('coal', 935, '21'), ('biomass', 732, '16')]
[2022-03-04 18:00:09,356] {bash.py:173} INFO - Germany: CO2 456, mix [('coal', 23695, '40'), ('gas', 9471, '16'), ('wind', 8388, '14')]
[2022-03-04 18:00:09,356] {bash.py:173} INFO - France: CO2 97, mix [('nuclear', 42036, '65'), ('hydro', 8185, '13'), ('gas', 7164, '11')]
[2022-03-04 18:00:09,428] {bash.py:177} INFO - Command exited with return code 0
[2022-03-04 18:00:09,458] {taskinstance.py:1159} INFO - Marking task as SUCCESS. dag_id=matchup, task_id=run_script, execution_date=20220304T120000, start_date=20220304T180004, end_date=20220304T180009
[2022-03-04 18:00:09,481] {taskinstance.py:1220} INFO - 0 downstream tasks scheduled from follow-on schedule check
[2022-03-04 18:00:09,526] {local_task_job.py:146} INFO - Task exited with return code 0
