[2022-03-13 18:01:06,144] {taskinstance.py:851} INFO - Dependencies all met for <TaskInstance: matchup.run_script 2022-03-13T12:00:00+00:00 [queued]>
[2022-03-13 18:01:06,149] {taskinstance.py:851} INFO - Dependencies all met for <TaskInstance: matchup.run_script 2022-03-13T12:00:00+00:00 [queued]>
[2022-03-13 18:01:06,149] {taskinstance.py:1042} INFO - 
--------------------------------------------------------------------------------
[2022-03-13 18:01:06,149] {taskinstance.py:1043} INFO - Starting attempt 2 of 6
[2022-03-13 18:01:06,149] {taskinstance.py:1044} INFO - 
--------------------------------------------------------------------------------
[2022-03-13 18:01:06,157] {taskinstance.py:1063} INFO - Executing <Task(BashOperator): run_script> on 2022-03-13T12:00:00+00:00
[2022-03-13 18:01:06,160] {standard_task_runner.py:52} INFO - Started process 329715 to run task
[2022-03-13 18:01:06,166] {standard_task_runner.py:76} INFO - Running: ['airflow', 'tasks', 'run', 'matchup', 'run_script', '2022-03-13T12:00:00+00:00', '--job-id', '292', '--pool', 'default_pool', '--raw', '--subdir', 'DAGS_FOLDER/matchup.py', '--cfg-path', '/tmp/tmpgv0jnkil', '--error-file', '/tmp/tmpoz91kr5c']
[2022-03-13 18:01:06,167] {standard_task_runner.py:77} INFO - Job 292: Subtask run_script
[2022-03-13 18:01:06,201] {logging_mixin.py:104} INFO - Running <TaskInstance: matchup.run_script 2022-03-13T12:00:00+00:00 [running]> on host 531edfb863fc
[2022-03-13 18:01:06,218] {taskinstance.py:1255} INFO - Exporting the following env vars:
AIRFLOW_CTX_DAG_EMAIL=r.chesne@gmail.com
AIRFLOW_CTX_DAG_OWNER=Robin
AIRFLOW_CTX_DAG_ID=matchup
AIRFLOW_CTX_TASK_ID=run_script
AIRFLOW_CTX_EXECUTION_DATE=2022-03-13T12:00:00+00:00
AIRFLOW_CTX_DAG_RUN_ID=scheduled__2022-03-13T12:00:00+00:00
[2022-03-13 18:01:06,218] {bash.py:135} INFO - Tmp dir root location: 
 /tmp
[2022-03-13 18:01:06,219] {bash.py:158} INFO - Running command: python /app/scripts/main.py
[2022-03-13 18:01:06,226] {bash.py:169} INFO - Output:
[2022-03-13 18:01:10,007] {bash.py:173} INFO - Italy
[2022-03-13 18:01:10,008] {bash.py:173} INFO - 27225
[2022-03-13 18:01:10,008] {bash.py:173} INFO - Spain
[2022-03-13 18:01:10,008] {bash.py:173} INFO - 23404
[2022-03-13 18:01:10,008] {bash.py:173} INFO - Italy: CO2 370, mix [('gas', 12543, '46'), ('solar', 3745, '14'), ('coal', 2527, '9')]
[2022-03-13 18:01:10,008] {bash.py:173} INFO - Spain: CO2 154, mix [('solar', 6778, '29'), ('nuclear', 5071, '22'), ('gas', 4415, '19')]
[2022-03-13 18:01:10,008] {bash.py:173} INFO - Sweden
[2022-03-13 18:01:10,008] {bash.py:173} INFO - 17225
[2022-03-13 18:01:10,008] {bash.py:173} INFO - Finland
[2022-03-13 18:01:10,008] {bash.py:173} INFO - 8870
[2022-03-13 18:01:10,008] {bash.py:173} INFO - Sweden: CO2 42, mix [('hydro', 7773, '45'), ('nuclear', 5488, '32'), ('wind', 2387, '14')]
[2022-03-13 18:01:10,008] {bash.py:173} INFO - Finland: CO2 176, mix [('nuclear', 3648, '41'), ('hydro', 1804, '20'), ('unknown', 1067, '12')]
[2022-03-13 18:01:10,008] {bash.py:173} INFO - France
[2022-03-13 18:01:10,009] {bash.py:173} INFO - 51020
[2022-03-13 18:01:10,009] {bash.py:173} INFO - Germany
[2022-03-13 18:01:10,009] {bash.py:173} INFO - 46521
[2022-03-13 18:01:10,009] {bash.py:173} INFO - France: CO2 59, mix [('nuclear', 33030, '65'), ('wind', 6508, '13'), ('hydro', 3909, '8')]
[2022-03-13 18:01:10,009] {bash.py:173} INFO - Germany: CO2 269, mix [('wind', 14942, '32'), ('coal', 11467, '25'), ('solar', 8569, '18')]
[2022-03-13 18:01:10,052] {bash.py:177} INFO - Command exited with return code 0
[2022-03-13 18:01:10,073] {taskinstance.py:1159} INFO - Marking task as SUCCESS. dag_id=matchup, task_id=run_script, execution_date=20220313T120000, start_date=20220313T180106, end_date=20220313T180110
[2022-03-13 18:01:10,087] {taskinstance.py:1220} INFO - 0 downstream tasks scheduled from follow-on schedule check
[2022-03-13 18:01:10,110] {local_task_job.py:146} INFO - Task exited with return code 0
