[2022-02-25 06:00:04,342] {taskinstance.py:851} INFO - Dependencies all met for <TaskInstance: matchup.run_script 2022-02-25T00:00:00+00:00 [queued]>
[2022-02-25 06:00:04,348] {taskinstance.py:851} INFO - Dependencies all met for <TaskInstance: matchup.run_script 2022-02-25T00:00:00+00:00 [queued]>
[2022-02-25 06:00:04,348] {taskinstance.py:1042} INFO - 
--------------------------------------------------------------------------------
[2022-02-25 06:00:04,348] {taskinstance.py:1043} INFO - Starting attempt 1 of 6
[2022-02-25 06:00:04,348] {taskinstance.py:1044} INFO - 
--------------------------------------------------------------------------------
[2022-02-25 06:00:04,356] {taskinstance.py:1063} INFO - Executing <Task(BashOperator): run_script> on 2022-02-25T00:00:00+00:00
[2022-02-25 06:00:04,359] {standard_task_runner.py:52} INFO - Started process 95506 to run task
[2022-02-25 06:00:04,367] {standard_task_runner.py:76} INFO - Running: ['airflow', 'tasks', 'run', 'matchup', 'run_script', '2022-02-25T00:00:00+00:00', '--job-id', '76', '--pool', 'default_pool', '--raw', '--subdir', 'DAGS_FOLDER/matchup.py', '--cfg-path', '/tmp/tmpnp1ryfyn', '--error-file', '/tmp/tmpmkfykbke']
[2022-02-25 06:00:04,367] {standard_task_runner.py:77} INFO - Job 76: Subtask run_script
[2022-02-25 06:00:04,414] {logging_mixin.py:104} INFO - Running <TaskInstance: matchup.run_script 2022-02-25T00:00:00+00:00 [running]> on host 531edfb863fc
[2022-02-25 06:00:04,456] {taskinstance.py:1255} INFO - Exporting the following env vars:
AIRFLOW_CTX_DAG_EMAIL=r.chesne@gmail.com
AIRFLOW_CTX_DAG_OWNER=Robin
AIRFLOW_CTX_DAG_ID=matchup
AIRFLOW_CTX_TASK_ID=run_script
AIRFLOW_CTX_EXECUTION_DATE=2022-02-25T00:00:00+00:00
AIRFLOW_CTX_DAG_RUN_ID=scheduled__2022-02-25T00:00:00+00:00
[2022-02-25 06:00:04,456] {bash.py:135} INFO - Tmp dir root location: 
 /tmp
[2022-02-25 06:00:04,457] {bash.py:158} INFO - Running command: python /app/scripts/main.py
[2022-02-25 06:00:04,467] {bash.py:169} INFO - Output:
[2022-02-25 06:00:10,015] {bash.py:173} INFO - Italy: CO2 405, mix [('gas', 11420, '52'), ('coal', 3556, '16'), ('wind', 2462, '11')]
[2022-02-25 06:00:10,015] {bash.py:173} INFO - Spain: CO2 131, mix [('wind', 12712, '46'), ('nuclear', 7090, '26'), ('gas', 4825, '17')]
[2022-02-25 06:00:10,015] {bash.py:173} INFO - Sweden: CO2 40, mix [('hydro', 9338, '42'), ('wind', 5656, '25'), ('nuclear', 5588, '25')]
[2022-02-25 06:00:10,016] {bash.py:173} INFO - Norway: CO2 50, mix [('hydro', 13220, '88'), ('wind', 1300, '9'), ('hydro_discharge', 270, '2')]
[2022-02-25 06:00:10,016] {bash.py:173} INFO - UK: CO2 107, mix [('wind', 13368, '56'), ('nuclear', 4797, '20'), ('biomass', 2096, '9')]
[2022-02-25 06:00:10,016] {bash.py:173} INFO - Germany: CO2 258, mix [('wind', 36939, '54'), ('coal', 16778, '24'), ('biomass', 5231, '8')]
[2022-02-25 06:00:10,072] {bash.py:177} INFO - Command exited with return code 0
[2022-02-25 06:00:10,096] {taskinstance.py:1159} INFO - Marking task as SUCCESS. dag_id=matchup, task_id=run_script, execution_date=20220225T000000, start_date=20220225T060004, end_date=20220225T060010
[2022-02-25 06:00:10,117] {taskinstance.py:1220} INFO - 0 downstream tasks scheduled from follow-on schedule check
[2022-02-25 06:00:10,130] {local_task_job.py:146} INFO - Task exited with return code 0
