[2022-07-11 00:00:04,790] {taskinstance.py:851} INFO - Dependencies all met for <TaskInstance: matchup.run_script 2022-07-10T18:00:00+00:00 [queued]>
[2022-07-11 00:00:04,799] {taskinstance.py:851} INFO - Dependencies all met for <TaskInstance: matchup.run_script 2022-07-10T18:00:00+00:00 [queued]>
[2022-07-11 00:00:04,799] {taskinstance.py:1042} INFO - 
--------------------------------------------------------------------------------
[2022-07-11 00:00:04,799] {taskinstance.py:1043} INFO - Starting attempt 1 of 6
[2022-07-11 00:00:04,799] {taskinstance.py:1044} INFO - 
--------------------------------------------------------------------------------
[2022-07-11 00:00:04,843] {taskinstance.py:1063} INFO - Executing <Task(BashOperator): run_script> on 2022-07-10T18:00:00+00:00
[2022-07-11 00:00:04,846] {standard_task_runner.py:52} INFO - Started process 22095 to run task
[2022-07-11 00:00:04,854] {standard_task_runner.py:76} INFO - Running: ['airflow', 'tasks', 'run', 'matchup', 'run_script', '2022-07-10T18:00:00+00:00', '--job-id', '1560', '--pool', 'default_pool', '--raw', '--subdir', 'DAGS_FOLDER/matchup.py', '--cfg-path', '/tmp/tmpw4bi6xup', '--error-file', '/tmp/tmp9ui5qxq5']
[2022-07-11 00:00:04,855] {standard_task_runner.py:77} INFO - Job 1560: Subtask run_script
[2022-07-11 00:00:04,924] {logging_mixin.py:104} INFO - Running <TaskInstance: matchup.run_script 2022-07-10T18:00:00+00:00 [running]> on host a41a09215c15
[2022-07-11 00:00:05,050] {taskinstance.py:1255} INFO - Exporting the following env vars:
AIRFLOW_CTX_DAG_EMAIL=r.chesne@gmail.com
AIRFLOW_CTX_DAG_OWNER=Robin
AIRFLOW_CTX_DAG_ID=matchup
AIRFLOW_CTX_TASK_ID=run_script
AIRFLOW_CTX_EXECUTION_DATE=2022-07-10T18:00:00+00:00
AIRFLOW_CTX_DAG_RUN_ID=scheduled__2022-07-10T18:00:00+00:00
[2022-07-11 00:00:05,051] {bash.py:135} INFO - Tmp dir root location: 
 /tmp
[2022-07-11 00:00:05,052] {bash.py:158} INFO - Running command: python /app/scripts/main.py
[2022-07-11 00:00:05,060] {bash.py:169} INFO - Output:
[2022-07-11 00:00:10,395] {bash.py:173} INFO - Italy
[2022-07-11 00:00:10,396] {bash.py:173} INFO - 25839
[2022-07-11 00:00:10,396] {bash.py:173} INFO - Greece
[2022-07-11 00:00:10,396] {bash.py:173} INFO - 5325
[2022-07-11 00:00:10,396] {bash.py:173} INFO - Italy: CO2 373, mix [('gas', 11780, '46'), ('hydro', 4380, '17'), ('coal', 2800, '11')]
[2022-07-11 00:00:10,396] {bash.py:173} INFO - Greece: CO2 329, mix [('wind', 2309, '43'), ('gas', 2051, '39'), ('coal', 878, '16')]
[2022-07-11 00:00:10,396] {bash.py:173} INFO - Germany
[2022-07-11 00:00:10,396] {bash.py:173} INFO - 40719
[2022-07-11 00:00:10,396] {bash.py:173} INFO - UK
[2022-07-11 00:00:10,396] {bash.py:173} INFO - 23928
[2022-07-11 00:00:10,396] {bash.py:173} INFO - Germany: CO2 417, mix [('coal', 17150, '42'), ('wind', 8320, '20'), ('biomass', 4659, '11')]
[2022-07-11 00:00:10,396] {bash.py:173} INFO - UK: CO2 231, mix [('gas', 9391, '39'), ('wind', 6575, '27'), ('nuclear', 4638, '19')]
[2022-07-11 00:00:10,397] {bash.py:173} INFO - Norway
[2022-07-11 00:00:10,397] {bash.py:173} INFO - 9899
[2022-07-11 00:00:10,397] {bash.py:173} INFO - Finland
[2022-07-11 00:00:10,397] {bash.py:173} INFO - 6768
[2022-07-11 00:00:10,397] {bash.py:173} INFO - Norway: CO2 35, mix [('hydro', 8792, '89'), ('wind', 857, '9'), ('gas', 179, '2')]
[2022-07-11 00:00:10,397] {bash.py:173} INFO - Finland: CO2 92, mix [('nuclear', 2492, '37'), ('hydro', 2131, '31'), ('wind', 1049, '15')]
[2022-07-11 00:00:10,438] {bash.py:177} INFO - Command exited with return code 0
[2022-07-11 00:00:10,506] {taskinstance.py:1159} INFO - Marking task as SUCCESS. dag_id=matchup, task_id=run_script, execution_date=20220710T180000, start_date=20220711T000004, end_date=20220711T000010
[2022-07-11 00:00:10,531] {taskinstance.py:1220} INFO - 0 downstream tasks scheduled from follow-on schedule check
[2022-07-11 00:00:10,555] {local_task_job.py:146} INFO - Task exited with return code 0
