[2022-03-20 12:02:08,609] {taskinstance.py:851} INFO - Dependencies all met for <TaskInstance: matchup.run_script 2022-03-20T06:00:00+00:00 [queued]>
[2022-03-20 12:02:08,614] {taskinstance.py:851} INFO - Dependencies all met for <TaskInstance: matchup.run_script 2022-03-20T06:00:00+00:00 [queued]>
[2022-03-20 12:02:08,615] {taskinstance.py:1042} INFO - 
--------------------------------------------------------------------------------
[2022-03-20 12:02:08,615] {taskinstance.py:1043} INFO - Starting attempt 3 of 6
[2022-03-20 12:02:08,615] {taskinstance.py:1044} INFO - 
--------------------------------------------------------------------------------
[2022-03-20 12:02:08,621] {taskinstance.py:1063} INFO - Executing <Task(BashOperator): run_script> on 2022-03-20T06:00:00+00:00
[2022-03-20 12:02:08,624] {standard_task_runner.py:52} INFO - Started process 425780 to run task
[2022-03-20 12:02:08,631] {standard_task_runner.py:76} INFO - Running: ['airflow', 'tasks', 'run', 'matchup', 'run_script', '2022-03-20T06:00:00+00:00', '--job-id', '399', '--pool', 'default_pool', '--raw', '--subdir', 'DAGS_FOLDER/matchup.py', '--cfg-path', '/tmp/tmpl8palcth', '--error-file', '/tmp/tmpa_ys3fi7']
[2022-03-20 12:02:08,632] {standard_task_runner.py:77} INFO - Job 399: Subtask run_script
[2022-03-20 12:02:08,661] {logging_mixin.py:104} INFO - Running <TaskInstance: matchup.run_script 2022-03-20T06:00:00+00:00 [running]> on host 531edfb863fc
[2022-03-20 12:02:08,680] {taskinstance.py:1255} INFO - Exporting the following env vars:
AIRFLOW_CTX_DAG_EMAIL=r.chesne@gmail.com
AIRFLOW_CTX_DAG_OWNER=Robin
AIRFLOW_CTX_DAG_ID=matchup
AIRFLOW_CTX_TASK_ID=run_script
AIRFLOW_CTX_EXECUTION_DATE=2022-03-20T06:00:00+00:00
AIRFLOW_CTX_DAG_RUN_ID=scheduled__2022-03-20T06:00:00+00:00
[2022-03-20 12:02:08,680] {bash.py:135} INFO - Tmp dir root location: 
 /tmp
[2022-03-20 12:02:08,681] {bash.py:158} INFO - Running command: python /app/scripts/main.py
[2022-03-20 12:02:08,687] {bash.py:169} INFO - Output:
[2022-03-20 12:02:13,498] {bash.py:173} INFO - Italy
[2022-03-20 12:02:13,498] {bash.py:173} INFO - 26910
[2022-03-20 12:02:13,498] {bash.py:173} INFO - Spain
[2022-03-20 12:02:13,498] {bash.py:173} INFO - 24071
[2022-03-20 12:02:13,498] {bash.py:173} INFO - Italy: CO2 285, mix [('solar', 7809, '29'), ('gas', 6833, '25'), ('coal', 3098, '12')]
[2022-03-20 12:02:13,498] {bash.py:173} INFO - Spain: CO2 143, mix [('wind', 7494, '31'), ('nuclear', 5128, '21'), ('gas', 4265, '18')]
[2022-03-20 12:02:13,498] {bash.py:173} INFO - Sweden
[2022-03-20 12:02:13,499] {bash.py:173} INFO - 15590
[2022-03-20 12:02:13,499] {bash.py:173} INFO - Norway
[2022-03-20 12:02:13,499] {bash.py:173} INFO - 15962
[2022-03-20 12:02:13,499] {bash.py:173} INFO - Sweden: CO2 67, mix [('nuclear', 5771, '37'), ('hydro', 4793, '31'), ('wind', 2270, '15')]
[2022-03-20 12:02:13,499] {bash.py:173} INFO - Norway: CO2 50, mix [('hydro', 11488, '72'), ('wind', 2176, '14'), ('solar', 785, '5')]
[2022-03-20 12:02:13,499] {bash.py:173} INFO - Hungary
[2022-03-20 12:02:13,499] {bash.py:173} INFO - 4701
[2022-03-20 12:02:13,499] {bash.py:173} INFO - France
[2022-03-20 12:02:13,499] {bash.py:173} INFO - 48789
[2022-03-20 12:02:13,499] {bash.py:173} INFO - Hungary: CO2 172, mix [('nuclear', 1868, '40'), ('solar', 1289, '27'), ('gas', 703, '15')]
[2022-03-20 12:02:13,499] {bash.py:173} INFO - France: CO2 73, mix [('nuclear', 32769, '67'), ('gas', 4317, '9'), ('solar', 4191, '9')]
[2022-03-20 12:02:13,535] {bash.py:177} INFO - Command exited with return code 0
[2022-03-20 12:02:13,554] {taskinstance.py:1159} INFO - Marking task as SUCCESS. dag_id=matchup, task_id=run_script, execution_date=20220320T060000, start_date=20220320T120208, end_date=20220320T120213
[2022-03-20 12:02:13,567] {taskinstance.py:1220} INFO - 0 downstream tasks scheduled from follow-on schedule check
[2022-03-20 12:02:13,581] {local_task_job.py:146} INFO - Task exited with return code 0
