[2022-04-27 00:01:04,685] {taskinstance.py:851} INFO - Dependencies all met for <TaskInstance: matchup.run_script 2022-04-26T18:00:00+00:00 [queued]>
[2022-04-27 00:01:04,691] {taskinstance.py:851} INFO - Dependencies all met for <TaskInstance: matchup.run_script 2022-04-26T18:00:00+00:00 [queued]>
[2022-04-27 00:01:04,691] {taskinstance.py:1042} INFO - 
--------------------------------------------------------------------------------
[2022-04-27 00:01:04,691] {taskinstance.py:1043} INFO - Starting attempt 2 of 6
[2022-04-27 00:01:04,691] {taskinstance.py:1044} INFO - 
--------------------------------------------------------------------------------
[2022-04-27 00:01:04,699] {taskinstance.py:1063} INFO - Executing <Task(BashOperator): run_script> on 2022-04-26T18:00:00+00:00
[2022-04-27 00:01:04,702] {standard_task_runner.py:52} INFO - Started process 335329 to run task
[2022-04-27 00:01:04,706] {standard_task_runner.py:76} INFO - Running: ['airflow', 'tasks', 'run', 'matchup', 'run_script', '2022-04-26T18:00:00+00:00', '--job-id', '303', '--pool', 'default_pool', '--raw', '--subdir', 'DAGS_FOLDER/matchup.py', '--cfg-path', '/tmp/tmpw40t6c5o', '--error-file', '/tmp/tmpmclsj3k2']
[2022-04-27 00:01:04,707] {standard_task_runner.py:77} INFO - Job 303: Subtask run_script
[2022-04-27 00:01:04,733] {logging_mixin.py:104} INFO - Running <TaskInstance: matchup.run_script 2022-04-26T18:00:00+00:00 [running]> on host 193e33218975
[2022-04-27 00:01:04,757] {taskinstance.py:1255} INFO - Exporting the following env vars:
AIRFLOW_CTX_DAG_EMAIL=r.chesne@gmail.com
AIRFLOW_CTX_DAG_OWNER=Robin
AIRFLOW_CTX_DAG_ID=matchup
AIRFLOW_CTX_TASK_ID=run_script
AIRFLOW_CTX_EXECUTION_DATE=2022-04-26T18:00:00+00:00
AIRFLOW_CTX_DAG_RUN_ID=scheduled__2022-04-26T18:00:00+00:00
[2022-04-27 00:01:04,757] {bash.py:135} INFO - Tmp dir root location: 
 /tmp
[2022-04-27 00:01:04,758] {bash.py:158} INFO - Running command: python /app/scripts/main.py
[2022-04-27 00:01:04,764] {bash.py:169} INFO - Output:
[2022-04-27 00:01:08,351] {bash.py:173} INFO - Spain
[2022-04-27 00:01:08,351] {bash.py:173} INFO - 25446
[2022-04-27 00:01:08,351] {bash.py:173} INFO - Italy
[2022-04-27 00:01:08,351] {bash.py:173} INFO - 22278
[2022-04-27 00:01:08,352] {bash.py:173} INFO - Spain: CO2 151, mix [('wind', 10958, '43'), ('nuclear', 5855, '23'), ('gas', 4905, '19')]
[2022-04-27 00:01:08,352] {bash.py:173} INFO - Italy: CO2 429, mix [('gas', 12822, '58'), ('wind', 2874, '13'), ('coal', 2185, '10')]
[2022-04-27 00:01:08,352] {bash.py:173} INFO - Finland
[2022-04-27 00:01:08,352] {bash.py:173} INFO - 8979
[2022-04-27 00:01:08,352] {bash.py:173} INFO - Sweden
[2022-04-27 00:01:08,352] {bash.py:173} INFO - 16291
[2022-04-27 00:01:08,352] {bash.py:173} INFO - Finland: CO2 158, mix [('nuclear', 3635, '40'), ('wind', 1588, '18'), ('hydro', 1307, '15')]
[2022-04-27 00:01:08,352] {bash.py:173} INFO - Sweden: CO2 42, mix [('hydro', 5809, '36'), ('nuclear', 5644, '35'), ('wind', 3404, '21')]
[2022-04-27 00:01:08,352] {bash.py:173} INFO - France
[2022-04-27 00:01:08,352] {bash.py:173} INFO - 48507
[2022-04-27 00:01:08,352] {bash.py:173} INFO - Germany
[2022-04-27 00:01:08,352] {bash.py:173} INFO - 57848
[2022-04-27 00:01:08,352] {bash.py:173} INFO - France: CO2 68, mix [('nuclear', 30692, '63'), ('wind', 7208, '15'), ('gas', 4773, '10')]
[2022-04-27 00:01:08,352] {bash.py:173} INFO - Germany: CO2 242, mix [('wind', 30354, '52'), ('coal', 12570, '22'), ('biomass', 4675, '8')]
[2022-04-27 00:01:08,389] {bash.py:177} INFO - Command exited with return code 0
[2022-04-27 00:01:08,406] {taskinstance.py:1159} INFO - Marking task as SUCCESS. dag_id=matchup, task_id=run_script, execution_date=20220426T180000, start_date=20220427T000104, end_date=20220427T000108
[2022-04-27 00:01:08,418] {taskinstance.py:1220} INFO - 0 downstream tasks scheduled from follow-on schedule check
[2022-04-27 00:01:08,449] {local_task_job.py:146} INFO - Task exited with return code 0
