[2022-04-13 18:00:03,526] {taskinstance.py:851} INFO - Dependencies all met for <TaskInstance: matchup.run_script 2022-04-13T12:00:00+00:00 [queued]>
[2022-04-13 18:00:03,530] {taskinstance.py:851} INFO - Dependencies all met for <TaskInstance: matchup.run_script 2022-04-13T12:00:00+00:00 [queued]>
[2022-04-13 18:00:03,530] {taskinstance.py:1042} INFO - 
--------------------------------------------------------------------------------
[2022-04-13 18:00:03,530] {taskinstance.py:1043} INFO - Starting attempt 1 of 6
[2022-04-13 18:00:03,530] {taskinstance.py:1044} INFO - 
--------------------------------------------------------------------------------
[2022-04-13 18:00:03,540] {taskinstance.py:1063} INFO - Executing <Task(BashOperator): run_script> on 2022-04-13T12:00:00+00:00
[2022-04-13 18:00:03,544] {standard_task_runner.py:52} INFO - Started process 146468 to run task
[2022-04-13 18:00:03,551] {standard_task_runner.py:76} INFO - Running: ['airflow', 'tasks', 'run', 'matchup', 'run_script', '2022-04-13T12:00:00+00:00', '--job-id', '150', '--pool', 'default_pool', '--raw', '--subdir', 'DAGS_FOLDER/matchup.py', '--cfg-path', '/tmp/tmplptymy3n', '--error-file', '/tmp/tmpen4y410b']
[2022-04-13 18:00:03,551] {standard_task_runner.py:77} INFO - Job 150: Subtask run_script
[2022-04-13 18:00:03,595] {logging_mixin.py:104} INFO - Running <TaskInstance: matchup.run_script 2022-04-13T12:00:00+00:00 [running]> on host 193e33218975
[2022-04-13 18:00:03,625] {taskinstance.py:1255} INFO - Exporting the following env vars:
AIRFLOW_CTX_DAG_EMAIL=r.chesne@gmail.com
AIRFLOW_CTX_DAG_OWNER=Robin
AIRFLOW_CTX_DAG_ID=matchup
AIRFLOW_CTX_TASK_ID=run_script
AIRFLOW_CTX_EXECUTION_DATE=2022-04-13T12:00:00+00:00
AIRFLOW_CTX_DAG_RUN_ID=scheduled__2022-04-13T12:00:00+00:00
[2022-04-13 18:00:03,625] {bash.py:135} INFO - Tmp dir root location: 
 /tmp
[2022-04-13 18:00:03,626] {bash.py:158} INFO - Running command: python /app/scripts/main.py
[2022-04-13 18:00:03,633] {bash.py:169} INFO - Output:
[2022-04-13 18:00:06,709] {bash.py:173} INFO - Portugal
[2022-04-13 18:00:06,710] {bash.py:173} INFO - 6070
[2022-04-13 18:00:06,710] {bash.py:173} INFO - Spain
[2022-04-13 18:00:06,710] {bash.py:173} INFO - 27392
[2022-04-13 18:00:06,710] {bash.py:173} INFO - Portugal: CO2 217, mix [('gas', 2168, '36'), ('wind', 1649, '27'), ('solar', 965, '16')]
[2022-04-13 18:00:06,710] {bash.py:173} INFO - Spain: CO2 163, mix [('solar', 6385, '23'), ('nuclear', 6092, '22'), ('wind', 5946, '22')]
[2022-04-13 18:00:06,710] {bash.py:173} INFO - Denmark
[2022-04-13 18:00:06,710] {bash.py:173} INFO - 4360
[2022-04-13 18:00:06,710] {bash.py:173} INFO - Finland
[2022-04-13 18:00:06,710] {bash.py:173} INFO - 8839
[2022-04-13 18:00:06,710] {bash.py:173} INFO - Denmark: CO2 207, mix [('hydro', 1154, '26'), ('wind', 832, '19'), ('biomass', 702, '16')]
[2022-04-13 18:00:06,711] {bash.py:173} INFO - Finland: CO2 160, mix [('nuclear', 3798, '43'), ('hydro', 2047, '23'), ('unknown', 962, '11')]
[2022-04-13 18:00:06,711] {bash.py:173} INFO - France
[2022-04-13 18:00:06,711] {bash.py:173} INFO - 49831
[2022-04-13 18:00:06,711] {bash.py:173} INFO - Germany
[2022-04-13 18:00:06,711] {bash.py:173} INFO - 58126
[2022-04-13 18:00:06,711] {bash.py:173} INFO - France: CO2 83, mix [('nuclear', 31337, '63'), ('hydro', 6642, '13'), ('gas', 6042, '12')]
[2022-04-13 18:00:06,711] {bash.py:173} INFO - Germany: CO2 390, mix [('coal', 20242, '35'), ('solar', 10926, '19'), ('gas', 6765, '12')]
[2022-04-13 18:00:06,749] {bash.py:177} INFO - Command exited with return code 0
[2022-04-13 18:00:06,767] {taskinstance.py:1159} INFO - Marking task as SUCCESS. dag_id=matchup, task_id=run_script, execution_date=20220413T120000, start_date=20220413T180003, end_date=20220413T180006
[2022-04-13 18:00:06,782] {taskinstance.py:1220} INFO - 0 downstream tasks scheduled from follow-on schedule check
[2022-04-13 18:00:06,812] {local_task_job.py:146} INFO - Task exited with return code 0
