[2022-06-24 18:00:03,655] {taskinstance.py:851} INFO - Dependencies all met for <TaskInstance: matchup.run_script 2022-06-24T12:00:00+00:00 [queued]>
[2022-06-24 18:00:03,659] {taskinstance.py:851} INFO - Dependencies all met for <TaskInstance: matchup.run_script 2022-06-24T12:00:00+00:00 [queued]>
[2022-06-24 18:00:03,659] {taskinstance.py:1042} INFO - 
--------------------------------------------------------------------------------
[2022-06-24 18:00:03,660] {taskinstance.py:1043} INFO - Starting attempt 1 of 6
[2022-06-24 18:00:03,660] {taskinstance.py:1044} INFO - 
--------------------------------------------------------------------------------
[2022-06-24 18:00:03,669] {taskinstance.py:1063} INFO - Executing <Task(BashOperator): run_script> on 2022-06-24T12:00:00+00:00
[2022-06-24 18:00:03,672] {standard_task_runner.py:52} INFO - Started process 47098 to run task
[2022-06-24 18:00:03,675] {standard_task_runner.py:76} INFO - Running: ['airflow', 'tasks', 'run', 'matchup', 'run_script', '2022-06-24T12:00:00+00:00', '--job-id', '1437', '--pool', 'default_pool', '--raw', '--subdir', 'DAGS_FOLDER/matchup.py', '--cfg-path', '/tmp/tmptrpam87j', '--error-file', '/tmp/tmphk9g4x7p']
[2022-06-24 18:00:03,675] {standard_task_runner.py:77} INFO - Job 1437: Subtask run_script
[2022-06-24 18:00:03,701] {logging_mixin.py:104} INFO - Running <TaskInstance: matchup.run_script 2022-06-24T12:00:00+00:00 [running]> on host b5b34dd97903
[2022-06-24 18:00:03,730] {taskinstance.py:1255} INFO - Exporting the following env vars:
AIRFLOW_CTX_DAG_EMAIL=r.chesne@gmail.com
AIRFLOW_CTX_DAG_OWNER=Robin
AIRFLOW_CTX_DAG_ID=matchup
AIRFLOW_CTX_TASK_ID=run_script
AIRFLOW_CTX_EXECUTION_DATE=2022-06-24T12:00:00+00:00
AIRFLOW_CTX_DAG_RUN_ID=scheduled__2022-06-24T12:00:00+00:00
[2022-06-24 18:00:03,730] {bash.py:135} INFO - Tmp dir root location: 
 /tmp
[2022-06-24 18:00:03,731] {bash.py:158} INFO - Running command: python /app/scripts/main.py
[2022-06-24 18:00:03,736] {bash.py:169} INFO - Output:
[2022-06-24 18:00:08,240] {bash.py:173} INFO - Portugal
[2022-06-24 18:00:08,240] {bash.py:173} INFO - 2851
[2022-06-24 18:00:08,240] {bash.py:173} INFO - Italy
[2022-06-24 18:00:08,240] {bash.py:173} INFO - 39314
[2022-06-24 18:00:08,240] {bash.py:173} INFO - Portugal: CO2 268, mix [('gas', 1365, '48'), ('wind', 813, '29'), ('solar', 369, '13')]
[2022-06-24 18:00:08,240] {bash.py:173} INFO - Italy: CO2 349, mix [('gas', 17890, '46'), ('hydro', 7056, '18'), ('solar', 3092, '8')]
[2022-06-24 18:00:08,240] {bash.py:173} INFO - Norway
[2022-06-24 18:00:08,240] {bash.py:173} INFO - 13490
[2022-06-24 18:00:08,240] {bash.py:173} INFO - Sweden
[2022-06-24 18:00:08,240] {bash.py:173} INFO - 10692
[2022-06-24 18:00:08,240] {bash.py:173} INFO - Norway: CO2 32, mix [('hydro', 12271, '91'), ('wind', 829, '6'), ('gas', 163, '1')]
[2022-06-24 18:00:08,240] {bash.py:173} INFO - Sweden: CO2 27, mix [('hydro', 5543, '52'), ('nuclear', 3198, '30'), ('wind', 1482, '14')]
[2022-06-24 18:00:08,241] {bash.py:173} INFO - UK
[2022-06-24 18:00:08,241] {bash.py:173} INFO - 29780
[2022-06-24 18:00:08,241] {bash.py:173} INFO - France
[2022-06-24 18:00:08,241] {bash.py:173} INFO - 51595
[2022-06-24 18:00:08,241] {bash.py:173} INFO - UK: CO2 269, mix [('gas', 14142, '47'), ('nuclear', 5341, '18'), ('wind', 4078, '14')]
[2022-06-24 18:00:08,241] {bash.py:173} INFO - France: CO2 66, mix [('nuclear', 28830, '56'), ('wind', 7342, '14'), ('hydro', 5429, '11')]
[2022-06-24 18:00:08,274] {bash.py:177} INFO - Command exited with return code 0
[2022-06-24 18:00:08,288] {taskinstance.py:1159} INFO - Marking task as SUCCESS. dag_id=matchup, task_id=run_script, execution_date=20220624T120000, start_date=20220624T180003, end_date=20220624T180008
[2022-06-24 18:00:08,300] {taskinstance.py:1220} INFO - 0 downstream tasks scheduled from follow-on schedule check
[2022-06-24 18:00:08,340] {local_task_job.py:146} INFO - Task exited with return code 0
