[2022-03-01 12:00:04,044] {taskinstance.py:851} INFO - Dependencies all met for <TaskInstance: matchup.run_script 2022-03-01T06:00:00+00:00 [queued]>
[2022-03-01 12:00:04,051] {taskinstance.py:851} INFO - Dependencies all met for <TaskInstance: matchup.run_script 2022-03-01T06:00:00+00:00 [queued]>
[2022-03-01 12:00:04,051] {taskinstance.py:1042} INFO - 
--------------------------------------------------------------------------------
[2022-03-01 12:00:04,052] {taskinstance.py:1043} INFO - Starting attempt 1 of 6
[2022-03-01 12:00:04,052] {taskinstance.py:1044} INFO - 
--------------------------------------------------------------------------------
[2022-03-01 12:00:04,063] {taskinstance.py:1063} INFO - Executing <Task(BashOperator): run_script> on 2022-03-01T06:00:00+00:00
[2022-03-01 12:00:04,067] {standard_task_runner.py:52} INFO - Started process 155626 to run task
[2022-03-01 12:00:04,075] {standard_task_runner.py:76} INFO - Running: ['airflow', 'tasks', 'run', 'matchup', 'run_script', '2022-03-01T06:00:00+00:00', '--job-id', '120', '--pool', 'default_pool', '--raw', '--subdir', 'DAGS_FOLDER/matchup.py', '--cfg-path', '/tmp/tmpjql300bt', '--error-file', '/tmp/tmpi0ot5vfy']
[2022-03-01 12:00:04,075] {standard_task_runner.py:77} INFO - Job 120: Subtask run_script
[2022-03-01 12:00:04,119] {logging_mixin.py:104} INFO - Running <TaskInstance: matchup.run_script 2022-03-01T06:00:00+00:00 [running]> on host 531edfb863fc
[2022-03-01 12:00:04,159] {taskinstance.py:1255} INFO - Exporting the following env vars:
AIRFLOW_CTX_DAG_EMAIL=r.chesne@gmail.com
AIRFLOW_CTX_DAG_OWNER=Robin
AIRFLOW_CTX_DAG_ID=matchup
AIRFLOW_CTX_TASK_ID=run_script
AIRFLOW_CTX_EXECUTION_DATE=2022-03-01T06:00:00+00:00
AIRFLOW_CTX_DAG_RUN_ID=scheduled__2022-03-01T06:00:00+00:00
[2022-03-01 12:00:04,160] {bash.py:135} INFO - Tmp dir root location: 
 /tmp
[2022-03-01 12:00:04,161] {bash.py:158} INFO - Running command: python /app/scripts/main.py
[2022-03-01 12:00:04,170] {bash.py:169} INFO - Output:
[2022-03-01 12:00:08,977] {bash.py:173} INFO - Portugal: CO2 270, mix [('gas', 2771, '48'), ('wind', 1125, '19'), ('solar', 914, '16')]
[2022-03-01 12:00:08,977] {bash.py:173} INFO - Italy: CO2 334, mix [('gas', 19042, '42'), ('solar', 7698, '17'), ('wind', 4597, '10')]
[2022-03-01 12:00:08,978] {bash.py:173} INFO - Denmark: CO2 223, mix [('wind', 1442, '28'), ('hydro', 1048, '20'), ('biomass', 840, '16')]
[2022-03-01 12:00:08,978] {bash.py:173} INFO - Norway: CO2 28, mix [('hydro', 15204, '83'), ('wind', 2348, '13'), ('hydro discharge', 491, '3')]
[2022-03-01 12:00:08,978] {bash.py:173} INFO - France: CO2 102, mix [('nuclear', 42264, '61'), ('gas', 9169, '13'), ('hydro', 7519, '11')]
[2022-03-01 12:00:08,978] {bash.py:173} INFO - Germany: CO2 356, mix [('coal', 20490, '32'), ('solar', 20377, '32'), ('gas', 6743, '10')]
[2022-03-01 12:00:09,028] {bash.py:177} INFO - Command exited with return code 0
[2022-03-01 12:00:09,053] {taskinstance.py:1159} INFO - Marking task as SUCCESS. dag_id=matchup, task_id=run_script, execution_date=20220301T060000, start_date=20220301T120004, end_date=20220301T120009
[2022-03-01 12:00:09,076] {taskinstance.py:1220} INFO - 0 downstream tasks scheduled from follow-on schedule check
[2022-03-01 12:00:09,108] {local_task_job.py:146} INFO - Task exited with return code 0
