[2022-06-27 12:00:04,211] {taskinstance.py:851} INFO - Dependencies all met for <TaskInstance: matchup.run_script 2022-06-27T06:00:00+00:00 [queued]>
[2022-06-27 12:00:04,216] {taskinstance.py:851} INFO - Dependencies all met for <TaskInstance: matchup.run_script 2022-06-27T06:00:00+00:00 [queued]>
[2022-06-27 12:00:04,216] {taskinstance.py:1042} INFO - 
--------------------------------------------------------------------------------
[2022-06-27 12:00:04,216] {taskinstance.py:1043} INFO - Starting attempt 1 of 6
[2022-06-27 12:00:04,216] {taskinstance.py:1044} INFO - 
--------------------------------------------------------------------------------
[2022-06-27 12:00:04,224] {taskinstance.py:1063} INFO - Executing <Task(BashOperator): run_script> on 2022-06-27T06:00:00+00:00
[2022-06-27 12:00:04,227] {standard_task_runner.py:52} INFO - Started process 86278 to run task
[2022-06-27 12:00:04,230] {standard_task_runner.py:76} INFO - Running: ['airflow', 'tasks', 'run', 'matchup', 'run_script', '2022-06-27T06:00:00+00:00', '--job-id', '1459', '--pool', 'default_pool', '--raw', '--subdir', 'DAGS_FOLDER/matchup.py', '--cfg-path', '/tmp/tmpxabckdv3', '--error-file', '/tmp/tmpx_47e0ah']
[2022-06-27 12:00:04,230] {standard_task_runner.py:77} INFO - Job 1459: Subtask run_script
[2022-06-27 12:00:04,258] {logging_mixin.py:104} INFO - Running <TaskInstance: matchup.run_script 2022-06-27T06:00:00+00:00 [running]> on host b5b34dd97903
[2022-06-27 12:00:04,290] {taskinstance.py:1255} INFO - Exporting the following env vars:
AIRFLOW_CTX_DAG_EMAIL=r.chesne@gmail.com
AIRFLOW_CTX_DAG_OWNER=Robin
AIRFLOW_CTX_DAG_ID=matchup
AIRFLOW_CTX_TASK_ID=run_script
AIRFLOW_CTX_EXECUTION_DATE=2022-06-27T06:00:00+00:00
AIRFLOW_CTX_DAG_RUN_ID=scheduled__2022-06-27T06:00:00+00:00
[2022-06-27 12:00:04,290] {bash.py:135} INFO - Tmp dir root location: 
 /tmp
[2022-06-27 12:00:04,291] {bash.py:158} INFO - Running command: python /app/scripts/main.py
[2022-06-27 12:00:04,296] {bash.py:169} INFO - Output:
[2022-06-27 12:00:07,724] {bash.py:173} INFO - Spain
[2022-06-27 12:00:07,724] {bash.py:173} INFO - 33356
[2022-06-27 12:00:07,724] {bash.py:173} INFO - Greece
[2022-06-27 12:00:07,724] {bash.py:173} INFO - 6489
[2022-06-27 12:00:07,724] {bash.py:173} INFO - Spain: CO2 148, mix [('solar', 11470, '34'), ('nuclear', 6704, '20'), ('gas', 6139, '18')]
[2022-06-27 12:00:07,724] {bash.py:173} INFO - Greece: CO2 262, mix [('solar', 2474, '38'), ('gas', 2181, '34'), ('wind', 935, '14')]
[2022-06-27 12:00:07,724] {bash.py:173} INFO - Norway
[2022-06-27 12:00:07,724] {bash.py:173} INFO - 11967
[2022-06-27 12:00:07,724] {bash.py:173} INFO - Finland
[2022-06-27 12:00:07,724] {bash.py:173} INFO - 8146
[2022-06-27 12:00:07,724] {bash.py:173} INFO - Norway: CO2 31, mix [('hydro', 11141, '93'), ('wind', 614, '5'), ('gas', 117, '1')]
[2022-06-27 12:00:07,724] {bash.py:173} INFO - Finland: CO2 83, mix [('nuclear', 3228, '40'), ('hydro', 3215, '39'), ('biomass', 591, '7')]
[2022-06-27 12:00:07,724] {bash.py:173} INFO - Germany
[2022-06-27 12:00:07,724] {bash.py:173} INFO - 70127
[2022-06-27 12:00:07,724] {bash.py:173} INFO - Hungary
[2022-06-27 12:00:07,724] {bash.py:173} INFO - 5287
[2022-06-27 12:00:07,724] {bash.py:173} INFO - Germany: CO2 336, mix [('solar', 23692, '34'), ('coal', 19117, '27'), ('gas', 10063, '14')]
[2022-06-27 12:00:07,724] {bash.py:173} INFO - Hungary: CO2 191, mix [('nuclear', 1873, '35'), ('solar', 1510, '29'), ('gas', 968, '18')]
[2022-06-27 12:00:07,762] {bash.py:177} INFO - Command exited with return code 0
[2022-06-27 12:00:07,775] {taskinstance.py:1159} INFO - Marking task as SUCCESS. dag_id=matchup, task_id=run_script, execution_date=20220627T060000, start_date=20220627T120004, end_date=20220627T120007
[2022-06-27 12:00:07,787] {taskinstance.py:1220} INFO - 0 downstream tasks scheduled from follow-on schedule check
[2022-06-27 12:00:07,823] {local_task_job.py:146} INFO - Task exited with return code 0
