[2022-07-08 06:00:04,050] {taskinstance.py:851} INFO - Dependencies all met for <TaskInstance: matchup.run_script 2022-07-08T00:00:00+00:00 [queued]>
[2022-07-08 06:00:04,058] {taskinstance.py:851} INFO - Dependencies all met for <TaskInstance: matchup.run_script 2022-07-08T00:00:00+00:00 [queued]>
[2022-07-08 06:00:04,059] {taskinstance.py:1042} INFO - 
--------------------------------------------------------------------------------
[2022-07-08 06:00:04,059] {taskinstance.py:1043} INFO - Starting attempt 1 of 6
[2022-07-08 06:00:04,059] {taskinstance.py:1044} INFO - 
--------------------------------------------------------------------------------
[2022-07-08 06:00:04,069] {taskinstance.py:1063} INFO - Executing <Task(BashOperator): run_script> on 2022-07-08T00:00:00+00:00
[2022-07-08 06:00:04,072] {standard_task_runner.py:52} INFO - Started process 14039 to run task
[2022-07-08 06:00:04,077] {standard_task_runner.py:76} INFO - Running: ['airflow', 'tasks', 'run', 'matchup', 'run_script', '2022-07-08T00:00:00+00:00', '--job-id', '1538', '--pool', 'default_pool', '--raw', '--subdir', 'DAGS_FOLDER/matchup.py', '--cfg-path', '/tmp/tmp3vuh6zer', '--error-file', '/tmp/tmpn7eey58q']
[2022-07-08 06:00:04,078] {standard_task_runner.py:77} INFO - Job 1538: Subtask run_script
[2022-07-08 06:00:04,111] {logging_mixin.py:104} INFO - Running <TaskInstance: matchup.run_script 2022-07-08T00:00:00+00:00 [running]> on host a41a09215c15
[2022-07-08 06:00:04,144] {taskinstance.py:1255} INFO - Exporting the following env vars:
AIRFLOW_CTX_DAG_EMAIL=r.chesne@gmail.com
AIRFLOW_CTX_DAG_OWNER=Robin
AIRFLOW_CTX_DAG_ID=matchup
AIRFLOW_CTX_TASK_ID=run_script
AIRFLOW_CTX_EXECUTION_DATE=2022-07-08T00:00:00+00:00
AIRFLOW_CTX_DAG_RUN_ID=scheduled__2022-07-08T00:00:00+00:00
[2022-07-08 06:00:04,145] {bash.py:135} INFO - Tmp dir root location: 
 /tmp
[2022-07-08 06:00:04,145] {bash.py:158} INFO - Running command: python /app/scripts/main.py
[2022-07-08 06:00:04,155] {bash.py:169} INFO - Output:
[2022-07-08 06:00:07,380] {bash.py:173} INFO - Spain
[2022-07-08 06:00:07,381] {bash.py:173} INFO - 26414
[2022-07-08 06:00:07,381] {bash.py:173} INFO - Greece
[2022-07-08 06:00:07,381] {bash.py:173} INFO - 6893
[2022-07-08 06:00:07,381] {bash.py:173} INFO - Spain: CO2 213, mix [('gas', 8366, '32'), ('wind', 7344, '28'), ('nuclear', 6865, '26')]
[2022-07-08 06:00:07,381] {bash.py:173} INFO - Greece: CO2 376, mix [('gas', 3180, '46'), ('wind', 1574, '23'), ('coal', 1168, '17')]
[2022-07-08 06:00:07,381] {bash.py:173} INFO - UK
[2022-07-08 06:00:07,381] {bash.py:173} INFO - 19530
[2022-07-08 06:00:07,381] {bash.py:173} INFO - France
[2022-07-08 06:00:07,381] {bash.py:173} INFO - 41403
[2022-07-08 06:00:07,381] {bash.py:173} INFO - UK: CO2 214, mix [('gas', 7125, '36'), ('wind', 5627, '29'), ('nuclear', 4370, '22')]
[2022-07-08 06:00:07,381] {bash.py:173} INFO - France: CO2 80, mix [('nuclear', 27187, '66'), ('gas', 4995, '12'), ('hydro', 4504, '11')]
[2022-07-08 06:00:07,381] {bash.py:173} INFO - Denmark
[2022-07-08 06:00:07,381] {bash.py:173} INFO - 2198
[2022-07-08 06:00:07,382] {bash.py:173} INFO - Finland
[2022-07-08 06:00:07,382] {bash.py:173} INFO - 6818
[2022-07-08 06:00:07,382] {bash.py:173} INFO - Denmark: CO2 126, mix [('wind', 842, '38'), ('hydro', 462, '21'), ('nuclear', 352, '16')]
[2022-07-08 06:00:07,382] {bash.py:173} INFO - Finland: CO2 81, mix [('nuclear', 3029, '44'), ('hydro', 2085, '31'), ('wind', 645, '9')]
[2022-07-08 06:00:07,423] {bash.py:177} INFO - Command exited with return code 0
[2022-07-08 06:00:07,440] {taskinstance.py:1159} INFO - Marking task as SUCCESS. dag_id=matchup, task_id=run_script, execution_date=20220708T000000, start_date=20220708T060004, end_date=20220708T060007
[2022-07-08 06:00:07,458] {taskinstance.py:1220} INFO - 0 downstream tasks scheduled from follow-on schedule check
[2022-07-08 06:00:07,465] {local_task_job.py:146} INFO - Task exited with return code 0
