[2022-04-06 06:00:03,940] {taskinstance.py:851} INFO - Dependencies all met for <TaskInstance: matchup.run_script 2022-04-06T00:00:00+00:00 [queued]>
[2022-04-06 06:00:03,945] {taskinstance.py:851} INFO - Dependencies all met for <TaskInstance: matchup.run_script 2022-04-06T00:00:00+00:00 [queued]>
[2022-04-06 06:00:03,945] {taskinstance.py:1042} INFO - 
--------------------------------------------------------------------------------
[2022-04-06 06:00:03,945] {taskinstance.py:1043} INFO - Starting attempt 1 of 6
[2022-04-06 06:00:03,945] {taskinstance.py:1044} INFO - 
--------------------------------------------------------------------------------
[2022-04-06 06:00:03,953] {taskinstance.py:1063} INFO - Executing <Task(BashOperator): run_script> on 2022-04-06T00:00:00+00:00
[2022-04-06 06:00:03,956] {standard_task_runner.py:52} INFO - Started process 39573 to run task
[2022-04-06 06:00:03,959] {standard_task_runner.py:76} INFO - Running: ['airflow', 'tasks', 'run', 'matchup', 'run_script', '2022-04-06T00:00:00+00:00', '--job-id', '62', '--pool', 'default_pool', '--raw', '--subdir', 'DAGS_FOLDER/matchup.py', '--cfg-path', '/tmp/tmps6qgp6fb', '--error-file', '/tmp/tmpm1giev3a']
[2022-04-06 06:00:03,959] {standard_task_runner.py:77} INFO - Job 62: Subtask run_script
[2022-04-06 06:00:03,988] {logging_mixin.py:104} INFO - Running <TaskInstance: matchup.run_script 2022-04-06T00:00:00+00:00 [running]> on host 193e33218975
[2022-04-06 06:00:04,010] {taskinstance.py:1255} INFO - Exporting the following env vars:
AIRFLOW_CTX_DAG_EMAIL=r.chesne@gmail.com
AIRFLOW_CTX_DAG_OWNER=Robin
AIRFLOW_CTX_DAG_ID=matchup
AIRFLOW_CTX_TASK_ID=run_script
AIRFLOW_CTX_EXECUTION_DATE=2022-04-06T00:00:00+00:00
AIRFLOW_CTX_DAG_RUN_ID=scheduled__2022-04-06T00:00:00+00:00
[2022-04-06 06:00:04,011] {bash.py:135} INFO - Tmp dir root location: 
 /tmp
[2022-04-06 06:00:04,012] {bash.py:158} INFO - Running command: python /app/scripts/main.py
[2022-04-06 06:00:04,018] {bash.py:169} INFO - Output:
[2022-04-06 06:00:07,840] {bash.py:173} INFO - Italy
[2022-04-06 06:00:07,840] {bash.py:173} INFO - 27225
[2022-04-06 06:00:07,841] {bash.py:173} INFO - Spain
[2022-04-06 06:00:07,841] {bash.py:173} INFO - 23729
[2022-04-06 06:00:07,841] {bash.py:173} INFO - Italy: CO2 467, mix [('gas', 17327, '64'), ('coal', 3136, '12'), ('unknown', 2041, '7')]
[2022-04-06 06:00:07,841] {bash.py:173} INFO - Spain: CO2 275, mix [('gas', 9811, '41'), ('nuclear', 5685, '24'), ('wind', 3325, '14')]
[2022-04-06 06:00:07,841] {bash.py:173} INFO - Denmark
[2022-04-06 06:00:07,841] {bash.py:173} INFO - 3862
[2022-04-06 06:00:07,841] {bash.py:173} INFO - Sweden
[2022-04-06 06:00:07,841] {bash.py:173} INFO - 20118
[2022-04-06 06:00:07,841] {bash.py:173} INFO - Denmark: CO2 234, mix [('wind', 1481, '38'), ('coal', 729, '19'), ('biomass', 625, '16')]
[2022-04-06 06:00:07,841] {bash.py:173} INFO - Sweden: CO2 43, mix [('nuclear', 6285, '31'), ('hydro', 6271, '31'), ('wind', 5605, '28')]
[2022-04-06 06:00:07,841] {bash.py:173} INFO - France
[2022-04-06 06:00:07,841] {bash.py:173} INFO - 52050
[2022-04-06 06:00:07,841] {bash.py:173} INFO - Germany
[2022-04-06 06:00:07,842] {bash.py:173} INFO - 63045
[2022-04-06 06:00:07,842] {bash.py:173} INFO - France: CO2 87, mix [('nuclear', 32275, '62'), ('gas', 7249, '14'), ('hydro', 5885, '11')]
[2022-04-06 06:00:07,842] {bash.py:173} INFO - Germany: CO2 293, mix [('wind', 30179, '48'), ('coal', 17690, '28'), ('biomass', 4487, '7')]
[2022-04-06 06:00:07,875] {bash.py:177} INFO - Command exited with return code 0
[2022-04-06 06:00:07,891] {taskinstance.py:1159} INFO - Marking task as SUCCESS. dag_id=matchup, task_id=run_script, execution_date=20220406T000000, start_date=20220406T060003, end_date=20220406T060007
[2022-04-06 06:00:07,905] {taskinstance.py:1220} INFO - 0 downstream tasks scheduled from follow-on schedule check
[2022-04-06 06:00:07,948] {local_task_job.py:146} INFO - Task exited with return code 0
