[2022-03-23 00:00:03,929] {taskinstance.py:851} INFO - Dependencies all met for <TaskInstance: matchup.run_script 2022-03-22T18:00:00+00:00 [queued]>
[2022-03-23 00:00:03,934] {taskinstance.py:851} INFO - Dependencies all met for <TaskInstance: matchup.run_script 2022-03-22T18:00:00+00:00 [queued]>
[2022-03-23 00:00:03,934] {taskinstance.py:1042} INFO - 
--------------------------------------------------------------------------------
[2022-03-23 00:00:03,934] {taskinstance.py:1043} INFO - Starting attempt 1 of 6
[2022-03-23 00:00:03,934] {taskinstance.py:1044} INFO - 
--------------------------------------------------------------------------------
[2022-03-23 00:00:03,942] {taskinstance.py:1063} INFO - Executing <Task(BashOperator): run_script> on 2022-03-22T18:00:00+00:00
[2022-03-23 00:00:03,945] {standard_task_runner.py:52} INFO - Started process 461306 to run task
[2022-03-23 00:00:03,951] {standard_task_runner.py:76} INFO - Running: ['airflow', 'tasks', 'run', 'matchup', 'run_script', '2022-03-22T18:00:00+00:00', '--job-id', '430', '--pool', 'default_pool', '--raw', '--subdir', 'DAGS_FOLDER/matchup.py', '--cfg-path', '/tmp/tmpjvxyvvwm', '--error-file', '/tmp/tmpspc0zcb0']
[2022-03-23 00:00:03,951] {standard_task_runner.py:77} INFO - Job 430: Subtask run_script
[2022-03-23 00:00:03,982] {logging_mixin.py:104} INFO - Running <TaskInstance: matchup.run_script 2022-03-22T18:00:00+00:00 [running]> on host 531edfb863fc
[2022-03-23 00:00:04,012] {taskinstance.py:1255} INFO - Exporting the following env vars:
AIRFLOW_CTX_DAG_EMAIL=r.chesne@gmail.com
AIRFLOW_CTX_DAG_OWNER=Robin
AIRFLOW_CTX_DAG_ID=matchup
AIRFLOW_CTX_TASK_ID=run_script
AIRFLOW_CTX_EXECUTION_DATE=2022-03-22T18:00:00+00:00
AIRFLOW_CTX_DAG_RUN_ID=scheduled__2022-03-22T18:00:00+00:00
[2022-03-23 00:00:04,012] {bash.py:135} INFO - Tmp dir root location: 
 /tmp
[2022-03-23 00:00:04,013] {bash.py:158} INFO - Running command: python /app/scripts/main.py
[2022-03-23 00:00:04,023] {bash.py:169} INFO - Output:
[2022-03-23 00:00:07,913] {bash.py:173} INFO - Portugal
[2022-03-23 00:00:07,914] {bash.py:173} INFO - 7550
[2022-03-23 00:00:07,914] {bash.py:173} INFO - Italy
[2022-03-23 00:00:07,914] {bash.py:173} INFO - 33394
[2022-03-23 00:00:07,914] {bash.py:173} INFO - Portugal: CO2 217, mix [('gas', 2818, '37'), ('hydro', 2110, '28'), ('wind', 1697, '22')]
[2022-03-23 00:00:07,914] {bash.py:173} INFO - Italy: CO2 427, mix [('gas', 19056, '57'), ('wind', 3842, '12'), ('coal', 3568, '11')]
[2022-03-23 00:00:07,914] {bash.py:173} INFO - Sweden
[2022-03-23 00:00:07,914] {bash.py:173} INFO - 16168
[2022-03-23 00:00:07,914] {bash.py:173} INFO - Finland
[2022-03-23 00:00:07,914] {bash.py:173} INFO - 8993
[2022-03-23 00:00:07,914] {bash.py:173} INFO - Sweden: CO2 38, mix [('nuclear', 5434, '34'), ('hydro', 5232, '32'), ('wind', 4128, '26')]
[2022-03-23 00:00:07,914] {bash.py:173} INFO - Finland: CO2 151, mix [('nuclear', 3394, '38'), ('wind', 1795, '20'), ('hydro', 1501, '17')]
[2022-03-23 00:00:07,914] {bash.py:173} INFO - Germany
[2022-03-23 00:00:07,914] {bash.py:173} INFO - 52025
[2022-03-23 00:00:07,914] {bash.py:173} INFO - France
[2022-03-23 00:00:07,914] {bash.py:173} INFO - 53914
[2022-03-23 00:00:07,914] {bash.py:173} INFO - Germany: CO2 510, mix [('coal', 23660, '45'), ('gas', 10337, '20'), ('biomass', 5129, '10')]
[2022-03-23 00:00:07,914] {bash.py:173} INFO - France: CO2 109, mix [('nuclear', 32614, '60'), ('gas', 8308, '15'), ('hydro', 4760, '9')]
[2022-03-23 00:00:07,950] {bash.py:177} INFO - Command exited with return code 0
[2022-03-23 00:00:07,967] {taskinstance.py:1159} INFO - Marking task as SUCCESS. dag_id=matchup, task_id=run_script, execution_date=20220322T180000, start_date=20220323T000003, end_date=20220323T000007
[2022-03-23 00:00:07,983] {taskinstance.py:1220} INFO - 0 downstream tasks scheduled from follow-on schedule check
[2022-03-23 00:00:08,019] {local_task_job.py:146} INFO - Task exited with return code 0
