[2022-03-15 12:02:12,538] {taskinstance.py:851} INFO - Dependencies all met for <TaskInstance: matchup.run_script 2022-03-15T06:00:00+00:00 [queued]>
[2022-03-15 12:02:12,543] {taskinstance.py:851} INFO - Dependencies all met for <TaskInstance: matchup.run_script 2022-03-15T06:00:00+00:00 [queued]>
[2022-03-15 12:02:12,543] {taskinstance.py:1042} INFO - 
--------------------------------------------------------------------------------
[2022-03-15 12:02:12,543] {taskinstance.py:1043} INFO - Starting attempt 3 of 6
[2022-03-15 12:02:12,543] {taskinstance.py:1044} INFO - 
--------------------------------------------------------------------------------
[2022-03-15 12:02:12,552] {taskinstance.py:1063} INFO - Executing <Task(BashOperator): run_script> on 2022-03-15T06:00:00+00:00
[2022-03-15 12:02:12,557] {standard_task_runner.py:52} INFO - Started process 354616 to run task
[2022-03-15 12:02:12,566] {standard_task_runner.py:76} INFO - Running: ['airflow', 'tasks', 'run', 'matchup', 'run_script', '2022-03-15T06:00:00+00:00', '--job-id', '320', '--pool', 'default_pool', '--raw', '--subdir', 'DAGS_FOLDER/matchup.py', '--cfg-path', '/tmp/tmpp7v0o95c', '--error-file', '/tmp/tmpa21sem3c']
[2022-03-15 12:02:12,567] {standard_task_runner.py:77} INFO - Job 320: Subtask run_script
[2022-03-15 12:02:12,600] {logging_mixin.py:104} INFO - Running <TaskInstance: matchup.run_script 2022-03-15T06:00:00+00:00 [running]> on host 531edfb863fc
[2022-03-15 12:02:12,618] {taskinstance.py:1255} INFO - Exporting the following env vars:
AIRFLOW_CTX_DAG_EMAIL=r.chesne@gmail.com
AIRFLOW_CTX_DAG_OWNER=Robin
AIRFLOW_CTX_DAG_ID=matchup
AIRFLOW_CTX_TASK_ID=run_script
AIRFLOW_CTX_EXECUTION_DATE=2022-03-15T06:00:00+00:00
AIRFLOW_CTX_DAG_RUN_ID=scheduled__2022-03-15T06:00:00+00:00
[2022-03-15 12:02:12,619] {bash.py:135} INFO - Tmp dir root location: 
 /tmp
[2022-03-15 12:02:12,619] {bash.py:158} INFO - Running command: python /app/scripts/main.py
[2022-03-15 12:02:12,628] {bash.py:169} INFO - Output:
[2022-03-15 12:02:16,448] {bash.py:173} INFO - Portugal
[2022-03-15 12:02:16,448] {bash.py:173} INFO - 7090
[2022-03-15 12:02:16,448] {bash.py:173} INFO - Spain
[2022-03-15 12:02:16,448] {bash.py:173} INFO - 31909
[2022-03-15 12:02:16,448] {bash.py:173} INFO - Portugal: CO2 163, mix [('wind', 2414, '34'), ('gas', 1675, '24'), ('hydro', 1275, '18')]
[2022-03-15 12:02:16,448] {bash.py:173} INFO - Spain: CO2 150, mix [('wind', 11861, '37'), ('gas', 6031, '19'), ('nuclear', 5483, '17')]
[2022-03-15 12:02:16,449] {bash.py:173} INFO - Sweden
[2022-03-15 12:02:16,449] {bash.py:173} INFO - 17281
[2022-03-15 12:02:16,449] {bash.py:173} INFO - Norway
[2022-03-15 12:02:16,449] {bash.py:173} INFO - 18334
[2022-03-15 12:02:16,449] {bash.py:173} INFO - Sweden: CO2 47, mix [('hydro', 9060, '52'), ('nuclear', 5746, '33'), ('unknown', 1865, '11')]
[2022-03-15 12:02:16,449] {bash.py:173} INFO - Norway: CO2 27, mix [('hydro', 17077, '93'), ('wind', 732, '4'), ('hydro discharge', 388, '2')]
[2022-03-15 12:02:16,449] {bash.py:173} INFO - Germany
[2022-03-15 12:02:16,449] {bash.py:173} INFO - 65661
[2022-03-15 12:02:16,449] {bash.py:173} INFO - UK
[2022-03-15 12:02:16,450] {bash.py:173} INFO - 37215
[2022-03-15 12:02:16,450] {bash.py:173} INFO - Germany: CO2 446, mix [('coal', 25263, '38'), ('gas', 11465, '17'), ('solar', 10496, '16')]
[2022-03-15 12:02:16,450] {bash.py:173} INFO - UK: CO2 273, mix [('gas', 15814, '42'), ('wind', 6138, '16'), ('nuclear', 5557, '15')]
[2022-03-15 12:02:16,496] {bash.py:177} INFO - Command exited with return code 0
[2022-03-15 12:02:16,514] {taskinstance.py:1159} INFO - Marking task as SUCCESS. dag_id=matchup, task_id=run_script, execution_date=20220315T060000, start_date=20220315T120212, end_date=20220315T120216
[2022-03-15 12:02:16,529] {taskinstance.py:1220} INFO - 0 downstream tasks scheduled from follow-on schedule check
[2022-03-15 12:02:16,552] {local_task_job.py:146} INFO - Task exited with return code 0
