[2022-04-27 12:00:03,960] {taskinstance.py:851} INFO - Dependencies all met for <TaskInstance: matchup.run_script 2022-04-27T06:00:00+00:00 [queued]>
[2022-04-27 12:00:03,965] {taskinstance.py:851} INFO - Dependencies all met for <TaskInstance: matchup.run_script 2022-04-27T06:00:00+00:00 [queued]>
[2022-04-27 12:00:03,966] {taskinstance.py:1042} INFO - 
--------------------------------------------------------------------------------
[2022-04-27 12:00:03,966] {taskinstance.py:1043} INFO - Starting attempt 1 of 6
[2022-04-27 12:00:03,966] {taskinstance.py:1044} INFO - 
--------------------------------------------------------------------------------
[2022-04-27 12:00:03,974] {taskinstance.py:1063} INFO - Executing <Task(BashOperator): run_script> on 2022-04-27T06:00:00+00:00
[2022-04-27 12:00:03,978] {standard_task_runner.py:52} INFO - Started process 342432 to run task
[2022-04-27 12:00:03,982] {standard_task_runner.py:76} INFO - Running: ['airflow', 'tasks', 'run', 'matchup', 'run_script', '2022-04-27T06:00:00+00:00', '--job-id', '307', '--pool', 'default_pool', '--raw', '--subdir', 'DAGS_FOLDER/matchup.py', '--cfg-path', '/tmp/tmp6qttoon0', '--error-file', '/tmp/tmpflpd_6s2']
[2022-04-27 12:00:03,982] {standard_task_runner.py:77} INFO - Job 307: Subtask run_script
[2022-04-27 12:00:04,018] {logging_mixin.py:104} INFO - Running <TaskInstance: matchup.run_script 2022-04-27T06:00:00+00:00 [running]> on host 193e33218975
[2022-04-27 12:00:04,056] {taskinstance.py:1255} INFO - Exporting the following env vars:
AIRFLOW_CTX_DAG_EMAIL=r.chesne@gmail.com
AIRFLOW_CTX_DAG_OWNER=Robin
AIRFLOW_CTX_DAG_ID=matchup
AIRFLOW_CTX_TASK_ID=run_script
AIRFLOW_CTX_EXECUTION_DATE=2022-04-27T06:00:00+00:00
AIRFLOW_CTX_DAG_RUN_ID=scheduled__2022-04-27T06:00:00+00:00
[2022-04-27 12:00:04,056] {bash.py:135} INFO - Tmp dir root location: 
 /tmp
[2022-04-27 12:00:04,057] {bash.py:158} INFO - Running command: python /app/scripts/main.py
[2022-04-27 12:00:04,066] {bash.py:169} INFO - Output:
[2022-04-27 12:00:07,958] {bash.py:173} INFO - Spain
[2022-04-27 12:00:07,959] {bash.py:173} INFO - 34614
[2022-04-27 12:00:07,959] {bash.py:173} INFO - Italy
[2022-04-27 12:00:07,959] {bash.py:173} INFO - 35491
[2022-04-27 12:00:07,959] {bash.py:173} INFO - Spain: CO2 136, mix [('wind', 9294, '27'), ('solar', 9102, '26'), ('nuclear', 5909, '17')]
[2022-04-27 12:00:07,959] {bash.py:173} INFO - Italy: CO2 341, mix [('gas', 17259, '49'), ('solar', 8199, '23'), ('wind', 3116, '9')]
[2022-04-27 12:00:07,959] {bash.py:173} INFO - Sweden
[2022-04-27 12:00:07,959] {bash.py:173} INFO - 18910
[2022-04-27 12:00:07,959] {bash.py:173} INFO - Finland
[2022-04-27 12:00:07,959] {bash.py:173} INFO - 9555
[2022-04-27 12:00:07,959] {bash.py:173} INFO - Sweden: CO2 41, mix [('hydro', 7824, '41'), ('nuclear', 6109, '32'), ('wind', 3282, '17')]
[2022-04-27 12:00:07,959] {bash.py:173} INFO - Finland: CO2 175, mix [('nuclear', 3681, '39'), ('hydro', 2026, '21'), ('coal', 1128, '12')]
[2022-04-27 12:00:07,959] {bash.py:173} INFO - France
[2022-04-27 12:00:07,959] {bash.py:173} INFO - 57292
[2022-04-27 12:00:07,959] {bash.py:173} INFO - UK
[2022-04-27 12:00:07,959] {bash.py:173} INFO - 35573
[2022-04-27 12:00:07,959] {bash.py:173} INFO - France: CO2 70, mix [('nuclear', 31175, '54'), ('wind', 9206, '16'), ('gas', 5371, '9')]
[2022-04-27 12:00:07,959] {bash.py:173} INFO - UK: CO2 191, mix [('wind', 11651, '33'), ('gas', 10489, '29'), ('nuclear', 5520, '16')]
[2022-04-27 12:00:08,015] {bash.py:177} INFO - Command exited with return code 0
[2022-04-27 12:00:08,035] {taskinstance.py:1159} INFO - Marking task as SUCCESS. dag_id=matchup, task_id=run_script, execution_date=20220427T060000, start_date=20220427T120003, end_date=20220427T120008
[2022-04-27 12:00:08,052] {taskinstance.py:1220} INFO - 0 downstream tasks scheduled from follow-on schedule check
[2022-04-27 12:00:08,094] {local_task_job.py:146} INFO - Task exited with return code 0
