[2022-03-17 18:00:03,639] {taskinstance.py:851} INFO - Dependencies all met for <TaskInstance: matchup.run_script 2022-03-17T12:00:00+00:00 [queued]>
[2022-03-17 18:00:03,644] {taskinstance.py:851} INFO - Dependencies all met for <TaskInstance: matchup.run_script 2022-03-17T12:00:00+00:00 [queued]>
[2022-03-17 18:00:03,644] {taskinstance.py:1042} INFO - 
--------------------------------------------------------------------------------
[2022-03-17 18:00:03,644] {taskinstance.py:1043} INFO - Starting attempt 1 of 6
[2022-03-17 18:00:03,644] {taskinstance.py:1044} INFO - 
--------------------------------------------------------------------------------
[2022-03-17 18:00:03,652] {taskinstance.py:1063} INFO - Executing <Task(BashOperator): run_script> on 2022-03-17T12:00:00+00:00
[2022-03-17 18:00:03,657] {standard_task_runner.py:52} INFO - Started process 386650 to run task
[2022-03-17 18:00:03,666] {standard_task_runner.py:76} INFO - Running: ['airflow', 'tasks', 'run', 'matchup', 'run_script', '2022-03-17T12:00:00+00:00', '--job-id', '362', '--pool', 'default_pool', '--raw', '--subdir', 'DAGS_FOLDER/matchup.py', '--cfg-path', '/tmp/tmpvfohllsz', '--error-file', '/tmp/tmplj6gtwjf']
[2022-03-17 18:00:03,667] {standard_task_runner.py:77} INFO - Job 362: Subtask run_script
[2022-03-17 18:00:03,704] {logging_mixin.py:104} INFO - Running <TaskInstance: matchup.run_script 2022-03-17T12:00:00+00:00 [running]> on host 531edfb863fc
[2022-03-17 18:00:03,735] {taskinstance.py:1255} INFO - Exporting the following env vars:
AIRFLOW_CTX_DAG_EMAIL=r.chesne@gmail.com
AIRFLOW_CTX_DAG_OWNER=Robin
AIRFLOW_CTX_DAG_ID=matchup
AIRFLOW_CTX_TASK_ID=run_script
AIRFLOW_CTX_EXECUTION_DATE=2022-03-17T12:00:00+00:00
AIRFLOW_CTX_DAG_RUN_ID=scheduled__2022-03-17T12:00:00+00:00
[2022-03-17 18:00:03,736] {bash.py:135} INFO - Tmp dir root location: 
 /tmp
[2022-03-17 18:00:03,737] {bash.py:158} INFO - Running command: python /app/scripts/main.py
[2022-03-17 18:00:03,744] {bash.py:169} INFO - Output:
[2022-03-17 18:00:07,867] {bash.py:173} INFO - Portugal
[2022-03-17 18:00:07,868] {bash.py:173} INFO - 4644
[2022-03-17 18:00:07,868] {bash.py:173} INFO - Spain
[2022-03-17 18:00:07,868] {bash.py:173} INFO - 30004
[2022-03-17 18:00:07,868] {bash.py:173} INFO - Portugal: CO2 154, mix [('wind', 2474, '53'), ('gas', 1140, '25'), ('hydro', 454, '10')]
[2022-03-17 18:00:07,868] {bash.py:173} INFO - Spain: CO2 118, mix [('wind', 14308, '48'), ('nuclear', 5247, '17'), ('gas', 3679, '12')]
[2022-03-17 18:00:07,868] {bash.py:173} INFO - Norway
[2022-03-17 18:00:07,868] {bash.py:173} INFO - 18499
[2022-03-17 18:00:07,868] {bash.py:173} INFO - Sweden
[2022-03-17 18:00:07,868] {bash.py:173} INFO - 19440
[2022-03-17 18:00:07,868] {bash.py:173} INFO - Norway: CO2 29, mix [('hydro', 15079, '82'), ('wind', 2563, '14'), ('hydro discharge', 404, '2')]
[2022-03-17 18:00:07,868] {bash.py:173} INFO - Sweden: CO2 36, mix [('wind', 7162, '37'), ('nuclear', 5763, '30'), ('hydro', 4955, '25')]
[2022-03-17 18:00:07,869] {bash.py:173} INFO - France
[2022-03-17 18:00:07,869] {bash.py:173} INFO - 56846
[2022-03-17 18:00:07,869] {bash.py:173} INFO - UK
[2022-03-17 18:00:07,869] {bash.py:173} INFO - 32959
[2022-03-17 18:00:07,869] {bash.py:173} INFO - France: CO2 92, mix [('nuclear', 36233, '64'), ('gas', 7546, '13'), ('hydro', 5470, '10')]
[2022-03-17 18:00:07,869] {bash.py:173} INFO - UK: CO2 191, mix [('wind', 10643, '32'), ('gas', 8937, '27'), ('nuclear', 5590, '17')]
[2022-03-17 18:00:07,902] {bash.py:177} INFO - Command exited with return code 0
[2022-03-17 18:00:07,918] {taskinstance.py:1159} INFO - Marking task as SUCCESS. dag_id=matchup, task_id=run_script, execution_date=20220317T120000, start_date=20220317T180003, end_date=20220317T180007
[2022-03-17 18:00:07,931] {taskinstance.py:1220} INFO - 0 downstream tasks scheduled from follow-on schedule check
[2022-03-17 18:00:07,973] {local_task_job.py:146} INFO - Task exited with return code 0
