[2022-06-29 12:00:03,509] {taskinstance.py:851} INFO - Dependencies all met for <TaskInstance: matchup.run_script 2022-06-29T06:00:00+00:00 [queued]>
[2022-06-29 12:00:03,513] {taskinstance.py:851} INFO - Dependencies all met for <TaskInstance: matchup.run_script 2022-06-29T06:00:00+00:00 [queued]>
[2022-06-29 12:00:03,513] {taskinstance.py:1042} INFO - 
--------------------------------------------------------------------------------
[2022-06-29 12:00:03,513] {taskinstance.py:1043} INFO - Starting attempt 1 of 6
[2022-06-29 12:00:03,513] {taskinstance.py:1044} INFO - 
--------------------------------------------------------------------------------
[2022-06-29 12:00:03,521] {taskinstance.py:1063} INFO - Executing <Task(BashOperator): run_script> on 2022-06-29T06:00:00+00:00
[2022-06-29 12:00:03,524] {standard_task_runner.py:52} INFO - Started process 114780 to run task
[2022-06-29 12:00:03,527] {standard_task_runner.py:76} INFO - Running: ['airflow', 'tasks', 'run', 'matchup', 'run_script', '2022-06-29T06:00:00+00:00', '--job-id', '1475', '--pool', 'default_pool', '--raw', '--subdir', 'DAGS_FOLDER/matchup.py', '--cfg-path', '/tmp/tmpwa91y6ih', '--error-file', '/tmp/tmpdkcoenrh']
[2022-06-29 12:00:03,527] {standard_task_runner.py:77} INFO - Job 1475: Subtask run_script
[2022-06-29 12:00:03,553] {logging_mixin.py:104} INFO - Running <TaskInstance: matchup.run_script 2022-06-29T06:00:00+00:00 [running]> on host b5b34dd97903
[2022-06-29 12:00:03,581] {taskinstance.py:1255} INFO - Exporting the following env vars:
AIRFLOW_CTX_DAG_EMAIL=r.chesne@gmail.com
AIRFLOW_CTX_DAG_OWNER=Robin
AIRFLOW_CTX_DAG_ID=matchup
AIRFLOW_CTX_TASK_ID=run_script
AIRFLOW_CTX_EXECUTION_DATE=2022-06-29T06:00:00+00:00
AIRFLOW_CTX_DAG_RUN_ID=scheduled__2022-06-29T06:00:00+00:00
[2022-06-29 12:00:03,581] {bash.py:135} INFO - Tmp dir root location: 
 /tmp
[2022-06-29 12:00:03,581] {bash.py:158} INFO - Running command: python /app/scripts/main.py
[2022-06-29 12:00:03,587] {bash.py:169} INFO - Output:
[2022-06-29 12:00:07,660] {bash.py:173} INFO - Portugal
[2022-06-29 12:00:07,660] {bash.py:173} INFO - 6759
[2022-06-29 12:00:07,660] {bash.py:173} INFO - Spain
[2022-06-29 12:00:07,660] {bash.py:173} INFO - 34667
[2022-06-29 12:00:07,660] {bash.py:173} INFO - Portugal: CO2 248, mix [('gas', 2919, '43'), ('solar', 1571, '23'), ('wind', 1312, '19')]
[2022-06-29 12:00:07,660] {bash.py:173} INFO - Spain: CO2 186, mix [('solar', 13024, '38'), ('gas', 8922, '26'), ('nuclear', 6838, '20')]
[2022-06-29 12:00:07,660] {bash.py:173} INFO - Norway
[2022-06-29 12:00:07,660] {bash.py:173} INFO - 11641
[2022-06-29 12:00:07,660] {bash.py:173} INFO - Sweden
[2022-06-29 12:00:07,660] {bash.py:173} INFO - 13673
[2022-06-29 12:00:07,660] {bash.py:173} INFO - Norway: CO2 31, mix [('hydro', 10824, '93'), ('wind', 602, '5'), ('gas', 118, '1')]
[2022-06-29 12:00:07,660] {bash.py:173} INFO - Sweden: CO2 30, mix [('hydro', 7029, '51'), ('nuclear', 4054, '30'), ('wind', 1585, '12')]
[2022-06-29 12:00:07,660] {bash.py:173} INFO - Germany
[2022-06-29 12:00:07,661] {bash.py:173} INFO - 69560
[2022-06-29 12:00:07,661] {bash.py:173} INFO - UK
[2022-06-29 12:00:07,661] {bash.py:173} INFO - 31177
[2022-06-29 12:00:07,661] {bash.py:173} INFO - Germany: CO2 341, mix [('solar', 20481, '29'), ('coal', 19897, '29'), ('gas', 10152, '15')]
[2022-06-29 12:00:07,661] {bash.py:173} INFO - UK: CO2 251, mix [('gas', 13737, '44'), ('nuclear', 5375, '17'), ('solar', 5124, '16')]
[2022-06-29 12:00:07,685] {bash.py:177} INFO - Command exited with return code 0
[2022-06-29 12:00:07,698] {taskinstance.py:1159} INFO - Marking task as SUCCESS. dag_id=matchup, task_id=run_script, execution_date=20220629T060000, start_date=20220629T120003, end_date=20220629T120007
[2022-06-29 12:00:07,707] {taskinstance.py:1220} INFO - 0 downstream tasks scheduled from follow-on schedule check
[2022-06-29 12:00:07,722] {local_task_job.py:146} INFO - Task exited with return code 0
