[2022-04-21 12:01:06,776] {taskinstance.py:851} INFO - Dependencies all met for <TaskInstance: matchup.run_script 2022-04-21T06:00:00+00:00 [queued]>
[2022-04-21 12:01:06,780] {taskinstance.py:851} INFO - Dependencies all met for <TaskInstance: matchup.run_script 2022-04-21T06:00:00+00:00 [queued]>
[2022-04-21 12:01:06,780] {taskinstance.py:1042} INFO - 
--------------------------------------------------------------------------------
[2022-04-21 12:01:06,781] {taskinstance.py:1043} INFO - Starting attempt 2 of 6
[2022-04-21 12:01:06,781] {taskinstance.py:1044} INFO - 
--------------------------------------------------------------------------------
[2022-04-21 12:01:06,799] {taskinstance.py:1063} INFO - Executing <Task(BashOperator): run_script> on 2022-04-21T06:00:00+00:00
[2022-04-21 12:01:06,803] {standard_task_runner.py:52} INFO - Started process 256903 to run task
[2022-04-21 12:01:06,808] {standard_task_runner.py:76} INFO - Running: ['airflow', 'tasks', 'run', 'matchup', 'run_script', '2022-04-21T06:00:00+00:00', '--job-id', '233', '--pool', 'default_pool', '--raw', '--subdir', 'DAGS_FOLDER/matchup.py', '--cfg-path', '/tmp/tmpxdz3_r3z', '--error-file', '/tmp/tmp4z5kjq7p']
[2022-04-21 12:01:06,808] {standard_task_runner.py:77} INFO - Job 233: Subtask run_script
[2022-04-21 12:01:06,836] {logging_mixin.py:104} INFO - Running <TaskInstance: matchup.run_script 2022-04-21T06:00:00+00:00 [running]> on host 193e33218975
[2022-04-21 12:01:06,850] {taskinstance.py:1255} INFO - Exporting the following env vars:
AIRFLOW_CTX_DAG_EMAIL=r.chesne@gmail.com
AIRFLOW_CTX_DAG_OWNER=Robin
AIRFLOW_CTX_DAG_ID=matchup
AIRFLOW_CTX_TASK_ID=run_script
AIRFLOW_CTX_EXECUTION_DATE=2022-04-21T06:00:00+00:00
AIRFLOW_CTX_DAG_RUN_ID=scheduled__2022-04-21T06:00:00+00:00
[2022-04-21 12:01:06,851] {bash.py:135} INFO - Tmp dir root location: 
 /tmp
[2022-04-21 12:01:06,851] {bash.py:158} INFO - Running command: python /app/scripts/main.py
[2022-04-21 12:01:06,856] {bash.py:169} INFO - Output:
[2022-04-21 12:01:12,732] {bash.py:173} INFO - Spain
[2022-04-21 12:01:12,732] {bash.py:173} INFO - 34614
[2022-04-21 12:01:12,733] {bash.py:173} INFO - Italy
[2022-04-21 12:01:12,733] {bash.py:173} INFO - 35491
[2022-04-21 12:01:12,733] {bash.py:173} INFO - Spain: CO2 136, mix [('wind', 9294, '27'), ('solar', 9102, '26'), ('nuclear', 5909, '17')]
[2022-04-21 12:01:12,733] {bash.py:173} INFO - Italy: CO2 341, mix [('gas', 17259, '49'), ('solar', 8199, '23'), ('wind', 3116, '9')]
[2022-04-21 12:01:12,733] {bash.py:173} INFO - Norway
[2022-04-21 12:01:12,733] {bash.py:173} INFO - 15334
[2022-04-21 12:01:12,733] {bash.py:173} INFO - Denmark
[2022-04-21 12:01:12,733] {bash.py:173} INFO - 5413
[2022-04-21 12:01:12,733] {bash.py:173} INFO - Norway: CO2 37, mix [('hydro', 13313, '87'), ('wind', 1324, '9'), ('gas', 264, '2')]
[2022-04-21 12:01:12,733] {bash.py:173} INFO - Denmark: CO2 136, mix [('wind', 3183, '59'), ('solar', 695, '13'), ('biomass', 573, '11')]
[2022-04-21 12:01:12,733] {bash.py:173} INFO - Germany
[2022-04-21 12:01:12,733] {bash.py:173} INFO - 75934
[2022-04-21 12:01:12,733] {bash.py:173} INFO - France
[2022-04-21 12:01:12,733] {bash.py:173} INFO - 58387
[2022-04-21 12:01:12,733] {bash.py:173} INFO - Germany: CO2 223, mix [('wind', 33126, '44'), ('coal', 14614, '19'), ('solar', 12398, '16')]
[2022-04-21 12:01:12,733] {bash.py:173} INFO - France: CO2 72, mix [('nuclear', 31374, '54'), ('wind', 9554, '16'), ('gas', 5682, '10')]
[2022-04-21 12:01:12,769] {bash.py:177} INFO - Command exited with return code 0
[2022-04-21 12:01:12,783] {taskinstance.py:1159} INFO - Marking task as SUCCESS. dag_id=matchup, task_id=run_script, execution_date=20220421T060000, start_date=20220421T120106, end_date=20220421T120112
[2022-04-21 12:01:12,799] {taskinstance.py:1220} INFO - 0 downstream tasks scheduled from follow-on schedule check
[2022-04-21 12:01:12,824] {local_task_job.py:146} INFO - Task exited with return code 0
