[2022-07-10 18:00:04,934] {taskinstance.py:851} INFO - Dependencies all met for <TaskInstance: matchup.run_script 2022-07-10T12:00:00+00:00 [queued]>
[2022-07-10 18:00:04,942] {taskinstance.py:851} INFO - Dependencies all met for <TaskInstance: matchup.run_script 2022-07-10T12:00:00+00:00 [queued]>
[2022-07-10 18:00:04,942] {taskinstance.py:1042} INFO - 
--------------------------------------------------------------------------------
[2022-07-10 18:00:04,942] {taskinstance.py:1043} INFO - Starting attempt 1 of 6
[2022-07-10 18:00:04,943] {taskinstance.py:1044} INFO - 
--------------------------------------------------------------------------------
[2022-07-10 18:00:04,952] {taskinstance.py:1063} INFO - Executing <Task(BashOperator): run_script> on 2022-07-10T12:00:00+00:00
[2022-07-10 18:00:04,955] {standard_task_runner.py:52} INFO - Started process 21362 to run task
[2022-07-10 18:00:04,961] {standard_task_runner.py:76} INFO - Running: ['airflow', 'tasks', 'run', 'matchup', 'run_script', '2022-07-10T12:00:00+00:00', '--job-id', '1558', '--pool', 'default_pool', '--raw', '--subdir', 'DAGS_FOLDER/matchup.py', '--cfg-path', '/tmp/tmp9skjst0s', '--error-file', '/tmp/tmputbh6_ll']
[2022-07-10 18:00:04,961] {standard_task_runner.py:77} INFO - Job 1558: Subtask run_script
[2022-07-10 18:00:04,997] {logging_mixin.py:104} INFO - Running <TaskInstance: matchup.run_script 2022-07-10T12:00:00+00:00 [running]> on host a41a09215c15
[2022-07-10 18:00:05,029] {taskinstance.py:1255} INFO - Exporting the following env vars:
AIRFLOW_CTX_DAG_EMAIL=r.chesne@gmail.com
AIRFLOW_CTX_DAG_OWNER=Robin
AIRFLOW_CTX_DAG_ID=matchup
AIRFLOW_CTX_TASK_ID=run_script
AIRFLOW_CTX_EXECUTION_DATE=2022-07-10T12:00:00+00:00
AIRFLOW_CTX_DAG_RUN_ID=scheduled__2022-07-10T12:00:00+00:00
[2022-07-10 18:00:05,030] {bash.py:135} INFO - Tmp dir root location: 
 /tmp
[2022-07-10 18:00:05,030] {bash.py:158} INFO - Running command: python /app/scripts/main.py
[2022-07-10 18:00:05,038] {bash.py:169} INFO - Output:
[2022-07-10 18:00:10,611] {bash.py:173} INFO - Spain
[2022-07-10 18:00:10,611] {bash.py:173} INFO - 32189
[2022-07-10 18:00:10,611] {bash.py:173} INFO - Italy
[2022-07-10 18:00:10,611] {bash.py:173} INFO - 33783
[2022-07-10 18:00:10,611] {bash.py:173} INFO - Spain: CO2 197, mix [('gas', 9636, '30'), ('solar', 9434, '29'), ('nuclear', 6654, '21')]
[2022-07-10 18:00:10,611] {bash.py:173} INFO - Italy: CO2 295, mix [('gas', 11094, '33'), ('hydro', 7107, '21'), ('solar', 3654, '11')]
[2022-07-10 18:00:10,611] {bash.py:173} INFO - Netherlands
[2022-07-10 18:00:10,611] {bash.py:173} INFO - 9801
[2022-07-10 18:00:10,611] {bash.py:173} INFO - Hungary
[2022-07-10 18:00:10,612] {bash.py:173} INFO - 3677
[2022-07-10 18:00:10,612] {bash.py:173} INFO - Netherlands: CO2 182, mix [('solar', 3509, '36'), ('wind', 3016, '31'), ('gas', 2056, '21')]
[2022-07-10 18:00:10,612] {bash.py:173} INFO - Hungary: CO2 161, mix [('nuclear', 1768, '48'), ('gas', 550, '15'), ('hydro', 317, '9')]
[2022-07-10 18:00:10,612] {bash.py:173} INFO - Norway
[2022-07-10 18:00:10,612] {bash.py:173} INFO - 11684
[2022-07-10 18:00:10,612] {bash.py:173} INFO - Denmark
[2022-07-10 18:00:10,612] {bash.py:173} INFO - 4722
[2022-07-10 18:00:10,612] {bash.py:173} INFO - Norway: CO2 33, mix [('hydro', 10333, '88'), ('wind', 1107, '9'), ('gas', 153, '1')]
[2022-07-10 18:00:10,612] {bash.py:173} INFO - Denmark: CO2 139, mix [('wind', 2275, '48'), ('hydro', 625, '13'), ('coal', 570, '12')]
[2022-07-10 18:00:10,654] {bash.py:177} INFO - Command exited with return code 0
[2022-07-10 18:00:10,672] {taskinstance.py:1159} INFO - Marking task as SUCCESS. dag_id=matchup, task_id=run_script, execution_date=20220710T120000, start_date=20220710T180004, end_date=20220710T180010
[2022-07-10 18:00:10,688] {taskinstance.py:1220} INFO - 0 downstream tasks scheduled from follow-on schedule check
[2022-07-10 18:00:10,701] {local_task_job.py:146} INFO - Task exited with return code 0
