[2022-03-11 06:00:04,626] {taskinstance.py:851} INFO - Dependencies all met for <TaskInstance: matchup.run_script 2022-03-11T00:00:00+00:00 [queued]>
[2022-03-11 06:00:04,633] {taskinstance.py:851} INFO - Dependencies all met for <TaskInstance: matchup.run_script 2022-03-11T00:00:00+00:00 [queued]>
[2022-03-11 06:00:04,633] {taskinstance.py:1042} INFO - 
--------------------------------------------------------------------------------
[2022-03-11 06:00:04,633] {taskinstance.py:1043} INFO - Starting attempt 1 of 6
[2022-03-11 06:00:04,633] {taskinstance.py:1044} INFO - 
--------------------------------------------------------------------------------
[2022-03-11 06:00:04,642] {taskinstance.py:1063} INFO - Executing <Task(BashOperator): run_script> on 2022-03-11T00:00:00+00:00
[2022-03-11 06:00:04,645] {standard_task_runner.py:52} INFO - Started process 294137 to run task
[2022-03-11 06:00:04,651] {standard_task_runner.py:76} INFO - Running: ['airflow', 'tasks', 'run', 'matchup', 'run_script', '2022-03-11T00:00:00+00:00', '--job-id', '255', '--pool', 'default_pool', '--raw', '--subdir', 'DAGS_FOLDER/matchup.py', '--cfg-path', '/tmp/tmptfi8exfm', '--error-file', '/tmp/tmp_o18jn38']
[2022-03-11 06:00:04,651] {standard_task_runner.py:77} INFO - Job 255: Subtask run_script
[2022-03-11 06:00:04,682] {logging_mixin.py:104} INFO - Running <TaskInstance: matchup.run_script 2022-03-11T00:00:00+00:00 [running]> on host 531edfb863fc
[2022-03-11 06:00:04,712] {taskinstance.py:1255} INFO - Exporting the following env vars:
AIRFLOW_CTX_DAG_EMAIL=r.chesne@gmail.com
AIRFLOW_CTX_DAG_OWNER=Robin
AIRFLOW_CTX_DAG_ID=matchup
AIRFLOW_CTX_TASK_ID=run_script
AIRFLOW_CTX_EXECUTION_DATE=2022-03-11T00:00:00+00:00
AIRFLOW_CTX_DAG_RUN_ID=scheduled__2022-03-11T00:00:00+00:00
[2022-03-11 06:00:04,713] {bash.py:135} INFO - Tmp dir root location: 
 /tmp
[2022-03-11 06:00:04,713] {bash.py:158} INFO - Running command: python /app/scripts/main.py
[2022-03-11 06:00:04,722] {bash.py:169} INFO - Output:
[2022-03-11 06:00:09,409] {bash.py:173} INFO - Spain
[2022-03-11 06:00:09,409] {bash.py:173} INFO - 22266
[2022-03-11 06:00:09,410] {bash.py:173} INFO - Italy
[2022-03-11 06:00:09,410] {bash.py:173} INFO - 25479
[2022-03-11 06:00:09,410] {bash.py:173} INFO - Spain: CO2 131, mix [('wind', 10317, '46'), ('nuclear', 5559, '25'), ('gas', 3941, '18')]
[2022-03-11 06:00:09,410] {bash.py:173} INFO - Italy: CO2 430, mix [('gas', 13487, '53'), ('coal', 2964, '12'), ('unknown', 2209, '9')]
[2022-03-11 06:00:09,410] {bash.py:173} INFO - Sweden
[2022-03-11 06:00:09,410] {bash.py:173} INFO - 18356
[2022-03-11 06:00:09,410] {bash.py:173} INFO - Denmark
[2022-03-11 06:00:09,410] {bash.py:173} INFO - 4451
[2022-03-11 06:00:09,410] {bash.py:173} INFO - Sweden: CO2 41, mix [('hydro', 7354, '40'), ('nuclear', 5711, '31'), ('wind', 3598, '20')]
[2022-03-11 06:00:09,410] {bash.py:173} INFO - Denmark: CO2 169, mix [('wind', 2369, '53'), ('biomass', 617, '14'), ('coal', 558, '13')]
[2022-03-11 06:00:09,410] {bash.py:173} INFO - UK
[2022-03-11 06:00:09,410] {bash.py:173} INFO - 23487
[2022-03-11 06:00:09,411] {bash.py:173} INFO - France
[2022-03-11 06:00:09,411] {bash.py:173} INFO - 52130
[2022-03-11 06:00:09,411] {bash.py:173} INFO - UK: CO2 89, mix [('wind', 12196, '52'), ('nuclear', 6459, '28'), ('gas', 2481, '11')]
[2022-03-11 06:00:09,411] {bash.py:173} INFO - France: CO2 53, mix [('nuclear', 35966, '69'), ('wind', 8939, '17'), ('hydro', 2780, '5')]
[2022-03-11 06:00:09,466] {bash.py:177} INFO - Command exited with return code 0
[2022-03-11 06:00:09,484] {taskinstance.py:1159} INFO - Marking task as SUCCESS. dag_id=matchup, task_id=run_script, execution_date=20220311T000000, start_date=20220311T060004, end_date=20220311T060009
[2022-03-11 06:00:09,513] {taskinstance.py:1220} INFO - 0 downstream tasks scheduled from follow-on schedule check
[2022-03-11 06:00:09,529] {local_task_job.py:146} INFO - Task exited with return code 0
